Log file open, 07/07/23 21:05:33
LogWindows: Failed to load 'aqProf.dll' (GetLastError=126)
LogWindows: File 'aqProf.dll' does not exist
LogWindows: Failed to load 'VtuneApi.dll' (GetLastError=126)
LogWindows: File 'VtuneApi.dll' does not exist
LogWindows: Failed to load 'VtuneApi32e.dll' (GetLastError=126)
LogWindows: File 'VtuneApi32e.dll' does not exist
LogConsoleResponse: Display: Failed to find resolution value strings in scalability ini. Falling back to default.
LogConsoleResponse: Display: Failed to find resolution value strings in scalability ini. Falling back to default.
LogInit: Display: Running engine for game: ActionRoguelike
LogPlatformFile: Not using cached read wrapper
LogTaskGraph: Started task graph with 5 named threads and 59 total threads with 3 sets of task threads.
LogStats: Stats thread started at 0.150030
LogICUInternationalization: ICU TimeZone Detection - Raw Offset: +8:00, Platform Override: ''
LogInit: Display: Loading text-based GConfig....
LogPluginManager: Mounting plugin MeshPainting
LogPluginManager: Mounting plugin XGEController
LogPluginManager: Mounting plugin Paper2D
LogPluginManager: Mounting plugin AISupport
LogPluginManager: Mounting plugin EnvironmentQueryEditor
LogPluginManager: Mounting plugin LightPropagationVolume
LogPluginManager: Mounting plugin LiveLink
LogPluginManager: Mounting plugin OodleData
LogPluginManager: Mounting plugin OodleNetwork
LogPluginManager: Mounting plugin CameraShakePreviewer
LogPluginManager: Mounting plugin AssetManagerEditor
LogPluginManager: Mounting plugin GameplayCameras
LogPluginManager: Mounting plugin CryptoKeys
LogPluginManager: Mounting plugin CurveEditorTools
LogPluginManager: Mounting plugin DataValidation
LogPluginManager: Mounting plugin FacialAnimation
LogPluginManager: Mounting plugin GameplayTagsEditor
LogPluginManager: Mounting plugin GeometryMode
LogPluginManager: Mounting plugin MacGraphicsSwitching
LogPluginManager: Mounting plugin MobileLauncherProfileWizard
LogPluginManager: Mounting plugin PluginBrowser
LogPluginManager: Mounting plugin SpeedTreeImporter
LogPluginManager: Mounting plugin MaterialAnalyzer
LogPluginManager: Mounting plugin DatasmithContent
LogPluginManager: Mounting plugin VariantManagerContent
LogPluginManager: Mounting plugin AlembicImporter
LogPluginManager: Mounting plugin BackChannel
LogPluginManager: Mounting plugin AutomationUtils
LogPluginManager: Mounting plugin ChaosCloth
LogPluginManager: Mounting plugin ChaosEditor
LogPluginManager: Mounting plugin ChaosClothEditor
LogPluginManager: Mounting plugin ChaosNiagara
LogPluginManager: Mounting plugin ChaosSolverPlugin
LogPluginManager: Mounting plugin CharacterAI
LogPluginManager: Mounting plugin Niagara
LogPluginManager: Mounting plugin GeometryCollectionPlugin
LogPluginManager: Mounting plugin GeometryCache
LogPluginManager: Mounting plugin AnimationSharing
LogPluginManager: Mounting plugin CLionSourceCodeAccess
LogPluginManager: Mounting plugin CodeLiteSourceCodeAccess
LogPluginManager: Mounting plugin GitSourceControl
LogPluginManager: Mounting plugin KDevelopSourceCodeAccess
LogPluginManager: Mounting plugin NullSourceCodeAccess
LogPluginManager: Mounting plugin PixWinPlugin
LogPluginManager: Mounting plugin PluginUtils
LogPluginManager: Mounting plugin PropertyAccessNode
LogPluginManager: Mounting plugin PerforceSourceControl
LogPluginManager: Mounting plugin RiderSourceCodeAccess
LogPluginManager: Mounting plugin SubversionSourceControl
LogPluginManager: Mounting plugin TextureFormatOodle
LogPluginManager: Mounting plugin UObjectPlugin
LogPluginManager: Mounting plugin PlasticSourceControl
LogPluginManager: Mounting plugin GeometryProcessing
LogPluginManager: Mounting plugin OpenImageDenoise
LogPluginManager: Mounting plugin MotoSynth
LogPluginManager: Mounting plugin VisualStudioSourceCodeAccess
LogPluginManager: Mounting plugin LuminPlatformFeatures
LogPluginManager: Mounting plugin MagicLeap
LogPluginManager: Mounting plugin VisualStudioCodeSourceCodeAccess
LogPluginManager: Mounting plugin XCodeSourceCodeAccess
LogPluginManager: Mounting plugin MagicLeapLightEstimation
LogPluginManager: Mounting plugin MagicLeapMedia
LogPluginManager: Mounting plugin MagicLeapPassableWorld
LogPluginManager: Mounting plugin PlanarCut
LogPluginManager: Mounting plugin MLSDK
LogPluginManager: Mounting plugin ProxyLODPlugin
LogPluginManager: Mounting plugin PythonScriptPlugin
LogPluginManager: Mounting plugin SkeletalReduction
LogPluginManager: Mounting plugin UdpMessaging
LogPluginManager: Mounting plugin TcpMessaging
LogPluginManager: Mounting plugin LevelSequenceEditor
LogPluginManager: Mounting plugin MatineeToLevelSequence
LogPluginManager: Mounting plugin PlatformCrypto
LogPluginManager: Mounting plugin ActorSequence
LogPluginManager: Mounting plugin OnlineSubsystem
LogPluginManager: Mounting plugin TemplateSequence
LogPluginManager: Mounting plugin OnlineSubsystemNull
LogPluginManager: Mounting plugin OnlineSubsystemUtils
LogPluginManager: Mounting plugin ActorLayerUtilities
LogPluginManager: Mounting plugin LauncherChunkInstaller
LogPluginManager: Mounting plugin AndroidMoviePlayer
LogPluginManager: Mounting plugin AndroidDeviceProfileSelector
LogPluginManager: Mounting plugin AppleMoviePlayer
LogPluginManager: Mounting plugin AndroidPermission
LogPluginManager: Mounting plugin AppleImageUtils
LogPluginManager: Mounting plugin AudioCapture
LogPluginManager: Mounting plugin ArchVisCharacter
LogPluginManager: Mounting plugin AudioSynesthesia
LogPluginManager: Mounting plugin AssetTags
LogPluginManager: Mounting plugin ChunkDownloader
LogPluginManager: Mounting plugin CustomMeshComponent
LogPluginManager: Mounting plugin ExampleDeviceProfileSelector
LogPluginManager: Mounting plugin EditableMesh
LogPluginManager: Mounting plugin GoogleCloudMessaging
LogPluginManager: Mounting plugin GooglePAD
LogPluginManager: Mounting plugin ScreenshotTools
LogPluginManager: Mounting plugin IOSDeviceProfileSelector
LogPluginManager: Mounting plugin LinuxDeviceProfileSelector
LogPluginManager: Mounting plugin LocationServicesBPLibrary
LogPluginManager: Mounting plugin MobilePatchingUtils
LogPluginManager: Mounting plugin PhysXVehicles
LogPluginManager: Mounting plugin OpenXR
LogPluginManager: Mounting plugin OpenXREyeTracker
LogPluginManager: Mounting plugin OpenXRHandTracking
LogPluginManager: Mounting plugin AndroidMedia
LogPluginManager: Mounting plugin AvfMedia
LogPluginManager: Mounting plugin CableComponent
LogPluginManager: Mounting plugin MediaCompositing
LogPluginManager: Mounting plugin WebMMedia
LogPluginManager: Mounting plugin ImgMedia
LogPluginManager: Mounting plugin MediaPlayerEditor
LogPluginManager: Mounting plugin PostSplashScreen
LogPluginManager: Mounting plugin PropertyAccessEditor
LogPluginManager: Mounting plugin SignificanceManager
LogPluginManager: Mounting plugin WmfMedia
LogPluginManager: Mounting plugin SoundFields
LogPluginManager: Mounting plugin RuntimePhysXCooking
LogPluginManager: Mounting plugin ProceduralMeshComponent
LogPluginManager: Mounting plugin WebMMoviePlayer
LogPluginManager: Mounting plugin Takes
LogPluginManager: Mounting plugin Synthesis
LogPluginManager: Mounting plugin WindowsMoviePlayer
LogPluginManager: Mounting plugin ContentBrowserFileDataSource
LogPluginManager: Mounting plugin ContentBrowserAssetDataSource
LogPluginManager: Mounting plugin ContentBrowserClassDataSource
LogPluginManager: Mounting plugin OnlineSubsystemGooglePlay
LogPluginManager: Mounting plugin OnlineSubsystemIOS
LogPluginManager: Mounting plugin OculusVR
LogPluginManager: Mounting plugin SteamVR
PixWinPlugin: PIX capture plugin failed to initialize! Check that the process is launched from PIX.
LogLuminAPIImpl: Warning: MLSDK not found.  This likely means the MLSDK environment variable is not set.
LogInit: Using libcurl 7.55.1-DEV
LogInit:  - built for x86_64-pc-win32
LogInit:  - supports SSL with OpenSSL/1.1.1
LogInit:  - supports HTTP deflate (compression) using libz 1.2.8
LogInit:  - other features:
LogInit:      CURL_VERSION_SSL
LogInit:      CURL_VERSION_LIBZ
LogInit:      CURL_VERSION_IPV6
LogInit:      CURL_VERSION_ASYNCHDNS
LogInit:      CURL_VERSION_LARGEFILE
LogInit:      CURL_VERSION_IDN
LogInit:  CurlRequestOptions (configurable via config and command line):
LogInit:  - bVerifyPeer = true  - Libcurl will verify peer certificate
LogInit:  - bUseHttpProxy = false  - Libcurl will NOT use HTTP proxy
LogInit:  - bDontReuseConnections = false  - Libcurl will reuse connections
LogInit:  - MaxHostConnections = 16  - Libcurl will limit the number of connections to a host
LogInit:  - LocalHostAddr = Default
LogInit:  - BufferSize = 65536
LogOnline: OSS: Creating online subsystem instance for: NULL
LogInit: WinSock: version 1.1 (2.2), MaxSocks=32767, MaxUdp=65467
LogOnline: OSS: TryLoadSubsystemAndSetDefault: Loaded subsystem for module [NULL]
LogOculusPluginWrapper: OculusPlugin initialized successfully
LogHMD: Failed initializing OVRPlugin 1.59.0
LogInit: Build: ++UE4+Release-4.27-CL-18319896
LogInit: Engine Version: 4.27.2-18319896+++UE4+Release-4.27
LogInit: Compatible Engine Version: 4.27.0-17155196+++UE4+Release-4.27
LogInit: Net CL: 17155196
LogInit: OS: Windows 10 (Release 2009) (), CPU: 13th Gen Intel(R) Core(TM) i5-13600KF, GPU: NVIDIA GeForce RTX 3060 Ti
LogInit: Compiled (64-bit): Nov 30 2021 07:12:08
LogInit: Compiled with Visual C++: 19.24.28315.00
LogInit: Build Configuration: Development
LogInit: Branch Name: ++UE4+Release-4.27
LogInit: Command Line:  -EpicPortal -epicusername=虚拟玩家K -epicuserid=c64ca85f0c3c45a4b0841b46204a5f7e -epiclocale=en -epicsandboxid=ue
LogInit: Base Directory: C:/Program Files (x86)/Vper/UE/UE_4.27/Engine/Binaries/Win64/
LogInit: Allocator: TBB
LogInit: Installed Engine Build: 1
LogDevObjectVersion: Number of dev versions registered: 29
LogDevObjectVersion:   Dev-Blueprints (B0D832E4-1F89-4F0D-ACCF-7EB736FD4AA2): 10
LogDevObjectVersion:   Dev-Build (E1C64328-A22C-4D53-A36C-8E866417BD8C): 0
LogDevObjectVersion:   Dev-Core (375EC13C-06E4-48FB-B500-84F0262A717E): 4
LogDevObjectVersion:   Dev-Editor (E4B068ED-F494-42E9-A231-DA0B2E46BB41): 40
LogDevObjectVersion:   Dev-Framework (CFFC743F-43B0-4480-9391-14DF171D2073): 37
LogDevObjectVersion:   Dev-Mobile (B02B49B5-BB20-44E9-A304-32B752E40360): 3
LogDevObjectVersion:   Dev-Networking (A4E4105C-59A1-49B5-A7C5-40C4547EDFEE): 0
LogDevObjectVersion:   Dev-Online (39C831C9-5AE6-47DC-9A44-9C173E1C8E7C): 0
LogDevObjectVersion:   Dev-Physics (78F01B33-EBEA-4F98-B9B4-84EACCB95AA2): 14
LogDevObjectVersion:   Dev-Platform (6631380F-2D4D-43E0-8009-CF276956A95A): 0
LogDevObjectVersion:   Dev-Rendering (12F88B9F-8875-4AFC-A67C-D90C383ABD29): 45
LogDevObjectVersion:   Dev-Sequencer (7B5AE74C-D270-4C10-A958-57980B212A5A): 13
LogDevObjectVersion:   Dev-VR (D7296918-1DD6-4BDD-9DE2-64A83CC13884): 3
LogDevObjectVersion:   Dev-LoadTimes (C2A15278-BFE7-4AFE-6C17-90FF531DF755): 1
LogDevObjectVersion:   Private-Geometry (6EACA3D4-40EC-4CC1-B786-8BED09428FC5): 3
LogDevObjectVersion:   Dev-AnimPhys (29E575DD-E0A3-4627-9D10-D276232CDCEA): 17
LogDevObjectVersion:   Dev-Anim (AF43A65D-7FD3-4947-9873-3E8ED9C1BB05): 15
LogDevObjectVersion:   Dev-ReflectionCapture (6B266CEC-1EC7-4B8F-A30B-E4D90942FC07): 1
LogDevObjectVersion:   Dev-Automation (0DF73D61-A23F-47EA-B727-89E90C41499A): 1
LogDevObjectVersion:   FortniteMain (601D1886-AC64-4F84-AA16-D3DE0DEAC7D6): 47
LogDevObjectVersion:   FortniteRelease (E7086368-6B23-4C58-8439-1B7016265E91): 1
LogDevObjectVersion:   Dev-Enterprise (9DFFBCD6-494F-0158-E221-12823C92A888): 10
LogDevObjectVersion:   Dev-Niagara (F2AED0AC-9AFE-416F-8664-AA7FFA26D6FC): 1
LogDevObjectVersion:   Dev-Destruction (174F1F0B-B4C6-45A5-B13F-2EE8D0FB917D): 10
LogDevObjectVersion:   Dev-Physics-Ext (35F94A83-E258-406C-A318-09F59610247C): 41
LogDevObjectVersion:   Dev-PhysicsMaterial-Chaos (B68FC16E-8B1B-42E2-B453-215C058844FE): 1
LogDevObjectVersion:   Dev-CineCamera (B2E18506-4273-CFC2-A54E-F4BB758BBA07): 1
LogDevObjectVersion:   Dev-VirtualProduction (64F58936-FD1B-42BA-BA96-7289D5D0FA4E): 1
LogDevObjectVersion:   Dev-MediaFramework (6F0ED827-A609-4895-9C91-998D90180EA4): 2
LogInit: Presizing for max 25165824 objects, including 0 objects not considered by GC, pre-allocating 0 bytes for permanent pool.
LogConfig: Applying CVar settings from Section [/Script/Engine.StreamingSettings] File [C:/VperData/GitHub/ActionRoguelike/ActionRoguelike/Saved/Config/Windows/Engine.ini]
LogConfig: Setting CVar [[s.MinBulkDataSizeForAsyncLoading:131072]]
LogConfig: Setting CVar [[s.AsyncLoadingThreadEnabled:0]]
LogConfig: Setting CVar [[s.EventDrivenLoaderEnabled:1]]
LogConfig: Setting CVar [[s.WarnIfTimeLimitExceeded:0]]
LogConfig: Setting CVar [[s.TimeLimitExceededMultiplier:1.5]]
LogConfig: Setting CVar [[s.TimeLimitExceededMinTime:0.005]]
LogConfig: Setting CVar [[s.UseBackgroundLevelStreaming:1]]
LogConfig: Setting CVar [[s.PriorityAsyncLoadingExtraTime:15.0]]
LogConfig: Setting CVar [[s.LevelStreamingActorsUpdateTimeLimit:5.0]]
LogConfig: Setting CVar [[s.PriorityLevelStreamingActorsUpdateExtraTime:5.0]]
LogConfig: Setting CVar [[s.LevelStreamingComponentsRegistrationGranularity:10]]
LogConfig: Setting CVar [[s.UnregisterComponentsTimeLimit:1.0]]
LogConfig: Setting CVar [[s.LevelStreamingComponentsUnregistrationGranularity:5]]
LogConfig: Setting CVar [[s.FlushStreamingOnExit:1]]
LogInit: Object subsystem initialized
LogConfig: Setting CVar [[con.DebugEarlyDefault:1]]
LogConfig: Setting CVar [[r.setres:1280x720]]
[2023.07.07-13.05.33:511][  0]LogConfig: Setting CVar [[r.VSync:0]]
[2023.07.07-13.05.33:511][  0]LogConfig: Setting CVar [[r.RHICmdBypass:0]]
[2023.07.07-13.05.33:511][  0]LogConfig: Applying CVar settings from Section [/Script/Engine.RendererSettings] File [C:/VperData/GitHub/ActionRoguelike/ActionRoguelike/Saved/Config/Windows/Engine.ini]
[2023.07.07-13.05.33:511][  0]LogConfig: Setting CVar [[r.GPUCrashDebugging:0]]
[2023.07.07-13.05.33:511][  0]LogConfig: Applying CVar settings from Section [/Script/Engine.RendererOverrideSettings] File [C:/VperData/GitHub/ActionRoguelike/ActionRoguelike/Saved/Config/Windows/Engine.ini]
[2023.07.07-13.05.33:511][  0]LogConfig: Applying CVar settings from Section [/Script/Engine.StreamingSettings] File [C:/VperData/GitHub/ActionRoguelike/ActionRoguelike/Saved/Config/Windows/Engine.ini]
[2023.07.07-13.05.33:511][  0]LogConfig: Setting CVar [[s.MinBulkDataSizeForAsyncLoading:131072]]
[2023.07.07-13.05.33:511][  0]LogConfig: Setting CVar [[s.AsyncLoadingThreadEnabled:0]]
[2023.07.07-13.05.33:511][  0]LogConfig: Setting CVar [[s.EventDrivenLoaderEnabled:1]]
[2023.07.07-13.05.33:511][  0]LogConfig: Setting CVar [[s.WarnIfTimeLimitExceeded:0]]
[2023.07.07-13.05.33:511][  0]LogConfig: Setting CVar [[s.TimeLimitExceededMultiplier:1.5]]
[2023.07.07-13.05.33:511][  0]LogConfig: Setting CVar [[s.TimeLimitExceededMinTime:0.005]]
[2023.07.07-13.05.33:512][  0]LogConfig: Setting CVar [[s.UseBackgroundLevelStreaming:1]]
[2023.07.07-13.05.33:512][  0]LogConfig: Setting CVar [[s.PriorityAsyncLoadingExtraTime:15.0]]
[2023.07.07-13.05.33:512][  0]LogConfig: Setting CVar [[s.LevelStreamingActorsUpdateTimeLimit:5.0]]
[2023.07.07-13.05.33:512][  0]LogConfig: Setting CVar [[s.PriorityLevelStreamingActorsUpdateExtraTime:5.0]]
[2023.07.07-13.05.33:512][  0]LogConfig: Setting CVar [[s.LevelStreamingComponentsRegistrationGranularity:10]]
[2023.07.07-13.05.33:512][  0]LogConfig: Setting CVar [[s.UnregisterComponentsTimeLimit:1.0]]
[2023.07.07-13.05.33:512][  0]LogConfig: Setting CVar [[s.LevelStreamingComponentsUnregistrationGranularity:5]]
[2023.07.07-13.05.33:512][  0]LogConfig: Setting CVar [[s.FlushStreamingOnExit:1]]
[2023.07.07-13.05.33:512][  0]LogConfig: Applying CVar settings from Section [/Script/Engine.GarbageCollectionSettings] File [C:/VperData/GitHub/ActionRoguelike/ActionRoguelike/Saved/Config/Windows/Engine.ini]
[2023.07.07-13.05.33:512][  0]LogConfig: Setting CVar [[gc.MaxObjectsNotConsideredByGC:1]]
[2023.07.07-13.05.33:512][  0]LogConfig: Setting CVar [[gc.SizeOfPermanentObjectPool:0]]
[2023.07.07-13.05.33:512][  0]LogConfig: Setting CVar [[gc.FlushStreamingOnGC:0]]
[2023.07.07-13.05.33:512][  0]LogConfig: Setting CVar [[gc.NumRetriesBeforeForcingGC:10]]
[2023.07.07-13.05.33:512][  0]LogConfig: Setting CVar [[gc.AllowParallelGC:1]]
[2023.07.07-13.05.33:512][  0]LogConfig: Setting CVar [[gc.TimeBetweenPurgingPendingKillObjects:61.1]]
[2023.07.07-13.05.33:512][  0]LogConfig: Setting CVar [[gc.MaxObjectsInEditor:25165824]]
[2023.07.07-13.05.33:512][  0]LogConfig: Setting CVar [[gc.IncrementalBeginDestroyEnabled:1]]
[2023.07.07-13.05.33:512][  0]LogConfig: Setting CVar [[gc.CreateGCClusters:1]]
[2023.07.07-13.05.33:512][  0]LogConfig: Setting CVar [[gc.MinGCClusterSize:5]]
[2023.07.07-13.05.33:512][  0]LogConfig: Setting CVar [[gc.ActorClusteringEnabled:0]]
[2023.07.07-13.05.33:512][  0]LogConfig: Setting CVar [[gc.BlueprintClusteringEnabled:0]]
[2023.07.07-13.05.33:512][  0]LogConfig: Setting CVar [[gc.UseDisregardForGCOnDedicatedServers:0]]
[2023.07.07-13.05.33:512][  0]LogConfig: Setting CVar [[gc.MultithreadedDestructionEnabled:1]]
[2023.07.07-13.05.33:512][  0]LogConfig: Applying CVar settings from Section [/Script/Engine.NetworkSettings] File [C:/VperData/GitHub/ActionRoguelike/ActionRoguelike/Saved/Config/Windows/Engine.ini]
[2023.07.07-13.05.33:512][  0]LogConfig: Applying CVar settings from Section [/Script/UnrealEd.CookerSettings] File [C:/VperData/GitHub/ActionRoguelike/ActionRoguelike/Saved/Config/Windows/Engine.ini]
[2023.07.07-13.05.33:515][  0]LogConfig: Applying CVar settings from Section [ViewDistanceQuality@3] File [C:/VperData/GitHub/ActionRoguelike/ActionRoguelike/Saved/Config/Windows/Scalability.ini]
[2023.07.07-13.05.33:515][  0]LogConfig: Setting CVar [[r.SkeletalMeshLODBias:0]]
[2023.07.07-13.05.33:515][  0]LogConfig: Setting CVar [[r.ViewDistanceScale:1.0]]
[2023.07.07-13.05.33:515][  0]LogConfig: Applying CVar settings from Section [AntiAliasingQuality@3] File [C:/VperData/GitHub/ActionRoguelike/ActionRoguelike/Saved/Config/Windows/Scalability.ini]
[2023.07.07-13.05.33:515][  0]LogConfig: Setting CVar [[r.PostProcessAAQuality:4]]
[2023.07.07-13.05.33:515][  0]LogConfig: Applying CVar settings from Section [ShadowQuality@3] File [C:/VperData/GitHub/ActionRoguelike/ActionRoguelike/Saved/Config/Windows/Scalability.ini]
[2023.07.07-13.05.33:515][  0]LogConfig: Setting CVar [[r.LightFunctionQuality:1]]
[2023.07.07-13.05.33:515][  0]LogConfig: Setting CVar [[r.ShadowQuality:5]]
[2023.07.07-13.05.33:515][  0]LogConfig: Setting CVar [[r.Shadow.CSM.MaxCascades:10]]
[2023.07.07-13.05.33:515][  0]LogConfig: Setting CVar [[r.Shadow.MaxResolution:2048]]
[2023.07.07-13.05.33:515][  0]LogConfig: Setting CVar [[r.Shadow.MaxCSMResolution:2048]]
[2023.07.07-13.05.33:515][  0]LogConfig: Setting CVar [[r.Shadow.RadiusThreshold:0.01]]
[2023.07.07-13.05.33:515][  0]LogConfig: Setting CVar [[r.Shadow.DistanceScale:1.0]]
[2023.07.07-13.05.33:515][  0]LogConfig: Setting CVar [[r.Shadow.CSM.TransitionScale:1.0]]
[2023.07.07-13.05.33:515][  0]LogConfig: Setting CVar [[r.Shadow.PreShadowResolutionFactor:1.0]]
[2023.07.07-13.05.33:515][  0]LogConfig: Setting CVar [[r.DistanceFieldShadowing:1]]
[2023.07.07-13.05.33:515][  0]LogConfig: Setting CVar [[r.DistanceFieldAO:1]]
[2023.07.07-13.05.33:515][  0]LogConfig: Setting CVar [[r.AOQuality:2]]
[2023.07.07-13.05.33:515][  0]LogConfig: Setting CVar [[r.VolumetricFog:1]]
[2023.07.07-13.05.33:515][  0]LogConfig: Setting CVar [[r.VolumetricFog.GridPixelSize:8]]
[2023.07.07-13.05.33:515][  0]LogConfig: Setting CVar [[r.VolumetricFog.GridSizeZ:128]]
[2023.07.07-13.05.33:515][  0]LogConfig: Setting CVar [[r.VolumetricFog.HistoryMissSupersampleCount:4]]
[2023.07.07-13.05.33:515][  0]LogConfig: Setting CVar [[r.LightMaxDrawDistanceScale:1]]
[2023.07.07-13.05.33:515][  0]LogConfig: Setting CVar [[r.CapsuleShadows:1]]
[2023.07.07-13.05.33:515][  0]LogConfig: Applying CVar settings from Section [PostProcessQuality@3] File [C:/VperData/GitHub/ActionRoguelike/ActionRoguelike/Saved/Config/Windows/Scalability.ini]
[2023.07.07-13.05.33:515][  0]LogConfig: Setting CVar [[r.MotionBlurQuality:4]]
[2023.07.07-13.05.33:515][  0]LogConfig: Setting CVar [[r.AmbientOcclusionMipLevelFactor:0.4]]
[2023.07.07-13.05.33:515][  0]LogConfig: Setting CVar [[r.AmbientOcclusionMaxQuality:100]]
[2023.07.07-13.05.33:515][  0]LogConfig: Setting CVar [[r.AmbientOcclusionLevels:-1]]
[2023.07.07-13.05.33:515][  0]LogConfig: Setting CVar [[r.AmbientOcclusionRadiusScale:1.0]]
[2023.07.07-13.05.33:515][  0]LogConfig: Setting CVar [[r.DepthOfFieldQuality:2]]
[2023.07.07-13.05.33:515][  0]LogConfig: Setting CVar [[r.RenderTargetPoolMin:400]]
[2023.07.07-13.05.33:515][  0]LogConfig: Setting CVar [[r.LensFlareQuality:2]]
[2023.07.07-13.05.33:515][  0]LogConfig: Setting CVar [[r.SceneColorFringeQuality:1]]
[2023.07.07-13.05.33:515][  0]LogConfig: Setting CVar [[r.EyeAdaptationQuality:2]]
[2023.07.07-13.05.33:515][  0]LogConfig: Setting CVar [[r.BloomQuality:5]]
[2023.07.07-13.05.33:515][  0]LogConfig: Setting CVar [[r.FastBlurThreshold:100]]
[2023.07.07-13.05.33:515][  0]LogConfig: Setting CVar [[r.Upscale.Quality:3]]
[2023.07.07-13.05.33:515][  0]LogConfig: Setting CVar [[r.Tonemapper.GrainQuantization:1]]
[2023.07.07-13.05.33:515][  0]LogConfig: Setting CVar [[r.LightShaftQuality:1]]
[2023.07.07-13.05.33:515][  0]LogConfig: Setting CVar [[r.Filter.SizeScale:1]]
[2023.07.07-13.05.33:515][  0]LogConfig: Setting CVar [[r.Tonemapper.Quality:5]]
[2023.07.07-13.05.33:515][  0]LogConfig: Setting CVar [[r.DOF.Gather.AccumulatorQuality:1        ; higher gathering accumulator quality]]
[2023.07.07-13.05.33:515][  0]LogConfig: Setting CVar [[r.DOF.Gather.PostfilterMethod:1          ; Median3x3 postfilering method]]
[2023.07.07-13.05.33:515][  0]LogConfig: Setting CVar [[r.DOF.Gather.EnableBokehSettings:0       ; no bokeh simulation when gathering]]
[2023.07.07-13.05.33:515][  0]LogConfig: Setting CVar [[r.DOF.Gather.RingCount:4                 ; medium number of samples when gathering]]
[2023.07.07-13.05.33:515][  0]LogConfig: Setting CVar [[r.DOF.Scatter.ForegroundCompositing:1    ; additive foreground scattering]]
[2023.07.07-13.05.33:515][  0]LogConfig: Setting CVar [[r.DOF.Scatter.BackgroundCompositing:2    ; additive background scattering]]
[2023.07.07-13.05.33:515][  0]LogConfig: Setting CVar [[r.DOF.Scatter.EnableBokehSettings:1      ; bokeh simulation when scattering]]
[2023.07.07-13.05.33:515][  0]LogConfig: Setting CVar [[r.DOF.Scatter.MaxSpriteRatio:0.1         ; only a maximum of 10% of scattered bokeh]]
[2023.07.07-13.05.33:515][  0]LogConfig: Setting CVar [[r.DOF.Recombine.Quality:1                ; cheap slight out of focus]]
[2023.07.07-13.05.33:515][  0]LogConfig: Setting CVar [[r.DOF.Recombine.EnableBokehSettings:0    ; no bokeh simulation on slight out of focus]]
[2023.07.07-13.05.33:515][  0]LogConfig: Setting CVar [[r.DOF.TemporalAAQuality:1                ; more stable temporal accumulation]]
[2023.07.07-13.05.33:515][  0]LogConfig: Setting CVar [[r.DOF.Kernel.MaxForegroundRadius:0.025]]
[2023.07.07-13.05.33:515][  0]LogConfig: Setting CVar [[r.DOF.Kernel.MaxBackgroundRadius:0.025]]
[2023.07.07-13.05.33:515][  0]LogConfig: Applying CVar settings from Section [TextureQuality@3] File [C:/VperData/GitHub/ActionRoguelike/ActionRoguelike/Saved/Config/Windows/Scalability.ini]
[2023.07.07-13.05.33:515][  0]LogConfig: Setting CVar [[r.Streaming.MipBias:0]]
[2023.07.07-13.05.33:515][  0]LogConfig: Setting CVar [[r.Streaming.AmortizeCPUToGPUCopy:0]]
[2023.07.07-13.05.33:515][  0]LogConfig: Setting CVar [[r.Streaming.MaxNumTexturesToStreamPerFrame:0]]
[2023.07.07-13.05.33:515][  0]LogConfig: Setting CVar [[r.Streaming.Boost:1]]
[2023.07.07-13.05.33:515][  0]LogConfig: Setting CVar [[r.MaxAnisotropy:8]]
[2023.07.07-13.05.33:515][  0]LogConfig: Setting CVar [[r.VT.MaxAnisotropy:8]]
[2023.07.07-13.05.33:515][  0]LogConfig: Setting CVar [[r.Streaming.LimitPoolSizeToVRAM:0]]
[2023.07.07-13.05.33:515][  0]LogConfig: Setting CVar [[r.Streaming.PoolSize:1000]]
[2023.07.07-13.05.33:515][  0]LogConfig: Setting CVar [[r.Streaming.MaxEffectiveScreenSize:0]]
[2023.07.07-13.05.33:515][  0]LogConfig: Applying CVar settings from Section [EffectsQuality@3] File [C:/VperData/GitHub/ActionRoguelike/ActionRoguelike/Saved/Config/Windows/Scalability.ini]
[2023.07.07-13.05.33:515][  0]LogConfig: Setting CVar [[r.TranslucencyLightingVolumeDim:64]]
[2023.07.07-13.05.33:515][  0]LogConfig: Setting CVar [[r.RefractionQuality:2]]
[2023.07.07-13.05.33:515][  0]LogConfig: Setting CVar [[r.SSR.Quality:3]]
[2023.07.07-13.05.33:515][  0]LogConfig: Setting CVar [[r.SSR.HalfResSceneColor:0]]
[2023.07.07-13.05.33:515][  0]LogConfig: Setting CVar [[r.SceneColorFormat:4]]
[2023.07.07-13.05.33:515][  0]LogConfig: Setting CVar [[r.DetailMode:2]]
[2023.07.07-13.05.33:515][  0]LogConfig: Setting CVar [[r.TranslucencyVolumeBlur:1]]
[2023.07.07-13.05.33:515][  0]LogConfig: Setting CVar [[r.MaterialQualityLevel:1 ; High quality]]
[2023.07.07-13.05.33:515][  0]LogConfig: Setting CVar [[r.AnisotropicMaterials:1]]
[2023.07.07-13.05.33:515][  0]LogConfig: Setting CVar [[r.SSS.Scale:1]]
[2023.07.07-13.05.33:515][  0]LogConfig: Setting CVar [[r.SSS.SampleSet:2]]
[2023.07.07-13.05.33:515][  0]LogConfig: Setting CVar [[r.SSS.Quality:1]]
[2023.07.07-13.05.33:515][  0]LogConfig: Setting CVar [[r.SSS.HalfRes:0]]
[2023.07.07-13.05.33:515][  0]LogConfig: Setting CVar [[r.SSGI.Quality:3]]
[2023.07.07-13.05.33:515][  0]LogConfig: Setting CVar [[r.EmitterSpawnRateScale:1.0]]
[2023.07.07-13.05.33:515][  0]LogConfig: Setting CVar [[r.ParticleLightQuality:2]]
[2023.07.07-13.05.33:515][  0]LogConfig: Setting CVar [[r.SkyAtmosphere.AerialPerspectiveLUT.FastApplyOnOpaque:1 ; Always have FastSkyLUT 1 in this case to avoid wrong sky]]
[2023.07.07-13.05.33:515][  0]LogConfig: Setting CVar [[r.SkyAtmosphere.AerialPerspectiveLUT.SampleCountMaxPerSlice:4]]
[2023.07.07-13.05.33:515][  0]LogConfig: Setting CVar [[r.SkyAtmosphere.AerialPerspectiveLUT.DepthResolution:16.0]]
[2023.07.07-13.05.33:515][  0]LogConfig: Setting CVar [[r.SkyAtmosphere.FastSkyLUT:1]]
[2023.07.07-13.05.33:515][  0]LogConfig: Setting CVar [[r.SkyAtmosphere.FastSkyLUT.SampleCountMin:4.0]]
[2023.07.07-13.05.33:515][  0]LogConfig: Setting CVar [[r.SkyAtmosphere.FastSkyLUT.SampleCountMax:128.0]]
[2023.07.07-13.05.33:515][  0]LogConfig: Setting CVar [[r.SkyAtmosphere.SampleCountMin:4.0]]
[2023.07.07-13.05.33:515][  0]LogConfig: Setting CVar [[r.SkyAtmosphere.SampleCountMax:128.0]]
[2023.07.07-13.05.33:515][  0]LogConfig: Setting CVar [[r.SkyAtmosphere.TransmittanceLUT.UseSmallFormat:0]]
[2023.07.07-13.05.33:515][  0]LogConfig: Setting CVar [[r.SkyAtmosphere.TransmittanceLUT.SampleCount:10.0]]
[2023.07.07-13.05.33:515][  0]LogConfig: Setting CVar [[r.SkyAtmosphere.MultiScatteringLUT.SampleCount:15.0]]
[2023.07.07-13.05.33:515][  0]LogConfig: Setting CVar [[r.SkyLight.RealTimeReflectionCapture:1]]
[2023.07.07-13.05.33:515][  0]LogConfig: Applying CVar settings from Section [FoliageQuality@3] File [C:/VperData/GitHub/ActionRoguelike/ActionRoguelike/Saved/Config/Windows/Scalability.ini]
[2023.07.07-13.05.33:515][  0]LogConfig: Setting CVar [[foliage.DensityScale:1.0]]
[2023.07.07-13.05.33:515][  0]LogConfig: Setting CVar [[grass.DensityScale:1.0]]
[2023.07.07-13.05.33:515][  0]LogConfig: Applying CVar settings from Section [ShadingQuality@3] File [C:/VperData/GitHub/ActionRoguelike/ActionRoguelike/Saved/Config/Windows/Scalability.ini]
[2023.07.07-13.05.33:515][  0]LogConfig: Setting CVar [[r.HairStrands.SkyLighting.IntegrationType:2]]
[2023.07.07-13.05.33:515][  0]LogConfig: Setting CVar [[r.HairStrands.SkyAO.SampleCount:4]]
[2023.07.07-13.05.33:515][  0]LogConfig: Setting CVar [[r.HairStrands.Visibility.MSAA.SamplePerPixel:4]]
[2023.07.07-13.05.33:515][  0]LogInit: Selected Device Profile: [Windows]
[2023.07.07-13.05.33:515][  0]LogInit: Applying CVar settings loaded from the selected device profile: [Windows]
[2023.07.07-13.05.33:515][  0]LogHAL: Display: Platform has ~ 32 GB [34185904128 / 34359738368 / 32], which maps to Largest [LargestMinGB=32, LargerMinGB=12, DefaultMinGB=8, SmallerMinGB=6, SmallestMinGB=0)
[2023.07.07-13.05.33:515][  0]LogInit: Going up to parent DeviceProfile []
[2023.07.07-13.05.33:515][  0]LogConfig: Applying CVar settings from Section [ViewDistanceQuality@3] File [C:/VperData/GitHub/ActionRoguelike/ActionRoguelike/Saved/Config/Windows/Scalability.ini]
[2023.07.07-13.05.33:515][  0]LogConfig: Setting CVar [[r.SkeletalMeshLODBias:0]]
[2023.07.07-13.05.33:515][  0]LogConfig: Setting CVar [[r.ViewDistanceScale:1.0]]
[2023.07.07-13.05.33:515][  0]LogConfig: Applying CVar settings from Section [AntiAliasingQuality@3] File [C:/VperData/GitHub/ActionRoguelike/ActionRoguelike/Saved/Config/Windows/Scalability.ini]
[2023.07.07-13.05.33:515][  0]LogConfig: Setting CVar [[r.PostProcessAAQuality:4]]
[2023.07.07-13.05.33:515][  0]LogConfig: Applying CVar settings from Section [ShadowQuality@3] File [C:/VperData/GitHub/ActionRoguelike/ActionRoguelike/Saved/Config/Windows/Scalability.ini]
[2023.07.07-13.05.33:515][  0]LogConfig: Setting CVar [[r.LightFunctionQuality:1]]
[2023.07.07-13.05.33:515][  0]LogConfig: Setting CVar [[r.ShadowQuality:5]]
[2023.07.07-13.05.33:515][  0]LogConfig: Setting CVar [[r.Shadow.CSM.MaxCascades:10]]
[2023.07.07-13.05.33:515][  0]LogConfig: Setting CVar [[r.Shadow.MaxResolution:2048]]
[2023.07.07-13.05.33:515][  0]LogConfig: Setting CVar [[r.Shadow.MaxCSMResolution:2048]]
[2023.07.07-13.05.33:515][  0]LogConfig: Setting CVar [[r.Shadow.RadiusThreshold:0.01]]
[2023.07.07-13.05.33:515][  0]LogConfig: Setting CVar [[r.Shadow.DistanceScale:1.0]]
[2023.07.07-13.05.33:515][  0]LogConfig: Setting CVar [[r.Shadow.CSM.TransitionScale:1.0]]
[2023.07.07-13.05.33:515][  0]LogConfig: Setting CVar [[r.Shadow.PreShadowResolutionFactor:1.0]]
[2023.07.07-13.05.33:515][  0]LogConfig: Setting CVar [[r.DistanceFieldShadowing:1]]
[2023.07.07-13.05.33:515][  0]LogConfig: Setting CVar [[r.DistanceFieldAO:1]]
[2023.07.07-13.05.33:515][  0]LogConfig: Setting CVar [[r.AOQuality:2]]
[2023.07.07-13.05.33:515][  0]LogConfig: Setting CVar [[r.VolumetricFog:1]]
[2023.07.07-13.05.33:515][  0]LogConfig: Setting CVar [[r.VolumetricFog.GridPixelSize:8]]
[2023.07.07-13.05.33:515][  0]LogConfig: Setting CVar [[r.VolumetricFog.GridSizeZ:128]]
[2023.07.07-13.05.33:515][  0]LogConfig: Setting CVar [[r.VolumetricFog.HistoryMissSupersampleCount:4]]
[2023.07.07-13.05.33:515][  0]LogConfig: Setting CVar [[r.LightMaxDrawDistanceScale:1]]
[2023.07.07-13.05.33:515][  0]LogConfig: Setting CVar [[r.CapsuleShadows:1]]
[2023.07.07-13.05.33:515][  0]LogConfig: Applying CVar settings from Section [PostProcessQuality@3] File [C:/VperData/GitHub/ActionRoguelike/ActionRoguelike/Saved/Config/Windows/Scalability.ini]
[2023.07.07-13.05.33:515][  0]LogConfig: Setting CVar [[r.MotionBlurQuality:4]]
[2023.07.07-13.05.33:515][  0]LogConfig: Setting CVar [[r.AmbientOcclusionMipLevelFactor:0.4]]
[2023.07.07-13.05.33:515][  0]LogConfig: Setting CVar [[r.AmbientOcclusionMaxQuality:100]]
[2023.07.07-13.05.33:515][  0]LogConfig: Setting CVar [[r.AmbientOcclusionLevels:-1]]
[2023.07.07-13.05.33:515][  0]LogConfig: Setting CVar [[r.AmbientOcclusionRadiusScale:1.0]]
[2023.07.07-13.05.33:515][  0]LogConfig: Setting CVar [[r.DepthOfFieldQuality:2]]
[2023.07.07-13.05.33:515][  0]LogConfig: Setting CVar [[r.RenderTargetPoolMin:400]]
[2023.07.07-13.05.33:515][  0]LogConfig: Setting CVar [[r.LensFlareQuality:2]]
[2023.07.07-13.05.33:516][  0]LogConfig: Setting CVar [[r.SceneColorFringeQuality:1]]
[2023.07.07-13.05.33:516][  0]LogConfig: Setting CVar [[r.EyeAdaptationQuality:2]]
[2023.07.07-13.05.33:516][  0]LogConfig: Setting CVar [[r.BloomQuality:5]]
[2023.07.07-13.05.33:516][  0]LogConfig: Setting CVar [[r.FastBlurThreshold:100]]
[2023.07.07-13.05.33:516][  0]LogConfig: Setting CVar [[r.Upscale.Quality:3]]
[2023.07.07-13.05.33:516][  0]LogConfig: Setting CVar [[r.Tonemapper.GrainQuantization:1]]
[2023.07.07-13.05.33:516][  0]LogConfig: Setting CVar [[r.LightShaftQuality:1]]
[2023.07.07-13.05.33:516][  0]LogConfig: Setting CVar [[r.Filter.SizeScale:1]]
[2023.07.07-13.05.33:516][  0]LogConfig: Setting CVar [[r.Tonemapper.Quality:5]]
[2023.07.07-13.05.33:516][  0]LogConfig: Setting CVar [[r.DOF.Gather.AccumulatorQuality:1        ; higher gathering accumulator quality]]
[2023.07.07-13.05.33:516][  0]LogConfig: Setting CVar [[r.DOF.Gather.PostfilterMethod:1          ; Median3x3 postfilering method]]
[2023.07.07-13.05.33:516][  0]LogConfig: Setting CVar [[r.DOF.Gather.EnableBokehSettings:0       ; no bokeh simulation when gathering]]
[2023.07.07-13.05.33:516][  0]LogConfig: Setting CVar [[r.DOF.Gather.RingCount:4                 ; medium number of samples when gathering]]
[2023.07.07-13.05.33:516][  0]LogConfig: Setting CVar [[r.DOF.Scatter.ForegroundCompositing:1    ; additive foreground scattering]]
[2023.07.07-13.05.33:516][  0]LogConfig: Setting CVar [[r.DOF.Scatter.BackgroundCompositing:2    ; additive background scattering]]
[2023.07.07-13.05.33:516][  0]LogConfig: Setting CVar [[r.DOF.Scatter.EnableBokehSettings:1      ; bokeh simulation when scattering]]
[2023.07.07-13.05.33:516][  0]LogConfig: Setting CVar [[r.DOF.Scatter.MaxSpriteRatio:0.1         ; only a maximum of 10% of scattered bokeh]]
[2023.07.07-13.05.33:516][  0]LogConfig: Setting CVar [[r.DOF.Recombine.Quality:1                ; cheap slight out of focus]]
[2023.07.07-13.05.33:516][  0]LogConfig: Setting CVar [[r.DOF.Recombine.EnableBokehSettings:0    ; no bokeh simulation on slight out of focus]]
[2023.07.07-13.05.33:516][  0]LogConfig: Setting CVar [[r.DOF.TemporalAAQuality:1                ; more stable temporal accumulation]]
[2023.07.07-13.05.33:516][  0]LogConfig: Setting CVar [[r.DOF.Kernel.MaxForegroundRadius:0.025]]
[2023.07.07-13.05.33:516][  0]LogConfig: Setting CVar [[r.DOF.Kernel.MaxBackgroundRadius:0.025]]
[2023.07.07-13.05.33:516][  0]LogConfig: Applying CVar settings from Section [TextureQuality@3] File [C:/VperData/GitHub/ActionRoguelike/ActionRoguelike/Saved/Config/Windows/Scalability.ini]
[2023.07.07-13.05.33:516][  0]LogConfig: Setting CVar [[r.Streaming.MipBias:0]]
[2023.07.07-13.05.33:516][  0]LogConfig: Setting CVar [[r.Streaming.AmortizeCPUToGPUCopy:0]]
[2023.07.07-13.05.33:516][  0]LogConfig: Setting CVar [[r.Streaming.MaxNumTexturesToStreamPerFrame:0]]
[2023.07.07-13.05.33:516][  0]LogConfig: Setting CVar [[r.Streaming.Boost:1]]
[2023.07.07-13.05.33:516][  0]LogConfig: Setting CVar [[r.MaxAnisotropy:8]]
[2023.07.07-13.05.33:516][  0]LogConfig: Setting CVar [[r.VT.MaxAnisotropy:8]]
[2023.07.07-13.05.33:516][  0]LogConfig: Setting CVar [[r.Streaming.LimitPoolSizeToVRAM:0]]
[2023.07.07-13.05.33:516][  0]LogConfig: Setting CVar [[r.Streaming.PoolSize:1000]]
[2023.07.07-13.05.33:516][  0]LogConfig: Setting CVar [[r.Streaming.MaxEffectiveScreenSize:0]]
[2023.07.07-13.05.33:516][  0]LogConfig: Applying CVar settings from Section [EffectsQuality@3] File [C:/VperData/GitHub/ActionRoguelike/ActionRoguelike/Saved/Config/Windows/Scalability.ini]
[2023.07.07-13.05.33:516][  0]LogConfig: Setting CVar [[r.TranslucencyLightingVolumeDim:64]]
[2023.07.07-13.05.33:516][  0]LogConfig: Setting CVar [[r.RefractionQuality:2]]
[2023.07.07-13.05.33:516][  0]LogConfig: Setting CVar [[r.SSR.Quality:3]]
[2023.07.07-13.05.33:516][  0]LogConfig: Setting CVar [[r.SSR.HalfResSceneColor:0]]
[2023.07.07-13.05.33:516][  0]LogConfig: Setting CVar [[r.SceneColorFormat:4]]
[2023.07.07-13.05.33:516][  0]LogConfig: Setting CVar [[r.DetailMode:2]]
[2023.07.07-13.05.33:516][  0]LogConfig: Setting CVar [[r.TranslucencyVolumeBlur:1]]
[2023.07.07-13.05.33:516][  0]LogConfig: Setting CVar [[r.MaterialQualityLevel:1 ; High quality]]
[2023.07.07-13.05.33:516][  0]LogConfig: Setting CVar [[r.AnisotropicMaterials:1]]
[2023.07.07-13.05.33:516][  0]LogConfig: Setting CVar [[r.SSS.Scale:1]]
[2023.07.07-13.05.33:516][  0]LogConfig: Setting CVar [[r.SSS.SampleSet:2]]
[2023.07.07-13.05.33:516][  0]LogConfig: Setting CVar [[r.SSS.Quality:1]]
[2023.07.07-13.05.33:516][  0]LogConfig: Setting CVar [[r.SSS.HalfRes:0]]
[2023.07.07-13.05.33:516][  0]LogConfig: Setting CVar [[r.SSGI.Quality:3]]
[2023.07.07-13.05.33:516][  0]LogConfig: Setting CVar [[r.EmitterSpawnRateScale:1.0]]
[2023.07.07-13.05.33:516][  0]LogConfig: Setting CVar [[r.ParticleLightQuality:2]]
[2023.07.07-13.05.33:516][  0]LogConfig: Setting CVar [[r.SkyAtmosphere.AerialPerspectiveLUT.FastApplyOnOpaque:1 ; Always have FastSkyLUT 1 in this case to avoid wrong sky]]
[2023.07.07-13.05.33:516][  0]LogConfig: Setting CVar [[r.SkyAtmosphere.AerialPerspectiveLUT.SampleCountMaxPerSlice:4]]
[2023.07.07-13.05.33:516][  0]LogConfig: Setting CVar [[r.SkyAtmosphere.AerialPerspectiveLUT.DepthResolution:16.0]]
[2023.07.07-13.05.33:516][  0]LogConfig: Setting CVar [[r.SkyAtmosphere.FastSkyLUT:1]]
[2023.07.07-13.05.33:516][  0]LogConfig: Setting CVar [[r.SkyAtmosphere.FastSkyLUT.SampleCountMin:4.0]]
[2023.07.07-13.05.33:516][  0]LogConfig: Setting CVar [[r.SkyAtmosphere.FastSkyLUT.SampleCountMax:128.0]]
[2023.07.07-13.05.33:516][  0]LogConfig: Setting CVar [[r.SkyAtmosphere.SampleCountMin:4.0]]
[2023.07.07-13.05.33:516][  0]LogConfig: Setting CVar [[r.SkyAtmosphere.SampleCountMax:128.0]]
[2023.07.07-13.05.33:516][  0]LogConfig: Setting CVar [[r.SkyAtmosphere.TransmittanceLUT.UseSmallFormat:0]]
[2023.07.07-13.05.33:516][  0]LogConfig: Setting CVar [[r.SkyAtmosphere.TransmittanceLUT.SampleCount:10.0]]
[2023.07.07-13.05.33:516][  0]LogConfig: Setting CVar [[r.SkyAtmosphere.MultiScatteringLUT.SampleCount:15.0]]
[2023.07.07-13.05.33:516][  0]LogConfig: Setting CVar [[r.SkyLight.RealTimeReflectionCapture:1]]
[2023.07.07-13.05.33:516][  0]LogConfig: Applying CVar settings from Section [FoliageQuality@3] File [C:/VperData/GitHub/ActionRoguelike/ActionRoguelike/Saved/Config/Windows/Scalability.ini]
[2023.07.07-13.05.33:516][  0]LogConfig: Setting CVar [[foliage.DensityScale:1.0]]
[2023.07.07-13.05.33:516][  0]LogConfig: Setting CVar [[grass.DensityScale:1.0]]
[2023.07.07-13.05.33:516][  0]LogConfig: Applying CVar settings from Section [ShadingQuality@3] File [C:/VperData/GitHub/ActionRoguelike/ActionRoguelike/Saved/Config/Windows/Scalability.ini]
[2023.07.07-13.05.33:516][  0]LogConfig: Setting CVar [[r.HairStrands.SkyLighting.IntegrationType:2]]
[2023.07.07-13.05.33:516][  0]LogConfig: Setting CVar [[r.HairStrands.SkyAO.SampleCount:4]]
[2023.07.07-13.05.33:516][  0]LogConfig: Setting CVar [[r.HairStrands.Visibility.MSAA.SamplePerPixel:4]]
[2023.07.07-13.05.33:516][  0]LogConfig: Applying CVar settings from Section [Startup] File [../../../Engine/Config/ConsoleVariables.ini]
[2023.07.07-13.05.33:516][  0]LogConfig: Setting CVar [[net.UseAdaptiveNetUpdateFrequency:0]]
[2023.07.07-13.05.33:516][  0]LogConfig: Setting CVar [[p.chaos.AllowCreatePhysxBodies:1]]
[2023.07.07-13.05.33:516][  0]LogConfig: Setting CVar [[fx.SkipVectorVMBackendOptimizations:1]]
[2023.07.07-13.05.33:516][  0]LogConfig: Applying CVar settings from Section [ConsoleVariables] File [C:/VperData/GitHub/ActionRoguelike/ActionRoguelike/Saved/Config/Windows/Engine.ini]
[2023.07.07-13.05.33:516][  0]LogConfig: Applying CVar settings from Section [ConsoleVariables] File [C:/VperData/GitHub/ActionRoguelike/ActionRoguelike/Saved/Config/Windows/Editor.ini]
[2023.07.07-13.05.33:516][  0]LogInit: Computer: VPER
[2023.07.07-13.05.33:516][  0]LogInit: User: virtu
[2023.07.07-13.05.33:516][  0]LogInit: CPU Page size=4096, Cores=14
[2023.07.07-13.05.33:516][  0]LogInit: High frequency timer resolution =10.000000 MHz
[2023.07.07-13.05.33:516][  0]LogMemory: Memory total: Physical=31.8GB (32GB approx)
[2023.07.07-13.05.33:516][  0]LogMemory: Platform Memory Stats for Windows
[2023.07.07-13.05.33:516][  0]LogMemory: Process Physical Memory: 145.54 MB used, 145.54 MB peak
[2023.07.07-13.05.33:516][  0]LogMemory: Process Virtual Memory: 128.15 MB used, 128.15 MB peak
[2023.07.07-13.05.33:516][  0]LogMemory: Physical Memory: 10970.60 MB used,  21631.62 MB free, 32602.22 MB total
[2023.07.07-13.05.33:516][  0]LogMemory: Virtual Memory: 134197344.00 MB used,  20380.14 MB free, 134217728.00 MB total
[2023.07.07-13.05.33:520][  0]LogWindows: WindowsPlatformFeatures enabled
[2023.07.07-13.05.33:532][  0]LogInit: Physics initialised using underlying interface: PhysX
[2023.07.07-13.05.33:532][  0]LogInit: Overriding language with editor language configuration option (en).
[2023.07.07-13.05.33:532][  0]LogInit: Using OS detected locale (zh-CN).
[2023.07.07-13.05.33:632][  0]LogInit: Setting process to per monitor DPI aware
[2023.07.07-13.05.33:641][  0]LogWindowsTextInputMethodSystem: Display: IME system deactivated.
[2023.07.07-13.05.33:648][  0]LogSlate: New Slate User Created.  User Index 0, Is Virtual User: 0
[2023.07.07-13.05.33:648][  0]LogSlate: Slate User Registered.  User Index 0, Is Virtual User: 0
[2023.07.07-13.05.33:695][  0]LogD3D11RHI: Loaded GFSDK_Aftermath_Lib.x64.dll
[2023.07.07-13.05.33:697][  0]LogHMD: Failed to initialize OpenVR with code 110
[2023.07.07-13.05.33:697][  0]LogD3D11RHI: D3D11 min allowed feature level: 11_0
[2023.07.07-13.05.33:697][  0]LogD3D11RHI: D3D11 max allowed feature level: 11_0
[2023.07.07-13.05.33:697][  0]LogD3D11RHI: D3D11 adapters:
[2023.07.07-13.05.33:744][  0]LogD3D11RHI:    0. 'NVIDIA GeForce RTX 3060 Ti' (Feature Level 11_0)
[2023.07.07-13.05.33:744][  0]LogD3D11RHI:       8038/0/16301 MB DedicatedVideo/DedicatedSystem/SharedSystem, Outputs:1, VendorId:0x10de
[2023.07.07-13.05.33:745][  0]LogD3D11RHI:    1. 'Microsoft Basic Render Driver' (Feature Level 11_0)
[2023.07.07-13.05.33:745][  0]LogD3D11RHI:       0/0/16301 MB DedicatedVideo/DedicatedSystem/SharedSystem, Outputs:0, VendorId:0x1414
[2023.07.07-13.05.33:745][  0]LogD3D11RHI: Chosen D3D11 Adapter:
[2023.07.07-13.05.33:745][  0]LogD3D11RHI:     Description : NVIDIA GeForce RTX 3060 Ti
[2023.07.07-13.05.33:745][  0]LogD3D11RHI:     VendorId    : 10de
[2023.07.07-13.05.33:745][  0]LogD3D11RHI:     DeviceId    : 24c9
[2023.07.07-13.05.33:745][  0]LogD3D11RHI:     SubSysId    : 88b61043
[2023.07.07-13.05.33:745][  0]LogD3D11RHI:     Revision    : 00a1
[2023.07.07-13.05.33:745][  0]LogD3D11RHI:     DedicatedVideoMemory : 8428453888 bytes
[2023.07.07-13.05.33:745][  0]LogD3D11RHI:     DedicatedSystemMemory : 0 bytes
[2023.07.07-13.05.33:745][  0]LogD3D11RHI:     SharedSystemMemory : 17092952064 bytes
[2023.07.07-13.05.33:745][  0]LogD3D11RHI:     AdapterLuid : 0 45774
[2023.07.07-13.05.33:749][  0]LogD3D11RHI: Creating new Direct3DDevice
[2023.07.07-13.05.33:749][  0]LogD3D11RHI:     GPU DeviceId: 0x24c9 (for the marketing name, search the web for "GPU Device Id")
[2023.07.07-13.05.33:749][  0]LogWindows: EnumDisplayDevices:
[2023.07.07-13.05.33:749][  0]LogWindows:    0. 'NVIDIA GeForce RTX 3060 Ti' (P:1 D:1)
[2023.07.07-13.05.33:749][  0]LogWindows:    1. 'NVIDIA GeForce RTX 3060 Ti' (P:0 D:0)
[2023.07.07-13.05.33:749][  0]LogWindows:    2. 'NVIDIA GeForce RTX 3060 Ti' (P:0 D:0)
[2023.07.07-13.05.33:749][  0]LogWindows:    3. 'NVIDIA GeForce RTX 3060 Ti' (P:0 D:0)
[2023.07.07-13.05.33:749][  0]LogWindows: DebugString: FoundDriverCount:4 
[2023.07.07-13.05.33:749][  0]LogD3D11RHI:     Adapter Name: NVIDIA GeForce RTX 3060 Ti
[2023.07.07-13.05.33:749][  0]LogD3D11RHI:   Driver Version: 528.24 (internal:31.0.15.2824, unified:528.24)
[2023.07.07-13.05.33:749][  0]LogD3D11RHI:      Driver Date: 1-15-2023
[2023.07.07-13.05.33:749][  0]LogRHI: Texture pool is 5626 MB (70% of 8038 MB)
[2023.07.07-13.05.33:749][  0]LogD3D11RHI: Creating D3DDevice using adapter:
[2023.07.07-13.05.33:749][  0]LogD3D11RHI:     Description : NVIDIA GeForce RTX 3060 Ti
[2023.07.07-13.05.33:749][  0]LogD3D11RHI:     VendorId    : 10de
[2023.07.07-13.05.33:749][  0]LogD3D11RHI:     DeviceId    : 24c9
[2023.07.07-13.05.33:749][  0]LogD3D11RHI:     SubSysId    : 88b61043
[2023.07.07-13.05.33:749][  0]LogD3D11RHI:     Revision    : 00a1
[2023.07.07-13.05.33:749][  0]LogD3D11RHI:     DedicatedVideoMemory : 8428453888 bytes
[2023.07.07-13.05.33:749][  0]LogD3D11RHI:     DedicatedSystemMemory : 0 bytes
[2023.07.07-13.05.33:749][  0]LogD3D11RHI:     SharedSystemMemory : 17092952064 bytes
[2023.07.07-13.05.33:749][  0]LogD3D11RHI:     AdapterLuid : 0 45774
[2023.07.07-13.05.33:779][  0]LogD3D11RHI: RHI has support for 64 bit atomics
[2023.07.07-13.05.33:779][  0]LogD3D11RHI: Async texture creation enabled
[2023.07.07-13.05.33:779][  0]LogD3D11RHI: Array index from any shader is supported
[2023.07.07-13.05.33:795][  0]LogD3D11RHI: GPU Timing Frequency: 1000.000000 (Debug: 2 2)
[2023.07.07-13.05.33:807][  0]LogRHI: GeForceNow SDK initialized: 1
[2023.07.07-13.05.33:967][  0]LogTargetPlatformManager: Display: Loaded TargetPlatform 'AllDesktop'
[2023.07.07-13.05.33:979][  0]LogTargetPlatformManager: Display: Loaded TargetPlatform 'Android'
[2023.07.07-13.05.33:979][  0]LogTargetPlatformManager: Display: Loaded TargetPlatform 'Android_ASTC'
[2023.07.07-13.05.33:979][  0]LogTargetPlatformManager: Display: Loaded TargetPlatform 'Android_DXT'
[2023.07.07-13.05.33:979][  0]LogTargetPlatformManager: Display: Loaded TargetPlatform 'Android_ETC2'
[2023.07.07-13.05.33:979][  0]LogTargetPlatformManager: Display: Loaded TargetPlatform 'AndroidClient'
[2023.07.07-13.05.33:979][  0]LogTargetPlatformManager: Display: Loaded TargetPlatform 'Android_ASTCClient'
[2023.07.07-13.05.33:979][  0]LogTargetPlatformManager: Display: Loaded TargetPlatform 'Android_DXTClient'
[2023.07.07-13.05.33:979][  0]LogTargetPlatformManager: Display: Loaded TargetPlatform 'Android_ETC2Client'
[2023.07.07-13.05.33:979][  0]LogTargetPlatformManager: Display: Loaded TargetPlatform 'Android_Multi'
[2023.07.07-13.05.33:979][  0]LogTargetPlatformManager: Display: Loaded TargetPlatform 'Android_MultiClient'
[2023.07.07-13.05.33:989][  0]LogTargetPlatformManager: Display: Loaded TargetPlatform 'IOSClient'
[2023.07.07-13.05.33:989][  0]LogTargetPlatformManager: Display: Loaded TargetPlatform 'IOS'
[2023.07.07-13.05.33:994][  0]LogTargetPlatformManager: Display: Loaded TargetPlatform 'Linux'
[2023.07.07-13.05.33:997][  0]LogTargetPlatformManager: Display: Loaded TargetPlatform 'LinuxNoEditor'
[2023.07.07-13.05.34:000][  0]LogTargetPlatformManager: Display: Loaded TargetPlatform 'LinuxClient'
[2023.07.07-13.05.34:003][  0]LogTargetPlatformManager: Display: Loaded TargetPlatform 'LinuxServer'
[2023.07.07-13.05.34:008][  0]LogTargetPlatformManager: Display: Loaded TargetPlatform 'LinuxAArch64NoEditor'
[2023.07.07-13.05.34:010][  0]LogTargetPlatformManager: Display: Loaded TargetPlatform 'LinuxAArch64Client'
[2023.07.07-13.05.34:013][  0]LogTargetPlatformManager: Display: Loaded TargetPlatform 'LinuxAArch64Server'
[2023.07.07-13.05.34:025][  0]LogTargetPlatformManager: Display: Loaded TargetPlatform 'Lumin'
[2023.07.07-13.05.34:025][  0]LogTargetPlatformManager: Display: Loaded TargetPlatform 'LuminClient'
[2023.07.07-13.05.34:030][  0]LogTargetPlatformManager: Display: Loaded TargetPlatform 'MacNoEditor'
[2023.07.07-13.05.34:032][  0]LogTargetPlatformManager: Display: Loaded TargetPlatform 'Mac'
[2023.07.07-13.05.34:035][  0]LogTargetPlatformManager: Display: Loaded TargetPlatform 'MacClient'
[2023.07.07-13.05.34:038][  0]LogTargetPlatformManager: Display: Loaded TargetPlatform 'MacServer'
[2023.07.07-13.05.34:043][  0]LogTargetPlatformManager: Display: Loaded TargetPlatform 'TVOSClient'
[2023.07.07-13.05.34:043][  0]LogTargetPlatformManager: Display: Loaded TargetPlatform 'TVOS'
[2023.07.07-13.05.34:048][  0]LogTargetPlatformManager: Display: Loaded TargetPlatform 'WindowsNoEditor'
[2023.07.07-13.05.34:051][  0]LogTargetPlatformManager: Display: Loaded TargetPlatform 'Windows'
[2023.07.07-13.05.34:053][  0]LogTargetPlatformManager: Display: Loaded TargetPlatform 'WindowsClient'
[2023.07.07-13.05.34:056][  0]LogTargetPlatformManager: Display: Loaded TargetPlatform 'WindowsServer'
[2023.07.07-13.05.34:056][  0]LogTargetPlatformManager: Display: Building Assets For Windows
[2023.07.07-13.05.34:060][  0]LogAudioDebug: Display: Lib vorbis DLL was dynamically loaded.
[2023.07.07-13.05.34:078][  0]LogTextureFormatOodle: Display: Oodle Texture 2.9.0 init RDO Off
[2023.07.07-13.05.34:096][  0]LogRendererCore: Ray tracing is disabled. Reason: r.RayTracing=0.
[2023.07.07-13.05.34:096][  0]LogShaderCompilers: Guid format shader working directory is -23 characters bigger than the processId version (../../../../../../../VperData/GitHub/ActionRoguelike/ActionRoguelike/Intermediate/Shaders/WorkingDirectory/25400/).
[2023.07.07-13.05.34:096][  0]LogShaderCompilers: Cleaned the shader compiler working directory 'C:/Users/virtu/AppData/Local/Temp/UnrealShaderWorkingDir/C31BBE5E4A865CA573CABF8B04F86CFC/'.
[2023.07.07-13.05.34:096][  0]LogXGEController: Cannot use XGE Controller as Incredibuild is not installed on this machine.
[2023.07.07-13.05.34:097][  0]LogShaderCompilers: Cannot use XGE Shader Compiler as Incredibuild is not installed on this machine.
[2023.07.07-13.05.34:097][  0]LogShaderCompilers: Display: Using Local Shader Compiler.
[2023.07.07-13.05.34:538][  0]LogDerivedDataCache: Display: Max Cache Size: 512 MB
[2023.07.07-13.05.34:578][  0]LogDerivedDataCache: Loaded boot cache 0.04s 94MB C:/Users/virtu/AppData/Local/UnrealEngine/4.27/DerivedDataCache/Boot.ddc.
[2023.07.07-13.05.34:578][  0]LogDerivedDataCache: Display: Loaded Boot cache: C:/Users/virtu/AppData/Local/UnrealEngine/4.27/DerivedDataCache/Boot.ddc
[2023.07.07-13.05.34:578][  0]LogDerivedDataCache: FDerivedDataBackendGraph:  Pak pak cache file ../../../../../../../VperData/GitHub/ActionRoguelike/ActionRoguelike/DerivedDataCache/DDC.ddp not found, will not use a pak cache.
[2023.07.07-13.05.34:578][  0]LogDerivedDataCache: Unable to find inner node Pak for hierarchical cache Hierarchy.
[2023.07.07-13.05.34:578][  0]LogDerivedDataCache: FDerivedDataBackendGraph:  CompressedPak pak cache file ../../../../../../../VperData/GitHub/ActionRoguelike/ActionRoguelike/DerivedDataCache/Compressed.ddp not found, will not use a pak cache.
[2023.07.07-13.05.34:578][  0]LogDerivedDataCache: Unable to find inner node CompressedPak for hierarchical cache Hierarchy.
[2023.07.07-13.05.34:588][  0]LogDerivedDataCache: Display: Pak cache opened for reading ../../../Engine/DerivedDataCache/Compressed.ddp.
[2023.07.07-13.05.34:588][  0]LogDerivedDataCache: FDerivedDataBackendGraph:  EnterprisePak pak cache file ../../../Enterprise/DerivedDataCache/Compressed.ddp not found, will not use a pak cache.
[2023.07.07-13.05.34:588][  0]LogDerivedDataCache: Unable to find inner node EnterprisePak for hierarchical cache Hierarchy.
[2023.07.07-13.05.34:600][  0]LogDerivedDataCache: Speed tests for C:/Users/virtu/AppData/Local/UnrealEngine/Common/DerivedDataCache took 0.01 seconds
[2023.07.07-13.05.34:600][  0]LogDerivedDataCache: Display: Performance to C:/Users/virtu/AppData/Local/UnrealEngine/Common/DerivedDataCache: Latency=0.01ms. RandomReadSpeed=2641.91MBs, RandomWriteSpeed=87.33MBs. Assigned SpeedClass 'Local'
[2023.07.07-13.05.34:600][  0]LogDerivedDataCache: Using Local data cache path C:/Users/virtu/AppData/Local/UnrealEngine/Common/DerivedDataCache: Writable
[2023.07.07-13.05.34:600][  0]LogDerivedDataCache: Shared data cache path not found in *engine.ini, will not use an Shared cache.
[2023.07.07-13.05.34:600][  0]LogDerivedDataCache: Unable to find inner node Shared for hierarchical cache Hierarchy.
[2023.07.07-13.05.34:625][  0]LogSlate: Using FreeType 2.10.0
[2023.07.07-13.05.34:625][  0]LogSlate: SlateFontServices - WITH_FREETYPE: 1, WITH_HARFBUZZ: 1
[2023.07.07-13.05.34:639][  0]LogAssetRegistry: FAssetRegistry took 0.0015 seconds to start up
[2023.07.07-13.05.34:756][  0]LogInit: Selected Device Profile: [Windows]
[2023.07.07-13.05.34:756][  0]LogInit: Active device profile: [000001865C5DED00][0000018651EF6DC0 49] Windows
[2023.07.07-13.05.34:756][  0]LogInit: Profiles: [000001865C5DED00][0000018651EF6DC0 49] Windows, [000001865C57E600][0000018651EFEF40 49] WindowsNoEditor, [000001865C5DD200][0000018651F030C0 49] WindowsServer, [000001865C57CC00][0000018651F07240 49] WindowsClient, [000001865C56BF00][0000018651F0B3C0 49] IOS, [000001865C5DD300][0000018651B25540 49] iPadAir, [000001865C57C200][0000018651B296C0 49] iPadAir2, [000001865C528800][0000018651B31980 49] IPadPro, [000001865C528900][0000018651B2D9C0 49] iPadAir3, [000001865C569F00][0000018651B35B40 49] iPadAir4, [000001865C529800][0000018651B38140 49] iPadMini2, [000001865C56AA00][0000018651B3C2C0 49] iPadMini3, [000001865C52A500][000001865B0AE440 49] iPadMini4, [000001865C56BB00][000001865B0B25C0 49] iPadMini5, [000001865C5DC100][0000018651EFA840 49] iPhone6, [000001865C5DD600][000001865B0B6880 49] iPodTouch6, [000001865C57CB00][000001865B0BEAC0 49] iPhone7, [000001865C57FE00][000001865B0BAB00 49] iPodTouch7, [000001865C52B300][000001865B0C6C80 49] iPhone5S, [000001865C57E100][000001865B0CAE00 49] iPhone6Plus, [000001865C52AA00][000001865B0CEF80 49] iPhone6S, [000001865C57EA00][000001865B0D3100 49] iPhone6SPlus, [000001865C52A900][000001865B0D7280 49] iPhone7Plus, [000001865C57CA00][000001865B0DB400 49] iPhoneSE, [000001865C5DC800][000001865B0DF580 49] iPhone8, [000001865C57E800][000001865B0E3700 49] iPhone8Plus, [000001865C5DE300][000001865B0E7880 49] iPhoneX, [000001865C57E000][000001865B0EBA00 49] iPhoneXS, [000001865C5DC300][000001865D101B80 49] iPhoneXSMax, [000001865C57F700][000001865D104180 49] iPhoneXR, [000001865C5DD900][000001865D108300 49] iPhone11, [000001865C57C800][000001865D10C480 49] iPhone11Pro, [000001865C5DCE00][000001865D110600 49] iPhone11ProMax, [000001865C57DB00][000001865D114780 49] iPhoneSE2, [000001865C5DC900][000001865D118900 49] iPhone12Mini, [000001865C57F900][000001865B0C2A40 49] iPhone12, [000001865C5DEE00][000001865D11CB80 49] iPhone12Pro, [000001865C57FF00][000001865D120CC0 49] iPhone12ProMax, [000001865C5DC200][000001865D128E40 49] iPadPro105, [000001865C57C100][000001865D12CFC0 49] iPadPro129, [000001865C5DE800][000001865D131140 49] iPadPro97, [000001865C57D200][000001865D1352C0 49] iPadPro2_129, [000001865C5DCC00][000001865D139440 49] iPad5, [000001865C57EB00][000001865D13D5C0 49] iPad6, [000001865C5DF000][000001865D141740 49] iPad7, [000001865C57F200][000001865D1458C0 49] iPad8, [000001865C5DF200][000001865D149A40 49] iPadPro11, [000001865C57DF00][000001865D14DBC0 49] iPadPro2_11, [000001865C5DCF00][000001865D1501C0 49] iPadPro3_129, [000001865C57C900][000001865D154340 49] iPadPro4_129, [000001865C5DD400][000001865D1584C0 49] AppleTV, [000001865C57ED00][000001865D15C640 49] AppleTV4K, [000001865C5DE900][000001865D1607C0 49] TVOS, [000001865C57F300][000001865D164940 49] Mac, [000001865C5DEB00][000001865D168AC0 49] MacClient, [000001865C57FD00][000001865D124C00 49] MacNoEditor, [000001865C5DD000][000001865D16CD40 49] MacServer, [000001865C57C400][000001865D19CE80 49] Linux, [000001865C5DF100][000001865D200FC0 49] LinuxAArch64, [000001865C57D600][000001865D209140 49] LinuxNoEditor, [000001865C5DE700][000001865D20D2C0 49] LinuxAArch64NoEditor, [000001865C57EF00][000001865D211440 49] LinuxClient, [000001865C5DC700][000001865D2155C0 49] LinuxAArch64Client, [000001865C57FC00][000001865D219740 49] LinuxServer, [000001865C5DC600][000001865D21D8C0 49] LinuxAArch64Server, [000001865C56A100][000001865D221A40 49] Android, [000001865C52B100][000001865D239BC0 49] Android_Low, [000001865C568700][000001865D2561C0 49] Android_Mid, [000001865C52B900][000001865D25A340 49] Android_High, [000001865C56B500][000001865D25E4C0 49] Android_Default, [000001865C529A00][000001865D262640 49] Android_Adreno4xx, [000001865C56B200][000001865D2667C0 49] Android_Adreno5xx_Low, [000001865C52A200][000001865D26A940 49] Android_Adreno5xx, [000001865C56AD00][000001865D26EAC0 49] Android_Adreno6xx, [000001865C528B00][000001865D272C40 49] Android_Adreno6xx_Vulkan, [000001865C568E00][000001865D204D80 49] Android_Mali_T6xx, [000001865C52B200][000001865D27EEC0 49] Android_Mali_T7xx, [000001865C56A200][000001865D283000 49] Android_Mali_T8xx, [000001865C529600][000001865D287140 49] Android_Mali_G71, [000001865C56B100][000001865D28F2C0 49] Android_Mali_G72, [000001865C528600][000001865D2D3440 49] Android_Mali_G72_Vulkan, [000001865C569600][000001865D2D75C0 49] Android_Mali_G76, [000001865C52A000][000001865D2DB740 49] Android_Mali_G76_Vulkan, [000001865C56A600][000001865D2DF8C0 49] Android_Mali_G77, [000001865C528C00][000001865D31FA40 49] Android_Mali_G77_Vulkan, [000001865C568300][000001865D323BC0 49] Android_Mali_G78, [000001865C529500][000001865D3261C0 49] Android_Mali_G78_Vulkan, [000001865C569900][000001865D32A340 49] Android_Mali_G710, [000001865C52AF00][000001865D32E4C0 49] Android_Mali_G710_Vulkan, [000001865C56AE00][000001865D332640 49] Android_Vulkan_SM5, [000001865C52BC00][000001865D3367C0 49] Android_PowerVR_G6xxx, [000001865C56B300][000001865D33A940 49] Android_PowerVR_GT7xxx, [000001865C52B000][000001865D33EAC0 49] Android_PowerVR_GE8xxx, [000001865C568F00][000001865D392C40 49] Android_PowerVR_GM9xxx, [000001865C528500][000001865D396DC0 49] Android_PowerVR_GM9xxx_Vulkan, [000001865C569200][000001865D39AF40 49] Android_TegraK1, [000001865C52AD00][000001865D28B080 49] Android_Unknown_Vulkan, [000001865C56B700][000001865D39F1C0 49] Lumin, [000001865C52A700][000001865D3A3300 49] Lumin_Desktop, [000001865C56A000][000001865D3F1480 49] HoloLens, 
[2023.07.07-13.05.34:844][  0]LogMeshReduction: Using QuadricMeshReduction for automatic static mesh reduction
[2023.07.07-13.05.34:844][  0]LogMeshReduction: Using SimplygonMeshReduction for automatic skeletal mesh reduction
[2023.07.07-13.05.34:844][  0]LogMeshReduction: Using ProxyLODMeshReduction for automatic mesh merging
[2023.07.07-13.05.34:844][  0]LogMeshReduction: No distributed automatic mesh merging module available
[2023.07.07-13.05.34:844][  0]LogMeshMerging: No distributed automatic mesh merging module available
[2023.07.07-13.05.34:852][  0]LogNetVersion: ActionRoguelike 1.0.0, NetCL: 17155196, EngineNetVer: 17, GameNetVer: 0 (Checksum: 1099936942)
[2023.07.07-13.05.35:056][  0]LogTexture: Default maximum texture size for cubemaps generated from long-lat sources has been changed from 512 to unlimited. In order to preserve old behaiour for '/Engine/MapTemplates/Sky/DaylightAmbientCubemap.DaylightAmbientCubemap', its maximum texture size has been explicitly set to 512.
[2023.07.07-13.05.35:088][  0]LogHMD: PokeAHoleMaterial loaded successfully
[2023.07.07-13.05.35:091][  0]LogUObjectArray: 17178 objects as part of root set at end of initial load.
[2023.07.07-13.05.35:091][  0]LogUObjectAllocator: 4302048 out of 0 bytes used by permanent object pool.
[2023.07.07-13.05.35:091][  0]LogUObjectArray: CloseDisregardForGC: 0/0 objects in disregard for GC pool
[2023.07.07-13.05.35:236][  0]LogNiagaraDebuggerClient: Niagara Debugger Client Initialized | Session: 33CA91D448F467D58B2F1F84FFAB69BC | Instance: EFF42FE24153D7693E0103A78A0E1476 (VPER-25400).
[2023.07.07-13.05.35:306][  0]LogPython: Using Python 3.7.7
[2023.07.07-13.05.35:585][  0]LogUdpMessaging: Initializing bridge on interface 0.0.0.0:0 to multicast group 230.0.0.1:6666.
[2023.07.07-13.05.35:589][  0]LogTcpMessaging: Initializing TcpMessaging bridge
[2023.07.07-13.05.35:787][  0]SourceControl: Source control is disabled
[2023.07.07-13.05.35:787][  0]SourceControl: Source control is disabled
[2023.07.07-13.05.35:789][  0]SourceControl: Source control is disabled
[2023.07.07-13.05.35:792][  0]SourceControl: Source control is disabled
[2023.07.07-13.05.35:796][  0]SourceControl: Source control is disabled
[2023.07.07-13.05.35:798][  0]LogOpenImageDenoise: OIDN starting up
[2023.07.07-13.05.35:805][  0]LogUProjectInfo: Found projects:
[2023.07.07-13.05.35:823][  0]LogAndroidPermission: UAndroidPermissionCallbackProxy::GetInstance
[2023.07.07-13.05.35:830][  0]LogAudioCaptureCore: Display: No Audio Capture implementations found. Audio input will be silent.
[2023.07.07-13.05.35:830][  0]LogAudioCaptureCore: Display: No Audio Capture implementations found. Audio input will be silent.
[2023.07.07-13.05.35:920][  0]LogCollectionManager: Loaded 0 collections in 0.000878 seconds
[2023.07.07-13.05.35:934][  0]LogFileCache: Scanning file cache for directory 'C:/VperData/GitHub/ActionRoguelike/ActionRoguelike/Saved/Collections/' took 0.00s
[2023.07.07-13.05.35:934][  0]LogFileCache: Scanning file cache for directory 'C:/VperData/GitHub/ActionRoguelike/ActionRoguelike/Content/Developers/virtu/Collections/' took 0.00s
[2023.07.07-13.05.35:934][  0]LogFileCache: Scanning file cache for directory 'C:/VperData/GitHub/ActionRoguelike/ActionRoguelike/Content/Collections/' took 0.00s
[2023.07.07-13.05.35:934][  0]LogOcInput: OculusInput pre-init called
[2023.07.07-13.05.36:082][  0]LogEngine: Initializing Engine...
[2023.07.07-13.05.36:084][  0]LogHMD: Failed to enumerate extensions. Please check that you have a valid OpenXR runtime installed.
[2023.07.07-13.05.36:084][  0]LogHMD: Failed to initialize OpenVR with code 110
[2023.07.07-13.05.36:084][  0]LogMagicLeap: Warning: VR disabled because ZI is not enabled.  To enable, in the editor, Edit -> Project Settings -> Plugins -> Magic Leap Plugin -> Enable Zero Iteration
[2023.07.07-13.05.36:084][  0]LogStats: UGameplayTagsManager::InitializeManager -  0.000 s
[2023.07.07-13.05.36:151][  0]LogInit: Initializing FReadOnlyCVARCache
[2023.07.07-13.05.36:156][  0]LogAIModule: Creating AISystem for world Untitled
[2023.07.07-13.05.36:164][  0]LogAudio: Display: Initializing Audio Device Manager...
[2023.07.07-13.05.36:166][  0]LogAudio: Display: Loading Default Audio Settings Objects...
[2023.07.07-13.05.36:167][  0]LogAudio: Display: No default SoundConcurrencyObject specified (or failed to load).
[2023.07.07-13.05.36:167][  0]LogAudio: Display: Audio Device Manager Initialized
[2023.07.07-13.05.36:167][  0]LogAudio: Display: Creating Audio Device:                 Id: 1, Scope: Shared, Realtime: True
[2023.07.07-13.05.36:167][  0]LogAudioMixer: Display: Audio Mixer Platform Settings:
[2023.07.07-13.05.36:167][  0]LogAudioMixer: Display: 	Sample Rate:						  48000
[2023.07.07-13.05.36:167][  0]LogAudioMixer: Display: 	Callback Buffer Frame Size Requested: 1024
[2023.07.07-13.05.36:167][  0]LogAudioMixer: Display: 	Callback Buffer Frame Size To Use:	  1024
[2023.07.07-13.05.36:167][  0]LogAudioMixer: Display: 	Number of buffers to queue:			  2
[2023.07.07-13.05.36:167][  0]LogAudioMixer: Display: 	Max Channels (voices):				  32
[2023.07.07-13.05.36:167][  0]LogAudioMixer: Display: 	Number of Async Source Workers:		  0
[2023.07.07-13.05.36:167][  0]LogAudio: Display: AudioDevice MaxSources: 32
[2023.07.07-13.05.36:167][  0]LogAudio: Display: Audio Spatialization Plugin: None (built-in).
[2023.07.07-13.05.36:167][  0]LogAudio: Display: Audio Reverb Plugin: None (built-in).
[2023.07.07-13.05.36:167][  0]LogAudio: Display: Audio Occlusion Plugin: None (built-in).
[2023.07.07-13.05.36:167][  0]LogAudioMixer: Display: Initializing audio mixer.
[2023.07.07-13.05.36:172][  0]LogAudioMixer: Display: 0: FrontLeft
[2023.07.07-13.05.36:172][  0]LogAudioMixer: Display: 1: FrontRight
[2023.07.07-13.05.36:191][  0]LogAudioMixer: Display: Using Audio Device 扬声器 (Realtek(R) Audio)
[2023.07.07-13.05.36:191][  0]LogAudioMixer: Display: Initializing Sound Submixes...
[2023.07.07-13.05.36:192][  0]LogAudioMixer: Display: Creating Master Submix 'MasterSubmixDefault'
[2023.07.07-13.05.36:192][  0]LogAudioMixer: Display: Creating Master Submix 'MasterReverbSubmixDefault'
[2023.07.07-13.05.36:193][  0]LogAudioMixer: Display: Creating Master Submix 'MasterEQSubmixDefault'
[2023.07.07-13.05.36:193][  0]LogAudioMixer: FMixerPlatformXAudio2::StartAudioStream() called
[2023.07.07-13.05.36:193][  0]LogAudioMixer: Display: Output buffers initialized: Frames=1024, Channels=2, Samples=2048
[2023.07.07-13.05.36:194][  0]LogAudioMixer: Display: Starting AudioMixerPlatformInterface::RunInternal()
[2023.07.07-13.05.36:194][  0]LogAudioMixer: Display: FMixerPlatformXAudio2::SubmitBuffer() called for the first time
[2023.07.07-13.05.36:194][  0]LogInit: FAudioDevice initialized.
[2023.07.07-13.05.36:194][  0]LogAudio: Display: Audio Device (ID: 1) registered with world 'Untitled'.
[2023.07.07-13.05.36:194][  0]LogNetVersion: Set ProjectVersion to 1.0.0.0. Version Checksum will be recalculated on next use.
[2023.07.07-13.05.36:226][  0]LogDerivedDataCache: Saved boot cache 0.03s 94MB C:/Users/virtu/AppData/Local/UnrealEngine/4.27/DerivedDataCache/Boot.ddc.
[2023.07.07-13.05.36:226][  0]LogInit: Texture streaming: Enabled
[2023.07.07-13.05.36:234][  0]LogAnalytics: Display: [UEEditor.Rocket.Release] APIServer = https://datarouter.ol.epicgames.com/. AppVersion = 4.27.2-18319896+++UE4+Release-4.27
[2023.07.07-13.05.36:236][  0]LogEngineSessionManager: EngineSessionManager initialized
[2023.07.07-13.05.36:236][  0]LogEditorSessionSummary: Verbose: Initializing EditorSessionSummaryWriter for editor session tracking
[2023.07.07-13.05.36:236][  0]LogEditorSessionSummary: EditorSessionSummaryWriter initialized
[2023.07.07-13.05.36:246][  0]LogInit: Transaction tracking system initialized
[2023.07.07-13.05.36:258][  0]BlueprintLog: New page: Editor Load
[2023.07.07-13.05.36:301][  0]LocalizationService: Localization service is disabled
[2023.07.07-13.05.36:314][  0]TimingProfiler: Initialize
[2023.07.07-13.05.36:314][  0]TimingProfiler: OnSessionChanged
[2023.07.07-13.05.36:314][  0]LoadingProfiler: Initialize
[2023.07.07-13.05.36:314][  0]LoadingProfiler: OnSessionChanged
[2023.07.07-13.05.36:314][  0]NetworkingProfiler: Initialize
[2023.07.07-13.05.36:314][  0]NetworkingProfiler: OnSessionChanged
[2023.07.07-13.05.36:314][  0]MemoryProfiler: Initialize
[2023.07.07-13.05.36:314][  0]MemoryProfiler: OnSessionChanged
[2023.07.07-13.05.36:534][  0]LogCook: Display: CookSettings for Memory: MemoryMaxUsedVirtual 0MiB, MemoryMaxUsedPhysical 16384MiB, MemoryMinFreeVirtual 0MiB, MemoryMinFreePhysical 1024MiB
[2023.07.07-13.05.36:534][  0]LogFileCache: Scanning file cache for directory 'C:/VperData/GitHub/ActionRoguelike/ActionRoguelike/Content/' took 0.00s
[2023.07.07-13.05.36:534][  0]LogCook: Display: Mobile HDR setting 1
[2023.07.07-13.05.36:743][  0]LogInit: Display: Engine is initialized. Leaving FEngineLoop::Init()
[2023.07.07-13.05.36:745][  0]SourceControl: Source control is disabled
[2023.07.07-13.05.36:745][  0]LogUnrealEdMisc: Loading editor; pre map load, took 3.704
[2023.07.07-13.05.36:745][  0]Cmd: MAP LOAD FILE="../../../Engine/Content/Maps/Templates/Template_Default.umap" TEMPLATE=1 SHOWPROGRESS=1 FEATURELEVEL=3
[2023.07.07-13.05.36:746][  0]LightingResults: New page: Lighting Build
[2023.07.07-13.05.36:746][  0]LogWorld: UWorld::CleanupWorld for Untitled, bSessionEnded=true, bCleanupResources=true
[2023.07.07-13.05.36:746][  0]LogSlate: InvalidateAllWidgets triggered.  All widgets were invalidated
[2023.07.07-13.05.36:746][  0]MapCheck: New page: Map Check
[2023.07.07-13.05.36:746][  0]LightingResults: New page: Lighting Build
[2023.07.07-13.05.36:749][  0]LogAudio: Display: Audio Device unregistered from world 'None'.
[2023.07.07-13.05.36:750][  0]LogUObjectHash: Compacting FUObjectHashTables data took   0.43ms
[2023.07.07-13.05.36:774][  0]LogTexture: Display: Building textures: DeprecatedTextureEB9CBE3C423008B5E8E130901E171C89 (BGRA8, 128X128)
[2023.07.07-13.05.36:778][  0]LogAudio: Display: Audio Device (ID: 1) registered with world 'Untitled_1'.
[2023.07.07-13.05.36:778][  0]LogAIModule: Creating AISystem for world Untitled_1
[2023.07.07-13.05.36:781][  0]LogEditorServer: Finished looking for orphan Actors (0.000 secs)
[2023.07.07-13.05.36:784][  0]LogUObjectHash: Compacting FUObjectHashTables data took   0.44ms
[2023.07.07-13.05.36:785][  0]Cmd: MAP CHECKDEP NOCLEARLOG
[2023.07.07-13.05.36:785][  0]MapCheck: Map check complete: 0 Error(s), 0 Warning(s), took 0.082ms to complete.
[2023.07.07-13.05.36:785][  0]LogFileHelpers: Loading map 'Template_Default' took 0.039
[2023.07.07-13.05.36:786][  0]LogUnrealEdMisc: Total Editor Startup Time, took 3.745
[2023.07.07-13.05.36:853][  0]LogWindowsTextInputMethodSystem: Display: IME system activated using TSF (微软拼音).
[2023.07.07-13.05.36:879][  0]LogSlate: Updating window title bar state: overlay mode, drag disabled, window buttons hidden, title bar hidden
[2023.07.07-13.05.36:882][  0]LogSlate: Updating window title bar state: overlay mode, drag disabled, window buttons hidden, title bar hidden
[2023.07.07-13.05.36:885][  0]LogSlate: Updating window title bar state: overlay mode, drag disabled, window buttons hidden, title bar hidden
[2023.07.07-13.05.36:888][  0]LogSlate: Updating window title bar state: overlay mode, drag disabled, window buttons hidden, title bar hidden
[2023.07.07-13.05.36:895][  0]LogNativeClassHierarchy: Verbose: Native class hierarchy populated in 0.0053 seconds. Added 3823 classes and 930 folders.
[2023.07.07-13.05.36:896][  0]LogNativeClassHierarchy: Verbose: Native class hierarchy updated for 'WidgetCarousel' in 0.0001 seconds. Added 0 classes and 0 folders.
[2023.07.07-13.05.36:896][  0]LogPakFile: PakFile PrimaryIndexSize=187
[2023.07.07-13.05.36:896][  0]LogPakFile: PakFile PathHashIndexSize=101
[2023.07.07-13.05.36:896][  0]LogPakFile: PakFile FullDirectoryIndexSize=148
[2023.07.07-13.05.36:896][  0]LogShaderLibrary: Display: ShaderCodeLibraryPakFileMountedCallback: PakFile 'C:/Program Files (x86)/Vper/UE/UE_4.27/FeaturePacks/FP_FirstPerson.upack' (chunk index -1, root 'root:/') mounted
[2023.07.07-13.05.36:896][  0]LogShaderLibrary: Display: ShaderCodeLibraryPakFileMountedCallback: pending pak file info (ChunkID:-1 Root:root:/ File:C:/Program Files (x86)/Vper/UE/UE_4.27/FeaturePacks/FP_FirstPerson.upack)
[2023.07.07-13.05.36:896][  0]LogPakFile: OnPakFileMounted2Time == 0.000032
[2023.07.07-13.05.36:897][  0]LogPakFile: PakFile PrimaryIndexSize=189
[2023.07.07-13.05.36:897][  0]LogPakFile: PakFile PathHashIndexSize=101
[2023.07.07-13.05.36:897][  0]LogPakFile: PakFile FullDirectoryIndexSize=152
[2023.07.07-13.05.36:897][  0]LogShaderLibrary: Display: ShaderCodeLibraryPakFileMountedCallback: PakFile 'C:/Program Files (x86)/Vper/UE/UE_4.27/FeaturePacks/FP_FirstPersonBP.upack' (chunk index -1, root 'root:/') mounted
[2023.07.07-13.05.36:897][  0]LogShaderLibrary: Display: ShaderCodeLibraryPakFileMountedCallback: pending pak file info (ChunkID:-1 Root:root:/ File:C:/Program Files (x86)/Vper/UE/UE_4.27/FeaturePacks/FP_FirstPersonBP.upack)
[2023.07.07-13.05.36:897][  0]LogPakFile: OnPakFileMounted2Time == 0.000018
[2023.07.07-13.05.36:897][  0]LogPakFile: PakFile PrimaryIndexSize=191
[2023.07.07-13.05.36:897][  0]LogPakFile: PakFile PathHashIndexSize=101
[2023.07.07-13.05.36:897][  0]LogPakFile: PakFile FullDirectoryIndexSize=160
[2023.07.07-13.05.36:897][  0]LogShaderLibrary: Display: ShaderCodeLibraryPakFileMountedCallback: PakFile 'C:/Program Files (x86)/Vper/UE/UE_4.27/FeaturePacks/MobileStarterContent.upack' (chunk index -1, root 'root:/') mounted
[2023.07.07-13.05.36:897][  0]LogShaderLibrary: Display: ShaderCodeLibraryPakFileMountedCallback: pending pak file info (ChunkID:-1 Root:root:/ File:C:/Program Files (x86)/Vper/UE/UE_4.27/FeaturePacks/MobileStarterContent.upack)
[2023.07.07-13.05.36:897][  0]LogPakFile: OnPakFileMounted2Time == 0.000016
[2023.07.07-13.05.36:897][  0]LogPakFile: PakFile PrimaryIndexSize=185
[2023.07.07-13.05.36:897][  0]LogPakFile: PakFile PathHashIndexSize=101
[2023.07.07-13.05.36:897][  0]LogPakFile: PakFile FullDirectoryIndexSize=148
[2023.07.07-13.05.36:897][  0]LogShaderLibrary: Display: ShaderCodeLibraryPakFileMountedCallback: PakFile 'C:/Program Files (x86)/Vper/UE/UE_4.27/FeaturePacks/StarterContent.upack' (chunk index -1, root 'root:/') mounted
[2023.07.07-13.05.36:897][  0]LogShaderLibrary: Display: ShaderCodeLibraryPakFileMountedCallback: pending pak file info (ChunkID:-1 Root:root:/ File:C:/Program Files (x86)/Vper/UE/UE_4.27/FeaturePacks/StarterContent.upack)
[2023.07.07-13.05.36:897][  0]LogPakFile: OnPakFileMounted2Time == 0.000017
[2023.07.07-13.05.36:897][  0]LogPakFile: PakFile PrimaryIndexSize=190
[2023.07.07-13.05.36:897][  0]LogPakFile: PakFile PathHashIndexSize=101
[2023.07.07-13.05.36:897][  0]LogPakFile: PakFile FullDirectoryIndexSize=154
[2023.07.07-13.05.36:897][  0]LogShaderLibrary: Display: ShaderCodeLibraryPakFileMountedCallback: PakFile 'C:/Program Files (x86)/Vper/UE/UE_4.27/FeaturePacks/TP_2DSideScroller.upack' (chunk index -1, root 'root:/') mounted
[2023.07.07-13.05.36:897][  0]LogShaderLibrary: Display: ShaderCodeLibraryPakFileMountedCallback: pending pak file info (ChunkID:-1 Root:root:/ File:C:/Program Files (x86)/Vper/UE/UE_4.27/FeaturePacks/TP_2DSideScroller.upack)
[2023.07.07-13.05.36:897][  0]LogPakFile: OnPakFileMounted2Time == 0.000015
[2023.07.07-13.05.36:897][  0]LogPakFile: PakFile PrimaryIndexSize=192
[2023.07.07-13.05.36:897][  0]LogPakFile: PakFile PathHashIndexSize=101
[2023.07.07-13.05.36:897][  0]LogPakFile: PakFile FullDirectoryIndexSize=158
[2023.07.07-13.05.36:897][  0]LogShaderLibrary: Display: ShaderCodeLibraryPakFileMountedCallback: PakFile 'C:/Program Files (x86)/Vper/UE/UE_4.27/FeaturePacks/TP_2DSideScrollerBP.upack' (chunk index -1, root 'root:/') mounted
[2023.07.07-13.05.36:897][  0]LogShaderLibrary: Display: ShaderCodeLibraryPakFileMountedCallback: pending pak file info (ChunkID:-1 Root:root:/ File:C:/Program Files (x86)/Vper/UE/UE_4.27/FeaturePacks/TP_2DSideScrollerBP.upack)
[2023.07.07-13.05.36:897][  0]LogPakFile: OnPakFileMounted2Time == 0.000015
[2023.07.07-13.05.36:898][  0]LogPakFile: PakFile PrimaryIndexSize=182
[2023.07.07-13.05.36:898][  0]LogPakFile: PakFile PathHashIndexSize=101
[2023.07.07-13.05.36:898][  0]LogPakFile: PakFile FullDirectoryIndexSize=138
[2023.07.07-13.05.36:898][  0]LogShaderLibrary: Display: ShaderCodeLibraryPakFileMountedCallback: PakFile 'C:/Program Files (x86)/Vper/UE/UE_4.27/FeaturePacks/TP_Flying.upack' (chunk index -1, root 'root:/') mounted
[2023.07.07-13.05.36:898][  0]LogShaderLibrary: Display: ShaderCodeLibraryPakFileMountedCallback: pending pak file info (ChunkID:-1 Root:root:/ File:C:/Program Files (x86)/Vper/UE/UE_4.27/FeaturePacks/TP_Flying.upack)
[2023.07.07-13.05.36:898][  0]LogPakFile: OnPakFileMounted2Time == 0.000017
[2023.07.07-13.05.36:898][  0]LogPakFile: PakFile PrimaryIndexSize=184
[2023.07.07-13.05.36:898][  0]LogPakFile: PakFile PathHashIndexSize=101
[2023.07.07-13.05.36:898][  0]LogPakFile: PakFile FullDirectoryIndexSize=142
[2023.07.07-13.05.36:898][  0]LogShaderLibrary: Display: ShaderCodeLibraryPakFileMountedCallback: PakFile 'C:/Program Files (x86)/Vper/UE/UE_4.27/FeaturePacks/TP_FlyingBP.upack' (chunk index -1, root 'root:/') mounted
[2023.07.07-13.05.36:898][  0]LogShaderLibrary: Display: ShaderCodeLibraryPakFileMountedCallback: pending pak file info (ChunkID:-1 Root:root:/ File:C:/Program Files (x86)/Vper/UE/UE_4.27/FeaturePacks/TP_FlyingBP.upack)
[2023.07.07-13.05.36:898][  0]LogPakFile: OnPakFileMounted2Time == 0.000016
[2023.07.07-13.05.36:898][  0]LogPakFile: PakFile PrimaryIndexSize=188
[2023.07.07-13.05.36:898][  0]LogPakFile: PakFile PathHashIndexSize=101
[2023.07.07-13.05.36:898][  0]LogPakFile: PakFile FullDirectoryIndexSize=150
[2023.07.07-13.05.36:898][  0]LogShaderLibrary: Display: ShaderCodeLibraryPakFileMountedCallback: PakFile 'C:/Program Files (x86)/Vper/UE/UE_4.27/FeaturePacks/TP_HandheldARBP.upack' (chunk index -1, root 'root:/') mounted
[2023.07.07-13.05.36:898][  0]LogShaderLibrary: Display: ShaderCodeLibraryPakFileMountedCallback: pending pak file info (ChunkID:-1 Root:root:/ File:C:/Program Files (x86)/Vper/UE/UE_4.27/FeaturePacks/TP_HandheldARBP.upack)
[2023.07.07-13.05.36:898][  0]LogPakFile: OnPakFileMounted2Time == 0.000015
[2023.07.07-13.05.36:898][  0]LogPakFile: PakFile PrimaryIndexSize=182
[2023.07.07-13.05.36:898][  0]LogPakFile: PakFile PathHashIndexSize=101
[2023.07.07-13.05.36:898][  0]LogPakFile: PakFile FullDirectoryIndexSize=138
[2023.07.07-13.05.36:898][  0]LogShaderLibrary: Display: ShaderCodeLibraryPakFileMountedCallback: PakFile 'C:/Program Files (x86)/Vper/UE/UE_4.27/FeaturePacks/TP_Puzzle.upack' (chunk index -1, root 'root:/') mounted
[2023.07.07-13.05.36:898][  0]LogShaderLibrary: Display: ShaderCodeLibraryPakFileMountedCallback: pending pak file info (ChunkID:-1 Root:root:/ File:C:/Program Files (x86)/Vper/UE/UE_4.27/FeaturePacks/TP_Puzzle.upack)
[2023.07.07-13.05.36:898][  0]LogPakFile: OnPakFileMounted2Time == 0.000019
[2023.07.07-13.05.36:899][  0]LogPakFile: PakFile PrimaryIndexSize=184
[2023.07.07-13.05.36:899][  0]LogPakFile: PakFile PathHashIndexSize=101
[2023.07.07-13.05.36:899][  0]LogPakFile: PakFile FullDirectoryIndexSize=142
[2023.07.07-13.05.36:899][  0]LogShaderLibrary: Display: ShaderCodeLibraryPakFileMountedCallback: PakFile 'C:/Program Files (x86)/Vper/UE/UE_4.27/FeaturePacks/TP_PuzzleBP.upack' (chunk index -1, root 'root:/') mounted
[2023.07.07-13.05.36:899][  0]LogShaderLibrary: Display: ShaderCodeLibraryPakFileMountedCallback: pending pak file info (ChunkID:-1 Root:root:/ File:C:/Program Files (x86)/Vper/UE/UE_4.27/FeaturePacks/TP_PuzzleBP.upack)
[2023.07.07-13.05.36:899][  0]LogPakFile: OnPakFileMounted2Time == 0.000015
[2023.07.07-13.05.36:899][  0]LogPakFile: PakFile PrimaryIndexSize=183
[2023.07.07-13.05.36:899][  0]LogPakFile: PakFile PathHashIndexSize=101
[2023.07.07-13.05.36:899][  0]LogPakFile: PakFile FullDirectoryIndexSize=140
[2023.07.07-13.05.36:899][  0]LogShaderLibrary: Display: ShaderCodeLibraryPakFileMountedCallback: PakFile 'C:/Program Files (x86)/Vper/UE/UE_4.27/FeaturePacks/TP_Rolling.upack' (chunk index -1, root 'root:/') mounted
[2023.07.07-13.05.36:899][  0]LogShaderLibrary: Display: ShaderCodeLibraryPakFileMountedCallback: pending pak file info (ChunkID:-1 Root:root:/ File:C:/Program Files (x86)/Vper/UE/UE_4.27/FeaturePacks/TP_Rolling.upack)
[2023.07.07-13.05.36:899][  0]LogPakFile: OnPakFileMounted2Time == 0.000015
[2023.07.07-13.05.36:899][  0]LogPakFile: PakFile PrimaryIndexSize=185
[2023.07.07-13.05.36:899][  0]LogPakFile: PakFile PathHashIndexSize=101
[2023.07.07-13.05.36:899][  0]LogPakFile: PakFile FullDirectoryIndexSize=144
[2023.07.07-13.05.36:899][  0]LogShaderLibrary: Display: ShaderCodeLibraryPakFileMountedCallback: PakFile 'C:/Program Files (x86)/Vper/UE/UE_4.27/FeaturePacks/TP_RollingBP.upack' (chunk index -1, root 'root:/') mounted
[2023.07.07-13.05.36:899][  0]LogShaderLibrary: Display: ShaderCodeLibraryPakFileMountedCallback: pending pak file info (ChunkID:-1 Root:root:/ File:C:/Program Files (x86)/Vper/UE/UE_4.27/FeaturePacks/TP_RollingBP.upack)
[2023.07.07-13.05.36:899][  0]LogPakFile: OnPakFileMounted2Time == 0.000016
[2023.07.07-13.05.36:900][  0]LogPakFile: PakFile PrimaryIndexSize=188
[2023.07.07-13.05.36:900][  0]LogPakFile: PakFile PathHashIndexSize=101
[2023.07.07-13.05.36:900][  0]LogPakFile: PakFile FullDirectoryIndexSize=150
[2023.07.07-13.05.36:900][  0]LogShaderLibrary: Display: ShaderCodeLibraryPakFileMountedCallback: PakFile 'C:/Program Files (x86)/Vper/UE/UE_4.27/FeaturePacks/TP_SideScroller.upack' (chunk index -1, root 'root:/') mounted
[2023.07.07-13.05.36:900][  0]LogShaderLibrary: Display: ShaderCodeLibraryPakFileMountedCallback: pending pak file info (ChunkID:-1 Root:root:/ File:C:/Program Files (x86)/Vper/UE/UE_4.27/FeaturePacks/TP_SideScroller.upack)
[2023.07.07-13.05.36:900][  0]LogPakFile: OnPakFileMounted2Time == 0.000015
[2023.07.07-13.05.36:900][  0]LogPakFile: PakFile PrimaryIndexSize=190
[2023.07.07-13.05.36:900][  0]LogPakFile: PakFile PathHashIndexSize=101
[2023.07.07-13.05.36:900][  0]LogPakFile: PakFile FullDirectoryIndexSize=154
[2023.07.07-13.05.36:900][  0]LogShaderLibrary: Display: ShaderCodeLibraryPakFileMountedCallback: PakFile 'C:/Program Files (x86)/Vper/UE/UE_4.27/FeaturePacks/TP_SideScrollerBP.upack' (chunk index -1, root 'root:/') mounted
[2023.07.07-13.05.36:900][  0]LogShaderLibrary: Display: ShaderCodeLibraryPakFileMountedCallback: pending pak file info (ChunkID:-1 Root:root:/ File:C:/Program Files (x86)/Vper/UE/UE_4.27/FeaturePacks/TP_SideScrollerBP.upack)
[2023.07.07-13.05.36:900][  0]LogPakFile: OnPakFileMounted2Time == 0.000015
[2023.07.07-13.05.36:900][  0]LogPakFile: PakFile PrimaryIndexSize=187
[2023.07.07-13.05.36:900][  0]LogPakFile: PakFile PathHashIndexSize=101
[2023.07.07-13.05.36:900][  0]LogPakFile: PakFile FullDirectoryIndexSize=148
[2023.07.07-13.05.36:900][  0]LogShaderLibrary: Display: ShaderCodeLibraryPakFileMountedCallback: PakFile 'C:/Program Files (x86)/Vper/UE/UE_4.27/FeaturePacks/TP_ThirdPerson.upack' (chunk index -1, root 'root:/') mounted
[2023.07.07-13.05.36:900][  0]LogShaderLibrary: Display: ShaderCodeLibraryPakFileMountedCallback: pending pak file info (ChunkID:-1 Root:root:/ File:C:/Program Files (x86)/Vper/UE/UE_4.27/FeaturePacks/TP_ThirdPerson.upack)
[2023.07.07-13.05.36:900][  0]LogPakFile: OnPakFileMounted2Time == 0.000025
[2023.07.07-13.05.36:900][  0]LogPakFile: PakFile PrimaryIndexSize=189
[2023.07.07-13.05.36:900][  0]LogPakFile: PakFile PathHashIndexSize=101
[2023.07.07-13.05.36:900][  0]LogPakFile: PakFile FullDirectoryIndexSize=152
[2023.07.07-13.05.36:900][  0]LogShaderLibrary: Display: ShaderCodeLibraryPakFileMountedCallback: PakFile 'C:/Program Files (x86)/Vper/UE/UE_4.27/FeaturePacks/TP_ThirdPersonBP.upack' (chunk index -1, root 'root:/') mounted
[2023.07.07-13.05.36:900][  0]LogShaderLibrary: Display: ShaderCodeLibraryPakFileMountedCallback: pending pak file info (ChunkID:-1 Root:root:/ File:C:/Program Files (x86)/Vper/UE/UE_4.27/FeaturePacks/TP_ThirdPersonBP.upack)
[2023.07.07-13.05.36:900][  0]LogPakFile: OnPakFileMounted2Time == 0.000018
[2023.07.07-13.05.36:900][  0]LogPakFile: PakFile PrimaryIndexSize=183
[2023.07.07-13.05.36:900][  0]LogPakFile: PakFile PathHashIndexSize=101
[2023.07.07-13.05.36:900][  0]LogPakFile: PakFile FullDirectoryIndexSize=140
[2023.07.07-13.05.36:900][  0]LogShaderLibrary: Display: ShaderCodeLibraryPakFileMountedCallback: PakFile 'C:/Program Files (x86)/Vper/UE/UE_4.27/FeaturePacks/TP_TopDown.upack' (chunk index -1, root 'root:/') mounted
[2023.07.07-13.05.36:900][  0]LogShaderLibrary: Display: ShaderCodeLibraryPakFileMountedCallback: pending pak file info (ChunkID:-1 Root:root:/ File:C:/Program Files (x86)/Vper/UE/UE_4.27/FeaturePacks/TP_TopDown.upack)
[2023.07.07-13.05.36:900][  0]LogPakFile: OnPakFileMounted2Time == 0.000023
[2023.07.07-13.05.36:900][  0]LogPakFile: PakFile PrimaryIndexSize=185
[2023.07.07-13.05.36:900][  0]LogPakFile: PakFile PathHashIndexSize=101
[2023.07.07-13.05.36:900][  0]LogPakFile: PakFile FullDirectoryIndexSize=144
[2023.07.07-13.05.36:900][  0]LogShaderLibrary: Display: ShaderCodeLibraryPakFileMountedCallback: PakFile 'C:/Program Files (x86)/Vper/UE/UE_4.27/FeaturePacks/TP_TopDownBP.upack' (chunk index -1, root 'root:/') mounted
[2023.07.07-13.05.36:900][  0]LogShaderLibrary: Display: ShaderCodeLibraryPakFileMountedCallback: pending pak file info (ChunkID:-1 Root:root:/ File:C:/Program Files (x86)/Vper/UE/UE_4.27/FeaturePacks/TP_TopDownBP.upack)
[2023.07.07-13.05.36:900][  0]LogPakFile: OnPakFileMounted2Time == 0.000016
[2023.07.07-13.05.36:900][  0]LogPakFile: PakFile PrimaryIndexSize=185
[2023.07.07-13.05.36:900][  0]LogPakFile: PakFile PathHashIndexSize=101
[2023.07.07-13.05.36:900][  0]LogPakFile: PakFile FullDirectoryIndexSize=144
[2023.07.07-13.05.36:900][  0]LogShaderLibrary: Display: ShaderCodeLibraryPakFileMountedCallback: PakFile 'C:/Program Files (x86)/Vper/UE/UE_4.27/FeaturePacks/TP_TwinStick.upack' (chunk index -1, root 'root:/') mounted
[2023.07.07-13.05.36:901][  0]LogShaderLibrary: Display: ShaderCodeLibraryPakFileMountedCallback: pending pak file info (ChunkID:-1 Root:root:/ File:C:/Program Files (x86)/Vper/UE/UE_4.27/FeaturePacks/TP_TwinStick.upack)
[2023.07.07-13.05.36:901][  0]LogPakFile: OnPakFileMounted2Time == 0.000015
[2023.07.07-13.05.36:901][  0]LogPakFile: PakFile PrimaryIndexSize=187
[2023.07.07-13.05.36:901][  0]LogPakFile: PakFile PathHashIndexSize=101
[2023.07.07-13.05.36:901][  0]LogPakFile: PakFile FullDirectoryIndexSize=148
[2023.07.07-13.05.36:901][  0]LogShaderLibrary: Display: ShaderCodeLibraryPakFileMountedCallback: PakFile 'C:/Program Files (x86)/Vper/UE/UE_4.27/FeaturePacks/TP_TwinStickBP.upack' (chunk index -1, root 'root:/') mounted
[2023.07.07-13.05.36:901][  0]LogShaderLibrary: Display: ShaderCodeLibraryPakFileMountedCallback: pending pak file info (ChunkID:-1 Root:root:/ File:C:/Program Files (x86)/Vper/UE/UE_4.27/FeaturePacks/TP_TwinStickBP.upack)
[2023.07.07-13.05.36:901][  0]LogPakFile: OnPakFileMounted2Time == 0.000015
[2023.07.07-13.05.36:901][  0]LogPakFile: PakFile PrimaryIndexSize=183
[2023.07.07-13.05.36:901][  0]LogPakFile: PakFile PathHashIndexSize=101
[2023.07.07-13.05.36:901][  0]LogPakFile: PakFile FullDirectoryIndexSize=140
[2023.07.07-13.05.36:901][  0]LogShaderLibrary: Display: ShaderCodeLibraryPakFileMountedCallback: PakFile 'C:/Program Files (x86)/Vper/UE/UE_4.27/FeaturePacks/TP_Vehicle.upack' (chunk index -1, root 'root:/') mounted
[2023.07.07-13.05.36:901][  0]LogShaderLibrary: Display: ShaderCodeLibraryPakFileMountedCallback: pending pak file info (ChunkID:-1 Root:root:/ File:C:/Program Files (x86)/Vper/UE/UE_4.27/FeaturePacks/TP_Vehicle.upack)
[2023.07.07-13.05.36:901][  0]LogPakFile: OnPakFileMounted2Time == 0.000015
[2023.07.07-13.05.36:901][  0]LogPakFile: PakFile PrimaryIndexSize=186
[2023.07.07-13.05.36:901][  0]LogPakFile: PakFile PathHashIndexSize=101
[2023.07.07-13.05.36:901][  0]LogPakFile: PakFile FullDirectoryIndexSize=146
[2023.07.07-13.05.36:901][  0]LogShaderLibrary: Display: ShaderCodeLibraryPakFileMountedCallback: PakFile 'C:/Program Files (x86)/Vper/UE/UE_4.27/FeaturePacks/TP_VehicleAdv.upack' (chunk index -1, root 'root:/') mounted
[2023.07.07-13.05.36:901][  0]LogShaderLibrary: Display: ShaderCodeLibraryPakFileMountedCallback: pending pak file info (ChunkID:-1 Root:root:/ File:C:/Program Files (x86)/Vper/UE/UE_4.27/FeaturePacks/TP_VehicleAdv.upack)
[2023.07.07-13.05.36:901][  0]LogPakFile: OnPakFileMounted2Time == 0.000015
[2023.07.07-13.05.36:901][  0]LogPakFile: PakFile PrimaryIndexSize=188
[2023.07.07-13.05.36:901][  0]LogPakFile: PakFile PathHashIndexSize=101
[2023.07.07-13.05.36:901][  0]LogPakFile: PakFile FullDirectoryIndexSize=150
[2023.07.07-13.05.36:901][  0]LogShaderLibrary: Display: ShaderCodeLibraryPakFileMountedCallback: PakFile 'C:/Program Files (x86)/Vper/UE/UE_4.27/FeaturePacks/TP_VehicleAdvBP.upack' (chunk index -1, root 'root:/') mounted
[2023.07.07-13.05.36:901][  0]LogShaderLibrary: Display: ShaderCodeLibraryPakFileMountedCallback: pending pak file info (ChunkID:-1 Root:root:/ File:C:/Program Files (x86)/Vper/UE/UE_4.27/FeaturePacks/TP_VehicleAdvBP.upack)
[2023.07.07-13.05.36:901][  0]LogPakFile: OnPakFileMounted2Time == 0.000015
[2023.07.07-13.05.36:901][  0]LogPakFile: PakFile PrimaryIndexSize=185
[2023.07.07-13.05.36:901][  0]LogPakFile: PakFile PathHashIndexSize=101
[2023.07.07-13.05.36:902][  0]LogPakFile: PakFile FullDirectoryIndexSize=144
[2023.07.07-13.05.36:902][  0]LogShaderLibrary: Display: ShaderCodeLibraryPakFileMountedCallback: PakFile 'C:/Program Files (x86)/Vper/UE/UE_4.27/FeaturePacks/TP_VehicleBP.upack' (chunk index -1, root 'root:/') mounted
[2023.07.07-13.05.36:902][  0]LogShaderLibrary: Display: ShaderCodeLibraryPakFileMountedCallback: pending pak file info (ChunkID:-1 Root:root:/ File:C:/Program Files (x86)/Vper/UE/UE_4.27/FeaturePacks/TP_VehicleBP.upack)
[2023.07.07-13.05.36:902][  0]LogPakFile: OnPakFileMounted2Time == 0.000015
[2023.07.07-13.05.36:902][  0]LogPakFile: PakFile PrimaryIndexSize=192
[2023.07.07-13.05.36:902][  0]LogPakFile: PakFile PathHashIndexSize=101
[2023.07.07-13.05.36:902][  0]LogPakFile: PakFile FullDirectoryIndexSize=158
[2023.07.07-13.05.36:902][  0]LogShaderLibrary: Display: ShaderCodeLibraryPakFileMountedCallback: PakFile 'C:/Program Files (x86)/Vper/UE/UE_4.27/FeaturePacks/TP_VirtualRealityBP.upack' (chunk index -1, root 'root:/') mounted
[2023.07.07-13.05.36:902][  0]LogShaderLibrary: Display: ShaderCodeLibraryPakFileMountedCallback: pending pak file info (ChunkID:-1 Root:root:/ File:C:/Program Files (x86)/Vper/UE/UE_4.27/FeaturePacks/TP_VirtualRealityBP.upack)
[2023.07.07-13.05.36:902][  0]LogPakFile: OnPakFileMounted2Time == 0.000015
[2023.07.07-13.05.36:918][  0]LogNativeClassHierarchy: Verbose: Native class hierarchy updated for 'AddContentDialog' in 0.0002 seconds. Added 0 classes and 0 folders.
[2023.07.07-13.05.36:919][  0]LogNativeClassHierarchy: Verbose: Native class hierarchy updated for 'SceneOutliner' in 0.0002 seconds. Added 2 classes and 0 folders.
[2023.07.07-13.05.36:951][  0]LogSlate: Took 0.000108 seconds to synchronously load lazily loaded font '../../../Engine/Content/Slate/Fonts/Roboto-Regular.ttf' (155K)
[2023.07.07-13.05.36:952][  0]LogSlate: Took 0.000084 seconds to synchronously load lazily loaded font '../../../Engine/Content/Editor/Slate/Fonts/FontAwesome.ttf' (139K)
[2023.07.07-13.05.36:952][  0]LogSlate: Took 0.000065 seconds to synchronously load lazily loaded font '../../../Engine/Content/Slate/Fonts/Roboto-Bold.ttf' (160K)
[2023.07.07-13.05.36:993][  0]LogRenderer: Reallocating scene render targets to support 1208x568 Format 10 NumSamples 1 (Frame:1).
[2023.07.07-13.05.37:034][  0]LogNativeClassHierarchy: Verbose: Native class hierarchy updated for 'HierarchicalLODOutliner' in 0.0002 seconds. Added 0 classes and 0 folders.
[2023.07.07-13.05.37:034][  0]LogLoad: (Engine Initialization) Total time: 3.99 seconds
[2023.07.07-13.05.37:034][  0]LogLoad: (Engine Initialization) Total Blueprint compile time: 0.00 seconds
[2023.07.07-13.05.37:061][  0]LogAssetRegistry: Asset discovery search completed in 2.4218 seconds
[2023.07.07-13.05.37:063][  0]LogCollectionManager: Fixed up redirectors for 0 collections in 0.000002 seconds (updated 0 objects)
[2023.07.07-13.05.37:064][  0]LogContentStreaming: Texture pool size now 1000 MB
[2023.07.07-13.06.18:973][718]LogSlate: Took 0.000108 seconds to synchronously load lazily loaded font '../../../Engine/Content/Slate/Fonts/Roboto-Light.ttf' (167K)
[2023.07.07-13.06.24:123][718]LogSlate: Window 'Save Level As' being destroyed
[2023.07.07-13.06.48:414][546]LogSlate: Window 'Save Level As' being destroyed
[2023.07.07-13.06.48:422][546]LogSlate: Took 0.000107 seconds to synchronously load lazily loaded font '../../../Engine/Content/Slate/Fonts/Roboto-Light.ttf' (167K)
[2023.07.07-13.06.48:444][546]LogUObjectHash: Compacting FUObjectHashTables data took   0.43ms
[2023.07.07-13.06.48:448][546]LogSavePackage: Moving '../../../../../../../VperData/GitHub/ActionRoguelike/ActionRoguelike/Saved/TestLevel631316A342016FC22D721682416D1F6F.tmp' to '../../../../../../../VperData/GitHub/ActionRoguelike/ActionRoguelike/Content/ActionRoguelike/Maps/TestLevel.umap'
[2023.07.07-13.06.48:458][546]LogSavePackage: Moving '../../../../../../../VperData/GitHub/ActionRoguelike/ActionRoguelike/Saved/TestLevel_BuiltDataF83E4FB7440AB0A884D2538D77C52F37.tmp' to '../../../../../../../VperData/GitHub/ActionRoguelike/ActionRoguelike/Content/ActionRoguelike/Maps/TestLevel_BuiltData.uasset'
[2023.07.07-13.06.48:465][546]LogFileHelpers: Saving map 'TestLevel' took 0.046
[2023.07.07-13.06.48:466][546]AssetCheck: New page: Asset Save: multiple assets
[2023.07.07-13.06.48:467][546]LogContentValidation: Display: Validating MapBuildDataRegistry /Game/ActionRoguelike/Maps/TestLevel_BuiltData.TestLevel_BuiltData
[2023.07.07-13.06.48:467][546]LogContentValidation: Display: Validating World /Game/ActionRoguelike/Maps/TestLevel.TestLevel
[2023.07.07-13.06.50:045][701]LogUObjectHash: Compacting FUObjectHashTables data took   0.29ms
[2023.07.07-13.06.50:049][701]LogSavePackage: Moving '../../../../../../../VperData/GitHub/ActionRoguelike/ActionRoguelike/Saved/TestLevelB72539CA4871CBB86CBDFDA7391BC311.tmp' to '../../../../../../../VperData/GitHub/ActionRoguelike/ActionRoguelike/Content/ActionRoguelike/Maps/TestLevel.umap'
[2023.07.07-13.06.50:058][701]LogSavePackage: Moving '../../../../../../../VperData/GitHub/ActionRoguelike/ActionRoguelike/Saved/TestLevel_BuiltData98FA4EA34A54D0E6FDAA6D89F745A755.tmp' to '../../../../../../../VperData/GitHub/ActionRoguelike/ActionRoguelike/Content/ActionRoguelike/Maps/TestLevel_BuiltData.uasset'
[2023.07.07-13.06.50:064][701]AssetCheck: New page: Asset Save: multiple assets
[2023.07.07-13.06.50:064][701]LogContentValidation: Display: Validating MapBuildDataRegistry /Game/ActionRoguelike/Maps/TestLevel_BuiltData.TestLevel_BuiltData
[2023.07.07-13.06.50:064][701]LogContentValidation: Display: Validating World /Game/ActionRoguelike/Maps/TestLevel.TestLevel
