Log file open, 07/09/23 01:58:19
LogWindows: Failed to load 'aqProf.dll' (GetLastError=126)
LogWindows: File 'aqProf.dll' does not exist
LogWindows: Failed to load 'VtuneApi.dll' (GetLastError=126)
LogWindows: File 'VtuneApi.dll' does not exist
LogWindows: Failed to load 'VtuneApi32e.dll' (GetLastError=126)
LogWindows: File 'VtuneApi32e.dll' does not exist
LogConsoleResponse: Display: Failed to find resolution value strings in scalability ini. Falling back to default.
LogConsoleResponse: Display: Failed to find resolution value strings in scalability ini. Falling back to default.
LogInit: Display: Running engine for game: ActionRoguelike
LogPlatformFile: Not using cached read wrapper
LogTaskGraph: Started task graph with 5 named threads and 59 total threads with 3 sets of task threads.
LogStats: Stats thread started at 0.259684
LogICUInternationalization: ICU TimeZone Detection - Raw Offset: +8:00, Platform Override: ''
LogInit: Display: Loading text-based GConfig....
LogPluginManager: Mounting plugin MeshPainting
LogPluginManager: Mounting plugin XGEController
LogPluginManager: Mounting plugin Paper2D
LogPluginManager: Mounting plugin AISupport
LogPluginManager: Mounting plugin EnvironmentQueryEditor
LogPluginManager: Mounting plugin LightPropagationVolume
LogPluginManager: Mounting plugin GameplayCameras
LogPluginManager: Mounting plugin CameraShakePreviewer
LogPluginManager: Mounting plugin LiveLink
LogPluginManager: Mounting plugin OodleData
LogPluginManager: Mounting plugin AssetManagerEditor
LogPluginManager: Mounting plugin OodleNetwork
LogPluginManager: Mounting plugin DataValidation
LogPluginManager: Mounting plugin GeometryMode
LogPluginManager: Mounting plugin CryptoKeys
LogPluginManager: Mounting plugin CurveEditorTools
LogPluginManager: Mounting plugin GameplayTagsEditor
LogPluginManager: Mounting plugin MaterialAnalyzer
LogPluginManager: Mounting plugin FacialAnimation
LogPluginManager: Mounting plugin PluginBrowser
LogPluginManager: Mounting plugin MobileLauncherProfileWizard
LogPluginManager: Mounting plugin MacGraphicsSwitching
LogPluginManager: Mounting plugin SpeedTreeImporter
LogPluginManager: Mounting plugin DatasmithContent
LogPluginManager: Mounting plugin VariantManagerContent
LogPluginManager: Mounting plugin BackChannel
LogPluginManager: Mounting plugin AutomationUtils
LogPluginManager: Mounting plugin AlembicImporter
LogPluginManager: Mounting plugin ChaosSolverPlugin
LogPluginManager: Mounting plugin ChaosEditor
LogPluginManager: Mounting plugin ChaosCloth
LogPluginManager: Mounting plugin CharacterAI
LogPluginManager: Mounting plugin ChaosNiagara
LogPluginManager: Mounting plugin ChaosClothEditor
LogPluginManager: Mounting plugin GeometryCollectionPlugin
LogPluginManager: Mounting plugin GeometryProcessing
LogPluginManager: Mounting plugin GeometryCache
LogPluginManager: Mounting plugin MotoSynth
LogPluginManager: Mounting plugin OpenImageDenoise
LogPluginManager: Mounting plugin PlanarCut
LogPluginManager: Mounting plugin ProxyLODPlugin
LogPluginManager: Mounting plugin PlatformCrypto
LogPluginManager: Mounting plugin PythonScriptPlugin
LogPluginManager: Mounting plugin LuminPlatformFeatures
LogPluginManager: Mounting plugin SkeletalReduction
LogPluginManager: Mounting plugin MagicLeap
LogPluginManager: Mounting plugin MagicLeapLightEstimation
LogPluginManager: Mounting plugin MagicLeapMedia
LogPluginManager: Mounting plugin Niagara
LogPluginManager: Mounting plugin MLSDK
LogPluginManager: Mounting plugin MagicLeapPassableWorld
LogPluginManager: Mounting plugin AndroidMedia
LogPluginManager: Mounting plugin AvfMedia
LogPluginManager: Mounting plugin ImgMedia
LogPluginManager: Mounting plugin MediaCompositing
LogPluginManager: Mounting plugin MediaPlayerEditor
LogPluginManager: Mounting plugin WmfMedia
LogPluginManager: Mounting plugin UdpMessaging
LogPluginManager: Mounting plugin WebMMedia
LogPluginManager: Mounting plugin TcpMessaging
LogPluginManager: Mounting plugin ActorSequence
LogPluginManager: Mounting plugin MatineeToLevelSequence
LogPluginManager: Mounting plugin LevelSequenceEditor
LogPluginManager: Mounting plugin TemplateSequence
LogPluginManager: Mounting plugin LauncherChunkInstaller
LogPluginManager: Mounting plugin OnlineSubsystem
LogPluginManager: Mounting plugin OnlineSubsystemNull
LogPluginManager: Mounting plugin ActorLayerUtilities
LogPluginManager: Mounting plugin AndroidMoviePlayer
LogPluginManager: Mounting plugin AndroidDeviceProfileSelector
LogPluginManager: Mounting plugin AndroidPermission
LogPluginManager: Mounting plugin OnlineSubsystemUtils
LogPluginManager: Mounting plugin AppleMoviePlayer
LogPluginManager: Mounting plugin AppleImageUtils
LogPluginManager: Mounting plugin AudioCapture
LogPluginManager: Mounting plugin ArchVisCharacter
LogPluginManager: Mounting plugin AssetTags
LogPluginManager: Mounting plugin CableComponent
LogPluginManager: Mounting plugin CustomMeshComponent
LogPluginManager: Mounting plugin AudioSynesthesia
LogPluginManager: Mounting plugin ChunkDownloader
LogPluginManager: Mounting plugin GooglePAD
LogPluginManager: Mounting plugin ExampleDeviceProfileSelector
LogPluginManager: Mounting plugin GoogleCloudMessaging
LogPluginManager: Mounting plugin LocationServicesBPLibrary
LogPluginManager: Mounting plugin LinuxDeviceProfileSelector
LogPluginManager: Mounting plugin EditableMesh
LogPluginManager: Mounting plugin IOSDeviceProfileSelector
LogPluginManager: Mounting plugin MobilePatchingUtils
LogPluginManager: Mounting plugin OpenXREyeTracker
LogPluginManager: Mounting plugin OpenXR
LogPluginManager: Mounting plugin OpenXRHandTracking
LogPluginManager: Mounting plugin PropertyAccessEditor
LogPluginManager: Mounting plugin PhysXVehicles
LogPluginManager: Mounting plugin RuntimePhysXCooking
LogPluginManager: Mounting plugin SignificanceManager
LogPluginManager: Mounting plugin SoundFields
LogPluginManager: Mounting plugin Synthesis
LogPluginManager: Mounting plugin WebMMoviePlayer
LogPluginManager: Mounting plugin WindowsMoviePlayer
LogPluginManager: Mounting plugin ScreenshotTools
LogPluginManager: Mounting plugin Takes
LogPluginManager: Mounting plugin AnimationSharing
LogPluginManager: Mounting plugin CLionSourceCodeAccess
LogPluginManager: Mounting plugin GitSourceControl
LogPluginManager: Mounting plugin NullSourceCodeAccess
LogPluginManager: Mounting plugin PerforceSourceControl
LogPluginManager: Mounting plugin CodeLiteSourceCodeAccess
LogPluginManager: Mounting plugin PixWinPlugin
LogPluginManager: Mounting plugin KDevelopSourceCodeAccess
LogPluginManager: Mounting plugin PropertyAccessNode
LogPluginManager: Mounting plugin PlasticSourceControl
LogPluginManager: Mounting plugin RiderSourceCodeAccess
LogPluginManager: Mounting plugin UObjectPlugin
LogPluginManager: Mounting plugin PluginUtils
LogPluginManager: Mounting plugin VisualStudioCodeSourceCodeAccess
LogPluginManager: Mounting plugin SubversionSourceControl
LogPluginManager: Mounting plugin VisualStudioSourceCodeAccess
LogPluginManager: Mounting plugin XCodeSourceCodeAccess
LogPluginManager: Mounting plugin TextureFormatOodle
LogPluginManager: Mounting plugin ProceduralMeshComponent
LogPluginManager: Mounting plugin PostSplashScreen
LogPluginManager: Mounting plugin ContentBrowserAssetDataSource
LogPluginManager: Mounting plugin ContentBrowserFileDataSource
LogPluginManager: Mounting plugin ContentBrowserClassDataSource
LogPluginManager: Mounting plugin OnlineSubsystemIOS
LogPluginManager: Mounting plugin OnlineSubsystemGooglePlay
LogPluginManager: Mounting plugin OculusVR
LogPluginManager: Mounting plugin SteamVR
LogInit: Using libcurl 7.55.1-DEV
LogInit:  - built for x86_64-pc-win32
LogInit:  - supports SSL with OpenSSL/1.1.1
LogInit:  - supports HTTP deflate (compression) using libz 1.2.8
LogInit:  - other features:
LogInit:      CURL_VERSION_SSL
LogInit:      CURL_VERSION_LIBZ
LogInit:      CURL_VERSION_IPV6
LogInit:      CURL_VERSION_ASYNCHDNS
LogInit:      CURL_VERSION_LARGEFILE
LogInit:      CURL_VERSION_IDN
LogInit:  CurlRequestOptions (configurable via config and command line):
LogInit:  - bVerifyPeer = true  - Libcurl will verify peer certificate
LogInit:  - bUseHttpProxy = false  - Libcurl will NOT use HTTP proxy
LogInit:  - bDontReuseConnections = false  - Libcurl will reuse connections
LogInit:  - MaxHostConnections = 16  - Libcurl will limit the number of connections to a host
LogInit:  - LocalHostAddr = Default
LogInit:  - BufferSize = 65536
LogOnline: OSS: Creating online subsystem instance for: NULL
LogInit: WinSock: version 1.1 (2.2), MaxSocks=32767, MaxUdp=65467
LogOnline: OSS: TryLoadSubsystemAndSetDefault: Loaded subsystem for module [NULL]
PixWinPlugin: PIX capture plugin failed to initialize! Check that the process is launched from PIX.
LogOculusPluginWrapper: OculusPlugin initialized successfully
LogHMD: Failed initializing OVRPlugin 1.59.0
LogInit: Build: ++UE4+Release-4.27-CL-18319896
LogInit: Engine Version: 4.27.2-18319896+++UE4+Release-4.27
LogInit: Compatible Engine Version: 4.27.0-17155196+++UE4+Release-4.27
LogInit: Net CL: 17155196
LogInit: OS: Windows 10 (Release 2009) (), CPU: 13th Gen Intel(R) Core(TM) i5-13600KF, GPU: NVIDIA GeForce RTX 3060 Ti
LogInit: Compiled (64-bit): Nov 30 2021 07:12:08
LogInit: Compiled with Visual C++: 19.24.28315.00
LogInit: Build Configuration: Development
LogInit: Branch Name: ++UE4+Release-4.27
LogInit: Command Line:  -skipcompile
LogInit: Base Directory: C:/Program Files (x86)/Vper/UE/UE_4.27/Engine/Binaries/Win64/
LogInit: Allocator: TBB
LogInit: Installed Engine Build: 1
LogDevObjectVersion: Number of dev versions registered: 29
LogDevObjectVersion:   Dev-Blueprints (B0D832E4-1F89-4F0D-ACCF-7EB736FD4AA2): 10
LogDevObjectVersion:   Dev-Build (E1C64328-A22C-4D53-A36C-8E866417BD8C): 0
LogDevObjectVersion:   Dev-Core (375EC13C-06E4-48FB-B500-84F0262A717E): 4
LogDevObjectVersion:   Dev-Editor (E4B068ED-F494-42E9-A231-DA0B2E46BB41): 40
LogDevObjectVersion:   Dev-Framework (CFFC743F-43B0-4480-9391-14DF171D2073): 37
LogDevObjectVersion:   Dev-Mobile (B02B49B5-BB20-44E9-A304-32B752E40360): 3
LogDevObjectVersion:   Dev-Networking (A4E4105C-59A1-49B5-A7C5-40C4547EDFEE): 0
LogDevObjectVersion:   Dev-Online (39C831C9-5AE6-47DC-9A44-9C173E1C8E7C): 0
LogDevObjectVersion:   Dev-Physics (78F01B33-EBEA-4F98-B9B4-84EACCB95AA2): 14
LogDevObjectVersion:   Dev-Platform (6631380F-2D4D-43E0-8009-CF276956A95A): 0
LogDevObjectVersion:   Dev-Rendering (12F88B9F-8875-4AFC-A67C-D90C383ABD29): 45
LogDevObjectVersion:   Dev-Sequencer (7B5AE74C-D270-4C10-A958-57980B212A5A): 13
LogDevObjectVersion:   Dev-VR (D7296918-1DD6-4BDD-9DE2-64A83CC13884): 3
LogDevObjectVersion:   Dev-LoadTimes (C2A15278-BFE7-4AFE-6C17-90FF531DF755): 1
LogDevObjectVersion:   Private-Geometry (6EACA3D4-40EC-4CC1-B786-8BED09428FC5): 3
LogDevObjectVersion:   Dev-AnimPhys (29E575DD-E0A3-4627-9D10-D276232CDCEA): 17
LogDevObjectVersion:   Dev-Anim (AF43A65D-7FD3-4947-9873-3E8ED9C1BB05): 15
LogDevObjectVersion:   Dev-ReflectionCapture (6B266CEC-1EC7-4B8F-A30B-E4D90942FC07): 1
LogDevObjectVersion:   Dev-Automation (0DF73D61-A23F-47EA-B727-89E90C41499A): 1
LogDevObjectVersion:   FortniteMain (601D1886-AC64-4F84-AA16-D3DE0DEAC7D6): 47
LogDevObjectVersion:   FortniteRelease (E7086368-6B23-4C58-8439-1B7016265E91): 1
LogDevObjectVersion:   Dev-Enterprise (9DFFBCD6-494F-0158-E221-12823C92A888): 10
LogDevObjectVersion:   Dev-Niagara (F2AED0AC-9AFE-416F-8664-AA7FFA26D6FC): 1
LogDevObjectVersion:   Dev-Destruction (174F1F0B-B4C6-45A5-B13F-2EE8D0FB917D): 10
LogDevObjectVersion:   Dev-Physics-Ext (35F94A83-E258-406C-A318-09F59610247C): 41
LogDevObjectVersion:   Dev-PhysicsMaterial-Chaos (B68FC16E-8B1B-42E2-B453-215C058844FE): 1
LogDevObjectVersion:   Dev-CineCamera (B2E18506-4273-CFC2-A54E-F4BB758BBA07): 1
LogDevObjectVersion:   Dev-VirtualProduction (64F58936-FD1B-42BA-BA96-7289D5D0FA4E): 1
LogDevObjectVersion:   Dev-MediaFramework (6F0ED827-A609-4895-9C91-998D90180EA4): 2
LogInit: Presizing for max 25165824 objects, including 0 objects not considered by GC, pre-allocating 0 bytes for permanent pool.
LogConfig: Applying CVar settings from Section [/Script/Engine.StreamingSettings] File [C:/VperData/GitHub/ActionRoguelike/ActionRoguelike/Saved/Config/Windows/Engine.ini]
LogConfig: Setting CVar [[s.MinBulkDataSizeForAsyncLoading:131072]]
LogConfig: Setting CVar [[s.AsyncLoadingThreadEnabled:0]]
LogConfig: Setting CVar [[s.EventDrivenLoaderEnabled:1]]
LogConfig: Setting CVar [[s.WarnIfTimeLimitExceeded:0]]
LogConfig: Setting CVar [[s.TimeLimitExceededMultiplier:1.5]]
LogConfig: Setting CVar [[s.TimeLimitExceededMinTime:0.005]]
LogConfig: Setting CVar [[s.UseBackgroundLevelStreaming:1]]
LogConfig: Setting CVar [[s.PriorityAsyncLoadingExtraTime:15.0]]
LogConfig: Setting CVar [[s.LevelStreamingActorsUpdateTimeLimit:5.0]]
LogConfig: Setting CVar [[s.PriorityLevelStreamingActorsUpdateExtraTime:5.0]]
LogConfig: Setting CVar [[s.LevelStreamingComponentsRegistrationGranularity:10]]
LogConfig: Setting CVar [[s.UnregisterComponentsTimeLimit:1.0]]
LogConfig: Setting CVar [[s.LevelStreamingComponentsUnregistrationGranularity:5]]
LogConfig: Setting CVar [[s.FlushStreamingOnExit:1]]
LogInit: Object subsystem initialized
LogConfig: Setting CVar [[con.DebugEarlyDefault:1]]
LogConfig: Setting CVar [[r.setres:1280x720]]
[2023.07.08-17.58.20:102][  0]LogConfig: Setting CVar [[r.VSync:0]]
[2023.07.08-17.58.20:102][  0]LogConfig: Setting CVar [[r.RHICmdBypass:0]]
[2023.07.08-17.58.20:102][  0]LogConfig: Applying CVar settings from Section [/Script/Engine.RendererSettings] File [C:/VperData/GitHub/ActionRoguelike/ActionRoguelike/Saved/Config/Windows/Engine.ini]
[2023.07.08-17.58.20:102][  0]LogConfig: Setting CVar [[r.GPUCrashDebugging:0]]
[2023.07.08-17.58.20:102][  0]LogConfig: Applying CVar settings from Section [/Script/Engine.RendererOverrideSettings] File [C:/VperData/GitHub/ActionRoguelike/ActionRoguelike/Saved/Config/Windows/Engine.ini]
[2023.07.08-17.58.20:102][  0]LogConfig: Applying CVar settings from Section [/Script/Engine.StreamingSettings] File [C:/VperData/GitHub/ActionRoguelike/ActionRoguelike/Saved/Config/Windows/Engine.ini]
[2023.07.08-17.58.20:102][  0]LogConfig: Setting CVar [[s.MinBulkDataSizeForAsyncLoading:131072]]
[2023.07.08-17.58.20:102][  0]LogConfig: Setting CVar [[s.AsyncLoadingThreadEnabled:0]]
[2023.07.08-17.58.20:102][  0]LogConfig: Setting CVar [[s.EventDrivenLoaderEnabled:1]]
[2023.07.08-17.58.20:102][  0]LogConfig: Setting CVar [[s.WarnIfTimeLimitExceeded:0]]
[2023.07.08-17.58.20:102][  0]LogConfig: Setting CVar [[s.TimeLimitExceededMultiplier:1.5]]
[2023.07.08-17.58.20:102][  0]LogConfig: Setting CVar [[s.TimeLimitExceededMinTime:0.005]]
[2023.07.08-17.58.20:102][  0]LogConfig: Setting CVar [[s.UseBackgroundLevelStreaming:1]]
[2023.07.08-17.58.20:102][  0]LogConfig: Setting CVar [[s.PriorityAsyncLoadingExtraTime:15.0]]
[2023.07.08-17.58.20:102][  0]LogConfig: Setting CVar [[s.LevelStreamingActorsUpdateTimeLimit:5.0]]
[2023.07.08-17.58.20:103][  0]LogConfig: Setting CVar [[s.PriorityLevelStreamingActorsUpdateExtraTime:5.0]]
[2023.07.08-17.58.20:103][  0]LogConfig: Setting CVar [[s.LevelStreamingComponentsRegistrationGranularity:10]]
[2023.07.08-17.58.20:103][  0]LogConfig: Setting CVar [[s.UnregisterComponentsTimeLimit:1.0]]
[2023.07.08-17.58.20:103][  0]LogConfig: Setting CVar [[s.LevelStreamingComponentsUnregistrationGranularity:5]]
[2023.07.08-17.58.20:103][  0]LogConfig: Setting CVar [[s.FlushStreamingOnExit:1]]
[2023.07.08-17.58.20:103][  0]LogConfig: Applying CVar settings from Section [/Script/Engine.GarbageCollectionSettings] File [C:/VperData/GitHub/ActionRoguelike/ActionRoguelike/Saved/Config/Windows/Engine.ini]
[2023.07.08-17.58.20:103][  0]LogConfig: Setting CVar [[gc.MaxObjectsNotConsideredByGC:1]]
[2023.07.08-17.58.20:103][  0]LogConfig: Setting CVar [[gc.SizeOfPermanentObjectPool:0]]
[2023.07.08-17.58.20:103][  0]LogConfig: Setting CVar [[gc.FlushStreamingOnGC:0]]
[2023.07.08-17.58.20:103][  0]LogConfig: Setting CVar [[gc.NumRetriesBeforeForcingGC:10]]
[2023.07.08-17.58.20:103][  0]LogConfig: Setting CVar [[gc.AllowParallelGC:1]]
[2023.07.08-17.58.20:103][  0]LogConfig: Setting CVar [[gc.TimeBetweenPurgingPendingKillObjects:61.1]]
[2023.07.08-17.58.20:103][  0]LogConfig: Setting CVar [[gc.MaxObjectsInEditor:25165824]]
[2023.07.08-17.58.20:103][  0]LogConfig: Setting CVar [[gc.IncrementalBeginDestroyEnabled:1]]
[2023.07.08-17.58.20:103][  0]LogConfig: Setting CVar [[gc.CreateGCClusters:1]]
[2023.07.08-17.58.20:103][  0]LogConfig: Setting CVar [[gc.MinGCClusterSize:5]]
[2023.07.08-17.58.20:103][  0]LogConfig: Setting CVar [[gc.ActorClusteringEnabled:0]]
[2023.07.08-17.58.20:103][  0]LogConfig: Setting CVar [[gc.BlueprintClusteringEnabled:0]]
[2023.07.08-17.58.20:103][  0]LogConfig: Setting CVar [[gc.UseDisregardForGCOnDedicatedServers:0]]
[2023.07.08-17.58.20:103][  0]LogConfig: Setting CVar [[gc.MultithreadedDestructionEnabled:1]]
[2023.07.08-17.58.20:103][  0]LogConfig: Applying CVar settings from Section [/Script/Engine.NetworkSettings] File [C:/VperData/GitHub/ActionRoguelike/ActionRoguelike/Saved/Config/Windows/Engine.ini]
[2023.07.08-17.58.20:103][  0]LogConfig: Applying CVar settings from Section [/Script/UnrealEd.CookerSettings] File [C:/VperData/GitHub/ActionRoguelike/ActionRoguelike/Saved/Config/Windows/Engine.ini]
[2023.07.08-17.58.20:108][  0]LogConfig: Applying CVar settings from Section [ViewDistanceQuality@3] File [C:/VperData/GitHub/ActionRoguelike/ActionRoguelike/Saved/Config/Windows/Scalability.ini]
[2023.07.08-17.58.20:108][  0]LogConfig: Setting CVar [[r.SkeletalMeshLODBias:0]]
[2023.07.08-17.58.20:108][  0]LogConfig: Setting CVar [[r.ViewDistanceScale:1.0]]
[2023.07.08-17.58.20:108][  0]LogConfig: Applying CVar settings from Section [AntiAliasingQuality@3] File [C:/VperData/GitHub/ActionRoguelike/ActionRoguelike/Saved/Config/Windows/Scalability.ini]
[2023.07.08-17.58.20:108][  0]LogConfig: Setting CVar [[r.PostProcessAAQuality:4]]
[2023.07.08-17.58.20:108][  0]LogConfig: Applying CVar settings from Section [ShadowQuality@3] File [C:/VperData/GitHub/ActionRoguelike/ActionRoguelike/Saved/Config/Windows/Scalability.ini]
[2023.07.08-17.58.20:108][  0]LogConfig: Setting CVar [[r.LightFunctionQuality:1]]
[2023.07.08-17.58.20:108][  0]LogConfig: Setting CVar [[r.ShadowQuality:5]]
[2023.07.08-17.58.20:108][  0]LogConfig: Setting CVar [[r.Shadow.CSM.MaxCascades:10]]
[2023.07.08-17.58.20:108][  0]LogConfig: Setting CVar [[r.Shadow.MaxResolution:2048]]
[2023.07.08-17.58.20:108][  0]LogConfig: Setting CVar [[r.Shadow.MaxCSMResolution:2048]]
[2023.07.08-17.58.20:108][  0]LogConfig: Setting CVar [[r.Shadow.RadiusThreshold:0.01]]
[2023.07.08-17.58.20:108][  0]LogConfig: Setting CVar [[r.Shadow.DistanceScale:1.0]]
[2023.07.08-17.58.20:108][  0]LogConfig: Setting CVar [[r.Shadow.CSM.TransitionScale:1.0]]
[2023.07.08-17.58.20:108][  0]LogConfig: Setting CVar [[r.Shadow.PreShadowResolutionFactor:1.0]]
[2023.07.08-17.58.20:108][  0]LogConfig: Setting CVar [[r.DistanceFieldShadowing:1]]
[2023.07.08-17.58.20:108][  0]LogConfig: Setting CVar [[r.DistanceFieldAO:1]]
[2023.07.08-17.58.20:108][  0]LogConfig: Setting CVar [[r.AOQuality:2]]
[2023.07.08-17.58.20:108][  0]LogConfig: Setting CVar [[r.VolumetricFog:1]]
[2023.07.08-17.58.20:108][  0]LogConfig: Setting CVar [[r.VolumetricFog.GridPixelSize:8]]
[2023.07.08-17.58.20:108][  0]LogConfig: Setting CVar [[r.VolumetricFog.GridSizeZ:128]]
[2023.07.08-17.58.20:108][  0]LogConfig: Setting CVar [[r.VolumetricFog.HistoryMissSupersampleCount:4]]
[2023.07.08-17.58.20:108][  0]LogConfig: Setting CVar [[r.LightMaxDrawDistanceScale:1]]
[2023.07.08-17.58.20:108][  0]LogConfig: Setting CVar [[r.CapsuleShadows:1]]
[2023.07.08-17.58.20:109][  0]LogConfig: Applying CVar settings from Section [PostProcessQuality@3] File [C:/VperData/GitHub/ActionRoguelike/ActionRoguelike/Saved/Config/Windows/Scalability.ini]
[2023.07.08-17.58.20:109][  0]LogConfig: Setting CVar [[r.MotionBlurQuality:4]]
[2023.07.08-17.58.20:109][  0]LogConfig: Setting CVar [[r.AmbientOcclusionMipLevelFactor:0.4]]
[2023.07.08-17.58.20:109][  0]LogConfig: Setting CVar [[r.AmbientOcclusionMaxQuality:100]]
[2023.07.08-17.58.20:109][  0]LogConfig: Setting CVar [[r.AmbientOcclusionLevels:-1]]
[2023.07.08-17.58.20:109][  0]LogConfig: Setting CVar [[r.AmbientOcclusionRadiusScale:1.0]]
[2023.07.08-17.58.20:109][  0]LogConfig: Setting CVar [[r.DepthOfFieldQuality:2]]
[2023.07.08-17.58.20:109][  0]LogConfig: Setting CVar [[r.RenderTargetPoolMin:400]]
[2023.07.08-17.58.20:109][  0]LogConfig: Setting CVar [[r.LensFlareQuality:2]]
[2023.07.08-17.58.20:109][  0]LogConfig: Setting CVar [[r.SceneColorFringeQuality:1]]
[2023.07.08-17.58.20:109][  0]LogConfig: Setting CVar [[r.EyeAdaptationQuality:2]]
[2023.07.08-17.58.20:109][  0]LogConfig: Setting CVar [[r.BloomQuality:5]]
[2023.07.08-17.58.20:109][  0]LogConfig: Setting CVar [[r.FastBlurThreshold:100]]
[2023.07.08-17.58.20:109][  0]LogConfig: Setting CVar [[r.Upscale.Quality:3]]
[2023.07.08-17.58.20:109][  0]LogConfig: Setting CVar [[r.Tonemapper.GrainQuantization:1]]
[2023.07.08-17.58.20:109][  0]LogConfig: Setting CVar [[r.LightShaftQuality:1]]
[2023.07.08-17.58.20:109][  0]LogConfig: Setting CVar [[r.Filter.SizeScale:1]]
[2023.07.08-17.58.20:109][  0]LogConfig: Setting CVar [[r.Tonemapper.Quality:5]]
[2023.07.08-17.58.20:109][  0]LogConfig: Setting CVar [[r.DOF.Gather.AccumulatorQuality:1        ; higher gathering accumulator quality]]
[2023.07.08-17.58.20:109][  0]LogConfig: Setting CVar [[r.DOF.Gather.PostfilterMethod:1          ; Median3x3 postfilering method]]
[2023.07.08-17.58.20:109][  0]LogConfig: Setting CVar [[r.DOF.Gather.EnableBokehSettings:0       ; no bokeh simulation when gathering]]
[2023.07.08-17.58.20:109][  0]LogConfig: Setting CVar [[r.DOF.Gather.RingCount:4                 ; medium number of samples when gathering]]
[2023.07.08-17.58.20:109][  0]LogConfig: Setting CVar [[r.DOF.Scatter.ForegroundCompositing:1    ; additive foreground scattering]]
[2023.07.08-17.58.20:109][  0]LogConfig: Setting CVar [[r.DOF.Scatter.BackgroundCompositing:2    ; additive background scattering]]
[2023.07.08-17.58.20:109][  0]LogConfig: Setting CVar [[r.DOF.Scatter.EnableBokehSettings:1      ; bokeh simulation when scattering]]
[2023.07.08-17.58.20:109][  0]LogConfig: Setting CVar [[r.DOF.Scatter.MaxSpriteRatio:0.1         ; only a maximum of 10% of scattered bokeh]]
[2023.07.08-17.58.20:109][  0]LogConfig: Setting CVar [[r.DOF.Recombine.Quality:1                ; cheap slight out of focus]]
[2023.07.08-17.58.20:109][  0]LogConfig: Setting CVar [[r.DOF.Recombine.EnableBokehSettings:0    ; no bokeh simulation on slight out of focus]]
[2023.07.08-17.58.20:109][  0]LogConfig: Setting CVar [[r.DOF.TemporalAAQuality:1                ; more stable temporal accumulation]]
[2023.07.08-17.58.20:109][  0]LogConfig: Setting CVar [[r.DOF.Kernel.MaxForegroundRadius:0.025]]
[2023.07.08-17.58.20:109][  0]LogConfig: Setting CVar [[r.DOF.Kernel.MaxBackgroundRadius:0.025]]
[2023.07.08-17.58.20:110][  0]LogConfig: Applying CVar settings from Section [TextureQuality@3] File [C:/VperData/GitHub/ActionRoguelike/ActionRoguelike/Saved/Config/Windows/Scalability.ini]
[2023.07.08-17.58.20:110][  0]LogConfig: Setting CVar [[r.Streaming.MipBias:0]]
[2023.07.08-17.58.20:110][  0]LogConfig: Setting CVar [[r.Streaming.AmortizeCPUToGPUCopy:0]]
[2023.07.08-17.58.20:110][  0]LogConfig: Setting CVar [[r.Streaming.MaxNumTexturesToStreamPerFrame:0]]
[2023.07.08-17.58.20:110][  0]LogConfig: Setting CVar [[r.Streaming.Boost:1]]
[2023.07.08-17.58.20:110][  0]LogConfig: Setting CVar [[r.MaxAnisotropy:8]]
[2023.07.08-17.58.20:110][  0]LogConfig: Setting CVar [[r.VT.MaxAnisotropy:8]]
[2023.07.08-17.58.20:110][  0]LogConfig: Setting CVar [[r.Streaming.LimitPoolSizeToVRAM:0]]
[2023.07.08-17.58.20:110][  0]LogConfig: Setting CVar [[r.Streaming.PoolSize:1000]]
[2023.07.08-17.58.20:110][  0]LogConfig: Setting CVar [[r.Streaming.MaxEffectiveScreenSize:0]]
[2023.07.08-17.58.20:110][  0]LogConfig: Applying CVar settings from Section [EffectsQuality@3] File [C:/VperData/GitHub/ActionRoguelike/ActionRoguelike/Saved/Config/Windows/Scalability.ini]
[2023.07.08-17.58.20:110][  0]LogConfig: Setting CVar [[r.TranslucencyLightingVolumeDim:64]]
[2023.07.08-17.58.20:110][  0]LogConfig: Setting CVar [[r.RefractionQuality:2]]
[2023.07.08-17.58.20:110][  0]LogConfig: Setting CVar [[r.SSR.Quality:3]]
[2023.07.08-17.58.20:110][  0]LogConfig: Setting CVar [[r.SSR.HalfResSceneColor:0]]
[2023.07.08-17.58.20:110][  0]LogConfig: Setting CVar [[r.SceneColorFormat:4]]
[2023.07.08-17.58.20:110][  0]LogConfig: Setting CVar [[r.DetailMode:2]]
[2023.07.08-17.58.20:110][  0]LogConfig: Setting CVar [[r.TranslucencyVolumeBlur:1]]
[2023.07.08-17.58.20:110][  0]LogConfig: Setting CVar [[r.MaterialQualityLevel:1 ; High quality]]
[2023.07.08-17.58.20:110][  0]LogConfig: Setting CVar [[r.AnisotropicMaterials:1]]
[2023.07.08-17.58.20:110][  0]LogConfig: Setting CVar [[r.SSS.Scale:1]]
[2023.07.08-17.58.20:110][  0]LogConfig: Setting CVar [[r.SSS.SampleSet:2]]
[2023.07.08-17.58.20:110][  0]LogConfig: Setting CVar [[r.SSS.Quality:1]]
[2023.07.08-17.58.20:110][  0]LogConfig: Setting CVar [[r.SSS.HalfRes:0]]
[2023.07.08-17.58.20:110][  0]LogConfig: Setting CVar [[r.SSGI.Quality:3]]
[2023.07.08-17.58.20:110][  0]LogConfig: Setting CVar [[r.EmitterSpawnRateScale:1.0]]
[2023.07.08-17.58.20:110][  0]LogConfig: Setting CVar [[r.ParticleLightQuality:2]]
[2023.07.08-17.58.20:110][  0]LogConfig: Setting CVar [[r.SkyAtmosphere.AerialPerspectiveLUT.FastApplyOnOpaque:1 ; Always have FastSkyLUT 1 in this case to avoid wrong sky]]
[2023.07.08-17.58.20:110][  0]LogConfig: Setting CVar [[r.SkyAtmosphere.AerialPerspectiveLUT.SampleCountMaxPerSlice:4]]
[2023.07.08-17.58.20:110][  0]LogConfig: Setting CVar [[r.SkyAtmosphere.AerialPerspectiveLUT.DepthResolution:16.0]]
[2023.07.08-17.58.20:110][  0]LogConfig: Setting CVar [[r.SkyAtmosphere.FastSkyLUT:1]]
[2023.07.08-17.58.20:110][  0]LogConfig: Setting CVar [[r.SkyAtmosphere.FastSkyLUT.SampleCountMin:4.0]]
[2023.07.08-17.58.20:110][  0]LogConfig: Setting CVar [[r.SkyAtmosphere.FastSkyLUT.SampleCountMax:128.0]]
[2023.07.08-17.58.20:110][  0]LogConfig: Setting CVar [[r.SkyAtmosphere.SampleCountMin:4.0]]
[2023.07.08-17.58.20:110][  0]LogConfig: Setting CVar [[r.SkyAtmosphere.SampleCountMax:128.0]]
[2023.07.08-17.58.20:111][  0]LogConfig: Setting CVar [[r.SkyAtmosphere.TransmittanceLUT.UseSmallFormat:0]]
[2023.07.08-17.58.20:111][  0]LogConfig: Setting CVar [[r.SkyAtmosphere.TransmittanceLUT.SampleCount:10.0]]
[2023.07.08-17.58.20:111][  0]LogConfig: Setting CVar [[r.SkyAtmosphere.MultiScatteringLUT.SampleCount:15.0]]
[2023.07.08-17.58.20:111][  0]LogConfig: Setting CVar [[r.SkyLight.RealTimeReflectionCapture:1]]
[2023.07.08-17.58.20:111][  0]LogConfig: Applying CVar settings from Section [FoliageQuality@3] File [C:/VperData/GitHub/ActionRoguelike/ActionRoguelike/Saved/Config/Windows/Scalability.ini]
[2023.07.08-17.58.20:111][  0]LogConfig: Setting CVar [[foliage.DensityScale:1.0]]
[2023.07.08-17.58.20:111][  0]LogConfig: Setting CVar [[grass.DensityScale:1.0]]
[2023.07.08-17.58.20:111][  0]LogConfig: Applying CVar settings from Section [ShadingQuality@3] File [C:/VperData/GitHub/ActionRoguelike/ActionRoguelike/Saved/Config/Windows/Scalability.ini]
[2023.07.08-17.58.20:111][  0]LogConfig: Setting CVar [[r.HairStrands.SkyLighting.IntegrationType:2]]
[2023.07.08-17.58.20:111][  0]LogConfig: Setting CVar [[r.HairStrands.SkyAO.SampleCount:4]]
[2023.07.08-17.58.20:111][  0]LogConfig: Setting CVar [[r.HairStrands.Visibility.MSAA.SamplePerPixel:4]]
[2023.07.08-17.58.20:111][  0]LogInit: Selected Device Profile: [Windows]
[2023.07.08-17.58.20:111][  0]LogInit: Applying CVar settings loaded from the selected device profile: [Windows]
[2023.07.08-17.58.20:111][  0]LogHAL: Display: Platform has ~ 32 GB [34185904128 / 34359738368 / 32], which maps to Largest [LargestMinGB=32, LargerMinGB=12, DefaultMinGB=8, SmallerMinGB=6, SmallestMinGB=0)
[2023.07.08-17.58.20:111][  0]LogInit: Going up to parent DeviceProfile []
[2023.07.08-17.58.20:111][  0]LogConfig: Applying CVar settings from Section [ViewDistanceQuality@3] File [C:/VperData/GitHub/ActionRoguelike/ActionRoguelike/Saved/Config/Windows/Scalability.ini]
[2023.07.08-17.58.20:111][  0]LogConfig: Setting CVar [[r.SkeletalMeshLODBias:0]]
[2023.07.08-17.58.20:111][  0]LogConfig: Setting CVar [[r.ViewDistanceScale:1.0]]
[2023.07.08-17.58.20:111][  0]LogConfig: Applying CVar settings from Section [AntiAliasingQuality@3] File [C:/VperData/GitHub/ActionRoguelike/ActionRoguelike/Saved/Config/Windows/Scalability.ini]
[2023.07.08-17.58.20:111][  0]LogConfig: Setting CVar [[r.PostProcessAAQuality:4]]
[2023.07.08-17.58.20:111][  0]LogConfig: Applying CVar settings from Section [ShadowQuality@3] File [C:/VperData/GitHub/ActionRoguelike/ActionRoguelike/Saved/Config/Windows/Scalability.ini]
[2023.07.08-17.58.20:111][  0]LogConfig: Setting CVar [[r.LightFunctionQuality:1]]
[2023.07.08-17.58.20:111][  0]LogConfig: Setting CVar [[r.ShadowQuality:5]]
[2023.07.08-17.58.20:111][  0]LogConfig: Setting CVar [[r.Shadow.CSM.MaxCascades:10]]
[2023.07.08-17.58.20:111][  0]LogConfig: Setting CVar [[r.Shadow.MaxResolution:2048]]
[2023.07.08-17.58.20:111][  0]LogConfig: Setting CVar [[r.Shadow.MaxCSMResolution:2048]]
[2023.07.08-17.58.20:112][  0]LogConfig: Setting CVar [[r.Shadow.RadiusThreshold:0.01]]
[2023.07.08-17.58.20:112][  0]LogConfig: Setting CVar [[r.Shadow.DistanceScale:1.0]]
[2023.07.08-17.58.20:112][  0]LogConfig: Setting CVar [[r.Shadow.CSM.TransitionScale:1.0]]
[2023.07.08-17.58.20:112][  0]LogConfig: Setting CVar [[r.Shadow.PreShadowResolutionFactor:1.0]]
[2023.07.08-17.58.20:112][  0]LogConfig: Setting CVar [[r.DistanceFieldShadowing:1]]
[2023.07.08-17.58.20:112][  0]LogConfig: Setting CVar [[r.DistanceFieldAO:1]]
[2023.07.08-17.58.20:112][  0]LogConfig: Setting CVar [[r.AOQuality:2]]
[2023.07.08-17.58.20:112][  0]LogConfig: Setting CVar [[r.VolumetricFog:1]]
[2023.07.08-17.58.20:112][  0]LogConfig: Setting CVar [[r.VolumetricFog.GridPixelSize:8]]
[2023.07.08-17.58.20:112][  0]LogConfig: Setting CVar [[r.VolumetricFog.GridSizeZ:128]]
[2023.07.08-17.58.20:112][  0]LogConfig: Setting CVar [[r.VolumetricFog.HistoryMissSupersampleCount:4]]
[2023.07.08-17.58.20:112][  0]LogConfig: Setting CVar [[r.LightMaxDrawDistanceScale:1]]
[2023.07.08-17.58.20:112][  0]LogConfig: Setting CVar [[r.CapsuleShadows:1]]
[2023.07.08-17.58.20:112][  0]LogConfig: Applying CVar settings from Section [PostProcessQuality@3] File [C:/VperData/GitHub/ActionRoguelike/ActionRoguelike/Saved/Config/Windows/Scalability.ini]
[2023.07.08-17.58.20:112][  0]LogConfig: Setting CVar [[r.MotionBlurQuality:4]]
[2023.07.08-17.58.20:112][  0]LogConfig: Setting CVar [[r.AmbientOcclusionMipLevelFactor:0.4]]
[2023.07.08-17.58.20:112][  0]LogConfig: Setting CVar [[r.AmbientOcclusionMaxQuality:100]]
[2023.07.08-17.58.20:112][  0]LogConfig: Setting CVar [[r.AmbientOcclusionLevels:-1]]
[2023.07.08-17.58.20:112][  0]LogConfig: Setting CVar [[r.AmbientOcclusionRadiusScale:1.0]]
[2023.07.08-17.58.20:112][  0]LogConfig: Setting CVar [[r.DepthOfFieldQuality:2]]
[2023.07.08-17.58.20:112][  0]LogConfig: Setting CVar [[r.RenderTargetPoolMin:400]]
[2023.07.08-17.58.20:112][  0]LogConfig: Setting CVar [[r.LensFlareQuality:2]]
[2023.07.08-17.58.20:112][  0]LogConfig: Setting CVar [[r.SceneColorFringeQuality:1]]
[2023.07.08-17.58.20:112][  0]LogConfig: Setting CVar [[r.EyeAdaptationQuality:2]]
[2023.07.08-17.58.20:112][  0]LogConfig: Setting CVar [[r.BloomQuality:5]]
[2023.07.08-17.58.20:112][  0]LogConfig: Setting CVar [[r.FastBlurThreshold:100]]
[2023.07.08-17.58.20:112][  0]LogConfig: Setting CVar [[r.Upscale.Quality:3]]
[2023.07.08-17.58.20:112][  0]LogConfig: Setting CVar [[r.Tonemapper.GrainQuantization:1]]
[2023.07.08-17.58.20:112][  0]LogConfig: Setting CVar [[r.LightShaftQuality:1]]
[2023.07.08-17.58.20:112][  0]LogConfig: Setting CVar [[r.Filter.SizeScale:1]]
[2023.07.08-17.58.20:112][  0]LogConfig: Setting CVar [[r.Tonemapper.Quality:5]]
[2023.07.08-17.58.20:112][  0]LogConfig: Setting CVar [[r.DOF.Gather.AccumulatorQuality:1        ; higher gathering accumulator quality]]
[2023.07.08-17.58.20:112][  0]LogConfig: Setting CVar [[r.DOF.Gather.PostfilterMethod:1          ; Median3x3 postfilering method]]
[2023.07.08-17.58.20:113][  0]LogConfig: Setting CVar [[r.DOF.Gather.EnableBokehSettings:0       ; no bokeh simulation when gathering]]
[2023.07.08-17.58.20:113][  0]LogConfig: Setting CVar [[r.DOF.Gather.RingCount:4                 ; medium number of samples when gathering]]
[2023.07.08-17.58.20:113][  0]LogConfig: Setting CVar [[r.DOF.Scatter.ForegroundCompositing:1    ; additive foreground scattering]]
[2023.07.08-17.58.20:113][  0]LogConfig: Setting CVar [[r.DOF.Scatter.BackgroundCompositing:2    ; additive background scattering]]
[2023.07.08-17.58.20:113][  0]LogConfig: Setting CVar [[r.DOF.Scatter.EnableBokehSettings:1      ; bokeh simulation when scattering]]
[2023.07.08-17.58.20:113][  0]LogConfig: Setting CVar [[r.DOF.Scatter.MaxSpriteRatio:0.1         ; only a maximum of 10% of scattered bokeh]]
[2023.07.08-17.58.20:113][  0]LogConfig: Setting CVar [[r.DOF.Recombine.Quality:1                ; cheap slight out of focus]]
[2023.07.08-17.58.20:113][  0]LogConfig: Setting CVar [[r.DOF.Recombine.EnableBokehSettings:0    ; no bokeh simulation on slight out of focus]]
[2023.07.08-17.58.20:113][  0]LogConfig: Setting CVar [[r.DOF.TemporalAAQuality:1                ; more stable temporal accumulation]]
[2023.07.08-17.58.20:113][  0]LogConfig: Setting CVar [[r.DOF.Kernel.MaxForegroundRadius:0.025]]
[2023.07.08-17.58.20:113][  0]LogConfig: Setting CVar [[r.DOF.Kernel.MaxBackgroundRadius:0.025]]
[2023.07.08-17.58.20:113][  0]LogConfig: Applying CVar settings from Section [TextureQuality@3] File [C:/VperData/GitHub/ActionRoguelike/ActionRoguelike/Saved/Config/Windows/Scalability.ini]
[2023.07.08-17.58.20:113][  0]LogConfig: Setting CVar [[r.Streaming.MipBias:0]]
[2023.07.08-17.58.20:113][  0]LogConfig: Setting CVar [[r.Streaming.AmortizeCPUToGPUCopy:0]]
[2023.07.08-17.58.20:113][  0]LogConfig: Setting CVar [[r.Streaming.MaxNumTexturesToStreamPerFrame:0]]
[2023.07.08-17.58.20:113][  0]LogConfig: Setting CVar [[r.Streaming.Boost:1]]
[2023.07.08-17.58.20:113][  0]LogConfig: Setting CVar [[r.MaxAnisotropy:8]]
[2023.07.08-17.58.20:113][  0]LogConfig: Setting CVar [[r.VT.MaxAnisotropy:8]]
[2023.07.08-17.58.20:113][  0]LogConfig: Setting CVar [[r.Streaming.LimitPoolSizeToVRAM:0]]
[2023.07.08-17.58.20:113][  0]LogConfig: Setting CVar [[r.Streaming.PoolSize:1000]]
[2023.07.08-17.58.20:113][  0]LogConfig: Setting CVar [[r.Streaming.MaxEffectiveScreenSize:0]]
[2023.07.08-17.58.20:113][  0]LogConfig: Applying CVar settings from Section [EffectsQuality@3] File [C:/VperData/GitHub/ActionRoguelike/ActionRoguelike/Saved/Config/Windows/Scalability.ini]
[2023.07.08-17.58.20:113][  0]LogConfig: Setting CVar [[r.TranslucencyLightingVolumeDim:64]]
[2023.07.08-17.58.20:113][  0]LogConfig: Setting CVar [[r.RefractionQuality:2]]
[2023.07.08-17.58.20:113][  0]LogConfig: Setting CVar [[r.SSR.Quality:3]]
[2023.07.08-17.58.20:113][  0]LogConfig: Setting CVar [[r.SSR.HalfResSceneColor:0]]
[2023.07.08-17.58.20:113][  0]LogConfig: Setting CVar [[r.SceneColorFormat:4]]
[2023.07.08-17.58.20:113][  0]LogConfig: Setting CVar [[r.DetailMode:2]]
[2023.07.08-17.58.20:113][  0]LogConfig: Setting CVar [[r.TranslucencyVolumeBlur:1]]
[2023.07.08-17.58.20:113][  0]LogConfig: Setting CVar [[r.MaterialQualityLevel:1 ; High quality]]
[2023.07.08-17.58.20:113][  0]LogConfig: Setting CVar [[r.AnisotropicMaterials:1]]
[2023.07.08-17.58.20:114][  0]LogConfig: Setting CVar [[r.SSS.Scale:1]]
[2023.07.08-17.58.20:114][  0]LogConfig: Setting CVar [[r.SSS.SampleSet:2]]
[2023.07.08-17.58.20:114][  0]LogConfig: Setting CVar [[r.SSS.Quality:1]]
[2023.07.08-17.58.20:114][  0]LogConfig: Setting CVar [[r.SSS.HalfRes:0]]
[2023.07.08-17.58.20:114][  0]LogConfig: Setting CVar [[r.SSGI.Quality:3]]
[2023.07.08-17.58.20:114][  0]LogConfig: Setting CVar [[r.EmitterSpawnRateScale:1.0]]
[2023.07.08-17.58.20:114][  0]LogConfig: Setting CVar [[r.ParticleLightQuality:2]]
[2023.07.08-17.58.20:114][  0]LogConfig: Setting CVar [[r.SkyAtmosphere.AerialPerspectiveLUT.FastApplyOnOpaque:1 ; Always have FastSkyLUT 1 in this case to avoid wrong sky]]
[2023.07.08-17.58.20:114][  0]LogConfig: Setting CVar [[r.SkyAtmosphere.AerialPerspectiveLUT.SampleCountMaxPerSlice:4]]
[2023.07.08-17.58.20:114][  0]LogConfig: Setting CVar [[r.SkyAtmosphere.AerialPerspectiveLUT.DepthResolution:16.0]]
[2023.07.08-17.58.20:114][  0]LogConfig: Setting CVar [[r.SkyAtmosphere.FastSkyLUT:1]]
[2023.07.08-17.58.20:114][  0]LogConfig: Setting CVar [[r.SkyAtmosphere.FastSkyLUT.SampleCountMin:4.0]]
[2023.07.08-17.58.20:114][  0]LogConfig: Setting CVar [[r.SkyAtmosphere.FastSkyLUT.SampleCountMax:128.0]]
[2023.07.08-17.58.20:114][  0]LogConfig: Setting CVar [[r.SkyAtmosphere.SampleCountMin:4.0]]
[2023.07.08-17.58.20:114][  0]LogConfig: Setting CVar [[r.SkyAtmosphere.SampleCountMax:128.0]]
[2023.07.08-17.58.20:114][  0]LogConfig: Setting CVar [[r.SkyAtmosphere.TransmittanceLUT.UseSmallFormat:0]]
[2023.07.08-17.58.20:114][  0]LogConfig: Setting CVar [[r.SkyAtmosphere.TransmittanceLUT.SampleCount:10.0]]
[2023.07.08-17.58.20:114][  0]LogConfig: Setting CVar [[r.SkyAtmosphere.MultiScatteringLUT.SampleCount:15.0]]
[2023.07.08-17.58.20:114][  0]LogConfig: Setting CVar [[r.SkyLight.RealTimeReflectionCapture:1]]
[2023.07.08-17.58.20:114][  0]LogConfig: Applying CVar settings from Section [FoliageQuality@3] File [C:/VperData/GitHub/ActionRoguelike/ActionRoguelike/Saved/Config/Windows/Scalability.ini]
[2023.07.08-17.58.20:114][  0]LogConfig: Setting CVar [[foliage.DensityScale:1.0]]
[2023.07.08-17.58.20:114][  0]LogConfig: Setting CVar [[grass.DensityScale:1.0]]
[2023.07.08-17.58.20:114][  0]LogConfig: Applying CVar settings from Section [ShadingQuality@3] File [C:/VperData/GitHub/ActionRoguelike/ActionRoguelike/Saved/Config/Windows/Scalability.ini]
[2023.07.08-17.58.20:114][  0]LogConfig: Setting CVar [[r.HairStrands.SkyLighting.IntegrationType:2]]
[2023.07.08-17.58.20:114][  0]LogConfig: Setting CVar [[r.HairStrands.SkyAO.SampleCount:4]]
[2023.07.08-17.58.20:114][  0]LogConfig: Setting CVar [[r.HairStrands.Visibility.MSAA.SamplePerPixel:4]]
[2023.07.08-17.58.20:114][  0]LogConfig: Applying CVar settings from Section [Startup] File [../../../Engine/Config/ConsoleVariables.ini]
[2023.07.08-17.58.20:115][  0]LogConfig: Setting CVar [[net.UseAdaptiveNetUpdateFrequency:0]]
[2023.07.08-17.58.20:115][  0]LogConfig: Setting CVar [[p.chaos.AllowCreatePhysxBodies:1]]
[2023.07.08-17.58.20:115][  0]LogConfig: Setting CVar [[fx.SkipVectorVMBackendOptimizations:1]]
[2023.07.08-17.58.20:115][  0]LogConfig: Applying CVar settings from Section [ConsoleVariables] File [C:/VperData/GitHub/ActionRoguelike/ActionRoguelike/Saved/Config/Windows/Engine.ini]
[2023.07.08-17.58.20:115][  0]LogConfig: Applying CVar settings from Section [ConsoleVariables] File [C:/VperData/GitHub/ActionRoguelike/ActionRoguelike/Saved/Config/Windows/Editor.ini]
[2023.07.08-17.58.20:115][  0]LogInit: Computer: VPER
[2023.07.08-17.58.20:115][  0]LogInit: User: virtu
[2023.07.08-17.58.20:115][  0]LogInit: CPU Page size=4096, Cores=14
[2023.07.08-17.58.20:115][  0]LogInit: High frequency timer resolution =10.000000 MHz
[2023.07.08-17.58.20:115][  0]LogMemory: Memory total: Physical=31.8GB (32GB approx)
[2023.07.08-17.58.20:115][  0]LogMemory: Platform Memory Stats for Windows
[2023.07.08-17.58.20:115][  0]LogMemory: Process Physical Memory: 148.96 MB used, 148.96 MB peak
[2023.07.08-17.58.20:115][  0]LogMemory: Process Virtual Memory: 130.73 MB used, 130.73 MB peak
[2023.07.08-17.58.20:115][  0]LogMemory: Physical Memory: 13221.60 MB used,  19380.62 MB free, 32602.22 MB total
[2023.07.08-17.58.20:115][  0]LogMemory: Virtual Memory: 134200888.00 MB used,  16837.29 MB free, 134217728.00 MB total
[2023.07.08-17.58.20:120][  0]LogWindows: WindowsPlatformFeatures enabled
[2023.07.08-17.58.20:176][  0]LogInit: Physics initialised using underlying interface: PhysX
[2023.07.08-17.58.20:177][  0]LogInit: Overriding language with editor language configuration option (en).
[2023.07.08-17.58.20:177][  0]LogInit: Using OS detected locale (zh-CN).
[2023.07.08-17.58.20:292][  0]LogInit: Setting process to per monitor DPI aware
[2023.07.08-17.58.20:300][  0]LogWindowsTextInputMethodSystem: Display: IME system deactivated.
[2023.07.08-17.58.20:308][  0]LogSlate: New Slate User Created.  User Index 0, Is Virtual User: 0
[2023.07.08-17.58.20:308][  0]LogSlate: Slate User Registered.  User Index 0, Is Virtual User: 0
[2023.07.08-17.58.20:357][  0]LogD3D11RHI: Loaded GFSDK_Aftermath_Lib.x64.dll
[2023.07.08-17.58.20:360][  0]LogHMD: Failed to initialize OpenVR with code 110
[2023.07.08-17.58.20:360][  0]LogD3D11RHI: D3D11 min allowed feature level: 11_0
[2023.07.08-17.58.20:360][  0]LogD3D11RHI: D3D11 max allowed feature level: 11_0
[2023.07.08-17.58.20:360][  0]LogD3D11RHI: D3D11 adapters:
[2023.07.08-17.58.20:424][  0]LogD3D11RHI:    0. 'NVIDIA GeForce RTX 3060 Ti' (Feature Level 11_0)
[2023.07.08-17.58.20:424][  0]LogD3D11RHI:       8038/0/16301 MB DedicatedVideo/DedicatedSystem/SharedSystem, Outputs:1, VendorId:0x10de
[2023.07.08-17.58.20:426][  0]LogD3D11RHI:    1. 'Microsoft Basic Render Driver' (Feature Level 11_0)
[2023.07.08-17.58.20:426][  0]LogD3D11RHI:       0/0/16301 MB DedicatedVideo/DedicatedSystem/SharedSystem, Outputs:0, VendorId:0x1414
[2023.07.08-17.58.20:427][  0]LogD3D11RHI: Chosen D3D11 Adapter:
[2023.07.08-17.58.20:427][  0]LogD3D11RHI:     Description : NVIDIA GeForce RTX 3060 Ti
[2023.07.08-17.58.20:427][  0]LogD3D11RHI:     VendorId    : 10de
[2023.07.08-17.58.20:427][  0]LogD3D11RHI:     DeviceId    : 24c9
[2023.07.08-17.58.20:427][  0]LogD3D11RHI:     SubSysId    : 88b61043
[2023.07.08-17.58.20:427][  0]LogD3D11RHI:     Revision    : 00a1
[2023.07.08-17.58.20:427][  0]LogD3D11RHI:     DedicatedVideoMemory : 8428453888 bytes
[2023.07.08-17.58.20:427][  0]LogD3D11RHI:     DedicatedSystemMemory : 0 bytes
[2023.07.08-17.58.20:427][  0]LogD3D11RHI:     SharedSystemMemory : 17092952064 bytes
[2023.07.08-17.58.20:427][  0]LogD3D11RHI:     AdapterLuid : 0 60604
[2023.07.08-17.58.20:431][  0]LogD3D11RHI: Creating new Direct3DDevice
[2023.07.08-17.58.20:431][  0]LogD3D11RHI:     GPU DeviceId: 0x24c9 (for the marketing name, search the web for "GPU Device Id")
[2023.07.08-17.58.20:431][  0]LogWindows: EnumDisplayDevices:
[2023.07.08-17.58.20:431][  0]LogWindows:    0. 'NVIDIA GeForce RTX 3060 Ti' (P:1 D:1)
[2023.07.08-17.58.20:431][  0]LogWindows:    1. 'NVIDIA GeForce RTX 3060 Ti' (P:0 D:0)
[2023.07.08-17.58.20:432][  0]LogWindows:    2. 'NVIDIA GeForce RTX 3060 Ti' (P:0 D:0)
[2023.07.08-17.58.20:432][  0]LogWindows:    3. 'NVIDIA GeForce RTX 3060 Ti' (P:0 D:0)
[2023.07.08-17.58.20:432][  0]LogWindows: DebugString: FoundDriverCount:4 
[2023.07.08-17.58.20:432][  0]LogD3D11RHI:     Adapter Name: NVIDIA GeForce RTX 3060 Ti
[2023.07.08-17.58.20:432][  0]LogD3D11RHI:   Driver Version: 528.24 (internal:31.0.15.2824, unified:528.24)
[2023.07.08-17.58.20:432][  0]LogD3D11RHI:      Driver Date: 1-15-2023
[2023.07.08-17.58.20:432][  0]LogRHI: Texture pool is 5626 MB (70% of 8038 MB)
[2023.07.08-17.58.20:432][  0]LogD3D11RHI: Creating D3DDevice using adapter:
[2023.07.08-17.58.20:432][  0]LogD3D11RHI:     Description : NVIDIA GeForce RTX 3060 Ti
[2023.07.08-17.58.20:432][  0]LogD3D11RHI:     VendorId    : 10de
[2023.07.08-17.58.20:432][  0]LogD3D11RHI:     DeviceId    : 24c9
[2023.07.08-17.58.20:432][  0]LogD3D11RHI:     SubSysId    : 88b61043
[2023.07.08-17.58.20:432][  0]LogD3D11RHI:     Revision    : 00a1
[2023.07.08-17.58.20:432][  0]LogD3D11RHI:     DedicatedVideoMemory : 8428453888 bytes
[2023.07.08-17.58.20:432][  0]LogD3D11RHI:     DedicatedSystemMemory : 0 bytes
[2023.07.08-17.58.20:432][  0]LogD3D11RHI:     SharedSystemMemory : 17092952064 bytes
[2023.07.08-17.58.20:432][  0]LogD3D11RHI:     AdapterLuid : 0 60604
[2023.07.08-17.58.20:469][  0]LogD3D11RHI: RHI has support for 64 bit atomics
[2023.07.08-17.58.20:469][  0]LogD3D11RHI: Async texture creation enabled
[2023.07.08-17.58.20:469][  0]LogD3D11RHI: Array index from any shader is supported
[2023.07.08-17.58.20:485][  0]LogD3D11RHI: GPU Timing Frequency: 1000.000000 (Debug: 2 2)
[2023.07.08-17.58.20:499][  0]LogRHI: GeForceNow SDK initialized: 1
[2023.07.08-17.58.20:662][  0]LogTargetPlatformManager: Display: Loaded TargetPlatform 'AllDesktop'
[2023.07.08-17.58.20:673][  0]LogTargetPlatformManager: Display: Loaded TargetPlatform 'Android'
[2023.07.08-17.58.20:673][  0]LogTargetPlatformManager: Display: Loaded TargetPlatform 'Android_ASTC'
[2023.07.08-17.58.20:673][  0]LogTargetPlatformManager: Display: Loaded TargetPlatform 'Android_DXT'
[2023.07.08-17.58.20:673][  0]LogTargetPlatformManager: Display: Loaded TargetPlatform 'Android_ETC2'
[2023.07.08-17.58.20:673][  0]LogTargetPlatformManager: Display: Loaded TargetPlatform 'AndroidClient'
[2023.07.08-17.58.20:673][  0]LogTargetPlatformManager: Display: Loaded TargetPlatform 'Android_ASTCClient'
[2023.07.08-17.58.20:674][  0]LogTargetPlatformManager: Display: Loaded TargetPlatform 'Android_DXTClient'
[2023.07.08-17.58.20:674][  0]LogTargetPlatformManager: Display: Loaded TargetPlatform 'Android_ETC2Client'
[2023.07.08-17.58.20:674][  0]LogTargetPlatformManager: Display: Loaded TargetPlatform 'Android_Multi'
[2023.07.08-17.58.20:674][  0]LogTargetPlatformManager: Display: Loaded TargetPlatform 'Android_MultiClient'
[2023.07.08-17.58.20:686][  0]LogTargetPlatformManager: Display: Loaded TargetPlatform 'IOSClient'
[2023.07.08-17.58.20:686][  0]LogTargetPlatformManager: Display: Loaded TargetPlatform 'IOS'
[2023.07.08-17.58.20:691][  0]LogTargetPlatformManager: Display: Loaded TargetPlatform 'Linux'
[2023.07.08-17.58.20:694][  0]LogTargetPlatformManager: Display: Loaded TargetPlatform 'LinuxNoEditor'
[2023.07.08-17.58.20:696][  0]LogTargetPlatformManager: Display: Loaded TargetPlatform 'LinuxClient'
[2023.07.08-17.58.20:699][  0]LogTargetPlatformManager: Display: Loaded TargetPlatform 'LinuxServer'
[2023.07.08-17.58.20:704][  0]LogTargetPlatformManager: Display: Loaded TargetPlatform 'LinuxAArch64NoEditor'
[2023.07.08-17.58.20:707][  0]LogTargetPlatformManager: Display: Loaded TargetPlatform 'LinuxAArch64Client'
[2023.07.08-17.58.20:710][  0]LogTargetPlatformManager: Display: Loaded TargetPlatform 'LinuxAArch64Server'
[2023.07.08-17.58.20:723][  0]LogTargetPlatformManager: Display: Loaded TargetPlatform 'Lumin'
[2023.07.08-17.58.20:723][  0]LogTargetPlatformManager: Display: Loaded TargetPlatform 'LuminClient'
[2023.07.08-17.58.20:728][  0]LogTargetPlatformManager: Display: Loaded TargetPlatform 'MacNoEditor'
[2023.07.08-17.58.20:732][  0]LogTargetPlatformManager: Display: Loaded TargetPlatform 'Mac'
[2023.07.08-17.58.20:735][  0]LogTargetPlatformManager: Display: Loaded TargetPlatform 'MacClient'
[2023.07.08-17.58.20:738][  0]LogTargetPlatformManager: Display: Loaded TargetPlatform 'MacServer'
[2023.07.08-17.58.20:743][  0]LogTargetPlatformManager: Display: Loaded TargetPlatform 'TVOSClient'
[2023.07.08-17.58.20:743][  0]LogTargetPlatformManager: Display: Loaded TargetPlatform 'TVOS'
[2023.07.08-17.58.20:750][  0]LogTargetPlatformManager: Display: Loaded TargetPlatform 'WindowsNoEditor'
[2023.07.08-17.58.20:753][  0]LogTargetPlatformManager: Display: Loaded TargetPlatform 'Windows'
[2023.07.08-17.58.20:756][  0]LogTargetPlatformManager: Display: Loaded TargetPlatform 'WindowsClient'
[2023.07.08-17.58.20:759][  0]LogTargetPlatformManager: Display: Loaded TargetPlatform 'WindowsServer'
[2023.07.08-17.58.20:759][  0]LogTargetPlatformManager: Display: Building Assets For Windows
[2023.07.08-17.58.20:765][  0]LogAudioDebug: Display: Lib vorbis DLL was dynamically loaded.
[2023.07.08-17.58.20:787][  0]LogTextureFormatOodle: Display: Oodle Texture 2.9.0 init RDO Off
[2023.07.08-17.58.20:814][  0]LogRendererCore: Ray tracing is disabled. Reason: r.RayTracing=0.
[2023.07.08-17.58.20:814][  0]LogShaderCompilers: Guid format shader working directory is -23 characters bigger than the processId version (../../../../../../../VperData/GitHub/ActionRoguelike/ActionRoguelike/Intermediate/Shaders/WorkingDirectory/25840/).
[2023.07.08-17.58.20:814][  0]LogShaderCompilers: Cleaned the shader compiler working directory 'C:/Users/virtu/AppData/Local/Temp/UnrealShaderWorkingDir/9CAD631F413101973AE3488DCAD4B9FE/'.
[2023.07.08-17.58.20:814][  0]LogXGEController: Cannot use XGE Controller as Incredibuild is not installed on this machine.
[2023.07.08-17.58.20:814][  0]LogShaderCompilers: Cannot use XGE Shader Compiler as Incredibuild is not installed on this machine.
[2023.07.08-17.58.20:814][  0]LogShaderCompilers: Display: Using Local Shader Compiler.
[2023.07.08-17.58.21:257][  0]LogDerivedDataCache: Display: Max Cache Size: 512 MB
[2023.07.08-17.58.21:296][  0]LogDerivedDataCache: Loaded boot cache 0.04s 94MB C:/Users/virtu/AppData/Local/UnrealEngine/4.27/DerivedDataCache/Boot.ddc.
[2023.07.08-17.58.21:297][  0]LogDerivedDataCache: Display: Loaded Boot cache: C:/Users/virtu/AppData/Local/UnrealEngine/4.27/DerivedDataCache/Boot.ddc
[2023.07.08-17.58.21:297][  0]LogDerivedDataCache: FDerivedDataBackendGraph:  Pak pak cache file ../../../../../../../VperData/GitHub/ActionRoguelike/ActionRoguelike/DerivedDataCache/DDC.ddp not found, will not use a pak cache.
[2023.07.08-17.58.21:297][  0]LogDerivedDataCache: Unable to find inner node Pak for hierarchical cache Hierarchy.
[2023.07.08-17.58.21:297][  0]LogDerivedDataCache: FDerivedDataBackendGraph:  CompressedPak pak cache file ../../../../../../../VperData/GitHub/ActionRoguelike/ActionRoguelike/DerivedDataCache/Compressed.ddp not found, will not use a pak cache.
[2023.07.08-17.58.21:297][  0]LogDerivedDataCache: Unable to find inner node CompressedPak for hierarchical cache Hierarchy.
[2023.07.08-17.58.21:307][  0]LogDerivedDataCache: Display: Pak cache opened for reading ../../../Engine/DerivedDataCache/Compressed.ddp.
[2023.07.08-17.58.21:308][  0]LogDerivedDataCache: FDerivedDataBackendGraph:  EnterprisePak pak cache file ../../../Enterprise/DerivedDataCache/Compressed.ddp not found, will not use a pak cache.
[2023.07.08-17.58.21:308][  0]LogDerivedDataCache: Unable to find inner node EnterprisePak for hierarchical cache Hierarchy.
[2023.07.08-17.58.21:311][  0]LogDerivedDataCache: Speed tests for C:/Users/virtu/AppData/Local/UnrealEngine/Common/DerivedDataCache took 0.00 seconds
[2023.07.08-17.58.21:311][  0]LogDerivedDataCache: Display: Performance to C:/Users/virtu/AppData/Local/UnrealEngine/Common/DerivedDataCache: Latency=0.01ms. RandomReadSpeed=2949.52MBs, RandomWriteSpeed=335.65MBs. Assigned SpeedClass 'Local'
[2023.07.08-17.58.21:312][  0]LogDerivedDataCache: Using Local data cache path C:/Users/virtu/AppData/Local/UnrealEngine/Common/DerivedDataCache: Writable
[2023.07.08-17.58.21:312][  0]LogDerivedDataCache: Shared data cache path not found in *engine.ini, will not use an Shared cache.
[2023.07.08-17.58.21:312][  0]LogDerivedDataCache: Unable to find inner node Shared for hierarchical cache Hierarchy.
[2023.07.08-17.58.21:337][  0]LogSlate: Using FreeType 2.10.0
[2023.07.08-17.58.21:338][  0]LogSlate: SlateFontServices - WITH_FREETYPE: 1, WITH_HARFBUZZ: 1
[2023.07.08-17.58.21:353][  0]LogAssetRegistry: FAssetRegistry took 0.0024 seconds to start up
[2023.07.08-17.58.21:473][  0]LogInit: Selected Device Profile: [Windows]
[2023.07.08-17.58.21:473][  0]LogInit: Active device profile: [000001FC3C9D6D00][000001FC3B6E51C0 49] Windows
[2023.07.08-17.58.21:473][  0]LogInit: Profiles: [000001FC3C9D6D00][000001FC3B6E51C0 49] Windows, [000001FC3C96D700][000001FC3B6ED340 49] WindowsNoEditor, [000001FC3C9D6200][000001FC3B6F14C0 49] WindowsServer, [000001FC3C96E100][000001FC3B6F5640 49] WindowsClient, [000001FC3C9D4400][000001FC3B6F97C0 49] IOS, [000001FC3C96F400][000001FC3B6FD940 49] iPadAir, [000001FC3C9D4600][000001FC3B701AC0 49] iPadAir2, [000001FC3C921100][000001FC3B708200 49] IPadPro, [000001FC3C921200][000001FC3B704240 49] iPadAir3, [000001FC3C96EC00][000001FC3B70C3C0 49] iPadAir4, [000001FC3C921F00][000001FC3B710540 49] iPadMini2, [000001FC3C96C700][000001FC3B7146C0 49] iPadMini3, [000001FC3C922A00][000001FC3B718840 49] iPadMini4, [000001FC3C96CF00][000001FC3B6E8980 49] iPadMini5, [000001FC3C928900][000001FC3B720BC0 49] iPhone6, [000001FC3C928A00][000001FC3B71CC00 49] iPodTouch6, [000001FC3C9D5600][000001FC3B72CE80 49] iPhone7, [000001FC3C9D5300][000001FC3B724EC0 49] iPodTouch7, [000001FC3C928200][000001FC3B731040 49] iPhone5S, [000001FC3C921D00][000001FC3B7351C0 49] iPhone6Plus, [000001FC3C92BA00][000001FC3B739340 49] iPhone6S, [000001FC3C920E00][000001FC3B73D4C0 49] iPhone6SPlus, [000001FC3C92B300][000001FC3B741640 49] iPhone7Plus, [000001FC3C922B00][000001FC3B7457C0 49] iPhoneSE, [000001FC3C929E00][000001FC3B749940 49] iPhone8, [000001FC3C921A00][000001FC3B74DAC0 49] iPhone8Plus, [000001FC3C929A00][000001FC3B7500C0 49] iPhoneX, [000001FC3C922700][000001FC3B754240 49] iPhoneXS, [000001FC3C9D4A00][000001FC3B7583C0 49] iPhoneXSMax, [000001FC3C923500][000001FC3B75C540 49] iPhoneXR, [000001FC3C9D7900][000001FC3B7606C0 49] iPhone11, [000001FC3C921400][000001FC3B764840 49] iPhone11Pro, [000001FC3C9D4C00][000001FC3B7689C0 49] iPhone11ProMax, [000001FC3C920800][000001FC3B76CB40 49] iPhoneSE2, [000001FC3C9D5D00][000001FC3B728C80 49] iPhone12Mini, [000001FC3C923A00][000001FC3B770DC0 49] iPhone12, [000001FC3C9D5F00][000001FC3B774F00 49] iPhone12Pro, [000001FC3C923B00][000001FC3B77D080 49] iPhone12ProMax, [000001FC3C9D5500][000001FC3B781200 49] iPadPro105, [000001FC3C922900][000001FC3B785380 49] iPadPro129, [000001FC3C9D7200][000001FC3B789500 49] iPadPro97, [000001FC3C921500][000001FC3B78D680 49] iPadPro2_129, [000001FC3C9D5E00][000001FC3D7A1800 49] iPad5, [000001FC3C921300][000001FC3D7A5980 49] iPad6, [000001FC3C9D6500][000001FC3D7A9B00 49] iPad7, [000001FC3C922F00][000001FC3D7AC100 49] iPad8, [000001FC3C9D5800][000001FC3D7B0280 49] iPadPro11, [000001FC3C921B00][000001FC3D7B4400 49] iPadPro2_11, [000001FC3C9D4E00][000001FC3D7B8580 49] iPadPro3_129, [000001FC3C923700][000001FC3D7BC700 49] iPadPro4_129, [000001FC3C9D7700][000001FC3D7C0880 49] AppleTV, [000001FC3C923400][000001FC3D7C4A00 49] AppleTV4K, [000001FC3C9D6800][000001FC3D7C8B80 49] TVOS, [000001FC3C921C00][000001FC3D7CCD00 49] Mac, [000001FC3C9D5A00][000001FC3B778E40 49] MacClient, [000001FC3C923E00][000001FC3D7D0F80 49] MacNoEditor, [000001FC3C9D7C00][000001FC3D7D50C0 49] MacServer, [000001FC3C922600][000001FC3D7DD240 49] Linux, [000001FC3C9D4B00][000001FC3D7E13C0 49] LinuxAArch64, [000001FC3C923800][000001FC3D7E5540 49] LinuxNoEditor, [000001FC3C9D7400][000001FC3D7E96C0 49] LinuxAArch64NoEditor, [000001FC3C922300][000001FC3D7ED840 49] LinuxClient, [000001FC3C9D7100][000001FC3D7F19C0 49] LinuxAArch64Client, [000001FC3C921600][000001FC3D7F5B40 49] LinuxServer, [000001FC3C9D6400][000001FC3D7F8140 49] LinuxAArch64Server, [000001FC3C922E00][000001FC3D7FC2C0 49] Android, [000001FC3C9D5400][000001FC3D800440 49] Android_Low, [000001FC3C921900][000001FC3D8045C0 49] Android_Mid, [000001FC3C9D5000][000001FC3D808740 49] Android_High, [000001FC3C920A00][000001FC3D80C8C0 49] Android_Default, [000001FC3C9D5200][000001FC3D810A40 49] Android_Adreno4xx, [000001FC3C923100][000001FC3D814BC0 49] Android_Adreno5xx_Low, [000001FC3C96DB00][000001FC3D818D40 49] Android_Adreno5xx, [000001FC3C92B600][000001FC3D81CEC0 49] Android_Adreno6xx, [000001FC3C96D900][000001FC3D7D9000 49] Android_Adreno6xx_Vulkan, [000001FC3C92BE00][000001FC3D821140 49] Android_Mali_T6xx, [000001FC3C96DA00][000001FC3D825280 49] Android_Mali_T7xx, [000001FC3C929900][000001FC3D8293C0 49] Android_Mali_T8xx, [000001FC3C96F300][000001FC3D831540 49] Android_Mali_G71, [000001FC3C929D00][000001FC3D8356C0 49] Android_Mali_G72, [000001FC3C96F200][000001FC3D839840 49] Android_Mali_G72_Vulkan, [000001FC3C928700][000001FC3D83D9C0 49] Android_Mali_G76, [000001FC3C96D300][000001FC3D841B40 49] Android_Mali_G76_Vulkan, [000001FC3C929400][000001FC3D844140 49] Android_Mali_G77, [000001FC3C96F700][000001FC3D8482C0 49] Android_Mali_G77_Vulkan, [000001FC3C92AA00][000001FC3D84C440 49] Android_Mali_G78, [000001FC3C96FE00][000001FC3D8505C0 49] Android_Mali_G78_Vulkan, [000001FC3C929000][000001FC3D854740 49] Android_Mali_G710, [000001FC3C96FD00][000001FC3D8588C0 49] Android_Mali_G710_Vulkan, [000001FC3C92B500][000001FC3D85CA40 49] Android_Vulkan_SM5, [000001FC3C96C900][000001FC3D860BC0 49] Android_PowerVR_G6xxx, [000001FC3C928400][000001FC3D864D40 49] Android_PowerVR_GT7xxx, [000001FC3C96CD00][000001FC3D868EC0 49] Android_PowerVR_GE8xxx, [000001FC3C929C00][000001FC3D86D040 49] Android_PowerVR_GM9xxx, [000001FC3C96FC00][000001FC3D82D180 49] Android_PowerVR_GM9xxx_Vulkan, [000001FC3C92A600][000001FC3D8712C0 49] Android_TegraK1, [000001FC3C96F800][000001FC3D875400 49] Android_Unknown_Vulkan, [000001FC3C92BB00][000001FC3D879540 49] Lumin, [000001FC3C96F000][000001FC3D8816C0 49] Lumin_Desktop, [000001FC3C922000][000001FC3D885840 49] HoloLens, 
[2023.07.08-17.58.21:548][  0]LogMeshReduction: Using QuadricMeshReduction for automatic static mesh reduction
[2023.07.08-17.58.21:548][  0]LogMeshReduction: Using SimplygonMeshReduction for automatic skeletal mesh reduction
[2023.07.08-17.58.21:548][  0]LogMeshReduction: Using ProxyLODMeshReduction for automatic mesh merging
[2023.07.08-17.58.21:548][  0]LogMeshReduction: No distributed automatic mesh merging module available
[2023.07.08-17.58.21:548][  0]LogMeshMerging: No distributed automatic mesh merging module available
[2023.07.08-17.58.21:557][  0]LogNetVersion: ActionRoguelike 1.0.0, NetCL: 17155196, EngineNetVer: 17, GameNetVer: 0 (Checksum: 1099936942)
[2023.07.08-17.58.21:754][  0]LogTexture: Default maximum texture size for cubemaps generated from long-lat sources has been changed from 512 to unlimited. In order to preserve old behaiour for '/Engine/MapTemplates/Sky/DaylightAmbientCubemap.DaylightAmbientCubemap', its maximum texture size has been explicitly set to 512.
[2023.07.08-17.58.21:786][  0]LogHMD: PokeAHoleMaterial loaded successfully
[2023.07.08-17.58.21:790][  0]LogUObjectArray: 17178 objects as part of root set at end of initial load.
[2023.07.08-17.58.21:790][  0]LogUObjectAllocator: 4302048 out of 0 bytes used by permanent object pool.
[2023.07.08-17.58.21:790][  0]LogUObjectArray: CloseDisregardForGC: 0/0 objects in disregard for GC pool
[2023.07.08-17.58.21:962][  0]LogPython: Using Python 3.7.7
[2023.07.08-17.58.22:281][  0]LogNiagaraDebuggerClient: Niagara Debugger Client Initialized | Session: C6F73EB94E99E4BABD9DC794A0768BCB | Instance: 013BEBF54CF7AE5750CBF6BA6DA35BB0 (VPER-25840).
[2023.07.08-17.58.22:321][  0]LogUdpMessaging: Initializing bridge on interface 0.0.0.0:0 to multicast group 230.0.0.1:6666.
[2023.07.08-17.58.22:327][  0]LogTcpMessaging: Initializing TcpMessaging bridge
[2023.07.08-17.58.22:589][  0]LogOpenImageDenoise: OIDN starting up
[2023.07.08-17.58.22:628][  0]LogAndroidPermission: UAndroidPermissionCallbackProxy::GetInstance
[2023.07.08-17.58.22:639][  0]LogAudioCaptureCore: Display: No Audio Capture implementations found. Audio input will be silent.
[2023.07.08-17.58.22:639][  0]LogAudioCaptureCore: Display: No Audio Capture implementations found. Audio input will be silent.
[2023.07.08-17.58.22:720][  0]SourceControl: Source control is disabled
[2023.07.08-17.58.22:720][  0]SourceControl: Source control is disabled
[2023.07.08-17.58.22:723][  0]SourceControl: Source control is disabled
[2023.07.08-17.58.22:725][  0]SourceControl: Source control is disabled
[2023.07.08-17.58.22:733][  0]LogUProjectInfo: Found projects:
[2023.07.08-17.58.22:735][  0]SourceControl: Source control is disabled
[2023.07.08-17.58.22:748][  0]LogCollectionManager: Loaded 0 collections in 0.000836 seconds
[2023.07.08-17.58.22:765][  0]LogFileCache: Scanning file cache for directory 'C:/VperData/GitHub/ActionRoguelike/ActionRoguelike/Saved/Collections/' took 0.00s
[2023.07.08-17.58.22:765][  0]LogFileCache: Scanning file cache for directory 'C:/VperData/GitHub/ActionRoguelike/ActionRoguelike/Content/Developers/virtu/Collections/' took 0.00s
[2023.07.08-17.58.22:765][  0]LogFileCache: Scanning file cache for directory 'C:/VperData/GitHub/ActionRoguelike/ActionRoguelike/Content/Collections/' took 0.00s
[2023.07.08-17.58.22:765][  0]LogOcInput: OculusInput pre-init called
[2023.07.08-17.58.22:916][  0]LogEngine: Initializing Engine...
[2023.07.08-17.58.22:918][  0]LogHMD: Failed to enumerate extensions. Please check that you have a valid OpenXR runtime installed.
[2023.07.08-17.58.22:918][  0]LogHMD: Failed to initialize OpenVR with code 110
[2023.07.08-17.58.22:918][  0]LogMagicLeap: Warning: VR disabled because ZI is not enabled.  To enable, in the editor, Edit -> Project Settings -> Plugins -> Magic Leap Plugin -> Enable Zero Iteration
[2023.07.08-17.58.22:918][  0]LogStats: UGameplayTagsManager::InitializeManager -  0.000 s
[2023.07.08-17.58.22:992][  0]LogInit: Initializing FReadOnlyCVARCache
[2023.07.08-17.58.22:999][  0]LogAIModule: Creating AISystem for world Untitled
[2023.07.08-17.58.22:999][  0]LogAudio: Display: Initializing Audio Device Manager...
[2023.07.08-17.58.23:002][  0]LogAudio: Display: Loading Default Audio Settings Objects...
[2023.07.08-17.58.23:002][  0]LogAudio: Display: No default SoundConcurrencyObject specified (or failed to load).
[2023.07.08-17.58.23:002][  0]LogAudio: Display: Audio Device Manager Initialized
[2023.07.08-17.58.23:002][  0]LogAudio: Display: Creating Audio Device:                 Id: 1, Scope: Shared, Realtime: True
[2023.07.08-17.58.23:002][  0]LogAudioMixer: Display: Audio Mixer Platform Settings:
[2023.07.08-17.58.23:002][  0]LogAudioMixer: Display: 	Sample Rate:						  48000
[2023.07.08-17.58.23:002][  0]LogAudioMixer: Display: 	Callback Buffer Frame Size Requested: 1024
[2023.07.08-17.58.23:003][  0]LogAudioMixer: Display: 	Callback Buffer Frame Size To Use:	  1024
[2023.07.08-17.58.23:003][  0]LogAudioMixer: Display: 	Number of buffers to queue:			  2
[2023.07.08-17.58.23:003][  0]LogAudioMixer: Display: 	Max Channels (voices):				  32
[2023.07.08-17.58.23:003][  0]LogAudioMixer: Display: 	Number of Async Source Workers:		  0
[2023.07.08-17.58.23:003][  0]LogAudio: Display: AudioDevice MaxSources: 32
[2023.07.08-17.58.23:003][  0]LogAudio: Display: Audio Spatialization Plugin: None (built-in).
[2023.07.08-17.58.23:003][  0]LogAudio: Display: Audio Reverb Plugin: None (built-in).
[2023.07.08-17.58.23:003][  0]LogAudio: Display: Audio Occlusion Plugin: None (built-in).
[2023.07.08-17.58.23:003][  0]LogAudioMixer: Display: Initializing audio mixer.
[2023.07.08-17.58.23:011][  0]LogAudioMixer: Display: 0: FrontLeft
[2023.07.08-17.58.23:011][  0]LogAudioMixer: Display: 1: FrontRight
[2023.07.08-17.58.23:025][  0]LogAudioMixer: Display: Using Audio Device Realtek HD Audio 2nd output (Realtek(R) Audio)
[2023.07.08-17.58.23:027][  0]LogAudioMixer: Display: Initializing Sound Submixes...
[2023.07.08-17.58.23:028][  0]LogAudioMixer: Display: Creating Master Submix 'MasterSubmixDefault'
[2023.07.08-17.58.23:028][  0]LogAudioMixer: Display: Creating Master Submix 'MasterReverbSubmixDefault'
[2023.07.08-17.58.23:029][  0]LogAudioMixer: Display: Creating Master Submix 'MasterEQSubmixDefault'
[2023.07.08-17.58.23:029][  0]LogAudioMixer: FMixerPlatformXAudio2::StartAudioStream() called
[2023.07.08-17.58.23:029][  0]LogAudioMixer: Display: Output buffers initialized: Frames=1024, Channels=2, Samples=2048
[2023.07.08-17.58.23:030][  0]LogAudioMixer: Display: Starting AudioMixerPlatformInterface::RunInternal()
[2023.07.08-17.58.23:030][  0]LogAudioMixer: Display: FMixerPlatformXAudio2::SubmitBuffer() called for the first time
[2023.07.08-17.58.23:030][  0]LogInit: FAudioDevice initialized.
[2023.07.08-17.58.23:030][  0]LogAudio: Display: Audio Device (ID: 1) registered with world 'Untitled'.
[2023.07.08-17.58.23:030][  0]LogNetVersion: Set ProjectVersion to 1.0.0.0. Version Checksum will be recalculated on next use.
[2023.07.08-17.58.23:064][  0]LogDerivedDataCache: Saved boot cache 0.03s 94MB C:/Users/virtu/AppData/Local/UnrealEngine/4.27/DerivedDataCache/Boot.ddc.
[2023.07.08-17.58.23:066][  0]LogInit: Texture streaming: Enabled
[2023.07.08-17.58.23:074][  0]LogAnalytics: Display: [UEEditor.Rocket.Release] APIServer = https://datarouter.ol.epicgames.com/. AppVersion = 4.27.2-18319896+++UE4+Release-4.27
[2023.07.08-17.58.23:077][  0]LogEngineSessionManager: EngineSessionManager initialized
[2023.07.08-17.58.23:077][  0]LogEditorSessionSummary: Verbose: Initializing EditorSessionSummaryWriter for editor session tracking
[2023.07.08-17.58.23:077][  0]LogEditorSessionSummary: EditorSessionSummaryWriter initialized
[2023.07.08-17.58.23:090][  0]LogInit: Transaction tracking system initialized
[2023.07.08-17.58.23:106][  0]BlueprintLog: New page: Editor Load
[2023.07.08-17.58.23:149][  0]LocalizationService: Localization service is disabled
[2023.07.08-17.58.23:165][  0]TimingProfiler: Initialize
[2023.07.08-17.58.23:165][  0]TimingProfiler: OnSessionChanged
[2023.07.08-17.58.23:165][  0]LoadingProfiler: Initialize
[2023.07.08-17.58.23:165][  0]LoadingProfiler: OnSessionChanged
[2023.07.08-17.58.23:165][  0]NetworkingProfiler: Initialize
[2023.07.08-17.58.23:165][  0]NetworkingProfiler: OnSessionChanged
[2023.07.08-17.58.23:165][  0]MemoryProfiler: Initialize
[2023.07.08-17.58.23:165][  0]MemoryProfiler: OnSessionChanged
[2023.07.08-17.58.23:405][  0]LogCook: Display: CookSettings for Memory: MemoryMaxUsedVirtual 0MiB, MemoryMaxUsedPhysical 16384MiB, MemoryMinFreeVirtual 0MiB, MemoryMinFreePhysical 1024MiB
[2023.07.08-17.58.23:405][  0]LogCook: Display: Mobile HDR setting 1
[2023.07.08-17.58.23:534][  0]LogFileCache: Scanning file cache for directory 'C:/VperData/GitHub/ActionRoguelike/ActionRoguelike/Content/' took 0.01s
[2023.07.08-17.58.23:646][  0]LogInit: Display: Engine is initialized. Leaving FEngineLoop::Init()
[2023.07.08-17.58.23:647][  0]SourceControl: Source control is disabled
[2023.07.08-17.58.23:648][  0]LogUnrealEdMisc: Loading editor; pre map load, took 4.257
[2023.07.08-17.58.23:648][  0]Cmd: MAP LOAD FILE="../../../../../../../VperData/GitHub/ActionRoguelike/ActionRoguelike/Content/ActionRoguelike/Maps/TestLevel.umap" TEMPLATE=0 SHOWPROGRESS=1 FEATURELEVEL=3
[2023.07.08-17.58.23:648][  0]LightingResults: New page: Lighting Build
[2023.07.08-17.58.23:649][  0]LogWorld: UWorld::CleanupWorld for Untitled, bSessionEnded=true, bCleanupResources=true
[2023.07.08-17.58.23:649][  0]LogSlate: InvalidateAllWidgets triggered.  All widgets were invalidated
[2023.07.08-17.58.23:649][  0]MapCheck: New page: Map Check
[2023.07.08-17.58.23:649][  0]LightingResults: New page: Lighting Build
[2023.07.08-17.58.23:663][  0]LogAudio: Display: Audio Device unregistered from world 'None'.
[2023.07.08-17.58.23:666][  0]LogUObjectHash: Compacting FUObjectHashTables data took   0.45ms
[2023.07.08-17.58.23:792][  0]LogSkeletalMesh: Display: [AssetLog] C:\VperData\GitHub\ActionRoguelike\ActionRoguelike\Content\ParagonGideon\Characters\Heroes\Gideon\Meshes\Gideon.uasset: Find and fix some bad tangent! please re-import this skeletal mesh asset to fix the issue. The shading of the skeletal mesh will be bad and faceted.
[2023.07.08-17.58.23:852][  0]LogAudio: Display: Audio Device (ID: 1) registered with world 'TestLevel'.
[2023.07.08-17.58.23:853][  0]LogAIModule: Creating AISystem for world TestLevel
[2023.07.08-17.58.23:855][  0]LogEditorServer: Finished looking for orphan Actors (0.000 secs)
[2023.07.08-17.58.23:864][  0]LogUObjectHash: Compacting FUObjectHashTables data took   0.44ms
[2023.07.08-17.58.23:865][  0]Cmd: MAP CHECKDEP NOCLEARLOG
[2023.07.08-17.58.23:865][  0]MapCheck: Map check complete: 0 Error(s), 0 Warning(s), took 0.089ms to complete.
[2023.07.08-17.58.23:865][  0]LogFileHelpers: Loading map 'TestLevel' took 0.218
[2023.07.08-17.58.23:867][  0]LogUnrealEdMisc: Total Editor Startup Time, took 4.477
[2023.07.08-17.58.23:951][  0]LogSlate: Updating window title bar state: overlay mode, drag disabled, window buttons hidden, title bar hidden
[2023.07.08-17.58.23:954][  0]LogSlate: Updating window title bar state: overlay mode, drag disabled, window buttons hidden, title bar hidden
[2023.07.08-17.58.23:957][  0]LogSlate: Updating window title bar state: overlay mode, drag disabled, window buttons hidden, title bar hidden
[2023.07.08-17.58.23:961][  0]LogSlate: Updating window title bar state: overlay mode, drag disabled, window buttons hidden, title bar hidden
[2023.07.08-17.58.23:968][  0]LogNativeClassHierarchy: Verbose: Native class hierarchy populated in 0.0052 seconds. Added 3828 classes and 931 folders.
[2023.07.08-17.58.23:970][  0]LogNativeClassHierarchy: Verbose: Native class hierarchy updated for 'WidgetCarousel' in 0.0001 seconds. Added 0 classes and 0 folders.
[2023.07.08-17.58.23:971][  0]LogPakFile: PakFile PrimaryIndexSize=187
[2023.07.08-17.58.23:971][  0]LogPakFile: PakFile PathHashIndexSize=101
[2023.07.08-17.58.23:971][  0]LogPakFile: PakFile FullDirectoryIndexSize=148
[2023.07.08-17.58.23:971][  0]LogShaderLibrary: Display: ShaderCodeLibraryPakFileMountedCallback: PakFile 'C:/Program Files (x86)/Vper/UE/UE_4.27/FeaturePacks/FP_FirstPerson.upack' (chunk index -1, root 'root:/') mounted
[2023.07.08-17.58.23:971][  0]LogShaderLibrary: Display: ShaderCodeLibraryPakFileMountedCallback: pending pak file info (ChunkID:-1 Root:root:/ File:C:/Program Files (x86)/Vper/UE/UE_4.27/FeaturePacks/FP_FirstPerson.upack)
[2023.07.08-17.58.23:971][  0]LogPakFile: OnPakFileMounted2Time == 0.000125
[2023.07.08-17.58.23:972][  0]LogPakFile: PakFile PrimaryIndexSize=189
[2023.07.08-17.58.23:972][  0]LogPakFile: PakFile PathHashIndexSize=101
[2023.07.08-17.58.23:972][  0]LogPakFile: PakFile FullDirectoryIndexSize=152
[2023.07.08-17.58.23:972][  0]LogShaderLibrary: Display: ShaderCodeLibraryPakFileMountedCallback: PakFile 'C:/Program Files (x86)/Vper/UE/UE_4.27/FeaturePacks/FP_FirstPersonBP.upack' (chunk index -1, root 'root:/') mounted
[2023.07.08-17.58.23:972][  0]LogShaderLibrary: Display: ShaderCodeLibraryPakFileMountedCallback: pending pak file info (ChunkID:-1 Root:root:/ File:C:/Program Files (x86)/Vper/UE/UE_4.27/FeaturePacks/FP_FirstPersonBP.upack)
[2023.07.08-17.58.23:972][  0]LogPakFile: OnPakFileMounted2Time == 0.000079
[2023.07.08-17.58.23:972][  0]LogPakFile: PakFile PrimaryIndexSize=191
[2023.07.08-17.58.23:972][  0]LogPakFile: PakFile PathHashIndexSize=101
[2023.07.08-17.58.23:972][  0]LogPakFile: PakFile FullDirectoryIndexSize=160
[2023.07.08-17.58.23:972][  0]LogShaderLibrary: Display: ShaderCodeLibraryPakFileMountedCallback: PakFile 'C:/Program Files (x86)/Vper/UE/UE_4.27/FeaturePacks/MobileStarterContent.upack' (chunk index -1, root 'root:/') mounted
[2023.07.08-17.58.23:972][  0]LogShaderLibrary: Display: ShaderCodeLibraryPakFileMountedCallback: pending pak file info (ChunkID:-1 Root:root:/ File:C:/Program Files (x86)/Vper/UE/UE_4.27/FeaturePacks/MobileStarterContent.upack)
[2023.07.08-17.58.23:972][  0]LogPakFile: OnPakFileMounted2Time == 0.000089
[2023.07.08-17.58.23:973][  0]LogPakFile: PakFile PrimaryIndexSize=185
[2023.07.08-17.58.23:973][  0]LogPakFile: PakFile PathHashIndexSize=101
[2023.07.08-17.58.23:973][  0]LogPakFile: PakFile FullDirectoryIndexSize=148
[2023.07.08-17.58.23:973][  0]LogShaderLibrary: Display: ShaderCodeLibraryPakFileMountedCallback: PakFile 'C:/Program Files (x86)/Vper/UE/UE_4.27/FeaturePacks/StarterContent.upack' (chunk index -1, root 'root:/') mounted
[2023.07.08-17.58.23:973][  0]LogShaderLibrary: Display: ShaderCodeLibraryPakFileMountedCallback: pending pak file info (ChunkID:-1 Root:root:/ File:C:/Program Files (x86)/Vper/UE/UE_4.27/FeaturePacks/StarterContent.upack)
[2023.07.08-17.58.23:973][  0]LogPakFile: OnPakFileMounted2Time == 0.000094
[2023.07.08-17.58.23:973][  0]LogPakFile: PakFile PrimaryIndexSize=190
[2023.07.08-17.58.23:973][  0]LogPakFile: PakFile PathHashIndexSize=101
[2023.07.08-17.58.23:973][  0]LogPakFile: PakFile FullDirectoryIndexSize=154
[2023.07.08-17.58.23:973][  0]LogShaderLibrary: Display: ShaderCodeLibraryPakFileMountedCallback: PakFile 'C:/Program Files (x86)/Vper/UE/UE_4.27/FeaturePacks/TP_2DSideScroller.upack' (chunk index -1, root 'root:/') mounted
[2023.07.08-17.58.23:973][  0]LogShaderLibrary: Display: ShaderCodeLibraryPakFileMountedCallback: pending pak file info (ChunkID:-1 Root:root:/ File:C:/Program Files (x86)/Vper/UE/UE_4.27/FeaturePacks/TP_2DSideScroller.upack)
[2023.07.08-17.58.23:973][  0]LogPakFile: OnPakFileMounted2Time == 0.000081
[2023.07.08-17.58.23:974][  0]LogPakFile: PakFile PrimaryIndexSize=192
[2023.07.08-17.58.23:974][  0]LogPakFile: PakFile PathHashIndexSize=101
[2023.07.08-17.58.23:974][  0]LogPakFile: PakFile FullDirectoryIndexSize=158
[2023.07.08-17.58.23:974][  0]LogShaderLibrary: Display: ShaderCodeLibraryPakFileMountedCallback: PakFile 'C:/Program Files (x86)/Vper/UE/UE_4.27/FeaturePacks/TP_2DSideScrollerBP.upack' (chunk index -1, root 'root:/') mounted
[2023.07.08-17.58.23:974][  0]LogShaderLibrary: Display: ShaderCodeLibraryPakFileMountedCallback: pending pak file info (ChunkID:-1 Root:root:/ File:C:/Program Files (x86)/Vper/UE/UE_4.27/FeaturePacks/TP_2DSideScrollerBP.upack)
[2023.07.08-17.58.23:974][  0]LogPakFile: OnPakFileMounted2Time == 0.000079
[2023.07.08-17.58.23:974][  0]LogPakFile: PakFile PrimaryIndexSize=182
[2023.07.08-17.58.23:974][  0]LogPakFile: PakFile PathHashIndexSize=101
[2023.07.08-17.58.23:974][  0]LogPakFile: PakFile FullDirectoryIndexSize=138
[2023.07.08-17.58.23:974][  0]LogShaderLibrary: Display: ShaderCodeLibraryPakFileMountedCallback: PakFile 'C:/Program Files (x86)/Vper/UE/UE_4.27/FeaturePacks/TP_Flying.upack' (chunk index -1, root 'root:/') mounted
[2023.07.08-17.58.23:974][  0]LogShaderLibrary: Display: ShaderCodeLibraryPakFileMountedCallback: pending pak file info (ChunkID:-1 Root:root:/ File:C:/Program Files (x86)/Vper/UE/UE_4.27/FeaturePacks/TP_Flying.upack)
[2023.07.08-17.58.23:974][  0]LogPakFile: OnPakFileMounted2Time == 0.000070
[2023.07.08-17.58.23:974][  0]LogPakFile: PakFile PrimaryIndexSize=184
[2023.07.08-17.58.23:975][  0]LogPakFile: PakFile PathHashIndexSize=101
[2023.07.08-17.58.23:975][  0]LogPakFile: PakFile FullDirectoryIndexSize=142
[2023.07.08-17.58.23:975][  0]LogShaderLibrary: Display: ShaderCodeLibraryPakFileMountedCallback: PakFile 'C:/Program Files (x86)/Vper/UE/UE_4.27/FeaturePacks/TP_FlyingBP.upack' (chunk index -1, root 'root:/') mounted
[2023.07.08-17.58.23:975][  0]LogShaderLibrary: Display: ShaderCodeLibraryPakFileMountedCallback: pending pak file info (ChunkID:-1 Root:root:/ File:C:/Program Files (x86)/Vper/UE/UE_4.27/FeaturePacks/TP_FlyingBP.upack)
[2023.07.08-17.58.23:975][  0]LogPakFile: OnPakFileMounted2Time == 0.000100
[2023.07.08-17.58.23:975][  0]LogPakFile: PakFile PrimaryIndexSize=188
[2023.07.08-17.58.23:975][  0]LogPakFile: PakFile PathHashIndexSize=101
[2023.07.08-17.58.23:975][  0]LogPakFile: PakFile FullDirectoryIndexSize=150
[2023.07.08-17.58.23:975][  0]LogShaderLibrary: Display: ShaderCodeLibraryPakFileMountedCallback: PakFile 'C:/Program Files (x86)/Vper/UE/UE_4.27/FeaturePacks/TP_HandheldARBP.upack' (chunk index -1, root 'root:/') mounted
[2023.07.08-17.58.23:975][  0]LogShaderLibrary: Display: ShaderCodeLibraryPakFileMountedCallback: pending pak file info (ChunkID:-1 Root:root:/ File:C:/Program Files (x86)/Vper/UE/UE_4.27/FeaturePacks/TP_HandheldARBP.upack)
[2023.07.08-17.58.23:975][  0]LogPakFile: OnPakFileMounted2Time == 0.000096
[2023.07.08-17.58.23:976][  0]LogPakFile: PakFile PrimaryIndexSize=182
[2023.07.08-17.58.23:976][  0]LogPakFile: PakFile PathHashIndexSize=101
[2023.07.08-17.58.23:976][  0]LogPakFile: PakFile FullDirectoryIndexSize=138
[2023.07.08-17.58.23:976][  0]LogShaderLibrary: Display: ShaderCodeLibraryPakFileMountedCallback: PakFile 'C:/Program Files (x86)/Vper/UE/UE_4.27/FeaturePacks/TP_Puzzle.upack' (chunk index -1, root 'root:/') mounted
[2023.07.08-17.58.23:976][  0]LogShaderLibrary: Display: ShaderCodeLibraryPakFileMountedCallback: pending pak file info (ChunkID:-1 Root:root:/ File:C:/Program Files (x86)/Vper/UE/UE_4.27/FeaturePacks/TP_Puzzle.upack)
[2023.07.08-17.58.23:976][  0]LogPakFile: OnPakFileMounted2Time == 0.000083
[2023.07.08-17.58.23:976][  0]LogPakFile: PakFile PrimaryIndexSize=184
[2023.07.08-17.58.23:976][  0]LogPakFile: PakFile PathHashIndexSize=101
[2023.07.08-17.58.23:976][  0]LogPakFile: PakFile FullDirectoryIndexSize=142
[2023.07.08-17.58.23:976][  0]LogShaderLibrary: Display: ShaderCodeLibraryPakFileMountedCallback: PakFile 'C:/Program Files (x86)/Vper/UE/UE_4.27/FeaturePacks/TP_PuzzleBP.upack' (chunk index -1, root 'root:/') mounted
[2023.07.08-17.58.23:976][  0]LogShaderLibrary: Display: ShaderCodeLibraryPakFileMountedCallback: pending pak file info (ChunkID:-1 Root:root:/ File:C:/Program Files (x86)/Vper/UE/UE_4.27/FeaturePacks/TP_PuzzleBP.upack)
[2023.07.08-17.58.23:976][  0]LogPakFile: OnPakFileMounted2Time == 0.000094
[2023.07.08-17.58.23:977][  0]LogPakFile: PakFile PrimaryIndexSize=183
[2023.07.08-17.58.23:977][  0]LogPakFile: PakFile PathHashIndexSize=101
[2023.07.08-17.58.23:977][  0]LogPakFile: PakFile FullDirectoryIndexSize=140
[2023.07.08-17.58.23:977][  0]LogShaderLibrary: Display: ShaderCodeLibraryPakFileMountedCallback: PakFile 'C:/Program Files (x86)/Vper/UE/UE_4.27/FeaturePacks/TP_Rolling.upack' (chunk index -1, root 'root:/') mounted
[2023.07.08-17.58.23:977][  0]LogShaderLibrary: Display: ShaderCodeLibraryPakFileMountedCallback: pending pak file info (ChunkID:-1 Root:root:/ File:C:/Program Files (x86)/Vper/UE/UE_4.27/FeaturePacks/TP_Rolling.upack)
[2023.07.08-17.58.23:977][  0]LogPakFile: OnPakFileMounted2Time == 0.000074
[2023.07.08-17.58.23:977][  0]LogPakFile: PakFile PrimaryIndexSize=185
[2023.07.08-17.58.23:977][  0]LogPakFile: PakFile PathHashIndexSize=101
[2023.07.08-17.58.23:977][  0]LogPakFile: PakFile FullDirectoryIndexSize=144
[2023.07.08-17.58.23:977][  0]LogShaderLibrary: Display: ShaderCodeLibraryPakFileMountedCallback: PakFile 'C:/Program Files (x86)/Vper/UE/UE_4.27/FeaturePacks/TP_RollingBP.upack' (chunk index -1, root 'root:/') mounted
[2023.07.08-17.58.23:977][  0]LogShaderLibrary: Display: ShaderCodeLibraryPakFileMountedCallback: pending pak file info (ChunkID:-1 Root:root:/ File:C:/Program Files (x86)/Vper/UE/UE_4.27/FeaturePacks/TP_RollingBP.upack)
[2023.07.08-17.58.23:977][  0]LogPakFile: OnPakFileMounted2Time == 0.000078
[2023.07.08-17.58.23:978][  0]LogPakFile: PakFile PrimaryIndexSize=188
[2023.07.08-17.58.23:978][  0]LogPakFile: PakFile PathHashIndexSize=101
[2023.07.08-17.58.23:978][  0]LogPakFile: PakFile FullDirectoryIndexSize=150
[2023.07.08-17.58.23:978][  0]LogShaderLibrary: Display: ShaderCodeLibraryPakFileMountedCallback: PakFile 'C:/Program Files (x86)/Vper/UE/UE_4.27/FeaturePacks/TP_SideScroller.upack' (chunk index -1, root 'root:/') mounted
[2023.07.08-17.58.23:978][  0]LogShaderLibrary: Display: ShaderCodeLibraryPakFileMountedCallback: pending pak file info (ChunkID:-1 Root:root:/ File:C:/Program Files (x86)/Vper/UE/UE_4.27/FeaturePacks/TP_SideScroller.upack)
[2023.07.08-17.58.23:978][  0]LogPakFile: OnPakFileMounted2Time == 0.000095
[2023.07.08-17.58.23:978][  0]LogPakFile: PakFile PrimaryIndexSize=190
[2023.07.08-17.58.23:978][  0]LogPakFile: PakFile PathHashIndexSize=101
[2023.07.08-17.58.23:978][  0]LogPakFile: PakFile FullDirectoryIndexSize=154
[2023.07.08-17.58.23:978][  0]LogShaderLibrary: Display: ShaderCodeLibraryPakFileMountedCallback: PakFile 'C:/Program Files (x86)/Vper/UE/UE_4.27/FeaturePacks/TP_SideScrollerBP.upack' (chunk index -1, root 'root:/') mounted
[2023.07.08-17.58.23:978][  0]LogShaderLibrary: Display: ShaderCodeLibraryPakFileMountedCallback: pending pak file info (ChunkID:-1 Root:root:/ File:C:/Program Files (x86)/Vper/UE/UE_4.27/FeaturePacks/TP_SideScrollerBP.upack)
[2023.07.08-17.58.23:978][  0]LogPakFile: OnPakFileMounted2Time == 0.000073
[2023.07.08-17.58.23:978][  0]LogPakFile: PakFile PrimaryIndexSize=187
[2023.07.08-17.58.23:978][  0]LogPakFile: PakFile PathHashIndexSize=101
[2023.07.08-17.58.23:979][  0]LogPakFile: PakFile FullDirectoryIndexSize=148
[2023.07.08-17.58.23:979][  0]LogShaderLibrary: Display: ShaderCodeLibraryPakFileMountedCallback: PakFile 'C:/Program Files (x86)/Vper/UE/UE_4.27/FeaturePacks/TP_ThirdPerson.upack' (chunk index -1, root 'root:/') mounted
[2023.07.08-17.58.23:979][  0]LogShaderLibrary: Display: ShaderCodeLibraryPakFileMountedCallback: pending pak file info (ChunkID:-1 Root:root:/ File:C:/Program Files (x86)/Vper/UE/UE_4.27/FeaturePacks/TP_ThirdPerson.upack)
[2023.07.08-17.58.23:979][  0]LogPakFile: OnPakFileMounted2Time == 0.000081
[2023.07.08-17.58.23:979][  0]LogPakFile: PakFile PrimaryIndexSize=189
[2023.07.08-17.58.23:979][  0]LogPakFile: PakFile PathHashIndexSize=101
[2023.07.08-17.58.23:979][  0]LogPakFile: PakFile FullDirectoryIndexSize=152
[2023.07.08-17.58.23:979][  0]LogShaderLibrary: Display: ShaderCodeLibraryPakFileMountedCallback: PakFile 'C:/Program Files (x86)/Vper/UE/UE_4.27/FeaturePacks/TP_ThirdPersonBP.upack' (chunk index -1, root 'root:/') mounted
[2023.07.08-17.58.23:979][  0]LogShaderLibrary: Display: ShaderCodeLibraryPakFileMountedCallback: pending pak file info (ChunkID:-1 Root:root:/ File:C:/Program Files (x86)/Vper/UE/UE_4.27/FeaturePacks/TP_ThirdPersonBP.upack)
[2023.07.08-17.58.23:979][  0]LogPakFile: OnPakFileMounted2Time == 0.000077
[2023.07.08-17.58.23:979][  0]LogPakFile: PakFile PrimaryIndexSize=183
[2023.07.08-17.58.23:979][  0]LogPakFile: PakFile PathHashIndexSize=101
[2023.07.08-17.58.23:979][  0]LogPakFile: PakFile FullDirectoryIndexSize=140
[2023.07.08-17.58.23:979][  0]LogShaderLibrary: Display: ShaderCodeLibraryPakFileMountedCallback: PakFile 'C:/Program Files (x86)/Vper/UE/UE_4.27/FeaturePacks/TP_TopDown.upack' (chunk index -1, root 'root:/') mounted
[2023.07.08-17.58.23:980][  0]LogShaderLibrary: Display: ShaderCodeLibraryPakFileMountedCallback: pending pak file info (ChunkID:-1 Root:root:/ File:C:/Program Files (x86)/Vper/UE/UE_4.27/FeaturePacks/TP_TopDown.upack)
[2023.07.08-17.58.23:980][  0]LogPakFile: OnPakFileMounted2Time == 0.000082
[2023.07.08-17.58.23:980][  0]LogPakFile: PakFile PrimaryIndexSize=185
[2023.07.08-17.58.23:980][  0]LogPakFile: PakFile PathHashIndexSize=101
[2023.07.08-17.58.23:980][  0]LogPakFile: PakFile FullDirectoryIndexSize=144
[2023.07.08-17.58.23:980][  0]LogShaderLibrary: Display: ShaderCodeLibraryPakFileMountedCallback: PakFile 'C:/Program Files (x86)/Vper/UE/UE_4.27/FeaturePacks/TP_TopDownBP.upack' (chunk index -1, root 'root:/') mounted
[2023.07.08-17.58.23:980][  0]LogShaderLibrary: Display: ShaderCodeLibraryPakFileMountedCallback: pending pak file info (ChunkID:-1 Root:root:/ File:C:/Program Files (x86)/Vper/UE/UE_4.27/FeaturePacks/TP_TopDownBP.upack)
[2023.07.08-17.58.23:980][  0]LogPakFile: OnPakFileMounted2Time == 0.000099
[2023.07.08-17.58.23:980][  0]LogPakFile: PakFile PrimaryIndexSize=185
[2023.07.08-17.58.23:980][  0]LogPakFile: PakFile PathHashIndexSize=101
[2023.07.08-17.58.23:980][  0]LogPakFile: PakFile FullDirectoryIndexSize=144
[2023.07.08-17.58.23:980][  0]LogShaderLibrary: Display: ShaderCodeLibraryPakFileMountedCallback: PakFile 'C:/Program Files (x86)/Vper/UE/UE_4.27/FeaturePacks/TP_TwinStick.upack' (chunk index -1, root 'root:/') mounted
[2023.07.08-17.58.23:980][  0]LogShaderLibrary: Display: ShaderCodeLibraryPakFileMountedCallback: pending pak file info (ChunkID:-1 Root:root:/ File:C:/Program Files (x86)/Vper/UE/UE_4.27/FeaturePacks/TP_TwinStick.upack)
[2023.07.08-17.58.23:981][  0]LogPakFile: OnPakFileMounted2Time == 0.000085
[2023.07.08-17.58.23:981][  0]LogPakFile: PakFile PrimaryIndexSize=187
[2023.07.08-17.58.23:981][  0]LogPakFile: PakFile PathHashIndexSize=101
[2023.07.08-17.58.23:981][  0]LogPakFile: PakFile FullDirectoryIndexSize=148
[2023.07.08-17.58.23:981][  0]LogShaderLibrary: Display: ShaderCodeLibraryPakFileMountedCallback: PakFile 'C:/Program Files (x86)/Vper/UE/UE_4.27/FeaturePacks/TP_TwinStickBP.upack' (chunk index -1, root 'root:/') mounted
[2023.07.08-17.58.23:981][  0]LogShaderLibrary: Display: ShaderCodeLibraryPakFileMountedCallback: pending pak file info (ChunkID:-1 Root:root:/ File:C:/Program Files (x86)/Vper/UE/UE_4.27/FeaturePacks/TP_TwinStickBP.upack)
[2023.07.08-17.58.23:981][  0]LogPakFile: OnPakFileMounted2Time == 0.000098
[2023.07.08-17.58.23:981][  0]LogPakFile: PakFile PrimaryIndexSize=183
[2023.07.08-17.58.23:981][  0]LogPakFile: PakFile PathHashIndexSize=101
[2023.07.08-17.58.23:981][  0]LogPakFile: PakFile FullDirectoryIndexSize=140
[2023.07.08-17.58.23:981][  0]LogShaderLibrary: Display: ShaderCodeLibraryPakFileMountedCallback: PakFile 'C:/Program Files (x86)/Vper/UE/UE_4.27/FeaturePacks/TP_Vehicle.upack' (chunk index -1, root 'root:/') mounted
[2023.07.08-17.58.23:981][  0]LogShaderLibrary: Display: ShaderCodeLibraryPakFileMountedCallback: pending pak file info (ChunkID:-1 Root:root:/ File:C:/Program Files (x86)/Vper/UE/UE_4.27/FeaturePacks/TP_Vehicle.upack)
[2023.07.08-17.58.23:981][  0]LogPakFile: OnPakFileMounted2Time == 0.000097
[2023.07.08-17.58.23:982][  0]LogPakFile: PakFile PrimaryIndexSize=186
[2023.07.08-17.58.23:982][  0]LogPakFile: PakFile PathHashIndexSize=101
[2023.07.08-17.58.23:982][  0]LogPakFile: PakFile FullDirectoryIndexSize=146
[2023.07.08-17.58.23:982][  0]LogShaderLibrary: Display: ShaderCodeLibraryPakFileMountedCallback: PakFile 'C:/Program Files (x86)/Vper/UE/UE_4.27/FeaturePacks/TP_VehicleAdv.upack' (chunk index -1, root 'root:/') mounted
[2023.07.08-17.58.23:982][  0]LogShaderLibrary: Display: ShaderCodeLibraryPakFileMountedCallback: pending pak file info (ChunkID:-1 Root:root:/ File:C:/Program Files (x86)/Vper/UE/UE_4.27/FeaturePacks/TP_VehicleAdv.upack)
[2023.07.08-17.58.23:982][  0]LogPakFile: OnPakFileMounted2Time == 0.000079
[2023.07.08-17.58.23:982][  0]LogPakFile: PakFile PrimaryIndexSize=188
[2023.07.08-17.58.23:982][  0]LogPakFile: PakFile PathHashIndexSize=101
[2023.07.08-17.58.23:982][  0]LogPakFile: PakFile FullDirectoryIndexSize=150
[2023.07.08-17.58.23:982][  0]LogShaderLibrary: Display: ShaderCodeLibraryPakFileMountedCallback: PakFile 'C:/Program Files (x86)/Vper/UE/UE_4.27/FeaturePacks/TP_VehicleAdvBP.upack' (chunk index -1, root 'root:/') mounted
[2023.07.08-17.58.23:982][  0]LogShaderLibrary: Display: ShaderCodeLibraryPakFileMountedCallback: pending pak file info (ChunkID:-1 Root:root:/ File:C:/Program Files (x86)/Vper/UE/UE_4.27/FeaturePacks/TP_VehicleAdvBP.upack)
[2023.07.08-17.58.23:982][  0]LogPakFile: OnPakFileMounted2Time == 0.000071
[2023.07.08-17.58.23:983][  0]LogPakFile: PakFile PrimaryIndexSize=185
[2023.07.08-17.58.23:983][  0]LogPakFile: PakFile PathHashIndexSize=101
[2023.07.08-17.58.23:983][  0]LogPakFile: PakFile FullDirectoryIndexSize=144
[2023.07.08-17.58.23:983][  0]LogShaderLibrary: Display: ShaderCodeLibraryPakFileMountedCallback: PakFile 'C:/Program Files (x86)/Vper/UE/UE_4.27/FeaturePacks/TP_VehicleBP.upack' (chunk index -1, root 'root:/') mounted
[2023.07.08-17.58.23:983][  0]LogShaderLibrary: Display: ShaderCodeLibraryPakFileMountedCallback: pending pak file info (ChunkID:-1 Root:root:/ File:C:/Program Files (x86)/Vper/UE/UE_4.27/FeaturePacks/TP_VehicleBP.upack)
[2023.07.08-17.58.23:983][  0]LogPakFile: OnPakFileMounted2Time == 0.000102
[2023.07.08-17.58.23:983][  0]LogPakFile: PakFile PrimaryIndexSize=192
[2023.07.08-17.58.23:983][  0]LogPakFile: PakFile PathHashIndexSize=101
[2023.07.08-17.58.23:983][  0]LogPakFile: PakFile FullDirectoryIndexSize=158
[2023.07.08-17.58.23:983][  0]LogShaderLibrary: Display: ShaderCodeLibraryPakFileMountedCallback: PakFile 'C:/Program Files (x86)/Vper/UE/UE_4.27/FeaturePacks/TP_VirtualRealityBP.upack' (chunk index -1, root 'root:/') mounted
[2023.07.08-17.58.23:983][  0]LogShaderLibrary: Display: ShaderCodeLibraryPakFileMountedCallback: pending pak file info (ChunkID:-1 Root:root:/ File:C:/Program Files (x86)/Vper/UE/UE_4.27/FeaturePacks/TP_VirtualRealityBP.upack)
[2023.07.08-17.58.23:983][  0]LogPakFile: OnPakFileMounted2Time == 0.000085
[2023.07.08-17.58.24:000][  0]LogNativeClassHierarchy: Verbose: Native class hierarchy updated for 'AddContentDialog' in 0.0001 seconds. Added 0 classes and 0 folders.
[2023.07.08-17.58.24:000][  0]LogNativeClassHierarchy: Verbose: Native class hierarchy updated for 'SceneOutliner' in 0.0001 seconds. Added 2 classes and 0 folders.
[2023.07.08-17.58.24:156][  0]LogSlate: Only BGRA pngs, bmps or icos are supported in by External Image Picker
[2023.07.08-17.58.24:203][  0]LogSlate: Took 0.000107 seconds to synchronously load lazily loaded font '../../../Engine/Content/Slate/Fonts/Roboto-Regular.ttf' (155K)
[2023.07.08-17.58.24:204][  0]LogSlate: Took 0.000062 seconds to synchronously load lazily loaded font '../../../Engine/Content/Editor/Slate/Fonts/FontAwesome.ttf' (139K)
[2023.07.08-17.58.24:204][  0]LogSlate: Took 0.000072 seconds to synchronously load lazily loaded font '../../../Engine/Content/Slate/Fonts/Roboto-Bold.ttf' (160K)
[2023.07.08-17.58.24:247][  0]LogRenderer: Reallocating scene render targets to support 1208x568 Format 10 NumSamples 1 (Frame:1).
[2023.07.08-17.58.24:475][  0]LogSlate: Took 0.000131 seconds to synchronously load lazily loaded font '../../../Engine/Content/Slate/Fonts/Roboto-Light.ttf' (167K)
[2023.07.08-17.58.24:506][  0]LogNativeClassHierarchy: Verbose: Native class hierarchy updated for 'HierarchicalLODOutliner' in 0.0002 seconds. Added 0 classes and 0 folders.
[2023.07.08-17.58.24:506][  0]LogLoad: (Engine Initialization) Total time: 5.12 seconds
[2023.07.08-17.58.24:506][  0]LogLoad: (Engine Initialization) Total Blueprint compile time: 0.00 seconds
[2023.07.08-17.58.24:569][  0]LogAssetRegistry: Asset discovery search completed in 3.2170 seconds
[2023.07.08-17.58.24:572][  0]LogCollectionManager: Fixed up redirectors for 0 collections in 0.000003 seconds (updated 0 objects)
[2023.07.08-17.58.24:574][  0]LogContentStreaming: Texture pool size now 1000 MB
[2023.07.08-17.58.33:697][919]LogSlate: Took 0.000067 seconds to synchronously load lazily loaded font '../../../Engine/Content/Slate/Fonts/Roboto-Light.ttf' (167K)
[2023.07.08-17.58.33:708][919]LogAssetEditorSubsystem: Opening Asset editor for Blueprint /Game/ActionRoguelike/TreasureChest.TreasureChest
[2023.07.08-17.58.33:763][919]LogNativeClassHierarchy: Verbose: Native class hierarchy updated for 'BlueprintGraph' in 0.0003 seconds. Added 126 classes and 0 folders.
[2023.07.08-17.58.36:580][193]LogSlate: Window 'TreasureChest' being destroyed
[2023.07.08-17.58.36:589][193]LogWorld: UWorld::CleanupWorld for World_3, bSessionEnded=true, bCleanupResources=true
[2023.07.08-17.58.36:589][193]LogSlate: InvalidateAllWidgets triggered.  All widgets were invalidated
[2023.07.08-17.58.36:622][193]LogAssetEditorSubsystem: Opening Asset editor for Blueprint /Game/ActionRoguelike/TreasureChest.TreasureChest
[2023.07.08-17.58.36:855][193]LogSlate: Took 0.000115 seconds to synchronously load lazily loaded font '../../../Engine/Content/Slate/Fonts/Roboto-BoldCondensed.ttf' (158K)
[2023.07.08-17.58.38:107][334]LogSlate: Window 'TreasureChest' being destroyed
[2023.07.08-17.58.39:016][432]LogSlate: Took 0.000115 seconds to synchronously load lazily loaded font '../../../Engine/Content/Slate/Fonts/Roboto-Italic.ttf' (157K)
[2023.07.08-18.00.37:779][230]LogUObjectHash: Compacting FUObjectHashTables data took   1.40ms
[2023.07.08-18.00.37:820][230]Cmd: OBJ SAVEPACKAGE PACKAGE="/Game/ActionRoguelike/TreasureChest" FILE="../../../../../../../VperData/GitHub/ActionRoguelike/ActionRoguelike/Content/ActionRoguelike/TreasureChest.uasset" SILENT=true
[2023.07.08-18.00.37:827][230]LogSavePackage: Moving '../../../../../../../VperData/GitHub/ActionRoguelike/ActionRoguelike/Saved/TreasureChestBDDF2BE1436D8963B047B5B3B69186F1.tmp' to '../../../../../../../VperData/GitHub/ActionRoguelike/ActionRoguelike/Content/ActionRoguelike/TreasureChest.uasset'
[2023.07.08-18.00.37:838][230]AssetCheck: New page: Asset Save: TreasureChest
[2023.07.08-18.00.37:838][230]LogContentValidation: Display: Validating Blueprint /Game/ActionRoguelike/TreasureChest.TreasureChest
