Log file open, 07/08/23 10:40:42
LogWindows: Failed to load 'aqProf.dll' (GetLastError=126)
LogWindows: File 'aqProf.dll' does not exist
LogWindows: Failed to load 'VtuneApi.dll' (GetLastError=126)
LogWindows: File 'VtuneApi.dll' does not exist
LogWindows: Failed to load 'VtuneApi32e.dll' (GetLastError=126)
LogWindows: File 'VtuneApi32e.dll' does not exist
LogConsoleResponse: Display: Failed to find resolution value strings in scalability ini. Falling back to default.
LogConsoleResponse: Display: Failed to find resolution value strings in scalability ini. Falling back to default.
LogInit: Display: Running engine for game: ActionRoguelike
LogPlatformFile: Not using cached read wrapper
LogTaskGraph: Started task graph with 5 named threads and 59 total threads with 3 sets of task threads.
LogStats: Stats thread started at 0.514032
LogICUInternationalization: ICU TimeZone Detection - Raw Offset: +8:00, Platform Override: ''
LogInit: Display: Loading text-based GConfig....
LogPluginManager: Mounting plugin MeshPainting
LogPluginManager: Mounting plugin XGEController
LogPluginManager: Mounting plugin Paper2D
LogPluginManager: Mounting plugin EnvironmentQueryEditor
LogPluginManager: Mounting plugin AISupport
LogPluginManager: Mounting plugin LightPropagationVolume
LogPluginManager: Mounting plugin LiveLink
LogPluginManager: Mounting plugin CameraShakePreviewer
LogPluginManager: Mounting plugin GameplayCameras
LogPluginManager: Mounting plugin OodleData
LogPluginManager: Mounting plugin AnimationSharing
LogPluginManager: Mounting plugin OodleNetwork
LogPluginManager: Mounting plugin CLionSourceCodeAccess
LogPluginManager: Mounting plugin CodeLiteSourceCodeAccess
LogPluginManager: Mounting plugin KDevelopSourceCodeAccess
LogPluginManager: Mounting plugin GitSourceControl
LogPluginManager: Mounting plugin PerforceSourceControl
LogPluginManager: Mounting plugin NullSourceCodeAccess
LogPluginManager: Mounting plugin PlasticSourceControl
LogPluginManager: Mounting plugin PluginUtils
LogPluginManager: Mounting plugin PixWinPlugin
LogPluginManager: Mounting plugin RiderSourceCodeAccess
LogPluginManager: Mounting plugin PropertyAccessNode
LogPluginManager: Mounting plugin TextureFormatOodle
LogPluginManager: Mounting plugin SubversionSourceControl
LogPluginManager: Mounting plugin UObjectPlugin
LogPluginManager: Mounting plugin VisualStudioCodeSourceCodeAccess
LogPluginManager: Mounting plugin VisualStudioSourceCodeAccess
LogPluginManager: Mounting plugin AssetManagerEditor
LogPluginManager: Mounting plugin XCodeSourceCodeAccess
LogPluginManager: Mounting plugin CurveEditorTools
LogPluginManager: Mounting plugin DataValidation
LogPluginManager: Mounting plugin CryptoKeys
LogPluginManager: Mounting plugin FacialAnimation
LogPluginManager: Mounting plugin GameplayTagsEditor
LogPluginManager: Mounting plugin GeometryMode
LogPluginManager: Mounting plugin DatasmithContent
LogPluginManager: Mounting plugin MacGraphicsSwitching
LogPluginManager: Mounting plugin MaterialAnalyzer
LogPluginManager: Mounting plugin MobileLauncherProfileWizard
LogPluginManager: Mounting plugin PluginBrowser
LogPluginManager: Mounting plugin SpeedTreeImporter
LogPluginManager: Mounting plugin VariantManagerContent
LogPluginManager: Mounting plugin Niagara
LogPluginManager: Mounting plugin AlembicImporter
LogPluginManager: Mounting plugin AutomationUtils
LogPluginManager: Mounting plugin BackChannel
LogPluginManager: Mounting plugin ChaosCloth
LogPluginManager: Mounting plugin ChaosClothEditor
LogPluginManager: Mounting plugin ChaosSolverPlugin
LogPluginManager: Mounting plugin ChaosEditor
LogPluginManager: Mounting plugin CharacterAI
LogPluginManager: Mounting plugin ChaosNiagara
LogPluginManager: Mounting plugin GeometryCache
LogPluginManager: Mounting plugin GeometryProcessing
LogPluginManager: Mounting plugin GeometryCollectionPlugin
LogPluginManager: Mounting plugin OpenImageDenoise
LogPluginManager: Mounting plugin PlatformCrypto
LogPluginManager: Mounting plugin MotoSynth
LogPluginManager: Mounting plugin PythonScriptPlugin
LogPluginManager: Mounting plugin ProxyLODPlugin
LogPluginManager: Mounting plugin PlanarCut
LogPluginManager: Mounting plugin SkeletalReduction
LogPluginManager: Mounting plugin AvfMedia
LogPluginManager: Mounting plugin AndroidMedia
LogPluginManager: Mounting plugin ImgMedia
LogPluginManager: Mounting plugin MediaCompositing
LogPluginManager: Mounting plugin WmfMedia
LogPluginManager: Mounting plugin WebMMedia
LogPluginManager: Mounting plugin MediaPlayerEditor
LogPluginManager: Mounting plugin TcpMessaging
LogPluginManager: Mounting plugin UdpMessaging
LogPluginManager: Mounting plugin ActorSequence
LogPluginManager: Mounting plugin LevelSequenceEditor
LogPluginManager: Mounting plugin MatineeToLevelSequence
LogPluginManager: Mounting plugin TemplateSequence
LogPluginManager: Mounting plugin MagicLeap
LogPluginManager: Mounting plugin LuminPlatformFeatures
LogPluginManager: Mounting plugin MagicLeapLightEstimation
LogPluginManager: Mounting plugin MagicLeapMedia
LogPluginManager: Mounting plugin MagicLeapPassableWorld
LogPluginManager: Mounting plugin MLSDK
LogPluginManager: Mounting plugin OnlineSubsystem
LogPluginManager: Mounting plugin OnlineSubsystemNull
LogPluginManager: Mounting plugin OnlineSubsystemUtils
LogPluginManager: Mounting plugin LauncherChunkInstaller
LogPluginManager: Mounting plugin ScreenshotTools
LogPluginManager: Mounting plugin ActorLayerUtilities
LogPluginManager: Mounting plugin AndroidPermission
LogPluginManager: Mounting plugin AndroidMoviePlayer
LogPluginManager: Mounting plugin AndroidDeviceProfileSelector
LogPluginManager: Mounting plugin AppleImageUtils
LogPluginManager: Mounting plugin ArchVisCharacter
LogPluginManager: Mounting plugin AppleMoviePlayer
LogPluginManager: Mounting plugin AudioCapture
LogPluginManager: Mounting plugin AudioSynesthesia
LogPluginManager: Mounting plugin AssetTags
LogPluginManager: Mounting plugin CableComponent
LogPluginManager: Mounting plugin ChunkDownloader
LogPluginManager: Mounting plugin EditableMesh
LogPluginManager: Mounting plugin GoogleCloudMessaging
LogPluginManager: Mounting plugin ExampleDeviceProfileSelector
LogPluginManager: Mounting plugin CustomMeshComponent
LogPluginManager: Mounting plugin GooglePAD
LogPluginManager: Mounting plugin IOSDeviceProfileSelector
LogPluginManager: Mounting plugin LinuxDeviceProfileSelector
LogPluginManager: Mounting plugin LocationServicesBPLibrary
LogPluginManager: Mounting plugin MobilePatchingUtils
LogPluginManager: Mounting plugin OpenXREyeTracker
LogPluginManager: Mounting plugin OpenXR
LogPluginManager: Mounting plugin OpenXRHandTracking
LogPluginManager: Mounting plugin PhysXVehicles
LogPluginManager: Mounting plugin PostSplashScreen
LogPluginManager: Mounting plugin PropertyAccessEditor
LogPluginManager: Mounting plugin ProceduralMeshComponent
LogPluginManager: Mounting plugin RuntimePhysXCooking
LogPluginManager: Mounting plugin SoundFields
LogPluginManager: Mounting plugin SignificanceManager
LogPluginManager: Mounting plugin Synthesis
LogPluginManager: Mounting plugin WebMMoviePlayer
LogPluginManager: Mounting plugin WindowsMoviePlayer
LogPluginManager: Mounting plugin Takes
LogPluginManager: Mounting plugin ContentBrowserClassDataSource
LogPluginManager: Mounting plugin ContentBrowserAssetDataSource
LogPluginManager: Mounting plugin ContentBrowserFileDataSource
LogPluginManager: Mounting plugin OnlineSubsystemGooglePlay
LogPluginManager: Mounting plugin OnlineSubsystemIOS
LogPluginManager: Mounting plugin OculusVR
LogPluginManager: Mounting plugin SteamVR
PixWinPlugin: PIX capture plugin failed to initialize! Check that the process is launched from PIX.
LogInit: Using libcurl 7.55.1-DEV
LogInit:  - built for x86_64-pc-win32
LogInit:  - supports SSL with OpenSSL/1.1.1
LogInit:  - supports HTTP deflate (compression) using libz 1.2.8
LogInit:  - other features:
LogInit:      CURL_VERSION_SSL
LogInit:      CURL_VERSION_LIBZ
LogInit:      CURL_VERSION_IPV6
LogInit:      CURL_VERSION_ASYNCHDNS
LogInit:      CURL_VERSION_LARGEFILE
LogInit:      CURL_VERSION_IDN
LogInit:  CurlRequestOptions (configurable via config and command line):
LogInit:  - bVerifyPeer = true  - Libcurl will verify peer certificate
LogInit:  - bUseHttpProxy = false  - Libcurl will NOT use HTTP proxy
LogInit:  - bDontReuseConnections = false  - Libcurl will reuse connections
LogInit:  - MaxHostConnections = 16  - Libcurl will limit the number of connections to a host
LogInit:  - LocalHostAddr = Default
LogInit:  - BufferSize = 65536
LogOnline: OSS: Creating online subsystem instance for: NULL
LogInit: WinSock: version 1.1 (2.2), MaxSocks=32767, MaxUdp=65467
LogOnline: OSS: TryLoadSubsystemAndSetDefault: Loaded subsystem for module [NULL]
LogOculusPluginWrapper: OculusPlugin initialized successfully
LogHMD: Failed initializing OVRPlugin 1.59.0
LogInit: Build: ++UE4+Release-4.27-CL-18319896
LogInit: Engine Version: 4.27.2-18319896+++UE4+Release-4.27
LogInit: Compatible Engine Version: 4.27.0-17155196+++UE4+Release-4.27
LogInit: Net CL: 17155196
LogInit: OS: Windows 10 (Release 2009) (), CPU: 13th Gen Intel(R) Core(TM) i5-13600KF, GPU: NVIDIA GeForce RTX 3060 Ti
LogInit: Compiled (64-bit): Nov 30 2021 07:12:08
LogInit: Compiled with Visual C++: 19.24.28315.00
LogInit: Build Configuration: Development
LogInit: Branch Name: ++UE4+Release-4.27
LogInit: Command Line:  -skipcompile
LogInit: Base Directory: C:/Program Files (x86)/Vper/UE/UE_4.27/Engine/Binaries/Win64/
LogInit: Allocator: TBB
LogInit: Installed Engine Build: 1
LogDevObjectVersion: Number of dev versions registered: 29
LogDevObjectVersion:   Dev-Blueprints (B0D832E4-1F89-4F0D-ACCF-7EB736FD4AA2): 10
LogDevObjectVersion:   Dev-Build (E1C64328-A22C-4D53-A36C-8E866417BD8C): 0
LogDevObjectVersion:   Dev-Core (375EC13C-06E4-48FB-B500-84F0262A717E): 4
LogDevObjectVersion:   Dev-Editor (E4B068ED-F494-42E9-A231-DA0B2E46BB41): 40
LogDevObjectVersion:   Dev-Framework (CFFC743F-43B0-4480-9391-14DF171D2073): 37
LogDevObjectVersion:   Dev-Mobile (B02B49B5-BB20-44E9-A304-32B752E40360): 3
LogDevObjectVersion:   Dev-Networking (A4E4105C-59A1-49B5-A7C5-40C4547EDFEE): 0
LogDevObjectVersion:   Dev-Online (39C831C9-5AE6-47DC-9A44-9C173E1C8E7C): 0
LogDevObjectVersion:   Dev-Physics (78F01B33-EBEA-4F98-B9B4-84EACCB95AA2): 14
LogDevObjectVersion:   Dev-Platform (6631380F-2D4D-43E0-8009-CF276956A95A): 0
LogDevObjectVersion:   Dev-Rendering (12F88B9F-8875-4AFC-A67C-D90C383ABD29): 45
LogDevObjectVersion:   Dev-Sequencer (7B5AE74C-D270-4C10-A958-57980B212A5A): 13
LogDevObjectVersion:   Dev-VR (D7296918-1DD6-4BDD-9DE2-64A83CC13884): 3
LogDevObjectVersion:   Dev-LoadTimes (C2A15278-BFE7-4AFE-6C17-90FF531DF755): 1
LogDevObjectVersion:   Private-Geometry (6EACA3D4-40EC-4CC1-B786-8BED09428FC5): 3
LogDevObjectVersion:   Dev-AnimPhys (29E575DD-E0A3-4627-9D10-D276232CDCEA): 17
LogDevObjectVersion:   Dev-Anim (AF43A65D-7FD3-4947-9873-3E8ED9C1BB05): 15
LogDevObjectVersion:   Dev-ReflectionCapture (6B266CEC-1EC7-4B8F-A30B-E4D90942FC07): 1
LogDevObjectVersion:   Dev-Automation (0DF73D61-A23F-47EA-B727-89E90C41499A): 1
LogDevObjectVersion:   FortniteMain (601D1886-AC64-4F84-AA16-D3DE0DEAC7D6): 47
LogDevObjectVersion:   FortniteRelease (E7086368-6B23-4C58-8439-1B7016265E91): 1
LogDevObjectVersion:   Dev-Enterprise (9DFFBCD6-494F-0158-E221-12823C92A888): 10
LogDevObjectVersion:   Dev-Niagara (F2AED0AC-9AFE-416F-8664-AA7FFA26D6FC): 1
LogDevObjectVersion:   Dev-Destruction (174F1F0B-B4C6-45A5-B13F-2EE8D0FB917D): 10
LogDevObjectVersion:   Dev-Physics-Ext (35F94A83-E258-406C-A318-09F59610247C): 41
LogDevObjectVersion:   Dev-PhysicsMaterial-Chaos (B68FC16E-8B1B-42E2-B453-215C058844FE): 1
LogDevObjectVersion:   Dev-CineCamera (B2E18506-4273-CFC2-A54E-F4BB758BBA07): 1
LogDevObjectVersion:   Dev-VirtualProduction (64F58936-FD1B-42BA-BA96-7289D5D0FA4E): 1
LogDevObjectVersion:   Dev-MediaFramework (6F0ED827-A609-4895-9C91-998D90180EA4): 2
LogInit: Presizing for max 25165824 objects, including 0 objects not considered by GC, pre-allocating 0 bytes for permanent pool.
LogConfig: Applying CVar settings from Section [/Script/Engine.StreamingSettings] File [C:/VperData/GitHub/ActionRoguelike/ActionRoguelike/Saved/Config/Windows/Engine.ini]
LogConfig: Setting CVar [[s.MinBulkDataSizeForAsyncLoading:131072]]
LogConfig: Setting CVar [[s.AsyncLoadingThreadEnabled:0]]
LogConfig: Setting CVar [[s.EventDrivenLoaderEnabled:1]]
LogConfig: Setting CVar [[s.WarnIfTimeLimitExceeded:0]]
LogConfig: Setting CVar [[s.TimeLimitExceededMultiplier:1.5]]
LogConfig: Setting CVar [[s.TimeLimitExceededMinTime:0.005]]
LogConfig: Setting CVar [[s.UseBackgroundLevelStreaming:1]]
LogConfig: Setting CVar [[s.PriorityAsyncLoadingExtraTime:15.0]]
LogConfig: Setting CVar [[s.LevelStreamingActorsUpdateTimeLimit:5.0]]
LogConfig: Setting CVar [[s.PriorityLevelStreamingActorsUpdateExtraTime:5.0]]
LogConfig: Setting CVar [[s.LevelStreamingComponentsRegistrationGranularity:10]]
LogConfig: Setting CVar [[s.UnregisterComponentsTimeLimit:1.0]]
LogConfig: Setting CVar [[s.LevelStreamingComponentsUnregistrationGranularity:5]]
LogConfig: Setting CVar [[s.FlushStreamingOnExit:1]]
LogInit: Object subsystem initialized
LogConfig: Setting CVar [[con.DebugEarlyDefault:1]]
LogConfig: Setting CVar [[r.setres:1280x720]]
[2023.07.08-02.40.42:913][  0]LogConfig: Setting CVar [[r.VSync:0]]
[2023.07.08-02.40.42:913][  0]LogConfig: Setting CVar [[r.RHICmdBypass:0]]
[2023.07.08-02.40.42:913][  0]LogConfig: Applying CVar settings from Section [/Script/Engine.RendererSettings] File [C:/VperData/GitHub/ActionRoguelike/ActionRoguelike/Saved/Config/Windows/Engine.ini]
[2023.07.08-02.40.42:913][  0]LogConfig: Setting CVar [[r.GPUCrashDebugging:0]]
[2023.07.08-02.40.42:913][  0]LogConfig: Applying CVar settings from Section [/Script/Engine.RendererOverrideSettings] File [C:/VperData/GitHub/ActionRoguelike/ActionRoguelike/Saved/Config/Windows/Engine.ini]
[2023.07.08-02.40.42:913][  0]LogConfig: Applying CVar settings from Section [/Script/Engine.StreamingSettings] File [C:/VperData/GitHub/ActionRoguelike/ActionRoguelike/Saved/Config/Windows/Engine.ini]
[2023.07.08-02.40.42:913][  0]LogConfig: Setting CVar [[s.MinBulkDataSizeForAsyncLoading:131072]]
[2023.07.08-02.40.42:913][  0]LogConfig: Setting CVar [[s.AsyncLoadingThreadEnabled:0]]
[2023.07.08-02.40.42:913][  0]LogConfig: Setting CVar [[s.EventDrivenLoaderEnabled:1]]
[2023.07.08-02.40.42:913][  0]LogConfig: Setting CVar [[s.WarnIfTimeLimitExceeded:0]]
[2023.07.08-02.40.42:913][  0]LogConfig: Setting CVar [[s.TimeLimitExceededMultiplier:1.5]]
[2023.07.08-02.40.42:913][  0]LogConfig: Setting CVar [[s.TimeLimitExceededMinTime:0.005]]
[2023.07.08-02.40.42:913][  0]LogConfig: Setting CVar [[s.UseBackgroundLevelStreaming:1]]
[2023.07.08-02.40.42:913][  0]LogConfig: Setting CVar [[s.PriorityAsyncLoadingExtraTime:15.0]]
[2023.07.08-02.40.42:913][  0]LogConfig: Setting CVar [[s.LevelStreamingActorsUpdateTimeLimit:5.0]]
[2023.07.08-02.40.42:913][  0]LogConfig: Setting CVar [[s.PriorityLevelStreamingActorsUpdateExtraTime:5.0]]
[2023.07.08-02.40.42:913][  0]LogConfig: Setting CVar [[s.LevelStreamingComponentsRegistrationGranularity:10]]
[2023.07.08-02.40.42:913][  0]LogConfig: Setting CVar [[s.UnregisterComponentsTimeLimit:1.0]]
[2023.07.08-02.40.42:913][  0]LogConfig: Setting CVar [[s.LevelStreamingComponentsUnregistrationGranularity:5]]
[2023.07.08-02.40.42:913][  0]LogConfig: Setting CVar [[s.FlushStreamingOnExit:1]]
[2023.07.08-02.40.42:913][  0]LogConfig: Applying CVar settings from Section [/Script/Engine.GarbageCollectionSettings] File [C:/VperData/GitHub/ActionRoguelike/ActionRoguelike/Saved/Config/Windows/Engine.ini]
[2023.07.08-02.40.42:913][  0]LogConfig: Setting CVar [[gc.MaxObjectsNotConsideredByGC:1]]
[2023.07.08-02.40.42:913][  0]LogConfig: Setting CVar [[gc.SizeOfPermanentObjectPool:0]]
[2023.07.08-02.40.42:913][  0]LogConfig: Setting CVar [[gc.FlushStreamingOnGC:0]]
[2023.07.08-02.40.42:913][  0]LogConfig: Setting CVar [[gc.NumRetriesBeforeForcingGC:10]]
[2023.07.08-02.40.42:913][  0]LogConfig: Setting CVar [[gc.AllowParallelGC:1]]
[2023.07.08-02.40.42:913][  0]LogConfig: Setting CVar [[gc.TimeBetweenPurgingPendingKillObjects:61.1]]
[2023.07.08-02.40.42:913][  0]LogConfig: Setting CVar [[gc.MaxObjectsInEditor:25165824]]
[2023.07.08-02.40.42:914][  0]LogConfig: Setting CVar [[gc.IncrementalBeginDestroyEnabled:1]]
[2023.07.08-02.40.42:914][  0]LogConfig: Setting CVar [[gc.CreateGCClusters:1]]
[2023.07.08-02.40.42:914][  0]LogConfig: Setting CVar [[gc.MinGCClusterSize:5]]
[2023.07.08-02.40.42:914][  0]LogConfig: Setting CVar [[gc.ActorClusteringEnabled:0]]
[2023.07.08-02.40.42:914][  0]LogConfig: Setting CVar [[gc.BlueprintClusteringEnabled:0]]
[2023.07.08-02.40.42:914][  0]LogConfig: Setting CVar [[gc.UseDisregardForGCOnDedicatedServers:0]]
[2023.07.08-02.40.42:914][  0]LogConfig: Setting CVar [[gc.MultithreadedDestructionEnabled:1]]
[2023.07.08-02.40.42:914][  0]LogConfig: Applying CVar settings from Section [/Script/Engine.NetworkSettings] File [C:/VperData/GitHub/ActionRoguelike/ActionRoguelike/Saved/Config/Windows/Engine.ini]
[2023.07.08-02.40.42:914][  0]LogConfig: Applying CVar settings from Section [/Script/UnrealEd.CookerSettings] File [C:/VperData/GitHub/ActionRoguelike/ActionRoguelike/Saved/Config/Windows/Engine.ini]
[2023.07.08-02.40.42:918][  0]LogConfig: Applying CVar settings from Section [ViewDistanceQuality@3] File [C:/VperData/GitHub/ActionRoguelike/ActionRoguelike/Saved/Config/Windows/Scalability.ini]
[2023.07.08-02.40.42:918][  0]LogConfig: Setting CVar [[r.SkeletalMeshLODBias:0]]
[2023.07.08-02.40.42:918][  0]LogConfig: Setting CVar [[r.ViewDistanceScale:1.0]]
[2023.07.08-02.40.42:918][  0]LogConfig: Applying CVar settings from Section [AntiAliasingQuality@3] File [C:/VperData/GitHub/ActionRoguelike/ActionRoguelike/Saved/Config/Windows/Scalability.ini]
[2023.07.08-02.40.42:918][  0]LogConfig: Setting CVar [[r.PostProcessAAQuality:4]]
[2023.07.08-02.40.42:918][  0]LogConfig: Applying CVar settings from Section [ShadowQuality@3] File [C:/VperData/GitHub/ActionRoguelike/ActionRoguelike/Saved/Config/Windows/Scalability.ini]
[2023.07.08-02.40.42:918][  0]LogConfig: Setting CVar [[r.LightFunctionQuality:1]]
[2023.07.08-02.40.42:919][  0]LogConfig: Setting CVar [[r.ShadowQuality:5]]
[2023.07.08-02.40.42:919][  0]LogConfig: Setting CVar [[r.Shadow.CSM.MaxCascades:10]]
[2023.07.08-02.40.42:919][  0]LogConfig: Setting CVar [[r.Shadow.MaxResolution:2048]]
[2023.07.08-02.40.42:919][  0]LogConfig: Setting CVar [[r.Shadow.MaxCSMResolution:2048]]
[2023.07.08-02.40.42:919][  0]LogConfig: Setting CVar [[r.Shadow.RadiusThreshold:0.01]]
[2023.07.08-02.40.42:919][  0]LogConfig: Setting CVar [[r.Shadow.DistanceScale:1.0]]
[2023.07.08-02.40.42:919][  0]LogConfig: Setting CVar [[r.Shadow.CSM.TransitionScale:1.0]]
[2023.07.08-02.40.42:919][  0]LogConfig: Setting CVar [[r.Shadow.PreShadowResolutionFactor:1.0]]
[2023.07.08-02.40.42:919][  0]LogConfig: Setting CVar [[r.DistanceFieldShadowing:1]]
[2023.07.08-02.40.42:919][  0]LogConfig: Setting CVar [[r.DistanceFieldAO:1]]
[2023.07.08-02.40.42:919][  0]LogConfig: Setting CVar [[r.AOQuality:2]]
[2023.07.08-02.40.42:919][  0]LogConfig: Setting CVar [[r.VolumetricFog:1]]
[2023.07.08-02.40.42:919][  0]LogConfig: Setting CVar [[r.VolumetricFog.GridPixelSize:8]]
[2023.07.08-02.40.42:919][  0]LogConfig: Setting CVar [[r.VolumetricFog.GridSizeZ:128]]
[2023.07.08-02.40.42:919][  0]LogConfig: Setting CVar [[r.VolumetricFog.HistoryMissSupersampleCount:4]]
[2023.07.08-02.40.42:919][  0]LogConfig: Setting CVar [[r.LightMaxDrawDistanceScale:1]]
[2023.07.08-02.40.42:919][  0]LogConfig: Setting CVar [[r.CapsuleShadows:1]]
[2023.07.08-02.40.42:919][  0]LogConfig: Applying CVar settings from Section [PostProcessQuality@3] File [C:/VperData/GitHub/ActionRoguelike/ActionRoguelike/Saved/Config/Windows/Scalability.ini]
[2023.07.08-02.40.42:919][  0]LogConfig: Setting CVar [[r.MotionBlurQuality:4]]
[2023.07.08-02.40.42:919][  0]LogConfig: Setting CVar [[r.AmbientOcclusionMipLevelFactor:0.4]]
[2023.07.08-02.40.42:919][  0]LogConfig: Setting CVar [[r.AmbientOcclusionMaxQuality:100]]
[2023.07.08-02.40.42:919][  0]LogConfig: Setting CVar [[r.AmbientOcclusionLevels:-1]]
[2023.07.08-02.40.42:919][  0]LogConfig: Setting CVar [[r.AmbientOcclusionRadiusScale:1.0]]
[2023.07.08-02.40.42:919][  0]LogConfig: Setting CVar [[r.DepthOfFieldQuality:2]]
[2023.07.08-02.40.42:919][  0]LogConfig: Setting CVar [[r.RenderTargetPoolMin:400]]
[2023.07.08-02.40.42:919][  0]LogConfig: Setting CVar [[r.LensFlareQuality:2]]
[2023.07.08-02.40.42:919][  0]LogConfig: Setting CVar [[r.SceneColorFringeQuality:1]]
[2023.07.08-02.40.42:919][  0]LogConfig: Setting CVar [[r.EyeAdaptationQuality:2]]
[2023.07.08-02.40.42:919][  0]LogConfig: Setting CVar [[r.BloomQuality:5]]
[2023.07.08-02.40.42:919][  0]LogConfig: Setting CVar [[r.FastBlurThreshold:100]]
[2023.07.08-02.40.42:919][  0]LogConfig: Setting CVar [[r.Upscale.Quality:3]]
[2023.07.08-02.40.42:919][  0]LogConfig: Setting CVar [[r.Tonemapper.GrainQuantization:1]]
[2023.07.08-02.40.42:919][  0]LogConfig: Setting CVar [[r.LightShaftQuality:1]]
[2023.07.08-02.40.42:919][  0]LogConfig: Setting CVar [[r.Filter.SizeScale:1]]
[2023.07.08-02.40.42:920][  0]LogConfig: Setting CVar [[r.Tonemapper.Quality:5]]
[2023.07.08-02.40.42:920][  0]LogConfig: Setting CVar [[r.DOF.Gather.AccumulatorQuality:1        ; higher gathering accumulator quality]]
[2023.07.08-02.40.42:920][  0]LogConfig: Setting CVar [[r.DOF.Gather.PostfilterMethod:1          ; Median3x3 postfilering method]]
[2023.07.08-02.40.42:920][  0]LogConfig: Setting CVar [[r.DOF.Gather.EnableBokehSettings:0       ; no bokeh simulation when gathering]]
[2023.07.08-02.40.42:920][  0]LogConfig: Setting CVar [[r.DOF.Gather.RingCount:4                 ; medium number of samples when gathering]]
[2023.07.08-02.40.42:920][  0]LogConfig: Setting CVar [[r.DOF.Scatter.ForegroundCompositing:1    ; additive foreground scattering]]
[2023.07.08-02.40.42:920][  0]LogConfig: Setting CVar [[r.DOF.Scatter.BackgroundCompositing:2    ; additive background scattering]]
[2023.07.08-02.40.42:920][  0]LogConfig: Setting CVar [[r.DOF.Scatter.EnableBokehSettings:1      ; bokeh simulation when scattering]]
[2023.07.08-02.40.42:920][  0]LogConfig: Setting CVar [[r.DOF.Scatter.MaxSpriteRatio:0.1         ; only a maximum of 10% of scattered bokeh]]
[2023.07.08-02.40.42:920][  0]LogConfig: Setting CVar [[r.DOF.Recombine.Quality:1                ; cheap slight out of focus]]
[2023.07.08-02.40.42:920][  0]LogConfig: Setting CVar [[r.DOF.Recombine.EnableBokehSettings:0    ; no bokeh simulation on slight out of focus]]
[2023.07.08-02.40.42:920][  0]LogConfig: Setting CVar [[r.DOF.TemporalAAQuality:1                ; more stable temporal accumulation]]
[2023.07.08-02.40.42:920][  0]LogConfig: Setting CVar [[r.DOF.Kernel.MaxForegroundRadius:0.025]]
[2023.07.08-02.40.42:920][  0]LogConfig: Setting CVar [[r.DOF.Kernel.MaxBackgroundRadius:0.025]]
[2023.07.08-02.40.42:920][  0]LogConfig: Applying CVar settings from Section [TextureQuality@3] File [C:/VperData/GitHub/ActionRoguelike/ActionRoguelike/Saved/Config/Windows/Scalability.ini]
[2023.07.08-02.40.42:920][  0]LogConfig: Setting CVar [[r.Streaming.MipBias:0]]
[2023.07.08-02.40.42:920][  0]LogConfig: Setting CVar [[r.Streaming.AmortizeCPUToGPUCopy:0]]
[2023.07.08-02.40.42:920][  0]LogConfig: Setting CVar [[r.Streaming.MaxNumTexturesToStreamPerFrame:0]]
[2023.07.08-02.40.42:920][  0]LogConfig: Setting CVar [[r.Streaming.Boost:1]]
[2023.07.08-02.40.42:920][  0]LogConfig: Setting CVar [[r.MaxAnisotropy:8]]
[2023.07.08-02.40.42:920][  0]LogConfig: Setting CVar [[r.VT.MaxAnisotropy:8]]
[2023.07.08-02.40.42:920][  0]LogConfig: Setting CVar [[r.Streaming.LimitPoolSizeToVRAM:0]]
[2023.07.08-02.40.42:920][  0]LogConfig: Setting CVar [[r.Streaming.PoolSize:1000]]
[2023.07.08-02.40.42:920][  0]LogConfig: Setting CVar [[r.Streaming.MaxEffectiveScreenSize:0]]
[2023.07.08-02.40.42:920][  0]LogConfig: Applying CVar settings from Section [EffectsQuality@3] File [C:/VperData/GitHub/ActionRoguelike/ActionRoguelike/Saved/Config/Windows/Scalability.ini]
[2023.07.08-02.40.42:920][  0]LogConfig: Setting CVar [[r.TranslucencyLightingVolumeDim:64]]
[2023.07.08-02.40.42:920][  0]LogConfig: Setting CVar [[r.RefractionQuality:2]]
[2023.07.08-02.40.42:920][  0]LogConfig: Setting CVar [[r.SSR.Quality:3]]
[2023.07.08-02.40.42:920][  0]LogConfig: Setting CVar [[r.SSR.HalfResSceneColor:0]]
[2023.07.08-02.40.42:920][  0]LogConfig: Setting CVar [[r.SceneColorFormat:4]]
[2023.07.08-02.40.42:920][  0]LogConfig: Setting CVar [[r.DetailMode:2]]
[2023.07.08-02.40.42:920][  0]LogConfig: Setting CVar [[r.TranslucencyVolumeBlur:1]]
[2023.07.08-02.40.42:920][  0]LogConfig: Setting CVar [[r.MaterialQualityLevel:1 ; High quality]]
[2023.07.08-02.40.42:920][  0]LogConfig: Setting CVar [[r.AnisotropicMaterials:1]]
[2023.07.08-02.40.42:920][  0]LogConfig: Setting CVar [[r.SSS.Scale:1]]
[2023.07.08-02.40.42:920][  0]LogConfig: Setting CVar [[r.SSS.SampleSet:2]]
[2023.07.08-02.40.42:920][  0]LogConfig: Setting CVar [[r.SSS.Quality:1]]
[2023.07.08-02.40.42:920][  0]LogConfig: Setting CVar [[r.SSS.HalfRes:0]]
[2023.07.08-02.40.42:921][  0]LogConfig: Setting CVar [[r.SSGI.Quality:3]]
[2023.07.08-02.40.42:921][  0]LogConfig: Setting CVar [[r.EmitterSpawnRateScale:1.0]]
[2023.07.08-02.40.42:921][  0]LogConfig: Setting CVar [[r.ParticleLightQuality:2]]
[2023.07.08-02.40.42:921][  0]LogConfig: Setting CVar [[r.SkyAtmosphere.AerialPerspectiveLUT.FastApplyOnOpaque:1 ; Always have FastSkyLUT 1 in this case to avoid wrong sky]]
[2023.07.08-02.40.42:921][  0]LogConfig: Setting CVar [[r.SkyAtmosphere.AerialPerspectiveLUT.SampleCountMaxPerSlice:4]]
[2023.07.08-02.40.42:921][  0]LogConfig: Setting CVar [[r.SkyAtmosphere.AerialPerspectiveLUT.DepthResolution:16.0]]
[2023.07.08-02.40.42:921][  0]LogConfig: Setting CVar [[r.SkyAtmosphere.FastSkyLUT:1]]
[2023.07.08-02.40.42:921][  0]LogConfig: Setting CVar [[r.SkyAtmosphere.FastSkyLUT.SampleCountMin:4.0]]
[2023.07.08-02.40.42:921][  0]LogConfig: Setting CVar [[r.SkyAtmosphere.FastSkyLUT.SampleCountMax:128.0]]
[2023.07.08-02.40.42:921][  0]LogConfig: Setting CVar [[r.SkyAtmosphere.SampleCountMin:4.0]]
[2023.07.08-02.40.42:921][  0]LogConfig: Setting CVar [[r.SkyAtmosphere.SampleCountMax:128.0]]
[2023.07.08-02.40.42:921][  0]LogConfig: Setting CVar [[r.SkyAtmosphere.TransmittanceLUT.UseSmallFormat:0]]
[2023.07.08-02.40.42:921][  0]LogConfig: Setting CVar [[r.SkyAtmosphere.TransmittanceLUT.SampleCount:10.0]]
[2023.07.08-02.40.42:921][  0]LogConfig: Setting CVar [[r.SkyAtmosphere.MultiScatteringLUT.SampleCount:15.0]]
[2023.07.08-02.40.42:921][  0]LogConfig: Setting CVar [[r.SkyLight.RealTimeReflectionCapture:1]]
[2023.07.08-02.40.42:921][  0]LogConfig: Applying CVar settings from Section [FoliageQuality@3] File [C:/VperData/GitHub/ActionRoguelike/ActionRoguelike/Saved/Config/Windows/Scalability.ini]
[2023.07.08-02.40.42:921][  0]LogConfig: Setting CVar [[foliage.DensityScale:1.0]]
[2023.07.08-02.40.42:921][  0]LogConfig: Setting CVar [[grass.DensityScale:1.0]]
[2023.07.08-02.40.42:921][  0]LogConfig: Applying CVar settings from Section [ShadingQuality@3] File [C:/VperData/GitHub/ActionRoguelike/ActionRoguelike/Saved/Config/Windows/Scalability.ini]
[2023.07.08-02.40.42:921][  0]LogConfig: Setting CVar [[r.HairStrands.SkyLighting.IntegrationType:2]]
[2023.07.08-02.40.42:921][  0]LogConfig: Setting CVar [[r.HairStrands.SkyAO.SampleCount:4]]
[2023.07.08-02.40.42:921][  0]LogConfig: Setting CVar [[r.HairStrands.Visibility.MSAA.SamplePerPixel:4]]
[2023.07.08-02.40.42:921][  0]LogInit: Selected Device Profile: [Windows]
[2023.07.08-02.40.42:921][  0]LogInit: Applying CVar settings loaded from the selected device profile: [Windows]
[2023.07.08-02.40.42:922][  0]LogHAL: Display: Platform has ~ 32 GB [34185904128 / 34359738368 / 32], which maps to Largest [LargestMinGB=32, LargerMinGB=12, DefaultMinGB=8, SmallerMinGB=6, SmallestMinGB=0)
[2023.07.08-02.40.42:922][  0]LogInit: Going up to parent DeviceProfile []
[2023.07.08-02.40.42:922][  0]LogConfig: Applying CVar settings from Section [ViewDistanceQuality@3] File [C:/VperData/GitHub/ActionRoguelike/ActionRoguelike/Saved/Config/Windows/Scalability.ini]
[2023.07.08-02.40.42:922][  0]LogConfig: Setting CVar [[r.SkeletalMeshLODBias:0]]
[2023.07.08-02.40.42:922][  0]LogConfig: Setting CVar [[r.ViewDistanceScale:1.0]]
[2023.07.08-02.40.42:922][  0]LogConfig: Applying CVar settings from Section [AntiAliasingQuality@3] File [C:/VperData/GitHub/ActionRoguelike/ActionRoguelike/Saved/Config/Windows/Scalability.ini]
[2023.07.08-02.40.42:922][  0]LogConfig: Setting CVar [[r.PostProcessAAQuality:4]]
[2023.07.08-02.40.42:922][  0]LogConfig: Applying CVar settings from Section [ShadowQuality@3] File [C:/VperData/GitHub/ActionRoguelike/ActionRoguelike/Saved/Config/Windows/Scalability.ini]
[2023.07.08-02.40.42:922][  0]LogConfig: Setting CVar [[r.LightFunctionQuality:1]]
[2023.07.08-02.40.42:922][  0]LogConfig: Setting CVar [[r.ShadowQuality:5]]
[2023.07.08-02.40.42:922][  0]LogConfig: Setting CVar [[r.Shadow.CSM.MaxCascades:10]]
[2023.07.08-02.40.42:922][  0]LogConfig: Setting CVar [[r.Shadow.MaxResolution:2048]]
[2023.07.08-02.40.42:922][  0]LogConfig: Setting CVar [[r.Shadow.MaxCSMResolution:2048]]
[2023.07.08-02.40.42:922][  0]LogConfig: Setting CVar [[r.Shadow.RadiusThreshold:0.01]]
[2023.07.08-02.40.42:922][  0]LogConfig: Setting CVar [[r.Shadow.DistanceScale:1.0]]
[2023.07.08-02.40.42:922][  0]LogConfig: Setting CVar [[r.Shadow.CSM.TransitionScale:1.0]]
[2023.07.08-02.40.42:922][  0]LogConfig: Setting CVar [[r.Shadow.PreShadowResolutionFactor:1.0]]
[2023.07.08-02.40.42:922][  0]LogConfig: Setting CVar [[r.DistanceFieldShadowing:1]]
[2023.07.08-02.40.42:922][  0]LogConfig: Setting CVar [[r.DistanceFieldAO:1]]
[2023.07.08-02.40.42:922][  0]LogConfig: Setting CVar [[r.AOQuality:2]]
[2023.07.08-02.40.42:922][  0]LogConfig: Setting CVar [[r.VolumetricFog:1]]
[2023.07.08-02.40.42:922][  0]LogConfig: Setting CVar [[r.VolumetricFog.GridPixelSize:8]]
[2023.07.08-02.40.42:922][  0]LogConfig: Setting CVar [[r.VolumetricFog.GridSizeZ:128]]
[2023.07.08-02.40.42:922][  0]LogConfig: Setting CVar [[r.VolumetricFog.HistoryMissSupersampleCount:4]]
[2023.07.08-02.40.42:922][  0]LogConfig: Setting CVar [[r.LightMaxDrawDistanceScale:1]]
[2023.07.08-02.40.42:923][  0]LogConfig: Setting CVar [[r.CapsuleShadows:1]]
[2023.07.08-02.40.42:923][  0]LogConfig: Applying CVar settings from Section [PostProcessQuality@3] File [C:/VperData/GitHub/ActionRoguelike/ActionRoguelike/Saved/Config/Windows/Scalability.ini]
[2023.07.08-02.40.42:923][  0]LogConfig: Setting CVar [[r.MotionBlurQuality:4]]
[2023.07.08-02.40.42:923][  0]LogConfig: Setting CVar [[r.AmbientOcclusionMipLevelFactor:0.4]]
[2023.07.08-02.40.42:923][  0]LogConfig: Setting CVar [[r.AmbientOcclusionMaxQuality:100]]
[2023.07.08-02.40.42:923][  0]LogConfig: Setting CVar [[r.AmbientOcclusionLevels:-1]]
[2023.07.08-02.40.42:923][  0]LogConfig: Setting CVar [[r.AmbientOcclusionRadiusScale:1.0]]
[2023.07.08-02.40.42:923][  0]LogConfig: Setting CVar [[r.DepthOfFieldQuality:2]]
[2023.07.08-02.40.42:923][  0]LogConfig: Setting CVar [[r.RenderTargetPoolMin:400]]
[2023.07.08-02.40.42:923][  0]LogConfig: Setting CVar [[r.LensFlareQuality:2]]
[2023.07.08-02.40.42:923][  0]LogConfig: Setting CVar [[r.SceneColorFringeQuality:1]]
[2023.07.08-02.40.42:923][  0]LogConfig: Setting CVar [[r.EyeAdaptationQuality:2]]
[2023.07.08-02.40.42:923][  0]LogConfig: Setting CVar [[r.BloomQuality:5]]
[2023.07.08-02.40.42:923][  0]LogConfig: Setting CVar [[r.FastBlurThreshold:100]]
[2023.07.08-02.40.42:923][  0]LogConfig: Setting CVar [[r.Upscale.Quality:3]]
[2023.07.08-02.40.42:923][  0]LogConfig: Setting CVar [[r.Tonemapper.GrainQuantization:1]]
[2023.07.08-02.40.42:923][  0]LogConfig: Setting CVar [[r.LightShaftQuality:1]]
[2023.07.08-02.40.42:923][  0]LogConfig: Setting CVar [[r.Filter.SizeScale:1]]
[2023.07.08-02.40.42:923][  0]LogConfig: Setting CVar [[r.Tonemapper.Quality:5]]
[2023.07.08-02.40.42:923][  0]LogConfig: Setting CVar [[r.DOF.Gather.AccumulatorQuality:1        ; higher gathering accumulator quality]]
[2023.07.08-02.40.42:923][  0]LogConfig: Setting CVar [[r.DOF.Gather.PostfilterMethod:1          ; Median3x3 postfilering method]]
[2023.07.08-02.40.42:923][  0]LogConfig: Setting CVar [[r.DOF.Gather.EnableBokehSettings:0       ; no bokeh simulation when gathering]]
[2023.07.08-02.40.42:923][  0]LogConfig: Setting CVar [[r.DOF.Gather.RingCount:4                 ; medium number of samples when gathering]]
[2023.07.08-02.40.42:923][  0]LogConfig: Setting CVar [[r.DOF.Scatter.ForegroundCompositing:1    ; additive foreground scattering]]
[2023.07.08-02.40.42:923][  0]LogConfig: Setting CVar [[r.DOF.Scatter.BackgroundCompositing:2    ; additive background scattering]]
[2023.07.08-02.40.42:923][  0]LogConfig: Setting CVar [[r.DOF.Scatter.EnableBokehSettings:1      ; bokeh simulation when scattering]]
[2023.07.08-02.40.42:923][  0]LogConfig: Setting CVar [[r.DOF.Scatter.MaxSpriteRatio:0.1         ; only a maximum of 10% of scattered bokeh]]
[2023.07.08-02.40.42:923][  0]LogConfig: Setting CVar [[r.DOF.Recombine.Quality:1                ; cheap slight out of focus]]
[2023.07.08-02.40.42:923][  0]LogConfig: Setting CVar [[r.DOF.Recombine.EnableBokehSettings:0    ; no bokeh simulation on slight out of focus]]
[2023.07.08-02.40.42:923][  0]LogConfig: Setting CVar [[r.DOF.TemporalAAQuality:1                ; more stable temporal accumulation]]
[2023.07.08-02.40.42:923][  0]LogConfig: Setting CVar [[r.DOF.Kernel.MaxForegroundRadius:0.025]]
[2023.07.08-02.40.42:923][  0]LogConfig: Setting CVar [[r.DOF.Kernel.MaxBackgroundRadius:0.025]]
[2023.07.08-02.40.42:923][  0]LogConfig: Applying CVar settings from Section [TextureQuality@3] File [C:/VperData/GitHub/ActionRoguelike/ActionRoguelike/Saved/Config/Windows/Scalability.ini]
[2023.07.08-02.40.42:923][  0]LogConfig: Setting CVar [[r.Streaming.MipBias:0]]
[2023.07.08-02.40.42:923][  0]LogConfig: Setting CVar [[r.Streaming.AmortizeCPUToGPUCopy:0]]
[2023.07.08-02.40.42:923][  0]LogConfig: Setting CVar [[r.Streaming.MaxNumTexturesToStreamPerFrame:0]]
[2023.07.08-02.40.42:923][  0]LogConfig: Setting CVar [[r.Streaming.Boost:1]]
[2023.07.08-02.40.42:923][  0]LogConfig: Setting CVar [[r.MaxAnisotropy:8]]
[2023.07.08-02.40.42:924][  0]LogConfig: Setting CVar [[r.VT.MaxAnisotropy:8]]
[2023.07.08-02.40.42:924][  0]LogConfig: Setting CVar [[r.Streaming.LimitPoolSizeToVRAM:0]]
[2023.07.08-02.40.42:924][  0]LogConfig: Setting CVar [[r.Streaming.PoolSize:1000]]
[2023.07.08-02.40.42:924][  0]LogConfig: Setting CVar [[r.Streaming.MaxEffectiveScreenSize:0]]
[2023.07.08-02.40.42:924][  0]LogConfig: Applying CVar settings from Section [EffectsQuality@3] File [C:/VperData/GitHub/ActionRoguelike/ActionRoguelike/Saved/Config/Windows/Scalability.ini]
[2023.07.08-02.40.42:924][  0]LogConfig: Setting CVar [[r.TranslucencyLightingVolumeDim:64]]
[2023.07.08-02.40.42:924][  0]LogConfig: Setting CVar [[r.RefractionQuality:2]]
[2023.07.08-02.40.42:924][  0]LogConfig: Setting CVar [[r.SSR.Quality:3]]
[2023.07.08-02.40.42:924][  0]LogConfig: Setting CVar [[r.SSR.HalfResSceneColor:0]]
[2023.07.08-02.40.42:924][  0]LogConfig: Setting CVar [[r.SceneColorFormat:4]]
[2023.07.08-02.40.42:924][  0]LogConfig: Setting CVar [[r.DetailMode:2]]
[2023.07.08-02.40.42:924][  0]LogConfig: Setting CVar [[r.TranslucencyVolumeBlur:1]]
[2023.07.08-02.40.42:924][  0]LogConfig: Setting CVar [[r.MaterialQualityLevel:1 ; High quality]]
[2023.07.08-02.40.42:924][  0]LogConfig: Setting CVar [[r.AnisotropicMaterials:1]]
[2023.07.08-02.40.42:924][  0]LogConfig: Setting CVar [[r.SSS.Scale:1]]
[2023.07.08-02.40.42:924][  0]LogConfig: Setting CVar [[r.SSS.SampleSet:2]]
[2023.07.08-02.40.42:924][  0]LogConfig: Setting CVar [[r.SSS.Quality:1]]
[2023.07.08-02.40.42:924][  0]LogConfig: Setting CVar [[r.SSS.HalfRes:0]]
[2023.07.08-02.40.42:924][  0]LogConfig: Setting CVar [[r.SSGI.Quality:3]]
[2023.07.08-02.40.42:924][  0]LogConfig: Setting CVar [[r.EmitterSpawnRateScale:1.0]]
[2023.07.08-02.40.42:924][  0]LogConfig: Setting CVar [[r.ParticleLightQuality:2]]
[2023.07.08-02.40.42:924][  0]LogConfig: Setting CVar [[r.SkyAtmosphere.AerialPerspectiveLUT.FastApplyOnOpaque:1 ; Always have FastSkyLUT 1 in this case to avoid wrong sky]]
[2023.07.08-02.40.42:924][  0]LogConfig: Setting CVar [[r.SkyAtmosphere.AerialPerspectiveLUT.SampleCountMaxPerSlice:4]]
[2023.07.08-02.40.42:924][  0]LogConfig: Setting CVar [[r.SkyAtmosphere.AerialPerspectiveLUT.DepthResolution:16.0]]
[2023.07.08-02.40.42:924][  0]LogConfig: Setting CVar [[r.SkyAtmosphere.FastSkyLUT:1]]
[2023.07.08-02.40.42:924][  0]LogConfig: Setting CVar [[r.SkyAtmosphere.FastSkyLUT.SampleCountMin:4.0]]
[2023.07.08-02.40.42:924][  0]LogConfig: Setting CVar [[r.SkyAtmosphere.FastSkyLUT.SampleCountMax:128.0]]
[2023.07.08-02.40.42:924][  0]LogConfig: Setting CVar [[r.SkyAtmosphere.SampleCountMin:4.0]]
[2023.07.08-02.40.42:924][  0]LogConfig: Setting CVar [[r.SkyAtmosphere.SampleCountMax:128.0]]
[2023.07.08-02.40.42:924][  0]LogConfig: Setting CVar [[r.SkyAtmosphere.TransmittanceLUT.UseSmallFormat:0]]
[2023.07.08-02.40.42:924][  0]LogConfig: Setting CVar [[r.SkyAtmosphere.TransmittanceLUT.SampleCount:10.0]]
[2023.07.08-02.40.42:924][  0]LogConfig: Setting CVar [[r.SkyAtmosphere.MultiScatteringLUT.SampleCount:15.0]]
[2023.07.08-02.40.42:924][  0]LogConfig: Setting CVar [[r.SkyLight.RealTimeReflectionCapture:1]]
[2023.07.08-02.40.42:924][  0]LogConfig: Applying CVar settings from Section [FoliageQuality@3] File [C:/VperData/GitHub/ActionRoguelike/ActionRoguelike/Saved/Config/Windows/Scalability.ini]
[2023.07.08-02.40.42:924][  0]LogConfig: Setting CVar [[foliage.DensityScale:1.0]]
[2023.07.08-02.40.42:924][  0]LogConfig: Setting CVar [[grass.DensityScale:1.0]]
[2023.07.08-02.40.42:924][  0]LogConfig: Applying CVar settings from Section [ShadingQuality@3] File [C:/VperData/GitHub/ActionRoguelike/ActionRoguelike/Saved/Config/Windows/Scalability.ini]
[2023.07.08-02.40.42:924][  0]LogConfig: Setting CVar [[r.HairStrands.SkyLighting.IntegrationType:2]]
[2023.07.08-02.40.42:924][  0]LogConfig: Setting CVar [[r.HairStrands.SkyAO.SampleCount:4]]
[2023.07.08-02.40.42:925][  0]LogConfig: Setting CVar [[r.HairStrands.Visibility.MSAA.SamplePerPixel:4]]
[2023.07.08-02.40.42:925][  0]LogConfig: Applying CVar settings from Section [Startup] File [../../../Engine/Config/ConsoleVariables.ini]
[2023.07.08-02.40.42:929][  0]LogConfig: Setting CVar [[net.UseAdaptiveNetUpdateFrequency:0]]
[2023.07.08-02.40.42:929][  0]LogConfig: Setting CVar [[p.chaos.AllowCreatePhysxBodies:1]]
[2023.07.08-02.40.42:929][  0]LogConfig: Setting CVar [[fx.SkipVectorVMBackendOptimizations:1]]
[2023.07.08-02.40.42:929][  0]LogConfig: Applying CVar settings from Section [ConsoleVariables] File [C:/VperData/GitHub/ActionRoguelike/ActionRoguelike/Saved/Config/Windows/Engine.ini]
[2023.07.08-02.40.42:929][  0]LogConfig: Applying CVar settings from Section [ConsoleVariables] File [C:/VperData/GitHub/ActionRoguelike/ActionRoguelike/Saved/Config/Windows/Editor.ini]
[2023.07.08-02.40.42:930][  0]LogInit: Computer: VPER
[2023.07.08-02.40.42:930][  0]LogInit: User: virtu
[2023.07.08-02.40.42:930][  0]LogInit: CPU Page size=4096, Cores=14
[2023.07.08-02.40.42:930][  0]LogInit: High frequency timer resolution =10.000000 MHz
[2023.07.08-02.40.42:930][  0]LogMemory: Memory total: Physical=31.8GB (32GB approx)
[2023.07.08-02.40.42:930][  0]LogMemory: Platform Memory Stats for Windows
[2023.07.08-02.40.42:930][  0]LogMemory: Process Physical Memory: 148.82 MB used, 148.82 MB peak
[2023.07.08-02.40.42:930][  0]LogMemory: Process Virtual Memory: 128.77 MB used, 128.77 MB peak
[2023.07.08-02.40.42:930][  0]LogMemory: Physical Memory: 9327.45 MB used,  23274.77 MB free, 32602.22 MB total
[2023.07.08-02.40.42:930][  0]LogMemory: Virtual Memory: 134194976.00 MB used,  22753.11 MB free, 134217728.00 MB total
[2023.07.08-02.40.42:936][  0]LogWindows: WindowsPlatformFeatures enabled
[2023.07.08-02.40.43:149][  0]LogInit: Physics initialised using underlying interface: PhysX
[2023.07.08-02.40.43:150][  0]LogInit: Overriding language with editor language configuration option (en).
[2023.07.08-02.40.43:150][  0]LogInit: Using OS detected locale (zh-CN).
[2023.07.08-02.40.43:394][  0]LogInit: Setting process to per monitor DPI aware
[2023.07.08-02.40.43:413][  0]LogWindowsTextInputMethodSystem: Display: IME system deactivated.
[2023.07.08-02.40.43:448][  0]LogSlate: New Slate User Created.  User Index 0, Is Virtual User: 0
[2023.07.08-02.40.43:448][  0]LogSlate: Slate User Registered.  User Index 0, Is Virtual User: 0
[2023.07.08-02.40.44:781][  0]LogD3D11RHI: Loaded GFSDK_Aftermath_Lib.x64.dll
[2023.07.08-02.40.44:788][  0]LogHMD: Failed to initialize OpenVR with code 110
[2023.07.08-02.40.44:788][  0]LogD3D11RHI: D3D11 min allowed feature level: 11_0
[2023.07.08-02.40.44:788][  0]LogD3D11RHI: D3D11 max allowed feature level: 11_0
[2023.07.08-02.40.44:788][  0]LogD3D11RHI: D3D11 adapters:
[2023.07.08-02.40.44:857][  0]LogD3D11RHI:    0. 'NVIDIA GeForce RTX 3060 Ti' (Feature Level 11_0)
[2023.07.08-02.40.44:857][  0]LogD3D11RHI:       8038/0/16301 MB DedicatedVideo/DedicatedSystem/SharedSystem, Outputs:1, VendorId:0x10de
[2023.07.08-02.40.44:861][  0]LogD3D11RHI:    1. 'Microsoft Basic Render Driver' (Feature Level 11_0)
[2023.07.08-02.40.44:861][  0]LogD3D11RHI:       0/0/16301 MB DedicatedVideo/DedicatedSystem/SharedSystem, Outputs:0, VendorId:0x1414
[2023.07.08-02.40.44:861][  0]LogD3D11RHI: Chosen D3D11 Adapter:
[2023.07.08-02.40.44:861][  0]LogD3D11RHI:     Description : NVIDIA GeForce RTX 3060 Ti
[2023.07.08-02.40.44:861][  0]LogD3D11RHI:     VendorId    : 10de
[2023.07.08-02.40.44:861][  0]LogD3D11RHI:     DeviceId    : 24c9
[2023.07.08-02.40.44:861][  0]LogD3D11RHI:     SubSysId    : 88b61043
[2023.07.08-02.40.44:861][  0]LogD3D11RHI:     Revision    : 00a1
[2023.07.08-02.40.44:861][  0]LogD3D11RHI:     DedicatedVideoMemory : 8428453888 bytes
[2023.07.08-02.40.44:861][  0]LogD3D11RHI:     DedicatedSystemMemory : 0 bytes
[2023.07.08-02.40.44:861][  0]LogD3D11RHI:     SharedSystemMemory : 17092952064 bytes
[2023.07.08-02.40.44:861][  0]LogD3D11RHI:     AdapterLuid : 0 60604
[2023.07.08-02.40.44:866][  0]LogD3D11RHI: Creating new Direct3DDevice
[2023.07.08-02.40.44:866][  0]LogD3D11RHI:     GPU DeviceId: 0x24c9 (for the marketing name, search the web for "GPU Device Id")
[2023.07.08-02.40.44:866][  0]LogWindows: EnumDisplayDevices:
[2023.07.08-02.40.44:866][  0]LogWindows:    0. 'NVIDIA GeForce RTX 3060 Ti' (P:1 D:1)
[2023.07.08-02.40.44:866][  0]LogWindows:    1. 'NVIDIA GeForce RTX 3060 Ti' (P:0 D:0)
[2023.07.08-02.40.44:866][  0]LogWindows:    2. 'NVIDIA GeForce RTX 3060 Ti' (P:0 D:0)
[2023.07.08-02.40.44:866][  0]LogWindows:    3. 'NVIDIA GeForce RTX 3060 Ti' (P:0 D:0)
[2023.07.08-02.40.44:866][  0]LogWindows: DebugString: FoundDriverCount:4 
[2023.07.08-02.40.44:866][  0]LogD3D11RHI:     Adapter Name: NVIDIA GeForce RTX 3060 Ti
[2023.07.08-02.40.44:866][  0]LogD3D11RHI:   Driver Version: 528.24 (internal:31.0.15.2824, unified:528.24)
[2023.07.08-02.40.44:866][  0]LogD3D11RHI:      Driver Date: 1-15-2023
[2023.07.08-02.40.44:866][  0]LogRHI: Texture pool is 5626 MB (70% of 8038 MB)
[2023.07.08-02.40.44:867][  0]LogD3D11RHI: Creating D3DDevice using adapter:
[2023.07.08-02.40.44:867][  0]LogD3D11RHI:     Description : NVIDIA GeForce RTX 3060 Ti
[2023.07.08-02.40.44:867][  0]LogD3D11RHI:     VendorId    : 10de
[2023.07.08-02.40.44:867][  0]LogD3D11RHI:     DeviceId    : 24c9
[2023.07.08-02.40.44:867][  0]LogD3D11RHI:     SubSysId    : 88b61043
[2023.07.08-02.40.44:867][  0]LogD3D11RHI:     Revision    : 00a1
[2023.07.08-02.40.44:867][  0]LogD3D11RHI:     DedicatedVideoMemory : 8428453888 bytes
[2023.07.08-02.40.44:867][  0]LogD3D11RHI:     DedicatedSystemMemory : 0 bytes
[2023.07.08-02.40.44:867][  0]LogD3D11RHI:     SharedSystemMemory : 17092952064 bytes
[2023.07.08-02.40.44:867][  0]LogD3D11RHI:     AdapterLuid : 0 60604
[2023.07.08-02.40.44:904][  0]LogD3D11RHI: RHI has support for 64 bit atomics
[2023.07.08-02.40.44:904][  0]LogD3D11RHI: Async texture creation enabled
[2023.07.08-02.40.44:904][  0]LogD3D11RHI: Array index from any shader is supported
[2023.07.08-02.40.44:927][  0]LogD3D11RHI: GPU Timing Frequency: 1000.000000 (Debug: 2 2)
[2023.07.08-02.40.44:952][  0]LogRHI: GeForceNow SDK initialized: 1
[2023.07.08-02.40.45:115][  0]LogTargetPlatformManager: Display: Loaded TargetPlatform 'AllDesktop'
[2023.07.08-02.40.45:128][  0]LogTargetPlatformManager: Display: Loaded TargetPlatform 'Android'
[2023.07.08-02.40.45:129][  0]LogTargetPlatformManager: Display: Loaded TargetPlatform 'Android_ASTC'
[2023.07.08-02.40.45:129][  0]LogTargetPlatformManager: Display: Loaded TargetPlatform 'Android_DXT'
[2023.07.08-02.40.45:129][  0]LogTargetPlatformManager: Display: Loaded TargetPlatform 'Android_ETC2'
[2023.07.08-02.40.45:129][  0]LogTargetPlatformManager: Display: Loaded TargetPlatform 'AndroidClient'
[2023.07.08-02.40.45:129][  0]LogTargetPlatformManager: Display: Loaded TargetPlatform 'Android_ASTCClient'
[2023.07.08-02.40.45:129][  0]LogTargetPlatformManager: Display: Loaded TargetPlatform 'Android_DXTClient'
[2023.07.08-02.40.45:129][  0]LogTargetPlatformManager: Display: Loaded TargetPlatform 'Android_ETC2Client'
[2023.07.08-02.40.45:129][  0]LogTargetPlatformManager: Display: Loaded TargetPlatform 'Android_Multi'
[2023.07.08-02.40.45:129][  0]LogTargetPlatformManager: Display: Loaded TargetPlatform 'Android_MultiClient'
[2023.07.08-02.40.45:144][  0]LogTargetPlatformManager: Display: Loaded TargetPlatform 'IOSClient'
[2023.07.08-02.40.45:144][  0]LogTargetPlatformManager: Display: Loaded TargetPlatform 'IOS'
[2023.07.08-02.40.45:156][  0]LogTargetPlatformManager: Display: Loaded TargetPlatform 'Linux'
[2023.07.08-02.40.45:160][  0]LogTargetPlatformManager: Display: Loaded TargetPlatform 'LinuxNoEditor'
[2023.07.08-02.40.45:164][  0]LogTargetPlatformManager: Display: Loaded TargetPlatform 'LinuxClient'
[2023.07.08-02.40.45:167][  0]LogTargetPlatformManager: Display: Loaded TargetPlatform 'LinuxServer'
[2023.07.08-02.40.45:177][  0]LogTargetPlatformManager: Display: Loaded TargetPlatform 'LinuxAArch64NoEditor'
[2023.07.08-02.40.45:180][  0]LogTargetPlatformManager: Display: Loaded TargetPlatform 'LinuxAArch64Client'
[2023.07.08-02.40.45:184][  0]LogTargetPlatformManager: Display: Loaded TargetPlatform 'LinuxAArch64Server'
[2023.07.08-02.40.45:199][  0]LogTargetPlatformManager: Display: Loaded TargetPlatform 'Lumin'
[2023.07.08-02.40.45:199][  0]LogTargetPlatformManager: Display: Loaded TargetPlatform 'LuminClient'
[2023.07.08-02.40.45:210][  0]LogTargetPlatformManager: Display: Loaded TargetPlatform 'MacNoEditor'
[2023.07.08-02.40.45:215][  0]LogTargetPlatformManager: Display: Loaded TargetPlatform 'Mac'
[2023.07.08-02.40.45:218][  0]LogTargetPlatformManager: Display: Loaded TargetPlatform 'MacClient'
[2023.07.08-02.40.45:222][  0]LogTargetPlatformManager: Display: Loaded TargetPlatform 'MacServer'
[2023.07.08-02.40.45:229][  0]LogTargetPlatformManager: Display: Loaded TargetPlatform 'TVOSClient'
[2023.07.08-02.40.45:229][  0]LogTargetPlatformManager: Display: Loaded TargetPlatform 'TVOS'
[2023.07.08-02.40.45:235][  0]LogTargetPlatformManager: Display: Loaded TargetPlatform 'WindowsNoEditor'
[2023.07.08-02.40.45:239][  0]LogTargetPlatformManager: Display: Loaded TargetPlatform 'Windows'
[2023.07.08-02.40.45:243][  0]LogTargetPlatformManager: Display: Loaded TargetPlatform 'WindowsClient'
[2023.07.08-02.40.45:247][  0]LogTargetPlatformManager: Display: Loaded TargetPlatform 'WindowsServer'
[2023.07.08-02.40.45:247][  0]LogTargetPlatformManager: Display: Building Assets For Windows
[2023.07.08-02.40.45:281][  0]LogAudioDebug: Display: Lib vorbis DLL was dynamically loaded.
[2023.07.08-02.40.45:343][  0]LogTextureFormatOodle: Display: Oodle Texture 2.9.0 init RDO Off
[2023.07.08-02.40.45:434][  0]LogRendererCore: Ray tracing is disabled. Reason: r.RayTracing=0.
[2023.07.08-02.40.45:435][  0]LogShaderCompilers: Guid format shader working directory is -23 characters bigger than the processId version (../../../../../../../VperData/GitHub/ActionRoguelike/ActionRoguelike/Intermediate/Shaders/WorkingDirectory/18828/).
[2023.07.08-02.40.45:435][  0]LogShaderCompilers: Cleaned the shader compiler working directory 'C:/Users/virtu/AppData/Local/Temp/UnrealShaderWorkingDir/BB469FE44450176C9407CF8F0EA19A4F/'.
[2023.07.08-02.40.45:436][  0]LogXGEController: Cannot use XGE Controller as Incredibuild is not installed on this machine.
[2023.07.08-02.40.45:436][  0]LogShaderCompilers: Cannot use XGE Shader Compiler as Incredibuild is not installed on this machine.
[2023.07.08-02.40.45:436][  0]LogShaderCompilers: Display: Using Local Shader Compiler.
[2023.07.08-02.40.47:258][  0]LogDerivedDataCache: Display: Max Cache Size: 512 MB
[2023.07.08-02.40.47:306][  0]LogDerivedDataCache: Loaded boot cache 0.05s 94MB C:/Users/virtu/AppData/Local/UnrealEngine/4.27/DerivedDataCache/Boot.ddc.
[2023.07.08-02.40.47:306][  0]LogDerivedDataCache: Display: Loaded Boot cache: C:/Users/virtu/AppData/Local/UnrealEngine/4.27/DerivedDataCache/Boot.ddc
[2023.07.08-02.40.47:306][  0]LogDerivedDataCache: FDerivedDataBackendGraph:  Pak pak cache file ../../../../../../../VperData/GitHub/ActionRoguelike/ActionRoguelike/DerivedDataCache/DDC.ddp not found, will not use a pak cache.
[2023.07.08-02.40.47:306][  0]LogDerivedDataCache: Unable to find inner node Pak for hierarchical cache Hierarchy.
[2023.07.08-02.40.47:306][  0]LogDerivedDataCache: FDerivedDataBackendGraph:  CompressedPak pak cache file ../../../../../../../VperData/GitHub/ActionRoguelike/ActionRoguelike/DerivedDataCache/Compressed.ddp not found, will not use a pak cache.
[2023.07.08-02.40.47:306][  0]LogDerivedDataCache: Unable to find inner node CompressedPak for hierarchical cache Hierarchy.
[2023.07.08-02.40.47:323][  0]LogDerivedDataCache: Display: Pak cache opened for reading ../../../Engine/DerivedDataCache/Compressed.ddp.
[2023.07.08-02.40.47:323][  0]LogDerivedDataCache: FDerivedDataBackendGraph:  EnterprisePak pak cache file ../../../Enterprise/DerivedDataCache/Compressed.ddp not found, will not use a pak cache.
[2023.07.08-02.40.47:323][  0]LogDerivedDataCache: Unable to find inner node EnterprisePak for hierarchical cache Hierarchy.
[2023.07.08-02.40.47:350][  0]LogDerivedDataCache: Speed tests for C:/Users/virtu/AppData/Local/UnrealEngine/Common/DerivedDataCache took 0.03 seconds
[2023.07.08-02.40.47:350][  0]LogDerivedDataCache: Display: Performance to C:/Users/virtu/AppData/Local/UnrealEngine/Common/DerivedDataCache: Latency=0.08ms. RandomReadSpeed=42.52MBs, RandomWriteSpeed=248.59MBs. Assigned SpeedClass 'Local'
[2023.07.08-02.40.47:351][  0]LogDerivedDataCache: Using Local data cache path C:/Users/virtu/AppData/Local/UnrealEngine/Common/DerivedDataCache: Writable
[2023.07.08-02.40.47:351][  0]LogDerivedDataCache: Shared data cache path not found in *engine.ini, will not use an Shared cache.
[2023.07.08-02.40.47:351][  0]LogDerivedDataCache: Unable to find inner node Shared for hierarchical cache Hierarchy.
[2023.07.08-02.40.47:381][  0]LogSlate: Using FreeType 2.10.0
[2023.07.08-02.40.47:388][  0]LogSlate: SlateFontServices - WITH_FREETYPE: 1, WITH_HARFBUZZ: 1
[2023.07.08-02.40.47:411][  0]LogAssetRegistry: FAssetRegistry took 0.0038 seconds to start up
[2023.07.08-02.40.47:579][  0]LogInit: Selected Device Profile: [Windows]
[2023.07.08-02.40.47:579][  0]LogInit: Active device profile: [000002030959ED00][000002037BD99840 49] Windows
[2023.07.08-02.40.47:579][  0]LogInit: Profiles: [000002030959ED00][000002037BD99840 49] Windows, [00000203093ED700][000002030837B9C0 49] WindowsNoEditor, [000002030959E200][000002030837FB40 49] WindowsServer, [00000203093EE100][0000020308382140 49] WindowsClient, [000002030959C400][00000203083862C0 49] IOS, [00000203093EF400][000002030838A440 49] iPadAir, [000002030959C600][000002030A4FE5C0 49] iPadAir2, [000002030A385100][0000020308376840 49] IPadPro, [000002030A385200][000002030A502880 49] iPadAir3, [00000203093EEC00][000002030A5069C0 49] iPadAir4, [000002030A385F00][000002030A50AB00 49] iPadMini2, [00000203093EC700][000002030A512C80 49] iPadMini3, [000002030A386A00][000002030A516E00 49] iPadMini4, [00000203093ECF00][000002030A51AF80 49] iPadMini5, [00000203093B0900][000002030A523240 49] iPhone6, [00000203093B0A00][000002030A51F280 49] iPodTouch6, [000002030959D600][000002030A52B540 49] iPhone7, [000002030959D300][000002030A527580 49] iPodTouch7, [00000203093B0200][000002030A52F700 49] iPhone5S, [000002030A385D00][000002030A533880 49] iPhone6Plus, [00000203093B3A00][000002030A537A00 49] iPhone6S, [000002030A384E00][000002030A53BB80 49] iPhone6SPlus, [00000203093B3300][000002030A53E180 49] iPhone7Plus, [000002030A386B00][000002030A542300 49] iPhoneSE, [00000203093B1E00][000002030A546480 49] iPhone8, [000002030A385A00][000002030A54A600 49] iPhone8Plus, [00000203093B1A00][000002030A54E780 49] iPhoneX, [000002030A386700][000002030A552900 49] iPhoneXS, [000002030959CA00][000002030A50EA40 49] iPhoneXSMax, [000002030A387500][000002030A556B80 49] iPhoneXR, [000002030959F900][000002030A55ACC0 49] iPhone11, [000002030A385400][000002030A562E40 49] iPhone11Pro, [000002030959CC00][000002030A566FC0 49] iPhone11ProMax, [000002030A384800][000002030A56B140 49] iPhoneSE2, [000002030959DD00][000002030A56F2C0 49] iPhone12Mini, [000002030A387A00][000002030A573440 49] iPhone12, [000002030959DF00][000002030A5775C0 49] iPhone12Pro, [000002030A387B00][000002030A57B740 49] iPhone12ProMax, [000002030959D500][000002030A57F8C0 49] iPadPro105, [000002030A386900][000002030A583A40 49] iPadPro129, [000002030959F200][000002030A587BC0 49] iPadPro97, [000002030A385500][000002030A58A1C0 49] iPadPro2_129, [000002030959DE00][000002030A58E340 49] iPad5, [000002030A385300][000002030A5924C0 49] iPad6, [000002030959E500][000002030A596640 49] iPad7, [000002030A386F00][000002030A59A7C0 49] iPad8, [000002030959D800][000002030A59E940 49] iPadPro11, [000002030A385B00][000002030A5A2AC0 49] iPadPro2_11, [000002030959CE00][000002030A55EC00 49] iPadPro3_129, [000002030A387700][000002030A5A6D40 49] iPadPro4_129, [000002030959F700][000002030A5AAE80 49] AppleTV, [000002030A387400][000002030A5AEFC0 49] AppleTV4K, [000002030959E800][000002030A5B7140 49] TVOS, [000002030A385C00][000002030A5BB2C0 49] Mac, [000002030959DA00][000002030A5BF440 49] MacClient, [000002030A387E00][000002030A5C35C0 49] MacNoEditor, [000002030959FC00][000002030A5C7740 49] MacServer, [000002030A386600][000002030A5CB8C0 49] Linux, [000002030959CB00][000002030A5CFA40 49] LinuxAArch64, [000002030A387800][000002030A5D3BC0 49] LinuxNoEditor, [000002030959F400][000002030A5D61C0 49] LinuxAArch64NoEditor, [000002030A386300][000002030A5DA340 49] LinuxClient, [000002030959F100][000002030A5DE4C0 49] LinuxAArch64Client, [000002030A385600][000002030A5E2640 49] LinuxServer, [000002030959E400][000002030A5E67C0 49] LinuxAArch64Server, [000002030A386E00][000002030A5EA940 49] Android, [000002030959D400][000002030A5EEAC0 49] Android_Low, [000002030A385900][000002030A5F2C40 49] Android_Mid, [000002030959D000][000002030A5B2D80 49] Android_High, [000002030A384A00][000002030A5F6EC0 49] Android_Default, [000002030959D200][000002030A5FB000 49] Android_Adreno4xx, [000002030A387100][000002030A5FF140 49] Android_Adreno5xx_Low, [00000203093EDB00][000002030A6072C0 49] Android_Adreno5xx, [00000203093B3600][000002030A60B440 49] Android_Adreno6xx, [00000203093ED900][000002030A60F5C0 49] Android_Adreno6xx_Vulkan, [00000203093B3E00][000002030A613740 49] Android_Mali_T6xx, [00000203093EDA00][000002030A6178C0 49] Android_Mali_T7xx, [00000203093B1900][000002030A61BA40 49] Android_Mali_T8xx, [00000203093EF300][000002030A61FBC0 49] Android_Mali_G71, [00000203093B1D00][000002030A6221C0 49] Android_Mali_G72, [00000203093EF200][000002030A626340 49] Android_Mali_G72_Vulkan, [00000203093B0700][000002030A62A4C0 49] Android_Mali_G76, [00000203093ED300][000002030A62E640 49] Android_Mali_G76_Vulkan, [00000203093B1400][000002030A6327C0 49] Android_Mali_G77, [00000203093EF700][000002030A636940 49] Android_Mali_G77_Vulkan, [00000203093B2A00][000002030A63AAC0 49] Android_Mali_G78, [00000203093EFE00][000002030A63EC40 49] Android_Mali_G78_Vulkan, [00000203093B1000][000002030A642DC0 49] Android_Mali_G710, [00000203093EFD00][000002030A646F40 49] Android_Mali_G710_Vulkan, [00000203093B3500][000002030A603080 49] Android_Vulkan_SM5, [00000203093EC900][000002030A64B1C0 49] Android_PowerVR_G6xxx, [00000203093B0400][000002030A64F300 49] Android_PowerVR_GT7xxx, [00000203093ECD00][000002030A657480 49] Android_PowerVR_GE8xxx, [00000203093B1C00][000002030A65B600 49] Android_PowerVR_GM9xxx, [00000203093EFC00][000002030A65F780 49] Android_PowerVR_GM9xxx_Vulkan, [00000203093B2600][000002030A663900 49] Android_TegraK1, [00000203093EF800][000002030A667A80 49] Android_Unknown_Vulkan, [00000203093B3B00][000002030A66BC00 49] Lumin, [00000203093EF000][000002030A66E200 49] Lumin_Desktop, [000002030A386000][000002030A672380 49] HoloLens, 
[2023.07.08-02.40.47:728][  0]LogMeshReduction: Using QuadricMeshReduction for automatic static mesh reduction
[2023.07.08-02.40.47:728][  0]LogMeshReduction: Using SimplygonMeshReduction for automatic skeletal mesh reduction
[2023.07.08-02.40.47:728][  0]LogMeshReduction: Using ProxyLODMeshReduction for automatic mesh merging
[2023.07.08-02.40.47:728][  0]LogMeshReduction: No distributed automatic mesh merging module available
[2023.07.08-02.40.47:728][  0]LogMeshMerging: No distributed automatic mesh merging module available
[2023.07.08-02.40.47:761][  0]LogNetVersion: ActionRoguelike 1.0.0, NetCL: 17155196, EngineNetVer: 17, GameNetVer: 0 (Checksum: 1099936942)
[2023.07.08-02.40.48:359][  0]LogTexture: Default maximum texture size for cubemaps generated from long-lat sources has been changed from 512 to unlimited. In order to preserve old behaiour for '/Engine/MapTemplates/Sky/DaylightAmbientCubemap.DaylightAmbientCubemap', its maximum texture size has been explicitly set to 512.
[2023.07.08-02.40.48:435][  0]LogHMD: PokeAHoleMaterial loaded successfully
[2023.07.08-02.40.48:439][  0]LogUObjectArray: 17178 objects as part of root set at end of initial load.
[2023.07.08-02.40.48:439][  0]LogUObjectAllocator: 4302048 out of 0 bytes used by permanent object pool.
[2023.07.08-02.40.48:439][  0]LogUObjectArray: CloseDisregardForGC: 0/0 objects in disregard for GC pool
[2023.07.08-02.40.48:882][  0]LogNiagaraDebuggerClient: Niagara Debugger Client Initialized | Session: 99E9EA954D991AA64BEA3C8BB7F7BC86 | Instance: 29C8CDA64EE947C1053CCB90771BB58E (VPER-18828).
[2023.07.08-02.40.48:944][  0]LogPython: Using Python 3.7.7
[2023.07.08-02.40.49:326][  0]LogTcpMessaging: Initializing TcpMessaging bridge
[2023.07.08-02.40.49:332][  0]LogUdpMessaging: Initializing bridge on interface 0.0.0.0:0 to multicast group 230.0.0.1:6666.
[2023.07.08-02.40.49:632][  0]SourceControl: Source control is disabled
[2023.07.08-02.40.49:633][  0]SourceControl: Source control is disabled
[2023.07.08-02.40.49:639][  0]SourceControl: Source control is disabled
[2023.07.08-02.40.49:643][  0]SourceControl: Source control is disabled
[2023.07.08-02.40.49:657][  0]SourceControl: Source control is disabled
[2023.07.08-02.40.49:663][  0]LogUProjectInfo: Found projects:
[2023.07.08-02.40.49:928][  0]LogOpenImageDenoise: OIDN starting up
[2023.07.08-02.40.49:982][  0]LogAndroidPermission: UAndroidPermissionCallbackProxy::GetInstance
[2023.07.08-02.40.50:000][  0]LogAudioCaptureCore: Display: No Audio Capture implementations found. Audio input will be silent.
[2023.07.08-02.40.50:000][  0]LogAudioCaptureCore: Display: No Audio Capture implementations found. Audio input will be silent.
[2023.07.08-02.40.50:204][  0]LogCollectionManager: Loaded 0 collections in 0.001003 seconds
[2023.07.08-02.40.50:238][  0]LogFileCache: Scanning file cache for directory 'C:/VperData/GitHub/ActionRoguelike/ActionRoguelike/Saved/Collections/' took 0.00s
[2023.07.08-02.40.50:238][  0]LogFileCache: Scanning file cache for directory 'C:/VperData/GitHub/ActionRoguelike/ActionRoguelike/Content/Developers/virtu/Collections/' took 0.00s
[2023.07.08-02.40.50:238][  0]LogFileCache: Scanning file cache for directory 'C:/VperData/GitHub/ActionRoguelike/ActionRoguelike/Content/Collections/' took 0.00s
[2023.07.08-02.40.50:238][  0]LogOcInput: OculusInput pre-init called
[2023.07.08-02.40.50:456][  0]LogEngine: Initializing Engine...
[2023.07.08-02.40.50:486][  0]LogHMD: Failed to enumerate extensions. Please check that you have a valid OpenXR runtime installed.
[2023.07.08-02.40.50:486][  0]LogHMD: Failed to initialize OpenVR with code 110
[2023.07.08-02.40.50:488][  0]LogMagicLeap: Warning: VR disabled because ZI is not enabled.  To enable, in the editor, Edit -> Project Settings -> Plugins -> Magic Leap Plugin -> Enable Zero Iteration
[2023.07.08-02.40.50:489][  0]LogStats: UGameplayTagsManager::InitializeManager -  0.000 s
[2023.07.08-02.40.50:654][  0]LogInit: Initializing FReadOnlyCVARCache
[2023.07.08-02.40.50:671][  0]LogAIModule: Creating AISystem for world Untitled
[2023.07.08-02.40.50:673][  0]LogAudio: Display: Initializing Audio Device Manager...
[2023.07.08-02.40.50:677][  0]LogAudio: Display: Loading Default Audio Settings Objects...
[2023.07.08-02.40.50:680][  0]LogAudio: Display: No default SoundConcurrencyObject specified (or failed to load).
[2023.07.08-02.40.50:681][  0]LogAudio: Display: Audio Device Manager Initialized
[2023.07.08-02.40.50:681][  0]LogAudio: Display: Creating Audio Device:                 Id: 1, Scope: Shared, Realtime: True
[2023.07.08-02.40.50:681][  0]LogAudioMixer: Display: Audio Mixer Platform Settings:
[2023.07.08-02.40.50:681][  0]LogAudioMixer: Display: 	Sample Rate:						  48000
[2023.07.08-02.40.50:681][  0]LogAudioMixer: Display: 	Callback Buffer Frame Size Requested: 1024
[2023.07.08-02.40.50:681][  0]LogAudioMixer: Display: 	Callback Buffer Frame Size To Use:	  1024
[2023.07.08-02.40.50:681][  0]LogAudioMixer: Display: 	Number of buffers to queue:			  2
[2023.07.08-02.40.50:681][  0]LogAudioMixer: Display: 	Max Channels (voices):				  32
[2023.07.08-02.40.50:681][  0]LogAudioMixer: Display: 	Number of Async Source Workers:		  0
[2023.07.08-02.40.50:681][  0]LogAudio: Display: AudioDevice MaxSources: 32
[2023.07.08-02.40.50:682][  0]LogAudio: Display: Audio Spatialization Plugin: None (built-in).
[2023.07.08-02.40.50:682][  0]LogAudio: Display: Audio Reverb Plugin: None (built-in).
[2023.07.08-02.40.50:682][  0]LogAudio: Display: Audio Occlusion Plugin: None (built-in).
[2023.07.08-02.40.50:682][  0]LogAudioMixer: Display: Initializing audio mixer.
[2023.07.08-02.40.50:696][  0]LogAudioMixer: Display: 0: FrontLeft
[2023.07.08-02.40.50:696][  0]LogAudioMixer: Display: 1: FrontRight
[2023.07.08-02.40.50:711][  0]LogAudioMixer: Display: Using Audio Device 扬声器 (Realtek(R) Audio)
[2023.07.08-02.40.50:712][  0]LogAudioMixer: Display: Initializing Sound Submixes...
[2023.07.08-02.40.50:724][  0]LogAudioMixer: Display: Creating Master Submix 'MasterSubmixDefault'
[2023.07.08-02.40.50:725][  0]LogAudioMixer: Display: Creating Master Submix 'MasterReverbSubmixDefault'
[2023.07.08-02.40.50:726][  0]LogAudioMixer: Display: Creating Master Submix 'MasterEQSubmixDefault'
[2023.07.08-02.40.50:726][  0]LogAudioMixer: FMixerPlatformXAudio2::StartAudioStream() called
[2023.07.08-02.40.50:726][  0]LogAudioMixer: Display: Output buffers initialized: Frames=1024, Channels=2, Samples=2048
[2023.07.08-02.40.50:728][  0]LogAudioMixer: Display: Starting AudioMixerPlatformInterface::RunInternal()
[2023.07.08-02.40.50:728][  0]LogAudioMixer: Display: FMixerPlatformXAudio2::SubmitBuffer() called for the first time
[2023.07.08-02.40.50:728][  0]LogInit: FAudioDevice initialized.
[2023.07.08-02.40.50:728][  0]LogAudio: Display: Audio Device (ID: 1) registered with world 'Untitled'.
[2023.07.08-02.40.50:728][  0]LogNetVersion: Set ProjectVersion to 1.0.0.0. Version Checksum will be recalculated on next use.
[2023.07.08-02.40.50:756][  0]LogDerivedDataCache: Saved boot cache 0.03s 94MB C:/Users/virtu/AppData/Local/UnrealEngine/4.27/DerivedDataCache/Boot.ddc.
[2023.07.08-02.40.50:757][  0]LogInit: Texture streaming: Enabled
[2023.07.08-02.40.50:769][  0]LogAnalytics: Display: [UEEditor.Rocket.Release] APIServer = https://datarouter.ol.epicgames.com/. AppVersion = 4.27.2-18319896+++UE4+Release-4.27
[2023.07.08-02.40.50:772][  0]LogEngineSessionManager: EngineSessionManager initialized
[2023.07.08-02.40.50:772][  0]LogEditorSessionSummary: Verbose: Initializing EditorSessionSummaryWriter for editor session tracking
[2023.07.08-02.40.50:773][  0]LogEditorSessionSummary: EditorSessionSummaryWriter initialized
[2023.07.08-02.40.50:790][  0]LogInit: Transaction tracking system initialized
[2023.07.08-02.40.50:818][  0]BlueprintLog: New page: Editor Load
[2023.07.08-02.40.50:902][  0]LocalizationService: Localization service is disabled
[2023.07.08-02.40.50:934][  0]TimingProfiler: Initialize
[2023.07.08-02.40.50:935][  0]TimingProfiler: OnSessionChanged
[2023.07.08-02.40.50:935][  0]LoadingProfiler: Initialize
[2023.07.08-02.40.50:935][  0]LoadingProfiler: OnSessionChanged
[2023.07.08-02.40.50:935][  0]NetworkingProfiler: Initialize
[2023.07.08-02.40.50:936][  0]NetworkingProfiler: OnSessionChanged
[2023.07.08-02.40.50:936][  0]MemoryProfiler: Initialize
[2023.07.08-02.40.50:936][  0]MemoryProfiler: OnSessionChanged
[2023.07.08-02.40.51:326][  0]LogCook: Display: CookSettings for Memory: MemoryMaxUsedVirtual 0MiB, MemoryMaxUsedPhysical 16384MiB, MemoryMinFreeVirtual 0MiB, MemoryMinFreePhysical 1024MiB
[2023.07.08-02.40.51:326][  0]LogCook: Display: Mobile HDR setting 1
[2023.07.08-02.40.51:554][  0]LogFileCache: Scanning file cache for directory 'C:/VperData/GitHub/ActionRoguelike/ActionRoguelike/Content/' took 0.01s
[2023.07.08-02.40.51:670][  0]LogInit: Display: Engine is initialized. Leaving FEngineLoop::Init()
[2023.07.08-02.40.51:674][  0]SourceControl: Source control is disabled
[2023.07.08-02.40.51:674][  0]LogUnrealEdMisc: Loading editor; pre map load, took 10.228
[2023.07.08-02.40.51:675][  0]Cmd: MAP LOAD FILE="../../../../../../../VperData/GitHub/ActionRoguelike/ActionRoguelike/Content/ActionRoguelike/Maps/TestLevel.umap" TEMPLATE=0 SHOWPROGRESS=1 FEATURELEVEL=3
[2023.07.08-02.40.51:679][  0]LightingResults: New page: Lighting Build
[2023.07.08-02.40.51:681][  0]LogWorld: UWorld::CleanupWorld for Untitled, bSessionEnded=true, bCleanupResources=true
[2023.07.08-02.40.51:682][  0]LogSlate: InvalidateAllWidgets triggered.  All widgets were invalidated
[2023.07.08-02.40.51:683][  0]MapCheck: New page: Map Check
[2023.07.08-02.40.51:683][  0]LightingResults: New page: Lighting Build
[2023.07.08-02.40.51:698][  0]LogAudio: Display: Audio Device unregistered from world 'None'.
[2023.07.08-02.40.51:702][  0]LogUObjectHash: Compacting FUObjectHashTables data took   0.43ms
[2023.07.08-02.40.51:863][  0]LogSkeletalMesh: Display: [AssetLog] C:\VperData\GitHub\ActionRoguelike\ActionRoguelike\Content\ParagonGideon\Characters\Heroes\Gideon\Meshes\Gideon.uasset: Find and fix some bad tangent! please re-import this skeletal mesh asset to fix the issue. The shading of the skeletal mesh will be bad and faceted.
[2023.07.08-02.40.51:946][  0]LogAudio: Display: Audio Device (ID: 1) registered with world 'TestLevel'.
[2023.07.08-02.40.51:948][  0]LogAIModule: Creating AISystem for world TestLevel
[2023.07.08-02.40.51:963][  0]LogEditorServer: Finished looking for orphan Actors (0.000 secs)
[2023.07.08-02.40.51:969][  0]LogUObjectHash: Compacting FUObjectHashTables data took   0.54ms
[2023.07.08-02.40.51:969][  0]Cmd: MAP CHECKDEP NOCLEARLOG
[2023.07.08-02.40.51:969][  0]MapCheck: Map check complete: 0 Error(s), 0 Warning(s), took 0.174ms to complete.
[2023.07.08-02.40.51:970][  0]LogFileHelpers: Loading map 'TestLevel' took 0.296
[2023.07.08-02.40.51:980][  0]LogUnrealEdMisc: Total Editor Startup Time, took 10.534
[2023.07.08-02.40.52:127][  0]LogSlate: Updating window title bar state: overlay mode, drag disabled, window buttons hidden, title bar hidden
[2023.07.08-02.40.52:131][  0]LogSlate: Updating window title bar state: overlay mode, drag disabled, window buttons hidden, title bar hidden
[2023.07.08-02.40.52:134][  0]LogSlate: Updating window title bar state: overlay mode, drag disabled, window buttons hidden, title bar hidden
[2023.07.08-02.40.52:137][  0]LogSlate: Updating window title bar state: overlay mode, drag disabled, window buttons hidden, title bar hidden
[2023.07.08-02.40.52:155][  0]LogNativeClassHierarchy: Verbose: Native class hierarchy populated in 0.0053 seconds. Added 3824 classes and 931 folders.
[2023.07.08-02.40.52:158][  0]LogNativeClassHierarchy: Verbose: Native class hierarchy updated for 'WidgetCarousel' in 0.0001 seconds. Added 0 classes and 0 folders.
[2023.07.08-02.40.52:165][  0]LogPakFile: PakFile PrimaryIndexSize=187
[2023.07.08-02.40.52:165][  0]LogPakFile: PakFile PathHashIndexSize=101
[2023.07.08-02.40.52:165][  0]LogPakFile: PakFile FullDirectoryIndexSize=148
[2023.07.08-02.40.52:165][  0]LogShaderLibrary: Display: ShaderCodeLibraryPakFileMountedCallback: PakFile 'C:/Program Files (x86)/Vper/UE/UE_4.27/FeaturePacks/FP_FirstPerson.upack' (chunk index -1, root 'root:/') mounted
[2023.07.08-02.40.52:165][  0]LogShaderLibrary: Display: ShaderCodeLibraryPakFileMountedCallback: pending pak file info (ChunkID:-1 Root:root:/ File:C:/Program Files (x86)/Vper/UE/UE_4.27/FeaturePacks/FP_FirstPerson.upack)
[2023.07.08-02.40.52:165][  0]LogPakFile: OnPakFileMounted2Time == 0.000129
[2023.07.08-02.40.52:171][  0]LogPakFile: PakFile PrimaryIndexSize=189
[2023.07.08-02.40.52:171][  0]LogPakFile: PakFile PathHashIndexSize=101
[2023.07.08-02.40.52:171][  0]LogPakFile: PakFile FullDirectoryIndexSize=152
[2023.07.08-02.40.52:171][  0]LogShaderLibrary: Display: ShaderCodeLibraryPakFileMountedCallback: PakFile 'C:/Program Files (x86)/Vper/UE/UE_4.27/FeaturePacks/FP_FirstPersonBP.upack' (chunk index -1, root 'root:/') mounted
[2023.07.08-02.40.52:172][  0]LogShaderLibrary: Display: ShaderCodeLibraryPakFileMountedCallback: pending pak file info (ChunkID:-1 Root:root:/ File:C:/Program Files (x86)/Vper/UE/UE_4.27/FeaturePacks/FP_FirstPersonBP.upack)
[2023.07.08-02.40.52:172][  0]LogPakFile: OnPakFileMounted2Time == 0.000090
[2023.07.08-02.40.52:175][  0]LogPakFile: PakFile PrimaryIndexSize=191
[2023.07.08-02.40.52:175][  0]LogPakFile: PakFile PathHashIndexSize=101
[2023.07.08-02.40.52:175][  0]LogPakFile: PakFile FullDirectoryIndexSize=160
[2023.07.08-02.40.52:175][  0]LogShaderLibrary: Display: ShaderCodeLibraryPakFileMountedCallback: PakFile 'C:/Program Files (x86)/Vper/UE/UE_4.27/FeaturePacks/MobileStarterContent.upack' (chunk index -1, root 'root:/') mounted
[2023.07.08-02.40.52:175][  0]LogShaderLibrary: Display: ShaderCodeLibraryPakFileMountedCallback: pending pak file info (ChunkID:-1 Root:root:/ File:C:/Program Files (x86)/Vper/UE/UE_4.27/FeaturePacks/MobileStarterContent.upack)
[2023.07.08-02.40.52:175][  0]LogPakFile: OnPakFileMounted2Time == 0.000086
[2023.07.08-02.40.52:179][  0]LogPakFile: PakFile PrimaryIndexSize=185
[2023.07.08-02.40.52:179][  0]LogPakFile: PakFile PathHashIndexSize=101
[2023.07.08-02.40.52:179][  0]LogPakFile: PakFile FullDirectoryIndexSize=148
[2023.07.08-02.40.52:179][  0]LogShaderLibrary: Display: ShaderCodeLibraryPakFileMountedCallback: PakFile 'C:/Program Files (x86)/Vper/UE/UE_4.27/FeaturePacks/StarterContent.upack' (chunk index -1, root 'root:/') mounted
[2023.07.08-02.40.52:179][  0]LogShaderLibrary: Display: ShaderCodeLibraryPakFileMountedCallback: pending pak file info (ChunkID:-1 Root:root:/ File:C:/Program Files (x86)/Vper/UE/UE_4.27/FeaturePacks/StarterContent.upack)
[2023.07.08-02.40.52:179][  0]LogPakFile: OnPakFileMounted2Time == 0.000098
[2023.07.08-02.40.52:183][  0]LogPakFile: PakFile PrimaryIndexSize=190
[2023.07.08-02.40.52:183][  0]LogPakFile: PakFile PathHashIndexSize=101
[2023.07.08-02.40.52:183][  0]LogPakFile: PakFile FullDirectoryIndexSize=154
[2023.07.08-02.40.52:183][  0]LogShaderLibrary: Display: ShaderCodeLibraryPakFileMountedCallback: PakFile 'C:/Program Files (x86)/Vper/UE/UE_4.27/FeaturePacks/TP_2DSideScroller.upack' (chunk index -1, root 'root:/') mounted
[2023.07.08-02.40.52:183][  0]LogShaderLibrary: Display: ShaderCodeLibraryPakFileMountedCallback: pending pak file info (ChunkID:-1 Root:root:/ File:C:/Program Files (x86)/Vper/UE/UE_4.27/FeaturePacks/TP_2DSideScroller.upack)
[2023.07.08-02.40.52:183][  0]LogPakFile: OnPakFileMounted2Time == 0.000094
[2023.07.08-02.40.52:185][  0]LogPakFile: PakFile PrimaryIndexSize=192
[2023.07.08-02.40.52:185][  0]LogPakFile: PakFile PathHashIndexSize=101
[2023.07.08-02.40.52:185][  0]LogPakFile: PakFile FullDirectoryIndexSize=158
[2023.07.08-02.40.52:185][  0]LogShaderLibrary: Display: ShaderCodeLibraryPakFileMountedCallback: PakFile 'C:/Program Files (x86)/Vper/UE/UE_4.27/FeaturePacks/TP_2DSideScrollerBP.upack' (chunk index -1, root 'root:/') mounted
[2023.07.08-02.40.52:185][  0]LogShaderLibrary: Display: ShaderCodeLibraryPakFileMountedCallback: pending pak file info (ChunkID:-1 Root:root:/ File:C:/Program Files (x86)/Vper/UE/UE_4.27/FeaturePacks/TP_2DSideScrollerBP.upack)
[2023.07.08-02.40.52:185][  0]LogPakFile: OnPakFileMounted2Time == 0.000100
[2023.07.08-02.40.52:189][  0]LogPakFile: PakFile PrimaryIndexSize=182
[2023.07.08-02.40.52:189][  0]LogPakFile: PakFile PathHashIndexSize=101
[2023.07.08-02.40.52:189][  0]LogPakFile: PakFile FullDirectoryIndexSize=138
[2023.07.08-02.40.52:189][  0]LogShaderLibrary: Display: ShaderCodeLibraryPakFileMountedCallback: PakFile 'C:/Program Files (x86)/Vper/UE/UE_4.27/FeaturePacks/TP_Flying.upack' (chunk index -1, root 'root:/') mounted
[2023.07.08-02.40.52:189][  0]LogShaderLibrary: Display: ShaderCodeLibraryPakFileMountedCallback: pending pak file info (ChunkID:-1 Root:root:/ File:C:/Program Files (x86)/Vper/UE/UE_4.27/FeaturePacks/TP_Flying.upack)
[2023.07.08-02.40.52:189][  0]LogPakFile: OnPakFileMounted2Time == 0.000100
[2023.07.08-02.40.52:192][  0]LogPakFile: PakFile PrimaryIndexSize=184
[2023.07.08-02.40.52:192][  0]LogPakFile: PakFile PathHashIndexSize=101
[2023.07.08-02.40.52:192][  0]LogPakFile: PakFile FullDirectoryIndexSize=142
[2023.07.08-02.40.52:192][  0]LogShaderLibrary: Display: ShaderCodeLibraryPakFileMountedCallback: PakFile 'C:/Program Files (x86)/Vper/UE/UE_4.27/FeaturePacks/TP_FlyingBP.upack' (chunk index -1, root 'root:/') mounted
[2023.07.08-02.40.52:192][  0]LogShaderLibrary: Display: ShaderCodeLibraryPakFileMountedCallback: pending pak file info (ChunkID:-1 Root:root:/ File:C:/Program Files (x86)/Vper/UE/UE_4.27/FeaturePacks/TP_FlyingBP.upack)
[2023.07.08-02.40.52:192][  0]LogPakFile: OnPakFileMounted2Time == 0.000094
[2023.07.08-02.40.52:197][  0]LogPakFile: PakFile PrimaryIndexSize=188
[2023.07.08-02.40.52:197][  0]LogPakFile: PakFile PathHashIndexSize=101
[2023.07.08-02.40.52:197][  0]LogPakFile: PakFile FullDirectoryIndexSize=150
[2023.07.08-02.40.52:197][  0]LogShaderLibrary: Display: ShaderCodeLibraryPakFileMountedCallback: PakFile 'C:/Program Files (x86)/Vper/UE/UE_4.27/FeaturePacks/TP_HandheldARBP.upack' (chunk index -1, root 'root:/') mounted
[2023.07.08-02.40.52:197][  0]LogShaderLibrary: Display: ShaderCodeLibraryPakFileMountedCallback: pending pak file info (ChunkID:-1 Root:root:/ File:C:/Program Files (x86)/Vper/UE/UE_4.27/FeaturePacks/TP_HandheldARBP.upack)
[2023.07.08-02.40.52:197][  0]LogPakFile: OnPakFileMounted2Time == 0.000149
[2023.07.08-02.40.52:201][  0]LogPakFile: PakFile PrimaryIndexSize=182
[2023.07.08-02.40.52:201][  0]LogPakFile: PakFile PathHashIndexSize=101
[2023.07.08-02.40.52:201][  0]LogPakFile: PakFile FullDirectoryIndexSize=138
[2023.07.08-02.40.52:201][  0]LogShaderLibrary: Display: ShaderCodeLibraryPakFileMountedCallback: PakFile 'C:/Program Files (x86)/Vper/UE/UE_4.27/FeaturePacks/TP_Puzzle.upack' (chunk index -1, root 'root:/') mounted
[2023.07.08-02.40.52:201][  0]LogShaderLibrary: Display: ShaderCodeLibraryPakFileMountedCallback: pending pak file info (ChunkID:-1 Root:root:/ File:C:/Program Files (x86)/Vper/UE/UE_4.27/FeaturePacks/TP_Puzzle.upack)
[2023.07.08-02.40.52:201][  0]LogPakFile: OnPakFileMounted2Time == 0.000095
[2023.07.08-02.40.52:204][  0]LogPakFile: PakFile PrimaryIndexSize=184
[2023.07.08-02.40.52:205][  0]LogPakFile: PakFile PathHashIndexSize=101
[2023.07.08-02.40.52:205][  0]LogPakFile: PakFile FullDirectoryIndexSize=142
[2023.07.08-02.40.52:205][  0]LogShaderLibrary: Display: ShaderCodeLibraryPakFileMountedCallback: PakFile 'C:/Program Files (x86)/Vper/UE/UE_4.27/FeaturePacks/TP_PuzzleBP.upack' (chunk index -1, root 'root:/') mounted
[2023.07.08-02.40.52:205][  0]LogShaderLibrary: Display: ShaderCodeLibraryPakFileMountedCallback: pending pak file info (ChunkID:-1 Root:root:/ File:C:/Program Files (x86)/Vper/UE/UE_4.27/FeaturePacks/TP_PuzzleBP.upack)
[2023.07.08-02.40.52:205][  0]LogPakFile: OnPakFileMounted2Time == 0.000167
[2023.07.08-02.40.52:208][  0]LogPakFile: PakFile PrimaryIndexSize=183
[2023.07.08-02.40.52:208][  0]LogPakFile: PakFile PathHashIndexSize=101
[2023.07.08-02.40.52:208][  0]LogPakFile: PakFile FullDirectoryIndexSize=140
[2023.07.08-02.40.52:208][  0]LogShaderLibrary: Display: ShaderCodeLibraryPakFileMountedCallback: PakFile 'C:/Program Files (x86)/Vper/UE/UE_4.27/FeaturePacks/TP_Rolling.upack' (chunk index -1, root 'root:/') mounted
[2023.07.08-02.40.52:208][  0]LogShaderLibrary: Display: ShaderCodeLibraryPakFileMountedCallback: pending pak file info (ChunkID:-1 Root:root:/ File:C:/Program Files (x86)/Vper/UE/UE_4.27/FeaturePacks/TP_Rolling.upack)
[2023.07.08-02.40.52:209][  0]LogPakFile: OnPakFileMounted2Time == 0.000112
[2023.07.08-02.40.52:212][  0]LogPakFile: PakFile PrimaryIndexSize=185
[2023.07.08-02.40.52:212][  0]LogPakFile: PakFile PathHashIndexSize=101
[2023.07.08-02.40.52:212][  0]LogPakFile: PakFile FullDirectoryIndexSize=144
[2023.07.08-02.40.52:212][  0]LogShaderLibrary: Display: ShaderCodeLibraryPakFileMountedCallback: PakFile 'C:/Program Files (x86)/Vper/UE/UE_4.27/FeaturePacks/TP_RollingBP.upack' (chunk index -1, root 'root:/') mounted
[2023.07.08-02.40.52:212][  0]LogShaderLibrary: Display: ShaderCodeLibraryPakFileMountedCallback: pending pak file info (ChunkID:-1 Root:root:/ File:C:/Program Files (x86)/Vper/UE/UE_4.27/FeaturePacks/TP_RollingBP.upack)
[2023.07.08-02.40.52:212][  0]LogPakFile: OnPakFileMounted2Time == 0.000157
[2023.07.08-02.40.52:215][  0]LogPakFile: PakFile PrimaryIndexSize=188
[2023.07.08-02.40.52:215][  0]LogPakFile: PakFile PathHashIndexSize=101
[2023.07.08-02.40.52:215][  0]LogPakFile: PakFile FullDirectoryIndexSize=150
[2023.07.08-02.40.52:215][  0]LogShaderLibrary: Display: ShaderCodeLibraryPakFileMountedCallback: PakFile 'C:/Program Files (x86)/Vper/UE/UE_4.27/FeaturePacks/TP_SideScroller.upack' (chunk index -1, root 'root:/') mounted
[2023.07.08-02.40.52:215][  0]LogShaderLibrary: Display: ShaderCodeLibraryPakFileMountedCallback: pending pak file info (ChunkID:-1 Root:root:/ File:C:/Program Files (x86)/Vper/UE/UE_4.27/FeaturePacks/TP_SideScroller.upack)
[2023.07.08-02.40.52:215][  0]LogPakFile: OnPakFileMounted2Time == 0.000110
[2023.07.08-02.40.52:219][  0]LogPakFile: PakFile PrimaryIndexSize=190
[2023.07.08-02.40.52:219][  0]LogPakFile: PakFile PathHashIndexSize=101
[2023.07.08-02.40.52:219][  0]LogPakFile: PakFile FullDirectoryIndexSize=154
[2023.07.08-02.40.52:219][  0]LogShaderLibrary: Display: ShaderCodeLibraryPakFileMountedCallback: PakFile 'C:/Program Files (x86)/Vper/UE/UE_4.27/FeaturePacks/TP_SideScrollerBP.upack' (chunk index -1, root 'root:/') mounted
[2023.07.08-02.40.52:219][  0]LogShaderLibrary: Display: ShaderCodeLibraryPakFileMountedCallback: pending pak file info (ChunkID:-1 Root:root:/ File:C:/Program Files (x86)/Vper/UE/UE_4.27/FeaturePacks/TP_SideScrollerBP.upack)
[2023.07.08-02.40.52:219][  0]LogPakFile: OnPakFileMounted2Time == 0.000080
[2023.07.08-02.40.52:222][  0]LogPakFile: PakFile PrimaryIndexSize=187
[2023.07.08-02.40.52:222][  0]LogPakFile: PakFile PathHashIndexSize=101
[2023.07.08-02.40.52:222][  0]LogPakFile: PakFile FullDirectoryIndexSize=148
[2023.07.08-02.40.52:222][  0]LogShaderLibrary: Display: ShaderCodeLibraryPakFileMountedCallback: PakFile 'C:/Program Files (x86)/Vper/UE/UE_4.27/FeaturePacks/TP_ThirdPerson.upack' (chunk index -1, root 'root:/') mounted
[2023.07.08-02.40.52:222][  0]LogShaderLibrary: Display: ShaderCodeLibraryPakFileMountedCallback: pending pak file info (ChunkID:-1 Root:root:/ File:C:/Program Files (x86)/Vper/UE/UE_4.27/FeaturePacks/TP_ThirdPerson.upack)
[2023.07.08-02.40.52:222][  0]LogPakFile: OnPakFileMounted2Time == 0.000081
[2023.07.08-02.40.52:225][  0]LogPakFile: PakFile PrimaryIndexSize=189
[2023.07.08-02.40.52:225][  0]LogPakFile: PakFile PathHashIndexSize=101
[2023.07.08-02.40.52:225][  0]LogPakFile: PakFile FullDirectoryIndexSize=152
[2023.07.08-02.40.52:225][  0]LogShaderLibrary: Display: ShaderCodeLibraryPakFileMountedCallback: PakFile 'C:/Program Files (x86)/Vper/UE/UE_4.27/FeaturePacks/TP_ThirdPersonBP.upack' (chunk index -1, root 'root:/') mounted
[2023.07.08-02.40.52:225][  0]LogShaderLibrary: Display: ShaderCodeLibraryPakFileMountedCallback: pending pak file info (ChunkID:-1 Root:root:/ File:C:/Program Files (x86)/Vper/UE/UE_4.27/FeaturePacks/TP_ThirdPersonBP.upack)
[2023.07.08-02.40.52:226][  0]LogPakFile: OnPakFileMounted2Time == 0.000095
[2023.07.08-02.40.52:229][  0]LogPakFile: PakFile PrimaryIndexSize=183
[2023.07.08-02.40.52:229][  0]LogPakFile: PakFile PathHashIndexSize=101
[2023.07.08-02.40.52:229][  0]LogPakFile: PakFile FullDirectoryIndexSize=140
[2023.07.08-02.40.52:229][  0]LogShaderLibrary: Display: ShaderCodeLibraryPakFileMountedCallback: PakFile 'C:/Program Files (x86)/Vper/UE/UE_4.27/FeaturePacks/TP_TopDown.upack' (chunk index -1, root 'root:/') mounted
[2023.07.08-02.40.52:229][  0]LogShaderLibrary: Display: ShaderCodeLibraryPakFileMountedCallback: pending pak file info (ChunkID:-1 Root:root:/ File:C:/Program Files (x86)/Vper/UE/UE_4.27/FeaturePacks/TP_TopDown.upack)
[2023.07.08-02.40.52:229][  0]LogPakFile: OnPakFileMounted2Time == 0.000117
[2023.07.08-02.40.52:232][  0]LogPakFile: PakFile PrimaryIndexSize=185
[2023.07.08-02.40.52:232][  0]LogPakFile: PakFile PathHashIndexSize=101
[2023.07.08-02.40.52:232][  0]LogPakFile: PakFile FullDirectoryIndexSize=144
[2023.07.08-02.40.52:232][  0]LogShaderLibrary: Display: ShaderCodeLibraryPakFileMountedCallback: PakFile 'C:/Program Files (x86)/Vper/UE/UE_4.27/FeaturePacks/TP_TopDownBP.upack' (chunk index -1, root 'root:/') mounted
[2023.07.08-02.40.52:233][  0]LogShaderLibrary: Display: ShaderCodeLibraryPakFileMountedCallback: pending pak file info (ChunkID:-1 Root:root:/ File:C:/Program Files (x86)/Vper/UE/UE_4.27/FeaturePacks/TP_TopDownBP.upack)
[2023.07.08-02.40.52:233][  0]LogPakFile: OnPakFileMounted2Time == 0.000105
[2023.07.08-02.40.52:238][  0]LogPakFile: PakFile PrimaryIndexSize=185
[2023.07.08-02.40.52:238][  0]LogPakFile: PakFile PathHashIndexSize=101
[2023.07.08-02.40.52:238][  0]LogPakFile: PakFile FullDirectoryIndexSize=144
[2023.07.08-02.40.52:238][  0]LogShaderLibrary: Display: ShaderCodeLibraryPakFileMountedCallback: PakFile 'C:/Program Files (x86)/Vper/UE/UE_4.27/FeaturePacks/TP_TwinStick.upack' (chunk index -1, root 'root:/') mounted
[2023.07.08-02.40.52:238][  0]LogShaderLibrary: Display: ShaderCodeLibraryPakFileMountedCallback: pending pak file info (ChunkID:-1 Root:root:/ File:C:/Program Files (x86)/Vper/UE/UE_4.27/FeaturePacks/TP_TwinStick.upack)
[2023.07.08-02.40.52:238][  0]LogPakFile: OnPakFileMounted2Time == 0.000109
[2023.07.08-02.40.52:241][  0]LogPakFile: PakFile PrimaryIndexSize=187
[2023.07.08-02.40.52:241][  0]LogPakFile: PakFile PathHashIndexSize=101
[2023.07.08-02.40.52:241][  0]LogPakFile: PakFile FullDirectoryIndexSize=148
[2023.07.08-02.40.52:242][  0]LogShaderLibrary: Display: ShaderCodeLibraryPakFileMountedCallback: PakFile 'C:/Program Files (x86)/Vper/UE/UE_4.27/FeaturePacks/TP_TwinStickBP.upack' (chunk index -1, root 'root:/') mounted
[2023.07.08-02.40.52:242][  0]LogShaderLibrary: Display: ShaderCodeLibraryPakFileMountedCallback: pending pak file info (ChunkID:-1 Root:root:/ File:C:/Program Files (x86)/Vper/UE/UE_4.27/FeaturePacks/TP_TwinStickBP.upack)
[2023.07.08-02.40.52:242][  0]LogPakFile: OnPakFileMounted2Time == 0.000121
[2023.07.08-02.40.52:245][  0]LogPakFile: PakFile PrimaryIndexSize=183
[2023.07.08-02.40.52:245][  0]LogPakFile: PakFile PathHashIndexSize=101
[2023.07.08-02.40.52:245][  0]LogPakFile: PakFile FullDirectoryIndexSize=140
[2023.07.08-02.40.52:245][  0]LogShaderLibrary: Display: ShaderCodeLibraryPakFileMountedCallback: PakFile 'C:/Program Files (x86)/Vper/UE/UE_4.27/FeaturePacks/TP_Vehicle.upack' (chunk index -1, root 'root:/') mounted
[2023.07.08-02.40.52:245][  0]LogShaderLibrary: Display: ShaderCodeLibraryPakFileMountedCallback: pending pak file info (ChunkID:-1 Root:root:/ File:C:/Program Files (x86)/Vper/UE/UE_4.27/FeaturePacks/TP_Vehicle.upack)
[2023.07.08-02.40.52:245][  0]LogPakFile: OnPakFileMounted2Time == 0.000096
[2023.07.08-02.40.52:248][  0]LogPakFile: PakFile PrimaryIndexSize=186
[2023.07.08-02.40.52:248][  0]LogPakFile: PakFile PathHashIndexSize=101
[2023.07.08-02.40.52:248][  0]LogPakFile: PakFile FullDirectoryIndexSize=146
[2023.07.08-02.40.52:248][  0]LogShaderLibrary: Display: ShaderCodeLibraryPakFileMountedCallback: PakFile 'C:/Program Files (x86)/Vper/UE/UE_4.27/FeaturePacks/TP_VehicleAdv.upack' (chunk index -1, root 'root:/') mounted
[2023.07.08-02.40.52:248][  0]LogShaderLibrary: Display: ShaderCodeLibraryPakFileMountedCallback: pending pak file info (ChunkID:-1 Root:root:/ File:C:/Program Files (x86)/Vper/UE/UE_4.27/FeaturePacks/TP_VehicleAdv.upack)
[2023.07.08-02.40.52:248][  0]LogPakFile: OnPakFileMounted2Time == 0.000083
[2023.07.08-02.40.52:251][  0]LogPakFile: PakFile PrimaryIndexSize=188
[2023.07.08-02.40.52:251][  0]LogPakFile: PakFile PathHashIndexSize=101
[2023.07.08-02.40.52:251][  0]LogPakFile: PakFile FullDirectoryIndexSize=150
[2023.07.08-02.40.52:251][  0]LogShaderLibrary: Display: ShaderCodeLibraryPakFileMountedCallback: PakFile 'C:/Program Files (x86)/Vper/UE/UE_4.27/FeaturePacks/TP_VehicleAdvBP.upack' (chunk index -1, root 'root:/') mounted
[2023.07.08-02.40.52:251][  0]LogShaderLibrary: Display: ShaderCodeLibraryPakFileMountedCallback: pending pak file info (ChunkID:-1 Root:root:/ File:C:/Program Files (x86)/Vper/UE/UE_4.27/FeaturePacks/TP_VehicleAdvBP.upack)
[2023.07.08-02.40.52:252][  0]LogPakFile: OnPakFileMounted2Time == 0.000102
[2023.07.08-02.40.52:255][  0]LogPakFile: PakFile PrimaryIndexSize=185
[2023.07.08-02.40.52:255][  0]LogPakFile: PakFile PathHashIndexSize=101
[2023.07.08-02.40.52:255][  0]LogPakFile: PakFile FullDirectoryIndexSize=144
[2023.07.08-02.40.52:255][  0]LogShaderLibrary: Display: ShaderCodeLibraryPakFileMountedCallback: PakFile 'C:/Program Files (x86)/Vper/UE/UE_4.27/FeaturePacks/TP_VehicleBP.upack' (chunk index -1, root 'root:/') mounted
[2023.07.08-02.40.52:255][  0]LogShaderLibrary: Display: ShaderCodeLibraryPakFileMountedCallback: pending pak file info (ChunkID:-1 Root:root:/ File:C:/Program Files (x86)/Vper/UE/UE_4.27/FeaturePacks/TP_VehicleBP.upack)
[2023.07.08-02.40.52:255][  0]LogPakFile: OnPakFileMounted2Time == 0.000088
[2023.07.08-02.40.52:258][  0]LogPakFile: PakFile PrimaryIndexSize=192
[2023.07.08-02.40.52:258][  0]LogPakFile: PakFile PathHashIndexSize=101
[2023.07.08-02.40.52:258][  0]LogPakFile: PakFile FullDirectoryIndexSize=158
[2023.07.08-02.40.52:258][  0]LogShaderLibrary: Display: ShaderCodeLibraryPakFileMountedCallback: PakFile 'C:/Program Files (x86)/Vper/UE/UE_4.27/FeaturePacks/TP_VirtualRealityBP.upack' (chunk index -1, root 'root:/') mounted
[2023.07.08-02.40.52:258][  0]LogShaderLibrary: Display: ShaderCodeLibraryPakFileMountedCallback: pending pak file info (ChunkID:-1 Root:root:/ File:C:/Program Files (x86)/Vper/UE/UE_4.27/FeaturePacks/TP_VirtualRealityBP.upack)
[2023.07.08-02.40.52:258][  0]LogPakFile: OnPakFileMounted2Time == 0.000098
[2023.07.08-02.40.52:407][  0]LogNativeClassHierarchy: Verbose: Native class hierarchy updated for 'AddContentDialog' in 0.0002 seconds. Added 0 classes and 0 folders.
[2023.07.08-02.40.52:409][  0]LogNativeClassHierarchy: Verbose: Native class hierarchy updated for 'SceneOutliner' in 0.0001 seconds. Added 2 classes and 0 folders.
[2023.07.08-02.40.52:637][  0]LogSlate: Only BGRA pngs, bmps or icos are supported in by External Image Picker
[2023.07.08-02.40.52:695][  0]LogSlate: Took 0.003127 seconds to synchronously load lazily loaded font '../../../Engine/Content/Slate/Fonts/Roboto-Regular.ttf' (155K)
[2023.07.08-02.40.52:698][  0]LogSlate: Took 0.003056 seconds to synchronously load lazily loaded font '../../../Engine/Content/Editor/Slate/Fonts/FontAwesome.ttf' (139K)
[2023.07.08-02.40.52:702][  0]LogSlate: Took 0.002486 seconds to synchronously load lazily loaded font '../../../Engine/Content/Slate/Fonts/Roboto-Bold.ttf' (160K)
[2023.07.08-02.40.52:779][  0]LogRenderer: Reallocating scene render targets to support 1208x568 Format 10 NumSamples 1 (Frame:1).
[2023.07.08-02.40.52:812][  0]LogSlate: Took 0.002761 seconds to synchronously load lazily loaded font '../../../Engine/Content/Slate/Fonts/Roboto-Light.ttf' (167K)
[2023.07.08-02.40.52:862][  0]LogNativeClassHierarchy: Verbose: Native class hierarchy updated for 'HierarchicalLODOutliner' in 0.0002 seconds. Added 0 classes and 0 folders.
[2023.07.08-02.40.52:862][  0]LogLoad: (Engine Initialization) Total time: 11.42 seconds
[2023.07.08-02.40.52:862][  0]LogLoad: (Engine Initialization) Total Blueprint compile time: 0.00 seconds
[2023.07.08-02.40.52:951][  0]LogAssetRegistry: Asset discovery search completed in 5.5412 seconds
[2023.07.08-02.40.52:965][  0]LogCollectionManager: Fixed up redirectors for 0 collections in 0.000002 seconds (updated 0 objects)
[2023.07.08-02.40.52:968][  0]LogContentStreaming: Texture pool size now 1000 MB
[2023.07.08-02.40.58:842][671]LogTemp: Repeating last play command: Selected Viewport
[2023.07.08-02.40.58:845][671]LogPlayLevel: PlayLevel: No blueprints needed recompiling
[2023.07.08-02.40.58:852][671]PIE: New page: PIE session: TestLevel (2023年7月8日 下午6:40:58)
[2023.07.08-02.40.58:853][671]LogOnline: OSS: Creating online subsystem instance for: NULL
[2023.07.08-02.40.58:855][671]LogOnline: OSS: TryLoadSubsystemAndSetDefault: Loaded subsystem for module [NULL]
[2023.07.08-02.40.58:855][671]LogPlayLevel: Creating play world package: /Game/ActionRoguelike/Maps/UEDPIE_0_TestLevel
[2023.07.08-02.40.58:857][671]LogPlayLevel: PIE: StaticDuplicateObject took: (0.001673s)
[2023.07.08-02.40.58:857][671]LogAIModule: Creating AISystem for world TestLevel
[2023.07.08-02.40.58:857][671]LogPlayLevel: PIE: World Init took: (0.000728s)
[2023.07.08-02.40.58:857][671]LogPlayLevel: PIE: Created PIE world by copying editor world from /Game/ActionRoguelike/Maps/TestLevel.TestLevel to /Game/ActionRoguelike/Maps/UEDPIE_0_TestLevel.TestLevel (0.002744s)
[2023.07.08-02.40.58:861][671]LogUObjectHash: Compacting FUObjectHashTables data took   0.36ms
[2023.07.08-02.40.58:861][671]LogAudio: Display: Creating Audio Device:                 Id: 2, Scope: Unique, Realtime: True
[2023.07.08-02.40.58:861][671]LogAudioMixer: Display: Audio Mixer Platform Settings:
[2023.07.08-02.40.58:862][671]LogAudioMixer: Display: 	Sample Rate:						  48000
[2023.07.08-02.40.58:862][671]LogAudioMixer: Display: 	Callback Buffer Frame Size Requested: 1024
[2023.07.08-02.40.58:862][671]LogAudioMixer: Display: 	Callback Buffer Frame Size To Use:	  1024
[2023.07.08-02.40.58:862][671]LogAudioMixer: Display: 	Number of buffers to queue:			  2
[2023.07.08-02.40.58:862][671]LogAudioMixer: Display: 	Max Channels (voices):				  32
[2023.07.08-02.40.58:862][671]LogAudioMixer: Display: 	Number of Async Source Workers:		  0
[2023.07.08-02.40.58:862][671]LogAudio: Display: AudioDevice MaxSources: 32
[2023.07.08-02.40.58:862][671]LogAudio: Display: Audio Spatialization Plugin: None (built-in).
[2023.07.08-02.40.58:862][671]LogAudio: Display: Audio Reverb Plugin: None (built-in).
[2023.07.08-02.40.58:862][671]LogAudio: Display: Audio Occlusion Plugin: None (built-in).
[2023.07.08-02.40.58:862][671]LogAudioMixer: Display: Initializing audio mixer.
[2023.07.08-02.40.58:864][671]LogAudioMixer: Display: 0: FrontLeft
[2023.07.08-02.40.58:864][671]LogAudioMixer: Display: 1: FrontRight
[2023.07.08-02.40.58:872][671]LogAudioMixer: Display: Using Audio Device 扬声器 (Realtek(R) Audio)
[2023.07.08-02.40.58:872][671]LogAudioMixer: Display: Initializing Sound Submixes...
[2023.07.08-02.40.58:872][671]LogAudioMixer: Display: Creating Master Submix 'MasterSubmixDefault'
[2023.07.08-02.40.58:872][671]LogAudioMixer: Display: Creating Master Submix 'MasterReverbSubmixDefault'
[2023.07.08-02.40.58:873][671]LogAudioMixer: Display: Creating Master Submix 'MasterEQSubmixDefault'
[2023.07.08-02.40.58:873][671]LogAudioMixer: FMixerPlatformXAudio2::StartAudioStream() called
[2023.07.08-02.40.58:873][671]LogAudioMixer: Display: Output buffers initialized: Frames=1024, Channels=2, Samples=2048
[2023.07.08-02.40.58:874][671]LogAudioMixer: Display: Starting AudioMixerPlatformInterface::RunInternal()
[2023.07.08-02.40.58:874][671]LogAudioMixer: Display: FMixerPlatformXAudio2::SubmitBuffer() called for the first time
[2023.07.08-02.40.58:874][671]LogInit: FAudioDevice initialized.
[2023.07.08-02.40.58:874][671]LogAudio: Display: Audio Device (ID: 2) registered with world 'TestLevel'.
[2023.07.08-02.40.58:880][671]LogLoad: Game class is 'GameModeBase'
[2023.07.08-02.40.58:883][671]LogWorld: Bringing World /Game/ActionRoguelike/Maps/UEDPIE_0_TestLevel.TestLevel up for play (max tick rate 0) at 2023.07.08-10.40.58
[2023.07.08-02.40.58:883][671]LogWorld: Bringing up level for play took: 0.002005
[2023.07.08-02.40.58:883][671]LogOnline: OSS: Creating online subsystem instance for: :Context_3
[2023.07.08-02.40.58:887][671]LogNativeClassHierarchy: Verbose: Native class hierarchy updated for 'MovieSceneCapture' in 0.0002 seconds. Added 20 classes and 0 folders.
[2023.07.08-02.40.58:887][671]PIE: Server logged in
[2023.07.08-02.40.58:888][671]PIE: Play in editor total start time 0.043 seconds.
[2023.07.08-02.41.14:550][534]LogSlate: Updating window title bar state: overlay mode, drag disabled, window buttons hidden, title bar hidden
[2023.07.08-02.41.14:551][534]LogWorld: BeginTearingDown for /Game/ActionRoguelike/Maps/UEDPIE_0_TestLevel
[2023.07.08-02.41.14:552][534]LogWorld: UWorld::CleanupWorld for TestLevel, bSessionEnded=true, bCleanupResources=true
[2023.07.08-02.41.14:553][534]LogSlate: InvalidateAllWidgets triggered.  All widgets were invalidated
[2023.07.08-02.41.14:565][534]LogPlayLevel: Display: Shutting down PIE online subsystems
[2023.07.08-02.41.14:566][534]LogSlate: InvalidateAllWidgets triggered.  All widgets were invalidated
[2023.07.08-02.41.14:572][534]LogAudio: Display: Audio Device unregistered from world 'None'.
[2023.07.08-02.41.14:572][534]LogAudioMixer: FMixerPlatformXAudio2::StopAudioStream() called
[2023.07.08-02.41.14:573][534]LogAudioMixer: FMixerPlatformXAudio2::StopAudioStream() called
[2023.07.08-02.41.14:575][534]LogSlate: Updating window title bar state: overlay mode, drag disabled, window buttons hidden, title bar hidden
[2023.07.08-02.41.14:577][534]LogUObjectHash: Compacting FUObjectHashTables data took   0.36ms
[2023.07.08-02.41.14:612][537]LogPlayLevel: Display: Destroying online subsystem :Context_3
