Log file open, 07/12/23 03:42:17
LogWindows: Failed to load 'aqProf.dll' (GetLastError=126)
LogWindows: File 'aqProf.dll' does not exist
LogWindows: Failed to load 'VtuneApi.dll' (GetLastError=126)
LogWindows: File 'VtuneApi.dll' does not exist
LogWindows: Failed to load 'VtuneApi32e.dll' (GetLastError=126)
LogWindows: File 'VtuneApi32e.dll' does not exist
LogConsoleResponse: Display: Failed to find resolution value strings in scalability ini. Falling back to default.
LogConsoleResponse: Display: Failed to find resolution value strings in scalability ini. Falling back to default.
LogInit: Display: Running engine for game: ActionRoguelike
LogPlatformFile: Not using cached read wrapper
LogTaskGraph: Started task graph with 5 named threads and 59 total threads with 3 sets of task threads.
LogStats: Stats thread started at 0.262340
LogICUInternationalization: ICU TimeZone Detection - Raw Offset: +8:00, Platform Override: ''
LogInit: Display: Loading text-based GConfig....
LogPluginManager: Mounting plugin MeshPainting
LogPluginManager: Mounting plugin XGEController
LogPluginManager: Mounting plugin Paper2D
LogPluginManager: Mounting plugin EnvironmentQueryEditor
LogPluginManager: Mounting plugin AISupport
LogPluginManager: Mounting plugin CameraShakePreviewer
LogPluginManager: Mounting plugin GameplayCameras
LogPluginManager: Mounting plugin LightPropagationVolume
LogPluginManager: Mounting plugin CodeLiteSourceCodeAccess
LogPluginManager: Mounting plugin CLionSourceCodeAccess
LogPluginManager: Mounting plugin LiveLink
LogPluginManager: Mounting plugin AnimationSharing
LogPluginManager: Mounting plugin KDevelopSourceCodeAccess
LogPluginManager: Mounting plugin NullSourceCodeAccess
LogPluginManager: Mounting plugin PerforceSourceControl
LogPluginManager: Mounting plugin GitSourceControl
LogPluginManager: Mounting plugin PluginUtils
LogPluginManager: Mounting plugin RiderSourceCodeAccess
LogPluginManager: Mounting plugin SubversionSourceControl
LogPluginManager: Mounting plugin PlasticSourceControl
LogPluginManager: Mounting plugin PropertyAccessNode
LogPluginManager: Mounting plugin TextureFormatOodle
LogPluginManager: Mounting plugin PixWinPlugin
LogPluginManager: Mounting plugin VisualStudioSourceCodeAccess
LogPluginManager: Mounting plugin VisualStudioCodeSourceCodeAccess
LogPluginManager: Mounting plugin XCodeSourceCodeAccess
LogPluginManager: Mounting plugin CryptoKeys
LogPluginManager: Mounting plugin UObjectPlugin
LogPluginManager: Mounting plugin AssetManagerEditor
LogPluginManager: Mounting plugin GameplayTagsEditor
LogPluginManager: Mounting plugin FacialAnimation
LogPluginManager: Mounting plugin DataValidation
LogPluginManager: Mounting plugin GeometryMode
LogPluginManager: Mounting plugin CurveEditorTools
LogPluginManager: Mounting plugin MaterialAnalyzer
LogPluginManager: Mounting plugin MacGraphicsSwitching
LogPluginManager: Mounting plugin MobileLauncherProfileWizard
LogPluginManager: Mounting plugin SpeedTreeImporter
LogPluginManager: Mounting plugin PluginBrowser
LogPluginManager: Mounting plugin DatasmithContent
LogPluginManager: Mounting plugin OodleData
LogPluginManager: Mounting plugin AlembicImporter
LogPluginManager: Mounting plugin OodleNetwork
LogPluginManager: Mounting plugin Niagara
LogPluginManager: Mounting plugin AutomationUtils
LogPluginManager: Mounting plugin BackChannel
LogPluginManager: Mounting plugin VariantManagerContent
LogPluginManager: Mounting plugin ChaosClothEditor
LogPluginManager: Mounting plugin CharacterAI
LogPluginManager: Mounting plugin ChaosEditor
LogPluginManager: Mounting plugin ChaosNiagara
LogPluginManager: Mounting plugin ChaosSolverPlugin
LogPluginManager: Mounting plugin GeometryCache
LogPluginManager: Mounting plugin LuminPlatformFeatures
LogPluginManager: Mounting plugin GeometryCollectionPlugin
LogPluginManager: Mounting plugin MagicLeap
LogPluginManager: Mounting plugin ChaosCloth
LogPluginManager: Mounting plugin MagicLeapLightEstimation
LogPluginManager: Mounting plugin MagicLeapPassableWorld
LogPluginManager: Mounting plugin MLSDK
LogPluginManager: Mounting plugin MagicLeapMedia
LogPluginManager: Mounting plugin GeometryProcessing
LogPluginManager: Mounting plugin OpenImageDenoise
LogPluginManager: Mounting plugin MotoSynth
LogPluginManager: Mounting plugin PlanarCut
LogPluginManager: Mounting plugin PythonScriptPlugin
LogPluginManager: Mounting plugin PlatformCrypto
LogPluginManager: Mounting plugin ProxyLODPlugin
LogPluginManager: Mounting plugin SkeletalReduction
LogPluginManager: Mounting plugin AndroidMedia
LogPluginManager: Mounting plugin AvfMedia
LogPluginManager: Mounting plugin ImgMedia
LogPluginManager: Mounting plugin MediaCompositing
LogPluginManager: Mounting plugin MediaPlayerEditor
LogPluginManager: Mounting plugin WebMMedia
LogPluginManager: Mounting plugin WmfMedia
LogPluginManager: Mounting plugin UdpMessaging
LogPluginManager: Mounting plugin TcpMessaging
LogPluginManager: Mounting plugin OnlineSubsystem
LogPluginManager: Mounting plugin OnlineSubsystemNull
LogPluginManager: Mounting plugin OnlineSubsystemUtils
LogPluginManager: Mounting plugin LauncherChunkInstaller
LogPluginManager: Mounting plugin ActorLayerUtilities
LogPluginManager: Mounting plugin AndroidDeviceProfileSelector
LogPluginManager: Mounting plugin AndroidMoviePlayer
LogPluginManager: Mounting plugin AndroidPermission
LogPluginManager: Mounting plugin AppleMoviePlayer
LogPluginManager: Mounting plugin AssetTags
LogPluginManager: Mounting plugin AppleImageUtils
LogPluginManager: Mounting plugin ArchVisCharacter
LogPluginManager: Mounting plugin AudioCapture
LogPluginManager: Mounting plugin CableComponent
LogPluginManager: Mounting plugin ChunkDownloader
LogPluginManager: Mounting plugin AudioSynesthesia
LogPluginManager: Mounting plugin EditableMesh
LogPluginManager: Mounting plugin CustomMeshComponent
LogPluginManager: Mounting plugin ExampleDeviceProfileSelector
LogPluginManager: Mounting plugin GooglePAD
LogPluginManager: Mounting plugin GoogleCloudMessaging
LogPluginManager: Mounting plugin ScreenshotTools
LogPluginManager: Mounting plugin LinuxDeviceProfileSelector
LogPluginManager: Mounting plugin IOSDeviceProfileSelector
LogPluginManager: Mounting plugin LocationServicesBPLibrary
LogPluginManager: Mounting plugin OpenXREyeTracker
LogPluginManager: Mounting plugin OpenXR
LogPluginManager: Mounting plugin OpenXRHandTracking
LogPluginManager: Mounting plugin ActorSequence
LogPluginManager: Mounting plugin PhysXVehicles
LogPluginManager: Mounting plugin Takes
LogPluginManager: Mounting plugin MatineeToLevelSequence
LogPluginManager: Mounting plugin ProceduralMeshComponent
LogPluginManager: Mounting plugin PostSplashScreen
LogPluginManager: Mounting plugin PropertyAccessEditor
LogPluginManager: Mounting plugin SignificanceManager
LogPluginManager: Mounting plugin TemplateSequence
LogPluginManager: Mounting plugin RuntimePhysXCooking
LogPluginManager: Mounting plugin SoundFields
LogPluginManager: Mounting plugin WebMMoviePlayer
LogPluginManager: Mounting plugin Synthesis
LogPluginManager: Mounting plugin WindowsMoviePlayer
LogPluginManager: Mounting plugin LevelSequenceEditor
LogPluginManager: Mounting plugin MobilePatchingUtils
LogPluginManager: Mounting plugin ContentBrowserAssetDataSource
LogPluginManager: Mounting plugin ContentBrowserClassDataSource
LogPluginManager: Mounting plugin ContentBrowserFileDataSource
LogPluginManager: Mounting plugin OnlineSubsystemIOS
LogPluginManager: Mounting plugin OnlineSubsystemGooglePlay
LogPluginManager: Mounting plugin OculusVR
LogPluginManager: Mounting plugin SteamVR
PixWinPlugin: PIX capture plugin failed to initialize! Check that the process is launched from PIX.
LogInit: Using libcurl 7.55.1-DEV
LogInit:  - built for x86_64-pc-win32
LogInit:  - supports SSL with OpenSSL/1.1.1
LogInit:  - supports HTTP deflate (compression) using libz 1.2.8
LogInit:  - other features:
LogInit:      CURL_VERSION_SSL
LogInit:      CURL_VERSION_LIBZ
LogInit:      CURL_VERSION_IPV6
LogInit:      CURL_VERSION_ASYNCHDNS
LogInit:      CURL_VERSION_LARGEFILE
LogInit:      CURL_VERSION_IDN
LogInit:  CurlRequestOptions (configurable via config and command line):
LogInit:  - bVerifyPeer = true  - Libcurl will verify peer certificate
LogInit:  - bUseHttpProxy = false  - Libcurl will NOT use HTTP proxy
LogInit:  - bDontReuseConnections = false  - Libcurl will reuse connections
LogInit:  - MaxHostConnections = 16  - Libcurl will limit the number of connections to a host
LogInit:  - LocalHostAddr = Default
LogInit:  - BufferSize = 65536
LogOnline: OSS: Creating online subsystem instance for: NULL
LogInit: WinSock: version 1.1 (2.2), MaxSocks=32767, MaxUdp=65467
LogOnline: OSS: TryLoadSubsystemAndSetDefault: Loaded subsystem for module [NULL]
LogOculusPluginWrapper: OculusPlugin initialized successfully
LogHMD: Failed initializing OVRPlugin 1.59.0
LogInit: Build: ++UE4+Release-4.27-CL-18319896
LogInit: Engine Version: 4.27.2-18319896+++UE4+Release-4.27
LogInit: Compatible Engine Version: 4.27.0-17155196+++UE4+Release-4.27
LogInit: Net CL: 17155196
LogInit: OS: Windows 10 (Release 2009) (), CPU: 13th Gen Intel(R) Core(TM) i5-13600KF, GPU: NVIDIA GeForce RTX 3060 Ti
LogInit: Compiled (64-bit): Nov 30 2021 07:12:08
LogInit: Compiled with Visual C++: 19.24.28315.00
LogInit: Build Configuration: Development
LogInit: Branch Name: ++UE4+Release-4.27
LogInit: Command Line:  -skipcompile
LogInit: Base Directory: C:/Program Files (x86)/Vper/UE/UE_4.27/Engine/Binaries/Win64/
LogInit: Allocator: TBB
LogInit: Installed Engine Build: 1
LogDevObjectVersion: Number of dev versions registered: 29
LogDevObjectVersion:   Dev-Blueprints (B0D832E4-1F89-4F0D-ACCF-7EB736FD4AA2): 10
LogDevObjectVersion:   Dev-Build (E1C64328-A22C-4D53-A36C-8E866417BD8C): 0
LogDevObjectVersion:   Dev-Core (375EC13C-06E4-48FB-B500-84F0262A717E): 4
LogDevObjectVersion:   Dev-Editor (E4B068ED-F494-42E9-A231-DA0B2E46BB41): 40
LogDevObjectVersion:   Dev-Framework (CFFC743F-43B0-4480-9391-14DF171D2073): 37
LogDevObjectVersion:   Dev-Mobile (B02B49B5-BB20-44E9-A304-32B752E40360): 3
LogDevObjectVersion:   Dev-Networking (A4E4105C-59A1-49B5-A7C5-40C4547EDFEE): 0
LogDevObjectVersion:   Dev-Online (39C831C9-5AE6-47DC-9A44-9C173E1C8E7C): 0
LogDevObjectVersion:   Dev-Physics (78F01B33-EBEA-4F98-B9B4-84EACCB95AA2): 14
LogDevObjectVersion:   Dev-Platform (6631380F-2D4D-43E0-8009-CF276956A95A): 0
LogDevObjectVersion:   Dev-Rendering (12F88B9F-8875-4AFC-A67C-D90C383ABD29): 45
LogDevObjectVersion:   Dev-Sequencer (7B5AE74C-D270-4C10-A958-57980B212A5A): 13
LogDevObjectVersion:   Dev-VR (D7296918-1DD6-4BDD-9DE2-64A83CC13884): 3
LogDevObjectVersion:   Dev-LoadTimes (C2A15278-BFE7-4AFE-6C17-90FF531DF755): 1
LogDevObjectVersion:   Private-Geometry (6EACA3D4-40EC-4CC1-B786-8BED09428FC5): 3
LogDevObjectVersion:   Dev-AnimPhys (29E575DD-E0A3-4627-9D10-D276232CDCEA): 17
LogDevObjectVersion:   Dev-Anim (AF43A65D-7FD3-4947-9873-3E8ED9C1BB05): 15
LogDevObjectVersion:   Dev-ReflectionCapture (6B266CEC-1EC7-4B8F-A30B-E4D90942FC07): 1
LogDevObjectVersion:   Dev-Automation (0DF73D61-A23F-47EA-B727-89E90C41499A): 1
LogDevObjectVersion:   FortniteMain (601D1886-AC64-4F84-AA16-D3DE0DEAC7D6): 47
LogDevObjectVersion:   FortniteRelease (E7086368-6B23-4C58-8439-1B7016265E91): 1
LogDevObjectVersion:   Dev-Enterprise (9DFFBCD6-494F-0158-E221-12823C92A888): 10
LogDevObjectVersion:   Dev-Niagara (F2AED0AC-9AFE-416F-8664-AA7FFA26D6FC): 1
LogDevObjectVersion:   Dev-Destruction (174F1F0B-B4C6-45A5-B13F-2EE8D0FB917D): 10
LogDevObjectVersion:   Dev-Physics-Ext (35F94A83-E258-406C-A318-09F59610247C): 41
LogDevObjectVersion:   Dev-PhysicsMaterial-Chaos (B68FC16E-8B1B-42E2-B453-215C058844FE): 1
LogDevObjectVersion:   Dev-CineCamera (B2E18506-4273-CFC2-A54E-F4BB758BBA07): 1
LogDevObjectVersion:   Dev-VirtualProduction (64F58936-FD1B-42BA-BA96-7289D5D0FA4E): 1
LogDevObjectVersion:   Dev-MediaFramework (6F0ED827-A609-4895-9C91-998D90180EA4): 2
LogInit: Presizing for max 25165824 objects, including 0 objects not considered by GC, pre-allocating 0 bytes for permanent pool.
LogConfig: Applying CVar settings from Section [/Script/Engine.StreamingSettings] File [C:/VperData/GitHub/ActionRoguelike/ActionRoguelike/Saved/Config/Windows/Engine.ini]
LogConfig: Setting CVar [[s.MinBulkDataSizeForAsyncLoading:131072]]
LogConfig: Setting CVar [[s.AsyncLoadingThreadEnabled:0]]
LogConfig: Setting CVar [[s.EventDrivenLoaderEnabled:1]]
LogConfig: Setting CVar [[s.WarnIfTimeLimitExceeded:0]]
LogConfig: Setting CVar [[s.TimeLimitExceededMultiplier:1.5]]
LogConfig: Setting CVar [[s.TimeLimitExceededMinTime:0.005]]
LogConfig: Setting CVar [[s.UseBackgroundLevelStreaming:1]]
LogConfig: Setting CVar [[s.PriorityAsyncLoadingExtraTime:15.0]]
LogConfig: Setting CVar [[s.LevelStreamingActorsUpdateTimeLimit:5.0]]
LogConfig: Setting CVar [[s.PriorityLevelStreamingActorsUpdateExtraTime:5.0]]
LogConfig: Setting CVar [[s.LevelStreamingComponentsRegistrationGranularity:10]]
LogConfig: Setting CVar [[s.UnregisterComponentsTimeLimit:1.0]]
LogConfig: Setting CVar [[s.LevelStreamingComponentsUnregistrationGranularity:5]]
LogConfig: Setting CVar [[s.FlushStreamingOnExit:1]]
LogInit: Object subsystem initialized
LogConfig: Setting CVar [[con.DebugEarlyDefault:1]]
LogConfig: Setting CVar [[r.setres:1280x720]]
[2023.07.11-19.42.17:693][  0]LogConfig: Setting CVar [[r.VSync:0]]
[2023.07.11-19.42.17:693][  0]LogConfig: Setting CVar [[r.RHICmdBypass:0]]
[2023.07.11-19.42.17:693][  0]LogConfig: Applying CVar settings from Section [/Script/Engine.RendererSettings] File [C:/VperData/GitHub/ActionRoguelike/ActionRoguelike/Saved/Config/Windows/Engine.ini]
[2023.07.11-19.42.17:693][  0]LogConfig: Setting CVar [[r.GPUCrashDebugging:0]]
[2023.07.11-19.42.17:693][  0]LogConfig: Applying CVar settings from Section [/Script/Engine.RendererOverrideSettings] File [C:/VperData/GitHub/ActionRoguelike/ActionRoguelike/Saved/Config/Windows/Engine.ini]
[2023.07.11-19.42.17:693][  0]LogConfig: Applying CVar settings from Section [/Script/Engine.StreamingSettings] File [C:/VperData/GitHub/ActionRoguelike/ActionRoguelike/Saved/Config/Windows/Engine.ini]
[2023.07.11-19.42.17:693][  0]LogConfig: Setting CVar [[s.MinBulkDataSizeForAsyncLoading:131072]]
[2023.07.11-19.42.17:693][  0]LogConfig: Setting CVar [[s.AsyncLoadingThreadEnabled:0]]
[2023.07.11-19.42.17:693][  0]LogConfig: Setting CVar [[s.EventDrivenLoaderEnabled:1]]
[2023.07.11-19.42.17:693][  0]LogConfig: Setting CVar [[s.WarnIfTimeLimitExceeded:0]]
[2023.07.11-19.42.17:693][  0]LogConfig: Setting CVar [[s.TimeLimitExceededMultiplier:1.5]]
[2023.07.11-19.42.17:693][  0]LogConfig: Setting CVar [[s.TimeLimitExceededMinTime:0.005]]
[2023.07.11-19.42.17:693][  0]LogConfig: Setting CVar [[s.UseBackgroundLevelStreaming:1]]
[2023.07.11-19.42.17:693][  0]LogConfig: Setting CVar [[s.PriorityAsyncLoadingExtraTime:15.0]]
[2023.07.11-19.42.17:693][  0]LogConfig: Setting CVar [[s.LevelStreamingActorsUpdateTimeLimit:5.0]]
[2023.07.11-19.42.17:693][  0]LogConfig: Setting CVar [[s.PriorityLevelStreamingActorsUpdateExtraTime:5.0]]
[2023.07.11-19.42.17:693][  0]LogConfig: Setting CVar [[s.LevelStreamingComponentsRegistrationGranularity:10]]
[2023.07.11-19.42.17:693][  0]LogConfig: Setting CVar [[s.UnregisterComponentsTimeLimit:1.0]]
[2023.07.11-19.42.17:693][  0]LogConfig: Setting CVar [[s.LevelStreamingComponentsUnregistrationGranularity:5]]
[2023.07.11-19.42.17:693][  0]LogConfig: Setting CVar [[s.FlushStreamingOnExit:1]]
[2023.07.11-19.42.17:693][  0]LogConfig: Applying CVar settings from Section [/Script/Engine.GarbageCollectionSettings] File [C:/VperData/GitHub/ActionRoguelike/ActionRoguelike/Saved/Config/Windows/Engine.ini]
[2023.07.11-19.42.17:693][  0]LogConfig: Setting CVar [[gc.MaxObjectsNotConsideredByGC:1]]
[2023.07.11-19.42.17:694][  0]LogConfig: Setting CVar [[gc.SizeOfPermanentObjectPool:0]]
[2023.07.11-19.42.17:694][  0]LogConfig: Setting CVar [[gc.FlushStreamingOnGC:0]]
[2023.07.11-19.42.17:694][  0]LogConfig: Setting CVar [[gc.NumRetriesBeforeForcingGC:10]]
[2023.07.11-19.42.17:694][  0]LogConfig: Setting CVar [[gc.AllowParallelGC:1]]
[2023.07.11-19.42.17:694][  0]LogConfig: Setting CVar [[gc.TimeBetweenPurgingPendingKillObjects:61.1]]
[2023.07.11-19.42.17:694][  0]LogConfig: Setting CVar [[gc.MaxObjectsInEditor:25165824]]
[2023.07.11-19.42.17:694][  0]LogConfig: Setting CVar [[gc.IncrementalBeginDestroyEnabled:1]]
[2023.07.11-19.42.17:694][  0]LogConfig: Setting CVar [[gc.CreateGCClusters:1]]
[2023.07.11-19.42.17:694][  0]LogConfig: Setting CVar [[gc.MinGCClusterSize:5]]
[2023.07.11-19.42.17:694][  0]LogConfig: Setting CVar [[gc.ActorClusteringEnabled:0]]
[2023.07.11-19.42.17:694][  0]LogConfig: Setting CVar [[gc.BlueprintClusteringEnabled:0]]
[2023.07.11-19.42.17:694][  0]LogConfig: Setting CVar [[gc.UseDisregardForGCOnDedicatedServers:0]]
[2023.07.11-19.42.17:694][  0]LogConfig: Setting CVar [[gc.MultithreadedDestructionEnabled:1]]
[2023.07.11-19.42.17:694][  0]LogConfig: Applying CVar settings from Section [/Script/Engine.NetworkSettings] File [C:/VperData/GitHub/ActionRoguelike/ActionRoguelike/Saved/Config/Windows/Engine.ini]
[2023.07.11-19.42.17:694][  0]LogConfig: Applying CVar settings from Section [/Script/UnrealEd.CookerSettings] File [C:/VperData/GitHub/ActionRoguelike/ActionRoguelike/Saved/Config/Windows/Engine.ini]
[2023.07.11-19.42.17:698][  0]LogConfig: Applying CVar settings from Section [ViewDistanceQuality@3] File [C:/VperData/GitHub/ActionRoguelike/ActionRoguelike/Saved/Config/Windows/Scalability.ini]
[2023.07.11-19.42.17:698][  0]LogConfig: Setting CVar [[r.SkeletalMeshLODBias:0]]
[2023.07.11-19.42.17:698][  0]LogConfig: Setting CVar [[r.ViewDistanceScale:1.0]]
[2023.07.11-19.42.17:698][  0]LogConfig: Applying CVar settings from Section [AntiAliasingQuality@3] File [C:/VperData/GitHub/ActionRoguelike/ActionRoguelike/Saved/Config/Windows/Scalability.ini]
[2023.07.11-19.42.17:698][  0]LogConfig: Setting CVar [[r.PostProcessAAQuality:4]]
[2023.07.11-19.42.17:698][  0]LogConfig: Applying CVar settings from Section [ShadowQuality@3] File [C:/VperData/GitHub/ActionRoguelike/ActionRoguelike/Saved/Config/Windows/Scalability.ini]
[2023.07.11-19.42.17:698][  0]LogConfig: Setting CVar [[r.LightFunctionQuality:1]]
[2023.07.11-19.42.17:698][  0]LogConfig: Setting CVar [[r.ShadowQuality:5]]
[2023.07.11-19.42.17:698][  0]LogConfig: Setting CVar [[r.Shadow.CSM.MaxCascades:10]]
[2023.07.11-19.42.17:698][  0]LogConfig: Setting CVar [[r.Shadow.MaxResolution:2048]]
[2023.07.11-19.42.17:698][  0]LogConfig: Setting CVar [[r.Shadow.MaxCSMResolution:2048]]
[2023.07.11-19.42.17:698][  0]LogConfig: Setting CVar [[r.Shadow.RadiusThreshold:0.01]]
[2023.07.11-19.42.17:698][  0]LogConfig: Setting CVar [[r.Shadow.DistanceScale:1.0]]
[2023.07.11-19.42.17:698][  0]LogConfig: Setting CVar [[r.Shadow.CSM.TransitionScale:1.0]]
[2023.07.11-19.42.17:698][  0]LogConfig: Setting CVar [[r.Shadow.PreShadowResolutionFactor:1.0]]
[2023.07.11-19.42.17:698][  0]LogConfig: Setting CVar [[r.DistanceFieldShadowing:1]]
[2023.07.11-19.42.17:698][  0]LogConfig: Setting CVar [[r.DistanceFieldAO:1]]
[2023.07.11-19.42.17:698][  0]LogConfig: Setting CVar [[r.AOQuality:2]]
[2023.07.11-19.42.17:698][  0]LogConfig: Setting CVar [[r.VolumetricFog:1]]
[2023.07.11-19.42.17:698][  0]LogConfig: Setting CVar [[r.VolumetricFog.GridPixelSize:8]]
[2023.07.11-19.42.17:698][  0]LogConfig: Setting CVar [[r.VolumetricFog.GridSizeZ:128]]
[2023.07.11-19.42.17:698][  0]LogConfig: Setting CVar [[r.VolumetricFog.HistoryMissSupersampleCount:4]]
[2023.07.11-19.42.17:698][  0]LogConfig: Setting CVar [[r.LightMaxDrawDistanceScale:1]]
[2023.07.11-19.42.17:698][  0]LogConfig: Setting CVar [[r.CapsuleShadows:1]]
[2023.07.11-19.42.17:698][  0]LogConfig: Applying CVar settings from Section [PostProcessQuality@3] File [C:/VperData/GitHub/ActionRoguelike/ActionRoguelike/Saved/Config/Windows/Scalability.ini]
[2023.07.11-19.42.17:698][  0]LogConfig: Setting CVar [[r.MotionBlurQuality:4]]
[2023.07.11-19.42.17:698][  0]LogConfig: Setting CVar [[r.AmbientOcclusionMipLevelFactor:0.4]]
[2023.07.11-19.42.17:699][  0]LogConfig: Setting CVar [[r.AmbientOcclusionMaxQuality:100]]
[2023.07.11-19.42.17:699][  0]LogConfig: Setting CVar [[r.AmbientOcclusionLevels:-1]]
[2023.07.11-19.42.17:699][  0]LogConfig: Setting CVar [[r.AmbientOcclusionRadiusScale:1.0]]
[2023.07.11-19.42.17:699][  0]LogConfig: Setting CVar [[r.DepthOfFieldQuality:2]]
[2023.07.11-19.42.17:699][  0]LogConfig: Setting CVar [[r.RenderTargetPoolMin:400]]
[2023.07.11-19.42.17:699][  0]LogConfig: Setting CVar [[r.LensFlareQuality:2]]
[2023.07.11-19.42.17:699][  0]LogConfig: Setting CVar [[r.SceneColorFringeQuality:1]]
[2023.07.11-19.42.17:699][  0]LogConfig: Setting CVar [[r.EyeAdaptationQuality:2]]
[2023.07.11-19.42.17:699][  0]LogConfig: Setting CVar [[r.BloomQuality:5]]
[2023.07.11-19.42.17:699][  0]LogConfig: Setting CVar [[r.FastBlurThreshold:100]]
[2023.07.11-19.42.17:699][  0]LogConfig: Setting CVar [[r.Upscale.Quality:3]]
[2023.07.11-19.42.17:699][  0]LogConfig: Setting CVar [[r.Tonemapper.GrainQuantization:1]]
[2023.07.11-19.42.17:699][  0]LogConfig: Setting CVar [[r.LightShaftQuality:1]]
[2023.07.11-19.42.17:699][  0]LogConfig: Setting CVar [[r.Filter.SizeScale:1]]
[2023.07.11-19.42.17:699][  0]LogConfig: Setting CVar [[r.Tonemapper.Quality:5]]
[2023.07.11-19.42.17:699][  0]LogConfig: Setting CVar [[r.DOF.Gather.AccumulatorQuality:1        ; higher gathering accumulator quality]]
[2023.07.11-19.42.17:699][  0]LogConfig: Setting CVar [[r.DOF.Gather.PostfilterMethod:1          ; Median3x3 postfilering method]]
[2023.07.11-19.42.17:699][  0]LogConfig: Setting CVar [[r.DOF.Gather.EnableBokehSettings:0       ; no bokeh simulation when gathering]]
[2023.07.11-19.42.17:699][  0]LogConfig: Setting CVar [[r.DOF.Gather.RingCount:4                 ; medium number of samples when gathering]]
[2023.07.11-19.42.17:699][  0]LogConfig: Setting CVar [[r.DOF.Scatter.ForegroundCompositing:1    ; additive foreground scattering]]
[2023.07.11-19.42.17:699][  0]LogConfig: Setting CVar [[r.DOF.Scatter.BackgroundCompositing:2    ; additive background scattering]]
[2023.07.11-19.42.17:699][  0]LogConfig: Setting CVar [[r.DOF.Scatter.EnableBokehSettings:1      ; bokeh simulation when scattering]]
[2023.07.11-19.42.17:699][  0]LogConfig: Setting CVar [[r.DOF.Scatter.MaxSpriteRatio:0.1         ; only a maximum of 10% of scattered bokeh]]
[2023.07.11-19.42.17:699][  0]LogConfig: Setting CVar [[r.DOF.Recombine.Quality:1                ; cheap slight out of focus]]
[2023.07.11-19.42.17:699][  0]LogConfig: Setting CVar [[r.DOF.Recombine.EnableBokehSettings:0    ; no bokeh simulation on slight out of focus]]
[2023.07.11-19.42.17:699][  0]LogConfig: Setting CVar [[r.DOF.TemporalAAQuality:1                ; more stable temporal accumulation]]
[2023.07.11-19.42.17:699][  0]LogConfig: Setting CVar [[r.DOF.Kernel.MaxForegroundRadius:0.025]]
[2023.07.11-19.42.17:699][  0]LogConfig: Setting CVar [[r.DOF.Kernel.MaxBackgroundRadius:0.025]]
[2023.07.11-19.42.17:699][  0]LogConfig: Applying CVar settings from Section [TextureQuality@3] File [C:/VperData/GitHub/ActionRoguelike/ActionRoguelike/Saved/Config/Windows/Scalability.ini]
[2023.07.11-19.42.17:699][  0]LogConfig: Setting CVar [[r.Streaming.MipBias:0]]
[2023.07.11-19.42.17:699][  0]LogConfig: Setting CVar [[r.Streaming.AmortizeCPUToGPUCopy:0]]
[2023.07.11-19.42.17:699][  0]LogConfig: Setting CVar [[r.Streaming.MaxNumTexturesToStreamPerFrame:0]]
[2023.07.11-19.42.17:699][  0]LogConfig: Setting CVar [[r.Streaming.Boost:1]]
[2023.07.11-19.42.17:699][  0]LogConfig: Setting CVar [[r.MaxAnisotropy:8]]
[2023.07.11-19.42.17:699][  0]LogConfig: Setting CVar [[r.VT.MaxAnisotropy:8]]
[2023.07.11-19.42.17:699][  0]LogConfig: Setting CVar [[r.Streaming.LimitPoolSizeToVRAM:0]]
[2023.07.11-19.42.17:699][  0]LogConfig: Setting CVar [[r.Streaming.PoolSize:1000]]
[2023.07.11-19.42.17:700][  0]LogConfig: Setting CVar [[r.Streaming.MaxEffectiveScreenSize:0]]
[2023.07.11-19.42.17:700][  0]LogConfig: Applying CVar settings from Section [EffectsQuality@3] File [C:/VperData/GitHub/ActionRoguelike/ActionRoguelike/Saved/Config/Windows/Scalability.ini]
[2023.07.11-19.42.17:700][  0]LogConfig: Setting CVar [[r.TranslucencyLightingVolumeDim:64]]
[2023.07.11-19.42.17:700][  0]LogConfig: Setting CVar [[r.RefractionQuality:2]]
[2023.07.11-19.42.17:700][  0]LogConfig: Setting CVar [[r.SSR.Quality:3]]
[2023.07.11-19.42.17:700][  0]LogConfig: Setting CVar [[r.SSR.HalfResSceneColor:0]]
[2023.07.11-19.42.17:700][  0]LogConfig: Setting CVar [[r.SceneColorFormat:4]]
[2023.07.11-19.42.17:700][  0]LogConfig: Setting CVar [[r.DetailMode:2]]
[2023.07.11-19.42.17:700][  0]LogConfig: Setting CVar [[r.TranslucencyVolumeBlur:1]]
[2023.07.11-19.42.17:700][  0]LogConfig: Setting CVar [[r.MaterialQualityLevel:1 ; High quality]]
[2023.07.11-19.42.17:700][  0]LogConfig: Setting CVar [[r.AnisotropicMaterials:1]]
[2023.07.11-19.42.17:700][  0]LogConfig: Setting CVar [[r.SSS.Scale:1]]
[2023.07.11-19.42.17:700][  0]LogConfig: Setting CVar [[r.SSS.SampleSet:2]]
[2023.07.11-19.42.17:700][  0]LogConfig: Setting CVar [[r.SSS.Quality:1]]
[2023.07.11-19.42.17:700][  0]LogConfig: Setting CVar [[r.SSS.HalfRes:0]]
[2023.07.11-19.42.17:700][  0]LogConfig: Setting CVar [[r.SSGI.Quality:3]]
[2023.07.11-19.42.17:700][  0]LogConfig: Setting CVar [[r.EmitterSpawnRateScale:1.0]]
[2023.07.11-19.42.17:700][  0]LogConfig: Setting CVar [[r.ParticleLightQuality:2]]
[2023.07.11-19.42.17:700][  0]LogConfig: Setting CVar [[r.SkyAtmosphere.AerialPerspectiveLUT.FastApplyOnOpaque:1 ; Always have FastSkyLUT 1 in this case to avoid wrong sky]]
[2023.07.11-19.42.17:700][  0]LogConfig: Setting CVar [[r.SkyAtmosphere.AerialPerspectiveLUT.SampleCountMaxPerSlice:4]]
[2023.07.11-19.42.17:700][  0]LogConfig: Setting CVar [[r.SkyAtmosphere.AerialPerspectiveLUT.DepthResolution:16.0]]
[2023.07.11-19.42.17:700][  0]LogConfig: Setting CVar [[r.SkyAtmosphere.FastSkyLUT:1]]
[2023.07.11-19.42.17:700][  0]LogConfig: Setting CVar [[r.SkyAtmosphere.FastSkyLUT.SampleCountMin:4.0]]
[2023.07.11-19.42.17:700][  0]LogConfig: Setting CVar [[r.SkyAtmosphere.FastSkyLUT.SampleCountMax:128.0]]
[2023.07.11-19.42.17:700][  0]LogConfig: Setting CVar [[r.SkyAtmosphere.SampleCountMin:4.0]]
[2023.07.11-19.42.17:700][  0]LogConfig: Setting CVar [[r.SkyAtmosphere.SampleCountMax:128.0]]
[2023.07.11-19.42.17:700][  0]LogConfig: Setting CVar [[r.SkyAtmosphere.TransmittanceLUT.UseSmallFormat:0]]
[2023.07.11-19.42.17:700][  0]LogConfig: Setting CVar [[r.SkyAtmosphere.TransmittanceLUT.SampleCount:10.0]]
[2023.07.11-19.42.17:700][  0]LogConfig: Setting CVar [[r.SkyAtmosphere.MultiScatteringLUT.SampleCount:15.0]]
[2023.07.11-19.42.17:700][  0]LogConfig: Setting CVar [[r.SkyLight.RealTimeReflectionCapture:1]]
[2023.07.11-19.42.17:700][  0]LogConfig: Applying CVar settings from Section [FoliageQuality@3] File [C:/VperData/GitHub/ActionRoguelike/ActionRoguelike/Saved/Config/Windows/Scalability.ini]
[2023.07.11-19.42.17:700][  0]LogConfig: Setting CVar [[foliage.DensityScale:1.0]]
[2023.07.11-19.42.17:700][  0]LogConfig: Setting CVar [[grass.DensityScale:1.0]]
[2023.07.11-19.42.17:700][  0]LogConfig: Applying CVar settings from Section [ShadingQuality@3] File [C:/VperData/GitHub/ActionRoguelike/ActionRoguelike/Saved/Config/Windows/Scalability.ini]
[2023.07.11-19.42.17:700][  0]LogConfig: Setting CVar [[r.HairStrands.SkyLighting.IntegrationType:2]]
[2023.07.11-19.42.17:700][  0]LogConfig: Setting CVar [[r.HairStrands.SkyAO.SampleCount:4]]
[2023.07.11-19.42.17:700][  0]LogConfig: Setting CVar [[r.HairStrands.Visibility.MSAA.SamplePerPixel:4]]
[2023.07.11-19.42.17:701][  0]LogInit: Selected Device Profile: [Windows]
[2023.07.11-19.42.17:701][  0]LogInit: Applying CVar settings loaded from the selected device profile: [Windows]
[2023.07.11-19.42.17:701][  0]LogHAL: Display: Platform has ~ 32 GB [34185904128 / 34359738368 / 32], which maps to Largest [LargestMinGB=32, LargerMinGB=12, DefaultMinGB=8, SmallerMinGB=6, SmallestMinGB=0)
[2023.07.11-19.42.17:701][  0]LogInit: Going up to parent DeviceProfile []
[2023.07.11-19.42.17:701][  0]LogConfig: Applying CVar settings from Section [ViewDistanceQuality@3] File [C:/VperData/GitHub/ActionRoguelike/ActionRoguelike/Saved/Config/Windows/Scalability.ini]
[2023.07.11-19.42.17:701][  0]LogConfig: Setting CVar [[r.SkeletalMeshLODBias:0]]
[2023.07.11-19.42.17:701][  0]LogConfig: Setting CVar [[r.ViewDistanceScale:1.0]]
[2023.07.11-19.42.17:701][  0]LogConfig: Applying CVar settings from Section [AntiAliasingQuality@3] File [C:/VperData/GitHub/ActionRoguelike/ActionRoguelike/Saved/Config/Windows/Scalability.ini]
[2023.07.11-19.42.17:701][  0]LogConfig: Setting CVar [[r.PostProcessAAQuality:4]]
[2023.07.11-19.42.17:701][  0]LogConfig: Applying CVar settings from Section [ShadowQuality@3] File [C:/VperData/GitHub/ActionRoguelike/ActionRoguelike/Saved/Config/Windows/Scalability.ini]
[2023.07.11-19.42.17:701][  0]LogConfig: Setting CVar [[r.LightFunctionQuality:1]]
[2023.07.11-19.42.17:701][  0]LogConfig: Setting CVar [[r.ShadowQuality:5]]
[2023.07.11-19.42.17:701][  0]LogConfig: Setting CVar [[r.Shadow.CSM.MaxCascades:10]]
[2023.07.11-19.42.17:701][  0]LogConfig: Setting CVar [[r.Shadow.MaxResolution:2048]]
[2023.07.11-19.42.17:701][  0]LogConfig: Setting CVar [[r.Shadow.MaxCSMResolution:2048]]
[2023.07.11-19.42.17:701][  0]LogConfig: Setting CVar [[r.Shadow.RadiusThreshold:0.01]]
[2023.07.11-19.42.17:701][  0]LogConfig: Setting CVar [[r.Shadow.DistanceScale:1.0]]
[2023.07.11-19.42.17:701][  0]LogConfig: Setting CVar [[r.Shadow.CSM.TransitionScale:1.0]]
[2023.07.11-19.42.17:701][  0]LogConfig: Setting CVar [[r.Shadow.PreShadowResolutionFactor:1.0]]
[2023.07.11-19.42.17:701][  0]LogConfig: Setting CVar [[r.DistanceFieldShadowing:1]]
[2023.07.11-19.42.17:701][  0]LogConfig: Setting CVar [[r.DistanceFieldAO:1]]
[2023.07.11-19.42.17:701][  0]LogConfig: Setting CVar [[r.AOQuality:2]]
[2023.07.11-19.42.17:701][  0]LogConfig: Setting CVar [[r.VolumetricFog:1]]
[2023.07.11-19.42.17:701][  0]LogConfig: Setting CVar [[r.VolumetricFog.GridPixelSize:8]]
[2023.07.11-19.42.17:701][  0]LogConfig: Setting CVar [[r.VolumetricFog.GridSizeZ:128]]
[2023.07.11-19.42.17:701][  0]LogConfig: Setting CVar [[r.VolumetricFog.HistoryMissSupersampleCount:4]]
[2023.07.11-19.42.17:701][  0]LogConfig: Setting CVar [[r.LightMaxDrawDistanceScale:1]]
[2023.07.11-19.42.17:701][  0]LogConfig: Setting CVar [[r.CapsuleShadows:1]]
[2023.07.11-19.42.17:701][  0]LogConfig: Applying CVar settings from Section [PostProcessQuality@3] File [C:/VperData/GitHub/ActionRoguelike/ActionRoguelike/Saved/Config/Windows/Scalability.ini]
[2023.07.11-19.42.17:701][  0]LogConfig: Setting CVar [[r.MotionBlurQuality:4]]
[2023.07.11-19.42.17:701][  0]LogConfig: Setting CVar [[r.AmbientOcclusionMipLevelFactor:0.4]]
[2023.07.11-19.42.17:701][  0]LogConfig: Setting CVar [[r.AmbientOcclusionMaxQuality:100]]
[2023.07.11-19.42.17:701][  0]LogConfig: Setting CVar [[r.AmbientOcclusionLevels:-1]]
[2023.07.11-19.42.17:701][  0]LogConfig: Setting CVar [[r.AmbientOcclusionRadiusScale:1.0]]
[2023.07.11-19.42.17:701][  0]LogConfig: Setting CVar [[r.DepthOfFieldQuality:2]]
[2023.07.11-19.42.17:701][  0]LogConfig: Setting CVar [[r.RenderTargetPoolMin:400]]
[2023.07.11-19.42.17:701][  0]LogConfig: Setting CVar [[r.LensFlareQuality:2]]
[2023.07.11-19.42.17:701][  0]LogConfig: Setting CVar [[r.SceneColorFringeQuality:1]]
[2023.07.11-19.42.17:701][  0]LogConfig: Setting CVar [[r.EyeAdaptationQuality:2]]
[2023.07.11-19.42.17:701][  0]LogConfig: Setting CVar [[r.BloomQuality:5]]
[2023.07.11-19.42.17:701][  0]LogConfig: Setting CVar [[r.FastBlurThreshold:100]]
[2023.07.11-19.42.17:701][  0]LogConfig: Setting CVar [[r.Upscale.Quality:3]]
[2023.07.11-19.42.17:701][  0]LogConfig: Setting CVar [[r.Tonemapper.GrainQuantization:1]]
[2023.07.11-19.42.17:701][  0]LogConfig: Setting CVar [[r.LightShaftQuality:1]]
[2023.07.11-19.42.17:701][  0]LogConfig: Setting CVar [[r.Filter.SizeScale:1]]
[2023.07.11-19.42.17:701][  0]LogConfig: Setting CVar [[r.Tonemapper.Quality:5]]
[2023.07.11-19.42.17:701][  0]LogConfig: Setting CVar [[r.DOF.Gather.AccumulatorQuality:1        ; higher gathering accumulator quality]]
[2023.07.11-19.42.17:701][  0]LogConfig: Setting CVar [[r.DOF.Gather.PostfilterMethod:1          ; Median3x3 postfilering method]]
[2023.07.11-19.42.17:701][  0]LogConfig: Setting CVar [[r.DOF.Gather.EnableBokehSettings:0       ; no bokeh simulation when gathering]]
[2023.07.11-19.42.17:701][  0]LogConfig: Setting CVar [[r.DOF.Gather.RingCount:4                 ; medium number of samples when gathering]]
[2023.07.11-19.42.17:701][  0]LogConfig: Setting CVar [[r.DOF.Scatter.ForegroundCompositing:1    ; additive foreground scattering]]
[2023.07.11-19.42.17:701][  0]LogConfig: Setting CVar [[r.DOF.Scatter.BackgroundCompositing:2    ; additive background scattering]]
[2023.07.11-19.42.17:701][  0]LogConfig: Setting CVar [[r.DOF.Scatter.EnableBokehSettings:1      ; bokeh simulation when scattering]]
[2023.07.11-19.42.17:701][  0]LogConfig: Setting CVar [[r.DOF.Scatter.MaxSpriteRatio:0.1         ; only a maximum of 10% of scattered bokeh]]
[2023.07.11-19.42.17:703][  0]LogConfig: Setting CVar [[r.DOF.Recombine.Quality:1                ; cheap slight out of focus]]
[2023.07.11-19.42.17:703][  0]LogConfig: Setting CVar [[r.DOF.Recombine.EnableBokehSettings:0    ; no bokeh simulation on slight out of focus]]
[2023.07.11-19.42.17:703][  0]LogConfig: Setting CVar [[r.DOF.TemporalAAQuality:1                ; more stable temporal accumulation]]
[2023.07.11-19.42.17:703][  0]LogConfig: Setting CVar [[r.DOF.Kernel.MaxForegroundRadius:0.025]]
[2023.07.11-19.42.17:703][  0]LogConfig: Setting CVar [[r.DOF.Kernel.MaxBackgroundRadius:0.025]]
[2023.07.11-19.42.17:703][  0]LogConfig: Applying CVar settings from Section [TextureQuality@3] File [C:/VperData/GitHub/ActionRoguelike/ActionRoguelike/Saved/Config/Windows/Scalability.ini]
[2023.07.11-19.42.17:703][  0]LogConfig: Setting CVar [[r.Streaming.MipBias:0]]
[2023.07.11-19.42.17:703][  0]LogConfig: Setting CVar [[r.Streaming.AmortizeCPUToGPUCopy:0]]
[2023.07.11-19.42.17:703][  0]LogConfig: Setting CVar [[r.Streaming.MaxNumTexturesToStreamPerFrame:0]]
[2023.07.11-19.42.17:703][  0]LogConfig: Setting CVar [[r.Streaming.Boost:1]]
[2023.07.11-19.42.17:703][  0]LogConfig: Setting CVar [[r.MaxAnisotropy:8]]
[2023.07.11-19.42.17:703][  0]LogConfig: Setting CVar [[r.VT.MaxAnisotropy:8]]
[2023.07.11-19.42.17:703][  0]LogConfig: Setting CVar [[r.Streaming.LimitPoolSizeToVRAM:0]]
[2023.07.11-19.42.17:703][  0]LogConfig: Setting CVar [[r.Streaming.PoolSize:1000]]
[2023.07.11-19.42.17:703][  0]LogConfig: Setting CVar [[r.Streaming.MaxEffectiveScreenSize:0]]
[2023.07.11-19.42.17:703][  0]LogConfig: Applying CVar settings from Section [EffectsQuality@3] File [C:/VperData/GitHub/ActionRoguelike/ActionRoguelike/Saved/Config/Windows/Scalability.ini]
[2023.07.11-19.42.17:703][  0]LogConfig: Setting CVar [[r.TranslucencyLightingVolumeDim:64]]
[2023.07.11-19.42.17:703][  0]LogConfig: Setting CVar [[r.RefractionQuality:2]]
[2023.07.11-19.42.17:703][  0]LogConfig: Setting CVar [[r.SSR.Quality:3]]
[2023.07.11-19.42.17:703][  0]LogConfig: Setting CVar [[r.SSR.HalfResSceneColor:0]]
[2023.07.11-19.42.17:703][  0]LogConfig: Setting CVar [[r.SceneColorFormat:4]]
[2023.07.11-19.42.17:703][  0]LogConfig: Setting CVar [[r.DetailMode:2]]
[2023.07.11-19.42.17:703][  0]LogConfig: Setting CVar [[r.TranslucencyVolumeBlur:1]]
[2023.07.11-19.42.17:703][  0]LogConfig: Setting CVar [[r.MaterialQualityLevel:1 ; High quality]]
[2023.07.11-19.42.17:703][  0]LogConfig: Setting CVar [[r.AnisotropicMaterials:1]]
[2023.07.11-19.42.17:703][  0]LogConfig: Setting CVar [[r.SSS.Scale:1]]
[2023.07.11-19.42.17:703][  0]LogConfig: Setting CVar [[r.SSS.SampleSet:2]]
[2023.07.11-19.42.17:703][  0]LogConfig: Setting CVar [[r.SSS.Quality:1]]
[2023.07.11-19.42.17:703][  0]LogConfig: Setting CVar [[r.SSS.HalfRes:0]]
[2023.07.11-19.42.17:703][  0]LogConfig: Setting CVar [[r.SSGI.Quality:3]]
[2023.07.11-19.42.17:703][  0]LogConfig: Setting CVar [[r.EmitterSpawnRateScale:1.0]]
[2023.07.11-19.42.17:703][  0]LogConfig: Setting CVar [[r.ParticleLightQuality:2]]
[2023.07.11-19.42.17:703][  0]LogConfig: Setting CVar [[r.SkyAtmosphere.AerialPerspectiveLUT.FastApplyOnOpaque:1 ; Always have FastSkyLUT 1 in this case to avoid wrong sky]]
[2023.07.11-19.42.17:703][  0]LogConfig: Setting CVar [[r.SkyAtmosphere.AerialPerspectiveLUT.SampleCountMaxPerSlice:4]]
[2023.07.11-19.42.17:703][  0]LogConfig: Setting CVar [[r.SkyAtmosphere.AerialPerspectiveLUT.DepthResolution:16.0]]
[2023.07.11-19.42.17:703][  0]LogConfig: Setting CVar [[r.SkyAtmosphere.FastSkyLUT:1]]
[2023.07.11-19.42.17:703][  0]LogConfig: Setting CVar [[r.SkyAtmosphere.FastSkyLUT.SampleCountMin:4.0]]
[2023.07.11-19.42.17:703][  0]LogConfig: Setting CVar [[r.SkyAtmosphere.FastSkyLUT.SampleCountMax:128.0]]
[2023.07.11-19.42.17:704][  0]LogConfig: Setting CVar [[r.SkyAtmosphere.SampleCountMin:4.0]]
[2023.07.11-19.42.17:704][  0]LogConfig: Setting CVar [[r.SkyAtmosphere.SampleCountMax:128.0]]
[2023.07.11-19.42.17:704][  0]LogConfig: Setting CVar [[r.SkyAtmosphere.TransmittanceLUT.UseSmallFormat:0]]
[2023.07.11-19.42.17:704][  0]LogConfig: Setting CVar [[r.SkyAtmosphere.TransmittanceLUT.SampleCount:10.0]]
[2023.07.11-19.42.17:704][  0]LogConfig: Setting CVar [[r.SkyAtmosphere.MultiScatteringLUT.SampleCount:15.0]]
[2023.07.11-19.42.17:704][  0]LogConfig: Setting CVar [[r.SkyLight.RealTimeReflectionCapture:1]]
[2023.07.11-19.42.17:704][  0]LogConfig: Applying CVar settings from Section [FoliageQuality@3] File [C:/VperData/GitHub/ActionRoguelike/ActionRoguelike/Saved/Config/Windows/Scalability.ini]
[2023.07.11-19.42.17:704][  0]LogConfig: Setting CVar [[foliage.DensityScale:1.0]]
[2023.07.11-19.42.17:704][  0]LogConfig: Setting CVar [[grass.DensityScale:1.0]]
[2023.07.11-19.42.17:704][  0]LogConfig: Applying CVar settings from Section [ShadingQuality@3] File [C:/VperData/GitHub/ActionRoguelike/ActionRoguelike/Saved/Config/Windows/Scalability.ini]
[2023.07.11-19.42.17:704][  0]LogConfig: Setting CVar [[r.HairStrands.SkyLighting.IntegrationType:2]]
[2023.07.11-19.42.17:704][  0]LogConfig: Setting CVar [[r.HairStrands.SkyAO.SampleCount:4]]
[2023.07.11-19.42.17:704][  0]LogConfig: Setting CVar [[r.HairStrands.Visibility.MSAA.SamplePerPixel:4]]
[2023.07.11-19.42.17:704][  0]LogConfig: Applying CVar settings from Section [Startup] File [../../../Engine/Config/ConsoleVariables.ini]
[2023.07.11-19.42.17:704][  0]LogConfig: Setting CVar [[net.UseAdaptiveNetUpdateFrequency:0]]
[2023.07.11-19.42.17:704][  0]LogConfig: Setting CVar [[p.chaos.AllowCreatePhysxBodies:1]]
[2023.07.11-19.42.17:704][  0]LogConfig: Setting CVar [[fx.SkipVectorVMBackendOptimizations:1]]
[2023.07.11-19.42.17:704][  0]LogConfig: Applying CVar settings from Section [ConsoleVariables] File [C:/VperData/GitHub/ActionRoguelike/ActionRoguelike/Saved/Config/Windows/Engine.ini]
[2023.07.11-19.42.17:704][  0]LogConfig: Applying CVar settings from Section [ConsoleVariables] File [C:/VperData/GitHub/ActionRoguelike/ActionRoguelike/Saved/Config/Windows/Editor.ini]
[2023.07.11-19.42.17:704][  0]LogInit: Computer: VPER
[2023.07.11-19.42.17:704][  0]LogInit: User: virtu
[2023.07.11-19.42.17:704][  0]LogInit: CPU Page size=4096, Cores=14
[2023.07.11-19.42.17:704][  0]LogInit: High frequency timer resolution =10.000000 MHz
[2023.07.11-19.42.17:704][  0]LogMemory: Memory total: Physical=31.8GB (32GB approx)
[2023.07.11-19.42.17:704][  0]LogMemory: Platform Memory Stats for Windows
[2023.07.11-19.42.17:704][  0]LogMemory: Process Physical Memory: 150.22 MB used, 150.22 MB peak
[2023.07.11-19.42.17:704][  0]LogMemory: Process Virtual Memory: 129.63 MB used, 129.63 MB peak
[2023.07.11-19.42.17:704][  0]LogMemory: Physical Memory: 13264.21 MB used,  19338.01 MB free, 32602.22 MB total
[2023.07.11-19.42.17:704][  0]LogMemory: Virtual Memory: 134201496.00 MB used,  16235.78 MB free, 134217728.00 MB total
[2023.07.11-19.42.17:709][  0]LogWindows: WindowsPlatformFeatures enabled
[2023.07.11-19.42.17:782][  0]LogInit: Physics initialised using underlying interface: PhysX
[2023.07.11-19.42.17:783][  0]LogInit: Overriding language with editor language configuration option (en).
[2023.07.11-19.42.17:783][  0]LogInit: Using OS detected locale (zh-CN).
[2023.07.11-19.42.17:888][  0]LogInit: Setting process to per monitor DPI aware
[2023.07.11-19.42.17:895][  0]LogWindowsTextInputMethodSystem: Display: IME system deactivated.
[2023.07.11-19.42.17:904][  0]LogSlate: New Slate User Created.  User Index 0, Is Virtual User: 0
[2023.07.11-19.42.17:905][  0]LogSlate: Slate User Registered.  User Index 0, Is Virtual User: 0
[2023.07.11-19.42.17:950][  0]LogD3D11RHI: Loaded GFSDK_Aftermath_Lib.x64.dll
[2023.07.11-19.42.17:953][  0]LogHMD: Failed to initialize OpenVR with code 110
[2023.07.11-19.42.17:953][  0]LogD3D11RHI: D3D11 min allowed feature level: 11_0
[2023.07.11-19.42.17:953][  0]LogD3D11RHI: D3D11 max allowed feature level: 11_0
[2023.07.11-19.42.17:953][  0]LogD3D11RHI: D3D11 adapters:
[2023.07.11-19.42.18:014][  0]LogD3D11RHI:    0. 'NVIDIA GeForce RTX 3060 Ti' (Feature Level 11_0)
[2023.07.11-19.42.18:014][  0]LogD3D11RHI:       8038/0/16301 MB DedicatedVideo/DedicatedSystem/SharedSystem, Outputs:1, VendorId:0x10de
[2023.07.11-19.42.18:016][  0]LogD3D11RHI:    1. 'Microsoft Basic Render Driver' (Feature Level 11_0)
[2023.07.11-19.42.18:016][  0]LogD3D11RHI:       0/0/16301 MB DedicatedVideo/DedicatedSystem/SharedSystem, Outputs:0, VendorId:0x1414
[2023.07.11-19.42.18:016][  0]LogD3D11RHI: Chosen D3D11 Adapter:
[2023.07.11-19.42.18:016][  0]LogD3D11RHI:     Description : NVIDIA GeForce RTX 3060 Ti
[2023.07.11-19.42.18:016][  0]LogD3D11RHI:     VendorId    : 10de
[2023.07.11-19.42.18:016][  0]LogD3D11RHI:     DeviceId    : 24c9
[2023.07.11-19.42.18:016][  0]LogD3D11RHI:     SubSysId    : 88b61043
[2023.07.11-19.42.18:016][  0]LogD3D11RHI:     Revision    : 00a1
[2023.07.11-19.42.18:016][  0]LogD3D11RHI:     DedicatedVideoMemory : 8428453888 bytes
[2023.07.11-19.42.18:016][  0]LogD3D11RHI:     DedicatedSystemMemory : 0 bytes
[2023.07.11-19.42.18:016][  0]LogD3D11RHI:     SharedSystemMemory : 17092952064 bytes
[2023.07.11-19.42.18:016][  0]LogD3D11RHI:     AdapterLuid : 0 60120
[2023.07.11-19.42.18:022][  0]LogD3D11RHI: Creating new Direct3DDevice
[2023.07.11-19.42.18:022][  0]LogD3D11RHI:     GPU DeviceId: 0x24c9 (for the marketing name, search the web for "GPU Device Id")
[2023.07.11-19.42.18:022][  0]LogWindows: EnumDisplayDevices:
[2023.07.11-19.42.18:022][  0]LogWindows:    0. 'NVIDIA GeForce RTX 3060 Ti' (P:1 D:1)
[2023.07.11-19.42.18:022][  0]LogWindows:    1. 'NVIDIA GeForce RTX 3060 Ti' (P:0 D:0)
[2023.07.11-19.42.18:022][  0]LogWindows:    2. 'NVIDIA GeForce RTX 3060 Ti' (P:0 D:0)
[2023.07.11-19.42.18:022][  0]LogWindows:    3. 'NVIDIA GeForce RTX 3060 Ti' (P:0 D:0)
[2023.07.11-19.42.18:023][  0]LogWindows: DebugString: FoundDriverCount:4 
[2023.07.11-19.42.18:023][  0]LogD3D11RHI:     Adapter Name: NVIDIA GeForce RTX 3060 Ti
[2023.07.11-19.42.18:023][  0]LogD3D11RHI:   Driver Version: 528.24 (internal:31.0.15.2824, unified:528.24)
[2023.07.11-19.42.18:023][  0]LogD3D11RHI:      Driver Date: 1-15-2023
[2023.07.11-19.42.18:023][  0]LogRHI: Texture pool is 5626 MB (70% of 8038 MB)
[2023.07.11-19.42.18:023][  0]LogD3D11RHI: Creating D3DDevice using adapter:
[2023.07.11-19.42.18:023][  0]LogD3D11RHI:     Description : NVIDIA GeForce RTX 3060 Ti
[2023.07.11-19.42.18:023][  0]LogD3D11RHI:     VendorId    : 10de
[2023.07.11-19.42.18:023][  0]LogD3D11RHI:     DeviceId    : 24c9
[2023.07.11-19.42.18:023][  0]LogD3D11RHI:     SubSysId    : 88b61043
[2023.07.11-19.42.18:023][  0]LogD3D11RHI:     Revision    : 00a1
[2023.07.11-19.42.18:023][  0]LogD3D11RHI:     DedicatedVideoMemory : 8428453888 bytes
[2023.07.11-19.42.18:023][  0]LogD3D11RHI:     DedicatedSystemMemory : 0 bytes
[2023.07.11-19.42.18:023][  0]LogD3D11RHI:     SharedSystemMemory : 17092952064 bytes
[2023.07.11-19.42.18:023][  0]LogD3D11RHI:     AdapterLuid : 0 60120
[2023.07.11-19.42.18:090][  0]LogD3D11RHI: RHI has support for 64 bit atomics
[2023.07.11-19.42.18:090][  0]LogD3D11RHI: Async texture creation enabled
[2023.07.11-19.42.18:090][  0]LogD3D11RHI: Array index from any shader is supported
[2023.07.11-19.42.18:106][  0]LogD3D11RHI: GPU Timing Frequency: 1000.000000 (Debug: 2 2)
[2023.07.11-19.42.18:120][  0]LogRHI: GeForceNow SDK initialized: 1
[2023.07.11-19.42.18:289][  0]LogTargetPlatformManager: Display: Loaded TargetPlatform 'AllDesktop'
[2023.07.11-19.42.18:303][  0]LogTargetPlatformManager: Display: Loaded TargetPlatform 'Android'
[2023.07.11-19.42.18:303][  0]LogTargetPlatformManager: Display: Loaded TargetPlatform 'Android_ASTC'
[2023.07.11-19.42.18:303][  0]LogTargetPlatformManager: Display: Loaded TargetPlatform 'Android_DXT'
[2023.07.11-19.42.18:303][  0]LogTargetPlatformManager: Display: Loaded TargetPlatform 'Android_ETC2'
[2023.07.11-19.42.18:303][  0]LogTargetPlatformManager: Display: Loaded TargetPlatform 'AndroidClient'
[2023.07.11-19.42.18:303][  0]LogTargetPlatformManager: Display: Loaded TargetPlatform 'Android_ASTCClient'
[2023.07.11-19.42.18:303][  0]LogTargetPlatformManager: Display: Loaded TargetPlatform 'Android_DXTClient'
[2023.07.11-19.42.18:303][  0]LogTargetPlatformManager: Display: Loaded TargetPlatform 'Android_ETC2Client'
[2023.07.11-19.42.18:303][  0]LogTargetPlatformManager: Display: Loaded TargetPlatform 'Android_Multi'
[2023.07.11-19.42.18:303][  0]LogTargetPlatformManager: Display: Loaded TargetPlatform 'Android_MultiClient'
[2023.07.11-19.42.18:322][  0]LogTargetPlatformManager: Display: Loaded TargetPlatform 'IOSClient'
[2023.07.11-19.42.18:322][  0]LogTargetPlatformManager: Display: Loaded TargetPlatform 'IOS'
[2023.07.11-19.42.18:329][  0]LogTargetPlatformManager: Display: Loaded TargetPlatform 'Linux'
[2023.07.11-19.42.18:334][  0]LogTargetPlatformManager: Display: Loaded TargetPlatform 'LinuxNoEditor'
[2023.07.11-19.42.18:338][  0]LogTargetPlatformManager: Display: Loaded TargetPlatform 'LinuxClient'
[2023.07.11-19.42.18:342][  0]LogTargetPlatformManager: Display: Loaded TargetPlatform 'LinuxServer'
[2023.07.11-19.42.18:348][  0]LogTargetPlatformManager: Display: Loaded TargetPlatform 'LinuxAArch64NoEditor'
[2023.07.11-19.42.18:356][  0]LogTargetPlatformManager: Display: Loaded TargetPlatform 'LinuxAArch64Client'
[2023.07.11-19.42.18:360][  0]LogTargetPlatformManager: Display: Loaded TargetPlatform 'LinuxAArch64Server'
[2023.07.11-19.42.18:374][  0]LogTargetPlatformManager: Display: Loaded TargetPlatform 'Lumin'
[2023.07.11-19.42.18:374][  0]LogTargetPlatformManager: Display: Loaded TargetPlatform 'LuminClient'
[2023.07.11-19.42.18:382][  0]LogTargetPlatformManager: Display: Loaded TargetPlatform 'MacNoEditor'
[2023.07.11-19.42.18:388][  0]LogTargetPlatformManager: Display: Loaded TargetPlatform 'Mac'
[2023.07.11-19.42.18:395][  0]LogTargetPlatformManager: Display: Loaded TargetPlatform 'MacClient'
[2023.07.11-19.42.18:401][  0]LogTargetPlatformManager: Display: Loaded TargetPlatform 'MacServer'
[2023.07.11-19.42.18:408][  0]LogTargetPlatformManager: Display: Loaded TargetPlatform 'TVOSClient'
[2023.07.11-19.42.18:408][  0]LogTargetPlatformManager: Display: Loaded TargetPlatform 'TVOS'
[2023.07.11-19.42.18:419][  0]LogTargetPlatformManager: Display: Loaded TargetPlatform 'WindowsNoEditor'
[2023.07.11-19.42.18:424][  0]LogTargetPlatformManager: Display: Loaded TargetPlatform 'Windows'
[2023.07.11-19.42.18:433][  0]LogTargetPlatformManager: Display: Loaded TargetPlatform 'WindowsClient'
[2023.07.11-19.42.18:442][  0]LogTargetPlatformManager: Display: Loaded TargetPlatform 'WindowsServer'
[2023.07.11-19.42.18:442][  0]LogTargetPlatformManager: Display: Building Assets For Windows
[2023.07.11-19.42.18:456][  0]LogAudioDebug: Display: Lib vorbis DLL was dynamically loaded.
[2023.07.11-19.42.18:508][  0]LogTextureFormatOodle: Display: Oodle Texture 2.9.0 init RDO Off
[2023.07.11-19.42.18:566][  0]LogRendererCore: Ray tracing is disabled. Reason: r.RayTracing=0.
[2023.07.11-19.42.18:566][  0]LogShaderCompilers: Guid format shader working directory is -23 characters bigger than the processId version (../../../../../../../VperData/GitHub/ActionRoguelike/ActionRoguelike/Intermediate/Shaders/WorkingDirectory/22972/).
[2023.07.11-19.42.18:566][  0]LogShaderCompilers: Cleaned the shader compiler working directory 'C:/Users/virtu/AppData/Local/Temp/UnrealShaderWorkingDir/BF8306464A682F28D8A722A24A195CD4/'.
[2023.07.11-19.42.18:566][  0]LogXGEController: Cannot use XGE Controller as Incredibuild is not installed on this machine.
[2023.07.11-19.42.18:566][  0]LogShaderCompilers: Cannot use XGE Shader Compiler as Incredibuild is not installed on this machine.
[2023.07.11-19.42.18:566][  0]LogShaderCompilers: Display: Using Local Shader Compiler.
[2023.07.11-19.42.19:035][  0]LogDerivedDataCache: Display: Max Cache Size: 512 MB
[2023.07.11-19.42.19:078][  0]LogDerivedDataCache: Loaded boot cache 0.04s 94MB C:/Users/virtu/AppData/Local/UnrealEngine/4.27/DerivedDataCache/Boot.ddc.
[2023.07.11-19.42.19:078][  0]LogDerivedDataCache: Display: Loaded Boot cache: C:/Users/virtu/AppData/Local/UnrealEngine/4.27/DerivedDataCache/Boot.ddc
[2023.07.11-19.42.19:078][  0]LogDerivedDataCache: FDerivedDataBackendGraph:  Pak pak cache file ../../../../../../../VperData/GitHub/ActionRoguelike/ActionRoguelike/DerivedDataCache/DDC.ddp not found, will not use a pak cache.
[2023.07.11-19.42.19:078][  0]LogDerivedDataCache: Unable to find inner node Pak for hierarchical cache Hierarchy.
[2023.07.11-19.42.19:078][  0]LogDerivedDataCache: FDerivedDataBackendGraph:  CompressedPak pak cache file ../../../../../../../VperData/GitHub/ActionRoguelike/ActionRoguelike/DerivedDataCache/Compressed.ddp not found, will not use a pak cache.
[2023.07.11-19.42.19:078][  0]LogDerivedDataCache: Unable to find inner node CompressedPak for hierarchical cache Hierarchy.
[2023.07.11-19.42.19:092][  0]LogDerivedDataCache: Display: Pak cache opened for reading ../../../Engine/DerivedDataCache/Compressed.ddp.
[2023.07.11-19.42.19:092][  0]LogDerivedDataCache: FDerivedDataBackendGraph:  EnterprisePak pak cache file ../../../Enterprise/DerivedDataCache/Compressed.ddp not found, will not use a pak cache.
[2023.07.11-19.42.19:092][  0]LogDerivedDataCache: Unable to find inner node EnterprisePak for hierarchical cache Hierarchy.
[2023.07.11-19.42.19:096][  0]LogDerivedDataCache: Speed tests for C:/Users/virtu/AppData/Local/UnrealEngine/Common/DerivedDataCache took 0.00 seconds
[2023.07.11-19.42.19:096][  0]LogDerivedDataCache: Display: Performance to C:/Users/virtu/AppData/Local/UnrealEngine/Common/DerivedDataCache: Latency=0.02ms. RandomReadSpeed=1373.65MBs, RandomWriteSpeed=327.92MBs. Assigned SpeedClass 'Local'
[2023.07.11-19.42.19:098][  0]LogDerivedDataCache: Using Local data cache path C:/Users/virtu/AppData/Local/UnrealEngine/Common/DerivedDataCache: Writable
[2023.07.11-19.42.19:098][  0]LogDerivedDataCache: Shared data cache path not found in *engine.ini, will not use an Shared cache.
[2023.07.11-19.42.19:098][  0]LogDerivedDataCache: Unable to find inner node Shared for hierarchical cache Hierarchy.
[2023.07.11-19.42.19:124][  0]LogSlate: Using FreeType 2.10.0
[2023.07.11-19.42.19:124][  0]LogSlate: SlateFontServices - WITH_FREETYPE: 1, WITH_HARFBUZZ: 1
[2023.07.11-19.42.19:145][  0]LogAssetRegistry: FAssetRegistry took 0.0029 seconds to start up
[2023.07.11-19.42.19:292][  0]LogInit: Selected Device Profile: [Windows]
[2023.07.11-19.42.19:292][  0]LogInit: Active device profile: [00000240D9FBED00][00000240D9019500 49] Windows
[2023.07.11-19.42.19:292][  0]LogInit: Profiles: [00000240D9FBED00][00000240D9019500 49] Windows, [00000240D9F4D700][00000240D4E4F680 49] WindowsNoEditor, [00000240D9FBE200][00000240D4E53800 49] WindowsServer, [00000240D9F4E100][00000240D4E57980 49] WindowsClient, [00000240D9FBC400][00000240D4E5BB00 49] IOS, [00000240D9F4F400][00000240DA030100 49] iPadAir, [00000240D9FBC600][00000240DA034280 49] iPadAir2, [00000240D9EFD100][00000240DA03C540 49] IPadPro, [00000240D9EFD200][00000240DA038580 49] iPadAir3, [00000240D9F4EC00][00000240DA040700 49] iPadAir4, [00000240D9EFDF00][00000240DA044880 49] iPadMini2, [00000240D9F4C700][00000240D901C9C0 49] iPadMini3, [00000240D9EFEA00][00000240DA048B00 49] iPadMini4, [00000240D9F4CF00][00000240DA04CC40 49] iPadMini5, [00000240D9F1C900][00000240DA058EC0 49] iPhone6, [00000240D9F1CA00][00000240DA050F00 49] iPodTouch6, [00000240D9FBD600][00000240DA0611C0 49] iPhone7, [00000240D9FBD300][00000240DA05D200 49] iPodTouch7, [00000240D9F1C200][00000240DA065380 49] iPhone5S, [00000240D9EFDD00][00000240DA069500 49] iPhone6Plus, [00000240D9F1FA00][00000240DA06D680 49] iPhone6S, [00000240D9EFCE00][00000240DA071800 49] iPhone6SPlus, [00000240D9F1F300][00000240DA075980 49] iPhone7Plus, [00000240D9EFEB00][00000240DA079B00 49] iPhoneSE, [00000240D9F1DE00][00000240DA07C100 49] iPhone8, [00000240D9EFDA00][00000240DA080280 49] iPhone8Plus, [00000240D9F1DA00][00000240DA084400 49] iPhoneX, [00000240D9EFE700][00000240DA088580 49] iPhoneXS, [00000240D9FBCA00][00000240DA08C700 49] iPhoneXSMax, [00000240D9EFF500][00000240DA090880 49] iPhoneXR, [00000240D9FBF900][00000240DA094A00 49] iPhone11, [00000240D9EFD400][00000240DA054B40 49] iPhone11Pro, [00000240D9FBCC00][00000240DA098C80 49] iPhone11ProMax, [00000240D9EFC800][00000240DA09CDC0 49] iPhoneSE2, [00000240D9FBDD00][00000240DA0A0F00 49] iPhone12Mini, [00000240D9EFFA00][00000240DA0A9080 49] iPhone12, [00000240D9FBDF00][00000240DA0AD200 49] iPhone12Pro, [00000240D9EFFB00][00000240DA0B1380 49] iPhone12ProMax, [00000240D9FBD500][00000240DA0B5500 49] iPadPro105, [00000240D9EFE900][00000240DA0B9680 49] iPadPro129, [00000240D9FBF200][00000240DA12D800 49] iPadPro97, [00000240D9EFD500][00000240DA131980 49] iPadPro2_129, [00000240D9FBDE00][00000240D577DB00 49] iPad5, [00000240D9EFD300][00000240D5CFC100 49] iPad6, [00000240D9FBE500][00000240D5788280 49] iPad7, [00000240D9EFEF00][00000240D5790400 49] iPad8, [00000240D9FBD800][00000240D57E8580 49] iPadPro11, [00000240D9EFDB00][00000240D57EC700 49] iPadPro2_11, [00000240D9FBCE00][00000240D57F0880 49] iPadPro3_129, [00000240D9EFF700][00000240D57F4A00 49] iPadPro4_129, [00000240D9FBF700][00000240D5804B80 49] AppleTV, [00000240D9EFF400][00000240D6B94D00 49] AppleTV4K, [00000240D9FBE800][00000240DA0A4E40 49] TVOS, [00000240D9EFDC00][00000240D6B98F80 49] Mac, [00000240D9FBDA00][00000240D6BC30C0 49] MacClient, [00000240D9EFFE00][00000240D6BCB240 49] MacNoEditor, [00000240D9FBFC00][00000240D6BD73C0 49] MacServer, [00000240D9EFE600][00000240D6BDB540 49] Linux, [00000240D9FBCB00][00000240D556B6C0 49] LinuxAArch64, [00000240D9EFF800][00000240D556F840 49] LinuxNoEditor, [00000240D9FBF400][00000240DA23D9C0 49] LinuxAArch64NoEditor, [00000240D9EFE300][00000240DA241B40 49] LinuxClient, [00000240D9FBF100][00000240DA244140 49] LinuxAArch64Client, [00000240D9EFD600][00000240D5CDC2C0 49] LinuxServer, [00000240D9FBE400][00000240D5CE0440 49] LinuxAArch64Server, [00000240D9EFEE00][00000240D5CE45C0 49] Android, [00000240D9FBD400][00000240DA126740 49] Android_Low, [00000240D9EFD900][00000240D57688C0 49] Android_Mid, [00000240D9FBD000][00000240D576CA40 49] Android_High, [00000240D9EFCA00][00000240D5770BC0 49] Android_Default, [00000240D9FBD200][00000240D5774D40 49] Android_Adreno4xx, [00000240D9EFF100][00000240D5778EC0 49] Android_Adreno5xx_Low, [00000240D9F4DB00][00000240D6BC7000 49] Android_Adreno5xx, [00000240D9F1F600][00000240D5CF9140 49] Android_Adreno6xx, [00000240D9F4D900][00000240D4DF1280 49] Android_Adreno6xx_Vulkan, [00000240D9F1FE00][00000240D4DF93C0 49] Android_Mali_T6xx, [00000240D9F4DA00][00000240D4E01540 49] Android_Mali_T7xx, [00000240D9F1D900][00000240D4E056C0 49] Android_Mali_T8xx, [00000240D9F4F300][00000240D4E09840 49] Android_Mali_G71, [00000240D9F1DD00][00000240D4E0D9C0 49] Android_Mali_G72, [00000240D9F4F200][00000240D4E11B40 49] Android_Mali_G72_Vulkan, [00000240D9F1C700][00000240D4E1E140 49] Android_Mali_G76, [00000240D9F4D300][00000240D4E222C0 49] Android_Mali_G76_Vulkan, [00000240D9F1D400][00000240DA39A440 49] Android_Mali_G77, [00000240D9F4F700][00000240DA3B45C0 49] Android_Mali_G77_Vulkan, [00000240D9F1EA00][00000240DA3B8740 49] Android_Mali_G78, [00000240D9F4FE00][00000240DA3BC8C0 49] Android_Mali_G78_Vulkan, [00000240D9F1D000][00000240DAFF6A40 49] Android_Mali_G710, [00000240D9F4FD00][00000240DAFFABC0 49] Android_Mali_G710_Vulkan, [00000240D9F1F500][00000240DAFFED40 49] Android_Vulkan_SM5, [00000240D9F4C900][00000240DA3C0EC0 49] Android_PowerVR_G6xxx, [00000240D9F1C400][00000240DA3C5040 49] Android_PowerVR_GT7xxx, [00000240D9F4CD00][00000240D4DFD180 49] Android_PowerVR_GE8xxx, [00000240D9F1DC00][00000240DA3C92C0 49] Android_PowerVR_GM9xxx, [00000240D9F4FC00][00000240DA3CD400 49] Android_PowerVR_GM9xxx_Vulkan, [00000240D9F1E600][00000240DA3D1540 49] Android_TegraK1, [00000240D9F4F800][00000240DA3ED6C0 49] Android_Unknown_Vulkan, [00000240D9F1FB00][00000240DA3F9840 49] Lumin, [00000240D9F4F000][00000240DA3FD9C0 49] Lumin_Desktop, [00000240D9EFE000][00000240DA401B40 49] HoloLens, 
[2023.07.11-19.42.19:411][  0]LogMeshReduction: Using QuadricMeshReduction for automatic static mesh reduction
[2023.07.11-19.42.19:411][  0]LogMeshReduction: Using SimplygonMeshReduction for automatic skeletal mesh reduction
[2023.07.11-19.42.19:411][  0]LogMeshReduction: Using ProxyLODMeshReduction for automatic mesh merging
[2023.07.11-19.42.19:411][  0]LogMeshReduction: No distributed automatic mesh merging module available
[2023.07.11-19.42.19:411][  0]LogMeshMerging: No distributed automatic mesh merging module available
[2023.07.11-19.42.19:433][  0]LogNetVersion: ActionRoguelike 1.0.0, NetCL: 17155196, EngineNetVer: 17, GameNetVer: 0 (Checksum: 1099936942)
[2023.07.11-19.42.19:682][  0]LogTexture: Default maximum texture size for cubemaps generated from long-lat sources has been changed from 512 to unlimited. In order to preserve old behaiour for '/Engine/MapTemplates/Sky/DaylightAmbientCubemap.DaylightAmbientCubemap', its maximum texture size has been explicitly set to 512.
[2023.07.11-19.42.19:722][  0]LogHMD: PokeAHoleMaterial loaded successfully
[2023.07.11-19.42.19:727][  0]LogUObjectArray: 17178 objects as part of root set at end of initial load.
[2023.07.11-19.42.19:727][  0]LogUObjectAllocator: 4302048 out of 0 bytes used by permanent object pool.
[2023.07.11-19.42.19:727][  0]LogUObjectArray: CloseDisregardForGC: 0/0 objects in disregard for GC pool
[2023.07.11-19.42.20:209][  0]LogNiagaraDebuggerClient: Niagara Debugger Client Initialized | Session: 70633EAE47DC536EC62AA79C3FFF9F30 | Instance: 6824BC6A43E471F22E32CFAEC0C4BFF0 (VPER-22972).
[2023.07.11-19.42.20:414][  0]LogPython: Using Python 3.7.7
[2023.07.11-19.42.20:748][  0]LogUdpMessaging: Initializing bridge on interface 0.0.0.0:0 to multicast group 230.0.0.1:6666.
[2023.07.11-19.42.20:759][  0]LogTcpMessaging: Initializing TcpMessaging bridge
[2023.07.11-19.42.21:097][  0]SourceControl: Source control is disabled
[2023.07.11-19.42.21:097][  0]SourceControl: Source control is disabled
[2023.07.11-19.42.21:103][  0]SourceControl: Source control is disabled
[2023.07.11-19.42.21:122][  0]SourceControl: Source control is disabled
[2023.07.11-19.42.21:128][  0]SourceControl: Source control is disabled
[2023.07.11-19.42.21:137][  0]LogUProjectInfo: Found projects:
[2023.07.11-19.42.21:547][  0]LogOpenImageDenoise: OIDN starting up
[2023.07.11-19.42.21:635][  0]LogAndroidPermission: UAndroidPermissionCallbackProxy::GetInstance
[2023.07.11-19.42.21:690][  0]LogAudioCaptureCore: Display: No Audio Capture implementations found. Audio input will be silent.
[2023.07.11-19.42.21:691][  0]LogAudioCaptureCore: Display: No Audio Capture implementations found. Audio input will be silent.
[2023.07.11-19.42.21:864][  0]LogCollectionManager: Loaded 0 collections in 0.001453 seconds
[2023.07.11-19.42.21:903][  0]LogFileCache: Scanning file cache for directory 'C:/VperData/GitHub/ActionRoguelike/ActionRoguelike/Saved/Collections/' took 0.00s
[2023.07.11-19.42.21:903][  0]LogFileCache: Scanning file cache for directory 'C:/VperData/GitHub/ActionRoguelike/ActionRoguelike/Content/Developers/virtu/Collections/' took 0.00s
[2023.07.11-19.42.21:903][  0]LogFileCache: Scanning file cache for directory 'C:/VperData/GitHub/ActionRoguelike/ActionRoguelike/Content/Collections/' took 0.00s
[2023.07.11-19.42.21:903][  0]LogOcInput: OculusInput pre-init called
[2023.07.11-19.42.22:125][  0]LogEngine: Initializing Engine...
[2023.07.11-19.42.22:129][  0]LogHMD: Failed to enumerate extensions. Please check that you have a valid OpenXR runtime installed.
[2023.07.11-19.42.22:129][  0]LogHMD: Failed to initialize OpenVR with code 110
[2023.07.11-19.42.22:129][  0]LogMagicLeap: Warning: VR disabled because ZI is not enabled.  To enable, in the editor, Edit -> Project Settings -> Plugins -> Magic Leap Plugin -> Enable Zero Iteration
[2023.07.11-19.42.22:130][  0]LogStats: UGameplayTagsManager::InitializeManager -  0.000 s
[2023.07.11-19.42.22:213][  0]LogInit: Initializing FReadOnlyCVARCache
[2023.07.11-19.42.22:224][  0]LogAIModule: Creating AISystem for world Untitled
[2023.07.11-19.42.22:225][  0]LogAudio: Display: Initializing Audio Device Manager...
[2023.07.11-19.42.22:234][  0]LogAudio: Display: Loading Default Audio Settings Objects...
[2023.07.11-19.42.22:234][  0]LogAudio: Display: No default SoundConcurrencyObject specified (or failed to load).
[2023.07.11-19.42.22:234][  0]LogAudio: Display: Audio Device Manager Initialized
[2023.07.11-19.42.22:234][  0]LogAudio: Display: Creating Audio Device:                 Id: 1, Scope: Shared, Realtime: True
[2023.07.11-19.42.22:234][  0]LogAudioMixer: Display: Audio Mixer Platform Settings:
[2023.07.11-19.42.22:234][  0]LogAudioMixer: Display: 	Sample Rate:						  48000
[2023.07.11-19.42.22:234][  0]LogAudioMixer: Display: 	Callback Buffer Frame Size Requested: 1024
[2023.07.11-19.42.22:234][  0]LogAudioMixer: Display: 	Callback Buffer Frame Size To Use:	  1024
[2023.07.11-19.42.22:234][  0]LogAudioMixer: Display: 	Number of buffers to queue:			  2
[2023.07.11-19.42.22:234][  0]LogAudioMixer: Display: 	Max Channels (voices):				  32
[2023.07.11-19.42.22:234][  0]LogAudioMixer: Display: 	Number of Async Source Workers:		  0
[2023.07.11-19.42.22:234][  0]LogAudio: Display: AudioDevice MaxSources: 32
[2023.07.11-19.42.22:235][  0]LogAudio: Display: Audio Spatialization Plugin: None (built-in).
[2023.07.11-19.42.22:235][  0]LogAudio: Display: Audio Reverb Plugin: None (built-in).
[2023.07.11-19.42.22:235][  0]LogAudio: Display: Audio Occlusion Plugin: None (built-in).
[2023.07.11-19.42.22:235][  0]LogAudioMixer: Display: Initializing audio mixer.
[2023.07.11-19.42.22:243][  0]LogAudioMixer: Display: 0: FrontLeft
[2023.07.11-19.42.22:243][  0]LogAudioMixer: Display: 1: FrontRight
[2023.07.11-19.42.22:257][  0]LogAudioMixer: Display: Using Audio Device Realtek HD Audio 2nd output (Realtek(R) Audio)
[2023.07.11-19.42.22:260][  0]LogAudioMixer: Display: Initializing Sound Submixes...
[2023.07.11-19.42.22:261][  0]LogAudioMixer: Display: Creating Master Submix 'MasterSubmixDefault'
[2023.07.11-19.42.22:261][  0]LogAudioMixer: Display: Creating Master Submix 'MasterReverbSubmixDefault'
[2023.07.11-19.42.22:261][  0]LogAudioMixer: Display: Creating Master Submix 'MasterEQSubmixDefault'
[2023.07.11-19.42.22:261][  0]LogAudioMixer: FMixerPlatformXAudio2::StartAudioStream() called
[2023.07.11-19.42.22:261][  0]LogAudioMixer: Display: Output buffers initialized: Frames=1024, Channels=2, Samples=2048
[2023.07.11-19.42.22:264][  0]LogAudioMixer: Display: Starting AudioMixerPlatformInterface::RunInternal()
[2023.07.11-19.42.22:264][  0]LogAudioMixer: Display: FMixerPlatformXAudio2::SubmitBuffer() called for the first time
[2023.07.11-19.42.22:264][  0]LogInit: FAudioDevice initialized.
[2023.07.11-19.42.22:264][  0]LogAudio: Display: Audio Device (ID: 1) registered with world 'Untitled'.
[2023.07.11-19.42.22:264][  0]LogNetVersion: Set ProjectVersion to 1.0.0.0. Version Checksum will be recalculated on next use.
[2023.07.11-19.42.22:307][  0]LogDerivedDataCache: Saved boot cache 0.04s 94MB C:/Users/virtu/AppData/Local/UnrealEngine/4.27/DerivedDataCache/Boot.ddc.
[2023.07.11-19.42.22:308][  0]LogInit: Texture streaming: Enabled
[2023.07.11-19.42.22:329][  0]LogAnalytics: Display: [UEEditor.Rocket.Release] APIServer = https://datarouter.ol.epicgames.com/. AppVersion = 4.27.2-18319896+++UE4+Release-4.27
[2023.07.11-19.42.22:334][  0]LogEngineSessionManager: EngineSessionManager initialized
[2023.07.11-19.42.22:334][  0]LogEditorSessionSummary: Verbose: Initializing EditorSessionSummaryWriter for editor session tracking
[2023.07.11-19.42.22:336][  0]LogEditorSessionSummary: EditorSessionSummaryWriter initialized
[2023.07.11-19.42.22:369][  0]LogInit: Transaction tracking system initialized
[2023.07.11-19.42.22:424][  0]BlueprintLog: New page: Editor Load
[2023.07.11-19.42.22:577][  0]LocalizationService: Localization service is disabled
[2023.07.11-19.42.22:629][  0]TimingProfiler: Initialize
[2023.07.11-19.42.22:629][  0]TimingProfiler: OnSessionChanged
[2023.07.11-19.42.22:629][  0]LoadingProfiler: Initialize
[2023.07.11-19.42.22:629][  0]LoadingProfiler: OnSessionChanged
[2023.07.11-19.42.22:629][  0]NetworkingProfiler: Initialize
[2023.07.11-19.42.22:629][  0]NetworkingProfiler: OnSessionChanged
[2023.07.11-19.42.22:629][  0]MemoryProfiler: Initialize
[2023.07.11-19.42.22:629][  0]MemoryProfiler: OnSessionChanged
[2023.07.11-19.42.22:962][  0]LogCook: Display: CookSettings for Memory: MemoryMaxUsedVirtual 0MiB, MemoryMaxUsedPhysical 16384MiB, MemoryMinFreeVirtual 0MiB, MemoryMinFreePhysical 1024MiB
[2023.07.11-19.42.22:963][  0]LogCook: Display: Mobile HDR setting 1
[2023.07.11-19.42.23:259][  0]LogFileCache: Scanning file cache for directory 'C:/VperData/GitHub/ActionRoguelike/ActionRoguelike/Content/' took 0.01s
[2023.07.11-19.42.23:376][  0]LogInit: Display: Engine is initialized. Leaving FEngineLoop::Init()
[2023.07.11-19.42.23:378][  0]SourceControl: Source control is disabled
[2023.07.11-19.42.23:378][  0]LogUnrealEdMisc: Loading editor; pre map load, took 6.582
[2023.07.11-19.42.23:378][  0]Cmd: MAP LOAD FILE="../../../../../../../VperData/GitHub/ActionRoguelike/ActionRoguelike/Content/ActionRoguelike/Maps/TestLevel.umap" TEMPLATE=0 SHOWPROGRESS=1 FEATURELEVEL=3
[2023.07.11-19.42.23:378][  0]LightingResults: New page: Lighting Build
[2023.07.11-19.42.23:379][  0]LogWorld: UWorld::CleanupWorld for Untitled, bSessionEnded=true, bCleanupResources=true
[2023.07.11-19.42.23:379][  0]LogSlate: InvalidateAllWidgets triggered.  All widgets were invalidated
[2023.07.11-19.42.23:379][  0]MapCheck: New page: Map Check
[2023.07.11-19.42.23:379][  0]LightingResults: New page: Lighting Build
[2023.07.11-19.42.23:385][  0]LogAudio: Display: Audio Device unregistered from world 'None'.
[2023.07.11-19.42.23:387][  0]LogUObjectHash: Compacting FUObjectHashTables data took   0.44ms
[2023.07.11-19.42.23:570][  0]LogSkeletalMesh: Display: [AssetLog] C:\VperData\GitHub\ActionRoguelike\ActionRoguelike\Content\ParagonGideon\Characters\Heroes\Gideon\Meshes\Gideon.uasset: Find and fix some bad tangent! please re-import this skeletal mesh asset to fix the issue. The shading of the skeletal mesh will be bad and faceted.
[2023.07.11-19.42.23:669][  0]LogAudio: Display: Audio Device (ID: 1) registered with world 'TestLevel'.
[2023.07.11-19.42.23:670][  0]LogAIModule: Creating AISystem for world TestLevel
[2023.07.11-19.42.23:681][  0]LogEditorServer: Finished looking for orphan Actors (0.000 secs)
[2023.07.11-19.42.23:687][  0]LogUObjectHash: Compacting FUObjectHashTables data took   0.51ms
[2023.07.11-19.42.23:687][  0]Cmd: MAP CHECKDEP NOCLEARLOG
[2023.07.11-19.42.23:687][  0]MapCheck: Map check complete: 0 Error(s), 0 Warning(s), took 0.087ms to complete.
[2023.07.11-19.42.23:687][  0]LogFileHelpers: Loading map 'TestLevel' took 0.309
[2023.07.11-19.42.23:689][  0]LogUnrealEdMisc: Total Editor Startup Time, took 6.893
[2023.07.11-19.42.23:793][  0]LogSlate: Updating window title bar state: overlay mode, drag disabled, window buttons hidden, title bar hidden
[2023.07.11-19.42.23:796][  0]LogSlate: Updating window title bar state: overlay mode, drag disabled, window buttons hidden, title bar hidden
[2023.07.11-19.42.23:800][  0]LogSlate: Updating window title bar state: overlay mode, drag disabled, window buttons hidden, title bar hidden
[2023.07.11-19.42.23:803][  0]LogSlate: Updating window title bar state: overlay mode, drag disabled, window buttons hidden, title bar hidden
[2023.07.11-19.42.23:811][  0]LogNativeClassHierarchy: Verbose: Native class hierarchy populated in 0.0055 seconds. Added 3840 classes and 932 folders.
[2023.07.11-19.42.23:813][  0]LogNativeClassHierarchy: Verbose: Native class hierarchy updated for 'WidgetCarousel' in 0.0001 seconds. Added 0 classes and 0 folders.
[2023.07.11-19.42.23:814][  0]LogPakFile: PakFile PrimaryIndexSize=187
[2023.07.11-19.42.23:814][  0]LogPakFile: PakFile PathHashIndexSize=101
[2023.07.11-19.42.23:814][  0]LogPakFile: PakFile FullDirectoryIndexSize=148
[2023.07.11-19.42.23:814][  0]LogShaderLibrary: Display: ShaderCodeLibraryPakFileMountedCallback: PakFile 'C:/Program Files (x86)/Vper/UE/UE_4.27/FeaturePacks/FP_FirstPerson.upack' (chunk index -1, root 'root:/') mounted
[2023.07.11-19.42.23:814][  0]LogShaderLibrary: Display: ShaderCodeLibraryPakFileMountedCallback: pending pak file info (ChunkID:-1 Root:root:/ File:C:/Program Files (x86)/Vper/UE/UE_4.27/FeaturePacks/FP_FirstPerson.upack)
[2023.07.11-19.42.23:814][  0]LogPakFile: OnPakFileMounted2Time == 0.000151
[2023.07.11-19.42.23:814][  0]LogPakFile: PakFile PrimaryIndexSize=189
[2023.07.11-19.42.23:814][  0]LogPakFile: PakFile PathHashIndexSize=101
[2023.07.11-19.42.23:814][  0]LogPakFile: PakFile FullDirectoryIndexSize=152
[2023.07.11-19.42.23:815][  0]LogShaderLibrary: Display: ShaderCodeLibraryPakFileMountedCallback: PakFile 'C:/Program Files (x86)/Vper/UE/UE_4.27/FeaturePacks/FP_FirstPersonBP.upack' (chunk index -1, root 'root:/') mounted
[2023.07.11-19.42.23:815][  0]LogShaderLibrary: Display: ShaderCodeLibraryPakFileMountedCallback: pending pak file info (ChunkID:-1 Root:root:/ File:C:/Program Files (x86)/Vper/UE/UE_4.27/FeaturePacks/FP_FirstPersonBP.upack)
[2023.07.11-19.42.23:815][  0]LogPakFile: OnPakFileMounted2Time == 0.000106
[2023.07.11-19.42.23:815][  0]LogPakFile: PakFile PrimaryIndexSize=191
[2023.07.11-19.42.23:815][  0]LogPakFile: PakFile PathHashIndexSize=101
[2023.07.11-19.42.23:815][  0]LogPakFile: PakFile FullDirectoryIndexSize=160
[2023.07.11-19.42.23:815][  0]LogShaderLibrary: Display: ShaderCodeLibraryPakFileMountedCallback: PakFile 'C:/Program Files (x86)/Vper/UE/UE_4.27/FeaturePacks/MobileStarterContent.upack' (chunk index -1, root 'root:/') mounted
[2023.07.11-19.42.23:815][  0]LogShaderLibrary: Display: ShaderCodeLibraryPakFileMountedCallback: pending pak file info (ChunkID:-1 Root:root:/ File:C:/Program Files (x86)/Vper/UE/UE_4.27/FeaturePacks/MobileStarterContent.upack)
[2023.07.11-19.42.23:815][  0]LogPakFile: OnPakFileMounted2Time == 0.000117
[2023.07.11-19.42.23:815][  0]LogPakFile: PakFile PrimaryIndexSize=185
[2023.07.11-19.42.23:815][  0]LogPakFile: PakFile PathHashIndexSize=101
[2023.07.11-19.42.23:816][  0]LogPakFile: PakFile FullDirectoryIndexSize=148
[2023.07.11-19.42.23:816][  0]LogShaderLibrary: Display: ShaderCodeLibraryPakFileMountedCallback: PakFile 'C:/Program Files (x86)/Vper/UE/UE_4.27/FeaturePacks/StarterContent.upack' (chunk index -1, root 'root:/') mounted
[2023.07.11-19.42.23:816][  0]LogShaderLibrary: Display: ShaderCodeLibraryPakFileMountedCallback: pending pak file info (ChunkID:-1 Root:root:/ File:C:/Program Files (x86)/Vper/UE/UE_4.27/FeaturePacks/StarterContent.upack)
[2023.07.11-19.42.23:816][  0]LogPakFile: OnPakFileMounted2Time == 0.000098
[2023.07.11-19.42.23:816][  0]LogPakFile: PakFile PrimaryIndexSize=190
[2023.07.11-19.42.23:816][  0]LogPakFile: PakFile PathHashIndexSize=101
[2023.07.11-19.42.23:816][  0]LogPakFile: PakFile FullDirectoryIndexSize=154
[2023.07.11-19.42.23:816][  0]LogShaderLibrary: Display: ShaderCodeLibraryPakFileMountedCallback: PakFile 'C:/Program Files (x86)/Vper/UE/UE_4.27/FeaturePacks/TP_2DSideScroller.upack' (chunk index -1, root 'root:/') mounted
[2023.07.11-19.42.23:816][  0]LogShaderLibrary: Display: ShaderCodeLibraryPakFileMountedCallback: pending pak file info (ChunkID:-1 Root:root:/ File:C:/Program Files (x86)/Vper/UE/UE_4.27/FeaturePacks/TP_2DSideScroller.upack)
[2023.07.11-19.42.23:816][  0]LogPakFile: OnPakFileMounted2Time == 0.000169
[2023.07.11-19.42.23:816][  0]LogPakFile: PakFile PrimaryIndexSize=192
[2023.07.11-19.42.23:817][  0]LogPakFile: PakFile PathHashIndexSize=101
[2023.07.11-19.42.23:817][  0]LogPakFile: PakFile FullDirectoryIndexSize=158
[2023.07.11-19.42.23:817][  0]LogShaderLibrary: Display: ShaderCodeLibraryPakFileMountedCallback: PakFile 'C:/Program Files (x86)/Vper/UE/UE_4.27/FeaturePacks/TP_2DSideScrollerBP.upack' (chunk index -1, root 'root:/') mounted
[2023.07.11-19.42.23:817][  0]LogShaderLibrary: Display: ShaderCodeLibraryPakFileMountedCallback: pending pak file info (ChunkID:-1 Root:root:/ File:C:/Program Files (x86)/Vper/UE/UE_4.27/FeaturePacks/TP_2DSideScrollerBP.upack)
[2023.07.11-19.42.23:817][  0]LogPakFile: OnPakFileMounted2Time == 0.000123
[2023.07.11-19.42.23:817][  0]LogPakFile: PakFile PrimaryIndexSize=182
[2023.07.11-19.42.23:817][  0]LogPakFile: PakFile PathHashIndexSize=101
[2023.07.11-19.42.23:817][  0]LogPakFile: PakFile FullDirectoryIndexSize=138
[2023.07.11-19.42.23:817][  0]LogShaderLibrary: Display: ShaderCodeLibraryPakFileMountedCallback: PakFile 'C:/Program Files (x86)/Vper/UE/UE_4.27/FeaturePacks/TP_Flying.upack' (chunk index -1, root 'root:/') mounted
[2023.07.11-19.42.23:817][  0]LogShaderLibrary: Display: ShaderCodeLibraryPakFileMountedCallback: pending pak file info (ChunkID:-1 Root:root:/ File:C:/Program Files (x86)/Vper/UE/UE_4.27/FeaturePacks/TP_Flying.upack)
[2023.07.11-19.42.23:817][  0]LogPakFile: OnPakFileMounted2Time == 0.000140
[2023.07.11-19.42.23:817][  0]LogPakFile: PakFile PrimaryIndexSize=184
[2023.07.11-19.42.23:818][  0]LogPakFile: PakFile PathHashIndexSize=101
[2023.07.11-19.42.23:818][  0]LogPakFile: PakFile FullDirectoryIndexSize=142
[2023.07.11-19.42.23:818][  0]LogShaderLibrary: Display: ShaderCodeLibraryPakFileMountedCallback: PakFile 'C:/Program Files (x86)/Vper/UE/UE_4.27/FeaturePacks/TP_FlyingBP.upack' (chunk index -1, root 'root:/') mounted
[2023.07.11-19.42.23:818][  0]LogShaderLibrary: Display: ShaderCodeLibraryPakFileMountedCallback: pending pak file info (ChunkID:-1 Root:root:/ File:C:/Program Files (x86)/Vper/UE/UE_4.27/FeaturePacks/TP_FlyingBP.upack)
[2023.07.11-19.42.23:818][  0]LogPakFile: OnPakFileMounted2Time == 0.000130
[2023.07.11-19.42.23:818][  0]LogPakFile: PakFile PrimaryIndexSize=188
[2023.07.11-19.42.23:818][  0]LogPakFile: PakFile PathHashIndexSize=101
[2023.07.11-19.42.23:818][  0]LogPakFile: PakFile FullDirectoryIndexSize=150
[2023.07.11-19.42.23:818][  0]LogShaderLibrary: Display: ShaderCodeLibraryPakFileMountedCallback: PakFile 'C:/Program Files (x86)/Vper/UE/UE_4.27/FeaturePacks/TP_HandheldARBP.upack' (chunk index -1, root 'root:/') mounted
[2023.07.11-19.42.23:818][  0]LogShaderLibrary: Display: ShaderCodeLibraryPakFileMountedCallback: pending pak file info (ChunkID:-1 Root:root:/ File:C:/Program Files (x86)/Vper/UE/UE_4.27/FeaturePacks/TP_HandheldARBP.upack)
[2023.07.11-19.42.23:818][  0]LogPakFile: OnPakFileMounted2Time == 0.000116
[2023.07.11-19.42.23:819][  0]LogPakFile: PakFile PrimaryIndexSize=182
[2023.07.11-19.42.23:819][  0]LogPakFile: PakFile PathHashIndexSize=101
[2023.07.11-19.42.23:819][  0]LogPakFile: PakFile FullDirectoryIndexSize=138
[2023.07.11-19.42.23:819][  0]LogShaderLibrary: Display: ShaderCodeLibraryPakFileMountedCallback: PakFile 'C:/Program Files (x86)/Vper/UE/UE_4.27/FeaturePacks/TP_Puzzle.upack' (chunk index -1, root 'root:/') mounted
[2023.07.11-19.42.23:819][  0]LogShaderLibrary: Display: ShaderCodeLibraryPakFileMountedCallback: pending pak file info (ChunkID:-1 Root:root:/ File:C:/Program Files (x86)/Vper/UE/UE_4.27/FeaturePacks/TP_Puzzle.upack)
[2023.07.11-19.42.23:819][  0]LogPakFile: OnPakFileMounted2Time == 0.000125
[2023.07.11-19.42.23:819][  0]LogPakFile: PakFile PrimaryIndexSize=184
[2023.07.11-19.42.23:819][  0]LogPakFile: PakFile PathHashIndexSize=101
[2023.07.11-19.42.23:819][  0]LogPakFile: PakFile FullDirectoryIndexSize=142
[2023.07.11-19.42.23:819][  0]LogShaderLibrary: Display: ShaderCodeLibraryPakFileMountedCallback: PakFile 'C:/Program Files (x86)/Vper/UE/UE_4.27/FeaturePacks/TP_PuzzleBP.upack' (chunk index -1, root 'root:/') mounted
[2023.07.11-19.42.23:819][  0]LogShaderLibrary: Display: ShaderCodeLibraryPakFileMountedCallback: pending pak file info (ChunkID:-1 Root:root:/ File:C:/Program Files (x86)/Vper/UE/UE_4.27/FeaturePacks/TP_PuzzleBP.upack)
[2023.07.11-19.42.23:819][  0]LogPakFile: OnPakFileMounted2Time == 0.000118
[2023.07.11-19.42.23:820][  0]LogPakFile: PakFile PrimaryIndexSize=183
[2023.07.11-19.42.23:820][  0]LogPakFile: PakFile PathHashIndexSize=101
[2023.07.11-19.42.23:820][  0]LogPakFile: PakFile FullDirectoryIndexSize=140
[2023.07.11-19.42.23:820][  0]LogShaderLibrary: Display: ShaderCodeLibraryPakFileMountedCallback: PakFile 'C:/Program Files (x86)/Vper/UE/UE_4.27/FeaturePacks/TP_Rolling.upack' (chunk index -1, root 'root:/') mounted
[2023.07.11-19.42.23:820][  0]LogShaderLibrary: Display: ShaderCodeLibraryPakFileMountedCallback: pending pak file info (ChunkID:-1 Root:root:/ File:C:/Program Files (x86)/Vper/UE/UE_4.27/FeaturePacks/TP_Rolling.upack)
[2023.07.11-19.42.23:820][  0]LogPakFile: OnPakFileMounted2Time == 0.000132
[2023.07.11-19.42.23:820][  0]LogPakFile: PakFile PrimaryIndexSize=185
[2023.07.11-19.42.23:820][  0]LogPakFile: PakFile PathHashIndexSize=101
[2023.07.11-19.42.23:820][  0]LogPakFile: PakFile FullDirectoryIndexSize=144
[2023.07.11-19.42.23:820][  0]LogShaderLibrary: Display: ShaderCodeLibraryPakFileMountedCallback: PakFile 'C:/Program Files (x86)/Vper/UE/UE_4.27/FeaturePacks/TP_RollingBP.upack' (chunk index -1, root 'root:/') mounted
[2023.07.11-19.42.23:820][  0]LogShaderLibrary: Display: ShaderCodeLibraryPakFileMountedCallback: pending pak file info (ChunkID:-1 Root:root:/ File:C:/Program Files (x86)/Vper/UE/UE_4.27/FeaturePacks/TP_RollingBP.upack)
[2023.07.11-19.42.23:820][  0]LogPakFile: OnPakFileMounted2Time == 0.000107
[2023.07.11-19.42.23:821][  0]LogPakFile: PakFile PrimaryIndexSize=188
[2023.07.11-19.42.23:821][  0]LogPakFile: PakFile PathHashIndexSize=101
[2023.07.11-19.42.23:821][  0]LogPakFile: PakFile FullDirectoryIndexSize=150
[2023.07.11-19.42.23:821][  0]LogShaderLibrary: Display: ShaderCodeLibraryPakFileMountedCallback: PakFile 'C:/Program Files (x86)/Vper/UE/UE_4.27/FeaturePacks/TP_SideScroller.upack' (chunk index -1, root 'root:/') mounted
[2023.07.11-19.42.23:821][  0]LogShaderLibrary: Display: ShaderCodeLibraryPakFileMountedCallback: pending pak file info (ChunkID:-1 Root:root:/ File:C:/Program Files (x86)/Vper/UE/UE_4.27/FeaturePacks/TP_SideScroller.upack)
[2023.07.11-19.42.23:821][  0]LogPakFile: OnPakFileMounted2Time == 0.000106
[2023.07.11-19.42.23:821][  0]LogPakFile: PakFile PrimaryIndexSize=190
[2023.07.11-19.42.23:821][  0]LogPakFile: PakFile PathHashIndexSize=101
[2023.07.11-19.42.23:821][  0]LogPakFile: PakFile FullDirectoryIndexSize=154
[2023.07.11-19.42.23:821][  0]LogShaderLibrary: Display: ShaderCodeLibraryPakFileMountedCallback: PakFile 'C:/Program Files (x86)/Vper/UE/UE_4.27/FeaturePacks/TP_SideScrollerBP.upack' (chunk index -1, root 'root:/') mounted
[2023.07.11-19.42.23:821][  0]LogShaderLibrary: Display: ShaderCodeLibraryPakFileMountedCallback: pending pak file info (ChunkID:-1 Root:root:/ File:C:/Program Files (x86)/Vper/UE/UE_4.27/FeaturePacks/TP_SideScrollerBP.upack)
[2023.07.11-19.42.23:821][  0]LogPakFile: OnPakFileMounted2Time == 0.000102
[2023.07.11-19.42.23:821][  0]LogPakFile: PakFile PrimaryIndexSize=187
[2023.07.11-19.42.23:821][  0]LogPakFile: PakFile PathHashIndexSize=101
[2023.07.11-19.42.23:821][  0]LogPakFile: PakFile FullDirectoryIndexSize=148
[2023.07.11-19.42.23:821][  0]LogShaderLibrary: Display: ShaderCodeLibraryPakFileMountedCallback: PakFile 'C:/Program Files (x86)/Vper/UE/UE_4.27/FeaturePacks/TP_ThirdPerson.upack' (chunk index -1, root 'root:/') mounted
[2023.07.11-19.42.23:821][  0]LogShaderLibrary: Display: ShaderCodeLibraryPakFileMountedCallback: pending pak file info (ChunkID:-1 Root:root:/ File:C:/Program Files (x86)/Vper/UE/UE_4.27/FeaturePacks/TP_ThirdPerson.upack)
[2023.07.11-19.42.23:821][  0]LogPakFile: OnPakFileMounted2Time == 0.000160
[2023.07.11-19.42.23:823][  0]LogPakFile: PakFile PrimaryIndexSize=189
[2023.07.11-19.42.23:823][  0]LogPakFile: PakFile PathHashIndexSize=101
[2023.07.11-19.42.23:823][  0]LogPakFile: PakFile FullDirectoryIndexSize=152
[2023.07.11-19.42.23:823][  0]LogShaderLibrary: Display: ShaderCodeLibraryPakFileMountedCallback: PakFile 'C:/Program Files (x86)/Vper/UE/UE_4.27/FeaturePacks/TP_ThirdPersonBP.upack' (chunk index -1, root 'root:/') mounted
[2023.07.11-19.42.23:823][  0]LogShaderLibrary: Display: ShaderCodeLibraryPakFileMountedCallback: pending pak file info (ChunkID:-1 Root:root:/ File:C:/Program Files (x86)/Vper/UE/UE_4.27/FeaturePacks/TP_ThirdPersonBP.upack)
[2023.07.11-19.42.23:823][  0]LogPakFile: OnPakFileMounted2Time == 0.000173
[2023.07.11-19.42.23:823][  0]LogPakFile: PakFile PrimaryIndexSize=183
[2023.07.11-19.42.23:823][  0]LogPakFile: PakFile PathHashIndexSize=101
[2023.07.11-19.42.23:823][  0]LogPakFile: PakFile FullDirectoryIndexSize=140
[2023.07.11-19.42.23:823][  0]LogShaderLibrary: Display: ShaderCodeLibraryPakFileMountedCallback: PakFile 'C:/Program Files (x86)/Vper/UE/UE_4.27/FeaturePacks/TP_TopDown.upack' (chunk index -1, root 'root:/') mounted
[2023.07.11-19.42.23:823][  0]LogShaderLibrary: Display: ShaderCodeLibraryPakFileMountedCallback: pending pak file info (ChunkID:-1 Root:root:/ File:C:/Program Files (x86)/Vper/UE/UE_4.27/FeaturePacks/TP_TopDown.upack)
[2023.07.11-19.42.23:823][  0]LogPakFile: OnPakFileMounted2Time == 0.000119
[2023.07.11-19.42.23:823][  0]LogPakFile: PakFile PrimaryIndexSize=185
[2023.07.11-19.42.23:823][  0]LogPakFile: PakFile PathHashIndexSize=101
[2023.07.11-19.42.23:823][  0]LogPakFile: PakFile FullDirectoryIndexSize=144
[2023.07.11-19.42.23:824][  0]LogShaderLibrary: Display: ShaderCodeLibraryPakFileMountedCallback: PakFile 'C:/Program Files (x86)/Vper/UE/UE_4.27/FeaturePacks/TP_TopDownBP.upack' (chunk index -1, root 'root:/') mounted
[2023.07.11-19.42.23:824][  0]LogShaderLibrary: Display: ShaderCodeLibraryPakFileMountedCallback: pending pak file info (ChunkID:-1 Root:root:/ File:C:/Program Files (x86)/Vper/UE/UE_4.27/FeaturePacks/TP_TopDownBP.upack)
[2023.07.11-19.42.23:824][  0]LogPakFile: OnPakFileMounted2Time == 0.000118
[2023.07.11-19.42.23:824][  0]LogPakFile: PakFile PrimaryIndexSize=185
[2023.07.11-19.42.23:824][  0]LogPakFile: PakFile PathHashIndexSize=101
[2023.07.11-19.42.23:824][  0]LogPakFile: PakFile FullDirectoryIndexSize=144
[2023.07.11-19.42.23:824][  0]LogShaderLibrary: Display: ShaderCodeLibraryPakFileMountedCallback: PakFile 'C:/Program Files (x86)/Vper/UE/UE_4.27/FeaturePacks/TP_TwinStick.upack' (chunk index -1, root 'root:/') mounted
[2023.07.11-19.42.23:824][  0]LogShaderLibrary: Display: ShaderCodeLibraryPakFileMountedCallback: pending pak file info (ChunkID:-1 Root:root:/ File:C:/Program Files (x86)/Vper/UE/UE_4.27/FeaturePacks/TP_TwinStick.upack)
[2023.07.11-19.42.23:824][  0]LogPakFile: OnPakFileMounted2Time == 0.000142
[2023.07.11-19.42.23:824][  0]LogPakFile: PakFile PrimaryIndexSize=187
[2023.07.11-19.42.23:824][  0]LogPakFile: PakFile PathHashIndexSize=101
[2023.07.11-19.42.23:824][  0]LogPakFile: PakFile FullDirectoryIndexSize=148
[2023.07.11-19.42.23:824][  0]LogShaderLibrary: Display: ShaderCodeLibraryPakFileMountedCallback: PakFile 'C:/Program Files (x86)/Vper/UE/UE_4.27/FeaturePacks/TP_TwinStickBP.upack' (chunk index -1, root 'root:/') mounted
[2023.07.11-19.42.23:825][  0]LogShaderLibrary: Display: ShaderCodeLibraryPakFileMountedCallback: pending pak file info (ChunkID:-1 Root:root:/ File:C:/Program Files (x86)/Vper/UE/UE_4.27/FeaturePacks/TP_TwinStickBP.upack)
[2023.07.11-19.42.23:825][  0]LogPakFile: OnPakFileMounted2Time == 0.000157
[2023.07.11-19.42.23:825][  0]LogPakFile: PakFile PrimaryIndexSize=183
[2023.07.11-19.42.23:825][  0]LogPakFile: PakFile PathHashIndexSize=101
[2023.07.11-19.42.23:825][  0]LogPakFile: PakFile FullDirectoryIndexSize=140
[2023.07.11-19.42.23:825][  0]LogShaderLibrary: Display: ShaderCodeLibraryPakFileMountedCallback: PakFile 'C:/Program Files (x86)/Vper/UE/UE_4.27/FeaturePacks/TP_Vehicle.upack' (chunk index -1, root 'root:/') mounted
[2023.07.11-19.42.23:825][  0]LogShaderLibrary: Display: ShaderCodeLibraryPakFileMountedCallback: pending pak file info (ChunkID:-1 Root:root:/ File:C:/Program Files (x86)/Vper/UE/UE_4.27/FeaturePacks/TP_Vehicle.upack)
[2023.07.11-19.42.23:825][  0]LogPakFile: OnPakFileMounted2Time == 0.000114
[2023.07.11-19.42.23:825][  0]LogPakFile: PakFile PrimaryIndexSize=186
[2023.07.11-19.42.23:825][  0]LogPakFile: PakFile PathHashIndexSize=101
[2023.07.11-19.42.23:825][  0]LogPakFile: PakFile FullDirectoryIndexSize=146
[2023.07.11-19.42.23:825][  0]LogShaderLibrary: Display: ShaderCodeLibraryPakFileMountedCallback: PakFile 'C:/Program Files (x86)/Vper/UE/UE_4.27/FeaturePacks/TP_VehicleAdv.upack' (chunk index -1, root 'root:/') mounted
[2023.07.11-19.42.23:826][  0]LogShaderLibrary: Display: ShaderCodeLibraryPakFileMountedCallback: pending pak file info (ChunkID:-1 Root:root:/ File:C:/Program Files (x86)/Vper/UE/UE_4.27/FeaturePacks/TP_VehicleAdv.upack)
[2023.07.11-19.42.23:826][  0]LogPakFile: OnPakFileMounted2Time == 0.000159
[2023.07.11-19.42.23:826][  0]LogPakFile: PakFile PrimaryIndexSize=188
[2023.07.11-19.42.23:826][  0]LogPakFile: PakFile PathHashIndexSize=101
[2023.07.11-19.42.23:826][  0]LogPakFile: PakFile FullDirectoryIndexSize=150
[2023.07.11-19.42.23:826][  0]LogShaderLibrary: Display: ShaderCodeLibraryPakFileMountedCallback: PakFile 'C:/Program Files (x86)/Vper/UE/UE_4.27/FeaturePacks/TP_VehicleAdvBP.upack' (chunk index -1, root 'root:/') mounted
[2023.07.11-19.42.23:826][  0]LogShaderLibrary: Display: ShaderCodeLibraryPakFileMountedCallback: pending pak file info (ChunkID:-1 Root:root:/ File:C:/Program Files (x86)/Vper/UE/UE_4.27/FeaturePacks/TP_VehicleAdvBP.upack)
[2023.07.11-19.42.23:826][  0]LogPakFile: OnPakFileMounted2Time == 0.000093
[2023.07.11-19.42.23:826][  0]LogPakFile: PakFile PrimaryIndexSize=185
[2023.07.11-19.42.23:826][  0]LogPakFile: PakFile PathHashIndexSize=101
[2023.07.11-19.42.23:826][  0]LogPakFile: PakFile FullDirectoryIndexSize=144
[2023.07.11-19.42.23:826][  0]LogShaderLibrary: Display: ShaderCodeLibraryPakFileMountedCallback: PakFile 'C:/Program Files (x86)/Vper/UE/UE_4.27/FeaturePacks/TP_VehicleBP.upack' (chunk index -1, root 'root:/') mounted
[2023.07.11-19.42.23:827][  0]LogShaderLibrary: Display: ShaderCodeLibraryPakFileMountedCallback: pending pak file info (ChunkID:-1 Root:root:/ File:C:/Program Files (x86)/Vper/UE/UE_4.27/FeaturePacks/TP_VehicleBP.upack)
[2023.07.11-19.42.23:827][  0]LogPakFile: OnPakFileMounted2Time == 0.000115
[2023.07.11-19.42.23:827][  0]LogPakFile: PakFile PrimaryIndexSize=192
[2023.07.11-19.42.23:827][  0]LogPakFile: PakFile PathHashIndexSize=101
[2023.07.11-19.42.23:827][  0]LogPakFile: PakFile FullDirectoryIndexSize=158
[2023.07.11-19.42.23:827][  0]LogShaderLibrary: Display: ShaderCodeLibraryPakFileMountedCallback: PakFile 'C:/Program Files (x86)/Vper/UE/UE_4.27/FeaturePacks/TP_VirtualRealityBP.upack' (chunk index -1, root 'root:/') mounted
[2023.07.11-19.42.23:827][  0]LogShaderLibrary: Display: ShaderCodeLibraryPakFileMountedCallback: pending pak file info (ChunkID:-1 Root:root:/ File:C:/Program Files (x86)/Vper/UE/UE_4.27/FeaturePacks/TP_VirtualRealityBP.upack)
[2023.07.11-19.42.23:827][  0]LogPakFile: OnPakFileMounted2Time == 0.000082
[2023.07.11-19.42.23:843][  0]LogNativeClassHierarchy: Verbose: Native class hierarchy updated for 'AddContentDialog' in 0.0002 seconds. Added 0 classes and 0 folders.
[2023.07.11-19.42.23:846][  0]LogNativeClassHierarchy: Verbose: Native class hierarchy updated for 'SceneOutliner' in 0.0002 seconds. Added 2 classes and 0 folders.
[2023.07.11-19.42.23:910][  0]LogSlate: Took 0.000104 seconds to synchronously load lazily loaded font '../../../Engine/Content/Slate/Fonts/Roboto-Regular.ttf' (155K)
[2023.07.11-19.42.23:911][  0]LogSlate: Took 0.000086 seconds to synchronously load lazily loaded font '../../../Engine/Content/Editor/Slate/Fonts/FontAwesome.ttf' (139K)
[2023.07.11-19.42.23:911][  0]LogSlate: Took 0.000080 seconds to synchronously load lazily loaded font '../../../Engine/Content/Slate/Fonts/Roboto-Bold.ttf' (160K)
[2023.07.11-19.42.23:953][  0]LogRenderer: Reallocating scene render targets to support 1208x568 Format 10 NumSamples 1 (Frame:1).
[2023.07.11-19.42.24:183][  0]LogSlate: Took 0.000137 seconds to synchronously load lazily loaded font '../../../Engine/Content/Slate/Fonts/Roboto-Light.ttf' (167K)
[2023.07.11-19.42.24:247][  0]LogNativeClassHierarchy: Verbose: Native class hierarchy updated for 'HierarchicalLODOutliner' in 0.0002 seconds. Added 0 classes and 0 folders.
[2023.07.11-19.42.24:247][  0]LogLoad: (Engine Initialization) Total time: 7.45 seconds
[2023.07.11-19.42.24:247][  0]LogLoad: (Engine Initialization) Total Blueprint compile time: 0.00 seconds
[2023.07.11-19.42.24:281][  0]LogAssetRegistry: Asset discovery search completed in 5.1387 seconds
[2023.07.11-19.42.24:285][  0]LogCollectionManager: Fixed up redirectors for 0 collections in 0.000003 seconds (updated 0 objects)
[2023.07.11-19.42.24:286][  0]LogContentStreaming: Texture pool size now 1000 MB
[2023.07.11-19.43.57:830][298]LogSlate: Took 0.000114 seconds to synchronously load lazily loaded font '../../../Engine/Content/Slate/Fonts/Roboto-Light.ttf' (167K)
[2023.07.11-19.43.57:846][298]LogAssetEditorSubsystem: Opening Asset editor for Blueprint /Game/ActionRoguelike/GameModeBP.GameModeBP
[2023.07.11-19.43.57:904][298]LogNativeClassHierarchy: Verbose: Native class hierarchy updated for 'BlueprintGraph' in 0.0003 seconds. Added 126 classes and 0 folders.
[2023.07.11-19.44.01:813][692]LogSlate: Window 'GameModeBP' being destroyed
[2023.07.11-19.44.03:646][908]LogWorld: UWorld::CleanupWorld for World_6, bSessionEnded=true, bCleanupResources=true
[2023.07.11-19.44.03:646][908]LogSlate: InvalidateAllWidgets triggered.  All widgets were invalidated
[2023.07.11-19.44.03:679][908]LogAssetEditorSubsystem: Opening Asset editor for Blueprint /Game/ActionRoguelike/GameModeBP.GameModeBP
[2023.07.11-19.44.03:911][908]LogSlate: Took 0.000144 seconds to synchronously load lazily loaded font '../../../Engine/Content/Slate/Fonts/Roboto-BoldCondensed.ttf' (158K)
[2023.07.11-19.44.06:130][163]LogSlate: Window 'GameModeBP' being destroyed
[2023.07.11-19.44.32:710][278]LogTemp: Repeating last play command: Selected Viewport
[2023.07.11-19.44.32:714][278]LogPlayLevel: PlayLevel: No blueprints needed recompiling
[2023.07.11-19.44.32:715][278]PIE: New page: PIE session: TestLevel (2023年7月12日 上午11:44:32)
[2023.07.11-19.44.32:716][278]LogOnline: OSS: Creating online subsystem instance for: NULL
[2023.07.11-19.44.32:718][278]LogOnline: OSS: TryLoadSubsystemAndSetDefault: Loaded subsystem for module [NULL]
[2023.07.11-19.44.32:718][278]LogPlayLevel: Creating play world package: /Game/ActionRoguelike/Maps/UEDPIE_0_TestLevel
[2023.07.11-19.44.32:747][278]LogPlayLevel: PIE: StaticDuplicateObject took: (0.028458s)
[2023.07.11-19.44.32:748][278]LogAIModule: Creating AISystem for world TestLevel
[2023.07.11-19.44.32:748][278]LogPlayLevel: PIE: World Init took: (0.000806s)
[2023.07.11-19.44.32:748][278]LogPlayLevel: PIE: Created PIE world by copying editor world from /Game/ActionRoguelike/Maps/TestLevel.TestLevel to /Game/ActionRoguelike/Maps/UEDPIE_0_TestLevel.TestLevel (0.029619s)
[2023.07.11-19.44.32:766][278]LogUObjectHash: Compacting FUObjectHashTables data took   1.28ms
[2023.07.11-19.44.32:767][278]LogAudio: Display: Creating Audio Device:                 Id: 2, Scope: Unique, Realtime: True
[2023.07.11-19.44.32:767][278]LogAudioMixer: Display: Audio Mixer Platform Settings:
[2023.07.11-19.44.32:767][278]LogAudioMixer: Display: 	Sample Rate:						  48000
[2023.07.11-19.44.32:767][278]LogAudioMixer: Display: 	Callback Buffer Frame Size Requested: 1024
[2023.07.11-19.44.32:767][278]LogAudioMixer: Display: 	Callback Buffer Frame Size To Use:	  1024
[2023.07.11-19.44.32:767][278]LogAudioMixer: Display: 	Number of buffers to queue:			  2
[2023.07.11-19.44.32:767][278]LogAudioMixer: Display: 	Max Channels (voices):				  32
[2023.07.11-19.44.32:768][278]LogAudioMixer: Display: 	Number of Async Source Workers:		  0
[2023.07.11-19.44.32:768][278]LogAudio: Display: AudioDevice MaxSources: 32
[2023.07.11-19.44.32:768][278]LogAudio: Display: Audio Spatialization Plugin: None (built-in).
[2023.07.11-19.44.32:768][278]LogAudio: Display: Audio Reverb Plugin: None (built-in).
[2023.07.11-19.44.32:768][278]LogAudio: Display: Audio Occlusion Plugin: None (built-in).
[2023.07.11-19.44.32:768][278]LogAudioMixer: Display: Initializing audio mixer.
[2023.07.11-19.44.32:769][278]LogAudioMixer: Display: 0: FrontLeft
[2023.07.11-19.44.32:770][278]LogAudioMixer: Display: 1: FrontRight
[2023.07.11-19.44.32:777][278]LogAudioMixer: Display: Using Audio Device Realtek HD Audio 2nd output (Realtek(R) Audio)
[2023.07.11-19.44.32:777][278]LogAudioMixer: Display: Initializing Sound Submixes...
[2023.07.11-19.44.32:777][278]LogAudioMixer: Display: Creating Master Submix 'MasterSubmixDefault'
[2023.07.11-19.44.32:777][278]LogAudioMixer: Display: Creating Master Submix 'MasterReverbSubmixDefault'
[2023.07.11-19.44.32:779][278]LogAudioMixer: Display: Creating Master Submix 'MasterEQSubmixDefault'
[2023.07.11-19.44.32:779][278]LogAudioMixer: FMixerPlatformXAudio2::StartAudioStream() called
[2023.07.11-19.44.32:779][278]LogAudioMixer: Display: Output buffers initialized: Frames=1024, Channels=2, Samples=2048
[2023.07.11-19.44.32:779][278]LogAudioMixer: Display: Starting AudioMixerPlatformInterface::RunInternal()
[2023.07.11-19.44.32:779][278]LogAudioMixer: Display: FMixerPlatformXAudio2::SubmitBuffer() called for the first time
[2023.07.11-19.44.32:779][278]LogInit: FAudioDevice initialized.
[2023.07.11-19.44.32:780][278]LogAudio: Display: Audio Device (ID: 2) registered with world 'TestLevel'.
[2023.07.11-19.44.32:812][278]LogSlate: Updating window title bar state: overlay mode, drag disabled, window buttons hidden, title bar hidden
[2023.07.11-19.44.32:812][278]LogLoad: Game class is 'GameModeBP_C'
[2023.07.11-19.44.32:816][278]LogWorld: Bringing World /Game/ActionRoguelike/Maps/UEDPIE_0_TestLevel.TestLevel up for play (max tick rate 0) at 2023.07.12-03.44.32
[2023.07.11-19.44.32:817][278]LogWorld: Bringing up level for play took: 0.004634
[2023.07.11-19.44.32:817][278]LogOnline: OSS: Creating online subsystem instance for: :Context_9
[2023.07.11-19.44.32:820][278]LogNativeClassHierarchy: Verbose: Native class hierarchy updated for 'MovieSceneCapture' in 0.0002 seconds. Added 20 classes and 0 folders.
[2023.07.11-19.44.32:821][278]PIE: Server logged in
[2023.07.11-19.44.32:821][278]PIE: Play in editor total start time 0.108 seconds.
[2023.07.11-19.44.32:824][278]LogEQS: Warning: FEnvQuery::PrepareContext found 1 invalid vectors from context /Game/ActionRoguelike/AI/QueryContext_TargetActor.QueryContext_TargetActor_C
[2023.07.11-19.44.32:838][279]LogRenderer: Reallocating scene render targets to support 1452x816 Format 10 NumSamples 1 (Frame:1).
