Log file open, 07/09/23 02:39:54
LogWindows: Failed to load 'aqProf.dll' (GetLastError=126)
LogWindows: File 'aqProf.dll' does not exist
LogWindows: Failed to load 'VtuneApi.dll' (GetLastError=126)
LogWindows: File 'VtuneApi.dll' does not exist
LogWindows: Failed to load 'VtuneApi32e.dll' (GetLastError=126)
LogWindows: File 'VtuneApi32e.dll' does not exist
LogConsoleResponse: Display: Failed to find resolution value strings in scalability ini. Falling back to default.
LogConsoleResponse: Display: Failed to find resolution value strings in scalability ini. Falling back to default.
LogInit: Display: Running engine for game: ActionRoguelike
LogPlatformFile: Not using cached read wrapper
LogTaskGraph: Started task graph with 5 named threads and 59 total threads with 3 sets of task threads.
LogStats: Stats thread started at 0.234599
LogICUInternationalization: ICU TimeZone Detection - Raw Offset: +8:00, Platform Override: ''
LogInit: Display: Loading text-based GConfig....
LogPluginManager: Mounting plugin MeshPainting
LogPluginManager: Mounting plugin XGEController
LogPluginManager: Mounting plugin Paper2D
LogPluginManager: Mounting plugin LiveLink
LogPluginManager: Mounting plugin LightPropagationVolume
LogPluginManager: Mounting plugin AISupport
LogPluginManager: Mounting plugin EnvironmentQueryEditor
LogPluginManager: Mounting plugin CameraShakePreviewer
LogPluginManager: Mounting plugin OodleData
LogPluginManager: Mounting plugin OodleNetwork
LogPluginManager: Mounting plugin BackChannel
LogPluginManager: Mounting plugin AlembicImporter
LogPluginManager: Mounting plugin GameplayCameras
LogPluginManager: Mounting plugin AutomationUtils
LogPluginManager: Mounting plugin ChaosCloth
LogPluginManager: Mounting plugin ChaosEditor
LogPluginManager: Mounting plugin ChaosClothEditor
LogPluginManager: Mounting plugin ChaosSolverPlugin
LogPluginManager: Mounting plugin CharacterAI
LogPluginManager: Mounting plugin ChaosNiagara
LogPluginManager: Mounting plugin GeometryCache
LogPluginManager: Mounting plugin Niagara
LogPluginManager: Mounting plugin DatasmithContent
LogPluginManager: Mounting plugin GeometryCollectionPlugin
LogPluginManager: Mounting plugin GeometryProcessing
LogPluginManager: Mounting plugin VariantManagerContent
LogPluginManager: Mounting plugin MotoSynth
LogPluginManager: Mounting plugin OpenImageDenoise
LogPluginManager: Mounting plugin ProxyLODPlugin
LogPluginManager: Mounting plugin PlanarCut
LogPluginManager: Mounting plugin SkeletalReduction
LogPluginManager: Mounting plugin PlatformCrypto
LogPluginManager: Mounting plugin LuminPlatformFeatures
LogPluginManager: Mounting plugin MagicLeap
LogPluginManager: Mounting plugin MagicLeapLightEstimation
LogPluginManager: Mounting plugin MagicLeapMedia
LogPluginManager: Mounting plugin MagicLeapPassableWorld
LogPluginManager: Mounting plugin MLSDK
LogPluginManager: Mounting plugin AnimationSharing
LogPluginManager: Mounting plugin GitSourceControl
LogPluginManager: Mounting plugin NullSourceCodeAccess
LogPluginManager: Mounting plugin PerforceSourceControl
LogPluginManager: Mounting plugin CLionSourceCodeAccess
LogPluginManager: Mounting plugin CodeLiteSourceCodeAccess
LogPluginManager: Mounting plugin PlasticSourceControl
LogPluginManager: Mounting plugin PluginUtils
LogPluginManager: Mounting plugin UdpMessaging
LogPluginManager: Mounting plugin TcpMessaging
LogPluginManager: Mounting plugin PropertyAccessNode
LogPluginManager: Mounting plugin KDevelopSourceCodeAccess
LogPluginManager: Mounting plugin TextureFormatOodle
LogPluginManager: Mounting plugin RiderSourceCodeAccess
LogPluginManager: Mounting plugin SubversionSourceControl
LogPluginManager: Mounting plugin UObjectPlugin
LogPluginManager: Mounting plugin VisualStudioSourceCodeAccess
LogPluginManager: Mounting plugin ActorSequence
LogPluginManager: Mounting plugin LevelSequenceEditor
LogPluginManager: Mounting plugin AndroidMedia
LogPluginManager: Mounting plugin XCodeSourceCodeAccess
LogPluginManager: Mounting plugin PythonScriptPlugin
LogPluginManager: Mounting plugin VisualStudioCodeSourceCodeAccess
LogPluginManager: Mounting plugin MatineeToLevelSequence
LogPluginManager: Mounting plugin TemplateSequence
LogPluginManager: Mounting plugin ImgMedia
LogPluginManager: Mounting plugin MediaCompositing
LogPluginManager: Mounting plugin PixWinPlugin
LogPluginManager: Mounting plugin MediaPlayerEditor
LogPluginManager: Mounting plugin WebMMedia
LogPluginManager: Mounting plugin WmfMedia
LogPluginManager: Mounting plugin LauncherChunkInstaller
LogPluginManager: Mounting plugin OnlineSubsystem
LogPluginManager: Mounting plugin OnlineSubsystemNull
LogPluginManager: Mounting plugin OnlineSubsystemUtils
LogPluginManager: Mounting plugin ScreenshotTools
LogPluginManager: Mounting plugin Takes
LogPluginManager: Mounting plugin ActorLayerUtilities
LogPluginManager: Mounting plugin AndroidMoviePlayer
LogPluginManager: Mounting plugin AndroidPermission
LogPluginManager: Mounting plugin AndroidDeviceProfileSelector
LogPluginManager: Mounting plugin AvfMedia
LogPluginManager: Mounting plugin AppleImageUtils
LogPluginManager: Mounting plugin ArchVisCharacter
LogPluginManager: Mounting plugin AssetTags
LogPluginManager: Mounting plugin AppleMoviePlayer
LogPluginManager: Mounting plugin AudioSynesthesia
LogPluginManager: Mounting plugin AudioCapture
LogPluginManager: Mounting plugin ChunkDownloader
LogPluginManager: Mounting plugin CableComponent
LogPluginManager: Mounting plugin CustomMeshComponent
LogPluginManager: Mounting plugin EditableMesh
LogPluginManager: Mounting plugin ExampleDeviceProfileSelector
LogPluginManager: Mounting plugin GooglePAD
LogPluginManager: Mounting plugin GoogleCloudMessaging
LogPluginManager: Mounting plugin IOSDeviceProfileSelector
LogPluginManager: Mounting plugin LinuxDeviceProfileSelector
LogPluginManager: Mounting plugin MobilePatchingUtils
LogPluginManager: Mounting plugin LocationServicesBPLibrary
LogPluginManager: Mounting plugin OpenXRHandTracking
LogPluginManager: Mounting plugin OpenXREyeTracker
LogPluginManager: Mounting plugin OpenXR
LogPluginManager: Mounting plugin PostSplashScreen
LogPluginManager: Mounting plugin SignificanceManager
LogPluginManager: Mounting plugin ProceduralMeshComponent
LogPluginManager: Mounting plugin RuntimePhysXCooking
LogPluginManager: Mounting plugin PropertyAccessEditor
LogPluginManager: Mounting plugin PhysXVehicles
LogPluginManager: Mounting plugin SoundFields
LogPluginManager: Mounting plugin Synthesis
LogPluginManager: Mounting plugin AssetManagerEditor
LogPluginManager: Mounting plugin WindowsMoviePlayer
LogPluginManager: Mounting plugin WebMMoviePlayer
LogPluginManager: Mounting plugin CurveEditorTools
LogPluginManager: Mounting plugin CryptoKeys
LogPluginManager: Mounting plugin GameplayTagsEditor
LogPluginManager: Mounting plugin DataValidation
LogPluginManager: Mounting plugin MacGraphicsSwitching
LogPluginManager: Mounting plugin GeometryMode
LogPluginManager: Mounting plugin MaterialAnalyzer
LogPluginManager: Mounting plugin FacialAnimation
LogPluginManager: Mounting plugin PluginBrowser
LogPluginManager: Mounting plugin MobileLauncherProfileWizard
LogPluginManager: Mounting plugin SpeedTreeImporter
LogPluginManager: Mounting plugin OnlineSubsystemGooglePlay
LogPluginManager: Mounting plugin OnlineSubsystemIOS
LogPluginManager: Mounting plugin OculusVR
LogPluginManager: Mounting plugin SteamVR
LogPluginManager: Mounting plugin ContentBrowserClassDataSource
LogPluginManager: Mounting plugin ContentBrowserAssetDataSource
LogPluginManager: Mounting plugin ContentBrowserFileDataSource
PixWinPlugin: PIX capture plugin failed to initialize! Check that the process is launched from PIX.
LogInit: Using libcurl 7.55.1-DEV
LogInit:  - built for x86_64-pc-win32
LogInit:  - supports SSL with OpenSSL/1.1.1
LogInit:  - supports HTTP deflate (compression) using libz 1.2.8
LogInit:  - other features:
LogInit:      CURL_VERSION_SSL
LogInit:      CURL_VERSION_LIBZ
LogInit:      CURL_VERSION_IPV6
LogInit:      CURL_VERSION_ASYNCHDNS
LogInit:      CURL_VERSION_LARGEFILE
LogInit:      CURL_VERSION_IDN
LogInit:  CurlRequestOptions (configurable via config and command line):
LogInit:  - bVerifyPeer = true  - Libcurl will verify peer certificate
LogInit:  - bUseHttpProxy = false  - Libcurl will NOT use HTTP proxy
LogInit:  - bDontReuseConnections = false  - Libcurl will reuse connections
LogInit:  - MaxHostConnections = 16  - Libcurl will limit the number of connections to a host
LogInit:  - LocalHostAddr = Default
LogInit:  - BufferSize = 65536
LogOnline: OSS: Creating online subsystem instance for: NULL
LogInit: WinSock: version 1.1 (2.2), MaxSocks=32767, MaxUdp=65467
LogOnline: OSS: TryLoadSubsystemAndSetDefault: Loaded subsystem for module [NULL]
LogOculusPluginWrapper: OculusPlugin initialized successfully
LogHMD: Failed initializing OVRPlugin 1.59.0
LogInit: Build: ++UE4+Release-4.27-CL-18319896
LogInit: Engine Version: 4.27.2-18319896+++UE4+Release-4.27
LogInit: Compatible Engine Version: 4.27.0-17155196+++UE4+Release-4.27
LogInit: Net CL: 17155196
LogInit: OS: Windows 10 (Release 2009) (), CPU: 13th Gen Intel(R) Core(TM) i5-13600KF, GPU: NVIDIA GeForce RTX 3060 Ti
LogInit: Compiled (64-bit): Nov 30 2021 07:12:08
LogInit: Compiled with Visual C++: 19.24.28315.00
LogInit: Build Configuration: Development
LogInit: Branch Name: ++UE4+Release-4.27
LogInit: Command Line:  -skipcompile
LogInit: Base Directory: C:/Program Files (x86)/Vper/UE/UE_4.27/Engine/Binaries/Win64/
LogInit: Allocator: TBB
LogInit: Installed Engine Build: 1
LogDevObjectVersion: Number of dev versions registered: 29
LogDevObjectVersion:   Dev-Blueprints (B0D832E4-1F89-4F0D-ACCF-7EB736FD4AA2): 10
LogDevObjectVersion:   Dev-Build (E1C64328-A22C-4D53-A36C-8E866417BD8C): 0
LogDevObjectVersion:   Dev-Core (375EC13C-06E4-48FB-B500-84F0262A717E): 4
LogDevObjectVersion:   Dev-Editor (E4B068ED-F494-42E9-A231-DA0B2E46BB41): 40
LogDevObjectVersion:   Dev-Framework (CFFC743F-43B0-4480-9391-14DF171D2073): 37
LogDevObjectVersion:   Dev-Mobile (B02B49B5-BB20-44E9-A304-32B752E40360): 3
LogDevObjectVersion:   Dev-Networking (A4E4105C-59A1-49B5-A7C5-40C4547EDFEE): 0
LogDevObjectVersion:   Dev-Online (39C831C9-5AE6-47DC-9A44-9C173E1C8E7C): 0
LogDevObjectVersion:   Dev-Physics (78F01B33-EBEA-4F98-B9B4-84EACCB95AA2): 14
LogDevObjectVersion:   Dev-Platform (6631380F-2D4D-43E0-8009-CF276956A95A): 0
LogDevObjectVersion:   Dev-Rendering (12F88B9F-8875-4AFC-A67C-D90C383ABD29): 45
LogDevObjectVersion:   Dev-Sequencer (7B5AE74C-D270-4C10-A958-57980B212A5A): 13
LogDevObjectVersion:   Dev-VR (D7296918-1DD6-4BDD-9DE2-64A83CC13884): 3
LogDevObjectVersion:   Dev-LoadTimes (C2A15278-BFE7-4AFE-6C17-90FF531DF755): 1
LogDevObjectVersion:   Private-Geometry (6EACA3D4-40EC-4CC1-B786-8BED09428FC5): 3
LogDevObjectVersion:   Dev-AnimPhys (29E575DD-E0A3-4627-9D10-D276232CDCEA): 17
LogDevObjectVersion:   Dev-Anim (AF43A65D-7FD3-4947-9873-3E8ED9C1BB05): 15
LogDevObjectVersion:   Dev-ReflectionCapture (6B266CEC-1EC7-4B8F-A30B-E4D90942FC07): 1
LogDevObjectVersion:   Dev-Automation (0DF73D61-A23F-47EA-B727-89E90C41499A): 1
LogDevObjectVersion:   FortniteMain (601D1886-AC64-4F84-AA16-D3DE0DEAC7D6): 47
LogDevObjectVersion:   FortniteRelease (E7086368-6B23-4C58-8439-1B7016265E91): 1
LogDevObjectVersion:   Dev-Enterprise (9DFFBCD6-494F-0158-E221-12823C92A888): 10
LogDevObjectVersion:   Dev-Niagara (F2AED0AC-9AFE-416F-8664-AA7FFA26D6FC): 1
LogDevObjectVersion:   Dev-Destruction (174F1F0B-B4C6-45A5-B13F-2EE8D0FB917D): 10
LogDevObjectVersion:   Dev-Physics-Ext (35F94A83-E258-406C-A318-09F59610247C): 41
LogDevObjectVersion:   Dev-PhysicsMaterial-Chaos (B68FC16E-8B1B-42E2-B453-215C058844FE): 1
LogDevObjectVersion:   Dev-CineCamera (B2E18506-4273-CFC2-A54E-F4BB758BBA07): 1
LogDevObjectVersion:   Dev-VirtualProduction (64F58936-FD1B-42BA-BA96-7289D5D0FA4E): 1
LogDevObjectVersion:   Dev-MediaFramework (6F0ED827-A609-4895-9C91-998D90180EA4): 2
LogInit: Presizing for max 25165824 objects, including 0 objects not considered by GC, pre-allocating 0 bytes for permanent pool.
LogConfig: Applying CVar settings from Section [/Script/Engine.StreamingSettings] File [C:/VperData/GitHub/ActionRoguelike/ActionRoguelike/Saved/Config/Windows/Engine.ini]
LogConfig: Setting CVar [[s.MinBulkDataSizeForAsyncLoading:131072]]
LogConfig: Setting CVar [[s.AsyncLoadingThreadEnabled:0]]
LogConfig: Setting CVar [[s.EventDrivenLoaderEnabled:1]]
LogConfig: Setting CVar [[s.WarnIfTimeLimitExceeded:0]]
LogConfig: Setting CVar [[s.TimeLimitExceededMultiplier:1.5]]
LogConfig: Setting CVar [[s.TimeLimitExceededMinTime:0.005]]
LogConfig: Setting CVar [[s.UseBackgroundLevelStreaming:1]]
LogConfig: Setting CVar [[s.PriorityAsyncLoadingExtraTime:15.0]]
LogConfig: Setting CVar [[s.LevelStreamingActorsUpdateTimeLimit:5.0]]
LogConfig: Setting CVar [[s.PriorityLevelStreamingActorsUpdateExtraTime:5.0]]
LogConfig: Setting CVar [[s.LevelStreamingComponentsRegistrationGranularity:10]]
LogConfig: Setting CVar [[s.UnregisterComponentsTimeLimit:1.0]]
LogConfig: Setting CVar [[s.LevelStreamingComponentsUnregistrationGranularity:5]]
LogConfig: Setting CVar [[s.FlushStreamingOnExit:1]]
LogInit: Object subsystem initialized
LogConfig: Setting CVar [[con.DebugEarlyDefault:1]]
LogConfig: Setting CVar [[r.setres:1280x720]]
[2023.07.08-18.39.54:710][  0]LogConfig: Setting CVar [[r.VSync:0]]
[2023.07.08-18.39.54:710][  0]LogConfig: Setting CVar [[r.RHICmdBypass:0]]
[2023.07.08-18.39.54:710][  0]LogConfig: Applying CVar settings from Section [/Script/Engine.RendererSettings] File [C:/VperData/GitHub/ActionRoguelike/ActionRoguelike/Saved/Config/Windows/Engine.ini]
[2023.07.08-18.39.54:710][  0]LogConfig: Setting CVar [[r.GPUCrashDebugging:0]]
[2023.07.08-18.39.54:710][  0]LogConfig: Applying CVar settings from Section [/Script/Engine.RendererOverrideSettings] File [C:/VperData/GitHub/ActionRoguelike/ActionRoguelike/Saved/Config/Windows/Engine.ini]
[2023.07.08-18.39.54:710][  0]LogConfig: Applying CVar settings from Section [/Script/Engine.StreamingSettings] File [C:/VperData/GitHub/ActionRoguelike/ActionRoguelike/Saved/Config/Windows/Engine.ini]
[2023.07.08-18.39.54:710][  0]LogConfig: Setting CVar [[s.MinBulkDataSizeForAsyncLoading:131072]]
[2023.07.08-18.39.54:710][  0]LogConfig: Setting CVar [[s.AsyncLoadingThreadEnabled:0]]
[2023.07.08-18.39.54:710][  0]LogConfig: Setting CVar [[s.EventDrivenLoaderEnabled:1]]
[2023.07.08-18.39.54:710][  0]LogConfig: Setting CVar [[s.WarnIfTimeLimitExceeded:0]]
[2023.07.08-18.39.54:710][  0]LogConfig: Setting CVar [[s.TimeLimitExceededMultiplier:1.5]]
[2023.07.08-18.39.54:710][  0]LogConfig: Setting CVar [[s.TimeLimitExceededMinTime:0.005]]
[2023.07.08-18.39.54:710][  0]LogConfig: Setting CVar [[s.UseBackgroundLevelStreaming:1]]
[2023.07.08-18.39.54:710][  0]LogConfig: Setting CVar [[s.PriorityAsyncLoadingExtraTime:15.0]]
[2023.07.08-18.39.54:710][  0]LogConfig: Setting CVar [[s.LevelStreamingActorsUpdateTimeLimit:5.0]]
[2023.07.08-18.39.54:710][  0]LogConfig: Setting CVar [[s.PriorityLevelStreamingActorsUpdateExtraTime:5.0]]
[2023.07.08-18.39.54:710][  0]LogConfig: Setting CVar [[s.LevelStreamingComponentsRegistrationGranularity:10]]
[2023.07.08-18.39.54:710][  0]LogConfig: Setting CVar [[s.UnregisterComponentsTimeLimit:1.0]]
[2023.07.08-18.39.54:710][  0]LogConfig: Setting CVar [[s.LevelStreamingComponentsUnregistrationGranularity:5]]
[2023.07.08-18.39.54:710][  0]LogConfig: Setting CVar [[s.FlushStreamingOnExit:1]]
[2023.07.08-18.39.54:710][  0]LogConfig: Applying CVar settings from Section [/Script/Engine.GarbageCollectionSettings] File [C:/VperData/GitHub/ActionRoguelike/ActionRoguelike/Saved/Config/Windows/Engine.ini]
[2023.07.08-18.39.54:710][  0]LogConfig: Setting CVar [[gc.MaxObjectsNotConsideredByGC:1]]
[2023.07.08-18.39.54:710][  0]LogConfig: Setting CVar [[gc.SizeOfPermanentObjectPool:0]]
[2023.07.08-18.39.54:710][  0]LogConfig: Setting CVar [[gc.FlushStreamingOnGC:0]]
[2023.07.08-18.39.54:710][  0]LogConfig: Setting CVar [[gc.NumRetriesBeforeForcingGC:10]]
[2023.07.08-18.39.54:710][  0]LogConfig: Setting CVar [[gc.AllowParallelGC:1]]
[2023.07.08-18.39.54:710][  0]LogConfig: Setting CVar [[gc.TimeBetweenPurgingPendingKillObjects:61.1]]
[2023.07.08-18.39.54:711][  0]LogConfig: Setting CVar [[gc.MaxObjectsInEditor:25165824]]
[2023.07.08-18.39.54:711][  0]LogConfig: Setting CVar [[gc.IncrementalBeginDestroyEnabled:1]]
[2023.07.08-18.39.54:711][  0]LogConfig: Setting CVar [[gc.CreateGCClusters:1]]
[2023.07.08-18.39.54:711][  0]LogConfig: Setting CVar [[gc.MinGCClusterSize:5]]
[2023.07.08-18.39.54:711][  0]LogConfig: Setting CVar [[gc.ActorClusteringEnabled:0]]
[2023.07.08-18.39.54:711][  0]LogConfig: Setting CVar [[gc.BlueprintClusteringEnabled:0]]
[2023.07.08-18.39.54:711][  0]LogConfig: Setting CVar [[gc.UseDisregardForGCOnDedicatedServers:0]]
[2023.07.08-18.39.54:711][  0]LogConfig: Setting CVar [[gc.MultithreadedDestructionEnabled:1]]
[2023.07.08-18.39.54:711][  0]LogConfig: Applying CVar settings from Section [/Script/Engine.NetworkSettings] File [C:/VperData/GitHub/ActionRoguelike/ActionRoguelike/Saved/Config/Windows/Engine.ini]
[2023.07.08-18.39.54:711][  0]LogConfig: Applying CVar settings from Section [/Script/UnrealEd.CookerSettings] File [C:/VperData/GitHub/ActionRoguelike/ActionRoguelike/Saved/Config/Windows/Engine.ini]
[2023.07.08-18.39.54:715][  0]LogConfig: Applying CVar settings from Section [ViewDistanceQuality@3] File [C:/VperData/GitHub/ActionRoguelike/ActionRoguelike/Saved/Config/Windows/Scalability.ini]
[2023.07.08-18.39.54:715][  0]LogConfig: Setting CVar [[r.SkeletalMeshLODBias:0]]
[2023.07.08-18.39.54:715][  0]LogConfig: Setting CVar [[r.ViewDistanceScale:1.0]]
[2023.07.08-18.39.54:715][  0]LogConfig: Applying CVar settings from Section [AntiAliasingQuality@3] File [C:/VperData/GitHub/ActionRoguelike/ActionRoguelike/Saved/Config/Windows/Scalability.ini]
[2023.07.08-18.39.54:715][  0]LogConfig: Setting CVar [[r.PostProcessAAQuality:4]]
[2023.07.08-18.39.54:715][  0]LogConfig: Applying CVar settings from Section [ShadowQuality@3] File [C:/VperData/GitHub/ActionRoguelike/ActionRoguelike/Saved/Config/Windows/Scalability.ini]
[2023.07.08-18.39.54:715][  0]LogConfig: Setting CVar [[r.LightFunctionQuality:1]]
[2023.07.08-18.39.54:715][  0]LogConfig: Setting CVar [[r.ShadowQuality:5]]
[2023.07.08-18.39.54:715][  0]LogConfig: Setting CVar [[r.Shadow.CSM.MaxCascades:10]]
[2023.07.08-18.39.54:715][  0]LogConfig: Setting CVar [[r.Shadow.MaxResolution:2048]]
[2023.07.08-18.39.54:715][  0]LogConfig: Setting CVar [[r.Shadow.MaxCSMResolution:2048]]
[2023.07.08-18.39.54:715][  0]LogConfig: Setting CVar [[r.Shadow.RadiusThreshold:0.01]]
[2023.07.08-18.39.54:715][  0]LogConfig: Setting CVar [[r.Shadow.DistanceScale:1.0]]
[2023.07.08-18.39.54:715][  0]LogConfig: Setting CVar [[r.Shadow.CSM.TransitionScale:1.0]]
[2023.07.08-18.39.54:715][  0]LogConfig: Setting CVar [[r.Shadow.PreShadowResolutionFactor:1.0]]
[2023.07.08-18.39.54:716][  0]LogConfig: Setting CVar [[r.DistanceFieldShadowing:1]]
[2023.07.08-18.39.54:716][  0]LogConfig: Setting CVar [[r.DistanceFieldAO:1]]
[2023.07.08-18.39.54:716][  0]LogConfig: Setting CVar [[r.AOQuality:2]]
[2023.07.08-18.39.54:716][  0]LogConfig: Setting CVar [[r.VolumetricFog:1]]
[2023.07.08-18.39.54:716][  0]LogConfig: Setting CVar [[r.VolumetricFog.GridPixelSize:8]]
[2023.07.08-18.39.54:716][  0]LogConfig: Setting CVar [[r.VolumetricFog.GridSizeZ:128]]
[2023.07.08-18.39.54:716][  0]LogConfig: Setting CVar [[r.VolumetricFog.HistoryMissSupersampleCount:4]]
[2023.07.08-18.39.54:716][  0]LogConfig: Setting CVar [[r.LightMaxDrawDistanceScale:1]]
[2023.07.08-18.39.54:716][  0]LogConfig: Setting CVar [[r.CapsuleShadows:1]]
[2023.07.08-18.39.54:716][  0]LogConfig: Applying CVar settings from Section [PostProcessQuality@3] File [C:/VperData/GitHub/ActionRoguelike/ActionRoguelike/Saved/Config/Windows/Scalability.ini]
[2023.07.08-18.39.54:716][  0]LogConfig: Setting CVar [[r.MotionBlurQuality:4]]
[2023.07.08-18.39.54:716][  0]LogConfig: Setting CVar [[r.AmbientOcclusionMipLevelFactor:0.4]]
[2023.07.08-18.39.54:716][  0]LogConfig: Setting CVar [[r.AmbientOcclusionMaxQuality:100]]
[2023.07.08-18.39.54:716][  0]LogConfig: Setting CVar [[r.AmbientOcclusionLevels:-1]]
[2023.07.08-18.39.54:716][  0]LogConfig: Setting CVar [[r.AmbientOcclusionRadiusScale:1.0]]
[2023.07.08-18.39.54:716][  0]LogConfig: Setting CVar [[r.DepthOfFieldQuality:2]]
[2023.07.08-18.39.54:716][  0]LogConfig: Setting CVar [[r.RenderTargetPoolMin:400]]
[2023.07.08-18.39.54:716][  0]LogConfig: Setting CVar [[r.LensFlareQuality:2]]
[2023.07.08-18.39.54:716][  0]LogConfig: Setting CVar [[r.SceneColorFringeQuality:1]]
[2023.07.08-18.39.54:716][  0]LogConfig: Setting CVar [[r.EyeAdaptationQuality:2]]
[2023.07.08-18.39.54:716][  0]LogConfig: Setting CVar [[r.BloomQuality:5]]
[2023.07.08-18.39.54:716][  0]LogConfig: Setting CVar [[r.FastBlurThreshold:100]]
[2023.07.08-18.39.54:716][  0]LogConfig: Setting CVar [[r.Upscale.Quality:3]]
[2023.07.08-18.39.54:716][  0]LogConfig: Setting CVar [[r.Tonemapper.GrainQuantization:1]]
[2023.07.08-18.39.54:717][  0]LogConfig: Setting CVar [[r.LightShaftQuality:1]]
[2023.07.08-18.39.54:717][  0]LogConfig: Setting CVar [[r.Filter.SizeScale:1]]
[2023.07.08-18.39.54:717][  0]LogConfig: Setting CVar [[r.Tonemapper.Quality:5]]
[2023.07.08-18.39.54:717][  0]LogConfig: Setting CVar [[r.DOF.Gather.AccumulatorQuality:1        ; higher gathering accumulator quality]]
[2023.07.08-18.39.54:717][  0]LogConfig: Setting CVar [[r.DOF.Gather.PostfilterMethod:1          ; Median3x3 postfilering method]]
[2023.07.08-18.39.54:717][  0]LogConfig: Setting CVar [[r.DOF.Gather.EnableBokehSettings:0       ; no bokeh simulation when gathering]]
[2023.07.08-18.39.54:717][  0]LogConfig: Setting CVar [[r.DOF.Gather.RingCount:4                 ; medium number of samples when gathering]]
[2023.07.08-18.39.54:717][  0]LogConfig: Setting CVar [[r.DOF.Scatter.ForegroundCompositing:1    ; additive foreground scattering]]
[2023.07.08-18.39.54:717][  0]LogConfig: Setting CVar [[r.DOF.Scatter.BackgroundCompositing:2    ; additive background scattering]]
[2023.07.08-18.39.54:717][  0]LogConfig: Setting CVar [[r.DOF.Scatter.EnableBokehSettings:1      ; bokeh simulation when scattering]]
[2023.07.08-18.39.54:717][  0]LogConfig: Setting CVar [[r.DOF.Scatter.MaxSpriteRatio:0.1         ; only a maximum of 10% of scattered bokeh]]
[2023.07.08-18.39.54:717][  0]LogConfig: Setting CVar [[r.DOF.Recombine.Quality:1                ; cheap slight out of focus]]
[2023.07.08-18.39.54:717][  0]LogConfig: Setting CVar [[r.DOF.Recombine.EnableBokehSettings:0    ; no bokeh simulation on slight out of focus]]
[2023.07.08-18.39.54:717][  0]LogConfig: Setting CVar [[r.DOF.TemporalAAQuality:1                ; more stable temporal accumulation]]
[2023.07.08-18.39.54:717][  0]LogConfig: Setting CVar [[r.DOF.Kernel.MaxForegroundRadius:0.025]]
[2023.07.08-18.39.54:717][  0]LogConfig: Setting CVar [[r.DOF.Kernel.MaxBackgroundRadius:0.025]]
[2023.07.08-18.39.54:717][  0]LogConfig: Applying CVar settings from Section [TextureQuality@3] File [C:/VperData/GitHub/ActionRoguelike/ActionRoguelike/Saved/Config/Windows/Scalability.ini]
[2023.07.08-18.39.54:717][  0]LogConfig: Setting CVar [[r.Streaming.MipBias:0]]
[2023.07.08-18.39.54:717][  0]LogConfig: Setting CVar [[r.Streaming.AmortizeCPUToGPUCopy:0]]
[2023.07.08-18.39.54:717][  0]LogConfig: Setting CVar [[r.Streaming.MaxNumTexturesToStreamPerFrame:0]]
[2023.07.08-18.39.54:717][  0]LogConfig: Setting CVar [[r.Streaming.Boost:1]]
[2023.07.08-18.39.54:717][  0]LogConfig: Setting CVar [[r.MaxAnisotropy:8]]
[2023.07.08-18.39.54:717][  0]LogConfig: Setting CVar [[r.VT.MaxAnisotropy:8]]
[2023.07.08-18.39.54:717][  0]LogConfig: Setting CVar [[r.Streaming.LimitPoolSizeToVRAM:0]]
[2023.07.08-18.39.54:717][  0]LogConfig: Setting CVar [[r.Streaming.PoolSize:1000]]
[2023.07.08-18.39.54:717][  0]LogConfig: Setting CVar [[r.Streaming.MaxEffectiveScreenSize:0]]
[2023.07.08-18.39.54:717][  0]LogConfig: Applying CVar settings from Section [EffectsQuality@3] File [C:/VperData/GitHub/ActionRoguelike/ActionRoguelike/Saved/Config/Windows/Scalability.ini]
[2023.07.08-18.39.54:717][  0]LogConfig: Setting CVar [[r.TranslucencyLightingVolumeDim:64]]
[2023.07.08-18.39.54:717][  0]LogConfig: Setting CVar [[r.RefractionQuality:2]]
[2023.07.08-18.39.54:717][  0]LogConfig: Setting CVar [[r.SSR.Quality:3]]
[2023.07.08-18.39.54:717][  0]LogConfig: Setting CVar [[r.SSR.HalfResSceneColor:0]]
[2023.07.08-18.39.54:717][  0]LogConfig: Setting CVar [[r.SceneColorFormat:4]]
[2023.07.08-18.39.54:718][  0]LogConfig: Setting CVar [[r.DetailMode:2]]
[2023.07.08-18.39.54:718][  0]LogConfig: Setting CVar [[r.TranslucencyVolumeBlur:1]]
[2023.07.08-18.39.54:718][  0]LogConfig: Setting CVar [[r.MaterialQualityLevel:1 ; High quality]]
[2023.07.08-18.39.54:718][  0]LogConfig: Setting CVar [[r.AnisotropicMaterials:1]]
[2023.07.08-18.39.54:718][  0]LogConfig: Setting CVar [[r.SSS.Scale:1]]
[2023.07.08-18.39.54:718][  0]LogConfig: Setting CVar [[r.SSS.SampleSet:2]]
[2023.07.08-18.39.54:718][  0]LogConfig: Setting CVar [[r.SSS.Quality:1]]
[2023.07.08-18.39.54:718][  0]LogConfig: Setting CVar [[r.SSS.HalfRes:0]]
[2023.07.08-18.39.54:718][  0]LogConfig: Setting CVar [[r.SSGI.Quality:3]]
[2023.07.08-18.39.54:718][  0]LogConfig: Setting CVar [[r.EmitterSpawnRateScale:1.0]]
[2023.07.08-18.39.54:718][  0]LogConfig: Setting CVar [[r.ParticleLightQuality:2]]
[2023.07.08-18.39.54:718][  0]LogConfig: Setting CVar [[r.SkyAtmosphere.AerialPerspectiveLUT.FastApplyOnOpaque:1 ; Always have FastSkyLUT 1 in this case to avoid wrong sky]]
[2023.07.08-18.39.54:718][  0]LogConfig: Setting CVar [[r.SkyAtmosphere.AerialPerspectiveLUT.SampleCountMaxPerSlice:4]]
[2023.07.08-18.39.54:718][  0]LogConfig: Setting CVar [[r.SkyAtmosphere.AerialPerspectiveLUT.DepthResolution:16.0]]
[2023.07.08-18.39.54:718][  0]LogConfig: Setting CVar [[r.SkyAtmosphere.FastSkyLUT:1]]
[2023.07.08-18.39.54:718][  0]LogConfig: Setting CVar [[r.SkyAtmosphere.FastSkyLUT.SampleCountMin:4.0]]
[2023.07.08-18.39.54:718][  0]LogConfig: Setting CVar [[r.SkyAtmosphere.FastSkyLUT.SampleCountMax:128.0]]
[2023.07.08-18.39.54:718][  0]LogConfig: Setting CVar [[r.SkyAtmosphere.SampleCountMin:4.0]]
[2023.07.08-18.39.54:718][  0]LogConfig: Setting CVar [[r.SkyAtmosphere.SampleCountMax:128.0]]
[2023.07.08-18.39.54:718][  0]LogConfig: Setting CVar [[r.SkyAtmosphere.TransmittanceLUT.UseSmallFormat:0]]
[2023.07.08-18.39.54:718][  0]LogConfig: Setting CVar [[r.SkyAtmosphere.TransmittanceLUT.SampleCount:10.0]]
[2023.07.08-18.39.54:718][  0]LogConfig: Setting CVar [[r.SkyAtmosphere.MultiScatteringLUT.SampleCount:15.0]]
[2023.07.08-18.39.54:718][  0]LogConfig: Setting CVar [[r.SkyLight.RealTimeReflectionCapture:1]]
[2023.07.08-18.39.54:718][  0]LogConfig: Applying CVar settings from Section [FoliageQuality@3] File [C:/VperData/GitHub/ActionRoguelike/ActionRoguelike/Saved/Config/Windows/Scalability.ini]
[2023.07.08-18.39.54:718][  0]LogConfig: Setting CVar [[foliage.DensityScale:1.0]]
[2023.07.08-18.39.54:718][  0]LogConfig: Setting CVar [[grass.DensityScale:1.0]]
[2023.07.08-18.39.54:718][  0]LogConfig: Applying CVar settings from Section [ShadingQuality@3] File [C:/VperData/GitHub/ActionRoguelike/ActionRoguelike/Saved/Config/Windows/Scalability.ini]
[2023.07.08-18.39.54:718][  0]LogConfig: Setting CVar [[r.HairStrands.SkyLighting.IntegrationType:2]]
[2023.07.08-18.39.54:718][  0]LogConfig: Setting CVar [[r.HairStrands.SkyAO.SampleCount:4]]
[2023.07.08-18.39.54:718][  0]LogConfig: Setting CVar [[r.HairStrands.Visibility.MSAA.SamplePerPixel:4]]
[2023.07.08-18.39.54:719][  0]LogInit: Selected Device Profile: [Windows]
[2023.07.08-18.39.54:719][  0]LogInit: Applying CVar settings loaded from the selected device profile: [Windows]
[2023.07.08-18.39.54:719][  0]LogHAL: Display: Platform has ~ 32 GB [34185904128 / 34359738368 / 32], which maps to Largest [LargestMinGB=32, LargerMinGB=12, DefaultMinGB=8, SmallerMinGB=6, SmallestMinGB=0)
[2023.07.08-18.39.54:719][  0]LogInit: Going up to parent DeviceProfile []
[2023.07.08-18.39.54:719][  0]LogConfig: Applying CVar settings from Section [ViewDistanceQuality@3] File [C:/VperData/GitHub/ActionRoguelike/ActionRoguelike/Saved/Config/Windows/Scalability.ini]
[2023.07.08-18.39.54:719][  0]LogConfig: Setting CVar [[r.SkeletalMeshLODBias:0]]
[2023.07.08-18.39.54:719][  0]LogConfig: Setting CVar [[r.ViewDistanceScale:1.0]]
[2023.07.08-18.39.54:719][  0]LogConfig: Applying CVar settings from Section [AntiAliasingQuality@3] File [C:/VperData/GitHub/ActionRoguelike/ActionRoguelike/Saved/Config/Windows/Scalability.ini]
[2023.07.08-18.39.54:719][  0]LogConfig: Setting CVar [[r.PostProcessAAQuality:4]]
[2023.07.08-18.39.54:719][  0]LogConfig: Applying CVar settings from Section [ShadowQuality@3] File [C:/VperData/GitHub/ActionRoguelike/ActionRoguelike/Saved/Config/Windows/Scalability.ini]
[2023.07.08-18.39.54:719][  0]LogConfig: Setting CVar [[r.LightFunctionQuality:1]]
[2023.07.08-18.39.54:719][  0]LogConfig: Setting CVar [[r.ShadowQuality:5]]
[2023.07.08-18.39.54:719][  0]LogConfig: Setting CVar [[r.Shadow.CSM.MaxCascades:10]]
[2023.07.08-18.39.54:719][  0]LogConfig: Setting CVar [[r.Shadow.MaxResolution:2048]]
[2023.07.08-18.39.54:719][  0]LogConfig: Setting CVar [[r.Shadow.MaxCSMResolution:2048]]
[2023.07.08-18.39.54:719][  0]LogConfig: Setting CVar [[r.Shadow.RadiusThreshold:0.01]]
[2023.07.08-18.39.54:719][  0]LogConfig: Setting CVar [[r.Shadow.DistanceScale:1.0]]
[2023.07.08-18.39.54:719][  0]LogConfig: Setting CVar [[r.Shadow.CSM.TransitionScale:1.0]]
[2023.07.08-18.39.54:719][  0]LogConfig: Setting CVar [[r.Shadow.PreShadowResolutionFactor:1.0]]
[2023.07.08-18.39.54:719][  0]LogConfig: Setting CVar [[r.DistanceFieldShadowing:1]]
[2023.07.08-18.39.54:719][  0]LogConfig: Setting CVar [[r.DistanceFieldAO:1]]
[2023.07.08-18.39.54:719][  0]LogConfig: Setting CVar [[r.AOQuality:2]]
[2023.07.08-18.39.54:719][  0]LogConfig: Setting CVar [[r.VolumetricFog:1]]
[2023.07.08-18.39.54:719][  0]LogConfig: Setting CVar [[r.VolumetricFog.GridPixelSize:8]]
[2023.07.08-18.39.54:720][  0]LogConfig: Setting CVar [[r.VolumetricFog.GridSizeZ:128]]
[2023.07.08-18.39.54:720][  0]LogConfig: Setting CVar [[r.VolumetricFog.HistoryMissSupersampleCount:4]]
[2023.07.08-18.39.54:720][  0]LogConfig: Setting CVar [[r.LightMaxDrawDistanceScale:1]]
[2023.07.08-18.39.54:720][  0]LogConfig: Setting CVar [[r.CapsuleShadows:1]]
[2023.07.08-18.39.54:720][  0]LogConfig: Applying CVar settings from Section [PostProcessQuality@3] File [C:/VperData/GitHub/ActionRoguelike/ActionRoguelike/Saved/Config/Windows/Scalability.ini]
[2023.07.08-18.39.54:720][  0]LogConfig: Setting CVar [[r.MotionBlurQuality:4]]
[2023.07.08-18.39.54:720][  0]LogConfig: Setting CVar [[r.AmbientOcclusionMipLevelFactor:0.4]]
[2023.07.08-18.39.54:720][  0]LogConfig: Setting CVar [[r.AmbientOcclusionMaxQuality:100]]
[2023.07.08-18.39.54:720][  0]LogConfig: Setting CVar [[r.AmbientOcclusionLevels:-1]]
[2023.07.08-18.39.54:720][  0]LogConfig: Setting CVar [[r.AmbientOcclusionRadiusScale:1.0]]
[2023.07.08-18.39.54:720][  0]LogConfig: Setting CVar [[r.DepthOfFieldQuality:2]]
[2023.07.08-18.39.54:720][  0]LogConfig: Setting CVar [[r.RenderTargetPoolMin:400]]
[2023.07.08-18.39.54:720][  0]LogConfig: Setting CVar [[r.LensFlareQuality:2]]
[2023.07.08-18.39.54:720][  0]LogConfig: Setting CVar [[r.SceneColorFringeQuality:1]]
[2023.07.08-18.39.54:720][  0]LogConfig: Setting CVar [[r.EyeAdaptationQuality:2]]
[2023.07.08-18.39.54:720][  0]LogConfig: Setting CVar [[r.BloomQuality:5]]
[2023.07.08-18.39.54:720][  0]LogConfig: Setting CVar [[r.FastBlurThreshold:100]]
[2023.07.08-18.39.54:720][  0]LogConfig: Setting CVar [[r.Upscale.Quality:3]]
[2023.07.08-18.39.54:720][  0]LogConfig: Setting CVar [[r.Tonemapper.GrainQuantization:1]]
[2023.07.08-18.39.54:720][  0]LogConfig: Setting CVar [[r.LightShaftQuality:1]]
[2023.07.08-18.39.54:720][  0]LogConfig: Setting CVar [[r.Filter.SizeScale:1]]
[2023.07.08-18.39.54:720][  0]LogConfig: Setting CVar [[r.Tonemapper.Quality:5]]
[2023.07.08-18.39.54:720][  0]LogConfig: Setting CVar [[r.DOF.Gather.AccumulatorQuality:1        ; higher gathering accumulator quality]]
[2023.07.08-18.39.54:721][  0]LogConfig: Setting CVar [[r.DOF.Gather.PostfilterMethod:1          ; Median3x3 postfilering method]]
[2023.07.08-18.39.54:721][  0]LogConfig: Setting CVar [[r.DOF.Gather.EnableBokehSettings:0       ; no bokeh simulation when gathering]]
[2023.07.08-18.39.54:721][  0]LogConfig: Setting CVar [[r.DOF.Gather.RingCount:4                 ; medium number of samples when gathering]]
[2023.07.08-18.39.54:721][  0]LogConfig: Setting CVar [[r.DOF.Scatter.ForegroundCompositing:1    ; additive foreground scattering]]
[2023.07.08-18.39.54:721][  0]LogConfig: Setting CVar [[r.DOF.Scatter.BackgroundCompositing:2    ; additive background scattering]]
[2023.07.08-18.39.54:721][  0]LogConfig: Setting CVar [[r.DOF.Scatter.EnableBokehSettings:1      ; bokeh simulation when scattering]]
[2023.07.08-18.39.54:721][  0]LogConfig: Setting CVar [[r.DOF.Scatter.MaxSpriteRatio:0.1         ; only a maximum of 10% of scattered bokeh]]
[2023.07.08-18.39.54:721][  0]LogConfig: Setting CVar [[r.DOF.Recombine.Quality:1                ; cheap slight out of focus]]
[2023.07.08-18.39.54:721][  0]LogConfig: Setting CVar [[r.DOF.Recombine.EnableBokehSettings:0    ; no bokeh simulation on slight out of focus]]
[2023.07.08-18.39.54:721][  0]LogConfig: Setting CVar [[r.DOF.TemporalAAQuality:1                ; more stable temporal accumulation]]
[2023.07.08-18.39.54:721][  0]LogConfig: Setting CVar [[r.DOF.Kernel.MaxForegroundRadius:0.025]]
[2023.07.08-18.39.54:721][  0]LogConfig: Setting CVar [[r.DOF.Kernel.MaxBackgroundRadius:0.025]]
[2023.07.08-18.39.54:721][  0]LogConfig: Applying CVar settings from Section [TextureQuality@3] File [C:/VperData/GitHub/ActionRoguelike/ActionRoguelike/Saved/Config/Windows/Scalability.ini]
[2023.07.08-18.39.54:721][  0]LogConfig: Setting CVar [[r.Streaming.MipBias:0]]
[2023.07.08-18.39.54:721][  0]LogConfig: Setting CVar [[r.Streaming.AmortizeCPUToGPUCopy:0]]
[2023.07.08-18.39.54:721][  0]LogConfig: Setting CVar [[r.Streaming.MaxNumTexturesToStreamPerFrame:0]]
[2023.07.08-18.39.54:721][  0]LogConfig: Setting CVar [[r.Streaming.Boost:1]]
[2023.07.08-18.39.54:721][  0]LogConfig: Setting CVar [[r.MaxAnisotropy:8]]
[2023.07.08-18.39.54:721][  0]LogConfig: Setting CVar [[r.VT.MaxAnisotropy:8]]
[2023.07.08-18.39.54:721][  0]LogConfig: Setting CVar [[r.Streaming.LimitPoolSizeToVRAM:0]]
[2023.07.08-18.39.54:721][  0]LogConfig: Setting CVar [[r.Streaming.PoolSize:1000]]
[2023.07.08-18.39.54:721][  0]LogConfig: Setting CVar [[r.Streaming.MaxEffectiveScreenSize:0]]
[2023.07.08-18.39.54:721][  0]LogConfig: Applying CVar settings from Section [EffectsQuality@3] File [C:/VperData/GitHub/ActionRoguelike/ActionRoguelike/Saved/Config/Windows/Scalability.ini]
[2023.07.08-18.39.54:721][  0]LogConfig: Setting CVar [[r.TranslucencyLightingVolumeDim:64]]
[2023.07.08-18.39.54:722][  0]LogConfig: Setting CVar [[r.RefractionQuality:2]]
[2023.07.08-18.39.54:722][  0]LogConfig: Setting CVar [[r.SSR.Quality:3]]
[2023.07.08-18.39.54:722][  0]LogConfig: Setting CVar [[r.SSR.HalfResSceneColor:0]]
[2023.07.08-18.39.54:722][  0]LogConfig: Setting CVar [[r.SceneColorFormat:4]]
[2023.07.08-18.39.54:722][  0]LogConfig: Setting CVar [[r.DetailMode:2]]
[2023.07.08-18.39.54:722][  0]LogConfig: Setting CVar [[r.TranslucencyVolumeBlur:1]]
[2023.07.08-18.39.54:722][  0]LogConfig: Setting CVar [[r.MaterialQualityLevel:1 ; High quality]]
[2023.07.08-18.39.54:722][  0]LogConfig: Setting CVar [[r.AnisotropicMaterials:1]]
[2023.07.08-18.39.54:722][  0]LogConfig: Setting CVar [[r.SSS.Scale:1]]
[2023.07.08-18.39.54:722][  0]LogConfig: Setting CVar [[r.SSS.SampleSet:2]]
[2023.07.08-18.39.54:722][  0]LogConfig: Setting CVar [[r.SSS.Quality:1]]
[2023.07.08-18.39.54:722][  0]LogConfig: Setting CVar [[r.SSS.HalfRes:0]]
[2023.07.08-18.39.54:722][  0]LogConfig: Setting CVar [[r.SSGI.Quality:3]]
[2023.07.08-18.39.54:722][  0]LogConfig: Setting CVar [[r.EmitterSpawnRateScale:1.0]]
[2023.07.08-18.39.54:722][  0]LogConfig: Setting CVar [[r.ParticleLightQuality:2]]
[2023.07.08-18.39.54:722][  0]LogConfig: Setting CVar [[r.SkyAtmosphere.AerialPerspectiveLUT.FastApplyOnOpaque:1 ; Always have FastSkyLUT 1 in this case to avoid wrong sky]]
[2023.07.08-18.39.54:722][  0]LogConfig: Setting CVar [[r.SkyAtmosphere.AerialPerspectiveLUT.SampleCountMaxPerSlice:4]]
[2023.07.08-18.39.54:722][  0]LogConfig: Setting CVar [[r.SkyAtmosphere.AerialPerspectiveLUT.DepthResolution:16.0]]
[2023.07.08-18.39.54:722][  0]LogConfig: Setting CVar [[r.SkyAtmosphere.FastSkyLUT:1]]
[2023.07.08-18.39.54:722][  0]LogConfig: Setting CVar [[r.SkyAtmosphere.FastSkyLUT.SampleCountMin:4.0]]
[2023.07.08-18.39.54:722][  0]LogConfig: Setting CVar [[r.SkyAtmosphere.FastSkyLUT.SampleCountMax:128.0]]
[2023.07.08-18.39.54:722][  0]LogConfig: Setting CVar [[r.SkyAtmosphere.SampleCountMin:4.0]]
[2023.07.08-18.39.54:722][  0]LogConfig: Setting CVar [[r.SkyAtmosphere.SampleCountMax:128.0]]
[2023.07.08-18.39.54:722][  0]LogConfig: Setting CVar [[r.SkyAtmosphere.TransmittanceLUT.UseSmallFormat:0]]
[2023.07.08-18.39.54:722][  0]LogConfig: Setting CVar [[r.SkyAtmosphere.TransmittanceLUT.SampleCount:10.0]]
[2023.07.08-18.39.54:722][  0]LogConfig: Setting CVar [[r.SkyAtmosphere.MultiScatteringLUT.SampleCount:15.0]]
[2023.07.08-18.39.54:722][  0]LogConfig: Setting CVar [[r.SkyLight.RealTimeReflectionCapture:1]]
[2023.07.08-18.39.54:722][  0]LogConfig: Applying CVar settings from Section [FoliageQuality@3] File [C:/VperData/GitHub/ActionRoguelike/ActionRoguelike/Saved/Config/Windows/Scalability.ini]
[2023.07.08-18.39.54:722][  0]LogConfig: Setting CVar [[foliage.DensityScale:1.0]]
[2023.07.08-18.39.54:723][  0]LogConfig: Setting CVar [[grass.DensityScale:1.0]]
[2023.07.08-18.39.54:723][  0]LogConfig: Applying CVar settings from Section [ShadingQuality@3] File [C:/VperData/GitHub/ActionRoguelike/ActionRoguelike/Saved/Config/Windows/Scalability.ini]
[2023.07.08-18.39.54:723][  0]LogConfig: Setting CVar [[r.HairStrands.SkyLighting.IntegrationType:2]]
[2023.07.08-18.39.54:723][  0]LogConfig: Setting CVar [[r.HairStrands.SkyAO.SampleCount:4]]
[2023.07.08-18.39.54:723][  0]LogConfig: Setting CVar [[r.HairStrands.Visibility.MSAA.SamplePerPixel:4]]
[2023.07.08-18.39.54:723][  0]LogConfig: Applying CVar settings from Section [Startup] File [../../../Engine/Config/ConsoleVariables.ini]
[2023.07.08-18.39.54:723][  0]LogConfig: Setting CVar [[net.UseAdaptiveNetUpdateFrequency:0]]
[2023.07.08-18.39.54:723][  0]LogConfig: Setting CVar [[p.chaos.AllowCreatePhysxBodies:1]]
[2023.07.08-18.39.54:723][  0]LogConfig: Setting CVar [[fx.SkipVectorVMBackendOptimizations:1]]
[2023.07.08-18.39.54:723][  0]LogConfig: Applying CVar settings from Section [ConsoleVariables] File [C:/VperData/GitHub/ActionRoguelike/ActionRoguelike/Saved/Config/Windows/Engine.ini]
[2023.07.08-18.39.54:723][  0]LogConfig: Applying CVar settings from Section [ConsoleVariables] File [C:/VperData/GitHub/ActionRoguelike/ActionRoguelike/Saved/Config/Windows/Editor.ini]
[2023.07.08-18.39.54:723][  0]LogInit: Computer: VPER
[2023.07.08-18.39.54:723][  0]LogInit: User: virtu
[2023.07.08-18.39.54:723][  0]LogInit: CPU Page size=4096, Cores=14
[2023.07.08-18.39.54:723][  0]LogInit: High frequency timer resolution =10.000000 MHz
[2023.07.08-18.39.54:723][  0]LogMemory: Memory total: Physical=31.8GB (32GB approx)
[2023.07.08-18.39.54:723][  0]LogMemory: Platform Memory Stats for Windows
[2023.07.08-18.39.54:723][  0]LogMemory: Process Physical Memory: 148.73 MB used, 148.73 MB peak
[2023.07.08-18.39.54:723][  0]LogMemory: Process Virtual Memory: 127.08 MB used, 127.08 MB peak
[2023.07.08-18.39.54:723][  0]LogMemory: Physical Memory: 12948.88 MB used,  19653.34 MB free, 32602.22 MB total
[2023.07.08-18.39.54:723][  0]LogMemory: Virtual Memory: 134199608.00 MB used,  18120.98 MB free, 134217728.00 MB total
[2023.07.08-18.39.54:728][  0]LogWindows: WindowsPlatformFeatures enabled
[2023.07.08-18.39.54:790][  0]LogInit: Physics initialised using underlying interface: PhysX
[2023.07.08-18.39.54:791][  0]LogInit: Overriding language with editor language configuration option (en).
[2023.07.08-18.39.54:791][  0]LogInit: Using OS detected locale (zh-CN).
[2023.07.08-18.39.54:897][  0]LogInit: Setting process to per monitor DPI aware
[2023.07.08-18.39.54:908][  0]LogWindowsTextInputMethodSystem: Display: IME system deactivated.
[2023.07.08-18.39.54:919][  0]LogSlate: New Slate User Created.  User Index 0, Is Virtual User: 0
[2023.07.08-18.39.54:919][  0]LogSlate: Slate User Registered.  User Index 0, Is Virtual User: 0
[2023.07.08-18.39.54:976][  0]LogD3D11RHI: Loaded GFSDK_Aftermath_Lib.x64.dll
[2023.07.08-18.39.54:979][  0]LogHMD: Failed to initialize OpenVR with code 110
[2023.07.08-18.39.54:979][  0]LogD3D11RHI: D3D11 min allowed feature level: 11_0
[2023.07.08-18.39.54:979][  0]LogD3D11RHI: D3D11 max allowed feature level: 11_0
[2023.07.08-18.39.54:979][  0]LogD3D11RHI: D3D11 adapters:
[2023.07.08-18.39.55:040][  0]LogD3D11RHI:    0. 'NVIDIA GeForce RTX 3060 Ti' (Feature Level 11_0)
[2023.07.08-18.39.55:040][  0]LogD3D11RHI:       8038/0/16301 MB DedicatedVideo/DedicatedSystem/SharedSystem, Outputs:1, VendorId:0x10de
[2023.07.08-18.39.55:043][  0]LogD3D11RHI:    1. 'Microsoft Basic Render Driver' (Feature Level 11_0)
[2023.07.08-18.39.55:043][  0]LogD3D11RHI:       0/0/16301 MB DedicatedVideo/DedicatedSystem/SharedSystem, Outputs:0, VendorId:0x1414
[2023.07.08-18.39.55:043][  0]LogD3D11RHI: Chosen D3D11 Adapter:
[2023.07.08-18.39.55:043][  0]LogD3D11RHI:     Description : NVIDIA GeForce RTX 3060 Ti
[2023.07.08-18.39.55:043][  0]LogD3D11RHI:     VendorId    : 10de
[2023.07.08-18.39.55:043][  0]LogD3D11RHI:     DeviceId    : 24c9
[2023.07.08-18.39.55:043][  0]LogD3D11RHI:     SubSysId    : 88b61043
[2023.07.08-18.39.55:043][  0]LogD3D11RHI:     Revision    : 00a1
[2023.07.08-18.39.55:043][  0]LogD3D11RHI:     DedicatedVideoMemory : 8428453888 bytes
[2023.07.08-18.39.55:043][  0]LogD3D11RHI:     DedicatedSystemMemory : 0 bytes
[2023.07.08-18.39.55:043][  0]LogD3D11RHI:     SharedSystemMemory : 17092952064 bytes
[2023.07.08-18.39.55:043][  0]LogD3D11RHI:     AdapterLuid : 0 60604
[2023.07.08-18.39.55:048][  0]LogD3D11RHI: Creating new Direct3DDevice
[2023.07.08-18.39.55:048][  0]LogD3D11RHI:     GPU DeviceId: 0x24c9 (for the marketing name, search the web for "GPU Device Id")
[2023.07.08-18.39.55:048][  0]LogWindows: EnumDisplayDevices:
[2023.07.08-18.39.55:048][  0]LogWindows:    0. 'NVIDIA GeForce RTX 3060 Ti' (P:1 D:1)
[2023.07.08-18.39.55:048][  0]LogWindows:    1. 'NVIDIA GeForce RTX 3060 Ti' (P:0 D:0)
[2023.07.08-18.39.55:048][  0]LogWindows:    2. 'NVIDIA GeForce RTX 3060 Ti' (P:0 D:0)
[2023.07.08-18.39.55:048][  0]LogWindows:    3. 'NVIDIA GeForce RTX 3060 Ti' (P:0 D:0)
[2023.07.08-18.39.55:048][  0]LogWindows: DebugString: FoundDriverCount:4 
[2023.07.08-18.39.55:048][  0]LogD3D11RHI:     Adapter Name: NVIDIA GeForce RTX 3060 Ti
[2023.07.08-18.39.55:048][  0]LogD3D11RHI:   Driver Version: 528.24 (internal:31.0.15.2824, unified:528.24)
[2023.07.08-18.39.55:048][  0]LogD3D11RHI:      Driver Date: 1-15-2023
[2023.07.08-18.39.55:048][  0]LogRHI: Texture pool is 5626 MB (70% of 8038 MB)
[2023.07.08-18.39.55:048][  0]LogD3D11RHI: Creating D3DDevice using adapter:
[2023.07.08-18.39.55:048][  0]LogD3D11RHI:     Description : NVIDIA GeForce RTX 3060 Ti
[2023.07.08-18.39.55:048][  0]LogD3D11RHI:     VendorId    : 10de
[2023.07.08-18.39.55:048][  0]LogD3D11RHI:     DeviceId    : 24c9
[2023.07.08-18.39.55:049][  0]LogD3D11RHI:     SubSysId    : 88b61043
[2023.07.08-18.39.55:049][  0]LogD3D11RHI:     Revision    : 00a1
[2023.07.08-18.39.55:049][  0]LogD3D11RHI:     DedicatedVideoMemory : 8428453888 bytes
[2023.07.08-18.39.55:049][  0]LogD3D11RHI:     DedicatedSystemMemory : 0 bytes
[2023.07.08-18.39.55:049][  0]LogD3D11RHI:     SharedSystemMemory : 17092952064 bytes
[2023.07.08-18.39.55:049][  0]LogD3D11RHI:     AdapterLuid : 0 60604
[2023.07.08-18.39.55:085][  0]LogD3D11RHI: RHI has support for 64 bit atomics
[2023.07.08-18.39.55:085][  0]LogD3D11RHI: Async texture creation enabled
[2023.07.08-18.39.55:085][  0]LogD3D11RHI: Array index from any shader is supported
[2023.07.08-18.39.55:101][  0]LogD3D11RHI: GPU Timing Frequency: 1000.000000 (Debug: 2 2)
[2023.07.08-18.39.55:115][  0]LogRHI: GeForceNow SDK initialized: 1
[2023.07.08-18.39.55:280][  0]LogTargetPlatformManager: Display: Loaded TargetPlatform 'AllDesktop'
[2023.07.08-18.39.55:292][  0]LogTargetPlatformManager: Display: Loaded TargetPlatform 'Android'
[2023.07.08-18.39.55:292][  0]LogTargetPlatformManager: Display: Loaded TargetPlatform 'Android_ASTC'
[2023.07.08-18.39.55:292][  0]LogTargetPlatformManager: Display: Loaded TargetPlatform 'Android_DXT'
[2023.07.08-18.39.55:292][  0]LogTargetPlatformManager: Display: Loaded TargetPlatform 'Android_ETC2'
[2023.07.08-18.39.55:292][  0]LogTargetPlatformManager: Display: Loaded TargetPlatform 'AndroidClient'
[2023.07.08-18.39.55:292][  0]LogTargetPlatformManager: Display: Loaded TargetPlatform 'Android_ASTCClient'
[2023.07.08-18.39.55:292][  0]LogTargetPlatformManager: Display: Loaded TargetPlatform 'Android_DXTClient'
[2023.07.08-18.39.55:292][  0]LogTargetPlatformManager: Display: Loaded TargetPlatform 'Android_ETC2Client'
[2023.07.08-18.39.55:292][  0]LogTargetPlatformManager: Display: Loaded TargetPlatform 'Android_Multi'
[2023.07.08-18.39.55:292][  0]LogTargetPlatformManager: Display: Loaded TargetPlatform 'Android_MultiClient'
[2023.07.08-18.39.55:305][  0]LogTargetPlatformManager: Display: Loaded TargetPlatform 'IOSClient'
[2023.07.08-18.39.55:305][  0]LogTargetPlatformManager: Display: Loaded TargetPlatform 'IOS'
[2023.07.08-18.39.55:310][  0]LogTargetPlatformManager: Display: Loaded TargetPlatform 'Linux'
[2023.07.08-18.39.55:313][  0]LogTargetPlatformManager: Display: Loaded TargetPlatform 'LinuxNoEditor'
[2023.07.08-18.39.55:316][  0]LogTargetPlatformManager: Display: Loaded TargetPlatform 'LinuxClient'
[2023.07.08-18.39.55:319][  0]LogTargetPlatformManager: Display: Loaded TargetPlatform 'LinuxServer'
[2023.07.08-18.39.55:324][  0]LogTargetPlatformManager: Display: Loaded TargetPlatform 'LinuxAArch64NoEditor'
[2023.07.08-18.39.55:327][  0]LogTargetPlatformManager: Display: Loaded TargetPlatform 'LinuxAArch64Client'
[2023.07.08-18.39.55:330][  0]LogTargetPlatformManager: Display: Loaded TargetPlatform 'LinuxAArch64Server'
[2023.07.08-18.39.55:343][  0]LogTargetPlatformManager: Display: Loaded TargetPlatform 'Lumin'
[2023.07.08-18.39.55:343][  0]LogTargetPlatformManager: Display: Loaded TargetPlatform 'LuminClient'
[2023.07.08-18.39.55:348][  0]LogTargetPlatformManager: Display: Loaded TargetPlatform 'MacNoEditor'
[2023.07.08-18.39.55:351][  0]LogTargetPlatformManager: Display: Loaded TargetPlatform 'Mac'
[2023.07.08-18.39.55:354][  0]LogTargetPlatformManager: Display: Loaded TargetPlatform 'MacClient'
[2023.07.08-18.39.55:356][  0]LogTargetPlatformManager: Display: Loaded TargetPlatform 'MacServer'
[2023.07.08-18.39.55:363][  0]LogTargetPlatformManager: Display: Loaded TargetPlatform 'TVOSClient'
[2023.07.08-18.39.55:363][  0]LogTargetPlatformManager: Display: Loaded TargetPlatform 'TVOS'
[2023.07.08-18.39.55:368][  0]LogTargetPlatformManager: Display: Loaded TargetPlatform 'WindowsNoEditor'
[2023.07.08-18.39.55:372][  0]LogTargetPlatformManager: Display: Loaded TargetPlatform 'Windows'
[2023.07.08-18.39.55:375][  0]LogTargetPlatformManager: Display: Loaded TargetPlatform 'WindowsClient'
[2023.07.08-18.39.55:378][  0]LogTargetPlatformManager: Display: Loaded TargetPlatform 'WindowsServer'
[2023.07.08-18.39.55:378][  0]LogTargetPlatformManager: Display: Building Assets For Windows
[2023.07.08-18.39.55:384][  0]LogAudioDebug: Display: Lib vorbis DLL was dynamically loaded.
[2023.07.08-18.39.55:406][  0]LogTextureFormatOodle: Display: Oodle Texture 2.9.0 init RDO Off
[2023.07.08-18.39.55:435][  0]LogRendererCore: Ray tracing is disabled. Reason: r.RayTracing=0.
[2023.07.08-18.39.55:435][  0]LogShaderCompilers: Guid format shader working directory is -23 characters bigger than the processId version (../../../../../../../VperData/GitHub/ActionRoguelike/ActionRoguelike/Intermediate/Shaders/WorkingDirectory/20716/).
[2023.07.08-18.39.55:435][  0]LogShaderCompilers: Cleaned the shader compiler working directory 'C:/Users/virtu/AppData/Local/Temp/UnrealShaderWorkingDir/F623C84E43FE499A157B67B8F0A7F45B/'.
[2023.07.08-18.39.55:436][  0]LogXGEController: Cannot use XGE Controller as Incredibuild is not installed on this machine.
[2023.07.08-18.39.55:436][  0]LogShaderCompilers: Cannot use XGE Shader Compiler as Incredibuild is not installed on this machine.
[2023.07.08-18.39.55:436][  0]LogShaderCompilers: Display: Using Local Shader Compiler.
[2023.07.08-18.39.55:881][  0]LogDerivedDataCache: Display: Max Cache Size: 512 MB
[2023.07.08-18.39.55:919][  0]LogDerivedDataCache: Loaded boot cache 0.04s 94MB C:/Users/virtu/AppData/Local/UnrealEngine/4.27/DerivedDataCache/Boot.ddc.
[2023.07.08-18.39.55:919][  0]LogDerivedDataCache: Display: Loaded Boot cache: C:/Users/virtu/AppData/Local/UnrealEngine/4.27/DerivedDataCache/Boot.ddc
[2023.07.08-18.39.55:919][  0]LogDerivedDataCache: FDerivedDataBackendGraph:  Pak pak cache file ../../../../../../../VperData/GitHub/ActionRoguelike/ActionRoguelike/DerivedDataCache/DDC.ddp not found, will not use a pak cache.
[2023.07.08-18.39.55:919][  0]LogDerivedDataCache: Unable to find inner node Pak for hierarchical cache Hierarchy.
[2023.07.08-18.39.55:919][  0]LogDerivedDataCache: FDerivedDataBackendGraph:  CompressedPak pak cache file ../../../../../../../VperData/GitHub/ActionRoguelike/ActionRoguelike/DerivedDataCache/Compressed.ddp not found, will not use a pak cache.
[2023.07.08-18.39.55:919][  0]LogDerivedDataCache: Unable to find inner node CompressedPak for hierarchical cache Hierarchy.
[2023.07.08-18.39.55:931][  0]LogDerivedDataCache: Display: Pak cache opened for reading ../../../Engine/DerivedDataCache/Compressed.ddp.
[2023.07.08-18.39.55:931][  0]LogDerivedDataCache: FDerivedDataBackendGraph:  EnterprisePak pak cache file ../../../Enterprise/DerivedDataCache/Compressed.ddp not found, will not use a pak cache.
[2023.07.08-18.39.55:931][  0]LogDerivedDataCache: Unable to find inner node EnterprisePak for hierarchical cache Hierarchy.
[2023.07.08-18.39.55:944][  0]LogDerivedDataCache: Speed tests for C:/Users/virtu/AppData/Local/UnrealEngine/Common/DerivedDataCache took 0.01 seconds
[2023.07.08-18.39.55:944][  0]LogDerivedDataCache: Display: Performance to C:/Users/virtu/AppData/Local/UnrealEngine/Common/DerivedDataCache: Latency=0.01ms. RandomReadSpeed=2005.37MBs, RandomWriteSpeed=77.22MBs. Assigned SpeedClass 'Local'
[2023.07.08-18.39.55:946][  0]LogDerivedDataCache: Using Local data cache path C:/Users/virtu/AppData/Local/UnrealEngine/Common/DerivedDataCache: Writable
[2023.07.08-18.39.55:946][  0]LogDerivedDataCache: Shared data cache path not found in *engine.ini, will not use an Shared cache.
[2023.07.08-18.39.55:946][  0]LogDerivedDataCache: Unable to find inner node Shared for hierarchical cache Hierarchy.
[2023.07.08-18.39.55:972][  0]LogSlate: Using FreeType 2.10.0
[2023.07.08-18.39.55:973][  0]LogSlate: SlateFontServices - WITH_FREETYPE: 1, WITH_HARFBUZZ: 1
[2023.07.08-18.39.55:990][  0]LogAssetRegistry: FAssetRegistry took 0.0025 seconds to start up
[2023.07.08-18.39.56:108][  0]LogInit: Selected Device Profile: [Windows]
[2023.07.08-18.39.56:109][  0]LogInit: Active device profile: [000001FDCE7E6D00][000001FDCC47B0C0 49] Windows
[2023.07.08-18.39.56:109][  0]LogInit: Profiles: [000001FDCE7E6D00][000001FDCC47B0C0 49] Windows, [000001FDCE785700][000001FDCC483240 49] WindowsNoEditor, [000001FDCE7E6200][000001FDCC4873C0 49] WindowsServer, [000001FDCE786100][000001FDCC48B540 49] WindowsClient, [000001FDCE7E4400][000001FDCD74D6C0 49] IOS, [000001FDCE787400][000001FDCD751840 49] iPadAir, [000001FDCE7E4600][000001FDCD7559C0 49] iPadAir2, [000001FDCE725100][000001FDCD75C100 49] IPadPro, [000001FDCE725200][000001FDCD758140 49] iPadAir3, [000001FDCE786C00][000001FDCD7602C0 49] iPadAir4, [000001FDCE725F00][000001FDCD764440 49] iPadMini2, [000001FDCE784700][000001FDCD7685C0 49] iPadMini3, [000001FDCE726A00][000001FDCD76C740 49] iPadMini4, [000001FDCE784F00][000001FDCD7708C0 49] iPadMini5, [000001FDCE744900][000001FDCD774B00 49] iPhone6, [000001FDCE744A00][000001FDCC47EB40 49] iPodTouch6, [000001FDCE7E5600][000001FDCD77CD80 49] iPhone7, [000001FDCE7E5300][000001FDCD778DC0 49] iPodTouch7, [000001FDCE744200][000001FDCD784F40 49] iPhone5S, [000001FDCE725D00][000001FDCD7890C0 49] iPhone6Plus, [000001FDCE747A00][000001FDCD78D240 49] iPhone6S, [000001FDCE724E00][000001FDCD7913C0 49] iPhone6SPlus, [000001FDCE747300][000001FDCD795540 49] iPhone7Plus, [000001FDCE726B00][000001FDCD7996C0 49] iPhoneSE, [000001FDCE745E00][000001FDCD79D840 49] iPhone8, [000001FDCE725A00][000001FDCD7A19C0 49] iPhone8Plus, [000001FDCE745A00][000001FDCD7A5B40 49] iPhoneX, [000001FDCE726700][000001FDCD7A8140 49] iPhoneXS, [000001FDCE7E4A00][000001FDCD7AC2C0 49] iPhoneXSMax, [000001FDCE727500][000001FDCD7B0440 49] iPhoneXR, [000001FDCE7E7900][000001FDCD7B45C0 49] iPhone11, [000001FDCE725400][000001FDCD7B8740 49] iPhone11Pro, [000001FDCE7E4C00][000001FDCD7BC8C0 49] iPhone11ProMax, [000001FDCE724800][000001FDCD7C0A40 49] iPhoneSE2, [000001FDCE7E5D00][000001FDCD780B80 49] iPhone12Mini, [000001FDCE727A00][000001FDCD7C4CC0 49] iPhone12, [000001FDCE7E5F00][000001FDCD7C8E00 49] iPhone12Pro, [000001FDCE727B00][000001FDCD7CCF40 49] iPhone12ProMax, [000001FDCE7E5500][000001FDCD7D50C0 49] iPadPro105, [000001FDCE726900][000001FDCD7D9240 49] iPadPro129, [000001FDCE7E7200][000001FDCD7DD3C0 49] iPadPro97, [000001FDCE725500][000001FDCD7E1540 49] iPadPro2_129, [000001FDCE7E5E00][000001FDCD7E56C0 49] iPad5, [000001FDCE725300][000001FDCD7E9840 49] iPad6, [000001FDCE7E6500][000001FDCD7ED9C0 49] iPad7, [000001FDCE726F00][000001FDCD7F1B40 49] iPad8, [000001FDCE7E5800][000001FDCD7F4140 49] iPadPro11, [000001FDCE725B00][000001FDCD7F82C0 49] iPadPro2_11, [000001FDCE7E4E00][000001FDCD7FC440 49] iPadPro3_129, [000001FDCE727700][000001FDCD8005C0 49] iPadPro4_129, [000001FDCE7E7700][000001FDCD804740 49] AppleTV, [000001FDCE727400][000001FDCD8088C0 49] AppleTV4K, [000001FDCE7E6800][000001FDCD80CA40 49] TVOS, [000001FDCE725C00][000001FDCD810BC0 49] Mac, [000001FDCE7E5A00][000001FDCD814D40 49] MacClient, [000001FDCE727E00][000001FDCD7D0E80 49] MacNoEditor, [000001FDCE7E7C00][000001FDCD818FC0 49] MacServer, [000001FDCE726600][000001FDCD81D100 49] Linux, [000001FDCE7E4B00][000001FDCD825280 49] LinuxAArch64, [000001FDCE727800][000001FDCD829400 49] LinuxNoEditor, [000001FDCE7E7400][000001FDCD82D580 49] LinuxAArch64NoEditor, [000001FDCE726300][000001FDCD831700 49] LinuxClient, [000001FDCE7E7100][000001FDCD835880 49] LinuxAArch64Client, [000001FDCE725600][000001FDCD839A00 49] LinuxServer, [000001FDCE7E6400][000001FDCD83DB80 49] LinuxAArch64Server, [000001FDCE726E00][000001FDCD840180 49] Android, [000001FDCE7E5400][000001FDCD844300 49] Android_Low, [000001FDCE725900][000001FDCD848480 49] Android_Mid, [000001FDCE7E5000][000001FDCD84C600 49] Android_High, [000001FDCE724A00][000001FDCD850780 49] Android_Default, [000001FDCE7E5200][000001FDCD854900 49] Android_Adreno4xx, [000001FDCE727100][000001FDCD858A80 49] Android_Adreno5xx_Low, [000001FDCE785B00][000001FDCD85CC00 49] Android_Adreno5xx, [000001FDCE747600][000001FDCD860D80 49] Android_Adreno6xx, [000001FDCE785900][000001FDCD864F00 49] Android_Adreno6xx_Vulkan, [000001FDCE747E00][000001FDCD821040 49] Android_Mali_T6xx, [000001FDCE785A00][000001FDCD869180 49] Android_Mali_T7xx, [000001FDCE745900][000001FDCD86D2C0 49] Android_Mali_T8xx, [000001FDCE787300][000001FDCD875440 49] Android_Mali_G71, [000001FDCE745D00][000001FDCD8795C0 49] Android_Mali_G72, [000001FDCE787200][000001FDCD87D740 49] Android_Mali_G72_Vulkan, [000001FDCE744700][000001FDCD8818C0 49] Android_Mali_G76, [000001FDCE785300][000001FDCD885A40 49] Android_Mali_G76_Vulkan, [000001FDCE745400][000001FDCD889BC0 49] Android_Mali_G77, [000001FDCE787700][000001FDCD88C1C0 49] Android_Mali_G77_Vulkan, [000001FDCE746A00][000001FDCD890340 49] Android_Mali_G78, [000001FDCE787E00][000001FDCD8944C0 49] Android_Mali_G78_Vulkan, [000001FDCE745000][000001FDCD898640 49] Android_Mali_G710, [000001FDCE787D00][000001FDCD89C7C0 49] Android_Mali_G710_Vulkan, [000001FDCE747500][000001FDCE8B0940 49] Android_Vulkan_SM5, [000001FDCE784900][000001FDCE8B4AC0 49] Android_PowerVR_G6xxx, [000001FDCE744400][000001FDCE8B8C40 49] Android_PowerVR_GT7xxx, [000001FDCE784D00][000001FDCE8BCDC0 49] Android_PowerVR_GE8xxx, [000001FDCE745C00][000001FDCE8C0F40 49] Android_PowerVR_GM9xxx, [000001FDCE787C00][000001FDCE8C50C0 49] Android_PowerVR_GM9xxx_Vulkan, [000001FDCE746600][000001FDCD871200 49] Android_TegraK1, [000001FDCE787800][000001FDCE8C9340 49] Android_Unknown_Vulkan, [000001FDCE747B00][000001FDCE8CD480 49] Lumin, [000001FDCE787000][000001FDCE8D15C0 49] Lumin_Desktop, [000001FDCE726000][000001FDCE8D9740 49] HoloLens, 
[2023.07.08-18.39.56:182][  0]LogMeshReduction: Using QuadricMeshReduction for automatic static mesh reduction
[2023.07.08-18.39.56:183][  0]LogMeshReduction: Using SimplygonMeshReduction for automatic skeletal mesh reduction
[2023.07.08-18.39.56:183][  0]LogMeshReduction: Using ProxyLODMeshReduction for automatic mesh merging
[2023.07.08-18.39.56:183][  0]LogMeshReduction: No distributed automatic mesh merging module available
[2023.07.08-18.39.56:183][  0]LogMeshMerging: No distributed automatic mesh merging module available
[2023.07.08-18.39.56:191][  0]LogNetVersion: ActionRoguelike 1.0.0, NetCL: 17155196, EngineNetVer: 17, GameNetVer: 0 (Checksum: 1099936942)
[2023.07.08-18.39.56:392][  0]LogTexture: Default maximum texture size for cubemaps generated from long-lat sources has been changed from 512 to unlimited. In order to preserve old behaiour for '/Engine/MapTemplates/Sky/DaylightAmbientCubemap.DaylightAmbientCubemap', its maximum texture size has been explicitly set to 512.
[2023.07.08-18.39.56:426][  0]LogHMD: PokeAHoleMaterial loaded successfully
[2023.07.08-18.39.56:429][  0]LogUObjectArray: 17178 objects as part of root set at end of initial load.
[2023.07.08-18.39.56:429][  0]LogUObjectAllocator: 4302048 out of 0 bytes used by permanent object pool.
[2023.07.08-18.39.56:429][  0]LogUObjectArray: CloseDisregardForGC: 0/0 objects in disregard for GC pool
[2023.07.08-18.39.56:539][  0]LogNiagaraDebuggerClient: Niagara Debugger Client Initialized | Session: 9E3033C740BA751AAEBC9C8318AA188A | Instance: 95B3447B40B22DE180B0FA9BBA60A80E (VPER-20716).
[2023.07.08-18.39.56:617][  0]LogUdpMessaging: Initializing bridge on interface 0.0.0.0:0 to multicast group 230.0.0.1:6666.
[2023.07.08-18.39.56:624][  0]LogTcpMessaging: Initializing TcpMessaging bridge
[2023.07.08-18.39.56:635][  0]LogPython: Using Python 3.7.7
[2023.07.08-18.39.57:182][  0]LogOpenImageDenoise: OIDN starting up
[2023.07.08-18.39.57:198][  0]SourceControl: Source control is disabled
[2023.07.08-18.39.57:198][  0]SourceControl: Source control is disabled
[2023.07.08-18.39.57:200][  0]SourceControl: Source control is disabled
[2023.07.08-18.39.57:205][  0]SourceControl: Source control is disabled
[2023.07.08-18.39.57:212][  0]SourceControl: Source control is disabled
[2023.07.08-18.39.57:217][  0]LogUProjectInfo: Found projects:
[2023.07.08-18.39.57:247][  0]LogAndroidPermission: UAndroidPermissionCallbackProxy::GetInstance
[2023.07.08-18.39.57:264][  0]LogAudioCaptureCore: Display: No Audio Capture implementations found. Audio input will be silent.
[2023.07.08-18.39.57:264][  0]LogAudioCaptureCore: Display: No Audio Capture implementations found. Audio input will be silent.
[2023.07.08-18.39.57:369][  0]LogOcInput: OculusInput pre-init called
[2023.07.08-18.39.57:484][  0]LogCollectionManager: Loaded 0 collections in 0.000832 seconds
[2023.07.08-18.39.57:533][  0]LogFileCache: Scanning file cache for directory 'C:/VperData/GitHub/ActionRoguelike/ActionRoguelike/Saved/Collections/' took 0.00s
[2023.07.08-18.39.57:533][  0]LogFileCache: Scanning file cache for directory 'C:/VperData/GitHub/ActionRoguelike/ActionRoguelike/Content/Developers/virtu/Collections/' took 0.00s
[2023.07.08-18.39.57:533][  0]LogFileCache: Scanning file cache for directory 'C:/VperData/GitHub/ActionRoguelike/ActionRoguelike/Content/Collections/' took 0.00s
[2023.07.08-18.39.57:534][  0]LogEngine: Initializing Engine...
[2023.07.08-18.39.57:536][  0]LogHMD: Failed to enumerate extensions. Please check that you have a valid OpenXR runtime installed.
[2023.07.08-18.39.57:536][  0]LogHMD: Failed to initialize OpenVR with code 110
[2023.07.08-18.39.57:536][  0]LogMagicLeap: Warning: VR disabled because ZI is not enabled.  To enable, in the editor, Edit -> Project Settings -> Plugins -> Magic Leap Plugin -> Enable Zero Iteration
[2023.07.08-18.39.57:537][  0]LogStats: UGameplayTagsManager::InitializeManager -  0.000 s
[2023.07.08-18.39.57:600][  0]LogInit: Initializing FReadOnlyCVARCache
[2023.07.08-18.39.57:606][  0]LogAIModule: Creating AISystem for world Untitled
[2023.07.08-18.39.57:613][  0]LogAudio: Display: Initializing Audio Device Manager...
[2023.07.08-18.39.57:615][  0]LogAudio: Display: Loading Default Audio Settings Objects...
[2023.07.08-18.39.57:616][  0]LogAudio: Display: No default SoundConcurrencyObject specified (or failed to load).
[2023.07.08-18.39.57:616][  0]LogAudio: Display: Audio Device Manager Initialized
[2023.07.08-18.39.57:616][  0]LogAudio: Display: Creating Audio Device:                 Id: 1, Scope: Shared, Realtime: True
[2023.07.08-18.39.57:616][  0]LogAudioMixer: Display: Audio Mixer Platform Settings:
[2023.07.08-18.39.57:616][  0]LogAudioMixer: Display: 	Sample Rate:						  48000
[2023.07.08-18.39.57:616][  0]LogAudioMixer: Display: 	Callback Buffer Frame Size Requested: 1024
[2023.07.08-18.39.57:616][  0]LogAudioMixer: Display: 	Callback Buffer Frame Size To Use:	  1024
[2023.07.08-18.39.57:616][  0]LogAudioMixer: Display: 	Number of buffers to queue:			  2
[2023.07.08-18.39.57:616][  0]LogAudioMixer: Display: 	Max Channels (voices):				  32
[2023.07.08-18.39.57:616][  0]LogAudioMixer: Display: 	Number of Async Source Workers:		  0
[2023.07.08-18.39.57:616][  0]LogAudio: Display: AudioDevice MaxSources: 32
[2023.07.08-18.39.57:617][  0]LogAudio: Display: Audio Spatialization Plugin: None (built-in).
[2023.07.08-18.39.57:617][  0]LogAudio: Display: Audio Reverb Plugin: None (built-in).
[2023.07.08-18.39.57:617][  0]LogAudio: Display: Audio Occlusion Plugin: None (built-in).
[2023.07.08-18.39.57:617][  0]LogAudioMixer: Display: Initializing audio mixer.
[2023.07.08-18.39.57:624][  0]LogAudioMixer: Display: 0: FrontLeft
[2023.07.08-18.39.57:624][  0]LogAudioMixer: Display: 1: FrontRight
[2023.07.08-18.39.57:636][  0]LogAudioMixer: Display: Using Audio Device Realtek HD Audio 2nd output (Realtek(R) Audio)
[2023.07.08-18.39.57:637][  0]LogAudioMixer: Display: Initializing Sound Submixes...
[2023.07.08-18.39.57:638][  0]LogAudioMixer: Display: Creating Master Submix 'MasterSubmixDefault'
[2023.07.08-18.39.57:638][  0]LogAudioMixer: Display: Creating Master Submix 'MasterReverbSubmixDefault'
[2023.07.08-18.39.57:639][  0]LogAudioMixer: Display: Creating Master Submix 'MasterEQSubmixDefault'
[2023.07.08-18.39.57:639][  0]LogAudioMixer: FMixerPlatformXAudio2::StartAudioStream() called
[2023.07.08-18.39.57:639][  0]LogAudioMixer: Display: Output buffers initialized: Frames=1024, Channels=2, Samples=2048
[2023.07.08-18.39.57:640][  0]LogAudioMixer: Display: Starting AudioMixerPlatformInterface::RunInternal()
[2023.07.08-18.39.57:640][  0]LogAudioMixer: Display: FMixerPlatformXAudio2::SubmitBuffer() called for the first time
[2023.07.08-18.39.57:640][  0]LogInit: FAudioDevice initialized.
[2023.07.08-18.39.57:640][  0]LogAudio: Display: Audio Device (ID: 1) registered with world 'Untitled'.
[2023.07.08-18.39.57:640][  0]LogNetVersion: Set ProjectVersion to 1.0.0.0. Version Checksum will be recalculated on next use.
[2023.07.08-18.39.57:673][  0]LogDerivedDataCache: Saved boot cache 0.03s 94MB C:/Users/virtu/AppData/Local/UnrealEngine/4.27/DerivedDataCache/Boot.ddc.
[2023.07.08-18.39.57:674][  0]LogInit: Texture streaming: Enabled
[2023.07.08-18.39.57:683][  0]LogAnalytics: Display: [UEEditor.Rocket.Release] APIServer = https://datarouter.ol.epicgames.com/. AppVersion = 4.27.2-18319896+++UE4+Release-4.27
[2023.07.08-18.39.57:686][  0]LogEngineSessionManager: EngineSessionManager initialized
[2023.07.08-18.39.57:686][  0]LogEngineSessionManager: EngineSessionManager sent abnormal shutdown report. Type=Debugger, SessionId={27BBA874-43BB-FF42-FB68-DCA17B634EB5}
[2023.07.08-18.39.57:686][  0]LogEditorSessionSummary: Verbose: Initializing EditorSessionSummaryWriter for editor session tracking
[2023.07.08-18.39.57:687][  0]LogEditorSessionSummary: EditorSessionSummaryWriter initialized
[2023.07.08-18.39.57:700][  0]LogInit: Transaction tracking system initialized
[2023.07.08-18.39.57:717][  0]BlueprintLog: New page: Editor Load
[2023.07.08-18.39.57:762][  0]LocalizationService: Localization service is disabled
[2023.07.08-18.39.57:778][  0]TimingProfiler: Initialize
[2023.07.08-18.39.57:778][  0]TimingProfiler: OnSessionChanged
[2023.07.08-18.39.57:778][  0]LoadingProfiler: Initialize
[2023.07.08-18.39.57:778][  0]LoadingProfiler: OnSessionChanged
[2023.07.08-18.39.57:778][  0]NetworkingProfiler: Initialize
[2023.07.08-18.39.57:779][  0]NetworkingProfiler: OnSessionChanged
[2023.07.08-18.39.57:779][  0]MemoryProfiler: Initialize
[2023.07.08-18.39.57:779][  0]MemoryProfiler: OnSessionChanged
[2023.07.08-18.39.58:021][  0]LogCook: Display: CookSettings for Memory: MemoryMaxUsedVirtual 0MiB, MemoryMaxUsedPhysical 16384MiB, MemoryMinFreeVirtual 0MiB, MemoryMinFreePhysical 1024MiB
[2023.07.08-18.39.58:021][  0]LogCook: Display: Mobile HDR setting 1
[2023.07.08-18.39.58:146][  0]LogFileCache: Scanning file cache for directory 'C:/VperData/GitHub/ActionRoguelike/ActionRoguelike/Content/' took 0.01s
[2023.07.08-18.39.58:254][  0]LogInit: Display: Engine is initialized. Leaving FEngineLoop::Init()
[2023.07.08-18.39.58:257][  0]SourceControl: Source control is disabled
[2023.07.08-18.39.58:257][  0]LogUnrealEdMisc: Loading editor; pre map load, took 4.340
[2023.07.08-18.39.58:257][  0]Cmd: MAP LOAD FILE="../../../../../../../VperData/GitHub/ActionRoguelike/ActionRoguelike/Content/ActionRoguelike/Maps/TestLevel.umap" TEMPLATE=0 SHOWPROGRESS=1 FEATURELEVEL=3
[2023.07.08-18.39.58:257][  0]LightingResults: New page: Lighting Build
[2023.07.08-18.39.58:258][  0]LogWorld: UWorld::CleanupWorld for Untitled, bSessionEnded=true, bCleanupResources=true
[2023.07.08-18.39.58:258][  0]LogSlate: InvalidateAllWidgets triggered.  All widgets were invalidated
[2023.07.08-18.39.58:258][  0]MapCheck: New page: Map Check
[2023.07.08-18.39.58:258][  0]LightingResults: New page: Lighting Build
[2023.07.08-18.39.58:260][  0]LogAudio: Display: Audio Device unregistered from world 'None'.
[2023.07.08-18.39.58:263][  0]LogUObjectHash: Compacting FUObjectHashTables data took   0.42ms
[2023.07.08-18.39.58:375][  0]LogSkeletalMesh: Display: [AssetLog] C:\VperData\GitHub\ActionRoguelike\ActionRoguelike\Content\ParagonGideon\Characters\Heroes\Gideon\Meshes\Gideon.uasset: Find and fix some bad tangent! please re-import this skeletal mesh asset to fix the issue. The shading of the skeletal mesh will be bad and faceted.
[2023.07.08-18.39.58:443][  0]LogAudio: Display: Audio Device (ID: 1) registered with world 'TestLevel'.
[2023.07.08-18.39.58:443][  0]LogAIModule: Creating AISystem for world TestLevel
[2023.07.08-18.39.58:450][  0]LogEditorServer: Finished looking for orphan Actors (0.000 secs)
[2023.07.08-18.39.58:453][  0]LogUObjectHash: Compacting FUObjectHashTables data took   0.44ms
[2023.07.08-18.39.58:455][  0]Cmd: MAP CHECKDEP NOCLEARLOG
[2023.07.08-18.39.58:455][  0]MapCheck: Map check complete: 0 Error(s), 0 Warning(s), took 0.099ms to complete.
[2023.07.08-18.39.58:455][  0]LogFileHelpers: Loading map 'TestLevel' took 0.199
[2023.07.08-18.39.58:457][  0]LogUnrealEdMisc: Total Editor Startup Time, took 4.540
[2023.07.08-18.39.58:552][  0]LogSlate: Updating window title bar state: overlay mode, drag disabled, window buttons hidden, title bar hidden
[2023.07.08-18.39.58:556][  0]LogSlate: Updating window title bar state: overlay mode, drag disabled, window buttons hidden, title bar hidden
[2023.07.08-18.39.58:559][  0]LogSlate: Updating window title bar state: overlay mode, drag disabled, window buttons hidden, title bar hidden
[2023.07.08-18.39.58:561][  0]LogSlate: Updating window title bar state: overlay mode, drag disabled, window buttons hidden, title bar hidden
[2023.07.08-18.39.58:569][  0]LogNativeClassHierarchy: Verbose: Native class hierarchy populated in 0.0053 seconds. Added 3828 classes and 931 folders.
[2023.07.08-18.39.58:571][  0]LogNativeClassHierarchy: Verbose: Native class hierarchy updated for 'WidgetCarousel' in 0.0001 seconds. Added 0 classes and 0 folders.
[2023.07.08-18.39.58:571][  0]LogPakFile: PakFile PrimaryIndexSize=187
[2023.07.08-18.39.58:571][  0]LogPakFile: PakFile PathHashIndexSize=101
[2023.07.08-18.39.58:571][  0]LogPakFile: PakFile FullDirectoryIndexSize=148
[2023.07.08-18.39.58:572][  0]LogShaderLibrary: Display: ShaderCodeLibraryPakFileMountedCallback: PakFile 'C:/Program Files (x86)/Vper/UE/UE_4.27/FeaturePacks/FP_FirstPerson.upack' (chunk index -1, root 'root:/') mounted
[2023.07.08-18.39.58:572][  0]LogShaderLibrary: Display: ShaderCodeLibraryPakFileMountedCallback: pending pak file info (ChunkID:-1 Root:root:/ File:C:/Program Files (x86)/Vper/UE/UE_4.27/FeaturePacks/FP_FirstPerson.upack)
[2023.07.08-18.39.58:572][  0]LogPakFile: OnPakFileMounted2Time == 0.000122
[2023.07.08-18.39.58:572][  0]LogPakFile: PakFile PrimaryIndexSize=189
[2023.07.08-18.39.58:572][  0]LogPakFile: PakFile PathHashIndexSize=101
[2023.07.08-18.39.58:572][  0]LogPakFile: PakFile FullDirectoryIndexSize=152
[2023.07.08-18.39.58:572][  0]LogShaderLibrary: Display: ShaderCodeLibraryPakFileMountedCallback: PakFile 'C:/Program Files (x86)/Vper/UE/UE_4.27/FeaturePacks/FP_FirstPersonBP.upack' (chunk index -1, root 'root:/') mounted
[2023.07.08-18.39.58:572][  0]LogShaderLibrary: Display: ShaderCodeLibraryPakFileMountedCallback: pending pak file info (ChunkID:-1 Root:root:/ File:C:/Program Files (x86)/Vper/UE/UE_4.27/FeaturePacks/FP_FirstPersonBP.upack)
[2023.07.08-18.39.58:572][  0]LogPakFile: OnPakFileMounted2Time == 0.000101
[2023.07.08-18.39.58:572][  0]LogPakFile: PakFile PrimaryIndexSize=191
[2023.07.08-18.39.58:573][  0]LogPakFile: PakFile PathHashIndexSize=101
[2023.07.08-18.39.58:573][  0]LogPakFile: PakFile FullDirectoryIndexSize=160
[2023.07.08-18.39.58:573][  0]LogShaderLibrary: Display: ShaderCodeLibraryPakFileMountedCallback: PakFile 'C:/Program Files (x86)/Vper/UE/UE_4.27/FeaturePacks/MobileStarterContent.upack' (chunk index -1, root 'root:/') mounted
[2023.07.08-18.39.58:573][  0]LogShaderLibrary: Display: ShaderCodeLibraryPakFileMountedCallback: pending pak file info (ChunkID:-1 Root:root:/ File:C:/Program Files (x86)/Vper/UE/UE_4.27/FeaturePacks/MobileStarterContent.upack)
[2023.07.08-18.39.58:573][  0]LogPakFile: OnPakFileMounted2Time == 0.000096
[2023.07.08-18.39.58:573][  0]LogPakFile: PakFile PrimaryIndexSize=185
[2023.07.08-18.39.58:573][  0]LogPakFile: PakFile PathHashIndexSize=101
[2023.07.08-18.39.58:573][  0]LogPakFile: PakFile FullDirectoryIndexSize=148
[2023.07.08-18.39.58:573][  0]LogShaderLibrary: Display: ShaderCodeLibraryPakFileMountedCallback: PakFile 'C:/Program Files (x86)/Vper/UE/UE_4.27/FeaturePacks/StarterContent.upack' (chunk index -1, root 'root:/') mounted
[2023.07.08-18.39.58:573][  0]LogShaderLibrary: Display: ShaderCodeLibraryPakFileMountedCallback: pending pak file info (ChunkID:-1 Root:root:/ File:C:/Program Files (x86)/Vper/UE/UE_4.27/FeaturePacks/StarterContent.upack)
[2023.07.08-18.39.58:573][  0]LogPakFile: OnPakFileMounted2Time == 0.000092
[2023.07.08-18.39.58:574][  0]LogPakFile: PakFile PrimaryIndexSize=190
[2023.07.08-18.39.58:574][  0]LogPakFile: PakFile PathHashIndexSize=101
[2023.07.08-18.39.58:574][  0]LogPakFile: PakFile FullDirectoryIndexSize=154
[2023.07.08-18.39.58:574][  0]LogShaderLibrary: Display: ShaderCodeLibraryPakFileMountedCallback: PakFile 'C:/Program Files (x86)/Vper/UE/UE_4.27/FeaturePacks/TP_2DSideScroller.upack' (chunk index -1, root 'root:/') mounted
[2023.07.08-18.39.58:574][  0]LogShaderLibrary: Display: ShaderCodeLibraryPakFileMountedCallback: pending pak file info (ChunkID:-1 Root:root:/ File:C:/Program Files (x86)/Vper/UE/UE_4.27/FeaturePacks/TP_2DSideScroller.upack)
[2023.07.08-18.39.58:574][  0]LogPakFile: OnPakFileMounted2Time == 0.000093
[2023.07.08-18.39.58:574][  0]LogPakFile: PakFile PrimaryIndexSize=192
[2023.07.08-18.39.58:574][  0]LogPakFile: PakFile PathHashIndexSize=101
[2023.07.08-18.39.58:574][  0]LogPakFile: PakFile FullDirectoryIndexSize=158
[2023.07.08-18.39.58:574][  0]LogShaderLibrary: Display: ShaderCodeLibraryPakFileMountedCallback: PakFile 'C:/Program Files (x86)/Vper/UE/UE_4.27/FeaturePacks/TP_2DSideScrollerBP.upack' (chunk index -1, root 'root:/') mounted
[2023.07.08-18.39.58:574][  0]LogShaderLibrary: Display: ShaderCodeLibraryPakFileMountedCallback: pending pak file info (ChunkID:-1 Root:root:/ File:C:/Program Files (x86)/Vper/UE/UE_4.27/FeaturePacks/TP_2DSideScrollerBP.upack)
[2023.07.08-18.39.58:574][  0]LogPakFile: OnPakFileMounted2Time == 0.000093
[2023.07.08-18.39.58:574][  0]LogPakFile: PakFile PrimaryIndexSize=182
[2023.07.08-18.39.58:575][  0]LogPakFile: PakFile PathHashIndexSize=101
[2023.07.08-18.39.58:575][  0]LogPakFile: PakFile FullDirectoryIndexSize=138
[2023.07.08-18.39.58:575][  0]LogShaderLibrary: Display: ShaderCodeLibraryPakFileMountedCallback: PakFile 'C:/Program Files (x86)/Vper/UE/UE_4.27/FeaturePacks/TP_Flying.upack' (chunk index -1, root 'root:/') mounted
[2023.07.08-18.39.58:575][  0]LogShaderLibrary: Display: ShaderCodeLibraryPakFileMountedCallback: pending pak file info (ChunkID:-1 Root:root:/ File:C:/Program Files (x86)/Vper/UE/UE_4.27/FeaturePacks/TP_Flying.upack)
[2023.07.08-18.39.58:575][  0]LogPakFile: OnPakFileMounted2Time == 0.000097
[2023.07.08-18.39.58:575][  0]LogPakFile: PakFile PrimaryIndexSize=184
[2023.07.08-18.39.58:575][  0]LogPakFile: PakFile PathHashIndexSize=101
[2023.07.08-18.39.58:575][  0]LogPakFile: PakFile FullDirectoryIndexSize=142
[2023.07.08-18.39.58:575][  0]LogShaderLibrary: Display: ShaderCodeLibraryPakFileMountedCallback: PakFile 'C:/Program Files (x86)/Vper/UE/UE_4.27/FeaturePacks/TP_FlyingBP.upack' (chunk index -1, root 'root:/') mounted
[2023.07.08-18.39.58:575][  0]LogShaderLibrary: Display: ShaderCodeLibraryPakFileMountedCallback: pending pak file info (ChunkID:-1 Root:root:/ File:C:/Program Files (x86)/Vper/UE/UE_4.27/FeaturePacks/TP_FlyingBP.upack)
[2023.07.08-18.39.58:575][  0]LogPakFile: OnPakFileMounted2Time == 0.000087
[2023.07.08-18.39.58:575][  0]LogPakFile: PakFile PrimaryIndexSize=188
[2023.07.08-18.39.58:576][  0]LogPakFile: PakFile PathHashIndexSize=101
[2023.07.08-18.39.58:576][  0]LogPakFile: PakFile FullDirectoryIndexSize=150
[2023.07.08-18.39.58:576][  0]LogShaderLibrary: Display: ShaderCodeLibraryPakFileMountedCallback: PakFile 'C:/Program Files (x86)/Vper/UE/UE_4.27/FeaturePacks/TP_HandheldARBP.upack' (chunk index -1, root 'root:/') mounted
[2023.07.08-18.39.58:576][  0]LogShaderLibrary: Display: ShaderCodeLibraryPakFileMountedCallback: pending pak file info (ChunkID:-1 Root:root:/ File:C:/Program Files (x86)/Vper/UE/UE_4.27/FeaturePacks/TP_HandheldARBP.upack)
[2023.07.08-18.39.58:576][  0]LogPakFile: OnPakFileMounted2Time == 0.000090
[2023.07.08-18.39.58:576][  0]LogPakFile: PakFile PrimaryIndexSize=182
[2023.07.08-18.39.58:576][  0]LogPakFile: PakFile PathHashIndexSize=101
[2023.07.08-18.39.58:576][  0]LogPakFile: PakFile FullDirectoryIndexSize=138
[2023.07.08-18.39.58:576][  0]LogShaderLibrary: Display: ShaderCodeLibraryPakFileMountedCallback: PakFile 'C:/Program Files (x86)/Vper/UE/UE_4.27/FeaturePacks/TP_Puzzle.upack' (chunk index -1, root 'root:/') mounted
[2023.07.08-18.39.58:576][  0]LogShaderLibrary: Display: ShaderCodeLibraryPakFileMountedCallback: pending pak file info (ChunkID:-1 Root:root:/ File:C:/Program Files (x86)/Vper/UE/UE_4.27/FeaturePacks/TP_Puzzle.upack)
[2023.07.08-18.39.58:576][  0]LogPakFile: OnPakFileMounted2Time == 0.000091
[2023.07.08-18.39.58:577][  0]LogPakFile: PakFile PrimaryIndexSize=184
[2023.07.08-18.39.58:577][  0]LogPakFile: PakFile PathHashIndexSize=101
[2023.07.08-18.39.58:577][  0]LogPakFile: PakFile FullDirectoryIndexSize=142
[2023.07.08-18.39.58:577][  0]LogShaderLibrary: Display: ShaderCodeLibraryPakFileMountedCallback: PakFile 'C:/Program Files (x86)/Vper/UE/UE_4.27/FeaturePacks/TP_PuzzleBP.upack' (chunk index -1, root 'root:/') mounted
[2023.07.08-18.39.58:577][  0]LogShaderLibrary: Display: ShaderCodeLibraryPakFileMountedCallback: pending pak file info (ChunkID:-1 Root:root:/ File:C:/Program Files (x86)/Vper/UE/UE_4.27/FeaturePacks/TP_PuzzleBP.upack)
[2023.07.08-18.39.58:577][  0]LogPakFile: OnPakFileMounted2Time == 0.000087
[2023.07.08-18.39.58:577][  0]LogPakFile: PakFile PrimaryIndexSize=183
[2023.07.08-18.39.58:577][  0]LogPakFile: PakFile PathHashIndexSize=101
[2023.07.08-18.39.58:577][  0]LogPakFile: PakFile FullDirectoryIndexSize=140
[2023.07.08-18.39.58:577][  0]LogShaderLibrary: Display: ShaderCodeLibraryPakFileMountedCallback: PakFile 'C:/Program Files (x86)/Vper/UE/UE_4.27/FeaturePacks/TP_Rolling.upack' (chunk index -1, root 'root:/') mounted
[2023.07.08-18.39.58:577][  0]LogShaderLibrary: Display: ShaderCodeLibraryPakFileMountedCallback: pending pak file info (ChunkID:-1 Root:root:/ File:C:/Program Files (x86)/Vper/UE/UE_4.27/FeaturePacks/TP_Rolling.upack)
[2023.07.08-18.39.58:577][  0]LogPakFile: OnPakFileMounted2Time == 0.000090
[2023.07.08-18.39.58:578][  0]LogPakFile: PakFile PrimaryIndexSize=185
[2023.07.08-18.39.58:578][  0]LogPakFile: PakFile PathHashIndexSize=101
[2023.07.08-18.39.58:578][  0]LogPakFile: PakFile FullDirectoryIndexSize=144
[2023.07.08-18.39.58:578][  0]LogShaderLibrary: Display: ShaderCodeLibraryPakFileMountedCallback: PakFile 'C:/Program Files (x86)/Vper/UE/UE_4.27/FeaturePacks/TP_RollingBP.upack' (chunk index -1, root 'root:/') mounted
[2023.07.08-18.39.58:578][  0]LogShaderLibrary: Display: ShaderCodeLibraryPakFileMountedCallback: pending pak file info (ChunkID:-1 Root:root:/ File:C:/Program Files (x86)/Vper/UE/UE_4.27/FeaturePacks/TP_RollingBP.upack)
[2023.07.08-18.39.58:578][  0]LogPakFile: OnPakFileMounted2Time == 0.000090
[2023.07.08-18.39.58:578][  0]LogPakFile: PakFile PrimaryIndexSize=188
[2023.07.08-18.39.58:578][  0]LogPakFile: PakFile PathHashIndexSize=101
[2023.07.08-18.39.58:578][  0]LogPakFile: PakFile FullDirectoryIndexSize=150
[2023.07.08-18.39.58:578][  0]LogShaderLibrary: Display: ShaderCodeLibraryPakFileMountedCallback: PakFile 'C:/Program Files (x86)/Vper/UE/UE_4.27/FeaturePacks/TP_SideScroller.upack' (chunk index -1, root 'root:/') mounted
[2023.07.08-18.39.58:578][  0]LogShaderLibrary: Display: ShaderCodeLibraryPakFileMountedCallback: pending pak file info (ChunkID:-1 Root:root:/ File:C:/Program Files (x86)/Vper/UE/UE_4.27/FeaturePacks/TP_SideScroller.upack)
[2023.07.08-18.39.58:578][  0]LogPakFile: OnPakFileMounted2Time == 0.000092
[2023.07.08-18.39.58:579][  0]LogPakFile: PakFile PrimaryIndexSize=190
[2023.07.08-18.39.58:579][  0]LogPakFile: PakFile PathHashIndexSize=101
[2023.07.08-18.39.58:579][  0]LogPakFile: PakFile FullDirectoryIndexSize=154
[2023.07.08-18.39.58:579][  0]LogShaderLibrary: Display: ShaderCodeLibraryPakFileMountedCallback: PakFile 'C:/Program Files (x86)/Vper/UE/UE_4.27/FeaturePacks/TP_SideScrollerBP.upack' (chunk index -1, root 'root:/') mounted
[2023.07.08-18.39.58:579][  0]LogShaderLibrary: Display: ShaderCodeLibraryPakFileMountedCallback: pending pak file info (ChunkID:-1 Root:root:/ File:C:/Program Files (x86)/Vper/UE/UE_4.27/FeaturePacks/TP_SideScrollerBP.upack)
[2023.07.08-18.39.58:579][  0]LogPakFile: OnPakFileMounted2Time == 0.000093
[2023.07.08-18.39.58:579][  0]LogPakFile: PakFile PrimaryIndexSize=187
[2023.07.08-18.39.58:579][  0]LogPakFile: PakFile PathHashIndexSize=101
[2023.07.08-18.39.58:579][  0]LogPakFile: PakFile FullDirectoryIndexSize=148
[2023.07.08-18.39.58:579][  0]LogShaderLibrary: Display: ShaderCodeLibraryPakFileMountedCallback: PakFile 'C:/Program Files (x86)/Vper/UE/UE_4.27/FeaturePacks/TP_ThirdPerson.upack' (chunk index -1, root 'root:/') mounted
[2023.07.08-18.39.58:579][  0]LogShaderLibrary: Display: ShaderCodeLibraryPakFileMountedCallback: pending pak file info (ChunkID:-1 Root:root:/ File:C:/Program Files (x86)/Vper/UE/UE_4.27/FeaturePacks/TP_ThirdPerson.upack)
[2023.07.08-18.39.58:579][  0]LogPakFile: OnPakFileMounted2Time == 0.000083
[2023.07.08-18.39.58:579][  0]LogPakFile: PakFile PrimaryIndexSize=189
[2023.07.08-18.39.58:580][  0]LogPakFile: PakFile PathHashIndexSize=101
[2023.07.08-18.39.58:580][  0]LogPakFile: PakFile FullDirectoryIndexSize=152
[2023.07.08-18.39.58:580][  0]LogShaderLibrary: Display: ShaderCodeLibraryPakFileMountedCallback: PakFile 'C:/Program Files (x86)/Vper/UE/UE_4.27/FeaturePacks/TP_ThirdPersonBP.upack' (chunk index -1, root 'root:/') mounted
[2023.07.08-18.39.58:580][  0]LogShaderLibrary: Display: ShaderCodeLibraryPakFileMountedCallback: pending pak file info (ChunkID:-1 Root:root:/ File:C:/Program Files (x86)/Vper/UE/UE_4.27/FeaturePacks/TP_ThirdPersonBP.upack)
[2023.07.08-18.39.58:580][  0]LogPakFile: OnPakFileMounted2Time == 0.000106
[2023.07.08-18.39.58:580][  0]LogPakFile: PakFile PrimaryIndexSize=183
[2023.07.08-18.39.58:580][  0]LogPakFile: PakFile PathHashIndexSize=101
[2023.07.08-18.39.58:580][  0]LogPakFile: PakFile FullDirectoryIndexSize=140
[2023.07.08-18.39.58:580][  0]LogShaderLibrary: Display: ShaderCodeLibraryPakFileMountedCallback: PakFile 'C:/Program Files (x86)/Vper/UE/UE_4.27/FeaturePacks/TP_TopDown.upack' (chunk index -1, root 'root:/') mounted
[2023.07.08-18.39.58:580][  0]LogShaderLibrary: Display: ShaderCodeLibraryPakFileMountedCallback: pending pak file info (ChunkID:-1 Root:root:/ File:C:/Program Files (x86)/Vper/UE/UE_4.27/FeaturePacks/TP_TopDown.upack)
[2023.07.08-18.39.58:580][  0]LogPakFile: OnPakFileMounted2Time == 0.000103
[2023.07.08-18.39.58:581][  0]LogPakFile: PakFile PrimaryIndexSize=185
[2023.07.08-18.39.58:581][  0]LogPakFile: PakFile PathHashIndexSize=101
[2023.07.08-18.39.58:581][  0]LogPakFile: PakFile FullDirectoryIndexSize=144
[2023.07.08-18.39.58:581][  0]LogShaderLibrary: Display: ShaderCodeLibraryPakFileMountedCallback: PakFile 'C:/Program Files (x86)/Vper/UE/UE_4.27/FeaturePacks/TP_TopDownBP.upack' (chunk index -1, root 'root:/') mounted
[2023.07.08-18.39.58:581][  0]LogShaderLibrary: Display: ShaderCodeLibraryPakFileMountedCallback: pending pak file info (ChunkID:-1 Root:root:/ File:C:/Program Files (x86)/Vper/UE/UE_4.27/FeaturePacks/TP_TopDownBP.upack)
[2023.07.08-18.39.58:581][  0]LogPakFile: OnPakFileMounted2Time == 0.000092
[2023.07.08-18.39.58:582][  0]LogPakFile: PakFile PrimaryIndexSize=185
[2023.07.08-18.39.58:582][  0]LogPakFile: PakFile PathHashIndexSize=101
[2023.07.08-18.39.58:582][  0]LogPakFile: PakFile FullDirectoryIndexSize=144
[2023.07.08-18.39.58:582][  0]LogShaderLibrary: Display: ShaderCodeLibraryPakFileMountedCallback: PakFile 'C:/Program Files (x86)/Vper/UE/UE_4.27/FeaturePacks/TP_TwinStick.upack' (chunk index -1, root 'root:/') mounted
[2023.07.08-18.39.58:582][  0]LogShaderLibrary: Display: ShaderCodeLibraryPakFileMountedCallback: pending pak file info (ChunkID:-1 Root:root:/ File:C:/Program Files (x86)/Vper/UE/UE_4.27/FeaturePacks/TP_TwinStick.upack)
[2023.07.08-18.39.58:582][  0]LogPakFile: OnPakFileMounted2Time == 0.000094
[2023.07.08-18.39.58:582][  0]LogPakFile: PakFile PrimaryIndexSize=187
[2023.07.08-18.39.58:582][  0]LogPakFile: PakFile PathHashIndexSize=101
[2023.07.08-18.39.58:582][  0]LogPakFile: PakFile FullDirectoryIndexSize=148
[2023.07.08-18.39.58:582][  0]LogShaderLibrary: Display: ShaderCodeLibraryPakFileMountedCallback: PakFile 'C:/Program Files (x86)/Vper/UE/UE_4.27/FeaturePacks/TP_TwinStickBP.upack' (chunk index -1, root 'root:/') mounted
[2023.07.08-18.39.58:582][  0]LogShaderLibrary: Display: ShaderCodeLibraryPakFileMountedCallback: pending pak file info (ChunkID:-1 Root:root:/ File:C:/Program Files (x86)/Vper/UE/UE_4.27/FeaturePacks/TP_TwinStickBP.upack)
[2023.07.08-18.39.58:582][  0]LogPakFile: OnPakFileMounted2Time == 0.000097
[2023.07.08-18.39.58:583][  0]LogPakFile: PakFile PrimaryIndexSize=183
[2023.07.08-18.39.58:583][  0]LogPakFile: PakFile PathHashIndexSize=101
[2023.07.08-18.39.58:583][  0]LogPakFile: PakFile FullDirectoryIndexSize=140
[2023.07.08-18.39.58:583][  0]LogShaderLibrary: Display: ShaderCodeLibraryPakFileMountedCallback: PakFile 'C:/Program Files (x86)/Vper/UE/UE_4.27/FeaturePacks/TP_Vehicle.upack' (chunk index -1, root 'root:/') mounted
[2023.07.08-18.39.58:583][  0]LogShaderLibrary: Display: ShaderCodeLibraryPakFileMountedCallback: pending pak file info (ChunkID:-1 Root:root:/ File:C:/Program Files (x86)/Vper/UE/UE_4.27/FeaturePacks/TP_Vehicle.upack)
[2023.07.08-18.39.58:583][  0]LogPakFile: OnPakFileMounted2Time == 0.000096
[2023.07.08-18.39.58:583][  0]LogPakFile: PakFile PrimaryIndexSize=186
[2023.07.08-18.39.58:583][  0]LogPakFile: PakFile PathHashIndexSize=101
[2023.07.08-18.39.58:583][  0]LogPakFile: PakFile FullDirectoryIndexSize=146
[2023.07.08-18.39.58:583][  0]LogShaderLibrary: Display: ShaderCodeLibraryPakFileMountedCallback: PakFile 'C:/Program Files (x86)/Vper/UE/UE_4.27/FeaturePacks/TP_VehicleAdv.upack' (chunk index -1, root 'root:/') mounted
[2023.07.08-18.39.58:583][  0]LogShaderLibrary: Display: ShaderCodeLibraryPakFileMountedCallback: pending pak file info (ChunkID:-1 Root:root:/ File:C:/Program Files (x86)/Vper/UE/UE_4.27/FeaturePacks/TP_VehicleAdv.upack)
[2023.07.08-18.39.58:583][  0]LogPakFile: OnPakFileMounted2Time == 0.000092
[2023.07.08-18.39.58:584][  0]LogPakFile: PakFile PrimaryIndexSize=188
[2023.07.08-18.39.58:584][  0]LogPakFile: PakFile PathHashIndexSize=101
[2023.07.08-18.39.58:584][  0]LogPakFile: PakFile FullDirectoryIndexSize=150
[2023.07.08-18.39.58:584][  0]LogShaderLibrary: Display: ShaderCodeLibraryPakFileMountedCallback: PakFile 'C:/Program Files (x86)/Vper/UE/UE_4.27/FeaturePacks/TP_VehicleAdvBP.upack' (chunk index -1, root 'root:/') mounted
[2023.07.08-18.39.58:584][  0]LogShaderLibrary: Display: ShaderCodeLibraryPakFileMountedCallback: pending pak file info (ChunkID:-1 Root:root:/ File:C:/Program Files (x86)/Vper/UE/UE_4.27/FeaturePacks/TP_VehicleAdvBP.upack)
[2023.07.08-18.39.58:584][  0]LogPakFile: OnPakFileMounted2Time == 0.000095
[2023.07.08-18.39.58:584][  0]LogPakFile: PakFile PrimaryIndexSize=185
[2023.07.08-18.39.58:584][  0]LogPakFile: PakFile PathHashIndexSize=101
[2023.07.08-18.39.58:584][  0]LogPakFile: PakFile FullDirectoryIndexSize=144
[2023.07.08-18.39.58:584][  0]LogShaderLibrary: Display: ShaderCodeLibraryPakFileMountedCallback: PakFile 'C:/Program Files (x86)/Vper/UE/UE_4.27/FeaturePacks/TP_VehicleBP.upack' (chunk index -1, root 'root:/') mounted
[2023.07.08-18.39.58:584][  0]LogShaderLibrary: Display: ShaderCodeLibraryPakFileMountedCallback: pending pak file info (ChunkID:-1 Root:root:/ File:C:/Program Files (x86)/Vper/UE/UE_4.27/FeaturePacks/TP_VehicleBP.upack)
[2023.07.08-18.39.58:584][  0]LogPakFile: OnPakFileMounted2Time == 0.000083
[2023.07.08-18.39.58:585][  0]LogPakFile: PakFile PrimaryIndexSize=192
[2023.07.08-18.39.58:585][  0]LogPakFile: PakFile PathHashIndexSize=101
[2023.07.08-18.39.58:585][  0]LogPakFile: PakFile FullDirectoryIndexSize=158
[2023.07.08-18.39.58:585][  0]LogShaderLibrary: Display: ShaderCodeLibraryPakFileMountedCallback: PakFile 'C:/Program Files (x86)/Vper/UE/UE_4.27/FeaturePacks/TP_VirtualRealityBP.upack' (chunk index -1, root 'root:/') mounted
[2023.07.08-18.39.58:585][  0]LogShaderLibrary: Display: ShaderCodeLibraryPakFileMountedCallback: pending pak file info (ChunkID:-1 Root:root:/ File:C:/Program Files (x86)/Vper/UE/UE_4.27/FeaturePacks/TP_VirtualRealityBP.upack)
[2023.07.08-18.39.58:585][  0]LogPakFile: OnPakFileMounted2Time == 0.000094
[2023.07.08-18.39.58:606][  0]LogNativeClassHierarchy: Verbose: Native class hierarchy updated for 'AddContentDialog' in 0.0002 seconds. Added 0 classes and 0 folders.
[2023.07.08-18.39.58:607][  0]LogNativeClassHierarchy: Verbose: Native class hierarchy updated for 'SceneOutliner' in 0.0001 seconds. Added 2 classes and 0 folders.
[2023.07.08-18.39.58:757][  0]LogSlate: Only BGRA pngs, bmps or icos are supported in by External Image Picker
[2023.07.08-18.39.58:803][  0]LogSlate: Took 0.000180 seconds to synchronously load lazily loaded font '../../../Engine/Content/Slate/Fonts/Roboto-Regular.ttf' (155K)
[2023.07.08-18.39.58:804][  0]LogSlate: Took 0.000096 seconds to synchronously load lazily loaded font '../../../Engine/Content/Editor/Slate/Fonts/FontAwesome.ttf' (139K)
[2023.07.08-18.39.58:804][  0]LogSlate: Took 0.000078 seconds to synchronously load lazily loaded font '../../../Engine/Content/Slate/Fonts/Roboto-Bold.ttf' (160K)
[2023.07.08-18.39.58:846][  0]LogRenderer: Reallocating scene render targets to support 1208x568 Format 10 NumSamples 1 (Frame:1).
[2023.07.08-18.39.59:073][  0]LogSlate: Took 0.000130 seconds to synchronously load lazily loaded font '../../../Engine/Content/Slate/Fonts/Roboto-Light.ttf' (167K)
[2023.07.08-18.39.59:131][  0]LogNativeClassHierarchy: Verbose: Native class hierarchy updated for 'HierarchicalLODOutliner' in 0.0002 seconds. Added 0 classes and 0 folders.
[2023.07.08-18.39.59:131][  0]LogLoad: (Engine Initialization) Total time: 5.21 seconds
[2023.07.08-18.39.59:131][  0]LogLoad: (Engine Initialization) Total Blueprint compile time: 0.00 seconds
[2023.07.08-18.39.59:207][  0]LogAssetRegistry: Asset discovery search completed in 3.2186 seconds
[2023.07.08-18.39.59:210][  0]LogCollectionManager: Fixed up redirectors for 0 collections in 0.000002 seconds (updated 0 objects)
[2023.07.08-18.39.59:212][  0]LogContentStreaming: Texture pool size now 1000 MB
[2023.07.08-18.40.05:680][733]LogEditorViewport: Clicking on Actor (LMB): MagicProjectileBP_C (MagicProjectileBP)
[2023.07.08-18.40.06:620][842]Cmd: DELETE
[2023.07.08-18.40.06:620][842]Cmd: ACTOR DELETE
[2023.07.08-18.40.06:622][842]LogEditorActor: Deleted Actor: MagicProjectileBP_C
[2023.07.08-18.40.06:626][842]LogUObjectHash: Compacting FUObjectHashTables data took   0.46ms
[2023.07.08-18.40.06:627][842]LogEditorActor: Deleted 1 Actors (0.007 secs)
[2023.07.08-18.40.08:183][  3]LogUObjectHash: Compacting FUObjectHashTables data took   0.34ms
[2023.07.08-18.40.08:187][  3]LogSlate: Took 0.000094 seconds to synchronously load lazily loaded font '../../../Engine/Content/Slate/Fonts/Roboto-Light.ttf' (167K)
[2023.07.08-18.40.08:211][  3]LogUObjectHash: Compacting FUObjectHashTables data took   0.18ms
[2023.07.08-18.40.08:215][  3]LogSavePackage: Moving '../../../../../../../VperData/GitHub/ActionRoguelike/ActionRoguelike/Saved/TestLevel7D809D194A7590037D74E49C1C438CFC.tmp' to '../../../../../../../VperData/GitHub/ActionRoguelike/ActionRoguelike/Content/ActionRoguelike/Maps/TestLevel.umap'
[2023.07.08-18.40.08:223][  3]LogFileHelpers: Saving map 'TestLevel' took 0.014
[2023.07.08-18.40.08:237][  3]AssetCheck: New page: Asset Save: TestLevel
[2023.07.08-18.40.08:237][  3]LogContentValidation: Display: Validating World /Game/ActionRoguelike/Maps/TestLevel.TestLevel
[2023.07.08-18.40.12:450][463]LogEditorClassViewer: Warning: Class /Engine/Tutorial/InWorldBlueprintEditing/TutorialAssets/IWBE_Blutility.IWBE_Blutility_C has parent /Script/Blutility.PlacedEditorUtilityBase, but this parent is not found. The Class will not be shown in ClassViewer.
[2023.07.08-18.40.12:450][463]LogEditorClassViewer: Warning: Class /Game/ExampleContent/CameraShake/camera_shake_constant.camera_shake_constant_C has parent /Script/Engine.MatineeCameraShake, but this parent is not found. The Class will not be shown in ClassViewer.
[2023.07.08-18.40.12:450][463]LogEditorClassViewer: Warning: Class /Game/ExampleContent/CameraShake/camera_shake_entry.camera_shake_entry_C has parent /Script/Engine.MatineeCameraShake, but this parent is not found. The Class will not be shown in ClassViewer.
[2023.07.08-18.40.12:450][463]LogEditorClassViewer: Warning: Class /Game/ExampleContent/CameraShake/camera_shake_small.camera_shake_small_C has parent /Script/Engine.MatineeCameraShake, but this parent is not found. The Class will not be shown in ClassViewer.
[2023.07.08-18.40.12:450][463]LogEditorClassViewer: Warning: Class /Game/ExampleContent/CameraShake/CamShake_TakeDamage.CamShake_TakeDamage_C has parent /Script/Engine.MatineeCameraShake, but this parent is not found. The Class will not be shown in ClassViewer.
[2023.07.08-18.40.12:450][463]LogEditorClassViewer: Warning: Class /Game/ExampleContent/CameraShake/CamShake_TakeDamage_Small.CamShake_TakeDamage_Small_C has parent /Script/Engine.MatineeCameraShake, but this parent is not found. The Class will not be shown in ClassViewer.
[2023.07.08-18.40.12:450][463]LogEditorClassViewer: Warning: Class /Game/ParagonGideon/Characters/Heroes/Gideon/Gideon_AnimBlueprint.Gideon_AnimBlueprint_C has parent /Script/ActionRoguelike.SAnimInstance, but this parent is not found. The Class will not be shown in ClassViewer.
[2023.07.08-18.40.12:495][463]LogSlate: Took 0.000156 seconds to synchronously load lazily loaded font '../../../Engine/Content/Slate/Fonts/Roboto-BoldCondensed.ttf' (158K)
[2023.07.08-18.41.02:434][ 19]Running C:/Program Files (x86)/Vper/UE/UE_4.27/Engine/Binaries/DotNET/UnrealBuildTool.exe  -projectfiles -project="C:/VperData/GitHub/ActionRoguelike/ActionRoguelike/ActionRoguelike.uproject" -game -rocket -progress
[2023.07.08-18.41.02:637][ 19]Discovering modules, targets and source code for project...
[2023.07.08-18.41.03:445][ 19]Binding IntelliSense data...
[2023.07.08-18.41.04:573][ 19]Binding IntelliSense data... 100%
[2023.07.08-18.41.04:573][ 19]Writing project files...
[2023.07.08-18.41.06:584][ 19]Writing project files... 100%
[2023.07.08-18.41.06:697][ 19]Candidate modules for hot reload:
[2023.07.08-18.41.06:697][ 19]  ActionRoguelike
[2023.07.08-18.41.06:698][ 19]Launching UnrealBuildTool... [C:/Program Files (x86)/Vper/UE/UE_4.27/Engine/Binaries/DotNET/UnrealBuildTool.exe  -ModuleWithSuffix=ActionRoguelike,8680 ActionRoguelikeEditor Win64 Development -Project="C:/VperData/GitHub/ActionRoguelike/ActionRoguelike/ActionRoguelike.uproject" "C:/VperData/GitHub/ActionRoguelike/ActionRoguelike/ActionRoguelike.uproject"  -IgnoreJunk]
[2023.07.08-18.41.11:000][ 19]CompilerResultsLog: New page: Compilation - 2023年7月9日 上午10:41:11
[2023.07.08-18.41.11:000][ 19]CompilerResultsLog: Using 'git status' to determine working set for adaptive non-unity build (C:\VperData\GitHub\ActionRoguelike).
[2023.07.08-18.41.11:000][ 19]CompilerResultsLog: Creating makefile for ActionRoguelikeEditor (no existing makefile)
[2023.07.08-18.41.11:000][ 19]CompilerResultsLog: Parsing headers for ActionRoguelikeEditor
[2023.07.08-18.41.11:000][ 19]CompilerResultsLog:   Running UnrealHeaderTool "C:\VperData\GitHub\ActionRoguelike\ActionRoguelike\ActionRoguelike.uproject" "C:\VperData\GitHub\ActionRoguelike\ActionRoguelike\Intermediate\Build\Win64\ActionRoguelikeEditor\Development\ActionRoguelikeEditor.uhtmanifest" -LogCmds="loginit warning, logexit warning, logdatabase error" -Unattended -WarningsAsErrors -abslog="C:\Users\virtu\AppData\Local\UnrealBuildTool\Log_UHT.txt" -installed
[2023.07.08-18.41.11:000][ 19]CompilerResultsLog: LogInit: Display: Loading text-based GConfig....
[2023.07.08-18.41.11:000][ 19]CompilerResultsLog: Reflection code generated for ActionRoguelikeEditor in 2.3998229 seconds
[2023.07.08-18.41.11:000][ 19]CompilerResultsLog: Building ActionRoguelikeEditor...
[2023.07.08-18.41.11:001][ 19]CompilerResultsLog: Using Visual Studio 2022 14.36.32535 toolchain (C:\Program Files (x86)\Vper\UE\Microsoft Visual Studio\2022\Community\VC\Tools\MSVC\14.36.32532) and Windows 10.0.18362.0 SDK (C:\Program Files (x86)\Windows Kits\10).
[2023.07.08-18.41.11:001][ 19]CompilerResultsLog: Building 6 actions with 20 processes...
[2023.07.08-18.41.11:001][ 19]CompilerResultsLog:   [1/6] SInteractionComponent.cpp
[2023.07.08-18.41.11:001][ 19]CompilerResultsLog:   [2/6] ActionRoguelike.init.gen.cpp
[2023.07.08-18.41.11:001][ 19]CompilerResultsLog:   [3/6] SInteractionComponent.gen.cpp
[2023.07.08-18.41.11:001][ 19]CompilerResultsLog:   [4/6] UE4Editor-ActionRoguelike-8680.lib
[2023.07.08-18.41.11:001][ 19]CompilerResultsLog:      Creating library C:\VperData\GitHub\ActionRoguelike\ActionRoguelike\Intermediate\Build\Win64\UE4Editor\Development\ActionRoguelike\UE4Editor-ActionRoguelike-8680.lib and object C:\VperData\GitHub\ActionRoguelike\ActionRoguelike\Intermediate\Build\Win64\UE4Editor\Development\ActionRoguelike\UE4Editor-ActionRoguelike-8680.exp
[2023.07.08-18.41.11:001][ 19]CompilerResultsLog:   [5/6] UE4Editor-ActionRoguelike-8680.dll
[2023.07.08-18.41.11:001][ 19]CompilerResultsLog:      Creating library C:\VperData\GitHub\ActionRoguelike\ActionRoguelike\Intermediate\Build\Win64\UE4Editor\Development\ActionRoguelike\UE4Editor-ActionRoguelike-8680.suppressed.lib and object C:\VperData\GitHub\ActionRoguelike\ActionRoguelike\Intermediate\Build\Win64\UE4Editor\Development\ActionRoguelike\UE4Editor-ActionRoguelike-8680.suppressed.exp
[2023.07.08-18.41.11:001][ 19]CompilerResultsLog:   [6/6] ActionRoguelikeEditor.target
[2023.07.08-18.41.11:001][ 19]CompilerResultsLog: Total time in Parallel executor: 0.82 seconds
[2023.07.08-18.41.11:001][ 19]CompilerResultsLog: Total execution time: 4.24 seconds
[2023.07.08-18.41.11:001][ 19]LogMainFrame: MainFrame: Module compiling took 4.308 seconds
[2023.07.08-18.41.11:028][ 19]LogClass: Could not find existing class SInteractionComponent in package /Script/ActionRoguelike for HotReload, assuming new class
[2023.07.08-18.41.11:031][ 19]LogNativeClassHierarchy: Verbose: Native class hierarchy updated for 'ActionRoguelike' in 0.0002 seconds. Added 7 classes and 3 folders.
[2023.07.08-18.41.11:033][ 19]Display: HotReload successful (4 functions remapped  0 scriptstructs remapped)
[2023.07.08-18.41.11:070][ 19]LogNativeClassHierarchy: Verbose: Native class hierarchy populated in 0.0068 seconds. Added 3829 classes and 931 folders.
[2023.07.08-18.41.11:071][ 19]Display: HotReload took  4.4s.
[2023.07.08-18.41.11:071][ 19]Warning: HotReload operation took  4.4s.
[2023.07.08-18.41.11:247][ 19]LogVSAccessor: Warning: Couldn't goto line number '1' in 'C:/VperData/GitHub/ActionRoguelike/ActionRoguelike/Source/ActionRoguelike/Public/SInteractionComponent.h'
[2023.07.08-18.41.11:249][ 19]LogVSAccessor: Warning: Couldn't open file 'C:/VperData/GitHub/ActionRoguelike/ActionRoguelike/Source/ActionRoguelike/Private/SInteractionComponent.cpp'.
[2023.07.08-18.41.11:257][ 19]LogSlate: Window 'Add C++ Class' being destroyed
[2023.07.08-18.41.11:268][ 19]LogHotReload: New module detected: UE4Editor-ActionRoguelike-8680.dll
[2023.07.08-18.41.11:311][ 20]LogHotReload: Starting Hot-Reload from IDE
[2023.07.08-18.41.11:424][ 20]LogNativeClassHierarchy: Verbose: Native class hierarchy updated for 'ActionRoguelike' in 0.0002 seconds. Added 7 classes and 3 folders.
[2023.07.08-18.41.11:425][ 20]Display: HotReload successful (0 functions remapped  0 scriptstructs remapped)
[2023.07.08-18.41.11:434][ 20]LogNativeClassHierarchy: Verbose: Native class hierarchy populated in 0.0054 seconds. Added 3829 classes and 931 folders.
[2023.07.08-18.41.11:436][ 20]Display: HotReload took  0.1s.
