Log file open, 07/08/23 07:45:38
LogWindows: Failed to load 'aqProf.dll' (GetLastError=126)
LogWindows: File 'aqProf.dll' does not exist
LogWindows: Failed to load 'VtuneApi.dll' (GetLastError=126)
LogWindows: File 'VtuneApi.dll' does not exist
LogWindows: Failed to load 'VtuneApi32e.dll' (GetLastError=126)
LogWindows: File 'VtuneApi32e.dll' does not exist
LogConsoleResponse: Display: Failed to find resolution value strings in scalability ini. Falling back to default.
LogConsoleResponse: Display: Failed to find resolution value strings in scalability ini. Falling back to default.
LogInit: Display: Running engine for game: ActionRoguelike
LogPlatformFile: Not using cached read wrapper
LogTaskGraph: Started task graph with 5 named threads and 59 total threads with 3 sets of task threads.
LogStats: Stats thread started at 0.229674
LogICUInternationalization: ICU TimeZone Detection - Raw Offset: +8:00, Platform Override: ''
LogInit: Display: Loading text-based GConfig....
LogPluginManager: Mounting plugin MeshPainting
LogPluginManager: Mounting plugin XGEController
LogPluginManager: Mounting plugin Paper2D
LogPluginManager: Mounting plugin EnvironmentQueryEditor
LogPluginManager: Mounting plugin AISupport
LogPluginManager: Mounting plugin LightPropagationVolume
LogPluginManager: Mounting plugin LiveLink
LogPluginManager: Mounting plugin OodleData
LogPluginManager: Mounting plugin AssetManagerEditor
LogPluginManager: Mounting plugin OodleNetwork
LogPluginManager: Mounting plugin CryptoKeys
LogPluginManager: Mounting plugin CurveEditorTools
LogPluginManager: Mounting plugin GameplayTagsEditor
LogPluginManager: Mounting plugin GeometryMode
LogPluginManager: Mounting plugin FacialAnimation
LogPluginManager: Mounting plugin MacGraphicsSwitching
LogPluginManager: Mounting plugin DataValidation
LogPluginManager: Mounting plugin MobileLauncherProfileWizard
LogPluginManager: Mounting plugin MaterialAnalyzer
LogPluginManager: Mounting plugin SpeedTreeImporter
LogPluginManager: Mounting plugin PluginBrowser
LogPluginManager: Mounting plugin AnimationSharing
LogPluginManager: Mounting plugin AlembicImporter
LogPluginManager: Mounting plugin ChaosCloth
LogPluginManager: Mounting plugin BackChannel
LogPluginManager: Mounting plugin ChaosClothEditor
LogPluginManager: Mounting plugin AutomationUtils
LogPluginManager: Mounting plugin ChaosSolverPlugin
LogPluginManager: Mounting plugin ChaosEditor
LogPluginManager: Mounting plugin CharacterAI
LogPluginManager: Mounting plugin ChaosNiagara
LogPluginManager: Mounting plugin GeometryCache
LogPluginManager: Mounting plugin GeometryProcessing
LogPluginManager: Mounting plugin GeometryCollectionPlugin
LogPluginManager: Mounting plugin Niagara
LogPluginManager: Mounting plugin MotoSynth
LogPluginManager: Mounting plugin PlatformCrypto
LogPluginManager: Mounting plugin PlanarCut
LogPluginManager: Mounting plugin ProxyLODPlugin
LogPluginManager: Mounting plugin OpenImageDenoise
LogPluginManager: Mounting plugin PythonScriptPlugin
LogPluginManager: Mounting plugin SkeletalReduction
LogPluginManager: Mounting plugin AndroidMedia
LogPluginManager: Mounting plugin AvfMedia
LogPluginManager: Mounting plugin ImgMedia
LogPluginManager: Mounting plugin MediaPlayerEditor
LogPluginManager: Mounting plugin WebMMedia
LogPluginManager: Mounting plugin WmfMedia
LogPluginManager: Mounting plugin LuminPlatformFeatures
LogPluginManager: Mounting plugin MagicLeap
LogPluginManager: Mounting plugin MagicLeapLightEstimation
LogPluginManager: Mounting plugin MLSDK
LogPluginManager: Mounting plugin UdpMessaging
LogPluginManager: Mounting plugin ActorSequence
LogPluginManager: Mounting plugin MediaCompositing
LogPluginManager: Mounting plugin LevelSequenceEditor
LogPluginManager: Mounting plugin MatineeToLevelSequence
LogPluginManager: Mounting plugin TemplateSequence
LogPluginManager: Mounting plugin OnlineSubsystem
LogPluginManager: Mounting plugin OnlineSubsystemNull
LogPluginManager: Mounting plugin OnlineSubsystemUtils
LogPluginManager: Mounting plugin LauncherChunkInstaller
LogPluginManager: Mounting plugin ScreenshotTools
LogPluginManager: Mounting plugin ActorLayerUtilities
LogPluginManager: Mounting plugin AndroidDeviceProfileSelector
LogPluginManager: Mounting plugin AppleImageUtils
LogPluginManager: Mounting plugin AppleMoviePlayer
LogPluginManager: Mounting plugin AndroidMoviePlayer
LogPluginManager: Mounting plugin ArchVisCharacter
LogPluginManager: Mounting plugin AudioCapture
LogPluginManager: Mounting plugin AssetTags
LogPluginManager: Mounting plugin AudioSynesthesia
LogPluginManager: Mounting plugin CableComponent
LogPluginManager: Mounting plugin ChunkDownloader
LogPluginManager: Mounting plugin CustomMeshComponent
LogPluginManager: Mounting plugin AndroidPermission
LogPluginManager: Mounting plugin EditableMesh
LogPluginManager: Mounting plugin ExampleDeviceProfileSelector
LogPluginManager: Mounting plugin GooglePAD
LogPluginManager: Mounting plugin GoogleCloudMessaging
LogPluginManager: Mounting plugin Takes
LogPluginManager: Mounting plugin LinuxDeviceProfileSelector
LogPluginManager: Mounting plugin IOSDeviceProfileSelector
LogPluginManager: Mounting plugin MobilePatchingUtils
LogPluginManager: Mounting plugin LocationServicesBPLibrary
LogPluginManager: Mounting plugin OpenXRHandTracking
LogPluginManager: Mounting plugin OpenXR
LogPluginManager: Mounting plugin OpenXREyeTracker
LogPluginManager: Mounting plugin PostSplashScreen
LogPluginManager: Mounting plugin PropertyAccessEditor
LogPluginManager: Mounting plugin ProceduralMeshComponent
LogPluginManager: Mounting plugin PhysXVehicles
LogPluginManager: Mounting plugin SignificanceManager
LogPluginManager: Mounting plugin RuntimePhysXCooking
LogPluginManager: Mounting plugin SoundFields
LogPluginManager: Mounting plugin Synthesis
LogPluginManager: Mounting plugin WebMMoviePlayer
LogPluginManager: Mounting plugin CodeLiteSourceCodeAccess
LogPluginManager: Mounting plugin NullSourceCodeAccess
LogPluginManager: Mounting plugin WindowsMoviePlayer
LogPluginManager: Mounting plugin CLionSourceCodeAccess
LogPluginManager: Mounting plugin KDevelopSourceCodeAccess
LogPluginManager: Mounting plugin PlasticSourceControl
LogPluginManager: Mounting plugin GitSourceControl
LogPluginManager: Mounting plugin PerforceSourceControl
LogPluginManager: Mounting plugin PluginUtils
LogPluginManager: Mounting plugin PropertyAccessNode
LogPluginManager: Mounting plugin PixWinPlugin
LogPluginManager: Mounting plugin SubversionSourceControl
LogPluginManager: Mounting plugin TextureFormatOodle
LogPluginManager: Mounting plugin RiderSourceCodeAccess
LogPluginManager: Mounting plugin VisualStudioCodeSourceCodeAccess
LogPluginManager: Mounting plugin XCodeSourceCodeAccess
LogPluginManager: Mounting plugin CameraShakePreviewer
LogPluginManager: Mounting plugin UObjectPlugin
LogPluginManager: Mounting plugin VisualStudioSourceCodeAccess
LogPluginManager: Mounting plugin GameplayCameras
LogPluginManager: Mounting plugin DatasmithContent
LogPluginManager: Mounting plugin MagicLeapMedia
LogPluginManager: Mounting plugin VariantManagerContent
LogPluginManager: Mounting plugin MagicLeapPassableWorld
LogPluginManager: Mounting plugin TcpMessaging
LogPluginManager: Mounting plugin ContentBrowserAssetDataSource
LogPluginManager: Mounting plugin ContentBrowserFileDataSource
LogPluginManager: Mounting plugin ContentBrowserClassDataSource
LogPluginManager: Mounting plugin OnlineSubsystemGooglePlay
LogPluginManager: Mounting plugin OnlineSubsystemIOS
LogPluginManager: Mounting plugin OculusVR
LogPluginManager: Mounting plugin SteamVR
LogInit: Using libcurl 7.55.1-DEV
LogInit:  - built for x86_64-pc-win32
LogInit:  - supports SSL with OpenSSL/1.1.1
LogInit:  - supports HTTP deflate (compression) using libz 1.2.8
LogInit:  - other features:
LogInit:      CURL_VERSION_SSL
LogInit:      CURL_VERSION_LIBZ
LogInit:      CURL_VERSION_IPV6
LogInit:      CURL_VERSION_ASYNCHDNS
LogInit:      CURL_VERSION_LARGEFILE
LogInit:      CURL_VERSION_IDN
LogInit:  CurlRequestOptions (configurable via config and command line):
LogInit:  - bVerifyPeer = true  - Libcurl will verify peer certificate
LogInit:  - bUseHttpProxy = false  - Libcurl will NOT use HTTP proxy
LogInit:  - bDontReuseConnections = false  - Libcurl will reuse connections
LogInit:  - MaxHostConnections = 16  - Libcurl will limit the number of connections to a host
LogInit:  - LocalHostAddr = Default
LogInit:  - BufferSize = 65536
LogOnline: OSS: Creating online subsystem instance for: NULL
LogInit: WinSock: version 1.1 (2.2), MaxSocks=32767, MaxUdp=65467
LogOnline: OSS: TryLoadSubsystemAndSetDefault: Loaded subsystem for module [NULL]
PixWinPlugin: PIX capture plugin failed to initialize! Check that the process is launched from PIX.
LogOculusPluginWrapper: OculusPlugin initialized successfully
LogHMD: Failed initializing OVRPlugin 1.59.0
LogInit: Build: ++UE4+Release-4.27-CL-18319896
LogInit: Engine Version: 4.27.2-18319896+++UE4+Release-4.27
LogInit: Compatible Engine Version: 4.27.0-17155196+++UE4+Release-4.27
LogInit: Net CL: 17155196
LogInit: OS: Windows 10 (Release 2009) (), CPU: 13th Gen Intel(R) Core(TM) i5-13600KF, GPU: NVIDIA GeForce RTX 3060 Ti
LogInit: Compiled (64-bit): Nov 30 2021 07:12:08
LogInit: Compiled with Visual C++: 19.24.28315.00
LogInit: Build Configuration: Development
LogInit: Branch Name: ++UE4+Release-4.27
LogInit: Command Line:  -skipcompile
LogInit: Base Directory: C:/Program Files (x86)/Vper/UE/UE_4.27/Engine/Binaries/Win64/
LogInit: Allocator: TBB
LogInit: Installed Engine Build: 1
LogDevObjectVersion: Number of dev versions registered: 29
LogDevObjectVersion:   Dev-Blueprints (B0D832E4-1F89-4F0D-ACCF-7EB736FD4AA2): 10
LogDevObjectVersion:   Dev-Build (E1C64328-A22C-4D53-A36C-8E866417BD8C): 0
LogDevObjectVersion:   Dev-Core (375EC13C-06E4-48FB-B500-84F0262A717E): 4
LogDevObjectVersion:   Dev-Editor (E4B068ED-F494-42E9-A231-DA0B2E46BB41): 40
LogDevObjectVersion:   Dev-Framework (CFFC743F-43B0-4480-9391-14DF171D2073): 37
LogDevObjectVersion:   Dev-Mobile (B02B49B5-BB20-44E9-A304-32B752E40360): 3
LogDevObjectVersion:   Dev-Networking (A4E4105C-59A1-49B5-A7C5-40C4547EDFEE): 0
LogDevObjectVersion:   Dev-Online (39C831C9-5AE6-47DC-9A44-9C173E1C8E7C): 0
LogDevObjectVersion:   Dev-Physics (78F01B33-EBEA-4F98-B9B4-84EACCB95AA2): 14
LogDevObjectVersion:   Dev-Platform (6631380F-2D4D-43E0-8009-CF276956A95A): 0
LogDevObjectVersion:   Dev-Rendering (12F88B9F-8875-4AFC-A67C-D90C383ABD29): 45
LogDevObjectVersion:   Dev-Sequencer (7B5AE74C-D270-4C10-A958-57980B212A5A): 13
LogDevObjectVersion:   Dev-VR (D7296918-1DD6-4BDD-9DE2-64A83CC13884): 3
LogDevObjectVersion:   Dev-LoadTimes (C2A15278-BFE7-4AFE-6C17-90FF531DF755): 1
LogDevObjectVersion:   Private-Geometry (6EACA3D4-40EC-4CC1-B786-8BED09428FC5): 3
LogDevObjectVersion:   Dev-AnimPhys (29E575DD-E0A3-4627-9D10-D276232CDCEA): 17
LogDevObjectVersion:   Dev-Anim (AF43A65D-7FD3-4947-9873-3E8ED9C1BB05): 15
LogDevObjectVersion:   Dev-ReflectionCapture (6B266CEC-1EC7-4B8F-A30B-E4D90942FC07): 1
LogDevObjectVersion:   Dev-Automation (0DF73D61-A23F-47EA-B727-89E90C41499A): 1
LogDevObjectVersion:   FortniteMain (601D1886-AC64-4F84-AA16-D3DE0DEAC7D6): 47
LogDevObjectVersion:   FortniteRelease (E7086368-6B23-4C58-8439-1B7016265E91): 1
LogDevObjectVersion:   Dev-Enterprise (9DFFBCD6-494F-0158-E221-12823C92A888): 10
LogDevObjectVersion:   Dev-Niagara (F2AED0AC-9AFE-416F-8664-AA7FFA26D6FC): 1
LogDevObjectVersion:   Dev-Destruction (174F1F0B-B4C6-45A5-B13F-2EE8D0FB917D): 10
LogDevObjectVersion:   Dev-Physics-Ext (35F94A83-E258-406C-A318-09F59610247C): 41
LogDevObjectVersion:   Dev-PhysicsMaterial-Chaos (B68FC16E-8B1B-42E2-B453-215C058844FE): 1
LogDevObjectVersion:   Dev-CineCamera (B2E18506-4273-CFC2-A54E-F4BB758BBA07): 1
LogDevObjectVersion:   Dev-VirtualProduction (64F58936-FD1B-42BA-BA96-7289D5D0FA4E): 1
LogDevObjectVersion:   Dev-MediaFramework (6F0ED827-A609-4895-9C91-998D90180EA4): 2
LogInit: Presizing for max 25165824 objects, including 0 objects not considered by GC, pre-allocating 0 bytes for permanent pool.
LogConfig: Applying CVar settings from Section [/Script/Engine.StreamingSettings] File [C:/VperData/GitHub/ActionRoguelike/ActionRoguelike/Saved/Config/Windows/Engine.ini]
LogConfig: Setting CVar [[s.MinBulkDataSizeForAsyncLoading:131072]]
LogConfig: Setting CVar [[s.AsyncLoadingThreadEnabled:0]]
LogConfig: Setting CVar [[s.EventDrivenLoaderEnabled:1]]
LogConfig: Setting CVar [[s.WarnIfTimeLimitExceeded:0]]
LogConfig: Setting CVar [[s.TimeLimitExceededMultiplier:1.5]]
LogConfig: Setting CVar [[s.TimeLimitExceededMinTime:0.005]]
LogConfig: Setting CVar [[s.UseBackgroundLevelStreaming:1]]
LogConfig: Setting CVar [[s.PriorityAsyncLoadingExtraTime:15.0]]
LogConfig: Setting CVar [[s.LevelStreamingActorsUpdateTimeLimit:5.0]]
LogConfig: Setting CVar [[s.PriorityLevelStreamingActorsUpdateExtraTime:5.0]]
LogConfig: Setting CVar [[s.LevelStreamingComponentsRegistrationGranularity:10]]
LogConfig: Setting CVar [[s.UnregisterComponentsTimeLimit:1.0]]
LogConfig: Setting CVar [[s.LevelStreamingComponentsUnregistrationGranularity:5]]
LogConfig: Setting CVar [[s.FlushStreamingOnExit:1]]
LogInit: Object subsystem initialized
LogConfig: Setting CVar [[con.DebugEarlyDefault:1]]
LogConfig: Setting CVar [[r.setres:1280x720]]
[2023.07.07-23.45.38:670][  0]LogConfig: Setting CVar [[r.VSync:0]]
[2023.07.07-23.45.38:670][  0]LogConfig: Setting CVar [[r.RHICmdBypass:0]]
[2023.07.07-23.45.38:670][  0]LogConfig: Applying CVar settings from Section [/Script/Engine.RendererSettings] File [C:/VperData/GitHub/ActionRoguelike/ActionRoguelike/Saved/Config/Windows/Engine.ini]
[2023.07.07-23.45.38:670][  0]LogConfig: Setting CVar [[r.GPUCrashDebugging:0]]
[2023.07.07-23.45.38:670][  0]LogConfig: Applying CVar settings from Section [/Script/Engine.RendererOverrideSettings] File [C:/VperData/GitHub/ActionRoguelike/ActionRoguelike/Saved/Config/Windows/Engine.ini]
[2023.07.07-23.45.38:670][  0]LogConfig: Applying CVar settings from Section [/Script/Engine.StreamingSettings] File [C:/VperData/GitHub/ActionRoguelike/ActionRoguelike/Saved/Config/Windows/Engine.ini]
[2023.07.07-23.45.38:670][  0]LogConfig: Setting CVar [[s.MinBulkDataSizeForAsyncLoading:131072]]
[2023.07.07-23.45.38:671][  0]LogConfig: Setting CVar [[s.AsyncLoadingThreadEnabled:0]]
[2023.07.07-23.45.38:671][  0]LogConfig: Setting CVar [[s.EventDrivenLoaderEnabled:1]]
[2023.07.07-23.45.38:671][  0]LogConfig: Setting CVar [[s.WarnIfTimeLimitExceeded:0]]
[2023.07.07-23.45.38:671][  0]LogConfig: Setting CVar [[s.TimeLimitExceededMultiplier:1.5]]
[2023.07.07-23.45.38:671][  0]LogConfig: Setting CVar [[s.TimeLimitExceededMinTime:0.005]]
[2023.07.07-23.45.38:671][  0]LogConfig: Setting CVar [[s.UseBackgroundLevelStreaming:1]]
[2023.07.07-23.45.38:671][  0]LogConfig: Setting CVar [[s.PriorityAsyncLoadingExtraTime:15.0]]
[2023.07.07-23.45.38:671][  0]LogConfig: Setting CVar [[s.LevelStreamingActorsUpdateTimeLimit:5.0]]
[2023.07.07-23.45.38:671][  0]LogConfig: Setting CVar [[s.PriorityLevelStreamingActorsUpdateExtraTime:5.0]]
[2023.07.07-23.45.38:671][  0]LogConfig: Setting CVar [[s.LevelStreamingComponentsRegistrationGranularity:10]]
[2023.07.07-23.45.38:671][  0]LogConfig: Setting CVar [[s.UnregisterComponentsTimeLimit:1.0]]
[2023.07.07-23.45.38:671][  0]LogConfig: Setting CVar [[s.LevelStreamingComponentsUnregistrationGranularity:5]]
[2023.07.07-23.45.38:671][  0]LogConfig: Setting CVar [[s.FlushStreamingOnExit:1]]
[2023.07.07-23.45.38:671][  0]LogConfig: Applying CVar settings from Section [/Script/Engine.GarbageCollectionSettings] File [C:/VperData/GitHub/ActionRoguelike/ActionRoguelike/Saved/Config/Windows/Engine.ini]
[2023.07.07-23.45.38:671][  0]LogConfig: Setting CVar [[gc.MaxObjectsNotConsideredByGC:1]]
[2023.07.07-23.45.38:671][  0]LogConfig: Setting CVar [[gc.SizeOfPermanentObjectPool:0]]
[2023.07.07-23.45.38:671][  0]LogConfig: Setting CVar [[gc.FlushStreamingOnGC:0]]
[2023.07.07-23.45.38:671][  0]LogConfig: Setting CVar [[gc.NumRetriesBeforeForcingGC:10]]
[2023.07.07-23.45.38:671][  0]LogConfig: Setting CVar [[gc.AllowParallelGC:1]]
[2023.07.07-23.45.38:671][  0]LogConfig: Setting CVar [[gc.TimeBetweenPurgingPendingKillObjects:61.1]]
[2023.07.07-23.45.38:671][  0]LogConfig: Setting CVar [[gc.MaxObjectsInEditor:25165824]]
[2023.07.07-23.45.38:671][  0]LogConfig: Setting CVar [[gc.IncrementalBeginDestroyEnabled:1]]
[2023.07.07-23.45.38:671][  0]LogConfig: Setting CVar [[gc.CreateGCClusters:1]]
[2023.07.07-23.45.38:671][  0]LogConfig: Setting CVar [[gc.MinGCClusterSize:5]]
[2023.07.07-23.45.38:671][  0]LogConfig: Setting CVar [[gc.ActorClusteringEnabled:0]]
[2023.07.07-23.45.38:671][  0]LogConfig: Setting CVar [[gc.BlueprintClusteringEnabled:0]]
[2023.07.07-23.45.38:671][  0]LogConfig: Setting CVar [[gc.UseDisregardForGCOnDedicatedServers:0]]
[2023.07.07-23.45.38:671][  0]LogConfig: Setting CVar [[gc.MultithreadedDestructionEnabled:1]]
[2023.07.07-23.45.38:671][  0]LogConfig: Applying CVar settings from Section [/Script/Engine.NetworkSettings] File [C:/VperData/GitHub/ActionRoguelike/ActionRoguelike/Saved/Config/Windows/Engine.ini]
[2023.07.07-23.45.38:671][  0]LogConfig: Applying CVar settings from Section [/Script/UnrealEd.CookerSettings] File [C:/VperData/GitHub/ActionRoguelike/ActionRoguelike/Saved/Config/Windows/Engine.ini]
[2023.07.07-23.45.38:674][  0]LogConfig: Applying CVar settings from Section [ViewDistanceQuality@3] File [C:/VperData/GitHub/ActionRoguelike/ActionRoguelike/Saved/Config/Windows/Scalability.ini]
[2023.07.07-23.45.38:674][  0]LogConfig: Setting CVar [[r.SkeletalMeshLODBias:0]]
[2023.07.07-23.45.38:674][  0]LogConfig: Setting CVar [[r.ViewDistanceScale:1.0]]
[2023.07.07-23.45.38:674][  0]LogConfig: Applying CVar settings from Section [AntiAliasingQuality@3] File [C:/VperData/GitHub/ActionRoguelike/ActionRoguelike/Saved/Config/Windows/Scalability.ini]
[2023.07.07-23.45.38:675][  0]LogConfig: Setting CVar [[r.PostProcessAAQuality:4]]
[2023.07.07-23.45.38:675][  0]LogConfig: Applying CVar settings from Section [ShadowQuality@3] File [C:/VperData/GitHub/ActionRoguelike/ActionRoguelike/Saved/Config/Windows/Scalability.ini]
[2023.07.07-23.45.38:675][  0]LogConfig: Setting CVar [[r.LightFunctionQuality:1]]
[2023.07.07-23.45.38:675][  0]LogConfig: Setting CVar [[r.ShadowQuality:5]]
[2023.07.07-23.45.38:675][  0]LogConfig: Setting CVar [[r.Shadow.CSM.MaxCascades:10]]
[2023.07.07-23.45.38:675][  0]LogConfig: Setting CVar [[r.Shadow.MaxResolution:2048]]
[2023.07.07-23.45.38:675][  0]LogConfig: Setting CVar [[r.Shadow.MaxCSMResolution:2048]]
[2023.07.07-23.45.38:675][  0]LogConfig: Setting CVar [[r.Shadow.RadiusThreshold:0.01]]
[2023.07.07-23.45.38:675][  0]LogConfig: Setting CVar [[r.Shadow.DistanceScale:1.0]]
[2023.07.07-23.45.38:675][  0]LogConfig: Setting CVar [[r.Shadow.CSM.TransitionScale:1.0]]
[2023.07.07-23.45.38:675][  0]LogConfig: Setting CVar [[r.Shadow.PreShadowResolutionFactor:1.0]]
[2023.07.07-23.45.38:675][  0]LogConfig: Setting CVar [[r.DistanceFieldShadowing:1]]
[2023.07.07-23.45.38:675][  0]LogConfig: Setting CVar [[r.DistanceFieldAO:1]]
[2023.07.07-23.45.38:675][  0]LogConfig: Setting CVar [[r.AOQuality:2]]
[2023.07.07-23.45.38:675][  0]LogConfig: Setting CVar [[r.VolumetricFog:1]]
[2023.07.07-23.45.38:675][  0]LogConfig: Setting CVar [[r.VolumetricFog.GridPixelSize:8]]
[2023.07.07-23.45.38:675][  0]LogConfig: Setting CVar [[r.VolumetricFog.GridSizeZ:128]]
[2023.07.07-23.45.38:675][  0]LogConfig: Setting CVar [[r.VolumetricFog.HistoryMissSupersampleCount:4]]
[2023.07.07-23.45.38:675][  0]LogConfig: Setting CVar [[r.LightMaxDrawDistanceScale:1]]
[2023.07.07-23.45.38:675][  0]LogConfig: Setting CVar [[r.CapsuleShadows:1]]
[2023.07.07-23.45.38:675][  0]LogConfig: Applying CVar settings from Section [PostProcessQuality@3] File [C:/VperData/GitHub/ActionRoguelike/ActionRoguelike/Saved/Config/Windows/Scalability.ini]
[2023.07.07-23.45.38:675][  0]LogConfig: Setting CVar [[r.MotionBlurQuality:4]]
[2023.07.07-23.45.38:675][  0]LogConfig: Setting CVar [[r.AmbientOcclusionMipLevelFactor:0.4]]
[2023.07.07-23.45.38:675][  0]LogConfig: Setting CVar [[r.AmbientOcclusionMaxQuality:100]]
[2023.07.07-23.45.38:675][  0]LogConfig: Setting CVar [[r.AmbientOcclusionLevels:-1]]
[2023.07.07-23.45.38:675][  0]LogConfig: Setting CVar [[r.AmbientOcclusionRadiusScale:1.0]]
[2023.07.07-23.45.38:675][  0]LogConfig: Setting CVar [[r.DepthOfFieldQuality:2]]
[2023.07.07-23.45.38:675][  0]LogConfig: Setting CVar [[r.RenderTargetPoolMin:400]]
[2023.07.07-23.45.38:675][  0]LogConfig: Setting CVar [[r.LensFlareQuality:2]]
[2023.07.07-23.45.38:675][  0]LogConfig: Setting CVar [[r.SceneColorFringeQuality:1]]
[2023.07.07-23.45.38:675][  0]LogConfig: Setting CVar [[r.EyeAdaptationQuality:2]]
[2023.07.07-23.45.38:675][  0]LogConfig: Setting CVar [[r.BloomQuality:5]]
[2023.07.07-23.45.38:675][  0]LogConfig: Setting CVar [[r.FastBlurThreshold:100]]
[2023.07.07-23.45.38:675][  0]LogConfig: Setting CVar [[r.Upscale.Quality:3]]
[2023.07.07-23.45.38:675][  0]LogConfig: Setting CVar [[r.Tonemapper.GrainQuantization:1]]
[2023.07.07-23.45.38:675][  0]LogConfig: Setting CVar [[r.LightShaftQuality:1]]
[2023.07.07-23.45.38:675][  0]LogConfig: Setting CVar [[r.Filter.SizeScale:1]]
[2023.07.07-23.45.38:676][  0]LogConfig: Setting CVar [[r.Tonemapper.Quality:5]]
[2023.07.07-23.45.38:676][  0]LogConfig: Setting CVar [[r.DOF.Gather.AccumulatorQuality:1        ; higher gathering accumulator quality]]
[2023.07.07-23.45.38:676][  0]LogConfig: Setting CVar [[r.DOF.Gather.PostfilterMethod:1          ; Median3x3 postfilering method]]
[2023.07.07-23.45.38:676][  0]LogConfig: Setting CVar [[r.DOF.Gather.EnableBokehSettings:0       ; no bokeh simulation when gathering]]
[2023.07.07-23.45.38:676][  0]LogConfig: Setting CVar [[r.DOF.Gather.RingCount:4                 ; medium number of samples when gathering]]
[2023.07.07-23.45.38:676][  0]LogConfig: Setting CVar [[r.DOF.Scatter.ForegroundCompositing:1    ; additive foreground scattering]]
[2023.07.07-23.45.38:676][  0]LogConfig: Setting CVar [[r.DOF.Scatter.BackgroundCompositing:2    ; additive background scattering]]
[2023.07.07-23.45.38:676][  0]LogConfig: Setting CVar [[r.DOF.Scatter.EnableBokehSettings:1      ; bokeh simulation when scattering]]
[2023.07.07-23.45.38:676][  0]LogConfig: Setting CVar [[r.DOF.Scatter.MaxSpriteRatio:0.1         ; only a maximum of 10% of scattered bokeh]]
[2023.07.07-23.45.38:676][  0]LogConfig: Setting CVar [[r.DOF.Recombine.Quality:1                ; cheap slight out of focus]]
[2023.07.07-23.45.38:676][  0]LogConfig: Setting CVar [[r.DOF.Recombine.EnableBokehSettings:0    ; no bokeh simulation on slight out of focus]]
[2023.07.07-23.45.38:676][  0]LogConfig: Setting CVar [[r.DOF.TemporalAAQuality:1                ; more stable temporal accumulation]]
[2023.07.07-23.45.38:676][  0]LogConfig: Setting CVar [[r.DOF.Kernel.MaxForegroundRadius:0.025]]
[2023.07.07-23.45.38:676][  0]LogConfig: Setting CVar [[r.DOF.Kernel.MaxBackgroundRadius:0.025]]
[2023.07.07-23.45.38:676][  0]LogConfig: Applying CVar settings from Section [TextureQuality@3] File [C:/VperData/GitHub/ActionRoguelike/ActionRoguelike/Saved/Config/Windows/Scalability.ini]
[2023.07.07-23.45.38:676][  0]LogConfig: Setting CVar [[r.Streaming.MipBias:0]]
[2023.07.07-23.45.38:676][  0]LogConfig: Setting CVar [[r.Streaming.AmortizeCPUToGPUCopy:0]]
[2023.07.07-23.45.38:676][  0]LogConfig: Setting CVar [[r.Streaming.MaxNumTexturesToStreamPerFrame:0]]
[2023.07.07-23.45.38:676][  0]LogConfig: Setting CVar [[r.Streaming.Boost:1]]
[2023.07.07-23.45.38:676][  0]LogConfig: Setting CVar [[r.MaxAnisotropy:8]]
[2023.07.07-23.45.38:676][  0]LogConfig: Setting CVar [[r.VT.MaxAnisotropy:8]]
[2023.07.07-23.45.38:676][  0]LogConfig: Setting CVar [[r.Streaming.LimitPoolSizeToVRAM:0]]
[2023.07.07-23.45.38:676][  0]LogConfig: Setting CVar [[r.Streaming.PoolSize:1000]]
[2023.07.07-23.45.38:676][  0]LogConfig: Setting CVar [[r.Streaming.MaxEffectiveScreenSize:0]]
[2023.07.07-23.45.38:676][  0]LogConfig: Applying CVar settings from Section [EffectsQuality@3] File [C:/VperData/GitHub/ActionRoguelike/ActionRoguelike/Saved/Config/Windows/Scalability.ini]
[2023.07.07-23.45.38:676][  0]LogConfig: Setting CVar [[r.TranslucencyLightingVolumeDim:64]]
[2023.07.07-23.45.38:676][  0]LogConfig: Setting CVar [[r.RefractionQuality:2]]
[2023.07.07-23.45.38:676][  0]LogConfig: Setting CVar [[r.SSR.Quality:3]]
[2023.07.07-23.45.38:676][  0]LogConfig: Setting CVar [[r.SSR.HalfResSceneColor:0]]
[2023.07.07-23.45.38:676][  0]LogConfig: Setting CVar [[r.SceneColorFormat:4]]
[2023.07.07-23.45.38:676][  0]LogConfig: Setting CVar [[r.DetailMode:2]]
[2023.07.07-23.45.38:676][  0]LogConfig: Setting CVar [[r.TranslucencyVolumeBlur:1]]
[2023.07.07-23.45.38:676][  0]LogConfig: Setting CVar [[r.MaterialQualityLevel:1 ; High quality]]
[2023.07.07-23.45.38:676][  0]LogConfig: Setting CVar [[r.AnisotropicMaterials:1]]
[2023.07.07-23.45.38:676][  0]LogConfig: Setting CVar [[r.SSS.Scale:1]]
[2023.07.07-23.45.38:676][  0]LogConfig: Setting CVar [[r.SSS.SampleSet:2]]
[2023.07.07-23.45.38:676][  0]LogConfig: Setting CVar [[r.SSS.Quality:1]]
[2023.07.07-23.45.38:676][  0]LogConfig: Setting CVar [[r.SSS.HalfRes:0]]
[2023.07.07-23.45.38:676][  0]LogConfig: Setting CVar [[r.SSGI.Quality:3]]
[2023.07.07-23.45.38:677][  0]LogConfig: Setting CVar [[r.EmitterSpawnRateScale:1.0]]
[2023.07.07-23.45.38:677][  0]LogConfig: Setting CVar [[r.ParticleLightQuality:2]]
[2023.07.07-23.45.38:677][  0]LogConfig: Setting CVar [[r.SkyAtmosphere.AerialPerspectiveLUT.FastApplyOnOpaque:1 ; Always have FastSkyLUT 1 in this case to avoid wrong sky]]
[2023.07.07-23.45.38:677][  0]LogConfig: Setting CVar [[r.SkyAtmosphere.AerialPerspectiveLUT.SampleCountMaxPerSlice:4]]
[2023.07.07-23.45.38:677][  0]LogConfig: Setting CVar [[r.SkyAtmosphere.AerialPerspectiveLUT.DepthResolution:16.0]]
[2023.07.07-23.45.38:677][  0]LogConfig: Setting CVar [[r.SkyAtmosphere.FastSkyLUT:1]]
[2023.07.07-23.45.38:677][  0]LogConfig: Setting CVar [[r.SkyAtmosphere.FastSkyLUT.SampleCountMin:4.0]]
[2023.07.07-23.45.38:677][  0]LogConfig: Setting CVar [[r.SkyAtmosphere.FastSkyLUT.SampleCountMax:128.0]]
[2023.07.07-23.45.38:677][  0]LogConfig: Setting CVar [[r.SkyAtmosphere.SampleCountMin:4.0]]
[2023.07.07-23.45.38:677][  0]LogConfig: Setting CVar [[r.SkyAtmosphere.SampleCountMax:128.0]]
[2023.07.07-23.45.38:677][  0]LogConfig: Setting CVar [[r.SkyAtmosphere.TransmittanceLUT.UseSmallFormat:0]]
[2023.07.07-23.45.38:677][  0]LogConfig: Setting CVar [[r.SkyAtmosphere.TransmittanceLUT.SampleCount:10.0]]
[2023.07.07-23.45.38:677][  0]LogConfig: Setting CVar [[r.SkyAtmosphere.MultiScatteringLUT.SampleCount:15.0]]
[2023.07.07-23.45.38:677][  0]LogConfig: Setting CVar [[r.SkyLight.RealTimeReflectionCapture:1]]
[2023.07.07-23.45.38:677][  0]LogConfig: Applying CVar settings from Section [FoliageQuality@3] File [C:/VperData/GitHub/ActionRoguelike/ActionRoguelike/Saved/Config/Windows/Scalability.ini]
[2023.07.07-23.45.38:677][  0]LogConfig: Setting CVar [[foliage.DensityScale:1.0]]
[2023.07.07-23.45.38:677][  0]LogConfig: Setting CVar [[grass.DensityScale:1.0]]
[2023.07.07-23.45.38:677][  0]LogConfig: Applying CVar settings from Section [ShadingQuality@3] File [C:/VperData/GitHub/ActionRoguelike/ActionRoguelike/Saved/Config/Windows/Scalability.ini]
[2023.07.07-23.45.38:677][  0]LogConfig: Setting CVar [[r.HairStrands.SkyLighting.IntegrationType:2]]
[2023.07.07-23.45.38:677][  0]LogConfig: Setting CVar [[r.HairStrands.SkyAO.SampleCount:4]]
[2023.07.07-23.45.38:677][  0]LogConfig: Setting CVar [[r.HairStrands.Visibility.MSAA.SamplePerPixel:4]]
[2023.07.07-23.45.38:677][  0]LogInit: Selected Device Profile: [Windows]
[2023.07.07-23.45.38:677][  0]LogInit: Applying CVar settings loaded from the selected device profile: [Windows]
[2023.07.07-23.45.38:677][  0]LogHAL: Display: Platform has ~ 32 GB [34185904128 / 34359738368 / 32], which maps to Largest [LargestMinGB=32, LargerMinGB=12, DefaultMinGB=8, SmallerMinGB=6, SmallestMinGB=0)
[2023.07.07-23.45.38:677][  0]LogInit: Going up to parent DeviceProfile []
[2023.07.07-23.45.38:677][  0]LogConfig: Applying CVar settings from Section [ViewDistanceQuality@3] File [C:/VperData/GitHub/ActionRoguelike/ActionRoguelike/Saved/Config/Windows/Scalability.ini]
[2023.07.07-23.45.38:677][  0]LogConfig: Setting CVar [[r.SkeletalMeshLODBias:0]]
[2023.07.07-23.45.38:677][  0]LogConfig: Setting CVar [[r.ViewDistanceScale:1.0]]
[2023.07.07-23.45.38:677][  0]LogConfig: Applying CVar settings from Section [AntiAliasingQuality@3] File [C:/VperData/GitHub/ActionRoguelike/ActionRoguelike/Saved/Config/Windows/Scalability.ini]
[2023.07.07-23.45.38:677][  0]LogConfig: Setting CVar [[r.PostProcessAAQuality:4]]
[2023.07.07-23.45.38:677][  0]LogConfig: Applying CVar settings from Section [ShadowQuality@3] File [C:/VperData/GitHub/ActionRoguelike/ActionRoguelike/Saved/Config/Windows/Scalability.ini]
[2023.07.07-23.45.38:677][  0]LogConfig: Setting CVar [[r.LightFunctionQuality:1]]
[2023.07.07-23.45.38:678][  0]LogConfig: Setting CVar [[r.ShadowQuality:5]]
[2023.07.07-23.45.38:678][  0]LogConfig: Setting CVar [[r.Shadow.CSM.MaxCascades:10]]
[2023.07.07-23.45.38:678][  0]LogConfig: Setting CVar [[r.Shadow.MaxResolution:2048]]
[2023.07.07-23.45.38:678][  0]LogConfig: Setting CVar [[r.Shadow.MaxCSMResolution:2048]]
[2023.07.07-23.45.38:678][  0]LogConfig: Setting CVar [[r.Shadow.RadiusThreshold:0.01]]
[2023.07.07-23.45.38:678][  0]LogConfig: Setting CVar [[r.Shadow.DistanceScale:1.0]]
[2023.07.07-23.45.38:678][  0]LogConfig: Setting CVar [[r.Shadow.CSM.TransitionScale:1.0]]
[2023.07.07-23.45.38:678][  0]LogConfig: Setting CVar [[r.Shadow.PreShadowResolutionFactor:1.0]]
[2023.07.07-23.45.38:678][  0]LogConfig: Setting CVar [[r.DistanceFieldShadowing:1]]
[2023.07.07-23.45.38:678][  0]LogConfig: Setting CVar [[r.DistanceFieldAO:1]]
[2023.07.07-23.45.38:678][  0]LogConfig: Setting CVar [[r.AOQuality:2]]
[2023.07.07-23.45.38:678][  0]LogConfig: Setting CVar [[r.VolumetricFog:1]]
[2023.07.07-23.45.38:678][  0]LogConfig: Setting CVar [[r.VolumetricFog.GridPixelSize:8]]
[2023.07.07-23.45.38:678][  0]LogConfig: Setting CVar [[r.VolumetricFog.GridSizeZ:128]]
[2023.07.07-23.45.38:678][  0]LogConfig: Setting CVar [[r.VolumetricFog.HistoryMissSupersampleCount:4]]
[2023.07.07-23.45.38:678][  0]LogConfig: Setting CVar [[r.LightMaxDrawDistanceScale:1]]
[2023.07.07-23.45.38:678][  0]LogConfig: Setting CVar [[r.CapsuleShadows:1]]
[2023.07.07-23.45.38:678][  0]LogConfig: Applying CVar settings from Section [PostProcessQuality@3] File [C:/VperData/GitHub/ActionRoguelike/ActionRoguelike/Saved/Config/Windows/Scalability.ini]
[2023.07.07-23.45.38:678][  0]LogConfig: Setting CVar [[r.MotionBlurQuality:4]]
[2023.07.07-23.45.38:678][  0]LogConfig: Setting CVar [[r.AmbientOcclusionMipLevelFactor:0.4]]
[2023.07.07-23.45.38:678][  0]LogConfig: Setting CVar [[r.AmbientOcclusionMaxQuality:100]]
[2023.07.07-23.45.38:678][  0]LogConfig: Setting CVar [[r.AmbientOcclusionLevels:-1]]
[2023.07.07-23.45.38:678][  0]LogConfig: Setting CVar [[r.AmbientOcclusionRadiusScale:1.0]]
[2023.07.07-23.45.38:678][  0]LogConfig: Setting CVar [[r.DepthOfFieldQuality:2]]
[2023.07.07-23.45.38:678][  0]LogConfig: Setting CVar [[r.RenderTargetPoolMin:400]]
[2023.07.07-23.45.38:678][  0]LogConfig: Setting CVar [[r.LensFlareQuality:2]]
[2023.07.07-23.45.38:678][  0]LogConfig: Setting CVar [[r.SceneColorFringeQuality:1]]
[2023.07.07-23.45.38:678][  0]LogConfig: Setting CVar [[r.EyeAdaptationQuality:2]]
[2023.07.07-23.45.38:678][  0]LogConfig: Setting CVar [[r.BloomQuality:5]]
[2023.07.07-23.45.38:678][  0]LogConfig: Setting CVar [[r.FastBlurThreshold:100]]
[2023.07.07-23.45.38:678][  0]LogConfig: Setting CVar [[r.Upscale.Quality:3]]
[2023.07.07-23.45.38:678][  0]LogConfig: Setting CVar [[r.Tonemapper.GrainQuantization:1]]
[2023.07.07-23.45.38:678][  0]LogConfig: Setting CVar [[r.LightShaftQuality:1]]
[2023.07.07-23.45.38:678][  0]LogConfig: Setting CVar [[r.Filter.SizeScale:1]]
[2023.07.07-23.45.38:678][  0]LogConfig: Setting CVar [[r.Tonemapper.Quality:5]]
[2023.07.07-23.45.38:678][  0]LogConfig: Setting CVar [[r.DOF.Gather.AccumulatorQuality:1        ; higher gathering accumulator quality]]
[2023.07.07-23.45.38:678][  0]LogConfig: Setting CVar [[r.DOF.Gather.PostfilterMethod:1          ; Median3x3 postfilering method]]
[2023.07.07-23.45.38:678][  0]LogConfig: Setting CVar [[r.DOF.Gather.EnableBokehSettings:0       ; no bokeh simulation when gathering]]
[2023.07.07-23.45.38:679][  0]LogConfig: Setting CVar [[r.DOF.Gather.RingCount:4                 ; medium number of samples when gathering]]
[2023.07.07-23.45.38:679][  0]LogConfig: Setting CVar [[r.DOF.Scatter.ForegroundCompositing:1    ; additive foreground scattering]]
[2023.07.07-23.45.38:679][  0]LogConfig: Setting CVar [[r.DOF.Scatter.BackgroundCompositing:2    ; additive background scattering]]
[2023.07.07-23.45.38:679][  0]LogConfig: Setting CVar [[r.DOF.Scatter.EnableBokehSettings:1      ; bokeh simulation when scattering]]
[2023.07.07-23.45.38:679][  0]LogConfig: Setting CVar [[r.DOF.Scatter.MaxSpriteRatio:0.1         ; only a maximum of 10% of scattered bokeh]]
[2023.07.07-23.45.38:679][  0]LogConfig: Setting CVar [[r.DOF.Recombine.Quality:1                ; cheap slight out of focus]]
[2023.07.07-23.45.38:679][  0]LogConfig: Setting CVar [[r.DOF.Recombine.EnableBokehSettings:0    ; no bokeh simulation on slight out of focus]]
[2023.07.07-23.45.38:679][  0]LogConfig: Setting CVar [[r.DOF.TemporalAAQuality:1                ; more stable temporal accumulation]]
[2023.07.07-23.45.38:679][  0]LogConfig: Setting CVar [[r.DOF.Kernel.MaxForegroundRadius:0.025]]
[2023.07.07-23.45.38:679][  0]LogConfig: Setting CVar [[r.DOF.Kernel.MaxBackgroundRadius:0.025]]
[2023.07.07-23.45.38:679][  0]LogConfig: Applying CVar settings from Section [TextureQuality@3] File [C:/VperData/GitHub/ActionRoguelike/ActionRoguelike/Saved/Config/Windows/Scalability.ini]
[2023.07.07-23.45.38:679][  0]LogConfig: Setting CVar [[r.Streaming.MipBias:0]]
[2023.07.07-23.45.38:679][  0]LogConfig: Setting CVar [[r.Streaming.AmortizeCPUToGPUCopy:0]]
[2023.07.07-23.45.38:679][  0]LogConfig: Setting CVar [[r.Streaming.MaxNumTexturesToStreamPerFrame:0]]
[2023.07.07-23.45.38:679][  0]LogConfig: Setting CVar [[r.Streaming.Boost:1]]
[2023.07.07-23.45.38:679][  0]LogConfig: Setting CVar [[r.MaxAnisotropy:8]]
[2023.07.07-23.45.38:679][  0]LogConfig: Setting CVar [[r.VT.MaxAnisotropy:8]]
[2023.07.07-23.45.38:679][  0]LogConfig: Setting CVar [[r.Streaming.LimitPoolSizeToVRAM:0]]
[2023.07.07-23.45.38:679][  0]LogConfig: Setting CVar [[r.Streaming.PoolSize:1000]]
[2023.07.07-23.45.38:679][  0]LogConfig: Setting CVar [[r.Streaming.MaxEffectiveScreenSize:0]]
[2023.07.07-23.45.38:679][  0]LogConfig: Applying CVar settings from Section [EffectsQuality@3] File [C:/VperData/GitHub/ActionRoguelike/ActionRoguelike/Saved/Config/Windows/Scalability.ini]
[2023.07.07-23.45.38:679][  0]LogConfig: Setting CVar [[r.TranslucencyLightingVolumeDim:64]]
[2023.07.07-23.45.38:679][  0]LogConfig: Setting CVar [[r.RefractionQuality:2]]
[2023.07.07-23.45.38:679][  0]LogConfig: Setting CVar [[r.SSR.Quality:3]]
[2023.07.07-23.45.38:679][  0]LogConfig: Setting CVar [[r.SSR.HalfResSceneColor:0]]
[2023.07.07-23.45.38:679][  0]LogConfig: Setting CVar [[r.SceneColorFormat:4]]
[2023.07.07-23.45.38:679][  0]LogConfig: Setting CVar [[r.DetailMode:2]]
[2023.07.07-23.45.38:679][  0]LogConfig: Setting CVar [[r.TranslucencyVolumeBlur:1]]
[2023.07.07-23.45.38:680][  0]LogConfig: Setting CVar [[r.MaterialQualityLevel:1 ; High quality]]
[2023.07.07-23.45.38:680][  0]LogConfig: Setting CVar [[r.AnisotropicMaterials:1]]
[2023.07.07-23.45.38:680][  0]LogConfig: Setting CVar [[r.SSS.Scale:1]]
[2023.07.07-23.45.38:680][  0]LogConfig: Setting CVar [[r.SSS.SampleSet:2]]
[2023.07.07-23.45.38:680][  0]LogConfig: Setting CVar [[r.SSS.Quality:1]]
[2023.07.07-23.45.38:680][  0]LogConfig: Setting CVar [[r.SSS.HalfRes:0]]
[2023.07.07-23.45.38:680][  0]LogConfig: Setting CVar [[r.SSGI.Quality:3]]
[2023.07.07-23.45.38:680][  0]LogConfig: Setting CVar [[r.EmitterSpawnRateScale:1.0]]
[2023.07.07-23.45.38:680][  0]LogConfig: Setting CVar [[r.ParticleLightQuality:2]]
[2023.07.07-23.45.38:680][  0]LogConfig: Setting CVar [[r.SkyAtmosphere.AerialPerspectiveLUT.FastApplyOnOpaque:1 ; Always have FastSkyLUT 1 in this case to avoid wrong sky]]
[2023.07.07-23.45.38:680][  0]LogConfig: Setting CVar [[r.SkyAtmosphere.AerialPerspectiveLUT.SampleCountMaxPerSlice:4]]
[2023.07.07-23.45.38:680][  0]LogConfig: Setting CVar [[r.SkyAtmosphere.AerialPerspectiveLUT.DepthResolution:16.0]]
[2023.07.07-23.45.38:680][  0]LogConfig: Setting CVar [[r.SkyAtmosphere.FastSkyLUT:1]]
[2023.07.07-23.45.38:680][  0]LogConfig: Setting CVar [[r.SkyAtmosphere.FastSkyLUT.SampleCountMin:4.0]]
[2023.07.07-23.45.38:680][  0]LogConfig: Setting CVar [[r.SkyAtmosphere.FastSkyLUT.SampleCountMax:128.0]]
[2023.07.07-23.45.38:680][  0]LogConfig: Setting CVar [[r.SkyAtmosphere.SampleCountMin:4.0]]
[2023.07.07-23.45.38:680][  0]LogConfig: Setting CVar [[r.SkyAtmosphere.SampleCountMax:128.0]]
[2023.07.07-23.45.38:680][  0]LogConfig: Setting CVar [[r.SkyAtmosphere.TransmittanceLUT.UseSmallFormat:0]]
[2023.07.07-23.45.38:680][  0]LogConfig: Setting CVar [[r.SkyAtmosphere.TransmittanceLUT.SampleCount:10.0]]
[2023.07.07-23.45.38:680][  0]LogConfig: Setting CVar [[r.SkyAtmosphere.MultiScatteringLUT.SampleCount:15.0]]
[2023.07.07-23.45.38:680][  0]LogConfig: Setting CVar [[r.SkyLight.RealTimeReflectionCapture:1]]
[2023.07.07-23.45.38:680][  0]LogConfig: Applying CVar settings from Section [FoliageQuality@3] File [C:/VperData/GitHub/ActionRoguelike/ActionRoguelike/Saved/Config/Windows/Scalability.ini]
[2023.07.07-23.45.38:680][  0]LogConfig: Setting CVar [[foliage.DensityScale:1.0]]
[2023.07.07-23.45.38:680][  0]LogConfig: Setting CVar [[grass.DensityScale:1.0]]
[2023.07.07-23.45.38:680][  0]LogConfig: Applying CVar settings from Section [ShadingQuality@3] File [C:/VperData/GitHub/ActionRoguelike/ActionRoguelike/Saved/Config/Windows/Scalability.ini]
[2023.07.07-23.45.38:680][  0]LogConfig: Setting CVar [[r.HairStrands.SkyLighting.IntegrationType:2]]
[2023.07.07-23.45.38:680][  0]LogConfig: Setting CVar [[r.HairStrands.SkyAO.SampleCount:4]]
[2023.07.07-23.45.38:680][  0]LogConfig: Setting CVar [[r.HairStrands.Visibility.MSAA.SamplePerPixel:4]]
[2023.07.07-23.45.38:681][  0]LogConfig: Applying CVar settings from Section [Startup] File [../../../Engine/Config/ConsoleVariables.ini]
[2023.07.07-23.45.38:681][  0]LogConfig: Setting CVar [[net.UseAdaptiveNetUpdateFrequency:0]]
[2023.07.07-23.45.38:681][  0]LogConfig: Setting CVar [[p.chaos.AllowCreatePhysxBodies:1]]
[2023.07.07-23.45.38:681][  0]LogConfig: Setting CVar [[fx.SkipVectorVMBackendOptimizations:1]]
[2023.07.07-23.45.38:681][  0]LogConfig: Applying CVar settings from Section [ConsoleVariables] File [C:/VperData/GitHub/ActionRoguelike/ActionRoguelike/Saved/Config/Windows/Engine.ini]
[2023.07.07-23.45.38:681][  0]LogConfig: Applying CVar settings from Section [ConsoleVariables] File [C:/VperData/GitHub/ActionRoguelike/ActionRoguelike/Saved/Config/Windows/Editor.ini]
[2023.07.07-23.45.38:681][  0]LogInit: Computer: VPER
[2023.07.07-23.45.38:681][  0]LogInit: User: virtu
[2023.07.07-23.45.38:681][  0]LogInit: CPU Page size=4096, Cores=14
[2023.07.07-23.45.38:681][  0]LogInit: High frequency timer resolution =10.000000 MHz
[2023.07.07-23.45.38:681][  0]LogMemory: Memory total: Physical=31.8GB (32GB approx)
[2023.07.07-23.45.38:681][  0]LogMemory: Platform Memory Stats for Windows
[2023.07.07-23.45.38:681][  0]LogMemory: Process Physical Memory: 148.98 MB used, 148.98 MB peak
[2023.07.07-23.45.38:681][  0]LogMemory: Process Virtual Memory: 128.92 MB used, 128.92 MB peak
[2023.07.07-23.45.38:681][  0]LogMemory: Physical Memory: 10543.39 MB used,  22058.83 MB free, 32602.22 MB total
[2023.07.07-23.45.38:681][  0]LogMemory: Virtual Memory: 134196320.00 MB used,  21407.18 MB free, 134217728.00 MB total
[2023.07.07-23.45.38:685][  0]LogWindows: WindowsPlatformFeatures enabled
[2023.07.07-23.45.38:739][  0]LogInit: Physics initialised using underlying interface: PhysX
[2023.07.07-23.45.38:739][  0]LogInit: Overriding language with editor language configuration option (en).
[2023.07.07-23.45.38:739][  0]LogInit: Using OS detected locale (zh-CN).
[2023.07.07-23.45.38:849][  0]LogInit: Setting process to per monitor DPI aware
[2023.07.07-23.45.38:862][  0]LogWindowsTextInputMethodSystem: Display: IME system deactivated.
[2023.07.07-23.45.38:872][  0]LogSlate: New Slate User Created.  User Index 0, Is Virtual User: 0
[2023.07.07-23.45.38:872][  0]LogSlate: Slate User Registered.  User Index 0, Is Virtual User: 0
[2023.07.07-23.45.38:920][  0]LogD3D11RHI: Loaded GFSDK_Aftermath_Lib.x64.dll
[2023.07.07-23.45.38:923][  0]LogHMD: Failed to initialize OpenVR with code 110
[2023.07.07-23.45.38:923][  0]LogD3D11RHI: D3D11 min allowed feature level: 11_0
[2023.07.07-23.45.38:923][  0]LogD3D11RHI: D3D11 max allowed feature level: 11_0
[2023.07.07-23.45.38:924][  0]LogD3D11RHI: D3D11 adapters:
[2023.07.07-23.45.38:987][  0]LogD3D11RHI:    0. 'NVIDIA GeForce RTX 3060 Ti' (Feature Level 11_0)
[2023.07.07-23.45.38:987][  0]LogD3D11RHI:       8038/0/16301 MB DedicatedVideo/DedicatedSystem/SharedSystem, Outputs:1, VendorId:0x10de
[2023.07.07-23.45.38:989][  0]LogD3D11RHI:    1. 'Microsoft Basic Render Driver' (Feature Level 11_0)
[2023.07.07-23.45.38:989][  0]LogD3D11RHI:       0/0/16301 MB DedicatedVideo/DedicatedSystem/SharedSystem, Outputs:0, VendorId:0x1414
[2023.07.07-23.45.38:989][  0]LogD3D11RHI: Chosen D3D11 Adapter:
[2023.07.07-23.45.38:989][  0]LogD3D11RHI:     Description : NVIDIA GeForce RTX 3060 Ti
[2023.07.07-23.45.38:989][  0]LogD3D11RHI:     VendorId    : 10de
[2023.07.07-23.45.38:989][  0]LogD3D11RHI:     DeviceId    : 24c9
[2023.07.07-23.45.38:989][  0]LogD3D11RHI:     SubSysId    : 88b61043
[2023.07.07-23.45.38:989][  0]LogD3D11RHI:     Revision    : 00a1
[2023.07.07-23.45.38:989][  0]LogD3D11RHI:     DedicatedVideoMemory : 8428453888 bytes
[2023.07.07-23.45.38:989][  0]LogD3D11RHI:     DedicatedSystemMemory : 0 bytes
[2023.07.07-23.45.38:989][  0]LogD3D11RHI:     SharedSystemMemory : 17092952064 bytes
[2023.07.07-23.45.38:989][  0]LogD3D11RHI:     AdapterLuid : 0 61198
[2023.07.07-23.45.38:993][  0]LogD3D11RHI: Creating new Direct3DDevice
[2023.07.07-23.45.38:993][  0]LogD3D11RHI:     GPU DeviceId: 0x24c9 (for the marketing name, search the web for "GPU Device Id")
[2023.07.07-23.45.38:993][  0]LogWindows: EnumDisplayDevices:
[2023.07.07-23.45.38:993][  0]LogWindows:    0. 'NVIDIA GeForce RTX 3060 Ti' (P:1 D:1)
[2023.07.07-23.45.38:993][  0]LogWindows:    1. 'NVIDIA GeForce RTX 3060 Ti' (P:0 D:0)
[2023.07.07-23.45.38:993][  0]LogWindows:    2. 'NVIDIA GeForce RTX 3060 Ti' (P:0 D:0)
[2023.07.07-23.45.38:994][  0]LogWindows:    3. 'NVIDIA GeForce RTX 3060 Ti' (P:0 D:0)
[2023.07.07-23.45.38:994][  0]LogWindows: DebugString: FoundDriverCount:4 
[2023.07.07-23.45.38:994][  0]LogD3D11RHI:     Adapter Name: NVIDIA GeForce RTX 3060 Ti
[2023.07.07-23.45.38:994][  0]LogD3D11RHI:   Driver Version: 528.24 (internal:31.0.15.2824, unified:528.24)
[2023.07.07-23.45.38:994][  0]LogD3D11RHI:      Driver Date: 1-15-2023
[2023.07.07-23.45.38:994][  0]LogRHI: Texture pool is 5626 MB (70% of 8038 MB)
[2023.07.07-23.45.38:994][  0]LogD3D11RHI: Creating D3DDevice using adapter:
[2023.07.07-23.45.38:994][  0]LogD3D11RHI:     Description : NVIDIA GeForce RTX 3060 Ti
[2023.07.07-23.45.38:994][  0]LogD3D11RHI:     VendorId    : 10de
[2023.07.07-23.45.38:994][  0]LogD3D11RHI:     DeviceId    : 24c9
[2023.07.07-23.45.38:994][  0]LogD3D11RHI:     SubSysId    : 88b61043
[2023.07.07-23.45.38:994][  0]LogD3D11RHI:     Revision    : 00a1
[2023.07.07-23.45.38:994][  0]LogD3D11RHI:     DedicatedVideoMemory : 8428453888 bytes
[2023.07.07-23.45.38:994][  0]LogD3D11RHI:     DedicatedSystemMemory : 0 bytes
[2023.07.07-23.45.38:994][  0]LogD3D11RHI:     SharedSystemMemory : 17092952064 bytes
[2023.07.07-23.45.38:994][  0]LogD3D11RHI:     AdapterLuid : 0 61198
[2023.07.07-23.45.39:030][  0]LogD3D11RHI: RHI has support for 64 bit atomics
[2023.07.07-23.45.39:030][  0]LogD3D11RHI: Async texture creation enabled
[2023.07.07-23.45.39:030][  0]LogD3D11RHI: Array index from any shader is supported
[2023.07.07-23.45.39:046][  0]LogD3D11RHI: GPU Timing Frequency: 1000.000000 (Debug: 2 2)
[2023.07.07-23.45.39:061][  0]LogRHI: GeForceNow SDK initialized: 1
[2023.07.07-23.45.39:222][  0]LogTargetPlatformManager: Display: Loaded TargetPlatform 'AllDesktop'
[2023.07.07-23.45.39:234][  0]LogTargetPlatformManager: Display: Loaded TargetPlatform 'Android'
[2023.07.07-23.45.39:234][  0]LogTargetPlatformManager: Display: Loaded TargetPlatform 'Android_ASTC'
[2023.07.07-23.45.39:234][  0]LogTargetPlatformManager: Display: Loaded TargetPlatform 'Android_DXT'
[2023.07.07-23.45.39:234][  0]LogTargetPlatformManager: Display: Loaded TargetPlatform 'Android_ETC2'
[2023.07.07-23.45.39:234][  0]LogTargetPlatformManager: Display: Loaded TargetPlatform 'AndroidClient'
[2023.07.07-23.45.39:234][  0]LogTargetPlatformManager: Display: Loaded TargetPlatform 'Android_ASTCClient'
[2023.07.07-23.45.39:234][  0]LogTargetPlatformManager: Display: Loaded TargetPlatform 'Android_DXTClient'
[2023.07.07-23.45.39:234][  0]LogTargetPlatformManager: Display: Loaded TargetPlatform 'Android_ETC2Client'
[2023.07.07-23.45.39:234][  0]LogTargetPlatformManager: Display: Loaded TargetPlatform 'Android_Multi'
[2023.07.07-23.45.39:234][  0]LogTargetPlatformManager: Display: Loaded TargetPlatform 'Android_MultiClient'
[2023.07.07-23.45.39:246][  0]LogTargetPlatformManager: Display: Loaded TargetPlatform 'IOSClient'
[2023.07.07-23.45.39:246][  0]LogTargetPlatformManager: Display: Loaded TargetPlatform 'IOS'
[2023.07.07-23.45.39:251][  0]LogTargetPlatformManager: Display: Loaded TargetPlatform 'Linux'
[2023.07.07-23.45.39:255][  0]LogTargetPlatformManager: Display: Loaded TargetPlatform 'LinuxNoEditor'
[2023.07.07-23.45.39:257][  0]LogTargetPlatformManager: Display: Loaded TargetPlatform 'LinuxClient'
[2023.07.07-23.45.39:260][  0]LogTargetPlatformManager: Display: Loaded TargetPlatform 'LinuxServer'
[2023.07.07-23.45.39:266][  0]LogTargetPlatformManager: Display: Loaded TargetPlatform 'LinuxAArch64NoEditor'
[2023.07.07-23.45.39:269][  0]LogTargetPlatformManager: Display: Loaded TargetPlatform 'LinuxAArch64Client'
[2023.07.07-23.45.39:271][  0]LogTargetPlatformManager: Display: Loaded TargetPlatform 'LinuxAArch64Server'
[2023.07.07-23.45.39:283][  0]LogTargetPlatformManager: Display: Loaded TargetPlatform 'Lumin'
[2023.07.07-23.45.39:283][  0]LogTargetPlatformManager: Display: Loaded TargetPlatform 'LuminClient'
[2023.07.07-23.45.39:288][  0]LogTargetPlatformManager: Display: Loaded TargetPlatform 'MacNoEditor'
[2023.07.07-23.45.39:291][  0]LogTargetPlatformManager: Display: Loaded TargetPlatform 'Mac'
[2023.07.07-23.45.39:294][  0]LogTargetPlatformManager: Display: Loaded TargetPlatform 'MacClient'
[2023.07.07-23.45.39:297][  0]LogTargetPlatformManager: Display: Loaded TargetPlatform 'MacServer'
[2023.07.07-23.45.39:303][  0]LogTargetPlatformManager: Display: Loaded TargetPlatform 'TVOSClient'
[2023.07.07-23.45.39:303][  0]LogTargetPlatformManager: Display: Loaded TargetPlatform 'TVOS'
[2023.07.07-23.45.39:309][  0]LogTargetPlatformManager: Display: Loaded TargetPlatform 'WindowsNoEditor'
[2023.07.07-23.45.39:312][  0]LogTargetPlatformManager: Display: Loaded TargetPlatform 'Windows'
[2023.07.07-23.45.39:314][  0]LogTargetPlatformManager: Display: Loaded TargetPlatform 'WindowsClient'
[2023.07.07-23.45.39:317][  0]LogTargetPlatformManager: Display: Loaded TargetPlatform 'WindowsServer'
[2023.07.07-23.45.39:317][  0]LogTargetPlatformManager: Display: Building Assets For Windows
[2023.07.07-23.45.39:323][  0]LogAudioDebug: Display: Lib vorbis DLL was dynamically loaded.
[2023.07.07-23.45.39:345][  0]LogTextureFormatOodle: Display: Oodle Texture 2.9.0 init RDO Off
[2023.07.07-23.45.39:371][  0]LogRendererCore: Ray tracing is disabled. Reason: r.RayTracing=0.
[2023.07.07-23.45.39:371][  0]LogShaderCompilers: Guid format shader working directory is -23 characters bigger than the processId version (../../../../../../../VperData/GitHub/ActionRoguelike/ActionRoguelike/Intermediate/Shaders/WorkingDirectory/22328/).
[2023.07.07-23.45.39:371][  0]LogShaderCompilers: Cleaned the shader compiler working directory 'C:/Users/virtu/AppData/Local/Temp/UnrealShaderWorkingDir/FB80EC3246E227806963DA8A7F592EB1/'.
[2023.07.07-23.45.39:371][  0]LogXGEController: Cannot use XGE Controller as Incredibuild is not installed on this machine.
[2023.07.07-23.45.39:372][  0]LogShaderCompilers: Cannot use XGE Shader Compiler as Incredibuild is not installed on this machine.
[2023.07.07-23.45.39:372][  0]LogShaderCompilers: Display: Using Local Shader Compiler.
[2023.07.07-23.45.39:811][  0]LogDerivedDataCache: Display: Max Cache Size: 512 MB
[2023.07.07-23.45.39:847][  0]LogDerivedDataCache: Loaded boot cache 0.04s 94MB C:/Users/virtu/AppData/Local/UnrealEngine/4.27/DerivedDataCache/Boot.ddc.
[2023.07.07-23.45.39:847][  0]LogDerivedDataCache: Display: Loaded Boot cache: C:/Users/virtu/AppData/Local/UnrealEngine/4.27/DerivedDataCache/Boot.ddc
[2023.07.07-23.45.39:847][  0]LogDerivedDataCache: FDerivedDataBackendGraph:  Pak pak cache file ../../../../../../../VperData/GitHub/ActionRoguelike/ActionRoguelike/DerivedDataCache/DDC.ddp not found, will not use a pak cache.
[2023.07.07-23.45.39:847][  0]LogDerivedDataCache: Unable to find inner node Pak for hierarchical cache Hierarchy.
[2023.07.07-23.45.39:847][  0]LogDerivedDataCache: FDerivedDataBackendGraph:  CompressedPak pak cache file ../../../../../../../VperData/GitHub/ActionRoguelike/ActionRoguelike/DerivedDataCache/Compressed.ddp not found, will not use a pak cache.
[2023.07.07-23.45.39:847][  0]LogDerivedDataCache: Unable to find inner node CompressedPak for hierarchical cache Hierarchy.
[2023.07.07-23.45.39:858][  0]LogDerivedDataCache: Display: Pak cache opened for reading ../../../Engine/DerivedDataCache/Compressed.ddp.
[2023.07.07-23.45.39:858][  0]LogDerivedDataCache: FDerivedDataBackendGraph:  EnterprisePak pak cache file ../../../Enterprise/DerivedDataCache/Compressed.ddp not found, will not use a pak cache.
[2023.07.07-23.45.39:858][  0]LogDerivedDataCache: Unable to find inner node EnterprisePak for hierarchical cache Hierarchy.
[2023.07.07-23.45.39:861][  0]LogDerivedDataCache: Speed tests for C:/Users/virtu/AppData/Local/UnrealEngine/Common/DerivedDataCache took 0.00 seconds
[2023.07.07-23.45.39:861][  0]LogDerivedDataCache: Display: Performance to C:/Users/virtu/AppData/Local/UnrealEngine/Common/DerivedDataCache: Latency=0.01ms. RandomReadSpeed=2803.64MBs, RandomWriteSpeed=374.57MBs. Assigned SpeedClass 'Local'
[2023.07.07-23.45.39:864][  0]LogDerivedDataCache: Using Local data cache path C:/Users/virtu/AppData/Local/UnrealEngine/Common/DerivedDataCache: Writable
[2023.07.07-23.45.39:864][  0]LogDerivedDataCache: Shared data cache path not found in *engine.ini, will not use an Shared cache.
[2023.07.07-23.45.39:864][  0]LogDerivedDataCache: Unable to find inner node Shared for hierarchical cache Hierarchy.
[2023.07.07-23.45.39:890][  0]LogSlate: Using FreeType 2.10.0
[2023.07.07-23.45.39:890][  0]LogSlate: SlateFontServices - WITH_FREETYPE: 1, WITH_HARFBUZZ: 1
[2023.07.07-23.45.39:905][  0]LogAssetRegistry: FAssetRegistry took 0.0023 seconds to start up
[2023.07.07-23.45.40:021][  0]LogInit: Selected Device Profile: [Windows]
[2023.07.07-23.45.40:022][  0]LogInit: Active device profile: [000001ED6D532D00][000001ED6A3B5BC0 49] Windows
[2023.07.07-23.45.40:022][  0]LogInit: Profiles: [000001ED6D532D00][000001ED6A3B5BC0 49] Windows, [000001ED6E4A9500][000001ED6D5081C0 49] WindowsNoEditor, [000001ED6D532300][000001ED6D50C340 49] WindowsServer, [000001ED6E4A9E00][000001ED6446A4C0 49] WindowsClient, [000001ED6D530C00][000001ED6446E640 49] IOS, [000001ED6E4AB600][000001ED6D504780 49] iPadAir, [000001ED6D530800][000001ED644728C0 49] iPadAir2, [000001ED6E44D000][000001ED6447AB00 49] IPadPro, [000001ED6E44D100][000001ED64476B40 49] iPadAir3, [000001ED6E4A8200][000001ED64482CC0 49] iPadAir4, [000001ED6E44DE00][000001ED64486E40 49] iPadMini2, [000001ED6E4AB700][000001ED6448AFC0 49] iPadMini3, [000001ED6E44E900][000001ED6448F140 49] iPadMini4, [000001ED6E4AA700][000001ED644932C0 49] iPadMini5, [000001ED6E478800][000001ED6449B580 49] iPhone6, [000001ED6E478900][000001ED644975C0 49] iPodTouch6, [000001ED6D533200][000001ED644A3880 49] iPhone7, [000001ED6D530300][000001ED6449F8C0 49] iPodTouch7, [000001ED6E478300][000001ED644A7A40 49] iPhone5S, [000001ED6E44DC00][000001ED644ABBC0 49] iPhone6Plus, [000001ED6E47B900][000001ED644AE1C0 49] iPhone6S, [000001ED6E44D300][000001ED644B2340 49] iPhone6SPlus, [000001ED6E47B200][000001ED644B64C0 49] iPhone7Plus, [000001ED6E44EA00][000001ED644BA640 49] iPhoneSE, [000001ED6E479D00][000001ED644BE7C0 49] iPhone8, [000001ED6E44D900][000001ED644C2940 49] iPhone8Plus, [000001ED6E479900][000001ED6447EA80 49] iPhoneX, [000001ED6E44E600][000001ED644C6BC0 49] iPhoneXS, [000001ED6D530700][000001ED644CAD00 49] iPhoneXSMax, [000001ED6E44E000][000001ED644D2E80 49] iPhoneXR, [000001ED6D533B00][000001ED644D7000 49] iPhone11, [000001ED6E44D400][000001ED644DB180 49] iPhone11Pro, [000001ED6D530600][000001ED644DF300 49] iPhone11ProMax, [000001ED6E44CC00][000001ED644E3480 49] iPhoneSE2, [000001ED6D533000][000001ED644E7600 49] iPhone12Mini, [000001ED6E44F800][000001ED6E773780 49] iPhone12, [000001ED6D532100][000001ED6E777900 49] iPhone12Pro, [000001ED6E44FE00][000001ED6E77BA80 49] iPhone12ProMax, [000001ED6D532A00][000001ED6E77FC00 49] iPadPro105, [000001ED6E44E800][000001ED6E782200 49] iPadPro129, [000001ED6D532F00][000001ED6E786380 49] iPadPro97, [000001ED6E44EB00][000001ED6E78A500 49] iPadPro2_129, [000001ED6D531A00][000001ED6E78E680 49] iPad5, [000001ED6E44D200][000001ED6E792800 49] iPad6, [000001ED6D530200][000001ED6E796980 49] iPad7, [000001ED6E44EE00][000001ED6E79AB00 49] iPad8, [000001ED6D530A00][000001ED644CEC40 49] iPadPro11, [000001ED6E44E400][000001ED6E79ED80 49] iPadPro2_11, [000001ED6D531B00][000001ED6E7A2EC0 49] iPadPro3_129, [000001ED6E44EF00][000001ED6E7AB040 49] iPadPro4_129, [000001ED6D532600][000001ED6E7AF1C0 49] AppleTV, [000001ED6E44F100][000001ED6E7B3340 49] AppleTV4K, [000001ED6D531700][000001ED6E7B74C0 49] TVOS, [000001ED6E44F900][000001ED6E7BB640 49] Mac, [000001ED6D532800][000001ED6E7BF7C0 49] MacClient, [000001ED6E44C800][000001ED6E7C3940 49] MacNoEditor, [000001ED6D531200][000001ED6E7C7AC0 49] MacServer, [000001ED6E44F700][000001ED6E7CA0C0 49] Linux, [000001ED6D531400][000001ED6E7CE240 49] LinuxAArch64, [000001ED6E44FD00][000001ED6E7D23C0 49] LinuxNoEditor, [000001ED6D530100][000001ED6E7D6540 49] LinuxAArch64NoEditor, [000001ED6E44E500][000001ED6E7DA6C0 49] LinuxClient, [000001ED6D533500][000001ED6E7DE840 49] LinuxAArch64Client, [000001ED6E44DA00][000001ED6E7E29C0 49] LinuxServer, [000001ED6D531300][000001ED6E7E6B40 49] LinuxAArch64Server, [000001ED6E44F400][000001ED6E7EACC0 49] Android, [000001ED6D533300][000001ED6E7A6E00 49] Android_Low, [000001ED6E44ED00][000001ED6E7EEF40 49] Android_Mid, [000001ED6D531D00][000001ED6E7F3080 49] Android_High, [000001ED6E44CE00][000001ED6E7F71C0 49] Android_Default, [000001ED6D532700][000001ED6E7FF340 49] Android_Adreno4xx, [000001ED6E4A9600][000001ED6E8034C0 49] Android_Adreno5xx_Low, [000001ED6E47B800][000001ED6E807640 49] Android_Adreno5xx, [000001ED6E4ABE00][000001ED6E80B7C0 49] Android_Adreno6xx, [000001ED6E47A400][000001ED6E80F940 49] Android_Adreno6xx_Vulkan, [000001ED6E4AAB00][000001ED6E813AC0 49] Android_Mali_T6xx, [000001ED6E47B400][000001ED6E8160C0 49] Android_Mali_T7xx, [000001ED6E4AB000][000001ED6E81A240 49] Android_Mali_T8xx, [000001ED6E47AD00][000001ED6E81E3C0 49] Android_Mali_G71, [000001ED6E4AB100][000001ED6E822540 49] Android_Mali_G72, [000001ED6E478D00][000001ED6E8266C0 49] Android_Mali_G72_Vulkan, [000001ED6E4AAD00][000001ED6E82A840 49] Android_Mali_G76, [000001ED6E478E00][000001ED6E82E9C0 49] Android_Mali_G76_Vulkan, [000001ED6E4AA300][000001ED6E832B40 49] Android_Mali_G77, [000001ED6E47BC00][000001ED6E836CC0 49] Android_Mali_G77_Vulkan, [000001ED6E4AAE00][000001ED6E83AE40 49] Android_Mali_G78, [000001ED6E479A00][000001ED6E7FAF80 49] Android_Mali_G78_Vulkan, [000001ED6E4AAF00][000001ED6E83F0C0 49] Android_Mali_G710, [000001ED6E47AE00][000001ED6E843200 49] Android_Mali_G710_Vulkan, [000001ED6E4ABA00][000001ED6E847340 49] Android_Vulkan_SM5, [000001ED6E47A900][000001ED6E84F4C0 49] Android_PowerVR_G6xxx, [000001ED6E4A9C00][000001ED6E853640 49] Android_PowerVR_GT7xxx, [000001ED6E479600][000001ED6E8577C0 49] Android_PowerVR_GE8xxx, [000001ED6E4A9800][000001ED6E85B940 49] Android_PowerVR_GM9xxx, [000001ED6E479F00][000001ED6E85FAC0 49] Android_PowerVR_GM9xxx_Vulkan, [000001ED6E4A9A00][000001ED6E8620C0 49] Android_TegraK1, [000001ED6E47AF00][000001ED6E866240 49] Android_Unknown_Vulkan, [000001ED6E4A9400][000001ED6E86A3C0 49] Lumin, [000001ED6E479400][000001ED6E86E540 49] Lumin_Desktop, [000001ED6E4A8500][000001ED6E8726C0 49] HoloLens, 
[2023.07.07-23.45.40:096][  0]LogMeshReduction: Using QuadricMeshReduction for automatic static mesh reduction
[2023.07.07-23.45.40:097][  0]LogMeshReduction: Using SimplygonMeshReduction for automatic skeletal mesh reduction
[2023.07.07-23.45.40:097][  0]LogMeshReduction: Using ProxyLODMeshReduction for automatic mesh merging
[2023.07.07-23.45.40:097][  0]LogMeshReduction: No distributed automatic mesh merging module available
[2023.07.07-23.45.40:097][  0]LogMeshMerging: No distributed automatic mesh merging module available
[2023.07.07-23.45.40:105][  0]LogNetVersion: ActionRoguelike 1.0.0, NetCL: 17155196, EngineNetVer: 17, GameNetVer: 0 (Checksum: 1099936942)
[2023.07.07-23.45.40:298][  0]LogTexture: Default maximum texture size for cubemaps generated from long-lat sources has been changed from 512 to unlimited. In order to preserve old behaiour for '/Engine/MapTemplates/Sky/DaylightAmbientCubemap.DaylightAmbientCubemap', its maximum texture size has been explicitly set to 512.
[2023.07.07-23.45.40:330][  0]LogHMD: PokeAHoleMaterial loaded successfully
[2023.07.07-23.45.40:333][  0]LogUObjectArray: 17178 objects as part of root set at end of initial load.
[2023.07.07-23.45.40:333][  0]LogUObjectAllocator: 4302048 out of 0 bytes used by permanent object pool.
[2023.07.07-23.45.40:333][  0]LogUObjectArray: CloseDisregardForGC: 0/0 objects in disregard for GC pool
[2023.07.07-23.45.40:509][  0]LogNiagaraDebuggerClient: Niagara Debugger Client Initialized | Session: 339E7D8140426AC1CBE472B6F919AA10 | Instance: 3FA671064E076660B4C21F8035BB1540 (VPER-22328).
[2023.07.07-23.45.40:532][  0]LogPython: Using Python 3.7.7
[2023.07.07-23.45.40:844][  0]LogUdpMessaging: Initializing bridge on interface 0.0.0.0:0 to multicast group 230.0.0.1:6666.
[2023.07.07-23.45.40:890][  0]LogTcpMessaging: Initializing TcpMessaging bridge
[2023.07.07-23.45.41:102][  0]LogOpenImageDenoise: OIDN starting up
[2023.07.07-23.45.41:141][  0]LogAudioCaptureCore: Display: No Audio Capture implementations found. Audio input will be silent.
[2023.07.07-23.45.41:141][  0]LogAudioCaptureCore: Display: No Audio Capture implementations found. Audio input will be silent.
[2023.07.07-23.45.41:157][  0]LogAndroidPermission: UAndroidPermissionCallbackProxy::GetInstance
[2023.07.07-23.45.41:223][  0]SourceControl: Source control is disabled
[2023.07.07-23.45.41:223][  0]SourceControl: Source control is disabled
[2023.07.07-23.45.41:225][  0]SourceControl: Source control is disabled
[2023.07.07-23.45.41:228][  0]SourceControl: Source control is disabled
[2023.07.07-23.45.41:230][  0]SourceControl: Source control is disabled
[2023.07.07-23.45.41:235][  0]LogUProjectInfo: Found projects:
[2023.07.07-23.45.41:264][  0]LogCollectionManager: Loaded 0 collections in 0.000936 seconds
[2023.07.07-23.45.41:281][  0]LogFileCache: Scanning file cache for directory 'C:/VperData/GitHub/ActionRoguelike/ActionRoguelike/Saved/Collections/' took 0.00s
[2023.07.07-23.45.41:281][  0]LogFileCache: Scanning file cache for directory 'C:/VperData/GitHub/ActionRoguelike/ActionRoguelike/Content/Developers/virtu/Collections/' took 0.00s
[2023.07.07-23.45.41:281][  0]LogFileCache: Scanning file cache for directory 'C:/VperData/GitHub/ActionRoguelike/ActionRoguelike/Content/Collections/' took 0.00s
[2023.07.07-23.45.41:281][  0]LogOcInput: OculusInput pre-init called
[2023.07.07-23.45.41:432][  0]LogEngine: Initializing Engine...
[2023.07.07-23.45.41:434][  0]LogHMD: Failed to enumerate extensions. Please check that you have a valid OpenXR runtime installed.
[2023.07.07-23.45.41:434][  0]LogHMD: Failed to initialize OpenVR with code 110
[2023.07.07-23.45.41:435][  0]LogMagicLeap: Warning: VR disabled because ZI is not enabled.  To enable, in the editor, Edit -> Project Settings -> Plugins -> Magic Leap Plugin -> Enable Zero Iteration
[2023.07.07-23.45.41:435][  0]LogStats: UGameplayTagsManager::InitializeManager -  0.000 s
[2023.07.07-23.45.41:499][  0]LogInit: Initializing FReadOnlyCVARCache
[2023.07.07-23.45.41:504][  0]LogAIModule: Creating AISystem for world Untitled
[2023.07.07-23.45.41:511][  0]LogAudio: Display: Initializing Audio Device Manager...
[2023.07.07-23.45.41:514][  0]LogAudio: Display: Loading Default Audio Settings Objects...
[2023.07.07-23.45.41:514][  0]LogAudio: Display: No default SoundConcurrencyObject specified (or failed to load).
[2023.07.07-23.45.41:515][  0]LogAudio: Display: Audio Device Manager Initialized
[2023.07.07-23.45.41:515][  0]LogAudio: Display: Creating Audio Device:                 Id: 1, Scope: Shared, Realtime: True
[2023.07.07-23.45.41:515][  0]LogAudioMixer: Display: Audio Mixer Platform Settings:
[2023.07.07-23.45.41:515][  0]LogAudioMixer: Display: 	Sample Rate:						  48000
[2023.07.07-23.45.41:515][  0]LogAudioMixer: Display: 	Callback Buffer Frame Size Requested: 1024
[2023.07.07-23.45.41:515][  0]LogAudioMixer: Display: 	Callback Buffer Frame Size To Use:	  1024
[2023.07.07-23.45.41:515][  0]LogAudioMixer: Display: 	Number of buffers to queue:			  2
[2023.07.07-23.45.41:515][  0]LogAudioMixer: Display: 	Max Channels (voices):				  32
[2023.07.07-23.45.41:515][  0]LogAudioMixer: Display: 	Number of Async Source Workers:		  0
[2023.07.07-23.45.41:515][  0]LogAudio: Display: AudioDevice MaxSources: 32
[2023.07.07-23.45.41:515][  0]LogAudio: Display: Audio Spatialization Plugin: None (built-in).
[2023.07.07-23.45.41:515][  0]LogAudio: Display: Audio Reverb Plugin: None (built-in).
[2023.07.07-23.45.41:515][  0]LogAudio: Display: Audio Occlusion Plugin: None (built-in).
[2023.07.07-23.45.41:515][  0]LogAudioMixer: Display: Initializing audio mixer.
[2023.07.07-23.45.41:522][  0]LogAudioMixer: Display: 0: FrontLeft
[2023.07.07-23.45.41:522][  0]LogAudioMixer: Display: 1: FrontRight
[2023.07.07-23.45.41:535][  0]LogAudioMixer: Display: Using Audio Device 扬声器 (Realtek(R) Audio)
[2023.07.07-23.45.41:537][  0]LogAudioMixer: Display: Initializing Sound Submixes...
[2023.07.07-23.45.41:537][  0]LogAudioMixer: Display: Creating Master Submix 'MasterSubmixDefault'
[2023.07.07-23.45.41:538][  0]LogAudioMixer: Display: Creating Master Submix 'MasterReverbSubmixDefault'
[2023.07.07-23.45.41:538][  0]LogAudioMixer: Display: Creating Master Submix 'MasterEQSubmixDefault'
[2023.07.07-23.45.41:538][  0]LogAudioMixer: FMixerPlatformXAudio2::StartAudioStream() called
[2023.07.07-23.45.41:538][  0]LogAudioMixer: Display: Output buffers initialized: Frames=1024, Channels=2, Samples=2048
[2023.07.07-23.45.41:539][  0]LogAudioMixer: Display: Starting AudioMixerPlatformInterface::RunInternal()
[2023.07.07-23.45.41:540][  0]LogAudioMixer: Display: FMixerPlatformXAudio2::SubmitBuffer() called for the first time
[2023.07.07-23.45.41:540][  0]LogInit: FAudioDevice initialized.
[2023.07.07-23.45.41:540][  0]LogAudio: Display: Audio Device (ID: 1) registered with world 'Untitled'.
[2023.07.07-23.45.41:540][  0]LogNetVersion: Set ProjectVersion to 1.0.0.0. Version Checksum will be recalculated on next use.
[2023.07.07-23.45.41:567][  0]LogDerivedDataCache: Saved boot cache 0.03s 94MB C:/Users/virtu/AppData/Local/UnrealEngine/4.27/DerivedDataCache/Boot.ddc.
[2023.07.07-23.45.41:569][  0]LogInit: Texture streaming: Enabled
[2023.07.07-23.45.41:578][  0]LogAnalytics: Display: [UEEditor.Rocket.Release] APIServer = https://datarouter.ol.epicgames.com/. AppVersion = 4.27.2-18319896+++UE4+Release-4.27
[2023.07.07-23.45.41:581][  0]LogEngineSessionManager: EngineSessionManager initialized
[2023.07.07-23.45.41:581][  0]LogEngineSessionManager: EngineSessionManager sent abnormal shutdown report. Type=Debugger, SessionId={AF8712F3-45D6-3374-746D-F583630820AE}
[2023.07.07-23.45.41:581][  0]LogEditorSessionSummary: Verbose: Initializing EditorSessionSummaryWriter for editor session tracking
[2023.07.07-23.45.41:582][  0]LogEditorSessionSummary: EditorSessionSummaryWriter initialized
[2023.07.07-23.45.41:594][  0]LogInit: Transaction tracking system initialized
[2023.07.07-23.45.41:610][  0]BlueprintLog: New page: Editor Load
[2023.07.07-23.45.41:651][  0]LocalizationService: Localization service is disabled
[2023.07.07-23.45.41:667][  0]TimingProfiler: Initialize
[2023.07.07-23.45.41:667][  0]TimingProfiler: OnSessionChanged
[2023.07.07-23.45.41:667][  0]LoadingProfiler: Initialize
[2023.07.07-23.45.41:667][  0]LoadingProfiler: OnSessionChanged
[2023.07.07-23.45.41:668][  0]NetworkingProfiler: Initialize
[2023.07.07-23.45.41:668][  0]NetworkingProfiler: OnSessionChanged
[2023.07.07-23.45.41:668][  0]MemoryProfiler: Initialize
[2023.07.07-23.45.41:668][  0]MemoryProfiler: OnSessionChanged
[2023.07.07-23.45.41:903][  0]LogCook: Display: CookSettings for Memory: MemoryMaxUsedVirtual 0MiB, MemoryMaxUsedPhysical 16384MiB, MemoryMinFreeVirtual 0MiB, MemoryMinFreePhysical 1024MiB
[2023.07.07-23.45.41:903][  0]LogCook: Display: Mobile HDR setting 1
[2023.07.07-23.45.42:029][  0]LogFileCache: Scanning file cache for directory 'C:/VperData/GitHub/ActionRoguelike/ActionRoguelike/Content/' took 0.01s
[2023.07.07-23.45.42:136][  0]LogInit: Display: Engine is initialized. Leaving FEngineLoop::Init()
[2023.07.07-23.45.42:138][  0]SourceControl: Source control is disabled
[2023.07.07-23.45.42:138][  0]LogUnrealEdMisc: Loading editor; pre map load, took 4.149
[2023.07.07-23.45.42:138][  0]Cmd: MAP LOAD FILE="../../../../../../../VperData/GitHub/ActionRoguelike/ActionRoguelike/Content/ActionRoguelike/Maps/TestLevel.umap" TEMPLATE=0 SHOWPROGRESS=1 FEATURELEVEL=3
[2023.07.07-23.45.42:138][  0]LightingResults: New page: Lighting Build
[2023.07.07-23.45.42:139][  0]LogWorld: UWorld::CleanupWorld for Untitled, bSessionEnded=true, bCleanupResources=true
[2023.07.07-23.45.42:139][  0]LogSlate: InvalidateAllWidgets triggered.  All widgets were invalidated
[2023.07.07-23.45.42:139][  0]MapCheck: New page: Map Check
[2023.07.07-23.45.42:139][  0]LightingResults: New page: Lighting Build
[2023.07.07-23.45.42:151][  0]LogAudio: Display: Audio Device unregistered from world 'None'.
[2023.07.07-23.45.42:153][  0]LogUObjectHash: Compacting FUObjectHashTables data took   0.44ms
[2023.07.07-23.45.42:249][  0]LogSkeletalMesh: Display: [AssetLog] C:\VperData\GitHub\ActionRoguelike\ActionRoguelike\Content\ParagonGideon\Characters\Heroes\Gideon\Meshes\Gideon.uasset: Find and fix some bad tangent! please re-import this skeletal mesh asset to fix the issue. The shading of the skeletal mesh will be bad and faceted.
[2023.07.07-23.45.42:316][  0]LogAudio: Display: Audio Device (ID: 1) registered with world 'TestLevel'.
[2023.07.07-23.45.42:316][  0]LogAIModule: Creating AISystem for world TestLevel
[2023.07.07-23.45.42:321][  0]LogEditorServer: Finished looking for orphan Actors (0.000 secs)
[2023.07.07-23.45.42:326][  0]LogUObjectHash: Compacting FUObjectHashTables data took   0.45ms
[2023.07.07-23.45.42:327][  0]Cmd: MAP CHECKDEP NOCLEARLOG
[2023.07.07-23.45.42:327][  0]MapCheck: Map check complete: 0 Error(s), 0 Warning(s), took 0.093ms to complete.
[2023.07.07-23.45.42:327][  0]LogFileHelpers: Loading map 'TestLevel' took 0.189
[2023.07.07-23.45.42:329][  0]LogUnrealEdMisc: Total Editor Startup Time, took 4.340
[2023.07.07-23.45.42:430][  0]LogSlate: Updating window title bar state: overlay mode, drag disabled, window buttons hidden, title bar hidden
[2023.07.07-23.45.42:433][  0]LogSlate: Updating window title bar state: overlay mode, drag disabled, window buttons hidden, title bar hidden
[2023.07.07-23.45.42:436][  0]LogSlate: Updating window title bar state: overlay mode, drag disabled, window buttons hidden, title bar hidden
[2023.07.07-23.45.42:439][  0]LogSlate: Updating window title bar state: overlay mode, drag disabled, window buttons hidden, title bar hidden
[2023.07.07-23.45.42:447][  0]LogNativeClassHierarchy: Verbose: Native class hierarchy populated in 0.0054 seconds. Added 3824 classes and 931 folders.
[2023.07.07-23.45.42:448][  0]LogNativeClassHierarchy: Verbose: Native class hierarchy updated for 'WidgetCarousel' in 0.0001 seconds. Added 0 classes and 0 folders.
[2023.07.07-23.45.42:449][  0]LogPakFile: PakFile PrimaryIndexSize=187
[2023.07.07-23.45.42:449][  0]LogPakFile: PakFile PathHashIndexSize=101
[2023.07.07-23.45.42:449][  0]LogPakFile: PakFile FullDirectoryIndexSize=148
[2023.07.07-23.45.42:449][  0]LogShaderLibrary: Display: ShaderCodeLibraryPakFileMountedCallback: PakFile 'C:/Program Files (x86)/Vper/UE/UE_4.27/FeaturePacks/FP_FirstPerson.upack' (chunk index -1, root 'root:/') mounted
[2023.07.07-23.45.42:449][  0]LogShaderLibrary: Display: ShaderCodeLibraryPakFileMountedCallback: pending pak file info (ChunkID:-1 Root:root:/ File:C:/Program Files (x86)/Vper/UE/UE_4.27/FeaturePacks/FP_FirstPerson.upack)
[2023.07.07-23.45.42:449][  0]LogPakFile: OnPakFileMounted2Time == 0.000202
[2023.07.07-23.45.42:449][  0]LogPakFile: PakFile PrimaryIndexSize=189
[2023.07.07-23.45.42:449][  0]LogPakFile: PakFile PathHashIndexSize=101
[2023.07.07-23.45.42:449][  0]LogPakFile: PakFile FullDirectoryIndexSize=152
[2023.07.07-23.45.42:449][  0]LogShaderLibrary: Display: ShaderCodeLibraryPakFileMountedCallback: PakFile 'C:/Program Files (x86)/Vper/UE/UE_4.27/FeaturePacks/FP_FirstPersonBP.upack' (chunk index -1, root 'root:/') mounted
[2023.07.07-23.45.42:449][  0]LogShaderLibrary: Display: ShaderCodeLibraryPakFileMountedCallback: pending pak file info (ChunkID:-1 Root:root:/ File:C:/Program Files (x86)/Vper/UE/UE_4.27/FeaturePacks/FP_FirstPersonBP.upack)
[2023.07.07-23.45.42:449][  0]LogPakFile: OnPakFileMounted2Time == 0.000092
[2023.07.07-23.45.42:449][  0]LogPakFile: PakFile PrimaryIndexSize=191
[2023.07.07-23.45.42:451][  0]LogPakFile: PakFile PathHashIndexSize=101
[2023.07.07-23.45.42:451][  0]LogPakFile: PakFile FullDirectoryIndexSize=160
[2023.07.07-23.45.42:451][  0]LogShaderLibrary: Display: ShaderCodeLibraryPakFileMountedCallback: PakFile 'C:/Program Files (x86)/Vper/UE/UE_4.27/FeaturePacks/MobileStarterContent.upack' (chunk index -1, root 'root:/') mounted
[2023.07.07-23.45.42:451][  0]LogShaderLibrary: Display: ShaderCodeLibraryPakFileMountedCallback: pending pak file info (ChunkID:-1 Root:root:/ File:C:/Program Files (x86)/Vper/UE/UE_4.27/FeaturePacks/MobileStarterContent.upack)
[2023.07.07-23.45.42:451][  0]LogPakFile: OnPakFileMounted2Time == 0.000114
[2023.07.07-23.45.42:451][  0]LogPakFile: PakFile PrimaryIndexSize=185
[2023.07.07-23.45.42:451][  0]LogPakFile: PakFile PathHashIndexSize=101
[2023.07.07-23.45.42:451][  0]LogPakFile: PakFile FullDirectoryIndexSize=148
[2023.07.07-23.45.42:451][  0]LogShaderLibrary: Display: ShaderCodeLibraryPakFileMountedCallback: PakFile 'C:/Program Files (x86)/Vper/UE/UE_4.27/FeaturePacks/StarterContent.upack' (chunk index -1, root 'root:/') mounted
[2023.07.07-23.45.42:451][  0]LogShaderLibrary: Display: ShaderCodeLibraryPakFileMountedCallback: pending pak file info (ChunkID:-1 Root:root:/ File:C:/Program Files (x86)/Vper/UE/UE_4.27/FeaturePacks/StarterContent.upack)
[2023.07.07-23.45.42:451][  0]LogPakFile: OnPakFileMounted2Time == 0.000086
[2023.07.07-23.45.42:451][  0]LogPakFile: PakFile PrimaryIndexSize=190
[2023.07.07-23.45.42:451][  0]LogPakFile: PakFile PathHashIndexSize=101
[2023.07.07-23.45.42:451][  0]LogPakFile: PakFile FullDirectoryIndexSize=154
[2023.07.07-23.45.42:451][  0]LogShaderLibrary: Display: ShaderCodeLibraryPakFileMountedCallback: PakFile 'C:/Program Files (x86)/Vper/UE/UE_4.27/FeaturePacks/TP_2DSideScroller.upack' (chunk index -1, root 'root:/') mounted
[2023.07.07-23.45.42:451][  0]LogShaderLibrary: Display: ShaderCodeLibraryPakFileMountedCallback: pending pak file info (ChunkID:-1 Root:root:/ File:C:/Program Files (x86)/Vper/UE/UE_4.27/FeaturePacks/TP_2DSideScroller.upack)
[2023.07.07-23.45.42:451][  0]LogPakFile: OnPakFileMounted2Time == 0.000092
[2023.07.07-23.45.42:451][  0]LogPakFile: PakFile PrimaryIndexSize=192
[2023.07.07-23.45.42:451][  0]LogPakFile: PakFile PathHashIndexSize=101
[2023.07.07-23.45.42:453][  0]LogPakFile: PakFile FullDirectoryIndexSize=158
[2023.07.07-23.45.42:453][  0]LogShaderLibrary: Display: ShaderCodeLibraryPakFileMountedCallback: PakFile 'C:/Program Files (x86)/Vper/UE/UE_4.27/FeaturePacks/TP_2DSideScrollerBP.upack' (chunk index -1, root 'root:/') mounted
[2023.07.07-23.45.42:453][  0]LogShaderLibrary: Display: ShaderCodeLibraryPakFileMountedCallback: pending pak file info (ChunkID:-1 Root:root:/ File:C:/Program Files (x86)/Vper/UE/UE_4.27/FeaturePacks/TP_2DSideScrollerBP.upack)
[2023.07.07-23.45.42:453][  0]LogPakFile: OnPakFileMounted2Time == 0.000080
[2023.07.07-23.45.42:453][  0]LogPakFile: PakFile PrimaryIndexSize=182
[2023.07.07-23.45.42:453][  0]LogPakFile: PakFile PathHashIndexSize=101
[2023.07.07-23.45.42:453][  0]LogPakFile: PakFile FullDirectoryIndexSize=138
[2023.07.07-23.45.42:453][  0]LogShaderLibrary: Display: ShaderCodeLibraryPakFileMountedCallback: PakFile 'C:/Program Files (x86)/Vper/UE/UE_4.27/FeaturePacks/TP_Flying.upack' (chunk index -1, root 'root:/') mounted
[2023.07.07-23.45.42:453][  0]LogShaderLibrary: Display: ShaderCodeLibraryPakFileMountedCallback: pending pak file info (ChunkID:-1 Root:root:/ File:C:/Program Files (x86)/Vper/UE/UE_4.27/FeaturePacks/TP_Flying.upack)
[2023.07.07-23.45.42:453][  0]LogPakFile: OnPakFileMounted2Time == 0.000090
[2023.07.07-23.45.42:453][  0]LogPakFile: PakFile PrimaryIndexSize=184
[2023.07.07-23.45.42:453][  0]LogPakFile: PakFile PathHashIndexSize=101
[2023.07.07-23.45.42:453][  0]LogPakFile: PakFile FullDirectoryIndexSize=142
[2023.07.07-23.45.42:453][  0]LogShaderLibrary: Display: ShaderCodeLibraryPakFileMountedCallback: PakFile 'C:/Program Files (x86)/Vper/UE/UE_4.27/FeaturePacks/TP_FlyingBP.upack' (chunk index -1, root 'root:/') mounted
[2023.07.07-23.45.42:454][  0]LogShaderLibrary: Display: ShaderCodeLibraryPakFileMountedCallback: pending pak file info (ChunkID:-1 Root:root:/ File:C:/Program Files (x86)/Vper/UE/UE_4.27/FeaturePacks/TP_FlyingBP.upack)
[2023.07.07-23.45.42:454][  0]LogPakFile: OnPakFileMounted2Time == 0.000082
[2023.07.07-23.45.42:454][  0]LogPakFile: PakFile PrimaryIndexSize=188
[2023.07.07-23.45.42:454][  0]LogPakFile: PakFile PathHashIndexSize=101
[2023.07.07-23.45.42:454][  0]LogPakFile: PakFile FullDirectoryIndexSize=150
[2023.07.07-23.45.42:454][  0]LogShaderLibrary: Display: ShaderCodeLibraryPakFileMountedCallback: PakFile 'C:/Program Files (x86)/Vper/UE/UE_4.27/FeaturePacks/TP_HandheldARBP.upack' (chunk index -1, root 'root:/') mounted
[2023.07.07-23.45.42:454][  0]LogShaderLibrary: Display: ShaderCodeLibraryPakFileMountedCallback: pending pak file info (ChunkID:-1 Root:root:/ File:C:/Program Files (x86)/Vper/UE/UE_4.27/FeaturePacks/TP_HandheldARBP.upack)
[2023.07.07-23.45.42:454][  0]LogPakFile: OnPakFileMounted2Time == 0.000106
[2023.07.07-23.45.42:454][  0]LogPakFile: PakFile PrimaryIndexSize=182
[2023.07.07-23.45.42:454][  0]LogPakFile: PakFile PathHashIndexSize=101
[2023.07.07-23.45.42:455][  0]LogPakFile: PakFile FullDirectoryIndexSize=138
[2023.07.07-23.45.42:455][  0]LogShaderLibrary: Display: ShaderCodeLibraryPakFileMountedCallback: PakFile 'C:/Program Files (x86)/Vper/UE/UE_4.27/FeaturePacks/TP_Puzzle.upack' (chunk index -1, root 'root:/') mounted
[2023.07.07-23.45.42:455][  0]LogShaderLibrary: Display: ShaderCodeLibraryPakFileMountedCallback: pending pak file info (ChunkID:-1 Root:root:/ File:C:/Program Files (x86)/Vper/UE/UE_4.27/FeaturePacks/TP_Puzzle.upack)
[2023.07.07-23.45.42:455][  0]LogPakFile: OnPakFileMounted2Time == 0.000086
[2023.07.07-23.45.42:455][  0]LogPakFile: PakFile PrimaryIndexSize=184
[2023.07.07-23.45.42:455][  0]LogPakFile: PakFile PathHashIndexSize=101
[2023.07.07-23.45.42:455][  0]LogPakFile: PakFile FullDirectoryIndexSize=142
[2023.07.07-23.45.42:455][  0]LogShaderLibrary: Display: ShaderCodeLibraryPakFileMountedCallback: PakFile 'C:/Program Files (x86)/Vper/UE/UE_4.27/FeaturePacks/TP_PuzzleBP.upack' (chunk index -1, root 'root:/') mounted
[2023.07.07-23.45.42:455][  0]LogShaderLibrary: Display: ShaderCodeLibraryPakFileMountedCallback: pending pak file info (ChunkID:-1 Root:root:/ File:C:/Program Files (x86)/Vper/UE/UE_4.27/FeaturePacks/TP_PuzzleBP.upack)
[2023.07.07-23.45.42:455][  0]LogPakFile: OnPakFileMounted2Time == 0.000085
[2023.07.07-23.45.42:455][  0]LogPakFile: PakFile PrimaryIndexSize=183
[2023.07.07-23.45.42:455][  0]LogPakFile: PakFile PathHashIndexSize=101
[2023.07.07-23.45.42:455][  0]LogPakFile: PakFile FullDirectoryIndexSize=140
[2023.07.07-23.45.42:456][  0]LogShaderLibrary: Display: ShaderCodeLibraryPakFileMountedCallback: PakFile 'C:/Program Files (x86)/Vper/UE/UE_4.27/FeaturePacks/TP_Rolling.upack' (chunk index -1, root 'root:/') mounted
[2023.07.07-23.45.42:456][  0]LogShaderLibrary: Display: ShaderCodeLibraryPakFileMountedCallback: pending pak file info (ChunkID:-1 Root:root:/ File:C:/Program Files (x86)/Vper/UE/UE_4.27/FeaturePacks/TP_Rolling.upack)
[2023.07.07-23.45.42:456][  0]LogPakFile: OnPakFileMounted2Time == 0.000123
[2023.07.07-23.45.42:456][  0]LogPakFile: PakFile PrimaryIndexSize=185
[2023.07.07-23.45.42:456][  0]LogPakFile: PakFile PathHashIndexSize=101
[2023.07.07-23.45.42:456][  0]LogPakFile: PakFile FullDirectoryIndexSize=144
[2023.07.07-23.45.42:456][  0]LogShaderLibrary: Display: ShaderCodeLibraryPakFileMountedCallback: PakFile 'C:/Program Files (x86)/Vper/UE/UE_4.27/FeaturePacks/TP_RollingBP.upack' (chunk index -1, root 'root:/') mounted
[2023.07.07-23.45.42:456][  0]LogShaderLibrary: Display: ShaderCodeLibraryPakFileMountedCallback: pending pak file info (ChunkID:-1 Root:root:/ File:C:/Program Files (x86)/Vper/UE/UE_4.27/FeaturePacks/TP_RollingBP.upack)
[2023.07.07-23.45.42:456][  0]LogPakFile: OnPakFileMounted2Time == 0.000098
[2023.07.07-23.45.42:456][  0]LogPakFile: PakFile PrimaryIndexSize=188
[2023.07.07-23.45.42:456][  0]LogPakFile: PakFile PathHashIndexSize=101
[2023.07.07-23.45.42:456][  0]LogPakFile: PakFile FullDirectoryIndexSize=150
[2023.07.07-23.45.42:456][  0]LogShaderLibrary: Display: ShaderCodeLibraryPakFileMountedCallback: PakFile 'C:/Program Files (x86)/Vper/UE/UE_4.27/FeaturePacks/TP_SideScroller.upack' (chunk index -1, root 'root:/') mounted
[2023.07.07-23.45.42:457][  0]LogShaderLibrary: Display: ShaderCodeLibraryPakFileMountedCallback: pending pak file info (ChunkID:-1 Root:root:/ File:C:/Program Files (x86)/Vper/UE/UE_4.27/FeaturePacks/TP_SideScroller.upack)
[2023.07.07-23.45.42:457][  0]LogPakFile: OnPakFileMounted2Time == 0.000093
[2023.07.07-23.45.42:457][  0]LogPakFile: PakFile PrimaryIndexSize=190
[2023.07.07-23.45.42:457][  0]LogPakFile: PakFile PathHashIndexSize=101
[2023.07.07-23.45.42:457][  0]LogPakFile: PakFile FullDirectoryIndexSize=154
[2023.07.07-23.45.42:457][  0]LogShaderLibrary: Display: ShaderCodeLibraryPakFileMountedCallback: PakFile 'C:/Program Files (x86)/Vper/UE/UE_4.27/FeaturePacks/TP_SideScrollerBP.upack' (chunk index -1, root 'root:/') mounted
[2023.07.07-23.45.42:457][  0]LogShaderLibrary: Display: ShaderCodeLibraryPakFileMountedCallback: pending pak file info (ChunkID:-1 Root:root:/ File:C:/Program Files (x86)/Vper/UE/UE_4.27/FeaturePacks/TP_SideScrollerBP.upack)
[2023.07.07-23.45.42:457][  0]LogPakFile: OnPakFileMounted2Time == 0.000081
[2023.07.07-23.45.42:457][  0]LogPakFile: PakFile PrimaryIndexSize=187
[2023.07.07-23.45.42:457][  0]LogPakFile: PakFile PathHashIndexSize=101
[2023.07.07-23.45.42:457][  0]LogPakFile: PakFile FullDirectoryIndexSize=148
[2023.07.07-23.45.42:457][  0]LogShaderLibrary: Display: ShaderCodeLibraryPakFileMountedCallback: PakFile 'C:/Program Files (x86)/Vper/UE/UE_4.27/FeaturePacks/TP_ThirdPerson.upack' (chunk index -1, root 'root:/') mounted
[2023.07.07-23.45.42:458][  0]LogShaderLibrary: Display: ShaderCodeLibraryPakFileMountedCallback: pending pak file info (ChunkID:-1 Root:root:/ File:C:/Program Files (x86)/Vper/UE/UE_4.27/FeaturePacks/TP_ThirdPerson.upack)
[2023.07.07-23.45.42:458][  0]LogPakFile: OnPakFileMounted2Time == 0.000090
[2023.07.07-23.45.42:458][  0]LogPakFile: PakFile PrimaryIndexSize=189
[2023.07.07-23.45.42:458][  0]LogPakFile: PakFile PathHashIndexSize=101
[2023.07.07-23.45.42:458][  0]LogPakFile: PakFile FullDirectoryIndexSize=152
[2023.07.07-23.45.42:458][  0]LogShaderLibrary: Display: ShaderCodeLibraryPakFileMountedCallback: PakFile 'C:/Program Files (x86)/Vper/UE/UE_4.27/FeaturePacks/TP_ThirdPersonBP.upack' (chunk index -1, root 'root:/') mounted
[2023.07.07-23.45.42:458][  0]LogShaderLibrary: Display: ShaderCodeLibraryPakFileMountedCallback: pending pak file info (ChunkID:-1 Root:root:/ File:C:/Program Files (x86)/Vper/UE/UE_4.27/FeaturePacks/TP_ThirdPersonBP.upack)
[2023.07.07-23.45.42:458][  0]LogPakFile: OnPakFileMounted2Time == 0.000085
[2023.07.07-23.45.42:458][  0]LogPakFile: PakFile PrimaryIndexSize=183
[2023.07.07-23.45.42:458][  0]LogPakFile: PakFile PathHashIndexSize=101
[2023.07.07-23.45.42:458][  0]LogPakFile: PakFile FullDirectoryIndexSize=140
[2023.07.07-23.45.42:458][  0]LogShaderLibrary: Display: ShaderCodeLibraryPakFileMountedCallback: PakFile 'C:/Program Files (x86)/Vper/UE/UE_4.27/FeaturePacks/TP_TopDown.upack' (chunk index -1, root 'root:/') mounted
[2023.07.07-23.45.42:458][  0]LogShaderLibrary: Display: ShaderCodeLibraryPakFileMountedCallback: pending pak file info (ChunkID:-1 Root:root:/ File:C:/Program Files (x86)/Vper/UE/UE_4.27/FeaturePacks/TP_TopDown.upack)
[2023.07.07-23.45.42:458][  0]LogPakFile: OnPakFileMounted2Time == 0.000089
[2023.07.07-23.45.42:459][  0]LogPakFile: PakFile PrimaryIndexSize=185
[2023.07.07-23.45.42:459][  0]LogPakFile: PakFile PathHashIndexSize=101
[2023.07.07-23.45.42:459][  0]LogPakFile: PakFile FullDirectoryIndexSize=144
[2023.07.07-23.45.42:459][  0]LogShaderLibrary: Display: ShaderCodeLibraryPakFileMountedCallback: PakFile 'C:/Program Files (x86)/Vper/UE/UE_4.27/FeaturePacks/TP_TopDownBP.upack' (chunk index -1, root 'root:/') mounted
[2023.07.07-23.45.42:459][  0]LogShaderLibrary: Display: ShaderCodeLibraryPakFileMountedCallback: pending pak file info (ChunkID:-1 Root:root:/ File:C:/Program Files (x86)/Vper/UE/UE_4.27/FeaturePacks/TP_TopDownBP.upack)
[2023.07.07-23.45.42:459][  0]LogPakFile: OnPakFileMounted2Time == 0.000076
[2023.07.07-23.45.42:459][  0]LogPakFile: PakFile PrimaryIndexSize=185
[2023.07.07-23.45.42:459][  0]LogPakFile: PakFile PathHashIndexSize=101
[2023.07.07-23.45.42:459][  0]LogPakFile: PakFile FullDirectoryIndexSize=144
[2023.07.07-23.45.42:459][  0]LogShaderLibrary: Display: ShaderCodeLibraryPakFileMountedCallback: PakFile 'C:/Program Files (x86)/Vper/UE/UE_4.27/FeaturePacks/TP_TwinStick.upack' (chunk index -1, root 'root:/') mounted
[2023.07.07-23.45.42:459][  0]LogShaderLibrary: Display: ShaderCodeLibraryPakFileMountedCallback: pending pak file info (ChunkID:-1 Root:root:/ File:C:/Program Files (x86)/Vper/UE/UE_4.27/FeaturePacks/TP_TwinStick.upack)
[2023.07.07-23.45.42:459][  0]LogPakFile: OnPakFileMounted2Time == 0.000084
[2023.07.07-23.45.42:460][  0]LogPakFile: PakFile PrimaryIndexSize=187
[2023.07.07-23.45.42:460][  0]LogPakFile: PakFile PathHashIndexSize=101
[2023.07.07-23.45.42:460][  0]LogPakFile: PakFile FullDirectoryIndexSize=148
[2023.07.07-23.45.42:460][  0]LogShaderLibrary: Display: ShaderCodeLibraryPakFileMountedCallback: PakFile 'C:/Program Files (x86)/Vper/UE/UE_4.27/FeaturePacks/TP_TwinStickBP.upack' (chunk index -1, root 'root:/') mounted
[2023.07.07-23.45.42:460][  0]LogShaderLibrary: Display: ShaderCodeLibraryPakFileMountedCallback: pending pak file info (ChunkID:-1 Root:root:/ File:C:/Program Files (x86)/Vper/UE/UE_4.27/FeaturePacks/TP_TwinStickBP.upack)
[2023.07.07-23.45.42:460][  0]LogPakFile: OnPakFileMounted2Time == 0.000082
[2023.07.07-23.45.42:460][  0]LogPakFile: PakFile PrimaryIndexSize=183
[2023.07.07-23.45.42:460][  0]LogPakFile: PakFile PathHashIndexSize=101
[2023.07.07-23.45.42:460][  0]LogPakFile: PakFile FullDirectoryIndexSize=140
[2023.07.07-23.45.42:460][  0]LogShaderLibrary: Display: ShaderCodeLibraryPakFileMountedCallback: PakFile 'C:/Program Files (x86)/Vper/UE/UE_4.27/FeaturePacks/TP_Vehicle.upack' (chunk index -1, root 'root:/') mounted
[2023.07.07-23.45.42:460][  0]LogShaderLibrary: Display: ShaderCodeLibraryPakFileMountedCallback: pending pak file info (ChunkID:-1 Root:root:/ File:C:/Program Files (x86)/Vper/UE/UE_4.27/FeaturePacks/TP_Vehicle.upack)
[2023.07.07-23.45.42:460][  0]LogPakFile: OnPakFileMounted2Time == 0.000085
[2023.07.07-23.45.42:461][  0]LogPakFile: PakFile PrimaryIndexSize=186
[2023.07.07-23.45.42:461][  0]LogPakFile: PakFile PathHashIndexSize=101
[2023.07.07-23.45.42:461][  0]LogPakFile: PakFile FullDirectoryIndexSize=146
[2023.07.07-23.45.42:461][  0]LogShaderLibrary: Display: ShaderCodeLibraryPakFileMountedCallback: PakFile 'C:/Program Files (x86)/Vper/UE/UE_4.27/FeaturePacks/TP_VehicleAdv.upack' (chunk index -1, root 'root:/') mounted
[2023.07.07-23.45.42:461][  0]LogShaderLibrary: Display: ShaderCodeLibraryPakFileMountedCallback: pending pak file info (ChunkID:-1 Root:root:/ File:C:/Program Files (x86)/Vper/UE/UE_4.27/FeaturePacks/TP_VehicleAdv.upack)
[2023.07.07-23.45.42:461][  0]LogPakFile: OnPakFileMounted2Time == 0.000086
[2023.07.07-23.45.42:461][  0]LogPakFile: PakFile PrimaryIndexSize=188
[2023.07.07-23.45.42:461][  0]LogPakFile: PakFile PathHashIndexSize=101
[2023.07.07-23.45.42:461][  0]LogPakFile: PakFile FullDirectoryIndexSize=150
[2023.07.07-23.45.42:461][  0]LogShaderLibrary: Display: ShaderCodeLibraryPakFileMountedCallback: PakFile 'C:/Program Files (x86)/Vper/UE/UE_4.27/FeaturePacks/TP_VehicleAdvBP.upack' (chunk index -1, root 'root:/') mounted
[2023.07.07-23.45.42:461][  0]LogShaderLibrary: Display: ShaderCodeLibraryPakFileMountedCallback: pending pak file info (ChunkID:-1 Root:root:/ File:C:/Program Files (x86)/Vper/UE/UE_4.27/FeaturePacks/TP_VehicleAdvBP.upack)
[2023.07.07-23.45.42:461][  0]LogPakFile: OnPakFileMounted2Time == 0.000083
[2023.07.07-23.45.42:461][  0]LogPakFile: PakFile PrimaryIndexSize=185
[2023.07.07-23.45.42:461][  0]LogPakFile: PakFile PathHashIndexSize=101
[2023.07.07-23.45.42:461][  0]LogPakFile: PakFile FullDirectoryIndexSize=144
[2023.07.07-23.45.42:462][  0]LogShaderLibrary: Display: ShaderCodeLibraryPakFileMountedCallback: PakFile 'C:/Program Files (x86)/Vper/UE/UE_4.27/FeaturePacks/TP_VehicleBP.upack' (chunk index -1, root 'root:/') mounted
[2023.07.07-23.45.42:462][  0]LogShaderLibrary: Display: ShaderCodeLibraryPakFileMountedCallback: pending pak file info (ChunkID:-1 Root:root:/ File:C:/Program Files (x86)/Vper/UE/UE_4.27/FeaturePacks/TP_VehicleBP.upack)
[2023.07.07-23.45.42:462][  0]LogPakFile: OnPakFileMounted2Time == 0.000105
[2023.07.07-23.45.42:462][  0]LogPakFile: PakFile PrimaryIndexSize=192
[2023.07.07-23.45.42:462][  0]LogPakFile: PakFile PathHashIndexSize=101
[2023.07.07-23.45.42:462][  0]LogPakFile: PakFile FullDirectoryIndexSize=158
[2023.07.07-23.45.42:462][  0]LogShaderLibrary: Display: ShaderCodeLibraryPakFileMountedCallback: PakFile 'C:/Program Files (x86)/Vper/UE/UE_4.27/FeaturePacks/TP_VirtualRealityBP.upack' (chunk index -1, root 'root:/') mounted
[2023.07.07-23.45.42:462][  0]LogShaderLibrary: Display: ShaderCodeLibraryPakFileMountedCallback: pending pak file info (ChunkID:-1 Root:root:/ File:C:/Program Files (x86)/Vper/UE/UE_4.27/FeaturePacks/TP_VirtualRealityBP.upack)
[2023.07.07-23.45.42:462][  0]LogPakFile: OnPakFileMounted2Time == 0.000086
[2023.07.07-23.45.42:478][  0]LogNativeClassHierarchy: Verbose: Native class hierarchy updated for 'AddContentDialog' in 0.0002 seconds. Added 0 classes and 0 folders.
[2023.07.07-23.45.42:478][  0]LogNativeClassHierarchy: Verbose: Native class hierarchy updated for 'SceneOutliner' in 0.0001 seconds. Added 2 classes and 0 folders.
[2023.07.07-23.45.42:626][  0]LogSlate: Only BGRA pngs, bmps or icos are supported in by External Image Picker
[2023.07.07-23.45.42:684][  0]LogSlate: Took 0.000153 seconds to synchronously load lazily loaded font '../../../Engine/Content/Slate/Fonts/Roboto-Regular.ttf' (155K)
[2023.07.07-23.45.42:685][  0]LogSlate: Took 0.000088 seconds to synchronously load lazily loaded font '../../../Engine/Content/Editor/Slate/Fonts/FontAwesome.ttf' (139K)
[2023.07.07-23.45.42:686][  0]LogSlate: Took 0.000120 seconds to synchronously load lazily loaded font '../../../Engine/Content/Slate/Fonts/Roboto-Bold.ttf' (160K)
[2023.07.07-23.45.42:727][  0]LogRenderer: Reallocating scene render targets to support 1208x568 Format 10 NumSamples 1 (Frame:1).
[2023.07.07-23.45.42:749][  0]LogSlate: Took 0.000105 seconds to synchronously load lazily loaded font '../../../Engine/Content/Slate/Fonts/Roboto-Light.ttf' (167K)
[2023.07.07-23.45.42:796][  0]LogNativeClassHierarchy: Verbose: Native class hierarchy updated for 'HierarchicalLODOutliner' in 0.0002 seconds. Added 0 classes and 0 folders.
[2023.07.07-23.45.42:796][  0]LogLoad: (Engine Initialization) Total time: 4.81 seconds
[2023.07.07-23.45.42:796][  0]LogLoad: (Engine Initialization) Total Blueprint compile time: 0.00 seconds
[2023.07.07-23.45.42:868][  0]LogAssetRegistry: Asset discovery search completed in 2.9634 seconds
[2023.07.07-23.45.42:871][  0]LogCollectionManager: Fixed up redirectors for 0 collections in 0.000002 seconds (updated 0 objects)
[2023.07.07-23.45.42:871][  0]LogContentStreaming: Texture pool size now 1000 MB
[2023.07.07-23.45.45:100][248]LogTemp: Repeating last play command: Selected Viewport
[2023.07.07-23.45.45:102][248]LogPlayLevel: PlayLevel: No blueprints needed recompiling
[2023.07.07-23.45.45:103][248]PIE: New page: PIE session: TestLevel (2023年7月8日 下午3:45:45)
[2023.07.07-23.45.45:104][248]LogOnline: OSS: Creating online subsystem instance for: NULL
[2023.07.07-23.45.45:106][248]LogOnline: OSS: TryLoadSubsystemAndSetDefault: Loaded subsystem for module [NULL]
[2023.07.07-23.45.45:106][248]LogPlayLevel: Creating play world package: /Game/ActionRoguelike/Maps/UEDPIE_0_TestLevel
[2023.07.07-23.45.45:107][248]LogPlayLevel: PIE: StaticDuplicateObject took: (0.001645s)
[2023.07.07-23.45.45:108][248]LogAIModule: Creating AISystem for world TestLevel
[2023.07.07-23.45.45:108][248]LogPlayLevel: PIE: World Init took: (0.000803s)
[2023.07.07-23.45.45:108][248]LogPlayLevel: PIE: Created PIE world by copying editor world from /Game/ActionRoguelike/Maps/TestLevel.TestLevel to /Game/ActionRoguelike/Maps/UEDPIE_0_TestLevel.TestLevel (0.002664s)
[2023.07.07-23.45.45:119][248]LogUObjectHash: Compacting FUObjectHashTables data took   0.35ms
[2023.07.07-23.45.45:121][248]LogAudio: Display: Creating Audio Device:                 Id: 2, Scope: Unique, Realtime: True
[2023.07.07-23.45.45:121][248]LogAudioMixer: Display: Audio Mixer Platform Settings:
[2023.07.07-23.45.45:121][248]LogAudioMixer: Display: 	Sample Rate:						  48000
[2023.07.07-23.45.45:121][248]LogAudioMixer: Display: 	Callback Buffer Frame Size Requested: 1024
[2023.07.07-23.45.45:121][248]LogAudioMixer: Display: 	Callback Buffer Frame Size To Use:	  1024
[2023.07.07-23.45.45:122][248]LogAudioMixer: Display: 	Number of buffers to queue:			  2
[2023.07.07-23.45.45:122][248]LogAudioMixer: Display: 	Max Channels (voices):				  32
[2023.07.07-23.45.45:122][248]LogAudioMixer: Display: 	Number of Async Source Workers:		  0
[2023.07.07-23.45.45:122][248]LogAudio: Display: AudioDevice MaxSources: 32
[2023.07.07-23.45.45:122][248]LogAudio: Display: Audio Spatialization Plugin: None (built-in).
[2023.07.07-23.45.45:122][248]LogAudio: Display: Audio Reverb Plugin: None (built-in).
[2023.07.07-23.45.45:122][248]LogAudio: Display: Audio Occlusion Plugin: None (built-in).
[2023.07.07-23.45.45:122][248]LogAudioMixer: Display: Initializing audio mixer.
[2023.07.07-23.45.45:124][248]LogAudioMixer: Display: 0: FrontLeft
[2023.07.07-23.45.45:124][248]LogAudioMixer: Display: 1: FrontRight
[2023.07.07-23.45.45:131][248]LogAudioMixer: Display: Using Audio Device 扬声器 (Realtek(R) Audio)
[2023.07.07-23.45.45:131][248]LogAudioMixer: Display: Initializing Sound Submixes...
[2023.07.07-23.45.45:131][248]LogAudioMixer: Display: Creating Master Submix 'MasterSubmixDefault'
[2023.07.07-23.45.45:132][248]LogAudioMixer: Display: Creating Master Submix 'MasterReverbSubmixDefault'
[2023.07.07-23.45.45:132][248]LogAudioMixer: Display: Creating Master Submix 'MasterEQSubmixDefault'
[2023.07.07-23.45.45:132][248]LogAudioMixer: FMixerPlatformXAudio2::StartAudioStream() called
[2023.07.07-23.45.45:132][248]LogAudioMixer: Display: Output buffers initialized: Frames=1024, Channels=2, Samples=2048
[2023.07.07-23.45.45:133][248]LogAudioMixer: Display: Starting AudioMixerPlatformInterface::RunInternal()
[2023.07.07-23.45.45:133][248]LogAudioMixer: Display: FMixerPlatformXAudio2::SubmitBuffer() called for the first time
[2023.07.07-23.45.45:133][248]LogInit: FAudioDevice initialized.
[2023.07.07-23.45.45:133][248]LogAudio: Display: Audio Device (ID: 2) registered with world 'TestLevel'.
[2023.07.07-23.45.45:143][248]LogLoad: Game class is 'GameModeBase'
[2023.07.07-23.45.45:145][248]LogWorld: Bringing World /Game/ActionRoguelike/Maps/UEDPIE_0_TestLevel.TestLevel up for play (max tick rate 0) at 2023.07.08-07.45.45
[2023.07.07-23.45.45:145][248]LogWorld: Bringing up level for play took: 0.001668
[2023.07.07-23.45.45:145][248]LogOnline: OSS: Creating online subsystem instance for: :Context_3
[2023.07.07-23.45.45:148][248]LogNativeClassHierarchy: Verbose: Native class hierarchy updated for 'MovieSceneCapture' in 0.0002 seconds. Added 20 classes and 0 folders.
[2023.07.07-23.45.45:148][248]PIE: Server logged in
[2023.07.07-23.45.45:149][248]PIE: Play in editor total start time 0.047 seconds.
[2023.07.07-23.45.48:933][690]LogSlate: Updating window title bar state: overlay mode, drag disabled, window buttons hidden, title bar hidden
[2023.07.07-23.45.48:933][690]LogWorld: BeginTearingDown for /Game/ActionRoguelike/Maps/UEDPIE_0_TestLevel
[2023.07.07-23.45.48:934][690]LogWorld: UWorld::CleanupWorld for TestLevel, bSessionEnded=true, bCleanupResources=true
[2023.07.07-23.45.48:934][690]LogSlate: InvalidateAllWidgets triggered.  All widgets were invalidated
[2023.07.07-23.45.48:946][690]LogPlayLevel: Display: Shutting down PIE online subsystems
[2023.07.07-23.45.48:947][690]LogSlate: InvalidateAllWidgets triggered.  All widgets were invalidated
[2023.07.07-23.45.48:954][690]LogAudio: Display: Audio Device unregistered from world 'None'.
[2023.07.07-23.45.48:954][690]LogAudioMixer: FMixerPlatformXAudio2::StopAudioStream() called
[2023.07.07-23.45.48:956][690]LogAudioMixer: FMixerPlatformXAudio2::StopAudioStream() called
[2023.07.07-23.45.48:958][690]LogSlate: Updating window title bar state: overlay mode, drag disabled, window buttons hidden, title bar hidden
[2023.07.07-23.45.48:959][690]LogUObjectHash: Compacting FUObjectHashTables data took   0.37ms
[2023.07.07-23.45.48:993][693]LogPlayLevel: Display: Destroying online subsystem :Context_3
[2023.07.07-23.45.52:956][155]LogSlate: Took 0.000099 seconds to synchronously load lazily loaded font '../../../Engine/Content/Slate/Fonts/Roboto-Light.ttf' (167K)
[2023.07.07-23.45.52:970][155]LogAssetEditorSubsystem: Opening Asset editor for Blueprint /Game/ActionRoguelike/PlayerCharacter.PlayerCharacter
[2023.07.07-23.45.53:046][155]LogNativeClassHierarchy: Verbose: Native class hierarchy updated for 'BlueprintGraph' in 0.0003 seconds. Added 126 classes and 0 folders.
[2023.07.07-23.45.55:345][337]LogSlate: Window 'PlayerCharacter' being destroyed
[2023.07.07-23.45.55:381][337]LogWorld: UWorld::CleanupWorld for World_2, bSessionEnded=true, bCleanupResources=true
[2023.07.07-23.45.55:381][337]LogSlate: InvalidateAllWidgets triggered.  All widgets were invalidated
[2023.07.07-23.45.55:419][337]LogAssetEditorSubsystem: Opening Asset editor for Blueprint /Game/ActionRoguelike/PlayerCharacter.PlayerCharacter
[2023.07.07-23.45.55:656][337]LogSlate: Took 0.000115 seconds to synchronously load lazily loaded font '../../../Engine/Content/Slate/Fonts/Roboto-BoldCondensed.ttf' (158K)
[2023.07.07-23.45.57:387][518]LogSlate: Window 'PlayerCharacter' being destroyed
[2023.07.07-23.45.58:793][677]LogSlate: Took 0.000122 seconds to synchronously load lazily loaded font '../../../Engine/Content/Slate/Fonts/Roboto-Italic.ttf' (157K)
