Log file open, 07/11/23 23:14:46
LogWindows: Failed to load 'aqProf.dll' (GetLastError=126)
LogWindows: File 'aqProf.dll' does not exist
LogWindows: Failed to load 'VtuneApi.dll' (GetLastError=126)
LogWindows: File 'VtuneApi.dll' does not exist
LogWindows: Failed to load 'VtuneApi32e.dll' (GetLastError=126)
LogWindows: File 'VtuneApi32e.dll' does not exist
LogConsoleResponse: Display: Failed to find resolution value strings in scalability ini. Falling back to default.
LogConsoleResponse: Display: Failed to find resolution value strings in scalability ini. Falling back to default.
LogInit: Display: Running engine for game: ActionRoguelike
LogPlatformFile: Not using cached read wrapper
LogTaskGraph: Started task graph with 5 named threads and 59 total threads with 3 sets of task threads.
LogStats: Stats thread started at 0.233666
LogICUInternationalization: ICU TimeZone Detection - Raw Offset: +8:00, Platform Override: ''
LogInit: Display: Loading text-based GConfig....
LogPluginManager: Mounting plugin MeshPainting
LogPluginManager: Mounting plugin XGEController
LogPluginManager: Mounting plugin Paper2D
LogPluginManager: Mounting plugin LiveLink
LogPluginManager: Mounting plugin LightPropagationVolume
LogPluginManager: Mounting plugin AISupport
LogPluginManager: Mounting plugin EnvironmentQueryEditor
LogPluginManager: Mounting plugin CameraShakePreviewer
LogPluginManager: Mounting plugin GameplayCameras
LogPluginManager: Mounting plugin AnimationSharing
LogPluginManager: Mounting plugin CLionSourceCodeAccess
LogPluginManager: Mounting plugin CodeLiteSourceCodeAccess
LogPluginManager: Mounting plugin GitSourceControl
LogPluginManager: Mounting plugin KDevelopSourceCodeAccess
LogPluginManager: Mounting plugin NullSourceCodeAccess
LogPluginManager: Mounting plugin PerforceSourceControl
LogPluginManager: Mounting plugin PixWinPlugin
LogPluginManager: Mounting plugin PlasticSourceControl
LogPluginManager: Mounting plugin PropertyAccessNode
LogPluginManager: Mounting plugin RiderSourceCodeAccess
LogPluginManager: Mounting plugin TextureFormatOodle
LogPluginManager: Mounting plugin SubversionSourceControl
LogPluginManager: Mounting plugin PluginUtils
LogPluginManager: Mounting plugin UObjectPlugin
LogPluginManager: Mounting plugin VisualStudioCodeSourceCodeAccess
LogPluginManager: Mounting plugin VisualStudioSourceCodeAccess
LogPluginManager: Mounting plugin OodleData
LogPluginManager: Mounting plugin OodleNetwork
LogPluginManager: Mounting plugin XCodeSourceCodeAccess
LogPluginManager: Mounting plugin AssetManagerEditor
LogPluginManager: Mounting plugin CryptoKeys
LogPluginManager: Mounting plugin CurveEditorTools
LogPluginManager: Mounting plugin DataValidation
LogPluginManager: Mounting plugin FacialAnimation
LogPluginManager: Mounting plugin GameplayTagsEditor
LogPluginManager: Mounting plugin DatasmithContent
LogPluginManager: Mounting plugin GeometryMode
LogPluginManager: Mounting plugin VariantManagerContent
LogPluginManager: Mounting plugin MacGraphicsSwitching
LogPluginManager: Mounting plugin MaterialAnalyzer
LogPluginManager: Mounting plugin MobileLauncherProfileWizard
LogPluginManager: Mounting plugin PluginBrowser
LogPluginManager: Mounting plugin SpeedTreeImporter
LogPluginManager: Mounting plugin AlembicImporter
LogPluginManager: Mounting plugin BackChannel
LogPluginManager: Mounting plugin ChaosCloth
LogPluginManager: Mounting plugin ChaosClothEditor
LogPluginManager: Mounting plugin ChaosEditor
LogPluginManager: Mounting plugin ChaosNiagara
LogPluginManager: Mounting plugin ChaosSolverPlugin
LogPluginManager: Mounting plugin CharacterAI
LogPluginManager: Mounting plugin GeometryCache
LogPluginManager: Mounting plugin GeometryCollectionPlugin
LogPluginManager: Mounting plugin Niagara
LogPluginManager: Mounting plugin LuminPlatformFeatures
LogPluginManager: Mounting plugin MagicLeap
LogPluginManager: Mounting plugin MagicLeapLightEstimation
LogPluginManager: Mounting plugin MagicLeapMedia
LogPluginManager: Mounting plugin MagicLeapPassableWorld
LogPluginManager: Mounting plugin MLSDK
LogPluginManager: Mounting plugin MotoSynth
LogPluginManager: Mounting plugin OpenImageDenoise
LogPluginManager: Mounting plugin PlatformCrypto
LogPluginManager: Mounting plugin PythonScriptPlugin
LogPluginManager: Mounting plugin ProxyLODPlugin
LogPluginManager: Mounting plugin PlanarCut
LogPluginManager: Mounting plugin AutomationUtils
LogPluginManager: Mounting plugin SkeletalReduction
LogPluginManager: Mounting plugin AndroidMedia
LogPluginManager: Mounting plugin AvfMedia
LogPluginManager: Mounting plugin ImgMedia
LogPluginManager: Mounting plugin MediaCompositing
LogPluginManager: Mounting plugin MediaPlayerEditor
LogPluginManager: Mounting plugin WmfMedia
LogPluginManager: Mounting plugin TcpMessaging
LogPluginManager: Mounting plugin WebMMedia
LogPluginManager: Mounting plugin UdpMessaging
LogPluginManager: Mounting plugin ActorSequence
LogPluginManager: Mounting plugin LevelSequenceEditor
LogPluginManager: Mounting plugin TemplateSequence
LogPluginManager: Mounting plugin MatineeToLevelSequence
LogPluginManager: Mounting plugin OnlineSubsystem
LogPluginManager: Mounting plugin OnlineSubsystemNull
LogPluginManager: Mounting plugin OnlineSubsystemUtils
LogPluginManager: Mounting plugin LauncherChunkInstaller
LogPluginManager: Mounting plugin ActorLayerUtilities
LogPluginManager: Mounting plugin AndroidDeviceProfileSelector
LogPluginManager: Mounting plugin AndroidMoviePlayer
LogPluginManager: Mounting plugin GeometryProcessing
LogPluginManager: Mounting plugin AndroidPermission
LogPluginManager: Mounting plugin AppleMoviePlayer
LogPluginManager: Mounting plugin ArchVisCharacter
LogPluginManager: Mounting plugin AssetTags
LogPluginManager: Mounting plugin AudioSynesthesia
LogPluginManager: Mounting plugin CustomMeshComponent
LogPluginManager: Mounting plugin AudioCapture
LogPluginManager: Mounting plugin AppleImageUtils
LogPluginManager: Mounting plugin EditableMesh
LogPluginManager: Mounting plugin ExampleDeviceProfileSelector
LogPluginManager: Mounting plugin ChunkDownloader
LogPluginManager: Mounting plugin GooglePAD
LogPluginManager: Mounting plugin CableComponent
LogPluginManager: Mounting plugin GoogleCloudMessaging
LogPluginManager: Mounting plugin LinuxDeviceProfileSelector
LogPluginManager: Mounting plugin LocationServicesBPLibrary
LogPluginManager: Mounting plugin IOSDeviceProfileSelector
LogPluginManager: Mounting plugin MobilePatchingUtils
LogPluginManager: Mounting plugin OpenXR
LogPluginManager: Mounting plugin PhysXVehicles
LogPluginManager: Mounting plugin OpenXRHandTracking
LogPluginManager: Mounting plugin OpenXREyeTracker
LogPluginManager: Mounting plugin PropertyAccessEditor
LogPluginManager: Mounting plugin PostSplashScreen
LogPluginManager: Mounting plugin SignificanceManager
LogPluginManager: Mounting plugin RuntimePhysXCooking
LogPluginManager: Mounting plugin ProceduralMeshComponent
LogPluginManager: Mounting plugin SoundFields
LogPluginManager: Mounting plugin Synthesis
LogPluginManager: Mounting plugin WebMMoviePlayer
LogPluginManager: Mounting plugin WindowsMoviePlayer
LogPluginManager: Mounting plugin ScreenshotTools
LogPluginManager: Mounting plugin Takes
LogPluginManager: Mounting plugin ContentBrowserAssetDataSource
LogPluginManager: Mounting plugin ContentBrowserFileDataSource
LogPluginManager: Mounting plugin ContentBrowserClassDataSource
LogPluginManager: Mounting plugin OnlineSubsystemGooglePlay
LogPluginManager: Mounting plugin OnlineSubsystemIOS
LogPluginManager: Mounting plugin OculusVR
LogPluginManager: Mounting plugin SteamVR
PixWinPlugin: PIX capture plugin failed to initialize! Check that the process is launched from PIX.
LogInit: Using libcurl 7.55.1-DEV
LogInit:  - built for x86_64-pc-win32
LogInit:  - supports SSL with OpenSSL/1.1.1
LogInit:  - supports HTTP deflate (compression) using libz 1.2.8
LogInit:  - other features:
LogInit:      CURL_VERSION_SSL
LogInit:      CURL_VERSION_LIBZ
LogInit:      CURL_VERSION_IPV6
LogInit:      CURL_VERSION_ASYNCHDNS
LogInit:      CURL_VERSION_LARGEFILE
LogInit:      CURL_VERSION_IDN
LogInit:  CurlRequestOptions (configurable via config and command line):
LogInit:  - bVerifyPeer = true  - Libcurl will verify peer certificate
LogInit:  - bUseHttpProxy = false  - Libcurl will NOT use HTTP proxy
LogInit:  - bDontReuseConnections = false  - Libcurl will reuse connections
LogInit:  - MaxHostConnections = 16  - Libcurl will limit the number of connections to a host
LogInit:  - LocalHostAddr = Default
LogInit:  - BufferSize = 65536
LogOnline: OSS: Creating online subsystem instance for: NULL
LogInit: WinSock: version 1.1 (2.2), MaxSocks=32767, MaxUdp=65467
LogOnline: OSS: TryLoadSubsystemAndSetDefault: Loaded subsystem for module [NULL]
LogOculusPluginWrapper: OculusPlugin initialized successfully
LogHMD: Failed initializing OVRPlugin 1.59.0
LogInit: Build: ++UE4+Release-4.27-CL-18319896
LogInit: Engine Version: 4.27.2-18319896+++UE4+Release-4.27
LogInit: Compatible Engine Version: 4.27.0-17155196+++UE4+Release-4.27
LogInit: Net CL: 17155196
LogInit: OS: Windows 10 (Release 2009) (), CPU: 13th Gen Intel(R) Core(TM) i5-13600KF, GPU: NVIDIA GeForce RTX 3060 Ti
LogInit: Compiled (64-bit): Nov 30 2021 07:12:08
LogInit: Compiled with Visual C++: 19.24.28315.00
LogInit: Build Configuration: Development
LogInit: Branch Name: ++UE4+Release-4.27
LogInit: Command Line:  -skipcompile
LogInit: Base Directory: C:/Program Files (x86)/Vper/UE/UE_4.27/Engine/Binaries/Win64/
LogInit: Allocator: TBB
LogInit: Installed Engine Build: 1
LogDevObjectVersion: Number of dev versions registered: 29
LogDevObjectVersion:   Dev-Blueprints (B0D832E4-1F89-4F0D-ACCF-7EB736FD4AA2): 10
LogDevObjectVersion:   Dev-Build (E1C64328-A22C-4D53-A36C-8E866417BD8C): 0
LogDevObjectVersion:   Dev-Core (375EC13C-06E4-48FB-B500-84F0262A717E): 4
LogDevObjectVersion:   Dev-Editor (E4B068ED-F494-42E9-A231-DA0B2E46BB41): 40
LogDevObjectVersion:   Dev-Framework (CFFC743F-43B0-4480-9391-14DF171D2073): 37
LogDevObjectVersion:   Dev-Mobile (B02B49B5-BB20-44E9-A304-32B752E40360): 3
LogDevObjectVersion:   Dev-Networking (A4E4105C-59A1-49B5-A7C5-40C4547EDFEE): 0
LogDevObjectVersion:   Dev-Online (39C831C9-5AE6-47DC-9A44-9C173E1C8E7C): 0
LogDevObjectVersion:   Dev-Physics (78F01B33-EBEA-4F98-B9B4-84EACCB95AA2): 14
LogDevObjectVersion:   Dev-Platform (6631380F-2D4D-43E0-8009-CF276956A95A): 0
LogDevObjectVersion:   Dev-Rendering (12F88B9F-8875-4AFC-A67C-D90C383ABD29): 45
LogDevObjectVersion:   Dev-Sequencer (7B5AE74C-D270-4C10-A958-57980B212A5A): 13
LogDevObjectVersion:   Dev-VR (D7296918-1DD6-4BDD-9DE2-64A83CC13884): 3
LogDevObjectVersion:   Dev-LoadTimes (C2A15278-BFE7-4AFE-6C17-90FF531DF755): 1
LogDevObjectVersion:   Private-Geometry (6EACA3D4-40EC-4CC1-B786-8BED09428FC5): 3
LogDevObjectVersion:   Dev-AnimPhys (29E575DD-E0A3-4627-9D10-D276232CDCEA): 17
LogDevObjectVersion:   Dev-Anim (AF43A65D-7FD3-4947-9873-3E8ED9C1BB05): 15
LogDevObjectVersion:   Dev-ReflectionCapture (6B266CEC-1EC7-4B8F-A30B-E4D90942FC07): 1
LogDevObjectVersion:   Dev-Automation (0DF73D61-A23F-47EA-B727-89E90C41499A): 1
LogDevObjectVersion:   FortniteMain (601D1886-AC64-4F84-AA16-D3DE0DEAC7D6): 47
LogDevObjectVersion:   FortniteRelease (E7086368-6B23-4C58-8439-1B7016265E91): 1
LogDevObjectVersion:   Dev-Enterprise (9DFFBCD6-494F-0158-E221-12823C92A888): 10
LogDevObjectVersion:   Dev-Niagara (F2AED0AC-9AFE-416F-8664-AA7FFA26D6FC): 1
LogDevObjectVersion:   Dev-Destruction (174F1F0B-B4C6-45A5-B13F-2EE8D0FB917D): 10
LogDevObjectVersion:   Dev-Physics-Ext (35F94A83-E258-406C-A318-09F59610247C): 41
LogDevObjectVersion:   Dev-PhysicsMaterial-Chaos (B68FC16E-8B1B-42E2-B453-215C058844FE): 1
LogDevObjectVersion:   Dev-CineCamera (B2E18506-4273-CFC2-A54E-F4BB758BBA07): 1
LogDevObjectVersion:   Dev-VirtualProduction (64F58936-FD1B-42BA-BA96-7289D5D0FA4E): 1
LogDevObjectVersion:   Dev-MediaFramework (6F0ED827-A609-4895-9C91-998D90180EA4): 2
LogInit: Presizing for max 25165824 objects, including 0 objects not considered by GC, pre-allocating 0 bytes for permanent pool.
LogConfig: Applying CVar settings from Section [/Script/Engine.StreamingSettings] File [C:/VperData/GitHub/ActionRoguelike/ActionRoguelike/Saved/Config/Windows/Engine.ini]
LogConfig: Setting CVar [[s.MinBulkDataSizeForAsyncLoading:131072]]
LogConfig: Setting CVar [[s.AsyncLoadingThreadEnabled:0]]
LogConfig: Setting CVar [[s.EventDrivenLoaderEnabled:1]]
LogConfig: Setting CVar [[s.WarnIfTimeLimitExceeded:0]]
LogConfig: Setting CVar [[s.TimeLimitExceededMultiplier:1.5]]
LogConfig: Setting CVar [[s.TimeLimitExceededMinTime:0.005]]
LogConfig: Setting CVar [[s.UseBackgroundLevelStreaming:1]]
LogConfig: Setting CVar [[s.PriorityAsyncLoadingExtraTime:15.0]]
LogConfig: Setting CVar [[s.LevelStreamingActorsUpdateTimeLimit:5.0]]
LogConfig: Setting CVar [[s.PriorityLevelStreamingActorsUpdateExtraTime:5.0]]
LogConfig: Setting CVar [[s.LevelStreamingComponentsRegistrationGranularity:10]]
LogConfig: Setting CVar [[s.UnregisterComponentsTimeLimit:1.0]]
LogConfig: Setting CVar [[s.LevelStreamingComponentsUnregistrationGranularity:5]]
LogConfig: Setting CVar [[s.FlushStreamingOnExit:1]]
LogInit: Object subsystem initialized
LogConfig: Setting CVar [[con.DebugEarlyDefault:1]]
LogConfig: Setting CVar [[r.setres:1280x720]]
[2023.07.11-15.14.47:087][  0]LogConfig: Setting CVar [[r.VSync:0]]
[2023.07.11-15.14.47:087][  0]LogConfig: Setting CVar [[r.RHICmdBypass:0]]
[2023.07.11-15.14.47:087][  0]LogConfig: Applying CVar settings from Section [/Script/Engine.RendererSettings] File [C:/VperData/GitHub/ActionRoguelike/ActionRoguelike/Saved/Config/Windows/Engine.ini]
[2023.07.11-15.14.47:087][  0]LogConfig: Setting CVar [[r.GPUCrashDebugging:0]]
[2023.07.11-15.14.47:087][  0]LogConfig: Applying CVar settings from Section [/Script/Engine.RendererOverrideSettings] File [C:/VperData/GitHub/ActionRoguelike/ActionRoguelike/Saved/Config/Windows/Engine.ini]
[2023.07.11-15.14.47:087][  0]LogConfig: Applying CVar settings from Section [/Script/Engine.StreamingSettings] File [C:/VperData/GitHub/ActionRoguelike/ActionRoguelike/Saved/Config/Windows/Engine.ini]
[2023.07.11-15.14.47:087][  0]LogConfig: Setting CVar [[s.MinBulkDataSizeForAsyncLoading:131072]]
[2023.07.11-15.14.47:087][  0]LogConfig: Setting CVar [[s.AsyncLoadingThreadEnabled:0]]
[2023.07.11-15.14.47:087][  0]LogConfig: Setting CVar [[s.EventDrivenLoaderEnabled:1]]
[2023.07.11-15.14.47:087][  0]LogConfig: Setting CVar [[s.WarnIfTimeLimitExceeded:0]]
[2023.07.11-15.14.47:087][  0]LogConfig: Setting CVar [[s.TimeLimitExceededMultiplier:1.5]]
[2023.07.11-15.14.47:088][  0]LogConfig: Setting CVar [[s.TimeLimitExceededMinTime:0.005]]
[2023.07.11-15.14.47:088][  0]LogConfig: Setting CVar [[s.UseBackgroundLevelStreaming:1]]
[2023.07.11-15.14.47:088][  0]LogConfig: Setting CVar [[s.PriorityAsyncLoadingExtraTime:15.0]]
[2023.07.11-15.14.47:088][  0]LogConfig: Setting CVar [[s.LevelStreamingActorsUpdateTimeLimit:5.0]]
[2023.07.11-15.14.47:088][  0]LogConfig: Setting CVar [[s.PriorityLevelStreamingActorsUpdateExtraTime:5.0]]
[2023.07.11-15.14.47:088][  0]LogConfig: Setting CVar [[s.LevelStreamingComponentsRegistrationGranularity:10]]
[2023.07.11-15.14.47:088][  0]LogConfig: Setting CVar [[s.UnregisterComponentsTimeLimit:1.0]]
[2023.07.11-15.14.47:088][  0]LogConfig: Setting CVar [[s.LevelStreamingComponentsUnregistrationGranularity:5]]
[2023.07.11-15.14.47:088][  0]LogConfig: Setting CVar [[s.FlushStreamingOnExit:1]]
[2023.07.11-15.14.47:088][  0]LogConfig: Applying CVar settings from Section [/Script/Engine.GarbageCollectionSettings] File [C:/VperData/GitHub/ActionRoguelike/ActionRoguelike/Saved/Config/Windows/Engine.ini]
[2023.07.11-15.14.47:088][  0]LogConfig: Setting CVar [[gc.MaxObjectsNotConsideredByGC:1]]
[2023.07.11-15.14.47:088][  0]LogConfig: Setting CVar [[gc.SizeOfPermanentObjectPool:0]]
[2023.07.11-15.14.47:088][  0]LogConfig: Setting CVar [[gc.FlushStreamingOnGC:0]]
[2023.07.11-15.14.47:088][  0]LogConfig: Setting CVar [[gc.NumRetriesBeforeForcingGC:10]]
[2023.07.11-15.14.47:088][  0]LogConfig: Setting CVar [[gc.AllowParallelGC:1]]
[2023.07.11-15.14.47:088][  0]LogConfig: Setting CVar [[gc.TimeBetweenPurgingPendingKillObjects:61.1]]
[2023.07.11-15.14.47:088][  0]LogConfig: Setting CVar [[gc.MaxObjectsInEditor:25165824]]
[2023.07.11-15.14.47:088][  0]LogConfig: Setting CVar [[gc.IncrementalBeginDestroyEnabled:1]]
[2023.07.11-15.14.47:088][  0]LogConfig: Setting CVar [[gc.CreateGCClusters:1]]
[2023.07.11-15.14.47:088][  0]LogConfig: Setting CVar [[gc.MinGCClusterSize:5]]
[2023.07.11-15.14.47:089][  0]LogConfig: Setting CVar [[gc.ActorClusteringEnabled:0]]
[2023.07.11-15.14.47:089][  0]LogConfig: Setting CVar [[gc.BlueprintClusteringEnabled:0]]
[2023.07.11-15.14.47:089][  0]LogConfig: Setting CVar [[gc.UseDisregardForGCOnDedicatedServers:0]]
[2023.07.11-15.14.47:089][  0]LogConfig: Setting CVar [[gc.MultithreadedDestructionEnabled:1]]
[2023.07.11-15.14.47:089][  0]LogConfig: Applying CVar settings from Section [/Script/Engine.NetworkSettings] File [C:/VperData/GitHub/ActionRoguelike/ActionRoguelike/Saved/Config/Windows/Engine.ini]
[2023.07.11-15.14.47:089][  0]LogConfig: Applying CVar settings from Section [/Script/UnrealEd.CookerSettings] File [C:/VperData/GitHub/ActionRoguelike/ActionRoguelike/Saved/Config/Windows/Engine.ini]
[2023.07.11-15.14.47:094][  0]LogConfig: Applying CVar settings from Section [ViewDistanceQuality@3] File [C:/VperData/GitHub/ActionRoguelike/ActionRoguelike/Saved/Config/Windows/Scalability.ini]
[2023.07.11-15.14.47:094][  0]LogConfig: Setting CVar [[r.SkeletalMeshLODBias:0]]
[2023.07.11-15.14.47:094][  0]LogConfig: Setting CVar [[r.ViewDistanceScale:1.0]]
[2023.07.11-15.14.47:094][  0]LogConfig: Applying CVar settings from Section [AntiAliasingQuality@3] File [C:/VperData/GitHub/ActionRoguelike/ActionRoguelike/Saved/Config/Windows/Scalability.ini]
[2023.07.11-15.14.47:094][  0]LogConfig: Setting CVar [[r.PostProcessAAQuality:4]]
[2023.07.11-15.14.47:094][  0]LogConfig: Applying CVar settings from Section [ShadowQuality@3] File [C:/VperData/GitHub/ActionRoguelike/ActionRoguelike/Saved/Config/Windows/Scalability.ini]
[2023.07.11-15.14.47:094][  0]LogConfig: Setting CVar [[r.LightFunctionQuality:1]]
[2023.07.11-15.14.47:094][  0]LogConfig: Setting CVar [[r.ShadowQuality:5]]
[2023.07.11-15.14.47:094][  0]LogConfig: Setting CVar [[r.Shadow.CSM.MaxCascades:10]]
[2023.07.11-15.14.47:095][  0]LogConfig: Setting CVar [[r.Shadow.MaxResolution:2048]]
[2023.07.11-15.14.47:095][  0]LogConfig: Setting CVar [[r.Shadow.MaxCSMResolution:2048]]
[2023.07.11-15.14.47:095][  0]LogConfig: Setting CVar [[r.Shadow.RadiusThreshold:0.01]]
[2023.07.11-15.14.47:095][  0]LogConfig: Setting CVar [[r.Shadow.DistanceScale:1.0]]
[2023.07.11-15.14.47:095][  0]LogConfig: Setting CVar [[r.Shadow.CSM.TransitionScale:1.0]]
[2023.07.11-15.14.47:095][  0]LogConfig: Setting CVar [[r.Shadow.PreShadowResolutionFactor:1.0]]
[2023.07.11-15.14.47:095][  0]LogConfig: Setting CVar [[r.DistanceFieldShadowing:1]]
[2023.07.11-15.14.47:095][  0]LogConfig: Setting CVar [[r.DistanceFieldAO:1]]
[2023.07.11-15.14.47:095][  0]LogConfig: Setting CVar [[r.AOQuality:2]]
[2023.07.11-15.14.47:095][  0]LogConfig: Setting CVar [[r.VolumetricFog:1]]
[2023.07.11-15.14.47:095][  0]LogConfig: Setting CVar [[r.VolumetricFog.GridPixelSize:8]]
[2023.07.11-15.14.47:095][  0]LogConfig: Setting CVar [[r.VolumetricFog.GridSizeZ:128]]
[2023.07.11-15.14.47:095][  0]LogConfig: Setting CVar [[r.VolumetricFog.HistoryMissSupersampleCount:4]]
[2023.07.11-15.14.47:095][  0]LogConfig: Setting CVar [[r.LightMaxDrawDistanceScale:1]]
[2023.07.11-15.14.47:095][  0]LogConfig: Setting CVar [[r.CapsuleShadows:1]]
[2023.07.11-15.14.47:095][  0]LogConfig: Applying CVar settings from Section [PostProcessQuality@3] File [C:/VperData/GitHub/ActionRoguelike/ActionRoguelike/Saved/Config/Windows/Scalability.ini]
[2023.07.11-15.14.47:095][  0]LogConfig: Setting CVar [[r.MotionBlurQuality:4]]
[2023.07.11-15.14.47:095][  0]LogConfig: Setting CVar [[r.AmbientOcclusionMipLevelFactor:0.4]]
[2023.07.11-15.14.47:095][  0]LogConfig: Setting CVar [[r.AmbientOcclusionMaxQuality:100]]
[2023.07.11-15.14.47:095][  0]LogConfig: Setting CVar [[r.AmbientOcclusionLevels:-1]]
[2023.07.11-15.14.47:095][  0]LogConfig: Setting CVar [[r.AmbientOcclusionRadiusScale:1.0]]
[2023.07.11-15.14.47:095][  0]LogConfig: Setting CVar [[r.DepthOfFieldQuality:2]]
[2023.07.11-15.14.47:096][  0]LogConfig: Setting CVar [[r.RenderTargetPoolMin:400]]
[2023.07.11-15.14.47:096][  0]LogConfig: Setting CVar [[r.LensFlareQuality:2]]
[2023.07.11-15.14.47:096][  0]LogConfig: Setting CVar [[r.SceneColorFringeQuality:1]]
[2023.07.11-15.14.47:096][  0]LogConfig: Setting CVar [[r.EyeAdaptationQuality:2]]
[2023.07.11-15.14.47:096][  0]LogConfig: Setting CVar [[r.BloomQuality:5]]
[2023.07.11-15.14.47:096][  0]LogConfig: Setting CVar [[r.FastBlurThreshold:100]]
[2023.07.11-15.14.47:096][  0]LogConfig: Setting CVar [[r.Upscale.Quality:3]]
[2023.07.11-15.14.47:096][  0]LogConfig: Setting CVar [[r.Tonemapper.GrainQuantization:1]]
[2023.07.11-15.14.47:096][  0]LogConfig: Setting CVar [[r.LightShaftQuality:1]]
[2023.07.11-15.14.47:096][  0]LogConfig: Setting CVar [[r.Filter.SizeScale:1]]
[2023.07.11-15.14.47:096][  0]LogConfig: Setting CVar [[r.Tonemapper.Quality:5]]
[2023.07.11-15.14.47:096][  0]LogConfig: Setting CVar [[r.DOF.Gather.AccumulatorQuality:1        ; higher gathering accumulator quality]]
[2023.07.11-15.14.47:096][  0]LogConfig: Setting CVar [[r.DOF.Gather.PostfilterMethod:1          ; Median3x3 postfilering method]]
[2023.07.11-15.14.47:096][  0]LogConfig: Setting CVar [[r.DOF.Gather.EnableBokehSettings:0       ; no bokeh simulation when gathering]]
[2023.07.11-15.14.47:096][  0]LogConfig: Setting CVar [[r.DOF.Gather.RingCount:4                 ; medium number of samples when gathering]]
[2023.07.11-15.14.47:096][  0]LogConfig: Setting CVar [[r.DOF.Scatter.ForegroundCompositing:1    ; additive foreground scattering]]
[2023.07.11-15.14.47:096][  0]LogConfig: Setting CVar [[r.DOF.Scatter.BackgroundCompositing:2    ; additive background scattering]]
[2023.07.11-15.14.47:096][  0]LogConfig: Setting CVar [[r.DOF.Scatter.EnableBokehSettings:1      ; bokeh simulation when scattering]]
[2023.07.11-15.14.47:096][  0]LogConfig: Setting CVar [[r.DOF.Scatter.MaxSpriteRatio:0.1         ; only a maximum of 10% of scattered bokeh]]
[2023.07.11-15.14.47:096][  0]LogConfig: Setting CVar [[r.DOF.Recombine.Quality:1                ; cheap slight out of focus]]
[2023.07.11-15.14.47:096][  0]LogConfig: Setting CVar [[r.DOF.Recombine.EnableBokehSettings:0    ; no bokeh simulation on slight out of focus]]
[2023.07.11-15.14.47:096][  0]LogConfig: Setting CVar [[r.DOF.TemporalAAQuality:1                ; more stable temporal accumulation]]
[2023.07.11-15.14.47:096][  0]LogConfig: Setting CVar [[r.DOF.Kernel.MaxForegroundRadius:0.025]]
[2023.07.11-15.14.47:097][  0]LogConfig: Setting CVar [[r.DOF.Kernel.MaxBackgroundRadius:0.025]]
[2023.07.11-15.14.47:097][  0]LogConfig: Applying CVar settings from Section [TextureQuality@3] File [C:/VperData/GitHub/ActionRoguelike/ActionRoguelike/Saved/Config/Windows/Scalability.ini]
[2023.07.11-15.14.47:097][  0]LogConfig: Setting CVar [[r.Streaming.MipBias:0]]
[2023.07.11-15.14.47:097][  0]LogConfig: Setting CVar [[r.Streaming.AmortizeCPUToGPUCopy:0]]
[2023.07.11-15.14.47:097][  0]LogConfig: Setting CVar [[r.Streaming.MaxNumTexturesToStreamPerFrame:0]]
[2023.07.11-15.14.47:097][  0]LogConfig: Setting CVar [[r.Streaming.Boost:1]]
[2023.07.11-15.14.47:097][  0]LogConfig: Setting CVar [[r.MaxAnisotropy:8]]
[2023.07.11-15.14.47:097][  0]LogConfig: Setting CVar [[r.VT.MaxAnisotropy:8]]
[2023.07.11-15.14.47:097][  0]LogConfig: Setting CVar [[r.Streaming.LimitPoolSizeToVRAM:0]]
[2023.07.11-15.14.47:097][  0]LogConfig: Setting CVar [[r.Streaming.PoolSize:1000]]
[2023.07.11-15.14.47:097][  0]LogConfig: Setting CVar [[r.Streaming.MaxEffectiveScreenSize:0]]
[2023.07.11-15.14.47:097][  0]LogConfig: Applying CVar settings from Section [EffectsQuality@3] File [C:/VperData/GitHub/ActionRoguelike/ActionRoguelike/Saved/Config/Windows/Scalability.ini]
[2023.07.11-15.14.47:097][  0]LogConfig: Setting CVar [[r.TranslucencyLightingVolumeDim:64]]
[2023.07.11-15.14.47:097][  0]LogConfig: Setting CVar [[r.RefractionQuality:2]]
[2023.07.11-15.14.47:097][  0]LogConfig: Setting CVar [[r.SSR.Quality:3]]
[2023.07.11-15.14.47:097][  0]LogConfig: Setting CVar [[r.SSR.HalfResSceneColor:0]]
[2023.07.11-15.14.47:097][  0]LogConfig: Setting CVar [[r.SceneColorFormat:4]]
[2023.07.11-15.14.47:097][  0]LogConfig: Setting CVar [[r.DetailMode:2]]
[2023.07.11-15.14.47:097][  0]LogConfig: Setting CVar [[r.TranslucencyVolumeBlur:1]]
[2023.07.11-15.14.47:097][  0]LogConfig: Setting CVar [[r.MaterialQualityLevel:1 ; High quality]]
[2023.07.11-15.14.47:097][  0]LogConfig: Setting CVar [[r.AnisotropicMaterials:1]]
[2023.07.11-15.14.47:097][  0]LogConfig: Setting CVar [[r.SSS.Scale:1]]
[2023.07.11-15.14.47:097][  0]LogConfig: Setting CVar [[r.SSS.SampleSet:2]]
[2023.07.11-15.14.47:097][  0]LogConfig: Setting CVar [[r.SSS.Quality:1]]
[2023.07.11-15.14.47:097][  0]LogConfig: Setting CVar [[r.SSS.HalfRes:0]]
[2023.07.11-15.14.47:098][  0]LogConfig: Setting CVar [[r.SSGI.Quality:3]]
[2023.07.11-15.14.47:098][  0]LogConfig: Setting CVar [[r.EmitterSpawnRateScale:1.0]]
[2023.07.11-15.14.47:098][  0]LogConfig: Setting CVar [[r.ParticleLightQuality:2]]
[2023.07.11-15.14.47:098][  0]LogConfig: Setting CVar [[r.SkyAtmosphere.AerialPerspectiveLUT.FastApplyOnOpaque:1 ; Always have FastSkyLUT 1 in this case to avoid wrong sky]]
[2023.07.11-15.14.47:098][  0]LogConfig: Setting CVar [[r.SkyAtmosphere.AerialPerspectiveLUT.SampleCountMaxPerSlice:4]]
[2023.07.11-15.14.47:098][  0]LogConfig: Setting CVar [[r.SkyAtmosphere.AerialPerspectiveLUT.DepthResolution:16.0]]
[2023.07.11-15.14.47:098][  0]LogConfig: Setting CVar [[r.SkyAtmosphere.FastSkyLUT:1]]
[2023.07.11-15.14.47:098][  0]LogConfig: Setting CVar [[r.SkyAtmosphere.FastSkyLUT.SampleCountMin:4.0]]
[2023.07.11-15.14.47:098][  0]LogConfig: Setting CVar [[r.SkyAtmosphere.FastSkyLUT.SampleCountMax:128.0]]
[2023.07.11-15.14.47:098][  0]LogConfig: Setting CVar [[r.SkyAtmosphere.SampleCountMin:4.0]]
[2023.07.11-15.14.47:098][  0]LogConfig: Setting CVar [[r.SkyAtmosphere.SampleCountMax:128.0]]
[2023.07.11-15.14.47:098][  0]LogConfig: Setting CVar [[r.SkyAtmosphere.TransmittanceLUT.UseSmallFormat:0]]
[2023.07.11-15.14.47:098][  0]LogConfig: Setting CVar [[r.SkyAtmosphere.TransmittanceLUT.SampleCount:10.0]]
[2023.07.11-15.14.47:098][  0]LogConfig: Setting CVar [[r.SkyAtmosphere.MultiScatteringLUT.SampleCount:15.0]]
[2023.07.11-15.14.47:098][  0]LogConfig: Setting CVar [[r.SkyLight.RealTimeReflectionCapture:1]]
[2023.07.11-15.14.47:098][  0]LogConfig: Applying CVar settings from Section [FoliageQuality@3] File [C:/VperData/GitHub/ActionRoguelike/ActionRoguelike/Saved/Config/Windows/Scalability.ini]
[2023.07.11-15.14.47:098][  0]LogConfig: Setting CVar [[foliage.DensityScale:1.0]]
[2023.07.11-15.14.47:098][  0]LogConfig: Setting CVar [[grass.DensityScale:1.0]]
[2023.07.11-15.14.47:098][  0]LogConfig: Applying CVar settings from Section [ShadingQuality@3] File [C:/VperData/GitHub/ActionRoguelike/ActionRoguelike/Saved/Config/Windows/Scalability.ini]
[2023.07.11-15.14.47:098][  0]LogConfig: Setting CVar [[r.HairStrands.SkyLighting.IntegrationType:2]]
[2023.07.11-15.14.47:098][  0]LogConfig: Setting CVar [[r.HairStrands.SkyAO.SampleCount:4]]
[2023.07.11-15.14.47:099][  0]LogConfig: Setting CVar [[r.HairStrands.Visibility.MSAA.SamplePerPixel:4]]
[2023.07.11-15.14.47:099][  0]LogInit: Selected Device Profile: [Windows]
[2023.07.11-15.14.47:099][  0]LogInit: Applying CVar settings loaded from the selected device profile: [Windows]
[2023.07.11-15.14.47:099][  0]LogHAL: Display: Platform has ~ 32 GB [34185904128 / 34359738368 / 32], which maps to Largest [LargestMinGB=32, LargerMinGB=12, DefaultMinGB=8, SmallerMinGB=6, SmallestMinGB=0)
[2023.07.11-15.14.47:099][  0]LogInit: Going up to parent DeviceProfile []
[2023.07.11-15.14.47:099][  0]LogConfig: Applying CVar settings from Section [ViewDistanceQuality@3] File [C:/VperData/GitHub/ActionRoguelike/ActionRoguelike/Saved/Config/Windows/Scalability.ini]
[2023.07.11-15.14.47:099][  0]LogConfig: Setting CVar [[r.SkeletalMeshLODBias:0]]
[2023.07.11-15.14.47:099][  0]LogConfig: Setting CVar [[r.ViewDistanceScale:1.0]]
[2023.07.11-15.14.47:099][  0]LogConfig: Applying CVar settings from Section [AntiAliasingQuality@3] File [C:/VperData/GitHub/ActionRoguelike/ActionRoguelike/Saved/Config/Windows/Scalability.ini]
[2023.07.11-15.14.47:099][  0]LogConfig: Setting CVar [[r.PostProcessAAQuality:4]]
[2023.07.11-15.14.47:099][  0]LogConfig: Applying CVar settings from Section [ShadowQuality@3] File [C:/VperData/GitHub/ActionRoguelike/ActionRoguelike/Saved/Config/Windows/Scalability.ini]
[2023.07.11-15.14.47:099][  0]LogConfig: Setting CVar [[r.LightFunctionQuality:1]]
[2023.07.11-15.14.47:099][  0]LogConfig: Setting CVar [[r.ShadowQuality:5]]
[2023.07.11-15.14.47:099][  0]LogConfig: Setting CVar [[r.Shadow.CSM.MaxCascades:10]]
[2023.07.11-15.14.47:099][  0]LogConfig: Setting CVar [[r.Shadow.MaxResolution:2048]]
[2023.07.11-15.14.47:099][  0]LogConfig: Setting CVar [[r.Shadow.MaxCSMResolution:2048]]
[2023.07.11-15.14.47:099][  0]LogConfig: Setting CVar [[r.Shadow.RadiusThreshold:0.01]]
[2023.07.11-15.14.47:099][  0]LogConfig: Setting CVar [[r.Shadow.DistanceScale:1.0]]
[2023.07.11-15.14.47:099][  0]LogConfig: Setting CVar [[r.Shadow.CSM.TransitionScale:1.0]]
[2023.07.11-15.14.47:099][  0]LogConfig: Setting CVar [[r.Shadow.PreShadowResolutionFactor:1.0]]
[2023.07.11-15.14.47:099][  0]LogConfig: Setting CVar [[r.DistanceFieldShadowing:1]]
[2023.07.11-15.14.47:099][  0]LogConfig: Setting CVar [[r.DistanceFieldAO:1]]
[2023.07.11-15.14.47:100][  0]LogConfig: Setting CVar [[r.AOQuality:2]]
[2023.07.11-15.14.47:100][  0]LogConfig: Setting CVar [[r.VolumetricFog:1]]
[2023.07.11-15.14.47:100][  0]LogConfig: Setting CVar [[r.VolumetricFog.GridPixelSize:8]]
[2023.07.11-15.14.47:100][  0]LogConfig: Setting CVar [[r.VolumetricFog.GridSizeZ:128]]
[2023.07.11-15.14.47:100][  0]LogConfig: Setting CVar [[r.VolumetricFog.HistoryMissSupersampleCount:4]]
[2023.07.11-15.14.47:100][  0]LogConfig: Setting CVar [[r.LightMaxDrawDistanceScale:1]]
[2023.07.11-15.14.47:100][  0]LogConfig: Setting CVar [[r.CapsuleShadows:1]]
[2023.07.11-15.14.47:100][  0]LogConfig: Applying CVar settings from Section [PostProcessQuality@3] File [C:/VperData/GitHub/ActionRoguelike/ActionRoguelike/Saved/Config/Windows/Scalability.ini]
[2023.07.11-15.14.47:100][  0]LogConfig: Setting CVar [[r.MotionBlurQuality:4]]
[2023.07.11-15.14.47:100][  0]LogConfig: Setting CVar [[r.AmbientOcclusionMipLevelFactor:0.4]]
[2023.07.11-15.14.47:100][  0]LogConfig: Setting CVar [[r.AmbientOcclusionMaxQuality:100]]
[2023.07.11-15.14.47:100][  0]LogConfig: Setting CVar [[r.AmbientOcclusionLevels:-1]]
[2023.07.11-15.14.47:100][  0]LogConfig: Setting CVar [[r.AmbientOcclusionRadiusScale:1.0]]
[2023.07.11-15.14.47:100][  0]LogConfig: Setting CVar [[r.DepthOfFieldQuality:2]]
[2023.07.11-15.14.47:100][  0]LogConfig: Setting CVar [[r.RenderTargetPoolMin:400]]
[2023.07.11-15.14.47:100][  0]LogConfig: Setting CVar [[r.LensFlareQuality:2]]
[2023.07.11-15.14.47:100][  0]LogConfig: Setting CVar [[r.SceneColorFringeQuality:1]]
[2023.07.11-15.14.47:100][  0]LogConfig: Setting CVar [[r.EyeAdaptationQuality:2]]
[2023.07.11-15.14.47:100][  0]LogConfig: Setting CVar [[r.BloomQuality:5]]
[2023.07.11-15.14.47:100][  0]LogConfig: Setting CVar [[r.FastBlurThreshold:100]]
[2023.07.11-15.14.47:100][  0]LogConfig: Setting CVar [[r.Upscale.Quality:3]]
[2023.07.11-15.14.47:101][  0]LogConfig: Setting CVar [[r.Tonemapper.GrainQuantization:1]]
[2023.07.11-15.14.47:101][  0]LogConfig: Setting CVar [[r.LightShaftQuality:1]]
[2023.07.11-15.14.47:101][  0]LogConfig: Setting CVar [[r.Filter.SizeScale:1]]
[2023.07.11-15.14.47:101][  0]LogConfig: Setting CVar [[r.Tonemapper.Quality:5]]
[2023.07.11-15.14.47:101][  0]LogConfig: Setting CVar [[r.DOF.Gather.AccumulatorQuality:1        ; higher gathering accumulator quality]]
[2023.07.11-15.14.47:101][  0]LogConfig: Setting CVar [[r.DOF.Gather.PostfilterMethod:1          ; Median3x3 postfilering method]]
[2023.07.11-15.14.47:101][  0]LogConfig: Setting CVar [[r.DOF.Gather.EnableBokehSettings:0       ; no bokeh simulation when gathering]]
[2023.07.11-15.14.47:101][  0]LogConfig: Setting CVar [[r.DOF.Gather.RingCount:4                 ; medium number of samples when gathering]]
[2023.07.11-15.14.47:101][  0]LogConfig: Setting CVar [[r.DOF.Scatter.ForegroundCompositing:1    ; additive foreground scattering]]
[2023.07.11-15.14.47:101][  0]LogConfig: Setting CVar [[r.DOF.Scatter.BackgroundCompositing:2    ; additive background scattering]]
[2023.07.11-15.14.47:101][  0]LogConfig: Setting CVar [[r.DOF.Scatter.EnableBokehSettings:1      ; bokeh simulation when scattering]]
[2023.07.11-15.14.47:101][  0]LogConfig: Setting CVar [[r.DOF.Scatter.MaxSpriteRatio:0.1         ; only a maximum of 10% of scattered bokeh]]
[2023.07.11-15.14.47:101][  0]LogConfig: Setting CVar [[r.DOF.Recombine.Quality:1                ; cheap slight out of focus]]
[2023.07.11-15.14.47:101][  0]LogConfig: Setting CVar [[r.DOF.Recombine.EnableBokehSettings:0    ; no bokeh simulation on slight out of focus]]
[2023.07.11-15.14.47:101][  0]LogConfig: Setting CVar [[r.DOF.TemporalAAQuality:1                ; more stable temporal accumulation]]
[2023.07.11-15.14.47:101][  0]LogConfig: Setting CVar [[r.DOF.Kernel.MaxForegroundRadius:0.025]]
[2023.07.11-15.14.47:101][  0]LogConfig: Setting CVar [[r.DOF.Kernel.MaxBackgroundRadius:0.025]]
[2023.07.11-15.14.47:101][  0]LogConfig: Applying CVar settings from Section [TextureQuality@3] File [C:/VperData/GitHub/ActionRoguelike/ActionRoguelike/Saved/Config/Windows/Scalability.ini]
[2023.07.11-15.14.47:101][  0]LogConfig: Setting CVar [[r.Streaming.MipBias:0]]
[2023.07.11-15.14.47:101][  0]LogConfig: Setting CVar [[r.Streaming.AmortizeCPUToGPUCopy:0]]
[2023.07.11-15.14.47:101][  0]LogConfig: Setting CVar [[r.Streaming.MaxNumTexturesToStreamPerFrame:0]]
[2023.07.11-15.14.47:101][  0]LogConfig: Setting CVar [[r.Streaming.Boost:1]]
[2023.07.11-15.14.47:101][  0]LogConfig: Setting CVar [[r.MaxAnisotropy:8]]
[2023.07.11-15.14.47:101][  0]LogConfig: Setting CVar [[r.VT.MaxAnisotropy:8]]
[2023.07.11-15.14.47:101][  0]LogConfig: Setting CVar [[r.Streaming.LimitPoolSizeToVRAM:0]]
[2023.07.11-15.14.47:101][  0]LogConfig: Setting CVar [[r.Streaming.PoolSize:1000]]
[2023.07.11-15.14.47:101][  0]LogConfig: Setting CVar [[r.Streaming.MaxEffectiveScreenSize:0]]
[2023.07.11-15.14.47:102][  0]LogConfig: Applying CVar settings from Section [EffectsQuality@3] File [C:/VperData/GitHub/ActionRoguelike/ActionRoguelike/Saved/Config/Windows/Scalability.ini]
[2023.07.11-15.14.47:102][  0]LogConfig: Setting CVar [[r.TranslucencyLightingVolumeDim:64]]
[2023.07.11-15.14.47:102][  0]LogConfig: Setting CVar [[r.RefractionQuality:2]]
[2023.07.11-15.14.47:102][  0]LogConfig: Setting CVar [[r.SSR.Quality:3]]
[2023.07.11-15.14.47:102][  0]LogConfig: Setting CVar [[r.SSR.HalfResSceneColor:0]]
[2023.07.11-15.14.47:102][  0]LogConfig: Setting CVar [[r.SceneColorFormat:4]]
[2023.07.11-15.14.47:102][  0]LogConfig: Setting CVar [[r.DetailMode:2]]
[2023.07.11-15.14.47:102][  0]LogConfig: Setting CVar [[r.TranslucencyVolumeBlur:1]]
[2023.07.11-15.14.47:102][  0]LogConfig: Setting CVar [[r.MaterialQualityLevel:1 ; High quality]]
[2023.07.11-15.14.47:102][  0]LogConfig: Setting CVar [[r.AnisotropicMaterials:1]]
[2023.07.11-15.14.47:102][  0]LogConfig: Setting CVar [[r.SSS.Scale:1]]
[2023.07.11-15.14.47:102][  0]LogConfig: Setting CVar [[r.SSS.SampleSet:2]]
[2023.07.11-15.14.47:102][  0]LogConfig: Setting CVar [[r.SSS.Quality:1]]
[2023.07.11-15.14.47:102][  0]LogConfig: Setting CVar [[r.SSS.HalfRes:0]]
[2023.07.11-15.14.47:102][  0]LogConfig: Setting CVar [[r.SSGI.Quality:3]]
[2023.07.11-15.14.47:102][  0]LogConfig: Setting CVar [[r.EmitterSpawnRateScale:1.0]]
[2023.07.11-15.14.47:102][  0]LogConfig: Setting CVar [[r.ParticleLightQuality:2]]
[2023.07.11-15.14.47:102][  0]LogConfig: Setting CVar [[r.SkyAtmosphere.AerialPerspectiveLUT.FastApplyOnOpaque:1 ; Always have FastSkyLUT 1 in this case to avoid wrong sky]]
[2023.07.11-15.14.47:102][  0]LogConfig: Setting CVar [[r.SkyAtmosphere.AerialPerspectiveLUT.SampleCountMaxPerSlice:4]]
[2023.07.11-15.14.47:102][  0]LogConfig: Setting CVar [[r.SkyAtmosphere.AerialPerspectiveLUT.DepthResolution:16.0]]
[2023.07.11-15.14.47:102][  0]LogConfig: Setting CVar [[r.SkyAtmosphere.FastSkyLUT:1]]
[2023.07.11-15.14.47:102][  0]LogConfig: Setting CVar [[r.SkyAtmosphere.FastSkyLUT.SampleCountMin:4.0]]
[2023.07.11-15.14.47:102][  0]LogConfig: Setting CVar [[r.SkyAtmosphere.FastSkyLUT.SampleCountMax:128.0]]
[2023.07.11-15.14.47:103][  0]LogConfig: Setting CVar [[r.SkyAtmosphere.SampleCountMin:4.0]]
[2023.07.11-15.14.47:103][  0]LogConfig: Setting CVar [[r.SkyAtmosphere.SampleCountMax:128.0]]
[2023.07.11-15.14.47:103][  0]LogConfig: Setting CVar [[r.SkyAtmosphere.TransmittanceLUT.UseSmallFormat:0]]
[2023.07.11-15.14.47:103][  0]LogConfig: Setting CVar [[r.SkyAtmosphere.TransmittanceLUT.SampleCount:10.0]]
[2023.07.11-15.14.47:103][  0]LogConfig: Setting CVar [[r.SkyAtmosphere.MultiScatteringLUT.SampleCount:15.0]]
[2023.07.11-15.14.47:103][  0]LogConfig: Setting CVar [[r.SkyLight.RealTimeReflectionCapture:1]]
[2023.07.11-15.14.47:103][  0]LogConfig: Applying CVar settings from Section [FoliageQuality@3] File [C:/VperData/GitHub/ActionRoguelike/ActionRoguelike/Saved/Config/Windows/Scalability.ini]
[2023.07.11-15.14.47:103][  0]LogConfig: Setting CVar [[foliage.DensityScale:1.0]]
[2023.07.11-15.14.47:103][  0]LogConfig: Setting CVar [[grass.DensityScale:1.0]]
[2023.07.11-15.14.47:103][  0]LogConfig: Applying CVar settings from Section [ShadingQuality@3] File [C:/VperData/GitHub/ActionRoguelike/ActionRoguelike/Saved/Config/Windows/Scalability.ini]
[2023.07.11-15.14.47:103][  0]LogConfig: Setting CVar [[r.HairStrands.SkyLighting.IntegrationType:2]]
[2023.07.11-15.14.47:103][  0]LogConfig: Setting CVar [[r.HairStrands.SkyAO.SampleCount:4]]
[2023.07.11-15.14.47:103][  0]LogConfig: Setting CVar [[r.HairStrands.Visibility.MSAA.SamplePerPixel:4]]
[2023.07.11-15.14.47:103][  0]LogConfig: Applying CVar settings from Section [Startup] File [../../../Engine/Config/ConsoleVariables.ini]
[2023.07.11-15.14.47:103][  0]LogConfig: Setting CVar [[net.UseAdaptiveNetUpdateFrequency:0]]
[2023.07.11-15.14.47:103][  0]LogConfig: Setting CVar [[p.chaos.AllowCreatePhysxBodies:1]]
[2023.07.11-15.14.47:103][  0]LogConfig: Setting CVar [[fx.SkipVectorVMBackendOptimizations:1]]
[2023.07.11-15.14.47:103][  0]LogConfig: Applying CVar settings from Section [ConsoleVariables] File [C:/VperData/GitHub/ActionRoguelike/ActionRoguelike/Saved/Config/Windows/Engine.ini]
[2023.07.11-15.14.47:103][  0]LogConfig: Applying CVar settings from Section [ConsoleVariables] File [C:/VperData/GitHub/ActionRoguelike/ActionRoguelike/Saved/Config/Windows/Editor.ini]
[2023.07.11-15.14.47:104][  0]LogInit: Computer: VPER
[2023.07.11-15.14.47:104][  0]LogInit: User: virtu
[2023.07.11-15.14.47:104][  0]LogInit: CPU Page size=4096, Cores=14
[2023.07.11-15.14.47:104][  0]LogInit: High frequency timer resolution =10.000000 MHz
[2023.07.11-15.14.47:104][  0]LogMemory: Memory total: Physical=31.8GB (32GB approx)
[2023.07.11-15.14.47:104][  0]LogMemory: Platform Memory Stats for Windows
[2023.07.11-15.14.47:104][  0]LogMemory: Process Physical Memory: 148.01 MB used, 148.01 MB peak
[2023.07.11-15.14.47:104][  0]LogMemory: Process Virtual Memory: 125.47 MB used, 125.47 MB peak
[2023.07.11-15.14.47:104][  0]LogMemory: Physical Memory: 11405.71 MB used,  21196.50 MB free, 32602.22 MB total
[2023.07.11-15.14.47:104][  0]LogMemory: Virtual Memory: 134198888.00 MB used,  18843.21 MB free, 134217728.00 MB total
[2023.07.11-15.14.47:116][  0]LogWindows: WindowsPlatformFeatures enabled
[2023.07.11-15.14.47:217][  0]LogInit: Physics initialised using underlying interface: PhysX
[2023.07.11-15.14.47:218][  0]LogInit: Overriding language with editor language configuration option (en).
[2023.07.11-15.14.47:218][  0]LogInit: Using OS detected locale (zh-CN).
[2023.07.11-15.14.47:337][  0]LogInit: Setting process to per monitor DPI aware
[2023.07.11-15.14.47:348][  0]LogWindowsTextInputMethodSystem: Display: IME system deactivated.
[2023.07.11-15.14.47:360][  0]LogSlate: New Slate User Created.  User Index 0, Is Virtual User: 0
[2023.07.11-15.14.47:360][  0]LogSlate: Slate User Registered.  User Index 0, Is Virtual User: 0
[2023.07.11-15.14.47:415][  0]LogD3D11RHI: Loaded GFSDK_Aftermath_Lib.x64.dll
[2023.07.11-15.14.47:418][  0]LogHMD: Failed to initialize OpenVR with code 110
[2023.07.11-15.14.47:418][  0]LogD3D11RHI: D3D11 min allowed feature level: 11_0
[2023.07.11-15.14.47:418][  0]LogD3D11RHI: D3D11 max allowed feature level: 11_0
[2023.07.11-15.14.47:418][  0]LogD3D11RHI: D3D11 adapters:
[2023.07.11-15.14.47:479][  0]LogD3D11RHI:    0. 'NVIDIA GeForce RTX 3060 Ti' (Feature Level 11_0)
[2023.07.11-15.14.47:479][  0]LogD3D11RHI:       8038/0/16301 MB DedicatedVideo/DedicatedSystem/SharedSystem, Outputs:1, VendorId:0x10de
[2023.07.11-15.14.47:481][  0]LogD3D11RHI:    1. 'Microsoft Basic Render Driver' (Feature Level 11_0)
[2023.07.11-15.14.47:481][  0]LogD3D11RHI:       0/0/16301 MB DedicatedVideo/DedicatedSystem/SharedSystem, Outputs:0, VendorId:0x1414
[2023.07.11-15.14.47:481][  0]LogD3D11RHI: Chosen D3D11 Adapter:
[2023.07.11-15.14.47:481][  0]LogD3D11RHI:     Description : NVIDIA GeForce RTX 3060 Ti
[2023.07.11-15.14.47:481][  0]LogD3D11RHI:     VendorId    : 10de
[2023.07.11-15.14.47:481][  0]LogD3D11RHI:     DeviceId    : 24c9
[2023.07.11-15.14.47:481][  0]LogD3D11RHI:     SubSysId    : 88b61043
[2023.07.11-15.14.47:481][  0]LogD3D11RHI:     Revision    : 00a1
[2023.07.11-15.14.47:481][  0]LogD3D11RHI:     DedicatedVideoMemory : 8428453888 bytes
[2023.07.11-15.14.47:481][  0]LogD3D11RHI:     DedicatedSystemMemory : 0 bytes
[2023.07.11-15.14.47:481][  0]LogD3D11RHI:     SharedSystemMemory : 17092952064 bytes
[2023.07.11-15.14.47:481][  0]LogD3D11RHI:     AdapterLuid : 0 60120
[2023.07.11-15.14.47:487][  0]LogD3D11RHI: Creating new Direct3DDevice
[2023.07.11-15.14.47:487][  0]LogD3D11RHI:     GPU DeviceId: 0x24c9 (for the marketing name, search the web for "GPU Device Id")
[2023.07.11-15.14.47:487][  0]LogWindows: EnumDisplayDevices:
[2023.07.11-15.14.47:487][  0]LogWindows:    0. 'NVIDIA GeForce RTX 3060 Ti' (P:1 D:1)
[2023.07.11-15.14.47:488][  0]LogWindows:    1. 'NVIDIA GeForce RTX 3060 Ti' (P:0 D:0)
[2023.07.11-15.14.47:488][  0]LogWindows:    2. 'NVIDIA GeForce RTX 3060 Ti' (P:0 D:0)
[2023.07.11-15.14.47:488][  0]LogWindows:    3. 'NVIDIA GeForce RTX 3060 Ti' (P:0 D:0)
[2023.07.11-15.14.47:488][  0]LogWindows: DebugString: FoundDriverCount:4 
[2023.07.11-15.14.47:488][  0]LogD3D11RHI:     Adapter Name: NVIDIA GeForce RTX 3060 Ti
[2023.07.11-15.14.47:488][  0]LogD3D11RHI:   Driver Version: 528.24 (internal:31.0.15.2824, unified:528.24)
[2023.07.11-15.14.47:488][  0]LogD3D11RHI:      Driver Date: 1-15-2023
[2023.07.11-15.14.47:488][  0]LogRHI: Texture pool is 5626 MB (70% of 8038 MB)
[2023.07.11-15.14.47:488][  0]LogD3D11RHI: Creating D3DDevice using adapter:
[2023.07.11-15.14.47:488][  0]LogD3D11RHI:     Description : NVIDIA GeForce RTX 3060 Ti
[2023.07.11-15.14.47:488][  0]LogD3D11RHI:     VendorId    : 10de
[2023.07.11-15.14.47:488][  0]LogD3D11RHI:     DeviceId    : 24c9
[2023.07.11-15.14.47:488][  0]LogD3D11RHI:     SubSysId    : 88b61043
[2023.07.11-15.14.47:488][  0]LogD3D11RHI:     Revision    : 00a1
[2023.07.11-15.14.47:488][  0]LogD3D11RHI:     DedicatedVideoMemory : 8428453888 bytes
[2023.07.11-15.14.47:488][  0]LogD3D11RHI:     DedicatedSystemMemory : 0 bytes
[2023.07.11-15.14.47:488][  0]LogD3D11RHI:     SharedSystemMemory : 17092952064 bytes
[2023.07.11-15.14.47:488][  0]LogD3D11RHI:     AdapterLuid : 0 60120
[2023.07.11-15.14.47:524][  0]LogD3D11RHI: RHI has support for 64 bit atomics
[2023.07.11-15.14.47:524][  0]LogD3D11RHI: Async texture creation enabled
[2023.07.11-15.14.47:524][  0]LogD3D11RHI: Array index from any shader is supported
[2023.07.11-15.14.47:540][  0]LogD3D11RHI: GPU Timing Frequency: 1000.000000 (Debug: 2 2)
[2023.07.11-15.14.47:557][  0]LogRHI: GeForceNow SDK initialized: 1
[2023.07.11-15.14.47:779][  0]LogTargetPlatformManager: Display: Loaded TargetPlatform 'AllDesktop'
[2023.07.11-15.14.47:792][  0]LogTargetPlatformManager: Display: Loaded TargetPlatform 'Android'
[2023.07.11-15.14.47:792][  0]LogTargetPlatformManager: Display: Loaded TargetPlatform 'Android_ASTC'
[2023.07.11-15.14.47:792][  0]LogTargetPlatformManager: Display: Loaded TargetPlatform 'Android_DXT'
[2023.07.11-15.14.47:792][  0]LogTargetPlatformManager: Display: Loaded TargetPlatform 'Android_ETC2'
[2023.07.11-15.14.47:792][  0]LogTargetPlatformManager: Display: Loaded TargetPlatform 'AndroidClient'
[2023.07.11-15.14.47:793][  0]LogTargetPlatformManager: Display: Loaded TargetPlatform 'Android_ASTCClient'
[2023.07.11-15.14.47:793][  0]LogTargetPlatformManager: Display: Loaded TargetPlatform 'Android_DXTClient'
[2023.07.11-15.14.47:793][  0]LogTargetPlatformManager: Display: Loaded TargetPlatform 'Android_ETC2Client'
[2023.07.11-15.14.47:793][  0]LogTargetPlatformManager: Display: Loaded TargetPlatform 'Android_Multi'
[2023.07.11-15.14.47:793][  0]LogTargetPlatformManager: Display: Loaded TargetPlatform 'Android_MultiClient'
[2023.07.11-15.14.47:814][  0]LogTargetPlatformManager: Display: Loaded TargetPlatform 'IOSClient'
[2023.07.11-15.14.47:814][  0]LogTargetPlatformManager: Display: Loaded TargetPlatform 'IOS'
[2023.07.11-15.14.47:823][  0]LogTargetPlatformManager: Display: Loaded TargetPlatform 'Linux'
[2023.07.11-15.14.47:829][  0]LogTargetPlatformManager: Display: Loaded TargetPlatform 'LinuxNoEditor'
[2023.07.11-15.14.47:834][  0]LogTargetPlatformManager: Display: Loaded TargetPlatform 'LinuxClient'
[2023.07.11-15.14.47:838][  0]LogTargetPlatformManager: Display: Loaded TargetPlatform 'LinuxServer'
[2023.07.11-15.14.47:845][  0]LogTargetPlatformManager: Display: Loaded TargetPlatform 'LinuxAArch64NoEditor'
[2023.07.11-15.14.47:853][  0]LogTargetPlatformManager: Display: Loaded TargetPlatform 'LinuxAArch64Client'
[2023.07.11-15.14.47:858][  0]LogTargetPlatformManager: Display: Loaded TargetPlatform 'LinuxAArch64Server'
[2023.07.11-15.14.47:875][  0]LogTargetPlatformManager: Display: Loaded TargetPlatform 'Lumin'
[2023.07.11-15.14.47:875][  0]LogTargetPlatformManager: Display: Loaded TargetPlatform 'LuminClient'
[2023.07.11-15.14.47:884][  0]LogTargetPlatformManager: Display: Loaded TargetPlatform 'MacNoEditor'
[2023.07.11-15.14.47:890][  0]LogTargetPlatformManager: Display: Loaded TargetPlatform 'Mac'
[2023.07.11-15.14.47:896][  0]LogTargetPlatformManager: Display: Loaded TargetPlatform 'MacClient'
[2023.07.11-15.14.47:903][  0]LogTargetPlatformManager: Display: Loaded TargetPlatform 'MacServer'
[2023.07.11-15.14.47:911][  0]LogTargetPlatformManager: Display: Loaded TargetPlatform 'TVOSClient'
[2023.07.11-15.14.47:911][  0]LogTargetPlatformManager: Display: Loaded TargetPlatform 'TVOS'
[2023.07.11-15.14.47:919][  0]LogTargetPlatformManager: Display: Loaded TargetPlatform 'WindowsNoEditor'
[2023.07.11-15.14.47:925][  0]LogTargetPlatformManager: Display: Loaded TargetPlatform 'Windows'
[2023.07.11-15.14.47:932][  0]LogTargetPlatformManager: Display: Loaded TargetPlatform 'WindowsClient'
[2023.07.11-15.14.47:939][  0]LogTargetPlatformManager: Display: Loaded TargetPlatform 'WindowsServer'
[2023.07.11-15.14.47:939][  0]LogTargetPlatformManager: Display: Building Assets For Windows
[2023.07.11-15.14.47:950][  0]LogAudioDebug: Display: Lib vorbis DLL was dynamically loaded.
[2023.07.11-15.14.47:997][  0]LogTextureFormatOodle: Display: Oodle Texture 2.9.0 init RDO Off
[2023.07.11-15.14.48:053][  0]LogRendererCore: Ray tracing is disabled. Reason: r.RayTracing=0.
[2023.07.11-15.14.48:053][  0]LogShaderCompilers: Guid format shader working directory is -23 characters bigger than the processId version (../../../../../../../VperData/GitHub/ActionRoguelike/ActionRoguelike/Intermediate/Shaders/WorkingDirectory/12880/).
[2023.07.11-15.14.48:053][  0]LogShaderCompilers: Cleaned the shader compiler working directory 'C:/Users/virtu/AppData/Local/Temp/UnrealShaderWorkingDir/9A5B770A4E0071A534D8A68C250BFDA5/'.
[2023.07.11-15.14.48:053][  0]LogXGEController: Cannot use XGE Controller as Incredibuild is not installed on this machine.
[2023.07.11-15.14.48:053][  0]LogShaderCompilers: Cannot use XGE Shader Compiler as Incredibuild is not installed on this machine.
[2023.07.11-15.14.48:053][  0]LogShaderCompilers: Display: Using Local Shader Compiler.
[2023.07.11-15.14.48:499][  0]LogDerivedDataCache: Display: Max Cache Size: 512 MB
[2023.07.11-15.14.48:537][  0]LogDerivedDataCache: Loaded boot cache 0.04s 94MB C:/Users/virtu/AppData/Local/UnrealEngine/4.27/DerivedDataCache/Boot.ddc.
[2023.07.11-15.14.48:537][  0]LogDerivedDataCache: Display: Loaded Boot cache: C:/Users/virtu/AppData/Local/UnrealEngine/4.27/DerivedDataCache/Boot.ddc
[2023.07.11-15.14.48:537][  0]LogDerivedDataCache: FDerivedDataBackendGraph:  Pak pak cache file ../../../../../../../VperData/GitHub/ActionRoguelike/ActionRoguelike/DerivedDataCache/DDC.ddp not found, will not use a pak cache.
[2023.07.11-15.14.48:537][  0]LogDerivedDataCache: Unable to find inner node Pak for hierarchical cache Hierarchy.
[2023.07.11-15.14.48:537][  0]LogDerivedDataCache: FDerivedDataBackendGraph:  CompressedPak pak cache file ../../../../../../../VperData/GitHub/ActionRoguelike/ActionRoguelike/DerivedDataCache/Compressed.ddp not found, will not use a pak cache.
[2023.07.11-15.14.48:537][  0]LogDerivedDataCache: Unable to find inner node CompressedPak for hierarchical cache Hierarchy.
[2023.07.11-15.14.48:548][  0]LogDerivedDataCache: Display: Pak cache opened for reading ../../../Engine/DerivedDataCache/Compressed.ddp.
[2023.07.11-15.14.48:548][  0]LogDerivedDataCache: FDerivedDataBackendGraph:  EnterprisePak pak cache file ../../../Enterprise/DerivedDataCache/Compressed.ddp not found, will not use a pak cache.
[2023.07.11-15.14.48:548][  0]LogDerivedDataCache: Unable to find inner node EnterprisePak for hierarchical cache Hierarchy.
[2023.07.11-15.14.48:560][  0]LogDerivedDataCache: Speed tests for C:/Users/virtu/AppData/Local/UnrealEngine/Common/DerivedDataCache took 0.01 seconds
[2023.07.11-15.14.48:560][  0]LogDerivedDataCache: Display: Performance to C:/Users/virtu/AppData/Local/UnrealEngine/Common/DerivedDataCache: Latency=0.01ms. RandomReadSpeed=2080.30MBs, RandomWriteSpeed=76.49MBs. Assigned SpeedClass 'Local'
[2023.07.11-15.14.48:562][  0]LogDerivedDataCache: Using Local data cache path C:/Users/virtu/AppData/Local/UnrealEngine/Common/DerivedDataCache: Writable
[2023.07.11-15.14.48:562][  0]LogDerivedDataCache: Shared data cache path not found in *engine.ini, will not use an Shared cache.
[2023.07.11-15.14.48:562][  0]LogDerivedDataCache: Unable to find inner node Shared for hierarchical cache Hierarchy.
[2023.07.11-15.14.48:586][  0]LogSlate: Using FreeType 2.10.0
[2023.07.11-15.14.48:587][  0]LogSlate: SlateFontServices - WITH_FREETYPE: 1, WITH_HARFBUZZ: 1
[2023.07.11-15.14.48:607][  0]LogAssetRegistry: FAssetRegistry took 0.0025 seconds to start up
[2023.07.11-15.14.48:723][  0]LogInit: Selected Device Profile: [Windows]
[2023.07.11-15.14.48:723][  0]LogInit: Active device profile: [000002C0E29C6D00][000002C0D6B8D600 49] Windows
[2023.07.11-15.14.48:723][  0]LogInit: Profiles: [000002C0E29C6D00][000002C0D6B8D600 49] Windows, [000002C0E295D700][000002C0E0B15780 49] WindowsNoEditor, [000002C0E29C6200][000002C0E0B19900 49] WindowsServer, [000002C0E295E100][000002C0E0B1DA80 49] WindowsClient, [000002C0E29C4400][000002C0E0B21C00 49] IOS, [000002C0E295F400][000002C0E0B24200 49] iPadAir, [000002C0E29C4600][000002C0E0B28380 49] iPadAir2, [000002C0E2905100][000002C0E0B30640 49] IPadPro, [000002C0E2905200][000002C0E0B2C680 49] iPadAir3, [000002C0E295EC00][000002C0E0B34800 49] iPadAir4, [000002C0E2905F00][000002C0D6B90940 49] iPadMini2, [000002C0E295C700][000002C0E0B38A80 49] iPadMini3, [000002C0E2906A00][000002C0E0B3CBC0 49] iPadMini4, [000002C0E295CF00][000002C0E0B40D00 49] iPadMini5, [000002C0E2930900][000002C0E0B4CFC0 49] iPhone6, [000002C0E2930A00][000002C0E0B49000 49] iPodTouch6, [000002C0E29C5600][000002C0E0B552C0 49] iPhone7, [000002C0E29C5300][000002C0E0B51300 49] iPodTouch7, [000002C0E2930200][000002C0E0B59480 49] iPhone5S, [000002C0E2905D00][000002C0E0B5D600 49] iPhone6Plus, [000002C0E2933A00][000002C0E2D2F780 49] iPhone6S, [000002C0E2904E00][000002C0E2D33900 49] iPhone6SPlus, [000002C0E2933300][000002C0E2D37A80 49] iPhone7Plus, [000002C0E2906B00][000002C0E2D3BC00 49] iPhoneSE, [000002C0E2931E00][000002C0E2D3E200 49] iPhone8, [000002C0E2905A00][000002C0E2D42380 49] iPhone8Plus, [000002C0E2931A00][000002C0E2D46500 49] iPhoneX, [000002C0E2906700][000002C0E2D4A680 49] iPhoneXS, [000002C0E29C4A00][000002C0E2D4E800 49] iPhoneXSMax, [000002C0E2907500][000002C0E2D52980 49] iPhoneXR, [000002C0E29C7900][000002C0E2D56B00 49] iPhone11, [000002C0E2905400][000002C0E0B44C40 49] iPhone11Pro, [000002C0E29C4C00][000002C0E2D5AD80 49] iPhone11ProMax, [000002C0E2904800][000002C0E2D5EEC0 49] iPhoneSE2, [000002C0E29C5D00][000002C0E2D67040 49] iPhone12Mini, [000002C0E2907A00][000002C0E2D6B1C0 49] iPhone12, [000002C0E29C5F00][000002C0E2D6F340 49] iPhone12Pro, [000002C0E2907B00][000002C0E2D734C0 49] iPhone12ProMax, [000002C0E29C5500][000002C0E2D77640 49] iPadPro105, [000002C0E2906900][000002C0E2D7B7C0 49] iPadPro129, [000002C0E29C7200][000002C0E2D7F940 49] iPadPro97, [000002C0E2905500][000002C0E2D83AC0 49] iPadPro2_129, [000002C0E29C5E00][000002C0E2D860C0 49] iPad5, [000002C0E2905300][000002C0E2D8A240 49] iPad6, [000002C0E29C6500][000002C0E2D8E3C0 49] iPad7, [000002C0E2906F00][000002C0E2D92540 49] iPad8, [000002C0E29C5800][000002C0E2D966C0 49] iPadPro11, [000002C0E2905B00][000002C0E2D9A840 49] iPadPro2_11, [000002C0E29C4E00][000002C0E2D9E9C0 49] iPadPro3_129, [000002C0E2907700][000002C0E2DA2B40 49] iPadPro4_129, [000002C0E29C7700][000002C0E2DA6CC0 49] AppleTV, [000002C0E2907400][000002C0E2D62E00 49] AppleTV4K, [000002C0E29C6800][000002C0E2DAAF40 49] TVOS, [000002C0E2905C00][000002C0E2DAF080 49] Mac, [000002C0E29C5A00][000002C0E2DB31C0 49] MacClient, [000002C0E2907E00][000002C0E2DBB340 49] MacNoEditor, [000002C0E29C7C00][000002C0E2DBF4C0 49] MacServer, [000002C0E2906600][000002C0E2DC3640 49] Linux, [000002C0E29C4B00][000002C0E2DC77C0 49] LinuxAArch64, [000002C0E2907800][000002C0E2DCB940 49] LinuxNoEditor, [000002C0E29C7400][000002C0E2DCFAC0 49] LinuxAArch64NoEditor, [000002C0E2906300][000002C0E2DD20C0 49] LinuxClient, [000002C0E29C7100][000002C0E2DD6240 49] LinuxAArch64Client, [000002C0E2905600][000002C0E2DDA3C0 49] LinuxServer, [000002C0E29C6400][000002C0E2DDE540 49] LinuxAArch64Server, [000002C0E2906E00][000002C0E2DE26C0 49] Android, [000002C0E29C5400][000002C0E2DE6840 49] Android_Low, [000002C0E2905900][000002C0E2DEA9C0 49] Android_Mid, [000002C0E29C5000][000002C0E2DEEB40 49] Android_High, [000002C0E2904A00][000002C0E2DF2CC0 49] Android_Default, [000002C0E29C5200][000002C0E2DF6E40 49] Android_Adreno4xx, [000002C0E2907100][000002C0E2DB6F80 49] Android_Adreno5xx_Low, [000002C0E295DB00][000002C0E2DFB0C0 49] Android_Adreno5xx, [000002C0E2933600][000002C0E2DFF200 49] Android_Adreno6xx, [000002C0E295D900][000002C0E2E03340 49] Android_Adreno6xx_Vulkan, [000002C0E2933E00][000002C0E2E0B4C0 49] Android_Mali_T6xx, [000002C0E295DA00][000002C0E2E0F640 49] Android_Mali_T7xx, [000002C0E2931900][000002C0E2E137C0 49] Android_Mali_T8xx, [000002C0E295F300][000002C0E2E17940 49] Android_Mali_G71, [000002C0E2931D00][000002C0E2E1BAC0 49] Android_Mali_G72, [000002C0E295F200][000002C0E2E1E0C0 49] Android_Mali_G72_Vulkan, [000002C0E2930700][000002C0E2E22240 49] Android_Mali_G76, [000002C0E295D300][000002C0E2E263C0 49] Android_Mali_G76_Vulkan, [000002C0E2931400][000002C0E2E2A540 49] Android_Mali_G77, [000002C0E295F700][000002C0E2E2E6C0 49] Android_Mali_G77_Vulkan, [000002C0E2932A00][000002C0E2E32840 49] Android_Mali_G78, [000002C0E295FE00][000002C0E2E369C0 49] Android_Mali_G78_Vulkan, [000002C0E2931000][000002C0E2E3AB40 49] Android_Mali_G710, [000002C0E295FD00][000002C0E2E3ECC0 49] Android_Mali_G710_Vulkan, [000002C0E2933500][000002C0E2E42E40 49] Android_Vulkan_SM5, [000002C0E295C900][000002C0E2E46FC0 49] Android_PowerVR_G6xxx, [000002C0E2930400][000002C0E2E4B140 49] Android_PowerVR_GT7xxx, [000002C0E295CD00][000002C0E2E07280 49] Android_PowerVR_GE8xxx, [000002C0E2931C00][000002C0E2E4F3C0 49] Android_PowerVR_GM9xxx, [000002C0E295FC00][000002C0E2E53500 49] Android_PowerVR_GM9xxx_Vulkan, [000002C0E2932600][000002C0E2E5B680 49] Android_TegraK1, [000002C0E295F800][000002C0E2E5F800 49] Android_Unknown_Vulkan, [000002C0E2933B00][000002C0E2E63980 49] Lumin, [000002C0E295F000][000002C0E2E67B00 49] Lumin_Desktop, [000002C0E2906000][000002C0E2E6A100 49] HoloLens, 
[2023.07.11-15.14.48:824][  0]LogMeshReduction: Using QuadricMeshReduction for automatic static mesh reduction
[2023.07.11-15.14.48:824][  0]LogMeshReduction: Using SimplygonMeshReduction for automatic skeletal mesh reduction
[2023.07.11-15.14.48:824][  0]LogMeshReduction: Using ProxyLODMeshReduction for automatic mesh merging
[2023.07.11-15.14.48:824][  0]LogMeshReduction: No distributed automatic mesh merging module available
[2023.07.11-15.14.48:824][  0]LogMeshMerging: No distributed automatic mesh merging module available
[2023.07.11-15.14.48:835][  0]LogNetVersion: ActionRoguelike 1.0.0, NetCL: 17155196, EngineNetVer: 17, GameNetVer: 0 (Checksum: 1099936942)
[2023.07.11-15.14.49:036][  0]LogTexture: Default maximum texture size for cubemaps generated from long-lat sources has been changed from 512 to unlimited. In order to preserve old behaiour for '/Engine/MapTemplates/Sky/DaylightAmbientCubemap.DaylightAmbientCubemap', its maximum texture size has been explicitly set to 512.
[2023.07.11-15.14.49:068][  0]LogHMD: PokeAHoleMaterial loaded successfully
[2023.07.11-15.14.49:072][  0]LogUObjectArray: 17178 objects as part of root set at end of initial load.
[2023.07.11-15.14.49:072][  0]LogUObjectAllocator: 4302048 out of 0 bytes used by permanent object pool.
[2023.07.11-15.14.49:072][  0]LogUObjectArray: CloseDisregardForGC: 0/0 objects in disregard for GC pool
[2023.07.11-15.14.49:468][  0]LogNiagaraDebuggerClient: Niagara Debugger Client Initialized | Session: A88726DF41595A04F4CE0CA4E4DC860C | Instance: 553D19B74BB7D4D13530C6AACE384C61 (VPER-12880).
[2023.07.11-15.14.49:596][  0]LogPython: Using Python 3.7.7
[2023.07.11-15.14.49:880][  0]LogTcpMessaging: Initializing TcpMessaging bridge
[2023.07.11-15.14.49:886][  0]LogUdpMessaging: Initializing bridge on interface 0.0.0.0:0 to multicast group 230.0.0.1:6666.
[2023.07.11-15.14.50:130][  0]SourceControl: Source control is disabled
[2023.07.11-15.14.50:130][  0]SourceControl: Source control is disabled
[2023.07.11-15.14.50:139][  0]SourceControl: Source control is disabled
[2023.07.11-15.14.50:144][  0]SourceControl: Source control is disabled
[2023.07.11-15.14.50:153][  0]SourceControl: Source control is disabled
[2023.07.11-15.14.50:165][  0]LogUProjectInfo: Found projects:
[2023.07.11-15.14.50:465][  0]LogOpenImageDenoise: OIDN starting up
[2023.07.11-15.14.50:521][  0]LogAndroidPermission: UAndroidPermissionCallbackProxy::GetInstance
[2023.07.11-15.14.50:561][  0]LogAudioCaptureCore: Display: No Audio Capture implementations found. Audio input will be silent.
[2023.07.11-15.14.50:561][  0]LogAudioCaptureCore: Display: No Audio Capture implementations found. Audio input will be silent.
[2023.07.11-15.14.50:682][  0]LogCollectionManager: Loaded 0 collections in 0.001489 seconds
[2023.07.11-15.14.50:712][  0]LogFileCache: Scanning file cache for directory 'C:/VperData/GitHub/ActionRoguelike/ActionRoguelike/Saved/Collections/' took 0.00s
[2023.07.11-15.14.50:712][  0]LogFileCache: Scanning file cache for directory 'C:/VperData/GitHub/ActionRoguelike/ActionRoguelike/Content/Developers/virtu/Collections/' took 0.00s
[2023.07.11-15.14.50:712][  0]LogFileCache: Scanning file cache for directory 'C:/VperData/GitHub/ActionRoguelike/ActionRoguelike/Content/Collections/' took 0.00s
[2023.07.11-15.14.50:712][  0]LogOcInput: OculusInput pre-init called
[2023.07.11-15.14.50:882][  0]LogEngine: Initializing Engine...
[2023.07.11-15.14.50:884][  0]LogHMD: Failed to enumerate extensions. Please check that you have a valid OpenXR runtime installed.
[2023.07.11-15.14.50:884][  0]LogHMD: Failed to initialize OpenVR with code 110
[2023.07.11-15.14.50:884][  0]LogMagicLeap: Warning: VR disabled because ZI is not enabled.  To enable, in the editor, Edit -> Project Settings -> Plugins -> Magic Leap Plugin -> Enable Zero Iteration
[2023.07.11-15.14.50:885][  0]LogStats: UGameplayTagsManager::InitializeManager -  0.000 s
[2023.07.11-15.14.50:949][  0]LogInit: Initializing FReadOnlyCVARCache
[2023.07.11-15.14.50:957][  0]LogAIModule: Creating AISystem for world Untitled
[2023.07.11-15.14.50:964][  0]LogAudio: Display: Initializing Audio Device Manager...
[2023.07.11-15.14.50:970][  0]LogAudio: Display: Loading Default Audio Settings Objects...
[2023.07.11-15.14.50:970][  0]LogAudio: Display: No default SoundConcurrencyObject specified (or failed to load).
[2023.07.11-15.14.50:970][  0]LogAudio: Display: Audio Device Manager Initialized
[2023.07.11-15.14.50:970][  0]LogAudio: Display: Creating Audio Device:                 Id: 1, Scope: Shared, Realtime: True
[2023.07.11-15.14.50:970][  0]LogAudioMixer: Display: Audio Mixer Platform Settings:
[2023.07.11-15.14.50:970][  0]LogAudioMixer: Display: 	Sample Rate:						  48000
[2023.07.11-15.14.50:970][  0]LogAudioMixer: Display: 	Callback Buffer Frame Size Requested: 1024
[2023.07.11-15.14.50:970][  0]LogAudioMixer: Display: 	Callback Buffer Frame Size To Use:	  1024
[2023.07.11-15.14.50:970][  0]LogAudioMixer: Display: 	Number of buffers to queue:			  2
[2023.07.11-15.14.50:970][  0]LogAudioMixer: Display: 	Max Channels (voices):				  32
[2023.07.11-15.14.50:970][  0]LogAudioMixer: Display: 	Number of Async Source Workers:		  0
[2023.07.11-15.14.50:971][  0]LogAudio: Display: AudioDevice MaxSources: 32
[2023.07.11-15.14.50:971][  0]LogAudio: Display: Audio Spatialization Plugin: None (built-in).
[2023.07.11-15.14.50:971][  0]LogAudio: Display: Audio Reverb Plugin: None (built-in).
[2023.07.11-15.14.50:971][  0]LogAudio: Display: Audio Occlusion Plugin: None (built-in).
[2023.07.11-15.14.50:971][  0]LogAudioMixer: Display: Initializing audio mixer.
[2023.07.11-15.14.50:978][  0]LogAudioMixer: Display: 0: FrontLeft
[2023.07.11-15.14.50:978][  0]LogAudioMixer: Display: 1: FrontRight
[2023.07.11-15.14.50:999][  0]LogAudioMixer: Display: Using Audio Device 扬声器 (Realtek(R) Audio)
[2023.07.11-15.14.51:001][  0]LogAudioMixer: Display: Initializing Sound Submixes...
[2023.07.11-15.14.51:002][  0]LogAudioMixer: Display: Creating Master Submix 'MasterSubmixDefault'
[2023.07.11-15.14.51:002][  0]LogAudioMixer: Display: Creating Master Submix 'MasterReverbSubmixDefault'
[2023.07.11-15.14.51:003][  0]LogAudioMixer: Display: Creating Master Submix 'MasterEQSubmixDefault'
[2023.07.11-15.14.51:003][  0]LogAudioMixer: FMixerPlatformXAudio2::StartAudioStream() called
[2023.07.11-15.14.51:003][  0]LogAudioMixer: Display: Output buffers initialized: Frames=1024, Channels=2, Samples=2048
[2023.07.11-15.14.51:005][  0]LogAudioMixer: Display: Starting AudioMixerPlatformInterface::RunInternal()
[2023.07.11-15.14.51:005][  0]LogAudioMixer: Display: FMixerPlatformXAudio2::SubmitBuffer() called for the first time
[2023.07.11-15.14.51:005][  0]LogInit: FAudioDevice initialized.
[2023.07.11-15.14.51:005][  0]LogAudio: Display: Audio Device (ID: 1) registered with world 'Untitled'.
[2023.07.11-15.14.51:005][  0]LogNetVersion: Set ProjectVersion to 1.0.0.0. Version Checksum will be recalculated on next use.
[2023.07.11-15.14.51:040][  0]LogDerivedDataCache: Saved boot cache 0.03s 94MB C:/Users/virtu/AppData/Local/UnrealEngine/4.27/DerivedDataCache/Boot.ddc.
[2023.07.11-15.14.51:041][  0]LogInit: Texture streaming: Enabled
[2023.07.11-15.14.51:056][  0]LogAnalytics: Display: [UEEditor.Rocket.Release] APIServer = https://datarouter.ol.epicgames.com/. AppVersion = 4.27.2-18319896+++UE4+Release-4.27
[2023.07.11-15.14.51:061][  0]LogEngineSessionManager: EngineSessionManager initialized
[2023.07.11-15.14.51:061][  0]LogEngineSessionManager: EngineSessionManager sent abnormal shutdown report. Type=Debugger, SessionId={3DC4CEE7-4179-CBC0-8088-1582A24176C3}
[2023.07.11-15.14.51:061][  0]LogEditorSessionSummary: Verbose: Initializing EditorSessionSummaryWriter for editor session tracking
[2023.07.11-15.14.51:062][  0]LogEditorSessionSummary: EditorSessionSummaryWriter initialized
[2023.07.11-15.14.51:083][  0]LogInit: Transaction tracking system initialized
[2023.07.11-15.14.51:119][  0]BlueprintLog: New page: Editor Load
[2023.07.11-15.14.51:204][  0]LocalizationService: Localization service is disabled
[2023.07.11-15.14.51:238][  0]TimingProfiler: Initialize
[2023.07.11-15.14.51:239][  0]TimingProfiler: OnSessionChanged
[2023.07.11-15.14.51:239][  0]LoadingProfiler: Initialize
[2023.07.11-15.14.51:239][  0]LoadingProfiler: OnSessionChanged
[2023.07.11-15.14.51:239][  0]NetworkingProfiler: Initialize
[2023.07.11-15.14.51:239][  0]NetworkingProfiler: OnSessionChanged
[2023.07.11-15.14.51:239][  0]MemoryProfiler: Initialize
[2023.07.11-15.14.51:239][  0]MemoryProfiler: OnSessionChanged
[2023.07.11-15.14.51:496][  0]LogCook: Display: CookSettings for Memory: MemoryMaxUsedVirtual 0MiB, MemoryMaxUsedPhysical 16384MiB, MemoryMinFreeVirtual 0MiB, MemoryMinFreePhysical 1024MiB
[2023.07.11-15.14.51:496][  0]LogCook: Display: Mobile HDR setting 1
[2023.07.11-15.14.51:737][  0]LogFileCache: Scanning file cache for directory 'C:/VperData/GitHub/ActionRoguelike/ActionRoguelike/Content/' took 0.01s
[2023.07.11-15.14.51:853][  0]LogInit: Display: Engine is initialized. Leaving FEngineLoop::Init()
[2023.07.11-15.14.51:855][  0]SourceControl: Source control is disabled
[2023.07.11-15.14.51:855][  0]LogUnrealEdMisc: Loading editor; pre map load, took 5.646
[2023.07.11-15.14.51:855][  0]Cmd: MAP LOAD FILE="../../../../../../../VperData/GitHub/ActionRoguelike/ActionRoguelike/Content/ActionRoguelike/Maps/TestLevel.umap" TEMPLATE=0 SHOWPROGRESS=1 FEATURELEVEL=3
[2023.07.11-15.14.51:856][  0]LightingResults: New page: Lighting Build
[2023.07.11-15.14.51:856][  0]LogWorld: UWorld::CleanupWorld for Untitled, bSessionEnded=true, bCleanupResources=true
[2023.07.11-15.14.51:856][  0]LogSlate: InvalidateAllWidgets triggered.  All widgets were invalidated
[2023.07.11-15.14.51:857][  0]MapCheck: New page: Map Check
[2023.07.11-15.14.51:857][  0]LightingResults: New page: Lighting Build
[2023.07.11-15.14.51:859][  0]LogAudio: Display: Audio Device unregistered from world 'None'.
[2023.07.11-15.14.51:861][  0]LogUObjectHash: Compacting FUObjectHashTables data took   0.44ms
[2023.07.11-15.14.52:056][  0]LogSkeletalMesh: Display: [AssetLog] C:\VperData\GitHub\ActionRoguelike\ActionRoguelike\Content\ParagonGideon\Characters\Heroes\Gideon\Meshes\Gideon.uasset: Find and fix some bad tangent! please re-import this skeletal mesh asset to fix the issue. The shading of the skeletal mesh will be bad and faceted.
[2023.07.11-15.14.52:130][  0]LogAudio: Display: Audio Device (ID: 1) registered with world 'TestLevel'.
[2023.07.11-15.14.52:131][  0]LogAIModule: Creating AISystem for world TestLevel
[2023.07.11-15.14.52:138][  0]LogEditorServer: Finished looking for orphan Actors (0.000 secs)
[2023.07.11-15.14.52:144][  0]LogUObjectHash: Compacting FUObjectHashTables data took   0.52ms
[2023.07.11-15.14.52:146][  0]Cmd: MAP CHECKDEP NOCLEARLOG
[2023.07.11-15.14.52:146][  0]MapCheck: Map check complete: 0 Error(s), 0 Warning(s), took 0.1ms to complete.
[2023.07.11-15.14.52:146][  0]LogFileHelpers: Loading map 'TestLevel' took 0.291
[2023.07.11-15.14.52:147][  0]LogUnrealEdMisc: Total Editor Startup Time, took 5.939
[2023.07.11-15.14.52:264][  0]LogSlate: Updating window title bar state: overlay mode, drag disabled, window buttons hidden, title bar hidden
[2023.07.11-15.14.52:267][  0]LogSlate: Updating window title bar state: overlay mode, drag disabled, window buttons hidden, title bar hidden
[2023.07.11-15.14.52:270][  0]LogSlate: Updating window title bar state: overlay mode, drag disabled, window buttons hidden, title bar hidden
[2023.07.11-15.14.52:273][  0]LogSlate: Updating window title bar state: overlay mode, drag disabled, window buttons hidden, title bar hidden
[2023.07.11-15.14.52:281][  0]LogNativeClassHierarchy: Verbose: Native class hierarchy populated in 0.0052 seconds. Added 3838 classes and 932 folders.
[2023.07.11-15.14.52:283][  0]LogNativeClassHierarchy: Verbose: Native class hierarchy updated for 'WidgetCarousel' in 0.0001 seconds. Added 0 classes and 0 folders.
[2023.07.11-15.14.52:284][  0]LogPakFile: PakFile PrimaryIndexSize=187
[2023.07.11-15.14.52:284][  0]LogPakFile: PakFile PathHashIndexSize=101
[2023.07.11-15.14.52:284][  0]LogPakFile: PakFile FullDirectoryIndexSize=148
[2023.07.11-15.14.52:284][  0]LogShaderLibrary: Display: ShaderCodeLibraryPakFileMountedCallback: PakFile 'C:/Program Files (x86)/Vper/UE/UE_4.27/FeaturePacks/FP_FirstPerson.upack' (chunk index -1, root 'root:/') mounted
[2023.07.11-15.14.52:284][  0]LogShaderLibrary: Display: ShaderCodeLibraryPakFileMountedCallback: pending pak file info (ChunkID:-1 Root:root:/ File:C:/Program Files (x86)/Vper/UE/UE_4.27/FeaturePacks/FP_FirstPerson.upack)
[2023.07.11-15.14.52:284][  0]LogPakFile: OnPakFileMounted2Time == 0.000113
[2023.07.11-15.14.52:285][  0]LogPakFile: PakFile PrimaryIndexSize=189
[2023.07.11-15.14.52:285][  0]LogPakFile: PakFile PathHashIndexSize=101
[2023.07.11-15.14.52:285][  0]LogPakFile: PakFile FullDirectoryIndexSize=152
[2023.07.11-15.14.52:285][  0]LogShaderLibrary: Display: ShaderCodeLibraryPakFileMountedCallback: PakFile 'C:/Program Files (x86)/Vper/UE/UE_4.27/FeaturePacks/FP_FirstPersonBP.upack' (chunk index -1, root 'root:/') mounted
[2023.07.11-15.14.52:285][  0]LogShaderLibrary: Display: ShaderCodeLibraryPakFileMountedCallback: pending pak file info (ChunkID:-1 Root:root:/ File:C:/Program Files (x86)/Vper/UE/UE_4.27/FeaturePacks/FP_FirstPersonBP.upack)
[2023.07.11-15.14.52:285][  0]LogPakFile: OnPakFileMounted2Time == 0.000156
[2023.07.11-15.14.52:285][  0]LogPakFile: PakFile PrimaryIndexSize=191
[2023.07.11-15.14.52:285][  0]LogPakFile: PakFile PathHashIndexSize=101
[2023.07.11-15.14.52:285][  0]LogPakFile: PakFile FullDirectoryIndexSize=160
[2023.07.11-15.14.52:285][  0]LogShaderLibrary: Display: ShaderCodeLibraryPakFileMountedCallback: PakFile 'C:/Program Files (x86)/Vper/UE/UE_4.27/FeaturePacks/MobileStarterContent.upack' (chunk index -1, root 'root:/') mounted
[2023.07.11-15.14.52:285][  0]LogShaderLibrary: Display: ShaderCodeLibraryPakFileMountedCallback: pending pak file info (ChunkID:-1 Root:root:/ File:C:/Program Files (x86)/Vper/UE/UE_4.27/FeaturePacks/MobileStarterContent.upack)
[2023.07.11-15.14.52:286][  0]LogPakFile: OnPakFileMounted2Time == 0.000090
[2023.07.11-15.14.52:286][  0]LogPakFile: PakFile PrimaryIndexSize=185
[2023.07.11-15.14.52:286][  0]LogPakFile: PakFile PathHashIndexSize=101
[2023.07.11-15.14.52:286][  0]LogPakFile: PakFile FullDirectoryIndexSize=148
[2023.07.11-15.14.52:286][  0]LogShaderLibrary: Display: ShaderCodeLibraryPakFileMountedCallback: PakFile 'C:/Program Files (x86)/Vper/UE/UE_4.27/FeaturePacks/StarterContent.upack' (chunk index -1, root 'root:/') mounted
[2023.07.11-15.14.52:286][  0]LogShaderLibrary: Display: ShaderCodeLibraryPakFileMountedCallback: pending pak file info (ChunkID:-1 Root:root:/ File:C:/Program Files (x86)/Vper/UE/UE_4.27/FeaturePacks/StarterContent.upack)
[2023.07.11-15.14.52:286][  0]LogPakFile: OnPakFileMounted2Time == 0.000092
[2023.07.11-15.14.52:286][  0]LogPakFile: PakFile PrimaryIndexSize=190
[2023.07.11-15.14.52:286][  0]LogPakFile: PakFile PathHashIndexSize=101
[2023.07.11-15.14.52:286][  0]LogPakFile: PakFile FullDirectoryIndexSize=154
[2023.07.11-15.14.52:286][  0]LogShaderLibrary: Display: ShaderCodeLibraryPakFileMountedCallback: PakFile 'C:/Program Files (x86)/Vper/UE/UE_4.27/FeaturePacks/TP_2DSideScroller.upack' (chunk index -1, root 'root:/') mounted
[2023.07.11-15.14.52:286][  0]LogShaderLibrary: Display: ShaderCodeLibraryPakFileMountedCallback: pending pak file info (ChunkID:-1 Root:root:/ File:C:/Program Files (x86)/Vper/UE/UE_4.27/FeaturePacks/TP_2DSideScroller.upack)
[2023.07.11-15.14.52:286][  0]LogPakFile: OnPakFileMounted2Time == 0.000094
[2023.07.11-15.14.52:287][  0]LogPakFile: PakFile PrimaryIndexSize=192
[2023.07.11-15.14.52:287][  0]LogPakFile: PakFile PathHashIndexSize=101
[2023.07.11-15.14.52:287][  0]LogPakFile: PakFile FullDirectoryIndexSize=158
[2023.07.11-15.14.52:287][  0]LogShaderLibrary: Display: ShaderCodeLibraryPakFileMountedCallback: PakFile 'C:/Program Files (x86)/Vper/UE/UE_4.27/FeaturePacks/TP_2DSideScrollerBP.upack' (chunk index -1, root 'root:/') mounted
[2023.07.11-15.14.52:287][  0]LogShaderLibrary: Display: ShaderCodeLibraryPakFileMountedCallback: pending pak file info (ChunkID:-1 Root:root:/ File:C:/Program Files (x86)/Vper/UE/UE_4.27/FeaturePacks/TP_2DSideScrollerBP.upack)
[2023.07.11-15.14.52:287][  0]LogPakFile: OnPakFileMounted2Time == 0.000086
[2023.07.11-15.14.52:287][  0]LogPakFile: PakFile PrimaryIndexSize=182
[2023.07.11-15.14.52:287][  0]LogPakFile: PakFile PathHashIndexSize=101
[2023.07.11-15.14.52:287][  0]LogPakFile: PakFile FullDirectoryIndexSize=138
[2023.07.11-15.14.52:287][  0]LogShaderLibrary: Display: ShaderCodeLibraryPakFileMountedCallback: PakFile 'C:/Program Files (x86)/Vper/UE/UE_4.27/FeaturePacks/TP_Flying.upack' (chunk index -1, root 'root:/') mounted
[2023.07.11-15.14.52:287][  0]LogShaderLibrary: Display: ShaderCodeLibraryPakFileMountedCallback: pending pak file info (ChunkID:-1 Root:root:/ File:C:/Program Files (x86)/Vper/UE/UE_4.27/FeaturePacks/TP_Flying.upack)
[2023.07.11-15.14.52:287][  0]LogPakFile: OnPakFileMounted2Time == 0.000087
[2023.07.11-15.14.52:287][  0]LogPakFile: PakFile PrimaryIndexSize=184
[2023.07.11-15.14.52:287][  0]LogPakFile: PakFile PathHashIndexSize=101
[2023.07.11-15.14.52:287][  0]LogPakFile: PakFile FullDirectoryIndexSize=142
[2023.07.11-15.14.52:287][  0]LogShaderLibrary: Display: ShaderCodeLibraryPakFileMountedCallback: PakFile 'C:/Program Files (x86)/Vper/UE/UE_4.27/FeaturePacks/TP_FlyingBP.upack' (chunk index -1, root 'root:/') mounted
[2023.07.11-15.14.52:287][  0]LogShaderLibrary: Display: ShaderCodeLibraryPakFileMountedCallback: pending pak file info (ChunkID:-1 Root:root:/ File:C:/Program Files (x86)/Vper/UE/UE_4.27/FeaturePacks/TP_FlyingBP.upack)
[2023.07.11-15.14.52:287][  0]LogPakFile: OnPakFileMounted2Time == 0.000090
[2023.07.11-15.14.52:288][  0]LogPakFile: PakFile PrimaryIndexSize=188
[2023.07.11-15.14.52:288][  0]LogPakFile: PakFile PathHashIndexSize=101
[2023.07.11-15.14.52:288][  0]LogPakFile: PakFile FullDirectoryIndexSize=150
[2023.07.11-15.14.52:288][  0]LogShaderLibrary: Display: ShaderCodeLibraryPakFileMountedCallback: PakFile 'C:/Program Files (x86)/Vper/UE/UE_4.27/FeaturePacks/TP_HandheldARBP.upack' (chunk index -1, root 'root:/') mounted
[2023.07.11-15.14.52:288][  0]LogShaderLibrary: Display: ShaderCodeLibraryPakFileMountedCallback: pending pak file info (ChunkID:-1 Root:root:/ File:C:/Program Files (x86)/Vper/UE/UE_4.27/FeaturePacks/TP_HandheldARBP.upack)
[2023.07.11-15.14.52:288][  0]LogPakFile: OnPakFileMounted2Time == 0.000086
[2023.07.11-15.14.52:288][  0]LogPakFile: PakFile PrimaryIndexSize=182
[2023.07.11-15.14.52:288][  0]LogPakFile: PakFile PathHashIndexSize=101
[2023.07.11-15.14.52:288][  0]LogPakFile: PakFile FullDirectoryIndexSize=138
[2023.07.11-15.14.52:288][  0]LogShaderLibrary: Display: ShaderCodeLibraryPakFileMountedCallback: PakFile 'C:/Program Files (x86)/Vper/UE/UE_4.27/FeaturePacks/TP_Puzzle.upack' (chunk index -1, root 'root:/') mounted
[2023.07.11-15.14.52:288][  0]LogShaderLibrary: Display: ShaderCodeLibraryPakFileMountedCallback: pending pak file info (ChunkID:-1 Root:root:/ File:C:/Program Files (x86)/Vper/UE/UE_4.27/FeaturePacks/TP_Puzzle.upack)
[2023.07.11-15.14.52:288][  0]LogPakFile: OnPakFileMounted2Time == 0.000081
[2023.07.11-15.14.52:288][  0]LogPakFile: PakFile PrimaryIndexSize=184
[2023.07.11-15.14.52:288][  0]LogPakFile: PakFile PathHashIndexSize=101
[2023.07.11-15.14.52:288][  0]LogPakFile: PakFile FullDirectoryIndexSize=142
[2023.07.11-15.14.52:290][  0]LogShaderLibrary: Display: ShaderCodeLibraryPakFileMountedCallback: PakFile 'C:/Program Files (x86)/Vper/UE/UE_4.27/FeaturePacks/TP_PuzzleBP.upack' (chunk index -1, root 'root:/') mounted
[2023.07.11-15.14.52:290][  0]LogShaderLibrary: Display: ShaderCodeLibraryPakFileMountedCallback: pending pak file info (ChunkID:-1 Root:root:/ File:C:/Program Files (x86)/Vper/UE/UE_4.27/FeaturePacks/TP_PuzzleBP.upack)
[2023.07.11-15.14.52:290][  0]LogPakFile: OnPakFileMounted2Time == 0.000088
[2023.07.11-15.14.52:290][  0]LogPakFile: PakFile PrimaryIndexSize=183
[2023.07.11-15.14.52:290][  0]LogPakFile: PakFile PathHashIndexSize=101
[2023.07.11-15.14.52:290][  0]LogPakFile: PakFile FullDirectoryIndexSize=140
[2023.07.11-15.14.52:290][  0]LogShaderLibrary: Display: ShaderCodeLibraryPakFileMountedCallback: PakFile 'C:/Program Files (x86)/Vper/UE/UE_4.27/FeaturePacks/TP_Rolling.upack' (chunk index -1, root 'root:/') mounted
[2023.07.11-15.14.52:290][  0]LogShaderLibrary: Display: ShaderCodeLibraryPakFileMountedCallback: pending pak file info (ChunkID:-1 Root:root:/ File:C:/Program Files (x86)/Vper/UE/UE_4.27/FeaturePacks/TP_Rolling.upack)
[2023.07.11-15.14.52:290][  0]LogPakFile: OnPakFileMounted2Time == 0.000095
[2023.07.11-15.14.52:290][  0]LogPakFile: PakFile PrimaryIndexSize=185
[2023.07.11-15.14.52:290][  0]LogPakFile: PakFile PathHashIndexSize=101
[2023.07.11-15.14.52:290][  0]LogPakFile: PakFile FullDirectoryIndexSize=144
[2023.07.11-15.14.52:291][  0]LogShaderLibrary: Display: ShaderCodeLibraryPakFileMountedCallback: PakFile 'C:/Program Files (x86)/Vper/UE/UE_4.27/FeaturePacks/TP_RollingBP.upack' (chunk index -1, root 'root:/') mounted
[2023.07.11-15.14.52:291][  0]LogShaderLibrary: Display: ShaderCodeLibraryPakFileMountedCallback: pending pak file info (ChunkID:-1 Root:root:/ File:C:/Program Files (x86)/Vper/UE/UE_4.27/FeaturePacks/TP_RollingBP.upack)
[2023.07.11-15.14.52:291][  0]LogPakFile: OnPakFileMounted2Time == 0.000080
[2023.07.11-15.14.52:291][  0]LogPakFile: PakFile PrimaryIndexSize=188
[2023.07.11-15.14.52:291][  0]LogPakFile: PakFile PathHashIndexSize=101
[2023.07.11-15.14.52:291][  0]LogPakFile: PakFile FullDirectoryIndexSize=150
[2023.07.11-15.14.52:291][  0]LogShaderLibrary: Display: ShaderCodeLibraryPakFileMountedCallback: PakFile 'C:/Program Files (x86)/Vper/UE/UE_4.27/FeaturePacks/TP_SideScroller.upack' (chunk index -1, root 'root:/') mounted
[2023.07.11-15.14.52:291][  0]LogShaderLibrary: Display: ShaderCodeLibraryPakFileMountedCallback: pending pak file info (ChunkID:-1 Root:root:/ File:C:/Program Files (x86)/Vper/UE/UE_4.27/FeaturePacks/TP_SideScroller.upack)
[2023.07.11-15.14.52:291][  0]LogPakFile: OnPakFileMounted2Time == 0.000091
[2023.07.11-15.14.52:291][  0]LogPakFile: PakFile PrimaryIndexSize=190
[2023.07.11-15.14.52:291][  0]LogPakFile: PakFile PathHashIndexSize=101
[2023.07.11-15.14.52:291][  0]LogPakFile: PakFile FullDirectoryIndexSize=154
[2023.07.11-15.14.52:291][  0]LogShaderLibrary: Display: ShaderCodeLibraryPakFileMountedCallback: PakFile 'C:/Program Files (x86)/Vper/UE/UE_4.27/FeaturePacks/TP_SideScrollerBP.upack' (chunk index -1, root 'root:/') mounted
[2023.07.11-15.14.52:292][  0]LogShaderLibrary: Display: ShaderCodeLibraryPakFileMountedCallback: pending pak file info (ChunkID:-1 Root:root:/ File:C:/Program Files (x86)/Vper/UE/UE_4.27/FeaturePacks/TP_SideScrollerBP.upack)
[2023.07.11-15.14.52:292][  0]LogPakFile: OnPakFileMounted2Time == 0.000091
[2023.07.11-15.14.52:292][  0]LogPakFile: PakFile PrimaryIndexSize=187
[2023.07.11-15.14.52:292][  0]LogPakFile: PakFile PathHashIndexSize=101
[2023.07.11-15.14.52:292][  0]LogPakFile: PakFile FullDirectoryIndexSize=148
[2023.07.11-15.14.52:292][  0]LogShaderLibrary: Display: ShaderCodeLibraryPakFileMountedCallback: PakFile 'C:/Program Files (x86)/Vper/UE/UE_4.27/FeaturePacks/TP_ThirdPerson.upack' (chunk index -1, root 'root:/') mounted
[2023.07.11-15.14.52:292][  0]LogShaderLibrary: Display: ShaderCodeLibraryPakFileMountedCallback: pending pak file info (ChunkID:-1 Root:root:/ File:C:/Program Files (x86)/Vper/UE/UE_4.27/FeaturePacks/TP_ThirdPerson.upack)
[2023.07.11-15.14.52:292][  0]LogPakFile: OnPakFileMounted2Time == 0.000084
[2023.07.11-15.14.52:292][  0]LogPakFile: PakFile PrimaryIndexSize=189
[2023.07.11-15.14.52:292][  0]LogPakFile: PakFile PathHashIndexSize=101
[2023.07.11-15.14.52:292][  0]LogPakFile: PakFile FullDirectoryIndexSize=152
[2023.07.11-15.14.52:292][  0]LogShaderLibrary: Display: ShaderCodeLibraryPakFileMountedCallback: PakFile 'C:/Program Files (x86)/Vper/UE/UE_4.27/FeaturePacks/TP_ThirdPersonBP.upack' (chunk index -1, root 'root:/') mounted
[2023.07.11-15.14.52:292][  0]LogShaderLibrary: Display: ShaderCodeLibraryPakFileMountedCallback: pending pak file info (ChunkID:-1 Root:root:/ File:C:/Program Files (x86)/Vper/UE/UE_4.27/FeaturePacks/TP_ThirdPersonBP.upack)
[2023.07.11-15.14.52:293][  0]LogPakFile: OnPakFileMounted2Time == 0.000088
[2023.07.11-15.14.52:293][  0]LogPakFile: PakFile PrimaryIndexSize=183
[2023.07.11-15.14.52:293][  0]LogPakFile: PakFile PathHashIndexSize=101
[2023.07.11-15.14.52:293][  0]LogPakFile: PakFile FullDirectoryIndexSize=140
[2023.07.11-15.14.52:293][  0]LogShaderLibrary: Display: ShaderCodeLibraryPakFileMountedCallback: PakFile 'C:/Program Files (x86)/Vper/UE/UE_4.27/FeaturePacks/TP_TopDown.upack' (chunk index -1, root 'root:/') mounted
[2023.07.11-15.14.52:293][  0]LogShaderLibrary: Display: ShaderCodeLibraryPakFileMountedCallback: pending pak file info (ChunkID:-1 Root:root:/ File:C:/Program Files (x86)/Vper/UE/UE_4.27/FeaturePacks/TP_TopDown.upack)
[2023.07.11-15.14.52:293][  0]LogPakFile: OnPakFileMounted2Time == 0.000092
[2023.07.11-15.14.52:293][  0]LogPakFile: PakFile PrimaryIndexSize=185
[2023.07.11-15.14.52:293][  0]LogPakFile: PakFile PathHashIndexSize=101
[2023.07.11-15.14.52:293][  0]LogPakFile: PakFile FullDirectoryIndexSize=144
[2023.07.11-15.14.52:293][  0]LogShaderLibrary: Display: ShaderCodeLibraryPakFileMountedCallback: PakFile 'C:/Program Files (x86)/Vper/UE/UE_4.27/FeaturePacks/TP_TopDownBP.upack' (chunk index -1, root 'root:/') mounted
[2023.07.11-15.14.52:293][  0]LogShaderLibrary: Display: ShaderCodeLibraryPakFileMountedCallback: pending pak file info (ChunkID:-1 Root:root:/ File:C:/Program Files (x86)/Vper/UE/UE_4.27/FeaturePacks/TP_TopDownBP.upack)
[2023.07.11-15.14.52:293][  0]LogPakFile: OnPakFileMounted2Time == 0.000086
[2023.07.11-15.14.52:294][  0]LogPakFile: PakFile PrimaryIndexSize=185
[2023.07.11-15.14.52:294][  0]LogPakFile: PakFile PathHashIndexSize=101
[2023.07.11-15.14.52:294][  0]LogPakFile: PakFile FullDirectoryIndexSize=144
[2023.07.11-15.14.52:294][  0]LogShaderLibrary: Display: ShaderCodeLibraryPakFileMountedCallback: PakFile 'C:/Program Files (x86)/Vper/UE/UE_4.27/FeaturePacks/TP_TwinStick.upack' (chunk index -1, root 'root:/') mounted
[2023.07.11-15.14.52:294][  0]LogShaderLibrary: Display: ShaderCodeLibraryPakFileMountedCallback: pending pak file info (ChunkID:-1 Root:root:/ File:C:/Program Files (x86)/Vper/UE/UE_4.27/FeaturePacks/TP_TwinStick.upack)
[2023.07.11-15.14.52:294][  0]LogPakFile: OnPakFileMounted2Time == 0.000088
[2023.07.11-15.14.52:294][  0]LogPakFile: PakFile PrimaryIndexSize=187
[2023.07.11-15.14.52:294][  0]LogPakFile: PakFile PathHashIndexSize=101
[2023.07.11-15.14.52:294][  0]LogPakFile: PakFile FullDirectoryIndexSize=148
[2023.07.11-15.14.52:294][  0]LogShaderLibrary: Display: ShaderCodeLibraryPakFileMountedCallback: PakFile 'C:/Program Files (x86)/Vper/UE/UE_4.27/FeaturePacks/TP_TwinStickBP.upack' (chunk index -1, root 'root:/') mounted
[2023.07.11-15.14.52:294][  0]LogShaderLibrary: Display: ShaderCodeLibraryPakFileMountedCallback: pending pak file info (ChunkID:-1 Root:root:/ File:C:/Program Files (x86)/Vper/UE/UE_4.27/FeaturePacks/TP_TwinStickBP.upack)
[2023.07.11-15.14.52:294][  0]LogPakFile: OnPakFileMounted2Time == 0.000087
[2023.07.11-15.14.52:295][  0]LogPakFile: PakFile PrimaryIndexSize=183
[2023.07.11-15.14.52:295][  0]LogPakFile: PakFile PathHashIndexSize=101
[2023.07.11-15.14.52:295][  0]LogPakFile: PakFile FullDirectoryIndexSize=140
[2023.07.11-15.14.52:295][  0]LogShaderLibrary: Display: ShaderCodeLibraryPakFileMountedCallback: PakFile 'C:/Program Files (x86)/Vper/UE/UE_4.27/FeaturePacks/TP_Vehicle.upack' (chunk index -1, root 'root:/') mounted
[2023.07.11-15.14.52:295][  0]LogShaderLibrary: Display: ShaderCodeLibraryPakFileMountedCallback: pending pak file info (ChunkID:-1 Root:root:/ File:C:/Program Files (x86)/Vper/UE/UE_4.27/FeaturePacks/TP_Vehicle.upack)
[2023.07.11-15.14.52:295][  0]LogPakFile: OnPakFileMounted2Time == 0.000095
[2023.07.11-15.14.52:295][  0]LogPakFile: PakFile PrimaryIndexSize=186
[2023.07.11-15.14.52:295][  0]LogPakFile: PakFile PathHashIndexSize=101
[2023.07.11-15.14.52:295][  0]LogPakFile: PakFile FullDirectoryIndexSize=146
[2023.07.11-15.14.52:295][  0]LogShaderLibrary: Display: ShaderCodeLibraryPakFileMountedCallback: PakFile 'C:/Program Files (x86)/Vper/UE/UE_4.27/FeaturePacks/TP_VehicleAdv.upack' (chunk index -1, root 'root:/') mounted
[2023.07.11-15.14.52:295][  0]LogShaderLibrary: Display: ShaderCodeLibraryPakFileMountedCallback: pending pak file info (ChunkID:-1 Root:root:/ File:C:/Program Files (x86)/Vper/UE/UE_4.27/FeaturePacks/TP_VehicleAdv.upack)
[2023.07.11-15.14.52:295][  0]LogPakFile: OnPakFileMounted2Time == 0.000094
[2023.07.11-15.14.52:296][  0]LogPakFile: PakFile PrimaryIndexSize=188
[2023.07.11-15.14.52:296][  0]LogPakFile: PakFile PathHashIndexSize=101
[2023.07.11-15.14.52:296][  0]LogPakFile: PakFile FullDirectoryIndexSize=150
[2023.07.11-15.14.52:296][  0]LogShaderLibrary: Display: ShaderCodeLibraryPakFileMountedCallback: PakFile 'C:/Program Files (x86)/Vper/UE/UE_4.27/FeaturePacks/TP_VehicleAdvBP.upack' (chunk index -1, root 'root:/') mounted
[2023.07.11-15.14.52:296][  0]LogShaderLibrary: Display: ShaderCodeLibraryPakFileMountedCallback: pending pak file info (ChunkID:-1 Root:root:/ File:C:/Program Files (x86)/Vper/UE/UE_4.27/FeaturePacks/TP_VehicleAdvBP.upack)
[2023.07.11-15.14.52:296][  0]LogPakFile: OnPakFileMounted2Time == 0.000088
[2023.07.11-15.14.52:296][  0]LogPakFile: PakFile PrimaryIndexSize=185
[2023.07.11-15.14.52:296][  0]LogPakFile: PakFile PathHashIndexSize=101
[2023.07.11-15.14.52:296][  0]LogPakFile: PakFile FullDirectoryIndexSize=144
[2023.07.11-15.14.52:296][  0]LogShaderLibrary: Display: ShaderCodeLibraryPakFileMountedCallback: PakFile 'C:/Program Files (x86)/Vper/UE/UE_4.27/FeaturePacks/TP_VehicleBP.upack' (chunk index -1, root 'root:/') mounted
[2023.07.11-15.14.52:296][  0]LogShaderLibrary: Display: ShaderCodeLibraryPakFileMountedCallback: pending pak file info (ChunkID:-1 Root:root:/ File:C:/Program Files (x86)/Vper/UE/UE_4.27/FeaturePacks/TP_VehicleBP.upack)
[2023.07.11-15.14.52:296][  0]LogPakFile: OnPakFileMounted2Time == 0.000094
[2023.07.11-15.14.52:297][  0]LogPakFile: PakFile PrimaryIndexSize=192
[2023.07.11-15.14.52:297][  0]LogPakFile: PakFile PathHashIndexSize=101
[2023.07.11-15.14.52:297][  0]LogPakFile: PakFile FullDirectoryIndexSize=158
[2023.07.11-15.14.52:297][  0]LogShaderLibrary: Display: ShaderCodeLibraryPakFileMountedCallback: PakFile 'C:/Program Files (x86)/Vper/UE/UE_4.27/FeaturePacks/TP_VirtualRealityBP.upack' (chunk index -1, root 'root:/') mounted
[2023.07.11-15.14.52:297][  0]LogShaderLibrary: Display: ShaderCodeLibraryPakFileMountedCallback: pending pak file info (ChunkID:-1 Root:root:/ File:C:/Program Files (x86)/Vper/UE/UE_4.27/FeaturePacks/TP_VirtualRealityBP.upack)
[2023.07.11-15.14.52:297][  0]LogPakFile: OnPakFileMounted2Time == 0.000092
[2023.07.11-15.14.52:319][  0]LogNativeClassHierarchy: Verbose: Native class hierarchy updated for 'AddContentDialog' in 0.0002 seconds. Added 0 classes and 0 folders.
[2023.07.11-15.14.52:322][  0]LogNativeClassHierarchy: Verbose: Native class hierarchy updated for 'SceneOutliner' in 0.0001 seconds. Added 2 classes and 0 folders.
[2023.07.11-15.14.52:350][  0]LogSlate: Took 0.000152 seconds to synchronously load lazily loaded font '../../../Engine/Content/Slate/Fonts/Roboto-Regular.ttf' (155K)
[2023.07.11-15.14.52:351][  0]LogSlate: Took 0.000114 seconds to synchronously load lazily loaded font '../../../Engine/Content/Editor/Slate/Fonts/FontAwesome.ttf' (139K)
[2023.07.11-15.14.52:351][  0]LogSlate: Took 0.000095 seconds to synchronously load lazily loaded font '../../../Engine/Content/Slate/Fonts/Roboto-Bold.ttf' (160K)
[2023.07.11-15.14.52:354][  0]LogSlate: Took 0.000083 seconds to synchronously load lazily loaded font '../../../Engine/Content/Slate/Fonts/DroidSansMono.ttf' (77K)
[2023.07.11-15.14.52:381][  0]LogSlate: Took 0.000780 seconds to synchronously load lazily loaded font '../../../Engine/Content/Slate/Fonts/DroidSansFallback.ttf' (3848K)
[2023.07.11-15.14.52:429][  0]LogRenderer: Reallocating scene render targets to support 1208x568 Format 10 NumSamples 1 (Frame:1).
[2023.07.11-15.14.52:504][  0]LogNativeClassHierarchy: Verbose: Native class hierarchy updated for 'HierarchicalLODOutliner' in 0.0002 seconds. Added 0 classes and 0 folders.
[2023.07.11-15.14.52:504][  0]LogLoad: (Engine Initialization) Total time: 6.30 seconds
[2023.07.11-15.14.52:504][  0]LogLoad: (Engine Initialization) Total Blueprint compile time: 0.00 seconds
[2023.07.11-15.14.52:535][  0]LogAssetRegistry: Asset discovery search completed in 3.9287 seconds
[2023.07.11-15.14.52:537][  0]LogCollectionManager: Fixed up redirectors for 0 collections in 0.000003 seconds (updated 0 objects)
[2023.07.11-15.14.52:538][  0]LogContentStreaming: Texture pool size now 1000 MB
[2023.07.11-15.15.02:359][127]LogSlate: Took 0.000116 seconds to synchronously load lazily loaded font '../../../Engine/Content/Slate/Fonts/Roboto-Light.ttf' (167K)
[2023.07.11-15.15.02:380][127]LogEditorClassViewer: Warning: Class /Engine/Tutorial/InWorldBlueprintEditing/TutorialAssets/IWBE_Blutility.IWBE_Blutility_C has parent /Script/Blutility.PlacedEditorUtilityBase, but this parent is not found. The Class will not be shown in ClassViewer.
[2023.07.11-15.15.02:381][127]LogEditorClassViewer: Warning: Class /Game/ExampleContent/CameraShake/camera_shake_constant.camera_shake_constant_C has parent /Script/Engine.MatineeCameraShake, but this parent is not found. The Class will not be shown in ClassViewer.
[2023.07.11-15.15.02:381][127]LogEditorClassViewer: Warning: Class /Game/ExampleContent/CameraShake/camera_shake_entry.camera_shake_entry_C has parent /Script/Engine.MatineeCameraShake, but this parent is not found. The Class will not be shown in ClassViewer.
[2023.07.11-15.15.02:381][127]LogEditorClassViewer: Warning: Class /Game/ExampleContent/CameraShake/camera_shake_small.camera_shake_small_C has parent /Script/Engine.MatineeCameraShake, but this parent is not found. The Class will not be shown in ClassViewer.
[2023.07.11-15.15.02:381][127]LogEditorClassViewer: Warning: Class /Game/ExampleContent/CameraShake/CamShake_TakeDamage.CamShake_TakeDamage_C has parent /Script/Engine.MatineeCameraShake, but this parent is not found. The Class will not be shown in ClassViewer.
[2023.07.11-15.15.02:381][127]LogEditorClassViewer: Warning: Class /Game/ExampleContent/CameraShake/CamShake_TakeDamage_Small.CamShake_TakeDamage_Small_C has parent /Script/Engine.MatineeCameraShake, but this parent is not found. The Class will not be shown in ClassViewer.
[2023.07.11-15.15.02:381][127]LogEditorClassViewer: Warning: Class /Game/ParagonGideon/Characters/Heroes/Gideon/Gideon_AnimBlueprint.Gideon_AnimBlueprint_C has parent /Script/ActionRoguelike.SAnimInstance, but this parent is not found. The Class will not be shown in ClassViewer.
[2023.07.11-15.15.02:422][127]LogSlate: Took 0.000134 seconds to synchronously load lazily loaded font '../../../Engine/Content/Slate/Fonts/Roboto-BoldCondensed.ttf' (158K)
[2023.07.11-15.15.52:776][145]Running C:/Program Files (x86)/Vper/UE/UE_4.27/Engine/Binaries/DotNET/UnrealBuildTool.exe  -projectfiles -project="C:/VperData/GitHub/ActionRoguelike/ActionRoguelike/ActionRoguelike.uproject" -game -rocket -progress
[2023.07.11-15.15.52:980][145]Discovering modules, targets and source code for project...
[2023.07.11-15.15.53:791][145]Binding IntelliSense data...
[2023.07.11-15.15.54:918][145]Binding IntelliSense data... 100%
[2023.07.11-15.15.54:918][145]Writing project files...
[2023.07.11-15.15.56:933][145]Writing project files... 100%
[2023.07.11-15.16.04:203][145]LogSlate: Window 'Message' being destroyed
[2023.07.11-15.16.04:208][145]Message dialog closed, result: Yes, title: Message, text: Successfully added class 'SPowerup_HealthPotion', however you must recompile the 'ActionRoguelike' module before it will appear in the Content Browser.

Would you like to edit the code now?
[2023.07.11-15.16.04:348][145]LogVSAccessor: Warning: Couldn't goto line number '1' in 'C:/VperData/GitHub/ActionRoguelike/ActionRoguelike/Source/ActionRoguelike/Public/SPowerup_HealthPotion.h'
[2023.07.11-15.16.04:350][145]LogVSAccessor: Warning: Couldn't open file 'C:/VperData/GitHub/ActionRoguelike/ActionRoguelike/Source/ActionRoguelike/Private/SPowerup_HealthPotion.cpp'.
[2023.07.11-15.16.04:354][145]LogSlate: Window 'Add C++ Class' being destroyed
