Log file open, 07/11/23 22:05:23
LogWindows: Failed to load 'aqProf.dll' (GetLastError=126)
LogWindows: File 'aqProf.dll' does not exist
LogWindows: Failed to load 'VtuneApi.dll' (GetLastError=126)
LogWindows: File 'VtuneApi.dll' does not exist
LogWindows: Failed to load 'VtuneApi32e.dll' (GetLastError=126)
LogWindows: File 'VtuneApi32e.dll' does not exist
LogConsoleResponse: Display: Failed to find resolution value strings in scalability ini. Falling back to default.
LogConsoleResponse: Display: Failed to find resolution value strings in scalability ini. Falling back to default.
LogInit: Display: Running engine for game: ActionRoguelike
LogPlatformFile: Not using cached read wrapper
LogTaskGraph: Started task graph with 5 named threads and 59 total threads with 3 sets of task threads.
LogStats: Stats thread started at 0.238821
LogICUInternationalization: ICU TimeZone Detection - Raw Offset: +8:00, Platform Override: ''
LogInit: Display: Loading text-based GConfig....
LogPluginManager: Mounting plugin MeshPainting
LogPluginManager: Mounting plugin XGEController
LogPluginManager: Mounting plugin Paper2D
LogPluginManager: Mounting plugin LiveLink
LogPluginManager: Mounting plugin LightPropagationVolume
LogPluginManager: Mounting plugin AISupport
LogPluginManager: Mounting plugin EnvironmentQueryEditor
LogPluginManager: Mounting plugin OodleData
LogPluginManager: Mounting plugin OodleNetwork
LogPluginManager: Mounting plugin CameraShakePreviewer
LogPluginManager: Mounting plugin AnimationSharing
LogPluginManager: Mounting plugin CLionSourceCodeAccess
LogPluginManager: Mounting plugin CodeLiteSourceCodeAccess
LogPluginManager: Mounting plugin GitSourceControl
LogPluginManager: Mounting plugin KDevelopSourceCodeAccess
LogPluginManager: Mounting plugin NullSourceCodeAccess
LogPluginManager: Mounting plugin PerforceSourceControl
LogPluginManager: Mounting plugin PixWinPlugin
LogPluginManager: Mounting plugin PlasticSourceControl
LogPluginManager: Mounting plugin PluginUtils
LogPluginManager: Mounting plugin PropertyAccessNode
LogPluginManager: Mounting plugin RiderSourceCodeAccess
LogPluginManager: Mounting plugin SubversionSourceControl
LogPluginManager: Mounting plugin TextureFormatOodle
LogPluginManager: Mounting plugin UObjectPlugin
LogPluginManager: Mounting plugin VisualStudioSourceCodeAccess
LogPluginManager: Mounting plugin XCodeSourceCodeAccess
LogPluginManager: Mounting plugin VisualStudioCodeSourceCodeAccess
LogPluginManager: Mounting plugin AssetManagerEditor
LogPluginManager: Mounting plugin CryptoKeys
LogPluginManager: Mounting plugin CurveEditorTools
LogPluginManager: Mounting plugin DataValidation
LogPluginManager: Mounting plugin FacialAnimation
LogPluginManager: Mounting plugin GameplayCameras
LogPluginManager: Mounting plugin GameplayTagsEditor
LogPluginManager: Mounting plugin GeometryMode
LogPluginManager: Mounting plugin MacGraphicsSwitching
LogPluginManager: Mounting plugin MaterialAnalyzer
LogPluginManager: Mounting plugin MobileLauncherProfileWizard
LogPluginManager: Mounting plugin PluginBrowser
LogPluginManager: Mounting plugin SpeedTreeImporter
LogPluginManager: Mounting plugin DatasmithContent
LogPluginManager: Mounting plugin VariantManagerContent
LogPluginManager: Mounting plugin AlembicImporter
LogPluginManager: Mounting plugin AutomationUtils
LogPluginManager: Mounting plugin BackChannel
LogPluginManager: Mounting plugin Niagara
LogPluginManager: Mounting plugin ChaosCloth
LogPluginManager: Mounting plugin ChaosClothEditor
LogPluginManager: Mounting plugin ChaosEditor
LogPluginManager: Mounting plugin ChaosNiagara
LogPluginManager: Mounting plugin ChaosSolverPlugin
LogPluginManager: Mounting plugin CharacterAI
LogPluginManager: Mounting plugin GeometryCache
LogPluginManager: Mounting plugin GeometryCollectionPlugin
LogPluginManager: Mounting plugin LuminPlatformFeatures
LogPluginManager: Mounting plugin MagicLeap
LogPluginManager: Mounting plugin MagicLeapLightEstimation
LogPluginManager: Mounting plugin MagicLeapMedia
LogPluginManager: Mounting plugin MagicLeapPassableWorld
LogPluginManager: Mounting plugin MLSDK
LogPluginManager: Mounting plugin GeometryProcessing
LogPluginManager: Mounting plugin MotoSynth
LogPluginManager: Mounting plugin OpenImageDenoise
LogPluginManager: Mounting plugin PlanarCut
LogPluginManager: Mounting plugin PlatformCrypto
LogPluginManager: Mounting plugin ProxyLODPlugin
LogPluginManager: Mounting plugin PythonScriptPlugin
LogPluginManager: Mounting plugin SkeletalReduction
LogPluginManager: Mounting plugin AndroidMedia
LogPluginManager: Mounting plugin AvfMedia
LogPluginManager: Mounting plugin ImgMedia
LogPluginManager: Mounting plugin MediaCompositing
LogPluginManager: Mounting plugin MediaPlayerEditor
LogPluginManager: Mounting plugin WebMMedia
LogPluginManager: Mounting plugin WmfMedia
LogPluginManager: Mounting plugin TcpMessaging
LogPluginManager: Mounting plugin UdpMessaging
LogPluginManager: Mounting plugin ActorSequence
LogPluginManager: Mounting plugin LevelSequenceEditor
LogPluginManager: Mounting plugin MatineeToLevelSequence
LogPluginManager: Mounting plugin TemplateSequence
LogPluginManager: Mounting plugin OnlineSubsystem
LogPluginManager: Mounting plugin OnlineSubsystemNull
LogPluginManager: Mounting plugin OnlineSubsystemUtils
LogPluginManager: Mounting plugin LauncherChunkInstaller
LogPluginManager: Mounting plugin ActorLayerUtilities
LogPluginManager: Mounting plugin AndroidDeviceProfileSelector
LogPluginManager: Mounting plugin AndroidMoviePlayer
LogPluginManager: Mounting plugin AndroidPermission
LogPluginManager: Mounting plugin AppleImageUtils
LogPluginManager: Mounting plugin AppleMoviePlayer
LogPluginManager: Mounting plugin ArchVisCharacter
LogPluginManager: Mounting plugin AssetTags
LogPluginManager: Mounting plugin AudioCapture
LogPluginManager: Mounting plugin AudioSynesthesia
LogPluginManager: Mounting plugin CableComponent
LogPluginManager: Mounting plugin ChunkDownloader
LogPluginManager: Mounting plugin CustomMeshComponent
LogPluginManager: Mounting plugin EditableMesh
LogPluginManager: Mounting plugin ExampleDeviceProfileSelector
LogPluginManager: Mounting plugin GoogleCloudMessaging
LogPluginManager: Mounting plugin GooglePAD
LogPluginManager: Mounting plugin IOSDeviceProfileSelector
LogPluginManager: Mounting plugin LinuxDeviceProfileSelector
LogPluginManager: Mounting plugin LocationServicesBPLibrary
LogPluginManager: Mounting plugin MobilePatchingUtils
LogPluginManager: Mounting plugin ScreenshotTools
LogPluginManager: Mounting plugin OpenXR
LogPluginManager: Mounting plugin OpenXREyeTracker
LogPluginManager: Mounting plugin OpenXRHandTracking
LogPluginManager: Mounting plugin PhysXVehicles
LogPluginManager: Mounting plugin PostSplashScreen
LogPluginManager: Mounting plugin ProceduralMeshComponent
LogPluginManager: Mounting plugin PropertyAccessEditor
LogPluginManager: Mounting plugin RuntimePhysXCooking
LogPluginManager: Mounting plugin SignificanceManager
LogPluginManager: Mounting plugin SoundFields
LogPluginManager: Mounting plugin Synthesis
LogPluginManager: Mounting plugin WebMMoviePlayer
LogPluginManager: Mounting plugin WindowsMoviePlayer
LogPluginManager: Mounting plugin Takes
LogPluginManager: Mounting plugin ContentBrowserClassDataSource
LogPluginManager: Mounting plugin ContentBrowserAssetDataSource
LogPluginManager: Mounting plugin ContentBrowserFileDataSource
LogPluginManager: Mounting plugin OnlineSubsystemGooglePlay
LogPluginManager: Mounting plugin OnlineSubsystemIOS
LogPluginManager: Mounting plugin OculusVR
LogPluginManager: Mounting plugin SteamVR
PixWinPlugin: PIX capture plugin failed to initialize! Check that the process is launched from PIX.
LogInit: Using libcurl 7.55.1-DEV
LogInit:  - built for x86_64-pc-win32
LogInit:  - supports SSL with OpenSSL/1.1.1
LogInit:  - supports HTTP deflate (compression) using libz 1.2.8
LogInit:  - other features:
LogInit:      CURL_VERSION_SSL
LogInit:      CURL_VERSION_LIBZ
LogInit:      CURL_VERSION_IPV6
LogInit:      CURL_VERSION_ASYNCHDNS
LogInit:      CURL_VERSION_LARGEFILE
LogInit:      CURL_VERSION_IDN
LogInit:  CurlRequestOptions (configurable via config and command line):
LogInit:  - bVerifyPeer = true  - Libcurl will verify peer certificate
LogInit:  - bUseHttpProxy = false  - Libcurl will NOT use HTTP proxy
LogInit:  - bDontReuseConnections = false  - Libcurl will reuse connections
LogInit:  - MaxHostConnections = 16  - Libcurl will limit the number of connections to a host
LogInit:  - LocalHostAddr = Default
LogInit:  - BufferSize = 65536
LogOnline: OSS: Creating online subsystem instance for: NULL
LogInit: WinSock: version 1.1 (2.2), MaxSocks=32767, MaxUdp=65467
LogOnline: OSS: TryLoadSubsystemAndSetDefault: Loaded subsystem for module [NULL]
LogOculusPluginWrapper: OculusPlugin initialized successfully
LogHMD: Failed initializing OVRPlugin 1.59.0
LogInit: Build: ++UE4+Release-4.27-CL-18319896
LogInit: Engine Version: 4.27.2-18319896+++UE4+Release-4.27
LogInit: Compatible Engine Version: 4.27.0-17155196+++UE4+Release-4.27
LogInit: Net CL: 17155196
LogInit: OS: Windows 10 (Release 2009) (), CPU: 13th Gen Intel(R) Core(TM) i5-13600KF, GPU: NVIDIA GeForce RTX 3060 Ti
LogInit: Compiled (64-bit): Nov 30 2021 07:12:08
LogInit: Compiled with Visual C++: 19.24.28315.00
LogInit: Build Configuration: Development
LogInit: Branch Name: ++UE4+Release-4.27
LogInit: Command Line:  -skipcompile
LogInit: Base Directory: C:/Program Files (x86)/Vper/UE/UE_4.27/Engine/Binaries/Win64/
LogInit: Allocator: TBB
LogInit: Installed Engine Build: 1
LogDevObjectVersion: Number of dev versions registered: 29
LogDevObjectVersion:   Dev-Blueprints (B0D832E4-1F89-4F0D-ACCF-7EB736FD4AA2): 10
LogDevObjectVersion:   Dev-Build (E1C64328-A22C-4D53-A36C-8E866417BD8C): 0
LogDevObjectVersion:   Dev-Core (375EC13C-06E4-48FB-B500-84F0262A717E): 4
LogDevObjectVersion:   Dev-Editor (E4B068ED-F494-42E9-A231-DA0B2E46BB41): 40
LogDevObjectVersion:   Dev-Framework (CFFC743F-43B0-4480-9391-14DF171D2073): 37
LogDevObjectVersion:   Dev-Mobile (B02B49B5-BB20-44E9-A304-32B752E40360): 3
LogDevObjectVersion:   Dev-Networking (A4E4105C-59A1-49B5-A7C5-40C4547EDFEE): 0
LogDevObjectVersion:   Dev-Online (39C831C9-5AE6-47DC-9A44-9C173E1C8E7C): 0
LogDevObjectVersion:   Dev-Physics (78F01B33-EBEA-4F98-B9B4-84EACCB95AA2): 14
LogDevObjectVersion:   Dev-Platform (6631380F-2D4D-43E0-8009-CF276956A95A): 0
LogDevObjectVersion:   Dev-Rendering (12F88B9F-8875-4AFC-A67C-D90C383ABD29): 45
LogDevObjectVersion:   Dev-Sequencer (7B5AE74C-D270-4C10-A958-57980B212A5A): 13
LogDevObjectVersion:   Dev-VR (D7296918-1DD6-4BDD-9DE2-64A83CC13884): 3
LogDevObjectVersion:   Dev-LoadTimes (C2A15278-BFE7-4AFE-6C17-90FF531DF755): 1
LogDevObjectVersion:   Private-Geometry (6EACA3D4-40EC-4CC1-B786-8BED09428FC5): 3
LogDevObjectVersion:   Dev-AnimPhys (29E575DD-E0A3-4627-9D10-D276232CDCEA): 17
LogDevObjectVersion:   Dev-Anim (AF43A65D-7FD3-4947-9873-3E8ED9C1BB05): 15
LogDevObjectVersion:   Dev-ReflectionCapture (6B266CEC-1EC7-4B8F-A30B-E4D90942FC07): 1
LogDevObjectVersion:   Dev-Automation (0DF73D61-A23F-47EA-B727-89E90C41499A): 1
LogDevObjectVersion:   FortniteMain (601D1886-AC64-4F84-AA16-D3DE0DEAC7D6): 47
LogDevObjectVersion:   FortniteRelease (E7086368-6B23-4C58-8439-1B7016265E91): 1
LogDevObjectVersion:   Dev-Enterprise (9DFFBCD6-494F-0158-E221-12823C92A888): 10
LogDevObjectVersion:   Dev-Niagara (F2AED0AC-9AFE-416F-8664-AA7FFA26D6FC): 1
LogDevObjectVersion:   Dev-Destruction (174F1F0B-B4C6-45A5-B13F-2EE8D0FB917D): 10
LogDevObjectVersion:   Dev-Physics-Ext (35F94A83-E258-406C-A318-09F59610247C): 41
LogDevObjectVersion:   Dev-PhysicsMaterial-Chaos (B68FC16E-8B1B-42E2-B453-215C058844FE): 1
LogDevObjectVersion:   Dev-CineCamera (B2E18506-4273-CFC2-A54E-F4BB758BBA07): 1
LogDevObjectVersion:   Dev-VirtualProduction (64F58936-FD1B-42BA-BA96-7289D5D0FA4E): 1
LogDevObjectVersion:   Dev-MediaFramework (6F0ED827-A609-4895-9C91-998D90180EA4): 2
LogInit: Presizing for max 25165824 objects, including 0 objects not considered by GC, pre-allocating 0 bytes for permanent pool.
LogConfig: Applying CVar settings from Section [/Script/Engine.StreamingSettings] File [C:/VperData/GitHub/ActionRoguelike/ActionRoguelike/Saved/Config/Windows/Engine.ini]
LogConfig: Setting CVar [[s.MinBulkDataSizeForAsyncLoading:131072]]
LogConfig: Setting CVar [[s.AsyncLoadingThreadEnabled:0]]
LogConfig: Setting CVar [[s.EventDrivenLoaderEnabled:1]]
LogConfig: Setting CVar [[s.WarnIfTimeLimitExceeded:0]]
LogConfig: Setting CVar [[s.TimeLimitExceededMultiplier:1.5]]
LogConfig: Setting CVar [[s.TimeLimitExceededMinTime:0.005]]
LogConfig: Setting CVar [[s.UseBackgroundLevelStreaming:1]]
LogConfig: Setting CVar [[s.PriorityAsyncLoadingExtraTime:15.0]]
LogConfig: Setting CVar [[s.LevelStreamingActorsUpdateTimeLimit:5.0]]
LogConfig: Setting CVar [[s.PriorityLevelStreamingActorsUpdateExtraTime:5.0]]
LogConfig: Setting CVar [[s.LevelStreamingComponentsRegistrationGranularity:10]]
LogConfig: Setting CVar [[s.UnregisterComponentsTimeLimit:1.0]]
LogConfig: Setting CVar [[s.LevelStreamingComponentsUnregistrationGranularity:5]]
LogConfig: Setting CVar [[s.FlushStreamingOnExit:1]]
LogInit: Object subsystem initialized
LogConfig: Setting CVar [[con.DebugEarlyDefault:1]]
LogConfig: Setting CVar [[r.setres:1280x720]]
[2023.07.11-14.05.24:067][  0]LogConfig: Setting CVar [[r.VSync:0]]
[2023.07.11-14.05.24:067][  0]LogConfig: Setting CVar [[r.RHICmdBypass:0]]
[2023.07.11-14.05.24:067][  0]LogConfig: Applying CVar settings from Section [/Script/Engine.RendererSettings] File [C:/VperData/GitHub/ActionRoguelike/ActionRoguelike/Saved/Config/Windows/Engine.ini]
[2023.07.11-14.05.24:067][  0]LogConfig: Setting CVar [[r.GPUCrashDebugging:0]]
[2023.07.11-14.05.24:067][  0]LogConfig: Applying CVar settings from Section [/Script/Engine.RendererOverrideSettings] File [C:/VperData/GitHub/ActionRoguelike/ActionRoguelike/Saved/Config/Windows/Engine.ini]
[2023.07.11-14.05.24:067][  0]LogConfig: Applying CVar settings from Section [/Script/Engine.StreamingSettings] File [C:/VperData/GitHub/ActionRoguelike/ActionRoguelike/Saved/Config/Windows/Engine.ini]
[2023.07.11-14.05.24:067][  0]LogConfig: Setting CVar [[s.MinBulkDataSizeForAsyncLoading:131072]]
[2023.07.11-14.05.24:067][  0]LogConfig: Setting CVar [[s.AsyncLoadingThreadEnabled:0]]
[2023.07.11-14.05.24:067][  0]LogConfig: Setting CVar [[s.EventDrivenLoaderEnabled:1]]
[2023.07.11-14.05.24:067][  0]LogConfig: Setting CVar [[s.WarnIfTimeLimitExceeded:0]]
[2023.07.11-14.05.24:067][  0]LogConfig: Setting CVar [[s.TimeLimitExceededMultiplier:1.5]]
[2023.07.11-14.05.24:067][  0]LogConfig: Setting CVar [[s.TimeLimitExceededMinTime:0.005]]
[2023.07.11-14.05.24:067][  0]LogConfig: Setting CVar [[s.UseBackgroundLevelStreaming:1]]
[2023.07.11-14.05.24:067][  0]LogConfig: Setting CVar [[s.PriorityAsyncLoadingExtraTime:15.0]]
[2023.07.11-14.05.24:067][  0]LogConfig: Setting CVar [[s.LevelStreamingActorsUpdateTimeLimit:5.0]]
[2023.07.11-14.05.24:067][  0]LogConfig: Setting CVar [[s.PriorityLevelStreamingActorsUpdateExtraTime:5.0]]
[2023.07.11-14.05.24:068][  0]LogConfig: Setting CVar [[s.LevelStreamingComponentsRegistrationGranularity:10]]
[2023.07.11-14.05.24:068][  0]LogConfig: Setting CVar [[s.UnregisterComponentsTimeLimit:1.0]]
[2023.07.11-14.05.24:068][  0]LogConfig: Setting CVar [[s.LevelStreamingComponentsUnregistrationGranularity:5]]
[2023.07.11-14.05.24:068][  0]LogConfig: Setting CVar [[s.FlushStreamingOnExit:1]]
[2023.07.11-14.05.24:068][  0]LogConfig: Applying CVar settings from Section [/Script/Engine.GarbageCollectionSettings] File [C:/VperData/GitHub/ActionRoguelike/ActionRoguelike/Saved/Config/Windows/Engine.ini]
[2023.07.11-14.05.24:068][  0]LogConfig: Setting CVar [[gc.MaxObjectsNotConsideredByGC:1]]
[2023.07.11-14.05.24:068][  0]LogConfig: Setting CVar [[gc.SizeOfPermanentObjectPool:0]]
[2023.07.11-14.05.24:068][  0]LogConfig: Setting CVar [[gc.FlushStreamingOnGC:0]]
[2023.07.11-14.05.24:068][  0]LogConfig: Setting CVar [[gc.NumRetriesBeforeForcingGC:10]]
[2023.07.11-14.05.24:068][  0]LogConfig: Setting CVar [[gc.AllowParallelGC:1]]
[2023.07.11-14.05.24:068][  0]LogConfig: Setting CVar [[gc.TimeBetweenPurgingPendingKillObjects:61.1]]
[2023.07.11-14.05.24:068][  0]LogConfig: Setting CVar [[gc.MaxObjectsInEditor:25165824]]
[2023.07.11-14.05.24:068][  0]LogConfig: Setting CVar [[gc.IncrementalBeginDestroyEnabled:1]]
[2023.07.11-14.05.24:068][  0]LogConfig: Setting CVar [[gc.CreateGCClusters:1]]
[2023.07.11-14.05.24:068][  0]LogConfig: Setting CVar [[gc.MinGCClusterSize:5]]
[2023.07.11-14.05.24:068][  0]LogConfig: Setting CVar [[gc.ActorClusteringEnabled:0]]
[2023.07.11-14.05.24:068][  0]LogConfig: Setting CVar [[gc.BlueprintClusteringEnabled:0]]
[2023.07.11-14.05.24:068][  0]LogConfig: Setting CVar [[gc.UseDisregardForGCOnDedicatedServers:0]]
[2023.07.11-14.05.24:068][  0]LogConfig: Setting CVar [[gc.MultithreadedDestructionEnabled:1]]
[2023.07.11-14.05.24:068][  0]LogConfig: Applying CVar settings from Section [/Script/Engine.NetworkSettings] File [C:/VperData/GitHub/ActionRoguelike/ActionRoguelike/Saved/Config/Windows/Engine.ini]
[2023.07.11-14.05.24:068][  0]LogConfig: Applying CVar settings from Section [/Script/UnrealEd.CookerSettings] File [C:/VperData/GitHub/ActionRoguelike/ActionRoguelike/Saved/Config/Windows/Engine.ini]
[2023.07.11-14.05.24:072][  0]LogConfig: Applying CVar settings from Section [ViewDistanceQuality@3] File [C:/VperData/GitHub/ActionRoguelike/ActionRoguelike/Saved/Config/Windows/Scalability.ini]
[2023.07.11-14.05.24:072][  0]LogConfig: Setting CVar [[r.SkeletalMeshLODBias:0]]
[2023.07.11-14.05.24:072][  0]LogConfig: Setting CVar [[r.ViewDistanceScale:1.0]]
[2023.07.11-14.05.24:072][  0]LogConfig: Applying CVar settings from Section [AntiAliasingQuality@3] File [C:/VperData/GitHub/ActionRoguelike/ActionRoguelike/Saved/Config/Windows/Scalability.ini]
[2023.07.11-14.05.24:072][  0]LogConfig: Setting CVar [[r.PostProcessAAQuality:4]]
[2023.07.11-14.05.24:072][  0]LogConfig: Applying CVar settings from Section [ShadowQuality@3] File [C:/VperData/GitHub/ActionRoguelike/ActionRoguelike/Saved/Config/Windows/Scalability.ini]
[2023.07.11-14.05.24:072][  0]LogConfig: Setting CVar [[r.LightFunctionQuality:1]]
[2023.07.11-14.05.24:072][  0]LogConfig: Setting CVar [[r.ShadowQuality:5]]
[2023.07.11-14.05.24:072][  0]LogConfig: Setting CVar [[r.Shadow.CSM.MaxCascades:10]]
[2023.07.11-14.05.24:072][  0]LogConfig: Setting CVar [[r.Shadow.MaxResolution:2048]]
[2023.07.11-14.05.24:072][  0]LogConfig: Setting CVar [[r.Shadow.MaxCSMResolution:2048]]
[2023.07.11-14.05.24:072][  0]LogConfig: Setting CVar [[r.Shadow.RadiusThreshold:0.01]]
[2023.07.11-14.05.24:072][  0]LogConfig: Setting CVar [[r.Shadow.DistanceScale:1.0]]
[2023.07.11-14.05.24:072][  0]LogConfig: Setting CVar [[r.Shadow.CSM.TransitionScale:1.0]]
[2023.07.11-14.05.24:072][  0]LogConfig: Setting CVar [[r.Shadow.PreShadowResolutionFactor:1.0]]
[2023.07.11-14.05.24:072][  0]LogConfig: Setting CVar [[r.DistanceFieldShadowing:1]]
[2023.07.11-14.05.24:072][  0]LogConfig: Setting CVar [[r.DistanceFieldAO:1]]
[2023.07.11-14.05.24:072][  0]LogConfig: Setting CVar [[r.AOQuality:2]]
[2023.07.11-14.05.24:072][  0]LogConfig: Setting CVar [[r.VolumetricFog:1]]
[2023.07.11-14.05.24:072][  0]LogConfig: Setting CVar [[r.VolumetricFog.GridPixelSize:8]]
[2023.07.11-14.05.24:072][  0]LogConfig: Setting CVar [[r.VolumetricFog.GridSizeZ:128]]
[2023.07.11-14.05.24:072][  0]LogConfig: Setting CVar [[r.VolumetricFog.HistoryMissSupersampleCount:4]]
[2023.07.11-14.05.24:072][  0]LogConfig: Setting CVar [[r.LightMaxDrawDistanceScale:1]]
[2023.07.11-14.05.24:072][  0]LogConfig: Setting CVar [[r.CapsuleShadows:1]]
[2023.07.11-14.05.24:072][  0]LogConfig: Applying CVar settings from Section [PostProcessQuality@3] File [C:/VperData/GitHub/ActionRoguelike/ActionRoguelike/Saved/Config/Windows/Scalability.ini]
[2023.07.11-14.05.24:072][  0]LogConfig: Setting CVar [[r.MotionBlurQuality:4]]
[2023.07.11-14.05.24:072][  0]LogConfig: Setting CVar [[r.AmbientOcclusionMipLevelFactor:0.4]]
[2023.07.11-14.05.24:072][  0]LogConfig: Setting CVar [[r.AmbientOcclusionMaxQuality:100]]
[2023.07.11-14.05.24:072][  0]LogConfig: Setting CVar [[r.AmbientOcclusionLevels:-1]]
[2023.07.11-14.05.24:072][  0]LogConfig: Setting CVar [[r.AmbientOcclusionRadiusScale:1.0]]
[2023.07.11-14.05.24:073][  0]LogConfig: Setting CVar [[r.DepthOfFieldQuality:2]]
[2023.07.11-14.05.24:073][  0]LogConfig: Setting CVar [[r.RenderTargetPoolMin:400]]
[2023.07.11-14.05.24:073][  0]LogConfig: Setting CVar [[r.LensFlareQuality:2]]
[2023.07.11-14.05.24:073][  0]LogConfig: Setting CVar [[r.SceneColorFringeQuality:1]]
[2023.07.11-14.05.24:073][  0]LogConfig: Setting CVar [[r.EyeAdaptationQuality:2]]
[2023.07.11-14.05.24:073][  0]LogConfig: Setting CVar [[r.BloomQuality:5]]
[2023.07.11-14.05.24:073][  0]LogConfig: Setting CVar [[r.FastBlurThreshold:100]]
[2023.07.11-14.05.24:073][  0]LogConfig: Setting CVar [[r.Upscale.Quality:3]]
[2023.07.11-14.05.24:073][  0]LogConfig: Setting CVar [[r.Tonemapper.GrainQuantization:1]]
[2023.07.11-14.05.24:073][  0]LogConfig: Setting CVar [[r.LightShaftQuality:1]]
[2023.07.11-14.05.24:073][  0]LogConfig: Setting CVar [[r.Filter.SizeScale:1]]
[2023.07.11-14.05.24:073][  0]LogConfig: Setting CVar [[r.Tonemapper.Quality:5]]
[2023.07.11-14.05.24:073][  0]LogConfig: Setting CVar [[r.DOF.Gather.AccumulatorQuality:1        ; higher gathering accumulator quality]]
[2023.07.11-14.05.24:073][  0]LogConfig: Setting CVar [[r.DOF.Gather.PostfilterMethod:1          ; Median3x3 postfilering method]]
[2023.07.11-14.05.24:073][  0]LogConfig: Setting CVar [[r.DOF.Gather.EnableBokehSettings:0       ; no bokeh simulation when gathering]]
[2023.07.11-14.05.24:073][  0]LogConfig: Setting CVar [[r.DOF.Gather.RingCount:4                 ; medium number of samples when gathering]]
[2023.07.11-14.05.24:073][  0]LogConfig: Setting CVar [[r.DOF.Scatter.ForegroundCompositing:1    ; additive foreground scattering]]
[2023.07.11-14.05.24:073][  0]LogConfig: Setting CVar [[r.DOF.Scatter.BackgroundCompositing:2    ; additive background scattering]]
[2023.07.11-14.05.24:073][  0]LogConfig: Setting CVar [[r.DOF.Scatter.EnableBokehSettings:1      ; bokeh simulation when scattering]]
[2023.07.11-14.05.24:073][  0]LogConfig: Setting CVar [[r.DOF.Scatter.MaxSpriteRatio:0.1         ; only a maximum of 10% of scattered bokeh]]
[2023.07.11-14.05.24:073][  0]LogConfig: Setting CVar [[r.DOF.Recombine.Quality:1                ; cheap slight out of focus]]
[2023.07.11-14.05.24:073][  0]LogConfig: Setting CVar [[r.DOF.Recombine.EnableBokehSettings:0    ; no bokeh simulation on slight out of focus]]
[2023.07.11-14.05.24:073][  0]LogConfig: Setting CVar [[r.DOF.TemporalAAQuality:1                ; more stable temporal accumulation]]
[2023.07.11-14.05.24:073][  0]LogConfig: Setting CVar [[r.DOF.Kernel.MaxForegroundRadius:0.025]]
[2023.07.11-14.05.24:073][  0]LogConfig: Setting CVar [[r.DOF.Kernel.MaxBackgroundRadius:0.025]]
[2023.07.11-14.05.24:073][  0]LogConfig: Applying CVar settings from Section [TextureQuality@3] File [C:/VperData/GitHub/ActionRoguelike/ActionRoguelike/Saved/Config/Windows/Scalability.ini]
[2023.07.11-14.05.24:073][  0]LogConfig: Setting CVar [[r.Streaming.MipBias:0]]
[2023.07.11-14.05.24:073][  0]LogConfig: Setting CVar [[r.Streaming.AmortizeCPUToGPUCopy:0]]
[2023.07.11-14.05.24:073][  0]LogConfig: Setting CVar [[r.Streaming.MaxNumTexturesToStreamPerFrame:0]]
[2023.07.11-14.05.24:073][  0]LogConfig: Setting CVar [[r.Streaming.Boost:1]]
[2023.07.11-14.05.24:073][  0]LogConfig: Setting CVar [[r.MaxAnisotropy:8]]
[2023.07.11-14.05.24:073][  0]LogConfig: Setting CVar [[r.VT.MaxAnisotropy:8]]
[2023.07.11-14.05.24:073][  0]LogConfig: Setting CVar [[r.Streaming.LimitPoolSizeToVRAM:0]]
[2023.07.11-14.05.24:074][  0]LogConfig: Setting CVar [[r.Streaming.PoolSize:1000]]
[2023.07.11-14.05.24:074][  0]LogConfig: Setting CVar [[r.Streaming.MaxEffectiveScreenSize:0]]
[2023.07.11-14.05.24:074][  0]LogConfig: Applying CVar settings from Section [EffectsQuality@3] File [C:/VperData/GitHub/ActionRoguelike/ActionRoguelike/Saved/Config/Windows/Scalability.ini]
[2023.07.11-14.05.24:074][  0]LogConfig: Setting CVar [[r.TranslucencyLightingVolumeDim:64]]
[2023.07.11-14.05.24:074][  0]LogConfig: Setting CVar [[r.RefractionQuality:2]]
[2023.07.11-14.05.24:074][  0]LogConfig: Setting CVar [[r.SSR.Quality:3]]
[2023.07.11-14.05.24:074][  0]LogConfig: Setting CVar [[r.SSR.HalfResSceneColor:0]]
[2023.07.11-14.05.24:074][  0]LogConfig: Setting CVar [[r.SceneColorFormat:4]]
[2023.07.11-14.05.24:074][  0]LogConfig: Setting CVar [[r.DetailMode:2]]
[2023.07.11-14.05.24:074][  0]LogConfig: Setting CVar [[r.TranslucencyVolumeBlur:1]]
[2023.07.11-14.05.24:074][  0]LogConfig: Setting CVar [[r.MaterialQualityLevel:1 ; High quality]]
[2023.07.11-14.05.24:074][  0]LogConfig: Setting CVar [[r.AnisotropicMaterials:1]]
[2023.07.11-14.05.24:074][  0]LogConfig: Setting CVar [[r.SSS.Scale:1]]
[2023.07.11-14.05.24:074][  0]LogConfig: Setting CVar [[r.SSS.SampleSet:2]]
[2023.07.11-14.05.24:074][  0]LogConfig: Setting CVar [[r.SSS.Quality:1]]
[2023.07.11-14.05.24:074][  0]LogConfig: Setting CVar [[r.SSS.HalfRes:0]]
[2023.07.11-14.05.24:074][  0]LogConfig: Setting CVar [[r.SSGI.Quality:3]]
[2023.07.11-14.05.24:074][  0]LogConfig: Setting CVar [[r.EmitterSpawnRateScale:1.0]]
[2023.07.11-14.05.24:074][  0]LogConfig: Setting CVar [[r.ParticleLightQuality:2]]
[2023.07.11-14.05.24:074][  0]LogConfig: Setting CVar [[r.SkyAtmosphere.AerialPerspectiveLUT.FastApplyOnOpaque:1 ; Always have FastSkyLUT 1 in this case to avoid wrong sky]]
[2023.07.11-14.05.24:074][  0]LogConfig: Setting CVar [[r.SkyAtmosphere.AerialPerspectiveLUT.SampleCountMaxPerSlice:4]]
[2023.07.11-14.05.24:074][  0]LogConfig: Setting CVar [[r.SkyAtmosphere.AerialPerspectiveLUT.DepthResolution:16.0]]
[2023.07.11-14.05.24:074][  0]LogConfig: Setting CVar [[r.SkyAtmosphere.FastSkyLUT:1]]
[2023.07.11-14.05.24:074][  0]LogConfig: Setting CVar [[r.SkyAtmosphere.FastSkyLUT.SampleCountMin:4.0]]
[2023.07.11-14.05.24:074][  0]LogConfig: Setting CVar [[r.SkyAtmosphere.FastSkyLUT.SampleCountMax:128.0]]
[2023.07.11-14.05.24:074][  0]LogConfig: Setting CVar [[r.SkyAtmosphere.SampleCountMin:4.0]]
[2023.07.11-14.05.24:074][  0]LogConfig: Setting CVar [[r.SkyAtmosphere.SampleCountMax:128.0]]
[2023.07.11-14.05.24:074][  0]LogConfig: Setting CVar [[r.SkyAtmosphere.TransmittanceLUT.UseSmallFormat:0]]
[2023.07.11-14.05.24:074][  0]LogConfig: Setting CVar [[r.SkyAtmosphere.TransmittanceLUT.SampleCount:10.0]]
[2023.07.11-14.05.24:074][  0]LogConfig: Setting CVar [[r.SkyAtmosphere.MultiScatteringLUT.SampleCount:15.0]]
[2023.07.11-14.05.24:074][  0]LogConfig: Setting CVar [[r.SkyLight.RealTimeReflectionCapture:1]]
[2023.07.11-14.05.24:074][  0]LogConfig: Applying CVar settings from Section [FoliageQuality@3] File [C:/VperData/GitHub/ActionRoguelike/ActionRoguelike/Saved/Config/Windows/Scalability.ini]
[2023.07.11-14.05.24:074][  0]LogConfig: Setting CVar [[foliage.DensityScale:1.0]]
[2023.07.11-14.05.24:074][  0]LogConfig: Setting CVar [[grass.DensityScale:1.0]]
[2023.07.11-14.05.24:075][  0]LogConfig: Applying CVar settings from Section [ShadingQuality@3] File [C:/VperData/GitHub/ActionRoguelike/ActionRoguelike/Saved/Config/Windows/Scalability.ini]
[2023.07.11-14.05.24:075][  0]LogConfig: Setting CVar [[r.HairStrands.SkyLighting.IntegrationType:2]]
[2023.07.11-14.05.24:075][  0]LogConfig: Setting CVar [[r.HairStrands.SkyAO.SampleCount:4]]
[2023.07.11-14.05.24:075][  0]LogConfig: Setting CVar [[r.HairStrands.Visibility.MSAA.SamplePerPixel:4]]
[2023.07.11-14.05.24:075][  0]LogInit: Selected Device Profile: [Windows]
[2023.07.11-14.05.24:075][  0]LogInit: Applying CVar settings loaded from the selected device profile: [Windows]
[2023.07.11-14.05.24:075][  0]LogHAL: Display: Platform has ~ 32 GB [34185904128 / 34359738368 / 32], which maps to Largest [LargestMinGB=32, LargerMinGB=12, DefaultMinGB=8, SmallerMinGB=6, SmallestMinGB=0)
[2023.07.11-14.05.24:075][  0]LogInit: Going up to parent DeviceProfile []
[2023.07.11-14.05.24:075][  0]LogConfig: Applying CVar settings from Section [ViewDistanceQuality@3] File [C:/VperData/GitHub/ActionRoguelike/ActionRoguelike/Saved/Config/Windows/Scalability.ini]
[2023.07.11-14.05.24:075][  0]LogConfig: Setting CVar [[r.SkeletalMeshLODBias:0]]
[2023.07.11-14.05.24:075][  0]LogConfig: Setting CVar [[r.ViewDistanceScale:1.0]]
[2023.07.11-14.05.24:075][  0]LogConfig: Applying CVar settings from Section [AntiAliasingQuality@3] File [C:/VperData/GitHub/ActionRoguelike/ActionRoguelike/Saved/Config/Windows/Scalability.ini]
[2023.07.11-14.05.24:075][  0]LogConfig: Setting CVar [[r.PostProcessAAQuality:4]]
[2023.07.11-14.05.24:075][  0]LogConfig: Applying CVar settings from Section [ShadowQuality@3] File [C:/VperData/GitHub/ActionRoguelike/ActionRoguelike/Saved/Config/Windows/Scalability.ini]
[2023.07.11-14.05.24:075][  0]LogConfig: Setting CVar [[r.LightFunctionQuality:1]]
[2023.07.11-14.05.24:075][  0]LogConfig: Setting CVar [[r.ShadowQuality:5]]
[2023.07.11-14.05.24:075][  0]LogConfig: Setting CVar [[r.Shadow.CSM.MaxCascades:10]]
[2023.07.11-14.05.24:075][  0]LogConfig: Setting CVar [[r.Shadow.MaxResolution:2048]]
[2023.07.11-14.05.24:075][  0]LogConfig: Setting CVar [[r.Shadow.MaxCSMResolution:2048]]
[2023.07.11-14.05.24:075][  0]LogConfig: Setting CVar [[r.Shadow.RadiusThreshold:0.01]]
[2023.07.11-14.05.24:075][  0]LogConfig: Setting CVar [[r.Shadow.DistanceScale:1.0]]
[2023.07.11-14.05.24:075][  0]LogConfig: Setting CVar [[r.Shadow.CSM.TransitionScale:1.0]]
[2023.07.11-14.05.24:075][  0]LogConfig: Setting CVar [[r.Shadow.PreShadowResolutionFactor:1.0]]
[2023.07.11-14.05.24:075][  0]LogConfig: Setting CVar [[r.DistanceFieldShadowing:1]]
[2023.07.11-14.05.24:075][  0]LogConfig: Setting CVar [[r.DistanceFieldAO:1]]
[2023.07.11-14.05.24:075][  0]LogConfig: Setting CVar [[r.AOQuality:2]]
[2023.07.11-14.05.24:075][  0]LogConfig: Setting CVar [[r.VolumetricFog:1]]
[2023.07.11-14.05.24:075][  0]LogConfig: Setting CVar [[r.VolumetricFog.GridPixelSize:8]]
[2023.07.11-14.05.24:075][  0]LogConfig: Setting CVar [[r.VolumetricFog.GridSizeZ:128]]
[2023.07.11-14.05.24:075][  0]LogConfig: Setting CVar [[r.VolumetricFog.HistoryMissSupersampleCount:4]]
[2023.07.11-14.05.24:076][  0]LogConfig: Setting CVar [[r.LightMaxDrawDistanceScale:1]]
[2023.07.11-14.05.24:076][  0]LogConfig: Setting CVar [[r.CapsuleShadows:1]]
[2023.07.11-14.05.24:076][  0]LogConfig: Applying CVar settings from Section [PostProcessQuality@3] File [C:/VperData/GitHub/ActionRoguelike/ActionRoguelike/Saved/Config/Windows/Scalability.ini]
[2023.07.11-14.05.24:076][  0]LogConfig: Setting CVar [[r.MotionBlurQuality:4]]
[2023.07.11-14.05.24:076][  0]LogConfig: Setting CVar [[r.AmbientOcclusionMipLevelFactor:0.4]]
[2023.07.11-14.05.24:076][  0]LogConfig: Setting CVar [[r.AmbientOcclusionMaxQuality:100]]
[2023.07.11-14.05.24:076][  0]LogConfig: Setting CVar [[r.AmbientOcclusionLevels:-1]]
[2023.07.11-14.05.24:076][  0]LogConfig: Setting CVar [[r.AmbientOcclusionRadiusScale:1.0]]
[2023.07.11-14.05.24:076][  0]LogConfig: Setting CVar [[r.DepthOfFieldQuality:2]]
[2023.07.11-14.05.24:076][  0]LogConfig: Setting CVar [[r.RenderTargetPoolMin:400]]
[2023.07.11-14.05.24:076][  0]LogConfig: Setting CVar [[r.LensFlareQuality:2]]
[2023.07.11-14.05.24:076][  0]LogConfig: Setting CVar [[r.SceneColorFringeQuality:1]]
[2023.07.11-14.05.24:076][  0]LogConfig: Setting CVar [[r.EyeAdaptationQuality:2]]
[2023.07.11-14.05.24:076][  0]LogConfig: Setting CVar [[r.BloomQuality:5]]
[2023.07.11-14.05.24:076][  0]LogConfig: Setting CVar [[r.FastBlurThreshold:100]]
[2023.07.11-14.05.24:076][  0]LogConfig: Setting CVar [[r.Upscale.Quality:3]]
[2023.07.11-14.05.24:076][  0]LogConfig: Setting CVar [[r.Tonemapper.GrainQuantization:1]]
[2023.07.11-14.05.24:076][  0]LogConfig: Setting CVar [[r.LightShaftQuality:1]]
[2023.07.11-14.05.24:076][  0]LogConfig: Setting CVar [[r.Filter.SizeScale:1]]
[2023.07.11-14.05.24:076][  0]LogConfig: Setting CVar [[r.Tonemapper.Quality:5]]
[2023.07.11-14.05.24:076][  0]LogConfig: Setting CVar [[r.DOF.Gather.AccumulatorQuality:1        ; higher gathering accumulator quality]]
[2023.07.11-14.05.24:076][  0]LogConfig: Setting CVar [[r.DOF.Gather.PostfilterMethod:1          ; Median3x3 postfilering method]]
[2023.07.11-14.05.24:076][  0]LogConfig: Setting CVar [[r.DOF.Gather.EnableBokehSettings:0       ; no bokeh simulation when gathering]]
[2023.07.11-14.05.24:076][  0]LogConfig: Setting CVar [[r.DOF.Gather.RingCount:4                 ; medium number of samples when gathering]]
[2023.07.11-14.05.24:076][  0]LogConfig: Setting CVar [[r.DOF.Scatter.ForegroundCompositing:1    ; additive foreground scattering]]
[2023.07.11-14.05.24:076][  0]LogConfig: Setting CVar [[r.DOF.Scatter.BackgroundCompositing:2    ; additive background scattering]]
[2023.07.11-14.05.24:076][  0]LogConfig: Setting CVar [[r.DOF.Scatter.EnableBokehSettings:1      ; bokeh simulation when scattering]]
[2023.07.11-14.05.24:076][  0]LogConfig: Setting CVar [[r.DOF.Scatter.MaxSpriteRatio:0.1         ; only a maximum of 10% of scattered bokeh]]
[2023.07.11-14.05.24:076][  0]LogConfig: Setting CVar [[r.DOF.Recombine.Quality:1                ; cheap slight out of focus]]
[2023.07.11-14.05.24:076][  0]LogConfig: Setting CVar [[r.DOF.Recombine.EnableBokehSettings:0    ; no bokeh simulation on slight out of focus]]
[2023.07.11-14.05.24:076][  0]LogConfig: Setting CVar [[r.DOF.TemporalAAQuality:1                ; more stable temporal accumulation]]
[2023.07.11-14.05.24:076][  0]LogConfig: Setting CVar [[r.DOF.Kernel.MaxForegroundRadius:0.025]]
[2023.07.11-14.05.24:076][  0]LogConfig: Setting CVar [[r.DOF.Kernel.MaxBackgroundRadius:0.025]]
[2023.07.11-14.05.24:077][  0]LogConfig: Applying CVar settings from Section [TextureQuality@3] File [C:/VperData/GitHub/ActionRoguelike/ActionRoguelike/Saved/Config/Windows/Scalability.ini]
[2023.07.11-14.05.24:077][  0]LogConfig: Setting CVar [[r.Streaming.MipBias:0]]
[2023.07.11-14.05.24:077][  0]LogConfig: Setting CVar [[r.Streaming.AmortizeCPUToGPUCopy:0]]
[2023.07.11-14.05.24:077][  0]LogConfig: Setting CVar [[r.Streaming.MaxNumTexturesToStreamPerFrame:0]]
[2023.07.11-14.05.24:077][  0]LogConfig: Setting CVar [[r.Streaming.Boost:1]]
[2023.07.11-14.05.24:077][  0]LogConfig: Setting CVar [[r.MaxAnisotropy:8]]
[2023.07.11-14.05.24:077][  0]LogConfig: Setting CVar [[r.VT.MaxAnisotropy:8]]
[2023.07.11-14.05.24:077][  0]LogConfig: Setting CVar [[r.Streaming.LimitPoolSizeToVRAM:0]]
[2023.07.11-14.05.24:077][  0]LogConfig: Setting CVar [[r.Streaming.PoolSize:1000]]
[2023.07.11-14.05.24:077][  0]LogConfig: Setting CVar [[r.Streaming.MaxEffectiveScreenSize:0]]
[2023.07.11-14.05.24:077][  0]LogConfig: Applying CVar settings from Section [EffectsQuality@3] File [C:/VperData/GitHub/ActionRoguelike/ActionRoguelike/Saved/Config/Windows/Scalability.ini]
[2023.07.11-14.05.24:077][  0]LogConfig: Setting CVar [[r.TranslucencyLightingVolumeDim:64]]
[2023.07.11-14.05.24:077][  0]LogConfig: Setting CVar [[r.RefractionQuality:2]]
[2023.07.11-14.05.24:077][  0]LogConfig: Setting CVar [[r.SSR.Quality:3]]
[2023.07.11-14.05.24:077][  0]LogConfig: Setting CVar [[r.SSR.HalfResSceneColor:0]]
[2023.07.11-14.05.24:077][  0]LogConfig: Setting CVar [[r.SceneColorFormat:4]]
[2023.07.11-14.05.24:077][  0]LogConfig: Setting CVar [[r.DetailMode:2]]
[2023.07.11-14.05.24:077][  0]LogConfig: Setting CVar [[r.TranslucencyVolumeBlur:1]]
[2023.07.11-14.05.24:077][  0]LogConfig: Setting CVar [[r.MaterialQualityLevel:1 ; High quality]]
[2023.07.11-14.05.24:077][  0]LogConfig: Setting CVar [[r.AnisotropicMaterials:1]]
[2023.07.11-14.05.24:077][  0]LogConfig: Setting CVar [[r.SSS.Scale:1]]
[2023.07.11-14.05.24:077][  0]LogConfig: Setting CVar [[r.SSS.SampleSet:2]]
[2023.07.11-14.05.24:077][  0]LogConfig: Setting CVar [[r.SSS.Quality:1]]
[2023.07.11-14.05.24:077][  0]LogConfig: Setting CVar [[r.SSS.HalfRes:0]]
[2023.07.11-14.05.24:077][  0]LogConfig: Setting CVar [[r.SSGI.Quality:3]]
[2023.07.11-14.05.24:077][  0]LogConfig: Setting CVar [[r.EmitterSpawnRateScale:1.0]]
[2023.07.11-14.05.24:077][  0]LogConfig: Setting CVar [[r.ParticleLightQuality:2]]
[2023.07.11-14.05.24:077][  0]LogConfig: Setting CVar [[r.SkyAtmosphere.AerialPerspectiveLUT.FastApplyOnOpaque:1 ; Always have FastSkyLUT 1 in this case to avoid wrong sky]]
[2023.07.11-14.05.24:077][  0]LogConfig: Setting CVar [[r.SkyAtmosphere.AerialPerspectiveLUT.SampleCountMaxPerSlice:4]]
[2023.07.11-14.05.24:078][  0]LogConfig: Setting CVar [[r.SkyAtmosphere.AerialPerspectiveLUT.DepthResolution:16.0]]
[2023.07.11-14.05.24:078][  0]LogConfig: Setting CVar [[r.SkyAtmosphere.FastSkyLUT:1]]
[2023.07.11-14.05.24:078][  0]LogConfig: Setting CVar [[r.SkyAtmosphere.FastSkyLUT.SampleCountMin:4.0]]
[2023.07.11-14.05.24:078][  0]LogConfig: Setting CVar [[r.SkyAtmosphere.FastSkyLUT.SampleCountMax:128.0]]
[2023.07.11-14.05.24:078][  0]LogConfig: Setting CVar [[r.SkyAtmosphere.SampleCountMin:4.0]]
[2023.07.11-14.05.24:078][  0]LogConfig: Setting CVar [[r.SkyAtmosphere.SampleCountMax:128.0]]
[2023.07.11-14.05.24:078][  0]LogConfig: Setting CVar [[r.SkyAtmosphere.TransmittanceLUT.UseSmallFormat:0]]
[2023.07.11-14.05.24:078][  0]LogConfig: Setting CVar [[r.SkyAtmosphere.TransmittanceLUT.SampleCount:10.0]]
[2023.07.11-14.05.24:078][  0]LogConfig: Setting CVar [[r.SkyAtmosphere.MultiScatteringLUT.SampleCount:15.0]]
[2023.07.11-14.05.24:078][  0]LogConfig: Setting CVar [[r.SkyLight.RealTimeReflectionCapture:1]]
[2023.07.11-14.05.24:078][  0]LogConfig: Applying CVar settings from Section [FoliageQuality@3] File [C:/VperData/GitHub/ActionRoguelike/ActionRoguelike/Saved/Config/Windows/Scalability.ini]
[2023.07.11-14.05.24:078][  0]LogConfig: Setting CVar [[foliage.DensityScale:1.0]]
[2023.07.11-14.05.24:078][  0]LogConfig: Setting CVar [[grass.DensityScale:1.0]]
[2023.07.11-14.05.24:078][  0]LogConfig: Applying CVar settings from Section [ShadingQuality@3] File [C:/VperData/GitHub/ActionRoguelike/ActionRoguelike/Saved/Config/Windows/Scalability.ini]
[2023.07.11-14.05.24:078][  0]LogConfig: Setting CVar [[r.HairStrands.SkyLighting.IntegrationType:2]]
[2023.07.11-14.05.24:078][  0]LogConfig: Setting CVar [[r.HairStrands.SkyAO.SampleCount:4]]
[2023.07.11-14.05.24:078][  0]LogConfig: Setting CVar [[r.HairStrands.Visibility.MSAA.SamplePerPixel:4]]
[2023.07.11-14.05.24:078][  0]LogConfig: Applying CVar settings from Section [Startup] File [../../../Engine/Config/ConsoleVariables.ini]
[2023.07.11-14.05.24:078][  0]LogConfig: Setting CVar [[net.UseAdaptiveNetUpdateFrequency:0]]
[2023.07.11-14.05.24:078][  0]LogConfig: Setting CVar [[p.chaos.AllowCreatePhysxBodies:1]]
[2023.07.11-14.05.24:078][  0]LogConfig: Setting CVar [[fx.SkipVectorVMBackendOptimizations:1]]
[2023.07.11-14.05.24:078][  0]LogConfig: Applying CVar settings from Section [ConsoleVariables] File [C:/VperData/GitHub/ActionRoguelike/ActionRoguelike/Saved/Config/Windows/Engine.ini]
[2023.07.11-14.05.24:078][  0]LogConfig: Applying CVar settings from Section [ConsoleVariables] File [C:/VperData/GitHub/ActionRoguelike/ActionRoguelike/Saved/Config/Windows/Editor.ini]
[2023.07.11-14.05.24:078][  0]LogInit: Computer: VPER
[2023.07.11-14.05.24:078][  0]LogInit: User: virtu
[2023.07.11-14.05.24:078][  0]LogInit: CPU Page size=4096, Cores=14
[2023.07.11-14.05.24:079][  0]LogInit: High frequency timer resolution =10.000000 MHz
[2023.07.11-14.05.24:079][  0]LogMemory: Memory total: Physical=31.8GB (32GB approx)
[2023.07.11-14.05.24:079][  0]LogMemory: Platform Memory Stats for Windows
[2023.07.11-14.05.24:079][  0]LogMemory: Process Physical Memory: 149.66 MB used, 149.66 MB peak
[2023.07.11-14.05.24:079][  0]LogMemory: Process Virtual Memory: 129.41 MB used, 129.41 MB peak
[2023.07.11-14.05.24:079][  0]LogMemory: Physical Memory: 9891.41 MB used,  22710.80 MB free, 32602.22 MB total
[2023.07.11-14.05.24:079][  0]LogMemory: Virtual Memory: 134197360.00 MB used,  20370.73 MB free, 134217728.00 MB total
[2023.07.11-14.05.24:083][  0]LogWindows: WindowsPlatformFeatures enabled
[2023.07.11-14.05.24:179][  0]LogInit: Physics initialised using underlying interface: PhysX
[2023.07.11-14.05.24:180][  0]LogInit: Overriding language with editor language configuration option (en).
[2023.07.11-14.05.24:180][  0]LogInit: Using OS detected locale (zh-CN).
[2023.07.11-14.05.24:295][  0]LogInit: Setting process to per monitor DPI aware
[2023.07.11-14.05.24:306][  0]LogWindowsTextInputMethodSystem: Display: IME system deactivated.
[2023.07.11-14.05.24:318][  0]LogSlate: New Slate User Created.  User Index 0, Is Virtual User: 0
[2023.07.11-14.05.24:318][  0]LogSlate: Slate User Registered.  User Index 0, Is Virtual User: 0
[2023.07.11-14.05.24:365][  0]LogD3D11RHI: Loaded GFSDK_Aftermath_Lib.x64.dll
[2023.07.11-14.05.24:369][  0]LogHMD: Failed to initialize OpenVR with code 110
[2023.07.11-14.05.24:369][  0]LogD3D11RHI: D3D11 min allowed feature level: 11_0
[2023.07.11-14.05.24:369][  0]LogD3D11RHI: D3D11 max allowed feature level: 11_0
[2023.07.11-14.05.24:369][  0]LogD3D11RHI: D3D11 adapters:
[2023.07.11-14.05.24:447][  0]LogD3D11RHI:    0. 'NVIDIA GeForce RTX 3060 Ti' (Feature Level 11_0)
[2023.07.11-14.05.24:448][  0]LogD3D11RHI:       8038/0/16301 MB DedicatedVideo/DedicatedSystem/SharedSystem, Outputs:1, VendorId:0x10de
[2023.07.11-14.05.24:450][  0]LogD3D11RHI:    1. 'Microsoft Basic Render Driver' (Feature Level 11_0)
[2023.07.11-14.05.24:450][  0]LogD3D11RHI:       0/0/16301 MB DedicatedVideo/DedicatedSystem/SharedSystem, Outputs:0, VendorId:0x1414
[2023.07.11-14.05.24:450][  0]LogD3D11RHI: Chosen D3D11 Adapter:
[2023.07.11-14.05.24:450][  0]LogD3D11RHI:     Description : NVIDIA GeForce RTX 3060 Ti
[2023.07.11-14.05.24:450][  0]LogD3D11RHI:     VendorId    : 10de
[2023.07.11-14.05.24:450][  0]LogD3D11RHI:     DeviceId    : 24c9
[2023.07.11-14.05.24:450][  0]LogD3D11RHI:     SubSysId    : 88b61043
[2023.07.11-14.05.24:450][  0]LogD3D11RHI:     Revision    : 00a1
[2023.07.11-14.05.24:450][  0]LogD3D11RHI:     DedicatedVideoMemory : 8428453888 bytes
[2023.07.11-14.05.24:450][  0]LogD3D11RHI:     DedicatedSystemMemory : 0 bytes
[2023.07.11-14.05.24:450][  0]LogD3D11RHI:     SharedSystemMemory : 17092952064 bytes
[2023.07.11-14.05.24:450][  0]LogD3D11RHI:     AdapterLuid : 0 60120
[2023.07.11-14.05.24:454][  0]LogD3D11RHI: Creating new Direct3DDevice
[2023.07.11-14.05.24:454][  0]LogD3D11RHI:     GPU DeviceId: 0x24c9 (for the marketing name, search the web for "GPU Device Id")
[2023.07.11-14.05.24:454][  0]LogWindows: EnumDisplayDevices:
[2023.07.11-14.05.24:454][  0]LogWindows:    0. 'NVIDIA GeForce RTX 3060 Ti' (P:1 D:1)
[2023.07.11-14.05.24:454][  0]LogWindows:    1. 'NVIDIA GeForce RTX 3060 Ti' (P:0 D:0)
[2023.07.11-14.05.24:454][  0]LogWindows:    2. 'NVIDIA GeForce RTX 3060 Ti' (P:0 D:0)
[2023.07.11-14.05.24:455][  0]LogWindows:    3. 'NVIDIA GeForce RTX 3060 Ti' (P:0 D:0)
[2023.07.11-14.05.24:455][  0]LogWindows: DebugString: FoundDriverCount:4 
[2023.07.11-14.05.24:455][  0]LogD3D11RHI:     Adapter Name: NVIDIA GeForce RTX 3060 Ti
[2023.07.11-14.05.24:455][  0]LogD3D11RHI:   Driver Version: 528.24 (internal:31.0.15.2824, unified:528.24)
[2023.07.11-14.05.24:455][  0]LogD3D11RHI:      Driver Date: 1-15-2023
[2023.07.11-14.05.24:455][  0]LogRHI: Texture pool is 5626 MB (70% of 8038 MB)
[2023.07.11-14.05.24:455][  0]LogD3D11RHI: Creating D3DDevice using adapter:
[2023.07.11-14.05.24:455][  0]LogD3D11RHI:     Description : NVIDIA GeForce RTX 3060 Ti
[2023.07.11-14.05.24:455][  0]LogD3D11RHI:     VendorId    : 10de
[2023.07.11-14.05.24:455][  0]LogD3D11RHI:     DeviceId    : 24c9
[2023.07.11-14.05.24:455][  0]LogD3D11RHI:     SubSysId    : 88b61043
[2023.07.11-14.05.24:455][  0]LogD3D11RHI:     Revision    : 00a1
[2023.07.11-14.05.24:455][  0]LogD3D11RHI:     DedicatedVideoMemory : 8428453888 bytes
[2023.07.11-14.05.24:455][  0]LogD3D11RHI:     DedicatedSystemMemory : 0 bytes
[2023.07.11-14.05.24:455][  0]LogD3D11RHI:     SharedSystemMemory : 17092952064 bytes
[2023.07.11-14.05.24:455][  0]LogD3D11RHI:     AdapterLuid : 0 60120
[2023.07.11-14.05.24:492][  0]LogD3D11RHI: RHI has support for 64 bit atomics
[2023.07.11-14.05.24:492][  0]LogD3D11RHI: Async texture creation enabled
[2023.07.11-14.05.24:492][  0]LogD3D11RHI: Array index from any shader is supported
[2023.07.11-14.05.24:508][  0]LogD3D11RHI: GPU Timing Frequency: 1000.000000 (Debug: 2 2)
[2023.07.11-14.05.24:524][  0]LogRHI: GeForceNow SDK initialized: 1
[2023.07.11-14.05.24:716][  0]LogTargetPlatformManager: Display: Loaded TargetPlatform 'AllDesktop'
[2023.07.11-14.05.24:729][  0]LogTargetPlatformManager: Display: Loaded TargetPlatform 'Android'
[2023.07.11-14.05.24:729][  0]LogTargetPlatformManager: Display: Loaded TargetPlatform 'Android_ASTC'
[2023.07.11-14.05.24:729][  0]LogTargetPlatformManager: Display: Loaded TargetPlatform 'Android_DXT'
[2023.07.11-14.05.24:729][  0]LogTargetPlatformManager: Display: Loaded TargetPlatform 'Android_ETC2'
[2023.07.11-14.05.24:729][  0]LogTargetPlatformManager: Display: Loaded TargetPlatform 'AndroidClient'
[2023.07.11-14.05.24:729][  0]LogTargetPlatformManager: Display: Loaded TargetPlatform 'Android_ASTCClient'
[2023.07.11-14.05.24:729][  0]LogTargetPlatformManager: Display: Loaded TargetPlatform 'Android_DXTClient'
[2023.07.11-14.05.24:729][  0]LogTargetPlatformManager: Display: Loaded TargetPlatform 'Android_ETC2Client'
[2023.07.11-14.05.24:729][  0]LogTargetPlatformManager: Display: Loaded TargetPlatform 'Android_Multi'
[2023.07.11-14.05.24:729][  0]LogTargetPlatformManager: Display: Loaded TargetPlatform 'Android_MultiClient'
[2023.07.11-14.05.24:763][  0]LogTargetPlatformManager: Display: Loaded TargetPlatform 'IOSClient'
[2023.07.11-14.05.24:763][  0]LogTargetPlatformManager: Display: Loaded TargetPlatform 'IOS'
[2023.07.11-14.05.24:771][  0]LogTargetPlatformManager: Display: Loaded TargetPlatform 'Linux'
[2023.07.11-14.05.24:776][  0]LogTargetPlatformManager: Display: Loaded TargetPlatform 'LinuxNoEditor'
[2023.07.11-14.05.24:781][  0]LogTargetPlatformManager: Display: Loaded TargetPlatform 'LinuxClient'
[2023.07.11-14.05.24:785][  0]LogTargetPlatformManager: Display: Loaded TargetPlatform 'LinuxServer'
[2023.07.11-14.05.24:791][  0]LogTargetPlatformManager: Display: Loaded TargetPlatform 'LinuxAArch64NoEditor'
[2023.07.11-14.05.24:796][  0]LogTargetPlatformManager: Display: Loaded TargetPlatform 'LinuxAArch64Client'
[2023.07.11-14.05.24:801][  0]LogTargetPlatformManager: Display: Loaded TargetPlatform 'LinuxAArch64Server'
[2023.07.11-14.05.24:818][  0]LogTargetPlatformManager: Display: Loaded TargetPlatform 'Lumin'
[2023.07.11-14.05.24:818][  0]LogTargetPlatformManager: Display: Loaded TargetPlatform 'LuminClient'
[2023.07.11-14.05.24:829][  0]LogTargetPlatformManager: Display: Loaded TargetPlatform 'MacNoEditor'
[2023.07.11-14.05.24:835][  0]LogTargetPlatformManager: Display: Loaded TargetPlatform 'Mac'
[2023.07.11-14.05.24:840][  0]LogTargetPlatformManager: Display: Loaded TargetPlatform 'MacClient'
[2023.07.11-14.05.24:846][  0]LogTargetPlatformManager: Display: Loaded TargetPlatform 'MacServer'
[2023.07.11-14.05.24:857][  0]LogTargetPlatformManager: Display: Loaded TargetPlatform 'TVOSClient'
[2023.07.11-14.05.24:857][  0]LogTargetPlatformManager: Display: Loaded TargetPlatform 'TVOS'
[2023.07.11-14.05.24:865][  0]LogTargetPlatformManager: Display: Loaded TargetPlatform 'WindowsNoEditor'
[2023.07.11-14.05.24:874][  0]LogTargetPlatformManager: Display: Loaded TargetPlatform 'Windows'
[2023.07.11-14.05.24:881][  0]LogTargetPlatformManager: Display: Loaded TargetPlatform 'WindowsClient'
[2023.07.11-14.05.24:886][  0]LogTargetPlatformManager: Display: Loaded TargetPlatform 'WindowsServer'
[2023.07.11-14.05.24:886][  0]LogTargetPlatformManager: Display: Building Assets For Windows
[2023.07.11-14.05.24:898][  0]LogAudioDebug: Display: Lib vorbis DLL was dynamically loaded.
[2023.07.11-14.05.24:941][  0]LogTextureFormatOodle: Display: Oodle Texture 2.9.0 init RDO Off
[2023.07.11-14.05.24:992][  0]LogRendererCore: Ray tracing is disabled. Reason: r.RayTracing=0.
[2023.07.11-14.05.24:992][  0]LogShaderCompilers: Guid format shader working directory is -23 characters bigger than the processId version (../../../../../../../VperData/GitHub/ActionRoguelike/ActionRoguelike/Intermediate/Shaders/WorkingDirectory/17584/).
[2023.07.11-14.05.24:992][  0]LogShaderCompilers: Cleaned the shader compiler working directory 'C:/Users/virtu/AppData/Local/Temp/UnrealShaderWorkingDir/D264DC1A4FAC5E00E07306BE69997E1A/'.
[2023.07.11-14.05.24:992][  0]LogXGEController: Cannot use XGE Controller as Incredibuild is not installed on this machine.
[2023.07.11-14.05.24:992][  0]LogShaderCompilers: Cannot use XGE Shader Compiler as Incredibuild is not installed on this machine.
[2023.07.11-14.05.24:992][  0]LogShaderCompilers: Display: Using Local Shader Compiler.
[2023.07.11-14.05.25:434][  0]LogDerivedDataCache: Display: Max Cache Size: 512 MB
[2023.07.11-14.05.25:471][  0]LogDerivedDataCache: Loaded boot cache 0.04s 94MB C:/Users/virtu/AppData/Local/UnrealEngine/4.27/DerivedDataCache/Boot.ddc.
[2023.07.11-14.05.25:473][  0]LogDerivedDataCache: Display: Loaded Boot cache: C:/Users/virtu/AppData/Local/UnrealEngine/4.27/DerivedDataCache/Boot.ddc
[2023.07.11-14.05.25:473][  0]LogDerivedDataCache: FDerivedDataBackendGraph:  Pak pak cache file ../../../../../../../VperData/GitHub/ActionRoguelike/ActionRoguelike/DerivedDataCache/DDC.ddp not found, will not use a pak cache.
[2023.07.11-14.05.25:473][  0]LogDerivedDataCache: Unable to find inner node Pak for hierarchical cache Hierarchy.
[2023.07.11-14.05.25:473][  0]LogDerivedDataCache: FDerivedDataBackendGraph:  CompressedPak pak cache file ../../../../../../../VperData/GitHub/ActionRoguelike/ActionRoguelike/DerivedDataCache/Compressed.ddp not found, will not use a pak cache.
[2023.07.11-14.05.25:473][  0]LogDerivedDataCache: Unable to find inner node CompressedPak for hierarchical cache Hierarchy.
[2023.07.11-14.05.25:484][  0]LogDerivedDataCache: Display: Pak cache opened for reading ../../../Engine/DerivedDataCache/Compressed.ddp.
[2023.07.11-14.05.25:484][  0]LogDerivedDataCache: FDerivedDataBackendGraph:  EnterprisePak pak cache file ../../../Enterprise/DerivedDataCache/Compressed.ddp not found, will not use a pak cache.
[2023.07.11-14.05.25:484][  0]LogDerivedDataCache: Unable to find inner node EnterprisePak for hierarchical cache Hierarchy.
[2023.07.11-14.05.25:489][  0]LogDerivedDataCache: Speed tests for C:/Users/virtu/AppData/Local/UnrealEngine/Common/DerivedDataCache took 0.00 seconds
[2023.07.11-14.05.25:489][  0]LogDerivedDataCache: Display: Performance to C:/Users/virtu/AppData/Local/UnrealEngine/Common/DerivedDataCache: Latency=0.01ms. RandomReadSpeed=2727.96MBs, RandomWriteSpeed=219.71MBs. Assigned SpeedClass 'Local'
[2023.07.11-14.05.25:490][  0]LogDerivedDataCache: Using Local data cache path C:/Users/virtu/AppData/Local/UnrealEngine/Common/DerivedDataCache: Writable
[2023.07.11-14.05.25:490][  0]LogDerivedDataCache: Shared data cache path not found in *engine.ini, will not use an Shared cache.
[2023.07.11-14.05.25:490][  0]LogDerivedDataCache: Unable to find inner node Shared for hierarchical cache Hierarchy.
[2023.07.11-14.05.25:515][  0]LogSlate: Using FreeType 2.10.0
[2023.07.11-14.05.25:515][  0]LogSlate: SlateFontServices - WITH_FREETYPE: 1, WITH_HARFBUZZ: 1
[2023.07.11-14.05.25:534][  0]LogAssetRegistry: FAssetRegistry took 0.0024 seconds to start up
[2023.07.11-14.05.25:655][  0]LogInit: Selected Device Profile: [Windows]
[2023.07.11-14.05.25:655][  0]LogInit: Active device profile: [000002C83B41AD00][000002C839433040 49] Windows
[2023.07.11-14.05.25:655][  0]LogInit: Profiles: [000002C83B41AD00][000002C839433040 49] Windows, [000002C83B3A5700][000002C83943B1C0 49] WindowsNoEditor, [000002C83B41A200][000002C83943F340 49] WindowsServer, [000002C83B3A6100][000002C8394434C0 49] WindowsClient, [000002C83B418400][000002C839447640 49] IOS, [000002C83B3A7400][000002C83944B7C0 49] iPadAir, [000002C83B418600][000002C83944F940 49] iPadAir2, [000002C83B359100][000002C839457C00 49] IPadPro, [000002C83B359200][000002C8394520C0 49] iPadAir3, [000002C83B3A6C00][000002C83945A240 49] iPadAir4, [000002C83B359F00][000002C83B6C23C0 49] iPadMini2, [000002C83B3A4700][000002C83B6C6540 49] iPadMini3, [000002C83B35AA00][000002C83B6CA6C0 49] iPadMini4, [000002C83B3A4F00][000002C83B6CE840 49] iPadMini5, [000002C83B360900][000002C83B6D2A80 49] iPhone6, [000002C83B360A00][000002C839436AC0 49] iPodTouch6, [000002C83B419600][000002C83B6DAD00 49] iPhone7, [000002C83B419300][000002C83B6D6D40 49] iPodTouch7, [000002C83B360200][000002C83B6E2EC0 49] iPhone5S, [000002C83B359D00][000002C83B6E7040 49] iPhone6Plus, [000002C83B363A00][000002C83B6EB1C0 49] iPhone6S, [000002C83B358E00][000002C83B6EF340 49] iPhone6SPlus, [000002C83B363300][000002C83B6F34C0 49] iPhone7Plus, [000002C83B35AB00][000002C83B6F7640 49] iPhoneSE, [000002C83B361E00][000002C83B6FB7C0 49] iPhone8, [000002C83B359A00][000002C83B6FF940 49] iPhone8Plus, [000002C83B361A00][000002C83B703AC0 49] iPhoneX, [000002C83B35A700][000002C83B7060C0 49] iPhoneXS, [000002C83B418A00][000002C83B70A240 49] iPhoneXSMax, [000002C83B35B500][000002C83B70E3C0 49] iPhoneXR, [000002C83B41B900][000002C83B712540 49] iPhone11, [000002C83B359400][000002C83B7166C0 49] iPhone11Pro, [000002C83B418C00][000002C83B71A840 49] iPhone11ProMax, [000002C83B358800][000002C83B71E9C0 49] iPhoneSE2, [000002C83B419D00][000002C83B722B40 49] iPhone12Mini, [000002C83B35BA00][000002C83B6DEC80 49] iPhone12, [000002C83B419F00][000002C83B726DC0 49] iPhone12Pro, [000002C83B35BB00][000002C83B72AF00 49] iPhone12ProMax, [000002C83B419500][000002C83B733080 49] iPadPro105, [000002C83B35A900][000002C83B737200 49] iPadPro129, [000002C83B41B200][000002C83B73B380 49] iPadPro97, [000002C83B359500][000002C83B73F500 49] iPadPro2_129, [000002C83B419E00][000002C83B743680 49] iPad5, [000002C83B359300][000002C83B747800 49] iPad6, [000002C83B41A500][000002C83B74B980 49] iPad7, [000002C83B35AF00][000002C83B74FB00 49] iPad8, [000002C83B419800][000002C83B752100 49] iPadPro11, [000002C83B359B00][000002C83B756280 49] iPadPro2_11, [000002C83B418E00][000002C83B75A400 49] iPadPro3_129, [000002C83B35B700][000002C83B75E580 49] iPadPro4_129, [000002C83B41B700][000002C83B762700 49] AppleTV, [000002C83B35B400][000002C83B766880 49] AppleTV4K, [000002C83B41A800][000002C83B76AA00 49] TVOS, [000002C83B359C00][000002C83B76EB80 49] Mac, [000002C83B419A00][000002C83B772D00 49] MacClient, [000002C83B35BE00][000002C83B72EE40 49] MacNoEditor, [000002C83B41BC00][000002C83B776F80 49] MacServer, [000002C83B35A600][000002C83B77B0C0 49] Linux, [000002C83B418B00][000002C83B783240 49] LinuxAArch64, [000002C83B35B800][000002C83B7873C0 49] LinuxNoEditor, [000002C83B41B400][000002C83B78B540 49] LinuxAArch64NoEditor, [000002C83B35A300][000002C83B78F6C0 49] LinuxClient, [000002C83B41B100][000002C83B793840 49] LinuxAArch64Client, [000002C83B359600][000002C83B7979C0 49] LinuxServer, [000002C83B41A400][000002C83B79BB40 49] LinuxAArch64Server, [000002C83B35AE00][000002C83B79E140 49] Android, [000002C83B419400][000002C83B7A22C0 49] Android_Low, [000002C83B359900][000002C83B7A6440 49] Android_Mid, [000002C83B419000][000002C83B7AA5C0 49] Android_High, [000002C83B358A00][000002C83B7AE740 49] Android_Default, [000002C83B419200][000002C83B7B28C0 49] Android_Adreno4xx, [000002C83B35B100][000002C83B7B6A40 49] Android_Adreno5xx_Low, [000002C83B3A5B00][000002C83B7BABC0 49] Android_Adreno5xx, [000002C83B363600][000002C83B7BED40 49] Android_Adreno6xx, [000002C83B3A5900][000002C83B7C2EC0 49] Android_Adreno6xx_Vulkan, [000002C83B363E00][000002C83B77F000 49] Android_Mali_T6xx, [000002C83B3A5A00][000002C83B7C7140 49] Android_Mali_T7xx, [000002C83B361900][000002C83B7CB280 49] Android_Mali_T8xx, [000002C83B3A7300][000002C83B7CF3C0 49] Android_Mali_G71, [000002C83B361D00][000002C83B7D7540 49] Android_Mali_G72, [000002C83B3A7200][000002C83B7DB6C0 49] Android_Mali_G72_Vulkan, [000002C83B360700][000002C83B7DF840 49] Android_Mali_G76, [000002C83B3A5300][000002C83B7E39C0 49] Android_Mali_G76_Vulkan, [000002C83B361400][000002C83B7E7B40 49] Android_Mali_G77, [000002C83B3A7700][000002C83B7EA140 49] Android_Mali_G77_Vulkan, [000002C83B362A00][000002C83B7EE2C0 49] Android_Mali_G78, [000002C83B3A7E00][000002C83B7F2440 49] Android_Mali_G78_Vulkan, [000002C83B361000][000002C83B7F65C0 49] Android_Mali_G710, [000002C83B3A7D00][000002C83B7FA740 49] Android_Mali_G710_Vulkan, [000002C83B363500][000002C83B7FE8C0 49] Android_Vulkan_SM5, [000002C83B3A4900][000002C83B802A40 49] Android_PowerVR_G6xxx, [000002C83B360400][000002C83B806BC0 49] Android_PowerVR_GT7xxx, [000002C83B3A4D00][000002C83B80AD40 49] Android_PowerVR_GE8xxx, [000002C83B361C00][000002C83B80EEC0 49] Android_PowerVR_GM9xxx, [000002C83B3A7C00][000002C83B813040 49] Android_PowerVR_GM9xxx_Vulkan, [000002C83B362600][000002C83B7D3180 49] Android_TegraK1, [000002C83B3A7800][000002C83B8172C0 49] Android_Unknown_Vulkan, [000002C83B363B00][000002C83B81B400 49] Lumin, [000002C83B3A7000][000002C83B81F540 49] Lumin_Desktop, [000002C83B35A000][000002C83B8276C0 49] HoloLens, 
[2023.07.11-14.05.25:766][  0]LogMeshReduction: Using QuadricMeshReduction for automatic static mesh reduction
[2023.07.11-14.05.25:766][  0]LogMeshReduction: Using SimplygonMeshReduction for automatic skeletal mesh reduction
[2023.07.11-14.05.25:766][  0]LogMeshReduction: Using ProxyLODMeshReduction for automatic mesh merging
[2023.07.11-14.05.25:766][  0]LogMeshReduction: No distributed automatic mesh merging module available
[2023.07.11-14.05.25:766][  0]LogMeshMerging: No distributed automatic mesh merging module available
[2023.07.11-14.05.25:780][  0]LogNetVersion: ActionRoguelike 1.0.0, NetCL: 17155196, EngineNetVer: 17, GameNetVer: 0 (Checksum: 1099936942)
[2023.07.11-14.05.25:983][  0]LogTexture: Default maximum texture size for cubemaps generated from long-lat sources has been changed from 512 to unlimited. In order to preserve old behaiour for '/Engine/MapTemplates/Sky/DaylightAmbientCubemap.DaylightAmbientCubemap', its maximum texture size has been explicitly set to 512.
[2023.07.11-14.05.26:016][  0]LogHMD: PokeAHoleMaterial loaded successfully
[2023.07.11-14.05.26:019][  0]LogUObjectArray: 17178 objects as part of root set at end of initial load.
[2023.07.11-14.05.26:019][  0]LogUObjectAllocator: 4302048 out of 0 bytes used by permanent object pool.
[2023.07.11-14.05.26:019][  0]LogUObjectArray: CloseDisregardForGC: 0/0 objects in disregard for GC pool
[2023.07.11-14.05.26:377][  0]LogNiagaraDebuggerClient: Niagara Debugger Client Initialized | Session: 05808110489AA85327D6FE9F358E8394 | Instance: 9969499249A80EC13C859493555AB880 (VPER-17584).
[2023.07.11-14.05.26:514][  0]LogPython: Using Python 3.7.7
[2023.07.11-14.05.26:810][  0]LogTcpMessaging: Initializing TcpMessaging bridge
[2023.07.11-14.05.26:817][  0]LogUdpMessaging: Initializing bridge on interface 0.0.0.0:0 to multicast group 230.0.0.1:6666.
[2023.07.11-14.05.27:050][  0]SourceControl: Source control is disabled
[2023.07.11-14.05.27:050][  0]SourceControl: Source control is disabled
[2023.07.11-14.05.27:065][  0]SourceControl: Source control is disabled
[2023.07.11-14.05.27:071][  0]SourceControl: Source control is disabled
[2023.07.11-14.05.27:087][  0]SourceControl: Source control is disabled
[2023.07.11-14.05.27:095][  0]LogUProjectInfo: Found projects:
[2023.07.11-14.05.27:386][  0]LogOpenImageDenoise: OIDN starting up
[2023.07.11-14.05.27:435][  0]LogAndroidPermission: UAndroidPermissionCallbackProxy::GetInstance
[2023.07.11-14.05.27:466][  0]LogAudioCaptureCore: Display: No Audio Capture implementations found. Audio input will be silent.
[2023.07.11-14.05.27:466][  0]LogAudioCaptureCore: Display: No Audio Capture implementations found. Audio input will be silent.
[2023.07.11-14.05.27:593][  0]LogCollectionManager: Loaded 0 collections in 0.001429 seconds
[2023.07.11-14.05.27:621][  0]LogFileCache: Scanning file cache for directory 'C:/VperData/GitHub/ActionRoguelike/ActionRoguelike/Saved/Collections/' took 0.00s
[2023.07.11-14.05.27:622][  0]LogFileCache: Scanning file cache for directory 'C:/VperData/GitHub/ActionRoguelike/ActionRoguelike/Content/Developers/virtu/Collections/' took 0.00s
[2023.07.11-14.05.27:622][  0]LogFileCache: Scanning file cache for directory 'C:/VperData/GitHub/ActionRoguelike/ActionRoguelike/Content/Collections/' took 0.00s
[2023.07.11-14.05.27:622][  0]LogOcInput: OculusInput pre-init called
[2023.07.11-14.05.27:794][  0]LogEngine: Initializing Engine...
[2023.07.11-14.05.27:796][  0]LogHMD: Failed to enumerate extensions. Please check that you have a valid OpenXR runtime installed.
[2023.07.11-14.05.27:796][  0]LogHMD: Failed to initialize OpenVR with code 110
[2023.07.11-14.05.27:796][  0]LogMagicLeap: Warning: VR disabled because ZI is not enabled.  To enable, in the editor, Edit -> Project Settings -> Plugins -> Magic Leap Plugin -> Enable Zero Iteration
[2023.07.11-14.05.27:796][  0]LogStats: UGameplayTagsManager::InitializeManager -  0.000 s
[2023.07.11-14.05.27:860][  0]LogInit: Initializing FReadOnlyCVARCache
[2023.07.11-14.05.27:869][  0]LogAIModule: Creating AISystem for world Untitled
[2023.07.11-14.05.27:876][  0]LogAudio: Display: Initializing Audio Device Manager...
[2023.07.11-14.05.27:882][  0]LogAudio: Display: Loading Default Audio Settings Objects...
[2023.07.11-14.05.27:882][  0]LogAudio: Display: No default SoundConcurrencyObject specified (or failed to load).
[2023.07.11-14.05.27:882][  0]LogAudio: Display: Audio Device Manager Initialized
[2023.07.11-14.05.27:883][  0]LogAudio: Display: Creating Audio Device:                 Id: 1, Scope: Shared, Realtime: True
[2023.07.11-14.05.27:883][  0]LogAudioMixer: Display: Audio Mixer Platform Settings:
[2023.07.11-14.05.27:883][  0]LogAudioMixer: Display: 	Sample Rate:						  48000
[2023.07.11-14.05.27:883][  0]LogAudioMixer: Display: 	Callback Buffer Frame Size Requested: 1024
[2023.07.11-14.05.27:883][  0]LogAudioMixer: Display: 	Callback Buffer Frame Size To Use:	  1024
[2023.07.11-14.05.27:883][  0]LogAudioMixer: Display: 	Number of buffers to queue:			  2
[2023.07.11-14.05.27:883][  0]LogAudioMixer: Display: 	Max Channels (voices):				  32
[2023.07.11-14.05.27:883][  0]LogAudioMixer: Display: 	Number of Async Source Workers:		  0
[2023.07.11-14.05.27:883][  0]LogAudio: Display: AudioDevice MaxSources: 32
[2023.07.11-14.05.27:883][  0]LogAudio: Display: Audio Spatialization Plugin: None (built-in).
[2023.07.11-14.05.27:883][  0]LogAudio: Display: Audio Reverb Plugin: None (built-in).
[2023.07.11-14.05.27:883][  0]LogAudio: Display: Audio Occlusion Plugin: None (built-in).
[2023.07.11-14.05.27:883][  0]LogAudioMixer: Display: Initializing audio mixer.
[2023.07.11-14.05.27:892][  0]LogAudioMixer: Display: 0: FrontLeft
[2023.07.11-14.05.27:892][  0]LogAudioMixer: Display: 1: FrontRight
[2023.07.11-14.05.27:935][  0]LogAudioMixer: Display: Using Audio Device 扬声器 (Realtek(R) Audio)
[2023.07.11-14.05.27:936][  0]LogAudioMixer: Display: Initializing Sound Submixes...
[2023.07.11-14.05.27:937][  0]LogAudioMixer: Display: Creating Master Submix 'MasterSubmixDefault'
[2023.07.11-14.05.27:937][  0]LogAudioMixer: Display: Creating Master Submix 'MasterReverbSubmixDefault'
[2023.07.11-14.05.27:938][  0]LogAudioMixer: Display: Creating Master Submix 'MasterEQSubmixDefault'
[2023.07.11-14.05.27:938][  0]LogAudioMixer: FMixerPlatformXAudio2::StartAudioStream() called
[2023.07.11-14.05.27:938][  0]LogAudioMixer: Display: Output buffers initialized: Frames=1024, Channels=2, Samples=2048
[2023.07.11-14.05.27:939][  0]LogAudioMixer: Display: Starting AudioMixerPlatformInterface::RunInternal()
[2023.07.11-14.05.27:939][  0]LogAudioMixer: Display: FMixerPlatformXAudio2::SubmitBuffer() called for the first time
[2023.07.11-14.05.27:939][  0]LogInit: FAudioDevice initialized.
[2023.07.11-14.05.27:939][  0]LogAudio: Display: Audio Device (ID: 1) registered with world 'Untitled'.
[2023.07.11-14.05.27:940][  0]LogNetVersion: Set ProjectVersion to 1.0.0.0. Version Checksum will be recalculated on next use.
[2023.07.11-14.05.27:972][  0]LogDerivedDataCache: Saved boot cache 0.03s 94MB C:/Users/virtu/AppData/Local/UnrealEngine/4.27/DerivedDataCache/Boot.ddc.
[2023.07.11-14.05.27:973][  0]LogInit: Texture streaming: Enabled
[2023.07.11-14.05.27:989][  0]LogAnalytics: Display: [UEEditor.Rocket.Release] APIServer = https://datarouter.ol.epicgames.com/. AppVersion = 4.27.2-18319896+++UE4+Release-4.27
[2023.07.11-14.05.27:993][  0]LogEngineSessionManager: EngineSessionManager initialized
[2023.07.11-14.05.27:993][  0]LogEngineSessionManager: EngineSessionManager sent abnormal shutdown report. Type=Debugger, SessionId={15C28DAE-44FB-A9E5-EB8F-D18223F95D29}
[2023.07.11-14.05.27:993][  0]LogEditorSessionSummary: Verbose: Initializing EditorSessionSummaryWriter for editor session tracking
[2023.07.11-14.05.27:995][  0]LogEditorSessionSummary: EditorSessionSummaryWriter initialized
[2023.07.11-14.05.28:012][  0]LogInit: Transaction tracking system initialized
[2023.07.11-14.05.28:045][  0]BlueprintLog: New page: Editor Load
[2023.07.11-14.05.28:133][  0]LocalizationService: Localization service is disabled
[2023.07.11-14.05.28:171][  0]TimingProfiler: Initialize
[2023.07.11-14.05.28:171][  0]TimingProfiler: OnSessionChanged
[2023.07.11-14.05.28:171][  0]LoadingProfiler: Initialize
[2023.07.11-14.05.28:171][  0]LoadingProfiler: OnSessionChanged
[2023.07.11-14.05.28:171][  0]NetworkingProfiler: Initialize
[2023.07.11-14.05.28:171][  0]NetworkingProfiler: OnSessionChanged
[2023.07.11-14.05.28:173][  0]MemoryProfiler: Initialize
[2023.07.11-14.05.28:173][  0]MemoryProfiler: OnSessionChanged
[2023.07.11-14.05.28:438][  0]LogCook: Display: CookSettings for Memory: MemoryMaxUsedVirtual 0MiB, MemoryMaxUsedPhysical 16384MiB, MemoryMinFreeVirtual 0MiB, MemoryMinFreePhysical 1024MiB
[2023.07.11-14.05.28:438][  0]LogCook: Display: Mobile HDR setting 1
[2023.07.11-14.05.28:674][  0]LogFileCache: Scanning file cache for directory 'C:/VperData/GitHub/ActionRoguelike/ActionRoguelike/Content/' took 0.01s
[2023.07.11-14.05.28:793][  0]LogInit: Display: Engine is initialized. Leaving FEngineLoop::Init()
[2023.07.11-14.05.28:796][  0]SourceControl: Source control is disabled
[2023.07.11-14.05.28:796][  0]LogUnrealEdMisc: Loading editor; pre map load, took 5.566
[2023.07.11-14.05.28:796][  0]Cmd: MAP LOAD FILE="../../../../../../../VperData/GitHub/ActionRoguelike/ActionRoguelike/Content/ActionRoguelike/Maps/TestLevel.umap" TEMPLATE=0 SHOWPROGRESS=1 FEATURELEVEL=3
[2023.07.11-14.05.28:796][  0]LightingResults: New page: Lighting Build
[2023.07.11-14.05.28:797][  0]LogWorld: UWorld::CleanupWorld for Untitled, bSessionEnded=true, bCleanupResources=true
[2023.07.11-14.05.28:797][  0]LogSlate: InvalidateAllWidgets triggered.  All widgets were invalidated
[2023.07.11-14.05.28:797][  0]MapCheck: New page: Map Check
[2023.07.11-14.05.28:797][  0]LightingResults: New page: Lighting Build
[2023.07.11-14.05.28:805][  0]LogAudio: Display: Audio Device unregistered from world 'None'.
[2023.07.11-14.05.28:807][  0]LogUObjectHash: Compacting FUObjectHashTables data took   0.43ms
[2023.07.11-14.05.28:985][  0]LogSkeletalMesh: Display: [AssetLog] C:\VperData\GitHub\ActionRoguelike\ActionRoguelike\Content\ParagonGideon\Characters\Heroes\Gideon\Meshes\Gideon.uasset: Find and fix some bad tangent! please re-import this skeletal mesh asset to fix the issue. The shading of the skeletal mesh will be bad and faceted.
[2023.07.11-14.05.29:069][  0]LogAudio: Display: Audio Device (ID: 1) registered with world 'TestLevel'.
[2023.07.11-14.05.29:069][  0]LogAIModule: Creating AISystem for world TestLevel
[2023.07.11-14.05.29:077][  0]LogEditorServer: Finished looking for orphan Actors (0.000 secs)
[2023.07.11-14.05.29:082][  0]LogUObjectHash: Compacting FUObjectHashTables data took   0.52ms
[2023.07.11-14.05.29:084][  0]Cmd: MAP CHECKDEP NOCLEARLOG
[2023.07.11-14.05.29:084][  0]MapCheck: Map check complete: 0 Error(s), 0 Warning(s), took 0.083ms to complete.
[2023.07.11-14.05.29:084][  0]LogFileHelpers: Loading map 'TestLevel' took 0.288
[2023.07.11-14.05.29:085][  0]LogUnrealEdMisc: Total Editor Startup Time, took 5.856
[2023.07.11-14.05.29:189][  0]LogSlate: Updating window title bar state: overlay mode, drag disabled, window buttons hidden, title bar hidden
[2023.07.11-14.05.29:193][  0]LogSlate: Updating window title bar state: overlay mode, drag disabled, window buttons hidden, title bar hidden
[2023.07.11-14.05.29:196][  0]LogSlate: Updating window title bar state: overlay mode, drag disabled, window buttons hidden, title bar hidden
[2023.07.11-14.05.29:200][  0]LogSlate: Updating window title bar state: overlay mode, drag disabled, window buttons hidden, title bar hidden
[2023.07.11-14.05.29:207][  0]LogNativeClassHierarchy: Verbose: Native class hierarchy populated in 0.0053 seconds. Added 3837 classes and 932 folders.
[2023.07.11-14.05.29:209][  0]LogNativeClassHierarchy: Verbose: Native class hierarchy updated for 'WidgetCarousel' in 0.0001 seconds. Added 0 classes and 0 folders.
[2023.07.11-14.05.29:209][  0]LogPakFile: PakFile PrimaryIndexSize=187
[2023.07.11-14.05.29:210][  0]LogPakFile: PakFile PathHashIndexSize=101
[2023.07.11-14.05.29:210][  0]LogPakFile: PakFile FullDirectoryIndexSize=148
[2023.07.11-14.05.29:210][  0]LogShaderLibrary: Display: ShaderCodeLibraryPakFileMountedCallback: PakFile 'C:/Program Files (x86)/Vper/UE/UE_4.27/FeaturePacks/FP_FirstPerson.upack' (chunk index -1, root 'root:/') mounted
[2023.07.11-14.05.29:210][  0]LogShaderLibrary: Display: ShaderCodeLibraryPakFileMountedCallback: pending pak file info (ChunkID:-1 Root:root:/ File:C:/Program Files (x86)/Vper/UE/UE_4.27/FeaturePacks/FP_FirstPerson.upack)
[2023.07.11-14.05.29:210][  0]LogPakFile: OnPakFileMounted2Time == 0.000160
[2023.07.11-14.05.29:210][  0]LogPakFile: PakFile PrimaryIndexSize=189
[2023.07.11-14.05.29:210][  0]LogPakFile: PakFile PathHashIndexSize=101
[2023.07.11-14.05.29:210][  0]LogPakFile: PakFile FullDirectoryIndexSize=152
[2023.07.11-14.05.29:210][  0]LogShaderLibrary: Display: ShaderCodeLibraryPakFileMountedCallback: PakFile 'C:/Program Files (x86)/Vper/UE/UE_4.27/FeaturePacks/FP_FirstPersonBP.upack' (chunk index -1, root 'root:/') mounted
[2023.07.11-14.05.29:210][  0]LogShaderLibrary: Display: ShaderCodeLibraryPakFileMountedCallback: pending pak file info (ChunkID:-1 Root:root:/ File:C:/Program Files (x86)/Vper/UE/UE_4.27/FeaturePacks/FP_FirstPersonBP.upack)
[2023.07.11-14.05.29:210][  0]LogPakFile: OnPakFileMounted2Time == 0.000097
[2023.07.11-14.05.29:211][  0]LogPakFile: PakFile PrimaryIndexSize=191
[2023.07.11-14.05.29:211][  0]LogPakFile: PakFile PathHashIndexSize=101
[2023.07.11-14.05.29:211][  0]LogPakFile: PakFile FullDirectoryIndexSize=160
[2023.07.11-14.05.29:211][  0]LogShaderLibrary: Display: ShaderCodeLibraryPakFileMountedCallback: PakFile 'C:/Program Files (x86)/Vper/UE/UE_4.27/FeaturePacks/MobileStarterContent.upack' (chunk index -1, root 'root:/') mounted
[2023.07.11-14.05.29:211][  0]LogShaderLibrary: Display: ShaderCodeLibraryPakFileMountedCallback: pending pak file info (ChunkID:-1 Root:root:/ File:C:/Program Files (x86)/Vper/UE/UE_4.27/FeaturePacks/MobileStarterContent.upack)
[2023.07.11-14.05.29:211][  0]LogPakFile: OnPakFileMounted2Time == 0.000081
[2023.07.11-14.05.29:211][  0]LogPakFile: PakFile PrimaryIndexSize=185
[2023.07.11-14.05.29:211][  0]LogPakFile: PakFile PathHashIndexSize=101
[2023.07.11-14.05.29:211][  0]LogPakFile: PakFile FullDirectoryIndexSize=148
[2023.07.11-14.05.29:211][  0]LogShaderLibrary: Display: ShaderCodeLibraryPakFileMountedCallback: PakFile 'C:/Program Files (x86)/Vper/UE/UE_4.27/FeaturePacks/StarterContent.upack' (chunk index -1, root 'root:/') mounted
[2023.07.11-14.05.29:211][  0]LogShaderLibrary: Display: ShaderCodeLibraryPakFileMountedCallback: pending pak file info (ChunkID:-1 Root:root:/ File:C:/Program Files (x86)/Vper/UE/UE_4.27/FeaturePacks/StarterContent.upack)
[2023.07.11-14.05.29:211][  0]LogPakFile: OnPakFileMounted2Time == 0.000079
[2023.07.11-14.05.29:212][  0]LogPakFile: PakFile PrimaryIndexSize=190
[2023.07.11-14.05.29:212][  0]LogPakFile: PakFile PathHashIndexSize=101
[2023.07.11-14.05.29:212][  0]LogPakFile: PakFile FullDirectoryIndexSize=154
[2023.07.11-14.05.29:212][  0]LogShaderLibrary: Display: ShaderCodeLibraryPakFileMountedCallback: PakFile 'C:/Program Files (x86)/Vper/UE/UE_4.27/FeaturePacks/TP_2DSideScroller.upack' (chunk index -1, root 'root:/') mounted
[2023.07.11-14.05.29:212][  0]LogShaderLibrary: Display: ShaderCodeLibraryPakFileMountedCallback: pending pak file info (ChunkID:-1 Root:root:/ File:C:/Program Files (x86)/Vper/UE/UE_4.27/FeaturePacks/TP_2DSideScroller.upack)
[2023.07.11-14.05.29:212][  0]LogPakFile: OnPakFileMounted2Time == 0.000097
[2023.07.11-14.05.29:212][  0]LogPakFile: PakFile PrimaryIndexSize=192
[2023.07.11-14.05.29:212][  0]LogPakFile: PakFile PathHashIndexSize=101
[2023.07.11-14.05.29:212][  0]LogPakFile: PakFile FullDirectoryIndexSize=158
[2023.07.11-14.05.29:212][  0]LogShaderLibrary: Display: ShaderCodeLibraryPakFileMountedCallback: PakFile 'C:/Program Files (x86)/Vper/UE/UE_4.27/FeaturePacks/TP_2DSideScrollerBP.upack' (chunk index -1, root 'root:/') mounted
[2023.07.11-14.05.29:213][  0]LogShaderLibrary: Display: ShaderCodeLibraryPakFileMountedCallback: pending pak file info (ChunkID:-1 Root:root:/ File:C:/Program Files (x86)/Vper/UE/UE_4.27/FeaturePacks/TP_2DSideScrollerBP.upack)
[2023.07.11-14.05.29:213][  0]LogPakFile: OnPakFileMounted2Time == 0.000109
[2023.07.11-14.05.29:213][  0]LogPakFile: PakFile PrimaryIndexSize=182
[2023.07.11-14.05.29:213][  0]LogPakFile: PakFile PathHashIndexSize=101
[2023.07.11-14.05.29:213][  0]LogPakFile: PakFile FullDirectoryIndexSize=138
[2023.07.11-14.05.29:213][  0]LogShaderLibrary: Display: ShaderCodeLibraryPakFileMountedCallback: PakFile 'C:/Program Files (x86)/Vper/UE/UE_4.27/FeaturePacks/TP_Flying.upack' (chunk index -1, root 'root:/') mounted
[2023.07.11-14.05.29:213][  0]LogShaderLibrary: Display: ShaderCodeLibraryPakFileMountedCallback: pending pak file info (ChunkID:-1 Root:root:/ File:C:/Program Files (x86)/Vper/UE/UE_4.27/FeaturePacks/TP_Flying.upack)
[2023.07.11-14.05.29:213][  0]LogPakFile: OnPakFileMounted2Time == 0.000084
[2023.07.11-14.05.29:213][  0]LogPakFile: PakFile PrimaryIndexSize=184
[2023.07.11-14.05.29:213][  0]LogPakFile: PakFile PathHashIndexSize=101
[2023.07.11-14.05.29:213][  0]LogPakFile: PakFile FullDirectoryIndexSize=142
[2023.07.11-14.05.29:213][  0]LogShaderLibrary: Display: ShaderCodeLibraryPakFileMountedCallback: PakFile 'C:/Program Files (x86)/Vper/UE/UE_4.27/FeaturePacks/TP_FlyingBP.upack' (chunk index -1, root 'root:/') mounted
[2023.07.11-14.05.29:213][  0]LogShaderLibrary: Display: ShaderCodeLibraryPakFileMountedCallback: pending pak file info (ChunkID:-1 Root:root:/ File:C:/Program Files (x86)/Vper/UE/UE_4.27/FeaturePacks/TP_FlyingBP.upack)
[2023.07.11-14.05.29:213][  0]LogPakFile: OnPakFileMounted2Time == 0.000089
[2023.07.11-14.05.29:214][  0]LogPakFile: PakFile PrimaryIndexSize=188
[2023.07.11-14.05.29:214][  0]LogPakFile: PakFile PathHashIndexSize=101
[2023.07.11-14.05.29:214][  0]LogPakFile: PakFile FullDirectoryIndexSize=150
[2023.07.11-14.05.29:214][  0]LogShaderLibrary: Display: ShaderCodeLibraryPakFileMountedCallback: PakFile 'C:/Program Files (x86)/Vper/UE/UE_4.27/FeaturePacks/TP_HandheldARBP.upack' (chunk index -1, root 'root:/') mounted
[2023.07.11-14.05.29:214][  0]LogShaderLibrary: Display: ShaderCodeLibraryPakFileMountedCallback: pending pak file info (ChunkID:-1 Root:root:/ File:C:/Program Files (x86)/Vper/UE/UE_4.27/FeaturePacks/TP_HandheldARBP.upack)
[2023.07.11-14.05.29:214][  0]LogPakFile: OnPakFileMounted2Time == 0.000079
[2023.07.11-14.05.29:214][  0]LogPakFile: PakFile PrimaryIndexSize=182
[2023.07.11-14.05.29:214][  0]LogPakFile: PakFile PathHashIndexSize=101
[2023.07.11-14.05.29:214][  0]LogPakFile: PakFile FullDirectoryIndexSize=138
[2023.07.11-14.05.29:214][  0]LogShaderLibrary: Display: ShaderCodeLibraryPakFileMountedCallback: PakFile 'C:/Program Files (x86)/Vper/UE/UE_4.27/FeaturePacks/TP_Puzzle.upack' (chunk index -1, root 'root:/') mounted
[2023.07.11-14.05.29:214][  0]LogShaderLibrary: Display: ShaderCodeLibraryPakFileMountedCallback: pending pak file info (ChunkID:-1 Root:root:/ File:C:/Program Files (x86)/Vper/UE/UE_4.27/FeaturePacks/TP_Puzzle.upack)
[2023.07.11-14.05.29:214][  0]LogPakFile: OnPakFileMounted2Time == 0.000113
[2023.07.11-14.05.29:216][  0]LogPakFile: PakFile PrimaryIndexSize=184
[2023.07.11-14.05.29:216][  0]LogPakFile: PakFile PathHashIndexSize=101
[2023.07.11-14.05.29:216][  0]LogPakFile: PakFile FullDirectoryIndexSize=142
[2023.07.11-14.05.29:216][  0]LogShaderLibrary: Display: ShaderCodeLibraryPakFileMountedCallback: PakFile 'C:/Program Files (x86)/Vper/UE/UE_4.27/FeaturePacks/TP_PuzzleBP.upack' (chunk index -1, root 'root:/') mounted
[2023.07.11-14.05.29:216][  0]LogShaderLibrary: Display: ShaderCodeLibraryPakFileMountedCallback: pending pak file info (ChunkID:-1 Root:root:/ File:C:/Program Files (x86)/Vper/UE/UE_4.27/FeaturePacks/TP_PuzzleBP.upack)
[2023.07.11-14.05.29:216][  0]LogPakFile: OnPakFileMounted2Time == 0.000087
[2023.07.11-14.05.29:216][  0]LogPakFile: PakFile PrimaryIndexSize=183
[2023.07.11-14.05.29:216][  0]LogPakFile: PakFile PathHashIndexSize=101
[2023.07.11-14.05.29:216][  0]LogPakFile: PakFile FullDirectoryIndexSize=140
[2023.07.11-14.05.29:216][  0]LogShaderLibrary: Display: ShaderCodeLibraryPakFileMountedCallback: PakFile 'C:/Program Files (x86)/Vper/UE/UE_4.27/FeaturePacks/TP_Rolling.upack' (chunk index -1, root 'root:/') mounted
[2023.07.11-14.05.29:216][  0]LogShaderLibrary: Display: ShaderCodeLibraryPakFileMountedCallback: pending pak file info (ChunkID:-1 Root:root:/ File:C:/Program Files (x86)/Vper/UE/UE_4.27/FeaturePacks/TP_Rolling.upack)
[2023.07.11-14.05.29:216][  0]LogPakFile: OnPakFileMounted2Time == 0.000089
[2023.07.11-14.05.29:217][  0]LogPakFile: PakFile PrimaryIndexSize=185
[2023.07.11-14.05.29:217][  0]LogPakFile: PakFile PathHashIndexSize=101
[2023.07.11-14.05.29:217][  0]LogPakFile: PakFile FullDirectoryIndexSize=144
[2023.07.11-14.05.29:217][  0]LogShaderLibrary: Display: ShaderCodeLibraryPakFileMountedCallback: PakFile 'C:/Program Files (x86)/Vper/UE/UE_4.27/FeaturePacks/TP_RollingBP.upack' (chunk index -1, root 'root:/') mounted
[2023.07.11-14.05.29:217][  0]LogShaderLibrary: Display: ShaderCodeLibraryPakFileMountedCallback: pending pak file info (ChunkID:-1 Root:root:/ File:C:/Program Files (x86)/Vper/UE/UE_4.27/FeaturePacks/TP_RollingBP.upack)
[2023.07.11-14.05.29:217][  0]LogPakFile: OnPakFileMounted2Time == 0.000094
[2023.07.11-14.05.29:217][  0]LogPakFile: PakFile PrimaryIndexSize=188
[2023.07.11-14.05.29:217][  0]LogPakFile: PakFile PathHashIndexSize=101
[2023.07.11-14.05.29:217][  0]LogPakFile: PakFile FullDirectoryIndexSize=150
[2023.07.11-14.05.29:217][  0]LogShaderLibrary: Display: ShaderCodeLibraryPakFileMountedCallback: PakFile 'C:/Program Files (x86)/Vper/UE/UE_4.27/FeaturePacks/TP_SideScroller.upack' (chunk index -1, root 'root:/') mounted
[2023.07.11-14.05.29:217][  0]LogShaderLibrary: Display: ShaderCodeLibraryPakFileMountedCallback: pending pak file info (ChunkID:-1 Root:root:/ File:C:/Program Files (x86)/Vper/UE/UE_4.27/FeaturePacks/TP_SideScroller.upack)
[2023.07.11-14.05.29:217][  0]LogPakFile: OnPakFileMounted2Time == 0.000105
[2023.07.11-14.05.29:218][  0]LogPakFile: PakFile PrimaryIndexSize=190
[2023.07.11-14.05.29:218][  0]LogPakFile: PakFile PathHashIndexSize=101
[2023.07.11-14.05.29:218][  0]LogPakFile: PakFile FullDirectoryIndexSize=154
[2023.07.11-14.05.29:218][  0]LogShaderLibrary: Display: ShaderCodeLibraryPakFileMountedCallback: PakFile 'C:/Program Files (x86)/Vper/UE/UE_4.27/FeaturePacks/TP_SideScrollerBP.upack' (chunk index -1, root 'root:/') mounted
[2023.07.11-14.05.29:218][  0]LogShaderLibrary: Display: ShaderCodeLibraryPakFileMountedCallback: pending pak file info (ChunkID:-1 Root:root:/ File:C:/Program Files (x86)/Vper/UE/UE_4.27/FeaturePacks/TP_SideScrollerBP.upack)
[2023.07.11-14.05.29:218][  0]LogPakFile: OnPakFileMounted2Time == 0.000094
[2023.07.11-14.05.29:218][  0]LogPakFile: PakFile PrimaryIndexSize=187
[2023.07.11-14.05.29:218][  0]LogPakFile: PakFile PathHashIndexSize=101
[2023.07.11-14.05.29:218][  0]LogPakFile: PakFile FullDirectoryIndexSize=148
[2023.07.11-14.05.29:218][  0]LogShaderLibrary: Display: ShaderCodeLibraryPakFileMountedCallback: PakFile 'C:/Program Files (x86)/Vper/UE/UE_4.27/FeaturePacks/TP_ThirdPerson.upack' (chunk index -1, root 'root:/') mounted
[2023.07.11-14.05.29:218][  0]LogShaderLibrary: Display: ShaderCodeLibraryPakFileMountedCallback: pending pak file info (ChunkID:-1 Root:root:/ File:C:/Program Files (x86)/Vper/UE/UE_4.27/FeaturePacks/TP_ThirdPerson.upack)
[2023.07.11-14.05.29:218][  0]LogPakFile: OnPakFileMounted2Time == 0.000101
[2023.07.11-14.05.29:219][  0]LogPakFile: PakFile PrimaryIndexSize=189
[2023.07.11-14.05.29:219][  0]LogPakFile: PakFile PathHashIndexSize=101
[2023.07.11-14.05.29:219][  0]LogPakFile: PakFile FullDirectoryIndexSize=152
[2023.07.11-14.05.29:219][  0]LogShaderLibrary: Display: ShaderCodeLibraryPakFileMountedCallback: PakFile 'C:/Program Files (x86)/Vper/UE/UE_4.27/FeaturePacks/TP_ThirdPersonBP.upack' (chunk index -1, root 'root:/') mounted
[2023.07.11-14.05.29:219][  0]LogShaderLibrary: Display: ShaderCodeLibraryPakFileMountedCallback: pending pak file info (ChunkID:-1 Root:root:/ File:C:/Program Files (x86)/Vper/UE/UE_4.27/FeaturePacks/TP_ThirdPersonBP.upack)
[2023.07.11-14.05.29:219][  0]LogPakFile: OnPakFileMounted2Time == 0.000079
[2023.07.11-14.05.29:219][  0]LogPakFile: PakFile PrimaryIndexSize=183
[2023.07.11-14.05.29:219][  0]LogPakFile: PakFile PathHashIndexSize=101
[2023.07.11-14.05.29:219][  0]LogPakFile: PakFile FullDirectoryIndexSize=140
[2023.07.11-14.05.29:219][  0]LogShaderLibrary: Display: ShaderCodeLibraryPakFileMountedCallback: PakFile 'C:/Program Files (x86)/Vper/UE/UE_4.27/FeaturePacks/TP_TopDown.upack' (chunk index -1, root 'root:/') mounted
[2023.07.11-14.05.29:219][  0]LogShaderLibrary: Display: ShaderCodeLibraryPakFileMountedCallback: pending pak file info (ChunkID:-1 Root:root:/ File:C:/Program Files (x86)/Vper/UE/UE_4.27/FeaturePacks/TP_TopDown.upack)
[2023.07.11-14.05.29:219][  0]LogPakFile: OnPakFileMounted2Time == 0.000126
[2023.07.11-14.05.29:220][  0]LogPakFile: PakFile PrimaryIndexSize=185
[2023.07.11-14.05.29:220][  0]LogPakFile: PakFile PathHashIndexSize=101
[2023.07.11-14.05.29:220][  0]LogPakFile: PakFile FullDirectoryIndexSize=144
[2023.07.11-14.05.29:220][  0]LogShaderLibrary: Display: ShaderCodeLibraryPakFileMountedCallback: PakFile 'C:/Program Files (x86)/Vper/UE/UE_4.27/FeaturePacks/TP_TopDownBP.upack' (chunk index -1, root 'root:/') mounted
[2023.07.11-14.05.29:220][  0]LogShaderLibrary: Display: ShaderCodeLibraryPakFileMountedCallback: pending pak file info (ChunkID:-1 Root:root:/ File:C:/Program Files (x86)/Vper/UE/UE_4.27/FeaturePacks/TP_TopDownBP.upack)
[2023.07.11-14.05.29:220][  0]LogPakFile: OnPakFileMounted2Time == 0.000079
[2023.07.11-14.05.29:220][  0]LogPakFile: PakFile PrimaryIndexSize=185
[2023.07.11-14.05.29:220][  0]LogPakFile: PakFile PathHashIndexSize=101
[2023.07.11-14.05.29:220][  0]LogPakFile: PakFile FullDirectoryIndexSize=144
[2023.07.11-14.05.29:220][  0]LogShaderLibrary: Display: ShaderCodeLibraryPakFileMountedCallback: PakFile 'C:/Program Files (x86)/Vper/UE/UE_4.27/FeaturePacks/TP_TwinStick.upack' (chunk index -1, root 'root:/') mounted
[2023.07.11-14.05.29:220][  0]LogShaderLibrary: Display: ShaderCodeLibraryPakFileMountedCallback: pending pak file info (ChunkID:-1 Root:root:/ File:C:/Program Files (x86)/Vper/UE/UE_4.27/FeaturePacks/TP_TwinStick.upack)
[2023.07.11-14.05.29:220][  0]LogPakFile: OnPakFileMounted2Time == 0.000080
[2023.07.11-14.05.29:221][  0]LogPakFile: PakFile PrimaryIndexSize=187
[2023.07.11-14.05.29:221][  0]LogPakFile: PakFile PathHashIndexSize=101
[2023.07.11-14.05.29:221][  0]LogPakFile: PakFile FullDirectoryIndexSize=148
[2023.07.11-14.05.29:221][  0]LogShaderLibrary: Display: ShaderCodeLibraryPakFileMountedCallback: PakFile 'C:/Program Files (x86)/Vper/UE/UE_4.27/FeaturePacks/TP_TwinStickBP.upack' (chunk index -1, root 'root:/') mounted
[2023.07.11-14.05.29:221][  0]LogShaderLibrary: Display: ShaderCodeLibraryPakFileMountedCallback: pending pak file info (ChunkID:-1 Root:root:/ File:C:/Program Files (x86)/Vper/UE/UE_4.27/FeaturePacks/TP_TwinStickBP.upack)
[2023.07.11-14.05.29:221][  0]LogPakFile: OnPakFileMounted2Time == 0.000091
[2023.07.11-14.05.29:221][  0]LogPakFile: PakFile PrimaryIndexSize=183
[2023.07.11-14.05.29:221][  0]LogPakFile: PakFile PathHashIndexSize=101
[2023.07.11-14.05.29:221][  0]LogPakFile: PakFile FullDirectoryIndexSize=140
[2023.07.11-14.05.29:221][  0]LogShaderLibrary: Display: ShaderCodeLibraryPakFileMountedCallback: PakFile 'C:/Program Files (x86)/Vper/UE/UE_4.27/FeaturePacks/TP_Vehicle.upack' (chunk index -1, root 'root:/') mounted
[2023.07.11-14.05.29:222][  0]LogShaderLibrary: Display: ShaderCodeLibraryPakFileMountedCallback: pending pak file info (ChunkID:-1 Root:root:/ File:C:/Program Files (x86)/Vper/UE/UE_4.27/FeaturePacks/TP_Vehicle.upack)
[2023.07.11-14.05.29:222][  0]LogPakFile: OnPakFileMounted2Time == 0.000077
[2023.07.11-14.05.29:222][  0]LogPakFile: PakFile PrimaryIndexSize=186
[2023.07.11-14.05.29:222][  0]LogPakFile: PakFile PathHashIndexSize=101
[2023.07.11-14.05.29:222][  0]LogPakFile: PakFile FullDirectoryIndexSize=146
[2023.07.11-14.05.29:222][  0]LogShaderLibrary: Display: ShaderCodeLibraryPakFileMountedCallback: PakFile 'C:/Program Files (x86)/Vper/UE/UE_4.27/FeaturePacks/TP_VehicleAdv.upack' (chunk index -1, root 'root:/') mounted
[2023.07.11-14.05.29:222][  0]LogShaderLibrary: Display: ShaderCodeLibraryPakFileMountedCallback: pending pak file info (ChunkID:-1 Root:root:/ File:C:/Program Files (x86)/Vper/UE/UE_4.27/FeaturePacks/TP_VehicleAdv.upack)
[2023.07.11-14.05.29:222][  0]LogPakFile: OnPakFileMounted2Time == 0.000087
[2023.07.11-14.05.29:222][  0]LogPakFile: PakFile PrimaryIndexSize=188
[2023.07.11-14.05.29:223][  0]LogPakFile: PakFile PathHashIndexSize=101
[2023.07.11-14.05.29:223][  0]LogPakFile: PakFile FullDirectoryIndexSize=150
[2023.07.11-14.05.29:223][  0]LogShaderLibrary: Display: ShaderCodeLibraryPakFileMountedCallback: PakFile 'C:/Program Files (x86)/Vper/UE/UE_4.27/FeaturePacks/TP_VehicleAdvBP.upack' (chunk index -1, root 'root:/') mounted
[2023.07.11-14.05.29:223][  0]LogShaderLibrary: Display: ShaderCodeLibraryPakFileMountedCallback: pending pak file info (ChunkID:-1 Root:root:/ File:C:/Program Files (x86)/Vper/UE/UE_4.27/FeaturePacks/TP_VehicleAdvBP.upack)
[2023.07.11-14.05.29:223][  0]LogPakFile: OnPakFileMounted2Time == 0.000083
[2023.07.11-14.05.29:223][  0]LogPakFile: PakFile PrimaryIndexSize=185
[2023.07.11-14.05.29:223][  0]LogPakFile: PakFile PathHashIndexSize=101
[2023.07.11-14.05.29:223][  0]LogPakFile: PakFile FullDirectoryIndexSize=144
[2023.07.11-14.05.29:223][  0]LogShaderLibrary: Display: ShaderCodeLibraryPakFileMountedCallback: PakFile 'C:/Program Files (x86)/Vper/UE/UE_4.27/FeaturePacks/TP_VehicleBP.upack' (chunk index -1, root 'root:/') mounted
[2023.07.11-14.05.29:223][  0]LogShaderLibrary: Display: ShaderCodeLibraryPakFileMountedCallback: pending pak file info (ChunkID:-1 Root:root:/ File:C:/Program Files (x86)/Vper/UE/UE_4.27/FeaturePacks/TP_VehicleBP.upack)
[2023.07.11-14.05.29:223][  0]LogPakFile: OnPakFileMounted2Time == 0.000105
[2023.07.11-14.05.29:224][  0]LogPakFile: PakFile PrimaryIndexSize=192
[2023.07.11-14.05.29:224][  0]LogPakFile: PakFile PathHashIndexSize=101
[2023.07.11-14.05.29:224][  0]LogPakFile: PakFile FullDirectoryIndexSize=158
[2023.07.11-14.05.29:224][  0]LogShaderLibrary: Display: ShaderCodeLibraryPakFileMountedCallback: PakFile 'C:/Program Files (x86)/Vper/UE/UE_4.27/FeaturePacks/TP_VirtualRealityBP.upack' (chunk index -1, root 'root:/') mounted
[2023.07.11-14.05.29:224][  0]LogShaderLibrary: Display: ShaderCodeLibraryPakFileMountedCallback: pending pak file info (ChunkID:-1 Root:root:/ File:C:/Program Files (x86)/Vper/UE/UE_4.27/FeaturePacks/TP_VirtualRealityBP.upack)
[2023.07.11-14.05.29:224][  0]LogPakFile: OnPakFileMounted2Time == 0.000082
[2023.07.11-14.05.29:242][  0]LogNativeClassHierarchy: Verbose: Native class hierarchy updated for 'AddContentDialog' in 0.0002 seconds. Added 0 classes and 0 folders.
[2023.07.11-14.05.29:245][  0]LogNativeClassHierarchy: Verbose: Native class hierarchy updated for 'SceneOutliner' in 0.0001 seconds. Added 2 classes and 0 folders.
[2023.07.11-14.05.29:258][  0]LogSlate: Took 0.000088 seconds to synchronously load lazily loaded font '../../../Engine/Content/Slate/Fonts/Roboto-Regular.ttf' (155K)
[2023.07.11-14.05.29:259][  0]LogSlate: Took 0.000071 seconds to synchronously load lazily loaded font '../../../Engine/Content/Editor/Slate/Fonts/FontAwesome.ttf' (139K)
[2023.07.11-14.05.29:259][  0]LogSlate: Took 0.000089 seconds to synchronously load lazily loaded font '../../../Engine/Content/Slate/Fonts/Roboto-Bold.ttf' (160K)
[2023.07.11-14.05.29:262][  0]LogSlate: Took 0.000072 seconds to synchronously load lazily loaded font '../../../Engine/Content/Slate/Fonts/DroidSansMono.ttf' (77K)
[2023.07.11-14.05.29:289][  0]LogSlate: Took 0.000883 seconds to synchronously load lazily loaded font '../../../Engine/Content/Slate/Fonts/DroidSansFallback.ttf' (3848K)
[2023.07.11-14.05.29:340][  0]LogRenderer: Reallocating scene render targets to support 1208x568 Format 10 NumSamples 1 (Frame:1).
[2023.07.11-14.05.29:415][  0]LogNativeClassHierarchy: Verbose: Native class hierarchy updated for 'HierarchicalLODOutliner' in 0.0002 seconds. Added 0 classes and 0 folders.
[2023.07.11-14.05.29:415][  0]LogLoad: (Engine Initialization) Total time: 6.19 seconds
[2023.07.11-14.05.29:415][  0]LogLoad: (Engine Initialization) Total Blueprint compile time: 0.00 seconds
[2023.07.11-14.05.29:446][  0]LogAssetRegistry: Asset discovery search completed in 3.9131 seconds
[2023.07.11-14.05.29:448][  0]LogCollectionManager: Fixed up redirectors for 0 collections in 0.000003 seconds (updated 0 objects)
[2023.07.11-14.05.29:449][  0]LogContentStreaming: Texture pool size now 1000 MB
[2023.07.11-14.05.50:928][476]LogSlate: Took 0.000088 seconds to synchronously load lazily loaded font '../../../Engine/Content/Slate/Fonts/Roboto-Light.ttf' (167K)
[2023.07.11-14.05.50:956][476]LogEditorClassViewer: Warning: Class /Engine/Tutorial/InWorldBlueprintEditing/TutorialAssets/IWBE_Blutility.IWBE_Blutility_C has parent /Script/Blutility.PlacedEditorUtilityBase, but this parent is not found. The Class will not be shown in ClassViewer.
[2023.07.11-14.05.50:956][476]LogEditorClassViewer: Warning: Class /Game/ExampleContent/CameraShake/camera_shake_constant.camera_shake_constant_C has parent /Script/Engine.MatineeCameraShake, but this parent is not found. The Class will not be shown in ClassViewer.
[2023.07.11-14.05.50:956][476]LogEditorClassViewer: Warning: Class /Game/ExampleContent/CameraShake/camera_shake_entry.camera_shake_entry_C has parent /Script/Engine.MatineeCameraShake, but this parent is not found. The Class will not be shown in ClassViewer.
[2023.07.11-14.05.50:956][476]LogEditorClassViewer: Warning: Class /Game/ExampleContent/CameraShake/camera_shake_small.camera_shake_small_C has parent /Script/Engine.MatineeCameraShake, but this parent is not found. The Class will not be shown in ClassViewer.
[2023.07.11-14.05.50:956][476]LogEditorClassViewer: Warning: Class /Game/ExampleContent/CameraShake/CamShake_TakeDamage.CamShake_TakeDamage_C has parent /Script/Engine.MatineeCameraShake, but this parent is not found. The Class will not be shown in ClassViewer.
[2023.07.11-14.05.50:956][476]LogEditorClassViewer: Warning: Class /Game/ExampleContent/CameraShake/CamShake_TakeDamage_Small.CamShake_TakeDamage_Small_C has parent /Script/Engine.MatineeCameraShake, but this parent is not found. The Class will not be shown in ClassViewer.
[2023.07.11-14.05.50:957][476]LogEditorClassViewer: Warning: Class /Game/ParagonGideon/Characters/Heroes/Gideon/Gideon_AnimBlueprint.Gideon_AnimBlueprint_C has parent /Script/ActionRoguelike.SAnimInstance, but this parent is not found. The Class will not be shown in ClassViewer.
[2023.07.11-14.05.51:007][476]LogSlate: Took 0.000142 seconds to synchronously load lazily loaded font '../../../Engine/Content/Slate/Fonts/Roboto-BoldCondensed.ttf' (158K)
[2023.07.11-14.06.47:864][ 74]Running C:/Program Files (x86)/Vper/UE/UE_4.27/Engine/Binaries/DotNET/UnrealBuildTool.exe  -projectfiles -project="C:/VperData/GitHub/ActionRoguelike/ActionRoguelike/ActionRoguelike.uproject" -game -rocket -progress
[2023.07.11-14.06.48:068][ 74]Discovering modules, targets and source code for project...
[2023.07.11-14.06.49:309][ 74]Binding IntelliSense data...
[2023.07.11-14.06.53:744][ 74]Binding IntelliSense data... 100%
[2023.07.11-14.06.53:744][ 74]Writing project files...
[2023.07.11-14.06.55:655][ 74]Writing project files... 100%
[2023.07.11-14.07.00:885][ 74]LogSlate: Window 'Message' being destroyed
[2023.07.11-14.07.00:894][ 74]Message dialog closed, result: Yes, title: Message, text: Successfully added class 'SPowerupActor', however you must recompile the 'ActionRoguelike' module before it will appear in the Content Browser.

Would you like to edit the code now?
[2023.07.11-14.07.01:163][ 74]LogVSAccessor: Warning: Couldn't goto line number '1' in 'C:/VperData/GitHub/ActionRoguelike/ActionRoguelike/Source/ActionRoguelike/Public/SPowerupActor.h'
[2023.07.11-14.07.01:177][ 74]LogVSAccessor: Warning: Couldn't open file 'C:/VperData/GitHub/ActionRoguelike/ActionRoguelike/Source/ActionRoguelike/Private/SPowerupActor.cpp'.
[2023.07.11-14.07.01:179][ 74]LogSlate: Window 'Add C++ Class' being destroyed
