Log file open, 07/10/23 13:39:57
LogWindows: Failed to load 'aqProf.dll' (GetLastError=126)
LogWindows: File 'aqProf.dll' does not exist
LogWindows: Failed to load 'VtuneApi.dll' (GetLastError=126)
LogWindows: File 'VtuneApi.dll' does not exist
LogWindows: Failed to load 'VtuneApi32e.dll' (GetLastError=126)
LogWindows: File 'VtuneApi32e.dll' does not exist
LogConsoleResponse: Display: Failed to find resolution value strings in scalability ini. Falling back to default.
LogConsoleResponse: Display: Failed to find resolution value strings in scalability ini. Falling back to default.
LogInit: Display: Running engine for game: ActionRoguelike
LogPlatformFile: Not using cached read wrapper
LogTaskGraph: Started task graph with 5 named threads and 59 total threads with 3 sets of task threads.
LogStats: Stats thread started at 0.271811
LogICUInternationalization: ICU TimeZone Detection - Raw Offset: +8:00, Platform Override: ''
LogInit: Display: Loading text-based GConfig....
LogPluginManager: Mounting plugin MeshPainting
LogPluginManager: Mounting plugin XGEController
LogPluginManager: Mounting plugin AISupport
LogPluginManager: Mounting plugin EnvironmentQueryEditor
LogPluginManager: Mounting plugin Paper2D
LogPluginManager: Mounting plugin LightPropagationVolume
LogPluginManager: Mounting plugin LiveLink
LogPluginManager: Mounting plugin CameraShakePreviewer
LogPluginManager: Mounting plugin GameplayCameras
LogPluginManager: Mounting plugin AnimationSharing
LogPluginManager: Mounting plugin NullSourceCodeAccess
LogPluginManager: Mounting plugin CodeLiteSourceCodeAccess
LogPluginManager: Mounting plugin KDevelopSourceCodeAccess
LogPluginManager: Mounting plugin CLionSourceCodeAccess
LogPluginManager: Mounting plugin GitSourceControl
LogPluginManager: Mounting plugin PluginUtils
LogPluginManager: Mounting plugin PixWinPlugin
LogPluginManager: Mounting plugin PlasticSourceControl
LogPluginManager: Mounting plugin PerforceSourceControl
LogPluginManager: Mounting plugin SubversionSourceControl
LogPluginManager: Mounting plugin PropertyAccessNode
LogPluginManager: Mounting plugin VisualStudioCodeSourceCodeAccess
LogPluginManager: Mounting plugin VisualStudioSourceCodeAccess
LogPluginManager: Mounting plugin RiderSourceCodeAccess
LogPluginManager: Mounting plugin XCodeSourceCodeAccess
LogPluginManager: Mounting plugin TextureFormatOodle
LogPluginManager: Mounting plugin CryptoKeys
LogPluginManager: Mounting plugin OodleNetwork
LogPluginManager: Mounting plugin UObjectPlugin
LogPluginManager: Mounting plugin CurveEditorTools
LogPluginManager: Mounting plugin OodleData
LogPluginManager: Mounting plugin GeometryMode
LogPluginManager: Mounting plugin MacGraphicsSwitching
LogPluginManager: Mounting plugin AssetManagerEditor
LogPluginManager: Mounting plugin GameplayTagsEditor
LogPluginManager: Mounting plugin MaterialAnalyzer
LogPluginManager: Mounting plugin PluginBrowser
LogPluginManager: Mounting plugin FacialAnimation
LogPluginManager: Mounting plugin MobileLauncherProfileWizard
LogPluginManager: Mounting plugin AlembicImporter
LogPluginManager: Mounting plugin BackChannel
LogPluginManager: Mounting plugin SpeedTreeImporter
LogPluginManager: Mounting plugin ChaosClothEditor
LogPluginManager: Mounting plugin AutomationUtils
LogPluginManager: Mounting plugin ChaosCloth
LogPluginManager: Mounting plugin ChaosNiagara
LogPluginManager: Mounting plugin ChaosEditor
LogPluginManager: Mounting plugin CharacterAI
LogPluginManager: Mounting plugin ChaosSolverPlugin
LogPluginManager: Mounting plugin GeometryCache
LogPluginManager: Mounting plugin MagicLeap
LogPluginManager: Mounting plugin LuminPlatformFeatures
LogPluginManager: Mounting plugin GeometryCollectionPlugin
LogPluginManager: Mounting plugin MagicLeapPassableWorld
LogPluginManager: Mounting plugin MagicLeapLightEstimation
LogPluginManager: Mounting plugin MagicLeapMedia
LogPluginManager: Mounting plugin GeometryProcessing
LogPluginManager: Mounting plugin MLSDK
LogPluginManager: Mounting plugin OpenImageDenoise
LogPluginManager: Mounting plugin PlanarCut
LogPluginManager: Mounting plugin MotoSynth
LogPluginManager: Mounting plugin ProxyLODPlugin
LogPluginManager: Mounting plugin PlatformCrypto
LogPluginManager: Mounting plugin PythonScriptPlugin
LogPluginManager: Mounting plugin SkeletalReduction
LogPluginManager: Mounting plugin Niagara
LogPluginManager: Mounting plugin LevelSequenceEditor
LogPluginManager: Mounting plugin ActorSequence
LogPluginManager: Mounting plugin MatineeToLevelSequence
LogPluginManager: Mounting plugin TemplateSequence
LogPluginManager: Mounting plugin OnlineSubsystem
LogPluginManager: Mounting plugin DataValidation
LogPluginManager: Mounting plugin OnlineSubsystemUtils
LogPluginManager: Mounting plugin AndroidMedia
LogPluginManager: Mounting plugin AvfMedia
LogPluginManager: Mounting plugin MediaCompositing
LogPluginManager: Mounting plugin ActorLayerUtilities
LogPluginManager: Mounting plugin ImgMedia
LogPluginManager: Mounting plugin AndroidDeviceProfileSelector
LogPluginManager: Mounting plugin AndroidPermission
LogPluginManager: Mounting plugin AndroidMoviePlayer
LogPluginManager: Mounting plugin AppleImageUtils
LogPluginManager: Mounting plugin MediaPlayerEditor
LogPluginManager: Mounting plugin WebMMedia
LogPluginManager: Mounting plugin ArchVisCharacter
LogPluginManager: Mounting plugin AudioCapture
LogPluginManager: Mounting plugin WmfMedia
LogPluginManager: Mounting plugin CableComponent
LogPluginManager: Mounting plugin AudioSynesthesia
LogPluginManager: Mounting plugin OnlineSubsystemNull
LogPluginManager: Mounting plugin ChunkDownloader
LogPluginManager: Mounting plugin AssetTags
LogPluginManager: Mounting plugin TcpMessaging
LogPluginManager: Mounting plugin AppleMoviePlayer
LogPluginManager: Mounting plugin CustomMeshComponent
LogPluginManager: Mounting plugin UdpMessaging
LogPluginManager: Mounting plugin GooglePAD
LogPluginManager: Mounting plugin EditableMesh
LogPluginManager: Mounting plugin GoogleCloudMessaging
LogPluginManager: Mounting plugin LauncherChunkInstaller
LogPluginManager: Mounting plugin ExampleDeviceProfileSelector
LogPluginManager: Mounting plugin LocationServicesBPLibrary
LogPluginManager: Mounting plugin IOSDeviceProfileSelector
LogPluginManager: Mounting plugin MobilePatchingUtils
LogPluginManager: Mounting plugin OpenXREyeTracker
LogPluginManager: Mounting plugin OpenXR
LogPluginManager: Mounting plugin ProceduralMeshComponent
LogPluginManager: Mounting plugin OpenXRHandTracking
LogPluginManager: Mounting plugin PropertyAccessEditor
LogPluginManager: Mounting plugin PhysXVehicles
LogPluginManager: Mounting plugin RuntimePhysXCooking
LogPluginManager: Mounting plugin SignificanceManager
LogPluginManager: Mounting plugin PostSplashScreen
LogPluginManager: Mounting plugin SoundFields
LogPluginManager: Mounting plugin Synthesis
LogPluginManager: Mounting plugin WebMMoviePlayer
LogPluginManager: Mounting plugin WindowsMoviePlayer
LogPluginManager: Mounting plugin LinuxDeviceProfileSelector
LogPluginManager: Mounting plugin ScreenshotTools
LogPluginManager: Mounting plugin Takes
LogPluginManager: Mounting plugin DatasmithContent
LogPluginManager: Mounting plugin VariantManagerContent
LogPluginManager: Mounting plugin ContentBrowserAssetDataSource
LogPluginManager: Mounting plugin ContentBrowserClassDataSource
LogPluginManager: Mounting plugin ContentBrowserFileDataSource
LogPluginManager: Mounting plugin OnlineSubsystemGooglePlay
LogPluginManager: Mounting plugin OnlineSubsystemIOS
LogPluginManager: Mounting plugin OculusVR
LogPluginManager: Mounting plugin SteamVR
PixWinPlugin: PIX capture plugin failed to initialize! Check that the process is launched from PIX.
LogInit: Using libcurl 7.55.1-DEV
LogInit:  - built for x86_64-pc-win32
LogInit:  - supports SSL with OpenSSL/1.1.1
LogInit:  - supports HTTP deflate (compression) using libz 1.2.8
LogInit:  - other features:
LogInit:      CURL_VERSION_SSL
LogInit:      CURL_VERSION_LIBZ
LogInit:      CURL_VERSION_IPV6
LogInit:      CURL_VERSION_ASYNCHDNS
LogInit:      CURL_VERSION_LARGEFILE
LogInit:      CURL_VERSION_IDN
LogInit:  CurlRequestOptions (configurable via config and command line):
LogInit:  - bVerifyPeer = true  - Libcurl will verify peer certificate
LogInit:  - bUseHttpProxy = false  - Libcurl will NOT use HTTP proxy
LogInit:  - bDontReuseConnections = false  - Libcurl will reuse connections
LogInit:  - MaxHostConnections = 16  - Libcurl will limit the number of connections to a host
LogInit:  - LocalHostAddr = Default
LogInit:  - BufferSize = 65536
LogOnline: OSS: Creating online subsystem instance for: NULL
LogInit: WinSock: version 1.1 (2.2), MaxSocks=32767, MaxUdp=65467
LogOnline: OSS: TryLoadSubsystemAndSetDefault: Loaded subsystem for module [NULL]
LogOculusPluginWrapper: OculusPlugin initialized successfully
LogHMD: Failed initializing OVRPlugin 1.59.0
LogInit: Build: ++UE4+Release-4.27-CL-18319896
LogInit: Engine Version: 4.27.2-18319896+++UE4+Release-4.27
LogInit: Compatible Engine Version: 4.27.0-17155196+++UE4+Release-4.27
LogInit: Net CL: 17155196
LogInit: OS: Windows 10 (Release 2009) (), CPU: 13th Gen Intel(R) Core(TM) i5-13600KF, GPU: NVIDIA GeForce RTX 3060 Ti
LogInit: Compiled (64-bit): Nov 30 2021 07:12:08
LogInit: Compiled with Visual C++: 19.24.28315.00
LogInit: Build Configuration: Development
LogInit: Branch Name: ++UE4+Release-4.27
LogInit: Command Line:  -skipcompile
LogInit: Base Directory: C:/Program Files (x86)/Vper/UE/UE_4.27/Engine/Binaries/Win64/
LogInit: Allocator: TBB
LogInit: Installed Engine Build: 1
LogDevObjectVersion: Number of dev versions registered: 29
LogDevObjectVersion:   Dev-Blueprints (B0D832E4-1F89-4F0D-ACCF-7EB736FD4AA2): 10
LogDevObjectVersion:   Dev-Build (E1C64328-A22C-4D53-A36C-8E866417BD8C): 0
LogDevObjectVersion:   Dev-Core (375EC13C-06E4-48FB-B500-84F0262A717E): 4
LogDevObjectVersion:   Dev-Editor (E4B068ED-F494-42E9-A231-DA0B2E46BB41): 40
LogDevObjectVersion:   Dev-Framework (CFFC743F-43B0-4480-9391-14DF171D2073): 37
LogDevObjectVersion:   Dev-Mobile (B02B49B5-BB20-44E9-A304-32B752E40360): 3
LogDevObjectVersion:   Dev-Networking (A4E4105C-59A1-49B5-A7C5-40C4547EDFEE): 0
LogDevObjectVersion:   Dev-Online (39C831C9-5AE6-47DC-9A44-9C173E1C8E7C): 0
LogDevObjectVersion:   Dev-Physics (78F01B33-EBEA-4F98-B9B4-84EACCB95AA2): 14
LogDevObjectVersion:   Dev-Platform (6631380F-2D4D-43E0-8009-CF276956A95A): 0
LogDevObjectVersion:   Dev-Rendering (12F88B9F-8875-4AFC-A67C-D90C383ABD29): 45
LogDevObjectVersion:   Dev-Sequencer (7B5AE74C-D270-4C10-A958-57980B212A5A): 13
LogDevObjectVersion:   Dev-VR (D7296918-1DD6-4BDD-9DE2-64A83CC13884): 3
LogDevObjectVersion:   Dev-LoadTimes (C2A15278-BFE7-4AFE-6C17-90FF531DF755): 1
LogDevObjectVersion:   Private-Geometry (6EACA3D4-40EC-4CC1-B786-8BED09428FC5): 3
LogDevObjectVersion:   Dev-AnimPhys (29E575DD-E0A3-4627-9D10-D276232CDCEA): 17
LogDevObjectVersion:   Dev-Anim (AF43A65D-7FD3-4947-9873-3E8ED9C1BB05): 15
LogDevObjectVersion:   Dev-ReflectionCapture (6B266CEC-1EC7-4B8F-A30B-E4D90942FC07): 1
LogDevObjectVersion:   Dev-Automation (0DF73D61-A23F-47EA-B727-89E90C41499A): 1
LogDevObjectVersion:   FortniteMain (601D1886-AC64-4F84-AA16-D3DE0DEAC7D6): 47
LogDevObjectVersion:   FortniteRelease (E7086368-6B23-4C58-8439-1B7016265E91): 1
LogDevObjectVersion:   Dev-Enterprise (9DFFBCD6-494F-0158-E221-12823C92A888): 10
LogDevObjectVersion:   Dev-Niagara (F2AED0AC-9AFE-416F-8664-AA7FFA26D6FC): 1
LogDevObjectVersion:   Dev-Destruction (174F1F0B-B4C6-45A5-B13F-2EE8D0FB917D): 10
LogDevObjectVersion:   Dev-Physics-Ext (35F94A83-E258-406C-A318-09F59610247C): 41
LogDevObjectVersion:   Dev-PhysicsMaterial-Chaos (B68FC16E-8B1B-42E2-B453-215C058844FE): 1
LogDevObjectVersion:   Dev-CineCamera (B2E18506-4273-CFC2-A54E-F4BB758BBA07): 1
LogDevObjectVersion:   Dev-VirtualProduction (64F58936-FD1B-42BA-BA96-7289D5D0FA4E): 1
LogDevObjectVersion:   Dev-MediaFramework (6F0ED827-A609-4895-9C91-998D90180EA4): 2
LogInit: Presizing for max 25165824 objects, including 0 objects not considered by GC, pre-allocating 0 bytes for permanent pool.
LogConfig: Applying CVar settings from Section [/Script/Engine.StreamingSettings] File [C:/VperData/GitHub/ActionRoguelike/ActionRoguelike/Saved/Config/Windows/Engine.ini]
LogConfig: Setting CVar [[s.MinBulkDataSizeForAsyncLoading:131072]]
LogConfig: Setting CVar [[s.AsyncLoadingThreadEnabled:0]]
LogConfig: Setting CVar [[s.EventDrivenLoaderEnabled:1]]
LogConfig: Setting CVar [[s.WarnIfTimeLimitExceeded:0]]
LogConfig: Setting CVar [[s.TimeLimitExceededMultiplier:1.5]]
LogConfig: Setting CVar [[s.TimeLimitExceededMinTime:0.005]]
LogConfig: Setting CVar [[s.UseBackgroundLevelStreaming:1]]
LogConfig: Setting CVar [[s.PriorityAsyncLoadingExtraTime:15.0]]
LogConfig: Setting CVar [[s.LevelStreamingActorsUpdateTimeLimit:5.0]]
LogConfig: Setting CVar [[s.PriorityLevelStreamingActorsUpdateExtraTime:5.0]]
LogConfig: Setting CVar [[s.LevelStreamingComponentsRegistrationGranularity:10]]
LogConfig: Setting CVar [[s.UnregisterComponentsTimeLimit:1.0]]
LogConfig: Setting CVar [[s.LevelStreamingComponentsUnregistrationGranularity:5]]
LogConfig: Setting CVar [[s.FlushStreamingOnExit:1]]
LogInit: Object subsystem initialized
LogConfig: Setting CVar [[con.DebugEarlyDefault:1]]
LogConfig: Setting CVar [[r.setres:1280x720]]
[2023.07.10-05.39.58:921][  0]LogConfig: Setting CVar [[r.VSync:0]]
[2023.07.10-05.39.58:921][  0]LogConfig: Setting CVar [[r.RHICmdBypass:0]]
[2023.07.10-05.39.58:921][  0]LogConfig: Applying CVar settings from Section [/Script/Engine.RendererSettings] File [C:/VperData/GitHub/ActionRoguelike/ActionRoguelike/Saved/Config/Windows/Engine.ini]
[2023.07.10-05.39.58:921][  0]LogConfig: Setting CVar [[r.GPUCrashDebugging:0]]
[2023.07.10-05.39.58:921][  0]LogConfig: Applying CVar settings from Section [/Script/Engine.RendererOverrideSettings] File [C:/VperData/GitHub/ActionRoguelike/ActionRoguelike/Saved/Config/Windows/Engine.ini]
[2023.07.10-05.39.58:921][  0]LogConfig: Applying CVar settings from Section [/Script/Engine.StreamingSettings] File [C:/VperData/GitHub/ActionRoguelike/ActionRoguelike/Saved/Config/Windows/Engine.ini]
[2023.07.10-05.39.58:921][  0]LogConfig: Setting CVar [[s.MinBulkDataSizeForAsyncLoading:131072]]
[2023.07.10-05.39.58:921][  0]LogConfig: Setting CVar [[s.AsyncLoadingThreadEnabled:0]]
[2023.07.10-05.39.58:921][  0]LogConfig: Setting CVar [[s.EventDrivenLoaderEnabled:1]]
[2023.07.10-05.39.58:921][  0]LogConfig: Setting CVar [[s.WarnIfTimeLimitExceeded:0]]
[2023.07.10-05.39.58:921][  0]LogConfig: Setting CVar [[s.TimeLimitExceededMultiplier:1.5]]
[2023.07.10-05.39.58:921][  0]LogConfig: Setting CVar [[s.TimeLimitExceededMinTime:0.005]]
[2023.07.10-05.39.58:921][  0]LogConfig: Setting CVar [[s.UseBackgroundLevelStreaming:1]]
[2023.07.10-05.39.58:921][  0]LogConfig: Setting CVar [[s.PriorityAsyncLoadingExtraTime:15.0]]
[2023.07.10-05.39.58:921][  0]LogConfig: Setting CVar [[s.LevelStreamingActorsUpdateTimeLimit:5.0]]
[2023.07.10-05.39.58:921][  0]LogConfig: Setting CVar [[s.PriorityLevelStreamingActorsUpdateExtraTime:5.0]]
[2023.07.10-05.39.58:922][  0]LogConfig: Setting CVar [[s.LevelStreamingComponentsRegistrationGranularity:10]]
[2023.07.10-05.39.58:922][  0]LogConfig: Setting CVar [[s.UnregisterComponentsTimeLimit:1.0]]
[2023.07.10-05.39.58:922][  0]LogConfig: Setting CVar [[s.LevelStreamingComponentsUnregistrationGranularity:5]]
[2023.07.10-05.39.58:922][  0]LogConfig: Setting CVar [[s.FlushStreamingOnExit:1]]
[2023.07.10-05.39.58:922][  0]LogConfig: Applying CVar settings from Section [/Script/Engine.GarbageCollectionSettings] File [C:/VperData/GitHub/ActionRoguelike/ActionRoguelike/Saved/Config/Windows/Engine.ini]
[2023.07.10-05.39.58:922][  0]LogConfig: Setting CVar [[gc.MaxObjectsNotConsideredByGC:1]]
[2023.07.10-05.39.58:922][  0]LogConfig: Setting CVar [[gc.SizeOfPermanentObjectPool:0]]
[2023.07.10-05.39.58:922][  0]LogConfig: Setting CVar [[gc.FlushStreamingOnGC:0]]
[2023.07.10-05.39.58:922][  0]LogConfig: Setting CVar [[gc.NumRetriesBeforeForcingGC:10]]
[2023.07.10-05.39.58:922][  0]LogConfig: Setting CVar [[gc.AllowParallelGC:1]]
[2023.07.10-05.39.58:922][  0]LogConfig: Setting CVar [[gc.TimeBetweenPurgingPendingKillObjects:61.1]]
[2023.07.10-05.39.58:922][  0]LogConfig: Setting CVar [[gc.MaxObjectsInEditor:25165824]]
[2023.07.10-05.39.58:922][  0]LogConfig: Setting CVar [[gc.IncrementalBeginDestroyEnabled:1]]
[2023.07.10-05.39.58:922][  0]LogConfig: Setting CVar [[gc.CreateGCClusters:1]]
[2023.07.10-05.39.58:922][  0]LogConfig: Setting CVar [[gc.MinGCClusterSize:5]]
[2023.07.10-05.39.58:922][  0]LogConfig: Setting CVar [[gc.ActorClusteringEnabled:0]]
[2023.07.10-05.39.58:922][  0]LogConfig: Setting CVar [[gc.BlueprintClusteringEnabled:0]]
[2023.07.10-05.39.58:922][  0]LogConfig: Setting CVar [[gc.UseDisregardForGCOnDedicatedServers:0]]
[2023.07.10-05.39.58:922][  0]LogConfig: Setting CVar [[gc.MultithreadedDestructionEnabled:1]]
[2023.07.10-05.39.58:922][  0]LogConfig: Applying CVar settings from Section [/Script/Engine.NetworkSettings] File [C:/VperData/GitHub/ActionRoguelike/ActionRoguelike/Saved/Config/Windows/Engine.ini]
[2023.07.10-05.39.58:922][  0]LogConfig: Applying CVar settings from Section [/Script/UnrealEd.CookerSettings] File [C:/VperData/GitHub/ActionRoguelike/ActionRoguelike/Saved/Config/Windows/Engine.ini]
[2023.07.10-05.39.58:926][  0]LogConfig: Applying CVar settings from Section [ViewDistanceQuality@3] File [C:/VperData/GitHub/ActionRoguelike/ActionRoguelike/Saved/Config/Windows/Scalability.ini]
[2023.07.10-05.39.58:926][  0]LogConfig: Setting CVar [[r.SkeletalMeshLODBias:0]]
[2023.07.10-05.39.58:926][  0]LogConfig: Setting CVar [[r.ViewDistanceScale:1.0]]
[2023.07.10-05.39.58:926][  0]LogConfig: Applying CVar settings from Section [AntiAliasingQuality@3] File [C:/VperData/GitHub/ActionRoguelike/ActionRoguelike/Saved/Config/Windows/Scalability.ini]
[2023.07.10-05.39.58:926][  0]LogConfig: Setting CVar [[r.PostProcessAAQuality:4]]
[2023.07.10-05.39.58:926][  0]LogConfig: Applying CVar settings from Section [ShadowQuality@3] File [C:/VperData/GitHub/ActionRoguelike/ActionRoguelike/Saved/Config/Windows/Scalability.ini]
[2023.07.10-05.39.58:926][  0]LogConfig: Setting CVar [[r.LightFunctionQuality:1]]
[2023.07.10-05.39.58:926][  0]LogConfig: Setting CVar [[r.ShadowQuality:5]]
[2023.07.10-05.39.58:926][  0]LogConfig: Setting CVar [[r.Shadow.CSM.MaxCascades:10]]
[2023.07.10-05.39.58:926][  0]LogConfig: Setting CVar [[r.Shadow.MaxResolution:2048]]
[2023.07.10-05.39.58:926][  0]LogConfig: Setting CVar [[r.Shadow.MaxCSMResolution:2048]]
[2023.07.10-05.39.58:926][  0]LogConfig: Setting CVar [[r.Shadow.RadiusThreshold:0.01]]
[2023.07.10-05.39.58:926][  0]LogConfig: Setting CVar [[r.Shadow.DistanceScale:1.0]]
[2023.07.10-05.39.58:926][  0]LogConfig: Setting CVar [[r.Shadow.CSM.TransitionScale:1.0]]
[2023.07.10-05.39.58:926][  0]LogConfig: Setting CVar [[r.Shadow.PreShadowResolutionFactor:1.0]]
[2023.07.10-05.39.58:926][  0]LogConfig: Setting CVar [[r.DistanceFieldShadowing:1]]
[2023.07.10-05.39.58:926][  0]LogConfig: Setting CVar [[r.DistanceFieldAO:1]]
[2023.07.10-05.39.58:927][  0]LogConfig: Setting CVar [[r.AOQuality:2]]
[2023.07.10-05.39.58:927][  0]LogConfig: Setting CVar [[r.VolumetricFog:1]]
[2023.07.10-05.39.58:927][  0]LogConfig: Setting CVar [[r.VolumetricFog.GridPixelSize:8]]
[2023.07.10-05.39.58:927][  0]LogConfig: Setting CVar [[r.VolumetricFog.GridSizeZ:128]]
[2023.07.10-05.39.58:927][  0]LogConfig: Setting CVar [[r.VolumetricFog.HistoryMissSupersampleCount:4]]
[2023.07.10-05.39.58:927][  0]LogConfig: Setting CVar [[r.LightMaxDrawDistanceScale:1]]
[2023.07.10-05.39.58:927][  0]LogConfig: Setting CVar [[r.CapsuleShadows:1]]
[2023.07.10-05.39.58:927][  0]LogConfig: Applying CVar settings from Section [PostProcessQuality@3] File [C:/VperData/GitHub/ActionRoguelike/ActionRoguelike/Saved/Config/Windows/Scalability.ini]
[2023.07.10-05.39.58:927][  0]LogConfig: Setting CVar [[r.MotionBlurQuality:4]]
[2023.07.10-05.39.58:927][  0]LogConfig: Setting CVar [[r.AmbientOcclusionMipLevelFactor:0.4]]
[2023.07.10-05.39.58:927][  0]LogConfig: Setting CVar [[r.AmbientOcclusionMaxQuality:100]]
[2023.07.10-05.39.58:927][  0]LogConfig: Setting CVar [[r.AmbientOcclusionLevels:-1]]
[2023.07.10-05.39.58:927][  0]LogConfig: Setting CVar [[r.AmbientOcclusionRadiusScale:1.0]]
[2023.07.10-05.39.58:927][  0]LogConfig: Setting CVar [[r.DepthOfFieldQuality:2]]
[2023.07.10-05.39.58:927][  0]LogConfig: Setting CVar [[r.RenderTargetPoolMin:400]]
[2023.07.10-05.39.58:927][  0]LogConfig: Setting CVar [[r.LensFlareQuality:2]]
[2023.07.10-05.39.58:927][  0]LogConfig: Setting CVar [[r.SceneColorFringeQuality:1]]
[2023.07.10-05.39.58:927][  0]LogConfig: Setting CVar [[r.EyeAdaptationQuality:2]]
[2023.07.10-05.39.58:927][  0]LogConfig: Setting CVar [[r.BloomQuality:5]]
[2023.07.10-05.39.58:927][  0]LogConfig: Setting CVar [[r.FastBlurThreshold:100]]
[2023.07.10-05.39.58:927][  0]LogConfig: Setting CVar [[r.Upscale.Quality:3]]
[2023.07.10-05.39.58:927][  0]LogConfig: Setting CVar [[r.Tonemapper.GrainQuantization:1]]
[2023.07.10-05.39.58:927][  0]LogConfig: Setting CVar [[r.LightShaftQuality:1]]
[2023.07.10-05.39.58:927][  0]LogConfig: Setting CVar [[r.Filter.SizeScale:1]]
[2023.07.10-05.39.58:927][  0]LogConfig: Setting CVar [[r.Tonemapper.Quality:5]]
[2023.07.10-05.39.58:927][  0]LogConfig: Setting CVar [[r.DOF.Gather.AccumulatorQuality:1        ; higher gathering accumulator quality]]
[2023.07.10-05.39.58:927][  0]LogConfig: Setting CVar [[r.DOF.Gather.PostfilterMethod:1          ; Median3x3 postfilering method]]
[2023.07.10-05.39.58:927][  0]LogConfig: Setting CVar [[r.DOF.Gather.EnableBokehSettings:0       ; no bokeh simulation when gathering]]
[2023.07.10-05.39.58:927][  0]LogConfig: Setting CVar [[r.DOF.Gather.RingCount:4                 ; medium number of samples when gathering]]
[2023.07.10-05.39.58:927][  0]LogConfig: Setting CVar [[r.DOF.Scatter.ForegroundCompositing:1    ; additive foreground scattering]]
[2023.07.10-05.39.58:927][  0]LogConfig: Setting CVar [[r.DOF.Scatter.BackgroundCompositing:2    ; additive background scattering]]
[2023.07.10-05.39.58:928][  0]LogConfig: Setting CVar [[r.DOF.Scatter.EnableBokehSettings:1      ; bokeh simulation when scattering]]
[2023.07.10-05.39.58:928][  0]LogConfig: Setting CVar [[r.DOF.Scatter.MaxSpriteRatio:0.1         ; only a maximum of 10% of scattered bokeh]]
[2023.07.10-05.39.58:928][  0]LogConfig: Setting CVar [[r.DOF.Recombine.Quality:1                ; cheap slight out of focus]]
[2023.07.10-05.39.58:928][  0]LogConfig: Setting CVar [[r.DOF.Recombine.EnableBokehSettings:0    ; no bokeh simulation on slight out of focus]]
[2023.07.10-05.39.58:928][  0]LogConfig: Setting CVar [[r.DOF.TemporalAAQuality:1                ; more stable temporal accumulation]]
[2023.07.10-05.39.58:928][  0]LogConfig: Setting CVar [[r.DOF.Kernel.MaxForegroundRadius:0.025]]
[2023.07.10-05.39.58:928][  0]LogConfig: Setting CVar [[r.DOF.Kernel.MaxBackgroundRadius:0.025]]
[2023.07.10-05.39.58:928][  0]LogConfig: Applying CVar settings from Section [TextureQuality@3] File [C:/VperData/GitHub/ActionRoguelike/ActionRoguelike/Saved/Config/Windows/Scalability.ini]
[2023.07.10-05.39.58:928][  0]LogConfig: Setting CVar [[r.Streaming.MipBias:0]]
[2023.07.10-05.39.58:928][  0]LogConfig: Setting CVar [[r.Streaming.AmortizeCPUToGPUCopy:0]]
[2023.07.10-05.39.58:928][  0]LogConfig: Setting CVar [[r.Streaming.MaxNumTexturesToStreamPerFrame:0]]
[2023.07.10-05.39.58:928][  0]LogConfig: Setting CVar [[r.Streaming.Boost:1]]
[2023.07.10-05.39.58:928][  0]LogConfig: Setting CVar [[r.MaxAnisotropy:8]]
[2023.07.10-05.39.58:928][  0]LogConfig: Setting CVar [[r.VT.MaxAnisotropy:8]]
[2023.07.10-05.39.58:928][  0]LogConfig: Setting CVar [[r.Streaming.LimitPoolSizeToVRAM:0]]
[2023.07.10-05.39.58:928][  0]LogConfig: Setting CVar [[r.Streaming.PoolSize:1000]]
[2023.07.10-05.39.58:928][  0]LogConfig: Setting CVar [[r.Streaming.MaxEffectiveScreenSize:0]]
[2023.07.10-05.39.58:928][  0]LogConfig: Applying CVar settings from Section [EffectsQuality@3] File [C:/VperData/GitHub/ActionRoguelike/ActionRoguelike/Saved/Config/Windows/Scalability.ini]
[2023.07.10-05.39.58:928][  0]LogConfig: Setting CVar [[r.TranslucencyLightingVolumeDim:64]]
[2023.07.10-05.39.58:928][  0]LogConfig: Setting CVar [[r.RefractionQuality:2]]
[2023.07.10-05.39.58:928][  0]LogConfig: Setting CVar [[r.SSR.Quality:3]]
[2023.07.10-05.39.58:928][  0]LogConfig: Setting CVar [[r.SSR.HalfResSceneColor:0]]
[2023.07.10-05.39.58:928][  0]LogConfig: Setting CVar [[r.SceneColorFormat:4]]
[2023.07.10-05.39.58:928][  0]LogConfig: Setting CVar [[r.DetailMode:2]]
[2023.07.10-05.39.58:928][  0]LogConfig: Setting CVar [[r.TranslucencyVolumeBlur:1]]
[2023.07.10-05.39.58:928][  0]LogConfig: Setting CVar [[r.MaterialQualityLevel:1 ; High quality]]
[2023.07.10-05.39.58:928][  0]LogConfig: Setting CVar [[r.AnisotropicMaterials:1]]
[2023.07.10-05.39.58:928][  0]LogConfig: Setting CVar [[r.SSS.Scale:1]]
[2023.07.10-05.39.58:928][  0]LogConfig: Setting CVar [[r.SSS.SampleSet:2]]
[2023.07.10-05.39.58:928][  0]LogConfig: Setting CVar [[r.SSS.Quality:1]]
[2023.07.10-05.39.58:928][  0]LogConfig: Setting CVar [[r.SSS.HalfRes:0]]
[2023.07.10-05.39.58:928][  0]LogConfig: Setting CVar [[r.SSGI.Quality:3]]
[2023.07.10-05.39.58:928][  0]LogConfig: Setting CVar [[r.EmitterSpawnRateScale:1.0]]
[2023.07.10-05.39.58:928][  0]LogConfig: Setting CVar [[r.ParticleLightQuality:2]]
[2023.07.10-05.39.58:928][  0]LogConfig: Setting CVar [[r.SkyAtmosphere.AerialPerspectiveLUT.FastApplyOnOpaque:1 ; Always have FastSkyLUT 1 in this case to avoid wrong sky]]
[2023.07.10-05.39.58:928][  0]LogConfig: Setting CVar [[r.SkyAtmosphere.AerialPerspectiveLUT.SampleCountMaxPerSlice:4]]
[2023.07.10-05.39.58:928][  0]LogConfig: Setting CVar [[r.SkyAtmosphere.AerialPerspectiveLUT.DepthResolution:16.0]]
[2023.07.10-05.39.58:928][  0]LogConfig: Setting CVar [[r.SkyAtmosphere.FastSkyLUT:1]]
[2023.07.10-05.39.58:928][  0]LogConfig: Setting CVar [[r.SkyAtmosphere.FastSkyLUT.SampleCountMin:4.0]]
[2023.07.10-05.39.58:928][  0]LogConfig: Setting CVar [[r.SkyAtmosphere.FastSkyLUT.SampleCountMax:128.0]]
[2023.07.10-05.39.58:928][  0]LogConfig: Setting CVar [[r.SkyAtmosphere.SampleCountMin:4.0]]
[2023.07.10-05.39.58:928][  0]LogConfig: Setting CVar [[r.SkyAtmosphere.SampleCountMax:128.0]]
[2023.07.10-05.39.58:928][  0]LogConfig: Setting CVar [[r.SkyAtmosphere.TransmittanceLUT.UseSmallFormat:0]]
[2023.07.10-05.39.58:928][  0]LogConfig: Setting CVar [[r.SkyAtmosphere.TransmittanceLUT.SampleCount:10.0]]
[2023.07.10-05.39.58:928][  0]LogConfig: Setting CVar [[r.SkyAtmosphere.MultiScatteringLUT.SampleCount:15.0]]
[2023.07.10-05.39.58:928][  0]LogConfig: Setting CVar [[r.SkyLight.RealTimeReflectionCapture:1]]
[2023.07.10-05.39.58:928][  0]LogConfig: Applying CVar settings from Section [FoliageQuality@3] File [C:/VperData/GitHub/ActionRoguelike/ActionRoguelike/Saved/Config/Windows/Scalability.ini]
[2023.07.10-05.39.58:928][  0]LogConfig: Setting CVar [[foliage.DensityScale:1.0]]
[2023.07.10-05.39.58:929][  0]LogConfig: Setting CVar [[grass.DensityScale:1.0]]
[2023.07.10-05.39.58:929][  0]LogConfig: Applying CVar settings from Section [ShadingQuality@3] File [C:/VperData/GitHub/ActionRoguelike/ActionRoguelike/Saved/Config/Windows/Scalability.ini]
[2023.07.10-05.39.58:929][  0]LogConfig: Setting CVar [[r.HairStrands.SkyLighting.IntegrationType:2]]
[2023.07.10-05.39.58:929][  0]LogConfig: Setting CVar [[r.HairStrands.SkyAO.SampleCount:4]]
[2023.07.10-05.39.58:929][  0]LogConfig: Setting CVar [[r.HairStrands.Visibility.MSAA.SamplePerPixel:4]]
[2023.07.10-05.39.58:929][  0]LogInit: Selected Device Profile: [Windows]
[2023.07.10-05.39.58:929][  0]LogInit: Applying CVar settings loaded from the selected device profile: [Windows]
[2023.07.10-05.39.58:929][  0]LogHAL: Display: Platform has ~ 32 GB [34185904128 / 34359738368 / 32], which maps to Largest [LargestMinGB=32, LargerMinGB=12, DefaultMinGB=8, SmallerMinGB=6, SmallestMinGB=0)
[2023.07.10-05.39.58:929][  0]LogInit: Going up to parent DeviceProfile []
[2023.07.10-05.39.58:929][  0]LogConfig: Applying CVar settings from Section [ViewDistanceQuality@3] File [C:/VperData/GitHub/ActionRoguelike/ActionRoguelike/Saved/Config/Windows/Scalability.ini]
[2023.07.10-05.39.58:929][  0]LogConfig: Setting CVar [[r.SkeletalMeshLODBias:0]]
[2023.07.10-05.39.58:929][  0]LogConfig: Setting CVar [[r.ViewDistanceScale:1.0]]
[2023.07.10-05.39.58:929][  0]LogConfig: Applying CVar settings from Section [AntiAliasingQuality@3] File [C:/VperData/GitHub/ActionRoguelike/ActionRoguelike/Saved/Config/Windows/Scalability.ini]
[2023.07.10-05.39.58:929][  0]LogConfig: Setting CVar [[r.PostProcessAAQuality:4]]
[2023.07.10-05.39.58:929][  0]LogConfig: Applying CVar settings from Section [ShadowQuality@3] File [C:/VperData/GitHub/ActionRoguelike/ActionRoguelike/Saved/Config/Windows/Scalability.ini]
[2023.07.10-05.39.58:929][  0]LogConfig: Setting CVar [[r.LightFunctionQuality:1]]
[2023.07.10-05.39.58:929][  0]LogConfig: Setting CVar [[r.ShadowQuality:5]]
[2023.07.10-05.39.58:929][  0]LogConfig: Setting CVar [[r.Shadow.CSM.MaxCascades:10]]
[2023.07.10-05.39.58:929][  0]LogConfig: Setting CVar [[r.Shadow.MaxResolution:2048]]
[2023.07.10-05.39.58:929][  0]LogConfig: Setting CVar [[r.Shadow.MaxCSMResolution:2048]]
[2023.07.10-05.39.58:929][  0]LogConfig: Setting CVar [[r.Shadow.RadiusThreshold:0.01]]
[2023.07.10-05.39.58:929][  0]LogConfig: Setting CVar [[r.Shadow.DistanceScale:1.0]]
[2023.07.10-05.39.58:929][  0]LogConfig: Setting CVar [[r.Shadow.CSM.TransitionScale:1.0]]
[2023.07.10-05.39.58:929][  0]LogConfig: Setting CVar [[r.Shadow.PreShadowResolutionFactor:1.0]]
[2023.07.10-05.39.58:929][  0]LogConfig: Setting CVar [[r.DistanceFieldShadowing:1]]
[2023.07.10-05.39.58:929][  0]LogConfig: Setting CVar [[r.DistanceFieldAO:1]]
[2023.07.10-05.39.58:929][  0]LogConfig: Setting CVar [[r.AOQuality:2]]
[2023.07.10-05.39.58:929][  0]LogConfig: Setting CVar [[r.VolumetricFog:1]]
[2023.07.10-05.39.58:929][  0]LogConfig: Setting CVar [[r.VolumetricFog.GridPixelSize:8]]
[2023.07.10-05.39.58:929][  0]LogConfig: Setting CVar [[r.VolumetricFog.GridSizeZ:128]]
[2023.07.10-05.39.58:930][  0]LogConfig: Setting CVar [[r.VolumetricFog.HistoryMissSupersampleCount:4]]
[2023.07.10-05.39.58:930][  0]LogConfig: Setting CVar [[r.LightMaxDrawDistanceScale:1]]
[2023.07.10-05.39.58:930][  0]LogConfig: Setting CVar [[r.CapsuleShadows:1]]
[2023.07.10-05.39.58:930][  0]LogConfig: Applying CVar settings from Section [PostProcessQuality@3] File [C:/VperData/GitHub/ActionRoguelike/ActionRoguelike/Saved/Config/Windows/Scalability.ini]
[2023.07.10-05.39.58:930][  0]LogConfig: Setting CVar [[r.MotionBlurQuality:4]]
[2023.07.10-05.39.58:930][  0]LogConfig: Setting CVar [[r.AmbientOcclusionMipLevelFactor:0.4]]
[2023.07.10-05.39.58:930][  0]LogConfig: Setting CVar [[r.AmbientOcclusionMaxQuality:100]]
[2023.07.10-05.39.58:930][  0]LogConfig: Setting CVar [[r.AmbientOcclusionLevels:-1]]
[2023.07.10-05.39.58:930][  0]LogConfig: Setting CVar [[r.AmbientOcclusionRadiusScale:1.0]]
[2023.07.10-05.39.58:930][  0]LogConfig: Setting CVar [[r.DepthOfFieldQuality:2]]
[2023.07.10-05.39.58:930][  0]LogConfig: Setting CVar [[r.RenderTargetPoolMin:400]]
[2023.07.10-05.39.58:930][  0]LogConfig: Setting CVar [[r.LensFlareQuality:2]]
[2023.07.10-05.39.58:930][  0]LogConfig: Setting CVar [[r.SceneColorFringeQuality:1]]
[2023.07.10-05.39.58:930][  0]LogConfig: Setting CVar [[r.EyeAdaptationQuality:2]]
[2023.07.10-05.39.58:930][  0]LogConfig: Setting CVar [[r.BloomQuality:5]]
[2023.07.10-05.39.58:930][  0]LogConfig: Setting CVar [[r.FastBlurThreshold:100]]
[2023.07.10-05.39.58:930][  0]LogConfig: Setting CVar [[r.Upscale.Quality:3]]
[2023.07.10-05.39.58:930][  0]LogConfig: Setting CVar [[r.Tonemapper.GrainQuantization:1]]
[2023.07.10-05.39.58:930][  0]LogConfig: Setting CVar [[r.LightShaftQuality:1]]
[2023.07.10-05.39.58:930][  0]LogConfig: Setting CVar [[r.Filter.SizeScale:1]]
[2023.07.10-05.39.58:930][  0]LogConfig: Setting CVar [[r.Tonemapper.Quality:5]]
[2023.07.10-05.39.58:930][  0]LogConfig: Setting CVar [[r.DOF.Gather.AccumulatorQuality:1        ; higher gathering accumulator quality]]
[2023.07.10-05.39.58:930][  0]LogConfig: Setting CVar [[r.DOF.Gather.PostfilterMethod:1          ; Median3x3 postfilering method]]
[2023.07.10-05.39.58:930][  0]LogConfig: Setting CVar [[r.DOF.Gather.EnableBokehSettings:0       ; no bokeh simulation when gathering]]
[2023.07.10-05.39.58:930][  0]LogConfig: Setting CVar [[r.DOF.Gather.RingCount:4                 ; medium number of samples when gathering]]
[2023.07.10-05.39.58:930][  0]LogConfig: Setting CVar [[r.DOF.Scatter.ForegroundCompositing:1    ; additive foreground scattering]]
[2023.07.10-05.39.58:930][  0]LogConfig: Setting CVar [[r.DOF.Scatter.BackgroundCompositing:2    ; additive background scattering]]
[2023.07.10-05.39.58:930][  0]LogConfig: Setting CVar [[r.DOF.Scatter.EnableBokehSettings:1      ; bokeh simulation when scattering]]
[2023.07.10-05.39.58:930][  0]LogConfig: Setting CVar [[r.DOF.Scatter.MaxSpriteRatio:0.1         ; only a maximum of 10% of scattered bokeh]]
[2023.07.10-05.39.58:930][  0]LogConfig: Setting CVar [[r.DOF.Recombine.Quality:1                ; cheap slight out of focus]]
[2023.07.10-05.39.58:930][  0]LogConfig: Setting CVar [[r.DOF.Recombine.EnableBokehSettings:0    ; no bokeh simulation on slight out of focus]]
[2023.07.10-05.39.58:931][  0]LogConfig: Setting CVar [[r.DOF.TemporalAAQuality:1                ; more stable temporal accumulation]]
[2023.07.10-05.39.58:931][  0]LogConfig: Setting CVar [[r.DOF.Kernel.MaxForegroundRadius:0.025]]
[2023.07.10-05.39.58:931][  0]LogConfig: Setting CVar [[r.DOF.Kernel.MaxBackgroundRadius:0.025]]
[2023.07.10-05.39.58:931][  0]LogConfig: Applying CVar settings from Section [TextureQuality@3] File [C:/VperData/GitHub/ActionRoguelike/ActionRoguelike/Saved/Config/Windows/Scalability.ini]
[2023.07.10-05.39.58:931][  0]LogConfig: Setting CVar [[r.Streaming.MipBias:0]]
[2023.07.10-05.39.58:931][  0]LogConfig: Setting CVar [[r.Streaming.AmortizeCPUToGPUCopy:0]]
[2023.07.10-05.39.58:931][  0]LogConfig: Setting CVar [[r.Streaming.MaxNumTexturesToStreamPerFrame:0]]
[2023.07.10-05.39.58:931][  0]LogConfig: Setting CVar [[r.Streaming.Boost:1]]
[2023.07.10-05.39.58:931][  0]LogConfig: Setting CVar [[r.MaxAnisotropy:8]]
[2023.07.10-05.39.58:931][  0]LogConfig: Setting CVar [[r.VT.MaxAnisotropy:8]]
[2023.07.10-05.39.58:931][  0]LogConfig: Setting CVar [[r.Streaming.LimitPoolSizeToVRAM:0]]
[2023.07.10-05.39.58:931][  0]LogConfig: Setting CVar [[r.Streaming.PoolSize:1000]]
[2023.07.10-05.39.58:931][  0]LogConfig: Setting CVar [[r.Streaming.MaxEffectiveScreenSize:0]]
[2023.07.10-05.39.58:931][  0]LogConfig: Applying CVar settings from Section [EffectsQuality@3] File [C:/VperData/GitHub/ActionRoguelike/ActionRoguelike/Saved/Config/Windows/Scalability.ini]
[2023.07.10-05.39.58:931][  0]LogConfig: Setting CVar [[r.TranslucencyLightingVolumeDim:64]]
[2023.07.10-05.39.58:931][  0]LogConfig: Setting CVar [[r.RefractionQuality:2]]
[2023.07.10-05.39.58:931][  0]LogConfig: Setting CVar [[r.SSR.Quality:3]]
[2023.07.10-05.39.58:931][  0]LogConfig: Setting CVar [[r.SSR.HalfResSceneColor:0]]
[2023.07.10-05.39.58:931][  0]LogConfig: Setting CVar [[r.SceneColorFormat:4]]
[2023.07.10-05.39.58:931][  0]LogConfig: Setting CVar [[r.DetailMode:2]]
[2023.07.10-05.39.58:931][  0]LogConfig: Setting CVar [[r.TranslucencyVolumeBlur:1]]
[2023.07.10-05.39.58:931][  0]LogConfig: Setting CVar [[r.MaterialQualityLevel:1 ; High quality]]
[2023.07.10-05.39.58:931][  0]LogConfig: Setting CVar [[r.AnisotropicMaterials:1]]
[2023.07.10-05.39.58:931][  0]LogConfig: Setting CVar [[r.SSS.Scale:1]]
[2023.07.10-05.39.58:931][  0]LogConfig: Setting CVar [[r.SSS.SampleSet:2]]
[2023.07.10-05.39.58:931][  0]LogConfig: Setting CVar [[r.SSS.Quality:1]]
[2023.07.10-05.39.58:931][  0]LogConfig: Setting CVar [[r.SSS.HalfRes:0]]
[2023.07.10-05.39.58:931][  0]LogConfig: Setting CVar [[r.SSGI.Quality:3]]
[2023.07.10-05.39.58:931][  0]LogConfig: Setting CVar [[r.EmitterSpawnRateScale:1.0]]
[2023.07.10-05.39.58:931][  0]LogConfig: Setting CVar [[r.ParticleLightQuality:2]]
[2023.07.10-05.39.58:931][  0]LogConfig: Setting CVar [[r.SkyAtmosphere.AerialPerspectiveLUT.FastApplyOnOpaque:1 ; Always have FastSkyLUT 1 in this case to avoid wrong sky]]
[2023.07.10-05.39.58:932][  0]LogConfig: Setting CVar [[r.SkyAtmosphere.AerialPerspectiveLUT.SampleCountMaxPerSlice:4]]
[2023.07.10-05.39.58:932][  0]LogConfig: Setting CVar [[r.SkyAtmosphere.AerialPerspectiveLUT.DepthResolution:16.0]]
[2023.07.10-05.39.58:932][  0]LogConfig: Setting CVar [[r.SkyAtmosphere.FastSkyLUT:1]]
[2023.07.10-05.39.58:932][  0]LogConfig: Setting CVar [[r.SkyAtmosphere.FastSkyLUT.SampleCountMin:4.0]]
[2023.07.10-05.39.58:932][  0]LogConfig: Setting CVar [[r.SkyAtmosphere.FastSkyLUT.SampleCountMax:128.0]]
[2023.07.10-05.39.58:932][  0]LogConfig: Setting CVar [[r.SkyAtmosphere.SampleCountMin:4.0]]
[2023.07.10-05.39.58:932][  0]LogConfig: Setting CVar [[r.SkyAtmosphere.SampleCountMax:128.0]]
[2023.07.10-05.39.58:932][  0]LogConfig: Setting CVar [[r.SkyAtmosphere.TransmittanceLUT.UseSmallFormat:0]]
[2023.07.10-05.39.58:932][  0]LogConfig: Setting CVar [[r.SkyAtmosphere.TransmittanceLUT.SampleCount:10.0]]
[2023.07.10-05.39.58:932][  0]LogConfig: Setting CVar [[r.SkyAtmosphere.MultiScatteringLUT.SampleCount:15.0]]
[2023.07.10-05.39.58:932][  0]LogConfig: Setting CVar [[r.SkyLight.RealTimeReflectionCapture:1]]
[2023.07.10-05.39.58:932][  0]LogConfig: Applying CVar settings from Section [FoliageQuality@3] File [C:/VperData/GitHub/ActionRoguelike/ActionRoguelike/Saved/Config/Windows/Scalability.ini]
[2023.07.10-05.39.58:932][  0]LogConfig: Setting CVar [[foliage.DensityScale:1.0]]
[2023.07.10-05.39.58:932][  0]LogConfig: Setting CVar [[grass.DensityScale:1.0]]
[2023.07.10-05.39.58:932][  0]LogConfig: Applying CVar settings from Section [ShadingQuality@3] File [C:/VperData/GitHub/ActionRoguelike/ActionRoguelike/Saved/Config/Windows/Scalability.ini]
[2023.07.10-05.39.58:932][  0]LogConfig: Setting CVar [[r.HairStrands.SkyLighting.IntegrationType:2]]
[2023.07.10-05.39.58:932][  0]LogConfig: Setting CVar [[r.HairStrands.SkyAO.SampleCount:4]]
[2023.07.10-05.39.58:932][  0]LogConfig: Setting CVar [[r.HairStrands.Visibility.MSAA.SamplePerPixel:4]]
[2023.07.10-05.39.58:932][  0]LogConfig: Applying CVar settings from Section [Startup] File [../../../Engine/Config/ConsoleVariables.ini]
[2023.07.10-05.39.58:936][  0]LogConfig: Setting CVar [[net.UseAdaptiveNetUpdateFrequency:0]]
[2023.07.10-05.39.58:936][  0]LogConfig: Setting CVar [[p.chaos.AllowCreatePhysxBodies:1]]
[2023.07.10-05.39.58:936][  0]LogConfig: Setting CVar [[fx.SkipVectorVMBackendOptimizations:1]]
[2023.07.10-05.39.58:936][  0]LogConfig: Applying CVar settings from Section [ConsoleVariables] File [C:/VperData/GitHub/ActionRoguelike/ActionRoguelike/Saved/Config/Windows/Engine.ini]
[2023.07.10-05.39.58:936][  0]LogConfig: Applying CVar settings from Section [ConsoleVariables] File [C:/VperData/GitHub/ActionRoguelike/ActionRoguelike/Saved/Config/Windows/Editor.ini]
[2023.07.10-05.39.58:936][  0]LogInit: Computer: VPER
[2023.07.10-05.39.58:936][  0]LogInit: User: virtu
[2023.07.10-05.39.58:936][  0]LogInit: CPU Page size=4096, Cores=14
[2023.07.10-05.39.58:936][  0]LogInit: High frequency timer resolution =10.000000 MHz
[2023.07.10-05.39.58:936][  0]LogMemory: Memory total: Physical=31.8GB (32GB approx)
[2023.07.10-05.39.58:936][  0]LogMemory: Platform Memory Stats for Windows
[2023.07.10-05.39.58:936][  0]LogMemory: Process Physical Memory: 148.98 MB used, 148.98 MB peak
[2023.07.10-05.39.58:936][  0]LogMemory: Process Virtual Memory: 129.08 MB used, 129.08 MB peak
[2023.07.10-05.39.58:936][  0]LogMemory: Physical Memory: 12221.29 MB used,  20380.93 MB free, 32602.22 MB total
[2023.07.10-05.39.58:936][  0]LogMemory: Virtual Memory: 134201760.00 MB used,  15967.55 MB free, 134217728.00 MB total
[2023.07.10-05.39.58:943][  0]LogWindows: WindowsPlatformFeatures enabled
[2023.07.10-05.39.59:124][  0]LogInit: Physics initialised using underlying interface: PhysX
[2023.07.10-05.39.59:124][  0]LogInit: Overriding language with editor language configuration option (en).
[2023.07.10-05.39.59:125][  0]LogInit: Using OS detected locale (zh-CN).
[2023.07.10-05.39.59:264][  0]LogInit: Setting process to per monitor DPI aware
[2023.07.10-05.39.59:283][  0]LogWindowsTextInputMethodSystem: Display: IME system deactivated.
[2023.07.10-05.39.59:317][  0]LogSlate: New Slate User Created.  User Index 0, Is Virtual User: 0
[2023.07.10-05.39.59:317][  0]LogSlate: Slate User Registered.  User Index 0, Is Virtual User: 0
[2023.07.10-05.40.00:594][  0]LogD3D11RHI: Loaded GFSDK_Aftermath_Lib.x64.dll
[2023.07.10-05.40.00:597][  0]LogHMD: Failed to initialize OpenVR with code 110
[2023.07.10-05.40.00:597][  0]LogD3D11RHI: D3D11 min allowed feature level: 11_0
[2023.07.10-05.40.00:598][  0]LogD3D11RHI: D3D11 max allowed feature level: 11_0
[2023.07.10-05.40.00:598][  0]LogD3D11RHI: D3D11 adapters:
[2023.07.10-05.40.00:686][  0]LogD3D11RHI:    0. 'NVIDIA GeForce RTX 3060 Ti' (Feature Level 11_0)
[2023.07.10-05.40.00:686][  0]LogD3D11RHI:       8038/0/16301 MB DedicatedVideo/DedicatedSystem/SharedSystem, Outputs:1, VendorId:0x10de
[2023.07.10-05.40.00:688][  0]LogD3D11RHI:    1. 'Microsoft Basic Render Driver' (Feature Level 11_0)
[2023.07.10-05.40.00:688][  0]LogD3D11RHI:       0/0/16301 MB DedicatedVideo/DedicatedSystem/SharedSystem, Outputs:0, VendorId:0x1414
[2023.07.10-05.40.00:688][  0]LogD3D11RHI: Chosen D3D11 Adapter:
[2023.07.10-05.40.00:688][  0]LogD3D11RHI:     Description : NVIDIA GeForce RTX 3060 Ti
[2023.07.10-05.40.00:688][  0]LogD3D11RHI:     VendorId    : 10de
[2023.07.10-05.40.00:688][  0]LogD3D11RHI:     DeviceId    : 24c9
[2023.07.10-05.40.00:688][  0]LogD3D11RHI:     SubSysId    : 88b61043
[2023.07.10-05.40.00:688][  0]LogD3D11RHI:     Revision    : 00a1
[2023.07.10-05.40.00:688][  0]LogD3D11RHI:     DedicatedVideoMemory : 8428453888 bytes
[2023.07.10-05.40.00:688][  0]LogD3D11RHI:     DedicatedSystemMemory : 0 bytes
[2023.07.10-05.40.00:688][  0]LogD3D11RHI:     SharedSystemMemory : 17092952064 bytes
[2023.07.10-05.40.00:688][  0]LogD3D11RHI:     AdapterLuid : 0 60604
[2023.07.10-05.40.00:693][  0]LogD3D11RHI: Creating new Direct3DDevice
[2023.07.10-05.40.00:693][  0]LogD3D11RHI:     GPU DeviceId: 0x24c9 (for the marketing name, search the web for "GPU Device Id")
[2023.07.10-05.40.00:693][  0]LogWindows: EnumDisplayDevices:
[2023.07.10-05.40.00:693][  0]LogWindows:    0. 'NVIDIA GeForce RTX 3060 Ti' (P:1 D:1)
[2023.07.10-05.40.00:693][  0]LogWindows:    1. 'NVIDIA GeForce RTX 3060 Ti' (P:0 D:0)
[2023.07.10-05.40.00:694][  0]LogWindows:    2. 'NVIDIA GeForce RTX 3060 Ti' (P:0 D:0)
[2023.07.10-05.40.00:694][  0]LogWindows:    3. 'NVIDIA GeForce RTX 3060 Ti' (P:0 D:0)
[2023.07.10-05.40.00:694][  0]LogWindows: DebugString: FoundDriverCount:4 
[2023.07.10-05.40.00:694][  0]LogD3D11RHI:     Adapter Name: NVIDIA GeForce RTX 3060 Ti
[2023.07.10-05.40.00:694][  0]LogD3D11RHI:   Driver Version: 528.24 (internal:31.0.15.2824, unified:528.24)
[2023.07.10-05.40.00:694][  0]LogD3D11RHI:      Driver Date: 1-15-2023
[2023.07.10-05.40.00:694][  0]LogRHI: Texture pool is 5626 MB (70% of 8038 MB)
[2023.07.10-05.40.00:694][  0]LogD3D11RHI: Creating D3DDevice using adapter:
[2023.07.10-05.40.00:694][  0]LogD3D11RHI:     Description : NVIDIA GeForce RTX 3060 Ti
[2023.07.10-05.40.00:694][  0]LogD3D11RHI:     VendorId    : 10de
[2023.07.10-05.40.00:694][  0]LogD3D11RHI:     DeviceId    : 24c9
[2023.07.10-05.40.00:694][  0]LogD3D11RHI:     SubSysId    : 88b61043
[2023.07.10-05.40.00:694][  0]LogD3D11RHI:     Revision    : 00a1
[2023.07.10-05.40.00:694][  0]LogD3D11RHI:     DedicatedVideoMemory : 8428453888 bytes
[2023.07.10-05.40.00:694][  0]LogD3D11RHI:     DedicatedSystemMemory : 0 bytes
[2023.07.10-05.40.00:694][  0]LogD3D11RHI:     SharedSystemMemory : 17092952064 bytes
[2023.07.10-05.40.00:694][  0]LogD3D11RHI:     AdapterLuid : 0 60604
[2023.07.10-05.40.00:731][  0]LogD3D11RHI: RHI has support for 64 bit atomics
[2023.07.10-05.40.00:731][  0]LogD3D11RHI: Async texture creation enabled
[2023.07.10-05.40.00:731][  0]LogD3D11RHI: Array index from any shader is supported
[2023.07.10-05.40.00:746][  0]LogD3D11RHI: GPU Timing Frequency: 1000.000000 (Debug: 2 2)
[2023.07.10-05.40.00:770][  0]LogRHI: GeForceNow SDK initialized: 1
[2023.07.10-05.40.00:925][  0]LogTargetPlatformManager: Display: Loaded TargetPlatform 'AllDesktop'
[2023.07.10-05.40.00:942][  0]LogTargetPlatformManager: Display: Loaded TargetPlatform 'Android'
[2023.07.10-05.40.00:942][  0]LogTargetPlatformManager: Display: Loaded TargetPlatform 'Android_ASTC'
[2023.07.10-05.40.00:942][  0]LogTargetPlatformManager: Display: Loaded TargetPlatform 'Android_DXT'
[2023.07.10-05.40.00:942][  0]LogTargetPlatformManager: Display: Loaded TargetPlatform 'Android_ETC2'
[2023.07.10-05.40.00:942][  0]LogTargetPlatformManager: Display: Loaded TargetPlatform 'AndroidClient'
[2023.07.10-05.40.00:942][  0]LogTargetPlatformManager: Display: Loaded TargetPlatform 'Android_ASTCClient'
[2023.07.10-05.40.00:942][  0]LogTargetPlatformManager: Display: Loaded TargetPlatform 'Android_DXTClient'
[2023.07.10-05.40.00:942][  0]LogTargetPlatformManager: Display: Loaded TargetPlatform 'Android_ETC2Client'
[2023.07.10-05.40.00:942][  0]LogTargetPlatformManager: Display: Loaded TargetPlatform 'Android_Multi'
[2023.07.10-05.40.00:942][  0]LogTargetPlatformManager: Display: Loaded TargetPlatform 'Android_MultiClient'
[2023.07.10-05.40.00:969][  0]LogTargetPlatformManager: Display: Loaded TargetPlatform 'IOSClient'
[2023.07.10-05.40.00:969][  0]LogTargetPlatformManager: Display: Loaded TargetPlatform 'IOS'
[2023.07.10-05.40.00:984][  0]LogTargetPlatformManager: Display: Loaded TargetPlatform 'Linux'
[2023.07.10-05.40.00:991][  0]LogTargetPlatformManager: Display: Loaded TargetPlatform 'LinuxNoEditor'
[2023.07.10-05.40.00:999][  0]LogTargetPlatformManager: Display: Loaded TargetPlatform 'LinuxClient'
[2023.07.10-05.40.01:007][  0]LogTargetPlatformManager: Display: Loaded TargetPlatform 'LinuxServer'
[2023.07.10-05.40.01:019][  0]LogTargetPlatformManager: Display: Loaded TargetPlatform 'LinuxAArch64NoEditor'
[2023.07.10-05.40.01:027][  0]LogTargetPlatformManager: Display: Loaded TargetPlatform 'LinuxAArch64Client'
[2023.07.10-05.40.01:035][  0]LogTargetPlatformManager: Display: Loaded TargetPlatform 'LinuxAArch64Server'
[2023.07.10-05.40.01:054][  0]LogTargetPlatformManager: Display: Loaded TargetPlatform 'Lumin'
[2023.07.10-05.40.01:054][  0]LogTargetPlatformManager: Display: Loaded TargetPlatform 'LuminClient'
[2023.07.10-05.40.01:071][  0]LogTargetPlatformManager: Display: Loaded TargetPlatform 'MacNoEditor'
[2023.07.10-05.40.01:081][  0]LogTargetPlatformManager: Display: Loaded TargetPlatform 'Mac'
[2023.07.10-05.40.01:094][  0]LogTargetPlatformManager: Display: Loaded TargetPlatform 'MacClient'
[2023.07.10-05.40.01:104][  0]LogTargetPlatformManager: Display: Loaded TargetPlatform 'MacServer'
[2023.07.10-05.40.01:115][  0]LogTargetPlatformManager: Display: Loaded TargetPlatform 'TVOSClient'
[2023.07.10-05.40.01:115][  0]LogTargetPlatformManager: Display: Loaded TargetPlatform 'TVOS'
[2023.07.10-05.40.01:127][  0]LogTargetPlatformManager: Display: Loaded TargetPlatform 'WindowsNoEditor'
[2023.07.10-05.40.01:137][  0]LogTargetPlatformManager: Display: Loaded TargetPlatform 'Windows'
[2023.07.10-05.40.01:148][  0]LogTargetPlatformManager: Display: Loaded TargetPlatform 'WindowsClient'
[2023.07.10-05.40.01:158][  0]LogTargetPlatformManager: Display: Loaded TargetPlatform 'WindowsServer'
[2023.07.10-05.40.01:158][  0]LogTargetPlatformManager: Display: Building Assets For Windows
[2023.07.10-05.40.01:203][  0]LogAudioDebug: Display: Lib vorbis DLL was dynamically loaded.
[2023.07.10-05.40.01:304][  0]LogTextureFormatOodle: Display: Oodle Texture 2.9.0 init RDO Off
[2023.07.10-05.40.01:406][  0]LogRendererCore: Ray tracing is disabled. Reason: r.RayTracing=0.
[2023.07.10-05.40.01:407][  0]LogShaderCompilers: Guid format shader working directory is -23 characters bigger than the processId version (../../../../../../../VperData/GitHub/ActionRoguelike/ActionRoguelike/Intermediate/Shaders/WorkingDirectory/21756/).
[2023.07.10-05.40.01:407][  0]LogShaderCompilers: Cleaned the shader compiler working directory 'C:/Users/virtu/AppData/Local/Temp/UnrealShaderWorkingDir/CCC0979C42C7F6C4B54FC4B1B4276E5E/'.
[2023.07.10-05.40.01:407][  0]LogXGEController: Cannot use XGE Controller as Incredibuild is not installed on this machine.
[2023.07.10-05.40.01:407][  0]LogShaderCompilers: Cannot use XGE Shader Compiler as Incredibuild is not installed on this machine.
[2023.07.10-05.40.01:407][  0]LogShaderCompilers: Display: Using Local Shader Compiler.
[2023.07.10-05.40.03:242][  0]LogDerivedDataCache: Display: Max Cache Size: 512 MB
[2023.07.10-05.40.03:287][  0]LogDerivedDataCache: Loaded boot cache 0.05s 94MB C:/Users/virtu/AppData/Local/UnrealEngine/4.27/DerivedDataCache/Boot.ddc.
[2023.07.10-05.40.03:288][  0]LogDerivedDataCache: Display: Loaded Boot cache: C:/Users/virtu/AppData/Local/UnrealEngine/4.27/DerivedDataCache/Boot.ddc
[2023.07.10-05.40.03:288][  0]LogDerivedDataCache: FDerivedDataBackendGraph:  Pak pak cache file ../../../../../../../VperData/GitHub/ActionRoguelike/ActionRoguelike/DerivedDataCache/DDC.ddp not found, will not use a pak cache.
[2023.07.10-05.40.03:288][  0]LogDerivedDataCache: Unable to find inner node Pak for hierarchical cache Hierarchy.
[2023.07.10-05.40.03:288][  0]LogDerivedDataCache: FDerivedDataBackendGraph:  CompressedPak pak cache file ../../../../../../../VperData/GitHub/ActionRoguelike/ActionRoguelike/DerivedDataCache/Compressed.ddp not found, will not use a pak cache.
[2023.07.10-05.40.03:288][  0]LogDerivedDataCache: Unable to find inner node CompressedPak for hierarchical cache Hierarchy.
[2023.07.10-05.40.03:305][  0]LogDerivedDataCache: Display: Pak cache opened for reading ../../../Engine/DerivedDataCache/Compressed.ddp.
[2023.07.10-05.40.03:305][  0]LogDerivedDataCache: FDerivedDataBackendGraph:  EnterprisePak pak cache file ../../../Enterprise/DerivedDataCache/Compressed.ddp not found, will not use a pak cache.
[2023.07.10-05.40.03:305][  0]LogDerivedDataCache: Unable to find inner node EnterprisePak for hierarchical cache Hierarchy.
[2023.07.10-05.40.03:330][  0]LogDerivedDataCache: Speed tests for C:/Users/virtu/AppData/Local/UnrealEngine/Common/DerivedDataCache took 0.03 seconds
[2023.07.10-05.40.03:331][  0]LogDerivedDataCache: Display: Performance to C:/Users/virtu/AppData/Local/UnrealEngine/Common/DerivedDataCache: Latency=0.01ms. RandomReadSpeed=40.67MBs, RandomWriteSpeed=458.15MBs. Assigned SpeedClass 'Local'
[2023.07.10-05.40.03:332][  0]LogDerivedDataCache: Using Local data cache path C:/Users/virtu/AppData/Local/UnrealEngine/Common/DerivedDataCache: Writable
[2023.07.10-05.40.03:332][  0]LogDerivedDataCache: Shared data cache path not found in *engine.ini, will not use an Shared cache.
[2023.07.10-05.40.03:332][  0]LogDerivedDataCache: Unable to find inner node Shared for hierarchical cache Hierarchy.
[2023.07.10-05.40.03:358][  0]LogSlate: Using FreeType 2.10.0
[2023.07.10-05.40.03:364][  0]LogSlate: SlateFontServices - WITH_FREETYPE: 1, WITH_HARFBUZZ: 1
[2023.07.10-05.40.03:387][  0]LogAssetRegistry: FAssetRegistry took 0.0025 seconds to start up
[2023.07.10-05.40.03:511][  0]LogInit: Selected Device Profile: [Windows]
[2023.07.10-05.40.03:511][  0]LogInit: Active device profile: [0000025BE4606D00][0000025BE0AE3040 49] Windows
[2023.07.10-05.40.03:511][  0]LogInit: Profiles: [0000025BE4606D00][0000025BE0AE3040 49] Windows, [0000025BE459D500][0000025BE0AEB1C0 49] WindowsNoEditor, [0000025BE4606300][0000025BE0AEF340 49] WindowsServer, [0000025BE459DE00][0000025BE35714C0 49] WindowsClient, [0000025BE4604C00][0000025BE3575640 49] IOS, [0000025BE459F600][0000025BE35797C0 49] iPadAir, [0000025BE4604800][0000025BE357D940 49] iPadAir2, [0000025BE4551000][0000025BE3585C00 49] IPadPro, [0000025BE4551100][0000025BE35800C0 49] iPadAir3, [0000025BE459C200][0000025BE3588240 49] iPadAir4, [0000025BE4551E00][0000025BE358C3C0 49] iPadMini2, [0000025BE459F700][0000025BE3590540 49] iPadMini3, [0000025BE4552900][0000025BE35946C0 49] iPadMini4, [0000025BE459E700][0000025BE3598840 49] iPadMini5, [0000025BE457C800][0000025BE359CA80 49] iPhone6, [0000025BE457C900][0000025BE0AE6AC0 49] iPodTouch6, [0000025BE4607200][0000025BE35A4D00 49] iPhone7, [0000025BE4604300][0000025BE35A0D40 49] iPodTouch7, [0000025BE457C300][0000025BE35ACEC0 49] iPhone5S, [0000025BE4551C00][0000025BE35B1040 49] iPhone6Plus, [0000025BE457F900][0000025BE35B51C0 49] iPhone6S, [0000025BE4551300][0000025BE35B9340 49] iPhone6SPlus, [0000025BE457F200][0000025BE35BD4C0 49] iPhone7Plus, [0000025BE4552A00][0000025BE35C1640 49] iPhoneSE, [0000025BE457DD00][0000025BE35C57C0 49] iPhone8, [0000025BE4551900][0000025BE35C9940 49] iPhone8Plus, [0000025BE457D900][0000025BE35CDAC0 49] iPhoneX, [0000025BE4552600][0000025BE35D00C0 49] iPhoneXS, [0000025BE4604700][0000025BE35D4240 49] iPhoneXSMax, [0000025BE4552000][0000025BE35D83C0 49] iPhoneXR, [0000025BE4607B00][0000025BE35DC540 49] iPhone11, [0000025BE4551400][0000025BE35E06C0 49] iPhone11Pro, [0000025BE4604600][0000025BE35E4840 49] iPhone11ProMax, [0000025BE4550C00][0000025BE35E89C0 49] iPhoneSE2, [0000025BE4607000][0000025BE35ECB40 49] iPhone12Mini, [0000025BE4553800][0000025BE35A8C80 49] iPhone12, [0000025BE4606100][0000025BE35F0DC0 49] iPhone12Pro, [0000025BE4553E00][0000025BE35F4F00 49] iPhone12ProMax, [0000025BE4606A00][0000025BE35FD080 49] iPadPro105, [0000025BE4552800][0000025BE3601200 49] iPadPro129, [0000025BE4606F00][0000025BE3605380 49] iPadPro97, [0000025BE4552B00][0000025BE3609500 49] iPadPro2_129, [0000025BE4605A00][0000025BE360D680 49] iPad5, [0000025BE4551200][0000025BE3611800 49] iPad6, [0000025BE4604200][0000025BE3615980 49] iPad7, [0000025BE4552E00][0000025BE3619B00 49] iPad8, [0000025BE4604A00][0000025BE361C100 49] iPadPro11, [0000025BE4552400][0000025BE3620280 49] iPadPro2_11, [0000025BE4605B00][0000025BE3624400 49] iPadPro3_129, [0000025BE4552F00][0000025BE3628580 49] iPadPro4_129, [0000025BE4606600][0000025BE362C700 49] AppleTV, [0000025BE4553100][0000025BE4640880 49] AppleTV4K, [0000025BE4605700][0000025BE4644A00 49] TVOS, [0000025BE4553900][0000025BE4648B80 49] Mac, [0000025BE4606800][0000025BE464CD00 49] MacClient, [0000025BE4550800][0000025BE35F8E40 49] MacNoEditor, [0000025BE4605200][0000025BE4650F80 49] MacServer, [0000025BE4553700][0000025BE46550C0 49] Linux, [0000025BE4605400][0000025BE465D240 49] LinuxAArch64, [0000025BE4553D00][0000025BE46613C0 49] LinuxNoEditor, [0000025BE4604100][0000025BE4665540 49] LinuxAArch64NoEditor, [0000025BE4552500][0000025BE46696C0 49] LinuxClient, [0000025BE4607500][0000025BE466D840 49] LinuxAArch64Client, [0000025BE4551A00][0000025BE46719C0 49] LinuxServer, [0000025BE4605300][0000025BE4675B40 49] LinuxAArch64Server, [0000025BE4553400][0000025BE4678140 49] Android, [0000025BE4607300][0000025BE467C2C0 49] Android_Low, [0000025BE4552D00][0000025BE4680440 49] Android_Mid, [0000025BE4605D00][0000025BE46845C0 49] Android_High, [0000025BE4550E00][0000025BE4688740 49] Android_Default, [0000025BE4606700][0000025BE468C8C0 49] Android_Adreno4xx, [0000025BE459D600][0000025BE4690A40 49] Android_Adreno5xx_Low, [0000025BE457F800][0000025BE4694BC0 49] Android_Adreno5xx, [0000025BE459FE00][0000025BE4698D40 49] Android_Adreno6xx, [0000025BE457E400][0000025BE469CEC0 49] Android_Adreno6xx_Vulkan, [0000025BE459EB00][0000025BE4659000 49] Android_Mali_T6xx, [0000025BE457F400][0000025BE46A1140 49] Android_Mali_T7xx, [0000025BE459F000][0000025BE46A5280 49] Android_Mali_T8xx, [0000025BE457ED00][0000025BE46A93C0 49] Android_Mali_G71, [0000025BE459F100][0000025BE46B1540 49] Android_Mali_G72, [0000025BE457CD00][0000025BE46B56C0 49] Android_Mali_G72_Vulkan, [0000025BE459ED00][0000025BE46B9840 49] Android_Mali_G76, [0000025BE457CE00][0000025BE46BD9C0 49] Android_Mali_G76_Vulkan, [0000025BE459E300][0000025BE46C1B40 49] Android_Mali_G77, [0000025BE457FC00][0000025BE46C4140 49] Android_Mali_G77_Vulkan, [0000025BE459EE00][0000025BE46C82C0 49] Android_Mali_G78, [0000025BE457DA00][0000025BE46CC440 49] Android_Mali_G78_Vulkan, [0000025BE459EF00][0000025BE46D05C0 49] Android_Mali_G710, [0000025BE457EE00][0000025BE46D4740 49] Android_Mali_G710_Vulkan, [0000025BE459FA00][0000025BE46D88C0 49] Android_Vulkan_SM5, [0000025BE457E900][0000025BE46DCA40 49] Android_PowerVR_G6xxx, [0000025BE459DC00][0000025BE46E0BC0 49] Android_PowerVR_GT7xxx, [0000025BE457D600][0000025BE46E4D40 49] Android_PowerVR_GE8xxx, [0000025BE459D800][0000025BE46E8EC0 49] Android_PowerVR_GM9xxx, [0000025BE457DF00][0000025BE46ED040 49] Android_PowerVR_GM9xxx_Vulkan, [0000025BE459DA00][0000025BE46AD180 49] Android_TegraK1, [0000025BE457EF00][0000025BE46F12C0 49] Android_Unknown_Vulkan, [0000025BE459D400][0000025BE46F5400 49] Lumin, [0000025BE457D400][0000025BE46F9540 49] Lumin_Desktop, [0000025BE459C500][0000025BE47016C0 49] HoloLens, 
[2023.07.10-05.40.03:675][  0]LogMeshReduction: Using QuadricMeshReduction for automatic static mesh reduction
[2023.07.10-05.40.03:675][  0]LogMeshReduction: Using SimplygonMeshReduction for automatic skeletal mesh reduction
[2023.07.10-05.40.03:675][  0]LogMeshReduction: Using ProxyLODMeshReduction for automatic mesh merging
[2023.07.10-05.40.03:675][  0]LogMeshReduction: No distributed automatic mesh merging module available
[2023.07.10-05.40.03:676][  0]LogMeshMerging: No distributed automatic mesh merging module available
[2023.07.10-05.40.03:706][  0]LogNetVersion: ActionRoguelike 1.0.0, NetCL: 17155196, EngineNetVer: 17, GameNetVer: 0 (Checksum: 1099936942)
[2023.07.10-05.40.04:173][  0]LogTexture: Default maximum texture size for cubemaps generated from long-lat sources has been changed from 512 to unlimited. In order to preserve old behaiour for '/Engine/MapTemplates/Sky/DaylightAmbientCubemap.DaylightAmbientCubemap', its maximum texture size has been explicitly set to 512.
[2023.07.10-05.40.04:238][  0]LogHMD: PokeAHoleMaterial loaded successfully
[2023.07.10-05.40.04:241][  0]LogUObjectArray: 17178 objects as part of root set at end of initial load.
[2023.07.10-05.40.04:241][  0]LogUObjectAllocator: 4302048 out of 0 bytes used by permanent object pool.
[2023.07.10-05.40.04:241][  0]LogUObjectArray: CloseDisregardForGC: 0/0 objects in disregard for GC pool
[2023.07.10-05.40.04:973][  0]LogPython: Using Python 3.7.7
[2023.07.10-05.40.05:358][  0]LogNiagaraDebuggerClient: Niagara Debugger Client Initialized | Session: 78A45ACC4C1C45BF9C80E69F5660EB26 | Instance: C501D34B48706A938EC5C7A5C27E2A01 (VPER-21756).
[2023.07.10-05.40.05:504][  0]LogTcpMessaging: Initializing TcpMessaging bridge
[2023.07.10-05.40.05:513][  0]LogUdpMessaging: Initializing bridge on interface 0.0.0.0:0 to multicast group 230.0.0.1:6666.
[2023.07.10-05.40.05:837][  0]SourceControl: Source control is disabled
[2023.07.10-05.40.05:837][  0]SourceControl: Source control is disabled
[2023.07.10-05.40.05:854][  0]SourceControl: Source control is disabled
[2023.07.10-05.40.05:866][  0]SourceControl: Source control is disabled
[2023.07.10-05.40.05:876][  0]SourceControl: Source control is disabled
[2023.07.10-05.40.05:887][  0]LogUProjectInfo: Found projects:
[2023.07.10-05.40.06:362][  0]LogOpenImageDenoise: OIDN starting up
[2023.07.10-05.40.06:455][  0]LogAndroidPermission: UAndroidPermissionCallbackProxy::GetInstance
[2023.07.10-05.40.06:501][  0]LogAudioCaptureCore: Display: No Audio Capture implementations found. Audio input will be silent.
[2023.07.10-05.40.06:501][  0]LogAudioCaptureCore: Display: No Audio Capture implementations found. Audio input will be silent.
[2023.07.10-05.40.06:786][  0]LogCollectionManager: Loaded 0 collections in 0.001388 seconds
[2023.07.10-05.40.06:859][  0]LogFileCache: Scanning file cache for directory 'C:/VperData/GitHub/ActionRoguelike/ActionRoguelike/Saved/Collections/' took 0.01s
[2023.07.10-05.40.06:859][  0]LogFileCache: Scanning file cache for directory 'C:/VperData/GitHub/ActionRoguelike/ActionRoguelike/Content/Developers/virtu/Collections/' took 0.00s
[2023.07.10-05.40.06:859][  0]LogFileCache: Scanning file cache for directory 'C:/VperData/GitHub/ActionRoguelike/ActionRoguelike/Content/Collections/' took 0.00s
[2023.07.10-05.40.06:860][  0]LogOcInput: OculusInput pre-init called
[2023.07.10-05.40.07:087][  0]LogEngine: Initializing Engine...
[2023.07.10-05.40.07:116][  0]LogHMD: Failed to enumerate extensions. Please check that you have a valid OpenXR runtime installed.
[2023.07.10-05.40.07:116][  0]LogHMD: Failed to initialize OpenVR with code 110
[2023.07.10-05.40.07:117][  0]LogMagicLeap: Warning: VR disabled because ZI is not enabled.  To enable, in the editor, Edit -> Project Settings -> Plugins -> Magic Leap Plugin -> Enable Zero Iteration
[2023.07.10-05.40.07:117][  0]LogStats: UGameplayTagsManager::InitializeManager -  0.000 s
[2023.07.10-05.40.07:283][  0]LogInit: Initializing FReadOnlyCVARCache
[2023.07.10-05.40.07:296][  0]LogAIModule: Creating AISystem for world Untitled
[2023.07.10-05.40.07:296][  0]LogAudio: Display: Initializing Audio Device Manager...
[2023.07.10-05.40.07:306][  0]LogAudio: Display: Loading Default Audio Settings Objects...
[2023.07.10-05.40.07:309][  0]LogAudio: Display: No default SoundConcurrencyObject specified (or failed to load).
[2023.07.10-05.40.07:309][  0]LogAudio: Display: Audio Device Manager Initialized
[2023.07.10-05.40.07:309][  0]LogAudio: Display: Creating Audio Device:                 Id: 1, Scope: Shared, Realtime: True
[2023.07.10-05.40.07:309][  0]LogAudioMixer: Display: Audio Mixer Platform Settings:
[2023.07.10-05.40.07:309][  0]LogAudioMixer: Display: 	Sample Rate:						  48000
[2023.07.10-05.40.07:309][  0]LogAudioMixer: Display: 	Callback Buffer Frame Size Requested: 1024
[2023.07.10-05.40.07:309][  0]LogAudioMixer: Display: 	Callback Buffer Frame Size To Use:	  1024
[2023.07.10-05.40.07:309][  0]LogAudioMixer: Display: 	Number of buffers to queue:			  2
[2023.07.10-05.40.07:309][  0]LogAudioMixer: Display: 	Max Channels (voices):				  32
[2023.07.10-05.40.07:309][  0]LogAudioMixer: Display: 	Number of Async Source Workers:		  0
[2023.07.10-05.40.07:309][  0]LogAudio: Display: AudioDevice MaxSources: 32
[2023.07.10-05.40.07:310][  0]LogAudio: Display: Audio Spatialization Plugin: None (built-in).
[2023.07.10-05.40.07:310][  0]LogAudio: Display: Audio Reverb Plugin: None (built-in).
[2023.07.10-05.40.07:310][  0]LogAudio: Display: Audio Occlusion Plugin: None (built-in).
[2023.07.10-05.40.07:310][  0]LogAudioMixer: Display: Initializing audio mixer.
[2023.07.10-05.40.07:318][  0]LogAudioMixer: Display: 0: FrontLeft
[2023.07.10-05.40.07:318][  0]LogAudioMixer: Display: 1: FrontRight
[2023.07.10-05.40.07:342][  0]LogAudioMixer: Display: Using Audio Device 扬声器 (Realtek(R) Audio)
[2023.07.10-05.40.07:344][  0]LogAudioMixer: Display: Initializing Sound Submixes...
[2023.07.10-05.40.07:356][  0]LogAudioMixer: Display: Creating Master Submix 'MasterSubmixDefault'
[2023.07.10-05.40.07:357][  0]LogAudioMixer: Display: Creating Master Submix 'MasterReverbSubmixDefault'
[2023.07.10-05.40.07:358][  0]LogAudioMixer: Display: Creating Master Submix 'MasterEQSubmixDefault'
[2023.07.10-05.40.07:358][  0]LogAudioMixer: FMixerPlatformXAudio2::StartAudioStream() called
[2023.07.10-05.40.07:358][  0]LogAudioMixer: Display: Output buffers initialized: Frames=1024, Channels=2, Samples=2048
[2023.07.10-05.40.07:359][  0]LogAudioMixer: Display: Starting AudioMixerPlatformInterface::RunInternal()
[2023.07.10-05.40.07:359][  0]LogAudioMixer: Display: FMixerPlatformXAudio2::SubmitBuffer() called for the first time
[2023.07.10-05.40.07:359][  0]LogInit: FAudioDevice initialized.
[2023.07.10-05.40.07:360][  0]LogAudio: Display: Audio Device (ID: 1) registered with world 'Untitled'.
[2023.07.10-05.40.07:360][  0]LogNetVersion: Set ProjectVersion to 1.0.0.0. Version Checksum will be recalculated on next use.
[2023.07.10-05.40.07:393][  0]LogDerivedDataCache: Saved boot cache 0.03s 94MB C:/Users/virtu/AppData/Local/UnrealEngine/4.27/DerivedDataCache/Boot.ddc.
[2023.07.10-05.40.07:397][  0]LogInit: Texture streaming: Enabled
[2023.07.10-05.40.07:426][  0]LogAnalytics: Display: [UEEditor.Rocket.Release] APIServer = https://datarouter.ol.epicgames.com/. AppVersion = 4.27.2-18319896+++UE4+Release-4.27
[2023.07.10-05.40.07:435][  0]LogEngineSessionManager: EngineSessionManager initialized
[2023.07.10-05.40.07:435][  0]LogEditorSessionSummary: Verbose: Initializing EditorSessionSummaryWriter for editor session tracking
[2023.07.10-05.40.07:436][  0]LogEditorSessionSummary: EditorSessionSummaryWriter initialized
[2023.07.10-05.40.07:468][  0]LogInit: Transaction tracking system initialized
[2023.07.10-05.40.07:539][  0]BlueprintLog: New page: Editor Load
[2023.07.10-05.40.07:730][  0]LocalizationService: Localization service is disabled
[2023.07.10-05.40.07:820][  0]TimingProfiler: Initialize
[2023.07.10-05.40.07:821][  0]TimingProfiler: OnSessionChanged
[2023.07.10-05.40.07:821][  0]LoadingProfiler: Initialize
[2023.07.10-05.40.07:821][  0]LoadingProfiler: OnSessionChanged
[2023.07.10-05.40.07:821][  0]NetworkingProfiler: Initialize
[2023.07.10-05.40.07:821][  0]NetworkingProfiler: OnSessionChanged
[2023.07.10-05.40.07:821][  0]MemoryProfiler: Initialize
[2023.07.10-05.40.07:821][  0]MemoryProfiler: OnSessionChanged
[2023.07.10-05.40.08:280][  0]LogCook: Display: CookSettings for Memory: MemoryMaxUsedVirtual 0MiB, MemoryMaxUsedPhysical 16384MiB, MemoryMinFreeVirtual 0MiB, MemoryMinFreePhysical 1024MiB
[2023.07.10-05.40.08:280][  0]LogCook: Display: Mobile HDR setting 1
[2023.07.10-05.40.08:493][  0]LogFileCache: Scanning file cache for directory 'C:/VperData/GitHub/ActionRoguelike/ActionRoguelike/Content/' took 0.02s
[2023.07.10-05.40.08:872][  0]LogInit: Display: Engine is initialized. Leaving FEngineLoop::Init()
[2023.07.10-05.40.08:873][  0]SourceControl: Source control is disabled
[2023.07.10-05.40.08:873][  0]LogUnrealEdMisc: Loading editor; pre map load, took 11.449
[2023.07.10-05.40.08:874][  0]Cmd: MAP LOAD FILE="../../../../../../../VperData/GitHub/ActionRoguelike/ActionRoguelike/Content/ActionRoguelike/Maps/TestLevel.umap" TEMPLATE=0 SHOWPROGRESS=1 FEATURELEVEL=3
[2023.07.10-05.40.08:876][  0]LightingResults: New page: Lighting Build
[2023.07.10-05.40.08:877][  0]LogWorld: UWorld::CleanupWorld for Untitled, bSessionEnded=true, bCleanupResources=true
[2023.07.10-05.40.08:877][  0]LogSlate: InvalidateAllWidgets triggered.  All widgets were invalidated
[2023.07.10-05.40.08:877][  0]MapCheck: New page: Map Check
[2023.07.10-05.40.08:877][  0]LightingResults: New page: Lighting Build
[2023.07.10-05.40.08:884][  0]LogAudio: Display: Audio Device unregistered from world 'None'.
[2023.07.10-05.40.08:887][  0]LogUObjectHash: Compacting FUObjectHashTables data took   0.44ms
[2023.07.10-05.40.09:271][  0]LogSkeletalMesh: Display: [AssetLog] C:\VperData\GitHub\ActionRoguelike\ActionRoguelike\Content\ParagonGideon\Characters\Heroes\Gideon\Meshes\Gideon.uasset: Find and fix some bad tangent! please re-import this skeletal mesh asset to fix the issue. The shading of the skeletal mesh will be bad and faceted.
[2023.07.10-05.40.09:378][  0]LogAudio: Display: Audio Device (ID: 1) registered with world 'TestLevel'.
[2023.07.10-05.40.09:379][  0]LogAIModule: Creating AISystem for world TestLevel
[2023.07.10-05.40.09:388][  0]LogEditorServer: Finished looking for orphan Actors (0.000 secs)
[2023.07.10-05.40.09:396][  0]LogUObjectHash: Compacting FUObjectHashTables data took   0.49ms
[2023.07.10-05.40.09:399][  0]Cmd: MAP CHECKDEP NOCLEARLOG
[2023.07.10-05.40.09:399][  0]MapCheck: Map check complete: 0 Error(s), 0 Warning(s), took 0.098ms to complete.
[2023.07.10-05.40.09:399][  0]LogFileHelpers: Loading map 'TestLevel' took 0.525
[2023.07.10-05.40.09:401][  0]LogUnrealEdMisc: Total Editor Startup Time, took 11.976
[2023.07.10-05.40.09:528][  0]LogSlate: Updating window title bar state: overlay mode, drag disabled, window buttons hidden, title bar hidden
[2023.07.10-05.40.09:531][  0]LogSlate: Updating window title bar state: overlay mode, drag disabled, window buttons hidden, title bar hidden
[2023.07.10-05.40.09:534][  0]LogSlate: Updating window title bar state: overlay mode, drag disabled, window buttons hidden, title bar hidden
[2023.07.10-05.40.09:537][  0]LogSlate: Updating window title bar state: overlay mode, drag disabled, window buttons hidden, title bar hidden
[2023.07.10-05.40.09:547][  0]LogNativeClassHierarchy: Verbose: Native class hierarchy populated in 0.0054 seconds. Added 3831 classes and 931 folders.
[2023.07.10-05.40.09:549][  0]LogNativeClassHierarchy: Verbose: Native class hierarchy updated for 'WidgetCarousel' in 0.0001 seconds. Added 0 classes and 0 folders.
[2023.07.10-05.40.09:555][  0]LogPakFile: PakFile PrimaryIndexSize=187
[2023.07.10-05.40.09:555][  0]LogPakFile: PakFile PathHashIndexSize=101
[2023.07.10-05.40.09:555][  0]LogPakFile: PakFile FullDirectoryIndexSize=148
[2023.07.10-05.40.09:556][  0]LogShaderLibrary: Display: ShaderCodeLibraryPakFileMountedCallback: PakFile 'C:/Program Files (x86)/Vper/UE/UE_4.27/FeaturePacks/FP_FirstPerson.upack' (chunk index -1, root 'root:/') mounted
[2023.07.10-05.40.09:556][  0]LogShaderLibrary: Display: ShaderCodeLibraryPakFileMountedCallback: pending pak file info (ChunkID:-1 Root:root:/ File:C:/Program Files (x86)/Vper/UE/UE_4.27/FeaturePacks/FP_FirstPerson.upack)
[2023.07.10-05.40.09:556][  0]LogPakFile: OnPakFileMounted2Time == 0.000127
[2023.07.10-05.40.09:560][  0]LogPakFile: PakFile PrimaryIndexSize=189
[2023.07.10-05.40.09:560][  0]LogPakFile: PakFile PathHashIndexSize=101
[2023.07.10-05.40.09:560][  0]LogPakFile: PakFile FullDirectoryIndexSize=152
[2023.07.10-05.40.09:560][  0]LogShaderLibrary: Display: ShaderCodeLibraryPakFileMountedCallback: PakFile 'C:/Program Files (x86)/Vper/UE/UE_4.27/FeaturePacks/FP_FirstPersonBP.upack' (chunk index -1, root 'root:/') mounted
[2023.07.10-05.40.09:560][  0]LogShaderLibrary: Display: ShaderCodeLibraryPakFileMountedCallback: pending pak file info (ChunkID:-1 Root:root:/ File:C:/Program Files (x86)/Vper/UE/UE_4.27/FeaturePacks/FP_FirstPersonBP.upack)
[2023.07.10-05.40.09:560][  0]LogPakFile: OnPakFileMounted2Time == 0.000141
[2023.07.10-05.40.09:563][  0]LogPakFile: PakFile PrimaryIndexSize=191
[2023.07.10-05.40.09:563][  0]LogPakFile: PakFile PathHashIndexSize=101
[2023.07.10-05.40.09:563][  0]LogPakFile: PakFile FullDirectoryIndexSize=160
[2023.07.10-05.40.09:563][  0]LogShaderLibrary: Display: ShaderCodeLibraryPakFileMountedCallback: PakFile 'C:/Program Files (x86)/Vper/UE/UE_4.27/FeaturePacks/MobileStarterContent.upack' (chunk index -1, root 'root:/') mounted
[2023.07.10-05.40.09:563][  0]LogShaderLibrary: Display: ShaderCodeLibraryPakFileMountedCallback: pending pak file info (ChunkID:-1 Root:root:/ File:C:/Program Files (x86)/Vper/UE/UE_4.27/FeaturePacks/MobileStarterContent.upack)
[2023.07.10-05.40.09:563][  0]LogPakFile: OnPakFileMounted2Time == 0.000096
[2023.07.10-05.40.09:566][  0]LogPakFile: PakFile PrimaryIndexSize=185
[2023.07.10-05.40.09:566][  0]LogPakFile: PakFile PathHashIndexSize=101
[2023.07.10-05.40.09:566][  0]LogPakFile: PakFile FullDirectoryIndexSize=148
[2023.07.10-05.40.09:566][  0]LogShaderLibrary: Display: ShaderCodeLibraryPakFileMountedCallback: PakFile 'C:/Program Files (x86)/Vper/UE/UE_4.27/FeaturePacks/StarterContent.upack' (chunk index -1, root 'root:/') mounted
[2023.07.10-05.40.09:566][  0]LogShaderLibrary: Display: ShaderCodeLibraryPakFileMountedCallback: pending pak file info (ChunkID:-1 Root:root:/ File:C:/Program Files (x86)/Vper/UE/UE_4.27/FeaturePacks/StarterContent.upack)
[2023.07.10-05.40.09:566][  0]LogPakFile: OnPakFileMounted2Time == 0.000105
[2023.07.10-05.40.09:568][  0]LogPakFile: PakFile PrimaryIndexSize=190
[2023.07.10-05.40.09:569][  0]LogPakFile: PakFile PathHashIndexSize=101
[2023.07.10-05.40.09:569][  0]LogPakFile: PakFile FullDirectoryIndexSize=154
[2023.07.10-05.40.09:569][  0]LogShaderLibrary: Display: ShaderCodeLibraryPakFileMountedCallback: PakFile 'C:/Program Files (x86)/Vper/UE/UE_4.27/FeaturePacks/TP_2DSideScroller.upack' (chunk index -1, root 'root:/') mounted
[2023.07.10-05.40.09:569][  0]LogShaderLibrary: Display: ShaderCodeLibraryPakFileMountedCallback: pending pak file info (ChunkID:-1 Root:root:/ File:C:/Program Files (x86)/Vper/UE/UE_4.27/FeaturePacks/TP_2DSideScroller.upack)
[2023.07.10-05.40.09:569][  0]LogPakFile: OnPakFileMounted2Time == 0.000087
[2023.07.10-05.40.09:572][  0]LogPakFile: PakFile PrimaryIndexSize=192
[2023.07.10-05.40.09:572][  0]LogPakFile: PakFile PathHashIndexSize=101
[2023.07.10-05.40.09:572][  0]LogPakFile: PakFile FullDirectoryIndexSize=158
[2023.07.10-05.40.09:572][  0]LogShaderLibrary: Display: ShaderCodeLibraryPakFileMountedCallback: PakFile 'C:/Program Files (x86)/Vper/UE/UE_4.27/FeaturePacks/TP_2DSideScrollerBP.upack' (chunk index -1, root 'root:/') mounted
[2023.07.10-05.40.09:572][  0]LogShaderLibrary: Display: ShaderCodeLibraryPakFileMountedCallback: pending pak file info (ChunkID:-1 Root:root:/ File:C:/Program Files (x86)/Vper/UE/UE_4.27/FeaturePacks/TP_2DSideScrollerBP.upack)
[2023.07.10-05.40.09:572][  0]LogPakFile: OnPakFileMounted2Time == 0.000097
[2023.07.10-05.40.09:575][  0]LogPakFile: PakFile PrimaryIndexSize=182
[2023.07.10-05.40.09:575][  0]LogPakFile: PakFile PathHashIndexSize=101
[2023.07.10-05.40.09:575][  0]LogPakFile: PakFile FullDirectoryIndexSize=138
[2023.07.10-05.40.09:575][  0]LogShaderLibrary: Display: ShaderCodeLibraryPakFileMountedCallback: PakFile 'C:/Program Files (x86)/Vper/UE/UE_4.27/FeaturePacks/TP_Flying.upack' (chunk index -1, root 'root:/') mounted
[2023.07.10-05.40.09:575][  0]LogShaderLibrary: Display: ShaderCodeLibraryPakFileMountedCallback: pending pak file info (ChunkID:-1 Root:root:/ File:C:/Program Files (x86)/Vper/UE/UE_4.27/FeaturePacks/TP_Flying.upack)
[2023.07.10-05.40.09:575][  0]LogPakFile: OnPakFileMounted2Time == 0.000138
[2023.07.10-05.40.09:578][  0]LogPakFile: PakFile PrimaryIndexSize=184
[2023.07.10-05.40.09:578][  0]LogPakFile: PakFile PathHashIndexSize=101
[2023.07.10-05.40.09:578][  0]LogPakFile: PakFile FullDirectoryIndexSize=142
[2023.07.10-05.40.09:578][  0]LogShaderLibrary: Display: ShaderCodeLibraryPakFileMountedCallback: PakFile 'C:/Program Files (x86)/Vper/UE/UE_4.27/FeaturePacks/TP_FlyingBP.upack' (chunk index -1, root 'root:/') mounted
[2023.07.10-05.40.09:578][  0]LogShaderLibrary: Display: ShaderCodeLibraryPakFileMountedCallback: pending pak file info (ChunkID:-1 Root:root:/ File:C:/Program Files (x86)/Vper/UE/UE_4.27/FeaturePacks/TP_FlyingBP.upack)
[2023.07.10-05.40.09:578][  0]LogPakFile: OnPakFileMounted2Time == 0.000101
[2023.07.10-05.40.09:580][  0]LogPakFile: PakFile PrimaryIndexSize=188
[2023.07.10-05.40.09:580][  0]LogPakFile: PakFile PathHashIndexSize=101
[2023.07.10-05.40.09:580][  0]LogPakFile: PakFile FullDirectoryIndexSize=150
[2023.07.10-05.40.09:580][  0]LogShaderLibrary: Display: ShaderCodeLibraryPakFileMountedCallback: PakFile 'C:/Program Files (x86)/Vper/UE/UE_4.27/FeaturePacks/TP_HandheldARBP.upack' (chunk index -1, root 'root:/') mounted
[2023.07.10-05.40.09:581][  0]LogShaderLibrary: Display: ShaderCodeLibraryPakFileMountedCallback: pending pak file info (ChunkID:-1 Root:root:/ File:C:/Program Files (x86)/Vper/UE/UE_4.27/FeaturePacks/TP_HandheldARBP.upack)
[2023.07.10-05.40.09:581][  0]LogPakFile: OnPakFileMounted2Time == 0.000094
[2023.07.10-05.40.09:583][  0]LogPakFile: PakFile PrimaryIndexSize=182
[2023.07.10-05.40.09:583][  0]LogPakFile: PakFile PathHashIndexSize=101
[2023.07.10-05.40.09:583][  0]LogPakFile: PakFile FullDirectoryIndexSize=138
[2023.07.10-05.40.09:583][  0]LogShaderLibrary: Display: ShaderCodeLibraryPakFileMountedCallback: PakFile 'C:/Program Files (x86)/Vper/UE/UE_4.27/FeaturePacks/TP_Puzzle.upack' (chunk index -1, root 'root:/') mounted
[2023.07.10-05.40.09:583][  0]LogShaderLibrary: Display: ShaderCodeLibraryPakFileMountedCallback: pending pak file info (ChunkID:-1 Root:root:/ File:C:/Program Files (x86)/Vper/UE/UE_4.27/FeaturePacks/TP_Puzzle.upack)
[2023.07.10-05.40.09:583][  0]LogPakFile: OnPakFileMounted2Time == 0.000080
[2023.07.10-05.40.09:587][  0]LogPakFile: PakFile PrimaryIndexSize=184
[2023.07.10-05.40.09:587][  0]LogPakFile: PakFile PathHashIndexSize=101
[2023.07.10-05.40.09:587][  0]LogPakFile: PakFile FullDirectoryIndexSize=142
[2023.07.10-05.40.09:587][  0]LogShaderLibrary: Display: ShaderCodeLibraryPakFileMountedCallback: PakFile 'C:/Program Files (x86)/Vper/UE/UE_4.27/FeaturePacks/TP_PuzzleBP.upack' (chunk index -1, root 'root:/') mounted
[2023.07.10-05.40.09:587][  0]LogShaderLibrary: Display: ShaderCodeLibraryPakFileMountedCallback: pending pak file info (ChunkID:-1 Root:root:/ File:C:/Program Files (x86)/Vper/UE/UE_4.27/FeaturePacks/TP_PuzzleBP.upack)
[2023.07.10-05.40.09:587][  0]LogPakFile: OnPakFileMounted2Time == 0.000082
[2023.07.10-05.40.09:590][  0]LogPakFile: PakFile PrimaryIndexSize=183
[2023.07.10-05.40.09:590][  0]LogPakFile: PakFile PathHashIndexSize=101
[2023.07.10-05.40.09:590][  0]LogPakFile: PakFile FullDirectoryIndexSize=140
[2023.07.10-05.40.09:590][  0]LogShaderLibrary: Display: ShaderCodeLibraryPakFileMountedCallback: PakFile 'C:/Program Files (x86)/Vper/UE/UE_4.27/FeaturePacks/TP_Rolling.upack' (chunk index -1, root 'root:/') mounted
[2023.07.10-05.40.09:590][  0]LogShaderLibrary: Display: ShaderCodeLibraryPakFileMountedCallback: pending pak file info (ChunkID:-1 Root:root:/ File:C:/Program Files (x86)/Vper/UE/UE_4.27/FeaturePacks/TP_Rolling.upack)
[2023.07.10-05.40.09:590][  0]LogPakFile: OnPakFileMounted2Time == 0.000130
[2023.07.10-05.40.09:592][  0]LogPakFile: PakFile PrimaryIndexSize=185
[2023.07.10-05.40.09:592][  0]LogPakFile: PakFile PathHashIndexSize=101
[2023.07.10-05.40.09:592][  0]LogPakFile: PakFile FullDirectoryIndexSize=144
[2023.07.10-05.40.09:592][  0]LogShaderLibrary: Display: ShaderCodeLibraryPakFileMountedCallback: PakFile 'C:/Program Files (x86)/Vper/UE/UE_4.27/FeaturePacks/TP_RollingBP.upack' (chunk index -1, root 'root:/') mounted
[2023.07.10-05.40.09:592][  0]LogShaderLibrary: Display: ShaderCodeLibraryPakFileMountedCallback: pending pak file info (ChunkID:-1 Root:root:/ File:C:/Program Files (x86)/Vper/UE/UE_4.27/FeaturePacks/TP_RollingBP.upack)
[2023.07.10-05.40.09:592][  0]LogPakFile: OnPakFileMounted2Time == 0.000086
[2023.07.10-05.40.09:595][  0]LogPakFile: PakFile PrimaryIndexSize=188
[2023.07.10-05.40.09:595][  0]LogPakFile: PakFile PathHashIndexSize=101
[2023.07.10-05.40.09:595][  0]LogPakFile: PakFile FullDirectoryIndexSize=150
[2023.07.10-05.40.09:595][  0]LogShaderLibrary: Display: ShaderCodeLibraryPakFileMountedCallback: PakFile 'C:/Program Files (x86)/Vper/UE/UE_4.27/FeaturePacks/TP_SideScroller.upack' (chunk index -1, root 'root:/') mounted
[2023.07.10-05.40.09:595][  0]LogShaderLibrary: Display: ShaderCodeLibraryPakFileMountedCallback: pending pak file info (ChunkID:-1 Root:root:/ File:C:/Program Files (x86)/Vper/UE/UE_4.27/FeaturePacks/TP_SideScroller.upack)
[2023.07.10-05.40.09:595][  0]LogPakFile: OnPakFileMounted2Time == 0.000163
[2023.07.10-05.40.09:598][  0]LogPakFile: PakFile PrimaryIndexSize=190
[2023.07.10-05.40.09:598][  0]LogPakFile: PakFile PathHashIndexSize=101
[2023.07.10-05.40.09:598][  0]LogPakFile: PakFile FullDirectoryIndexSize=154
[2023.07.10-05.40.09:598][  0]LogShaderLibrary: Display: ShaderCodeLibraryPakFileMountedCallback: PakFile 'C:/Program Files (x86)/Vper/UE/UE_4.27/FeaturePacks/TP_SideScrollerBP.upack' (chunk index -1, root 'root:/') mounted
[2023.07.10-05.40.09:598][  0]LogShaderLibrary: Display: ShaderCodeLibraryPakFileMountedCallback: pending pak file info (ChunkID:-1 Root:root:/ File:C:/Program Files (x86)/Vper/UE/UE_4.27/FeaturePacks/TP_SideScrollerBP.upack)
[2023.07.10-05.40.09:598][  0]LogPakFile: OnPakFileMounted2Time == 0.000098
[2023.07.10-05.40.09:601][  0]LogPakFile: PakFile PrimaryIndexSize=187
[2023.07.10-05.40.09:601][  0]LogPakFile: PakFile PathHashIndexSize=101
[2023.07.10-05.40.09:601][  0]LogPakFile: PakFile FullDirectoryIndexSize=148
[2023.07.10-05.40.09:601][  0]LogShaderLibrary: Display: ShaderCodeLibraryPakFileMountedCallback: PakFile 'C:/Program Files (x86)/Vper/UE/UE_4.27/FeaturePacks/TP_ThirdPerson.upack' (chunk index -1, root 'root:/') mounted
[2023.07.10-05.40.09:601][  0]LogShaderLibrary: Display: ShaderCodeLibraryPakFileMountedCallback: pending pak file info (ChunkID:-1 Root:root:/ File:C:/Program Files (x86)/Vper/UE/UE_4.27/FeaturePacks/TP_ThirdPerson.upack)
[2023.07.10-05.40.09:601][  0]LogPakFile: OnPakFileMounted2Time == 0.000137
[2023.07.10-05.40.09:604][  0]LogPakFile: PakFile PrimaryIndexSize=189
[2023.07.10-05.40.09:604][  0]LogPakFile: PakFile PathHashIndexSize=101
[2023.07.10-05.40.09:604][  0]LogPakFile: PakFile FullDirectoryIndexSize=152
[2023.07.10-05.40.09:604][  0]LogShaderLibrary: Display: ShaderCodeLibraryPakFileMountedCallback: PakFile 'C:/Program Files (x86)/Vper/UE/UE_4.27/FeaturePacks/TP_ThirdPersonBP.upack' (chunk index -1, root 'root:/') mounted
[2023.07.10-05.40.09:604][  0]LogShaderLibrary: Display: ShaderCodeLibraryPakFileMountedCallback: pending pak file info (ChunkID:-1 Root:root:/ File:C:/Program Files (x86)/Vper/UE/UE_4.27/FeaturePacks/TP_ThirdPersonBP.upack)
[2023.07.10-05.40.09:604][  0]LogPakFile: OnPakFileMounted2Time == 0.000155
[2023.07.10-05.40.09:607][  0]LogPakFile: PakFile PrimaryIndexSize=183
[2023.07.10-05.40.09:607][  0]LogPakFile: PakFile PathHashIndexSize=101
[2023.07.10-05.40.09:608][  0]LogPakFile: PakFile FullDirectoryIndexSize=140
[2023.07.10-05.40.09:608][  0]LogShaderLibrary: Display: ShaderCodeLibraryPakFileMountedCallback: PakFile 'C:/Program Files (x86)/Vper/UE/UE_4.27/FeaturePacks/TP_TopDown.upack' (chunk index -1, root 'root:/') mounted
[2023.07.10-05.40.09:608][  0]LogShaderLibrary: Display: ShaderCodeLibraryPakFileMountedCallback: pending pak file info (ChunkID:-1 Root:root:/ File:C:/Program Files (x86)/Vper/UE/UE_4.27/FeaturePacks/TP_TopDown.upack)
[2023.07.10-05.40.09:608][  0]LogPakFile: OnPakFileMounted2Time == 0.000143
[2023.07.10-05.40.09:610][  0]LogPakFile: PakFile PrimaryIndexSize=185
[2023.07.10-05.40.09:610][  0]LogPakFile: PakFile PathHashIndexSize=101
[2023.07.10-05.40.09:610][  0]LogPakFile: PakFile FullDirectoryIndexSize=144
[2023.07.10-05.40.09:610][  0]LogShaderLibrary: Display: ShaderCodeLibraryPakFileMountedCallback: PakFile 'C:/Program Files (x86)/Vper/UE/UE_4.27/FeaturePacks/TP_TopDownBP.upack' (chunk index -1, root 'root:/') mounted
[2023.07.10-05.40.09:610][  0]LogShaderLibrary: Display: ShaderCodeLibraryPakFileMountedCallback: pending pak file info (ChunkID:-1 Root:root:/ File:C:/Program Files (x86)/Vper/UE/UE_4.27/FeaturePacks/TP_TopDownBP.upack)
[2023.07.10-05.40.09:610][  0]LogPakFile: OnPakFileMounted2Time == 0.000161
[2023.07.10-05.40.09:615][  0]LogPakFile: PakFile PrimaryIndexSize=185
[2023.07.10-05.40.09:615][  0]LogPakFile: PakFile PathHashIndexSize=101
[2023.07.10-05.40.09:615][  0]LogPakFile: PakFile FullDirectoryIndexSize=144
[2023.07.10-05.40.09:616][  0]LogShaderLibrary: Display: ShaderCodeLibraryPakFileMountedCallback: PakFile 'C:/Program Files (x86)/Vper/UE/UE_4.27/FeaturePacks/TP_TwinStick.upack' (chunk index -1, root 'root:/') mounted
[2023.07.10-05.40.09:616][  0]LogShaderLibrary: Display: ShaderCodeLibraryPakFileMountedCallback: pending pak file info (ChunkID:-1 Root:root:/ File:C:/Program Files (x86)/Vper/UE/UE_4.27/FeaturePacks/TP_TwinStick.upack)
[2023.07.10-05.40.09:616][  0]LogPakFile: OnPakFileMounted2Time == 0.000124
[2023.07.10-05.40.09:618][  0]LogPakFile: PakFile PrimaryIndexSize=187
[2023.07.10-05.40.09:618][  0]LogPakFile: PakFile PathHashIndexSize=101
[2023.07.10-05.40.09:618][  0]LogPakFile: PakFile FullDirectoryIndexSize=148
[2023.07.10-05.40.09:618][  0]LogShaderLibrary: Display: ShaderCodeLibraryPakFileMountedCallback: PakFile 'C:/Program Files (x86)/Vper/UE/UE_4.27/FeaturePacks/TP_TwinStickBP.upack' (chunk index -1, root 'root:/') mounted
[2023.07.10-05.40.09:618][  0]LogShaderLibrary: Display: ShaderCodeLibraryPakFileMountedCallback: pending pak file info (ChunkID:-1 Root:root:/ File:C:/Program Files (x86)/Vper/UE/UE_4.27/FeaturePacks/TP_TwinStickBP.upack)
[2023.07.10-05.40.09:618][  0]LogPakFile: OnPakFileMounted2Time == 0.000102
[2023.07.10-05.40.09:620][  0]LogPakFile: PakFile PrimaryIndexSize=183
[2023.07.10-05.40.09:620][  0]LogPakFile: PakFile PathHashIndexSize=101
[2023.07.10-05.40.09:620][  0]LogPakFile: PakFile FullDirectoryIndexSize=140
[2023.07.10-05.40.09:620][  0]LogShaderLibrary: Display: ShaderCodeLibraryPakFileMountedCallback: PakFile 'C:/Program Files (x86)/Vper/UE/UE_4.27/FeaturePacks/TP_Vehicle.upack' (chunk index -1, root 'root:/') mounted
[2023.07.10-05.40.09:620][  0]LogShaderLibrary: Display: ShaderCodeLibraryPakFileMountedCallback: pending pak file info (ChunkID:-1 Root:root:/ File:C:/Program Files (x86)/Vper/UE/UE_4.27/FeaturePacks/TP_Vehicle.upack)
[2023.07.10-05.40.09:620][  0]LogPakFile: OnPakFileMounted2Time == 0.000125
[2023.07.10-05.40.09:623][  0]LogPakFile: PakFile PrimaryIndexSize=186
[2023.07.10-05.40.09:623][  0]LogPakFile: PakFile PathHashIndexSize=101
[2023.07.10-05.40.09:623][  0]LogPakFile: PakFile FullDirectoryIndexSize=146
[2023.07.10-05.40.09:623][  0]LogShaderLibrary: Display: ShaderCodeLibraryPakFileMountedCallback: PakFile 'C:/Program Files (x86)/Vper/UE/UE_4.27/FeaturePacks/TP_VehicleAdv.upack' (chunk index -1, root 'root:/') mounted
[2023.07.10-05.40.09:623][  0]LogShaderLibrary: Display: ShaderCodeLibraryPakFileMountedCallback: pending pak file info (ChunkID:-1 Root:root:/ File:C:/Program Files (x86)/Vper/UE/UE_4.27/FeaturePacks/TP_VehicleAdv.upack)
[2023.07.10-05.40.09:624][  0]LogPakFile: OnPakFileMounted2Time == 0.000155
[2023.07.10-05.40.09:626][  0]LogPakFile: PakFile PrimaryIndexSize=188
[2023.07.10-05.40.09:626][  0]LogPakFile: PakFile PathHashIndexSize=101
[2023.07.10-05.40.09:626][  0]LogPakFile: PakFile FullDirectoryIndexSize=150
[2023.07.10-05.40.09:626][  0]LogShaderLibrary: Display: ShaderCodeLibraryPakFileMountedCallback: PakFile 'C:/Program Files (x86)/Vper/UE/UE_4.27/FeaturePacks/TP_VehicleAdvBP.upack' (chunk index -1, root 'root:/') mounted
[2023.07.10-05.40.09:626][  0]LogShaderLibrary: Display: ShaderCodeLibraryPakFileMountedCallback: pending pak file info (ChunkID:-1 Root:root:/ File:C:/Program Files (x86)/Vper/UE/UE_4.27/FeaturePacks/TP_VehicleAdvBP.upack)
[2023.07.10-05.40.09:626][  0]LogPakFile: OnPakFileMounted2Time == 0.000120
[2023.07.10-05.40.09:629][  0]LogPakFile: PakFile PrimaryIndexSize=185
[2023.07.10-05.40.09:629][  0]LogPakFile: PakFile PathHashIndexSize=101
[2023.07.10-05.40.09:629][  0]LogPakFile: PakFile FullDirectoryIndexSize=144
[2023.07.10-05.40.09:629][  0]LogShaderLibrary: Display: ShaderCodeLibraryPakFileMountedCallback: PakFile 'C:/Program Files (x86)/Vper/UE/UE_4.27/FeaturePacks/TP_VehicleBP.upack' (chunk index -1, root 'root:/') mounted
[2023.07.10-05.40.09:629][  0]LogShaderLibrary: Display: ShaderCodeLibraryPakFileMountedCallback: pending pak file info (ChunkID:-1 Root:root:/ File:C:/Program Files (x86)/Vper/UE/UE_4.27/FeaturePacks/TP_VehicleBP.upack)
[2023.07.10-05.40.09:629][  0]LogPakFile: OnPakFileMounted2Time == 0.000100
[2023.07.10-05.40.09:632][  0]LogPakFile: PakFile PrimaryIndexSize=192
[2023.07.10-05.40.09:632][  0]LogPakFile: PakFile PathHashIndexSize=101
[2023.07.10-05.40.09:633][  0]LogPakFile: PakFile FullDirectoryIndexSize=158
[2023.07.10-05.40.09:633][  0]LogShaderLibrary: Display: ShaderCodeLibraryPakFileMountedCallback: PakFile 'C:/Program Files (x86)/Vper/UE/UE_4.27/FeaturePacks/TP_VirtualRealityBP.upack' (chunk index -1, root 'root:/') mounted
[2023.07.10-05.40.09:633][  0]LogShaderLibrary: Display: ShaderCodeLibraryPakFileMountedCallback: pending pak file info (ChunkID:-1 Root:root:/ File:C:/Program Files (x86)/Vper/UE/UE_4.27/FeaturePacks/TP_VirtualRealityBP.upack)
[2023.07.10-05.40.09:633][  0]LogPakFile: OnPakFileMounted2Time == 0.000144
[2023.07.10-05.40.09:704][  0]LogNativeClassHierarchy: Verbose: Native class hierarchy updated for 'AddContentDialog' in 0.0002 seconds. Added 0 classes and 0 folders.
[2023.07.10-05.40.09:707][  0]LogNativeClassHierarchy: Verbose: Native class hierarchy updated for 'SceneOutliner' in 0.0001 seconds. Added 2 classes and 0 folders.
[2023.07.10-05.40.09:739][  0]LogSlate: Took 0.002619 seconds to synchronously load lazily loaded font '../../../Engine/Content/Slate/Fonts/Roboto-Regular.ttf' (155K)
[2023.07.10-05.40.09:742][  0]LogSlate: Took 0.002334 seconds to synchronously load lazily loaded font '../../../Engine/Content/Editor/Slate/Fonts/FontAwesome.ttf' (139K)
[2023.07.10-05.40.09:744][  0]LogSlate: Took 0.001952 seconds to synchronously load lazily loaded font '../../../Engine/Content/Slate/Fonts/Roboto-Bold.ttf' (160K)
[2023.07.10-05.40.09:813][  0]LogRenderer: Reallocating scene render targets to support 1208x568 Format 10 NumSamples 1 (Frame:1).
[2023.07.10-05.40.10:045][  0]LogSlate: Took 0.002699 seconds to synchronously load lazily loaded font '../../../Engine/Content/Slate/Fonts/Roboto-Light.ttf' (167K)
[2023.07.10-05.40.10:112][  0]LogNativeClassHierarchy: Verbose: Native class hierarchy updated for 'HierarchicalLODOutliner' in 0.0002 seconds. Added 0 classes and 0 folders.
[2023.07.10-05.40.10:112][  0]LogLoad: (Engine Initialization) Total time: 12.69 seconds
[2023.07.10-05.40.10:112][  0]LogLoad: (Engine Initialization) Total Blueprint compile time: 0.00 seconds
[2023.07.10-05.40.10:143][  0]LogAssetRegistry: Asset discovery search completed in 6.7580 seconds
[2023.07.10-05.40.10:156][  0]LogCollectionManager: Fixed up redirectors for 0 collections in 0.000002 seconds (updated 0 objects)
[2023.07.10-05.40.10:158][  0]LogContentStreaming: Texture pool size now 1000 MB
[2023.07.10-05.40.10:331][  6]LogMaterial: Display: Missing cached shadermap for Material_0 in PCD3D_SM5, Default, SM5 (DDC key hash: 0EEEA315BB886B17D4512D9DA2E758FAC988AA7B), compiling. 
[2023.07.10-05.40.10:339][  7]LogShaderCompilers: Display: Submitted 2 shader compile jobs with 'ForceLocal' priority
[2023.07.10-05.40.10:342][  7]LogShaderCompilers: Display: Submitted 4 shader compile jobs with 'Normal' priority
[2023.07.10-05.40.10:345][  7]LogShaderCompilers: Display: Worker (1/17): shaders left to compile 2
[2023.07.10-05.40.10:345][  7]LogShaderCompilers: Display: Worker (2/17): shaders left to compile 1
[2023.07.10-05.40.10:345][  7]LogShaderCompilers: Display: Worker (3/17): shaders left to compile 4
[2023.07.10-05.40.10:345][  7]LogShaderCompilers: Display: Worker (4/17): shaders left to compile 3
[2023.07.10-05.40.10:345][  7]LogShaderCompilers: Display: Worker (5/17): shaders left to compile 2
[2023.07.10-05.40.10:345][  7]LogShaderCompilers: Display: Worker (6/17): shaders left to compile 1
[2023.07.10-05.40.10:345][  7]LogShaderCompilers: Display: Started 4 'Local' shader compile jobs with 'Normal' priority
[2023.07.10-05.40.10:345][  7]LogShaderCompilers: Display: Started 2 'Local' shader compile jobs with 'ForceLocal' priority
[2023.07.10-05.40.18:060][704]LogSlate: Took 0.000080 seconds to synchronously load lazily loaded font '../../../Engine/Content/Slate/Fonts/Roboto-Light.ttf' (167K)
[2023.07.10-05.40.18:086][704]LogEditorClassViewer: Warning: Class /Engine/Tutorial/InWorldBlueprintEditing/TutorialAssets/IWBE_Blutility.IWBE_Blutility_C has parent /Script/Blutility.PlacedEditorUtilityBase, but this parent is not found. The Class will not be shown in ClassViewer.
[2023.07.10-05.40.18:086][704]LogEditorClassViewer: Warning: Class /Game/ExampleContent/CameraShake/camera_shake_constant.camera_shake_constant_C has parent /Script/Engine.MatineeCameraShake, but this parent is not found. The Class will not be shown in ClassViewer.
[2023.07.10-05.40.18:086][704]LogEditorClassViewer: Warning: Class /Game/ExampleContent/CameraShake/camera_shake_entry.camera_shake_entry_C has parent /Script/Engine.MatineeCameraShake, but this parent is not found. The Class will not be shown in ClassViewer.
[2023.07.10-05.40.18:086][704]LogEditorClassViewer: Warning: Class /Game/ExampleContent/CameraShake/camera_shake_small.camera_shake_small_C has parent /Script/Engine.MatineeCameraShake, but this parent is not found. The Class will not be shown in ClassViewer.
[2023.07.10-05.40.18:086][704]LogEditorClassViewer: Warning: Class /Game/ExampleContent/CameraShake/CamShake_TakeDamage.CamShake_TakeDamage_C has parent /Script/Engine.MatineeCameraShake, but this parent is not found. The Class will not be shown in ClassViewer.
[2023.07.10-05.40.18:086][704]LogEditorClassViewer: Warning: Class /Game/ExampleContent/CameraShake/CamShake_TakeDamage_Small.CamShake_TakeDamage_Small_C has parent /Script/Engine.MatineeCameraShake, but this parent is not found. The Class will not be shown in ClassViewer.
[2023.07.10-05.40.18:086][704]LogEditorClassViewer: Warning: Class /Game/ParagonGideon/Characters/Heroes/Gideon/Gideon_AnimBlueprint.Gideon_AnimBlueprint_C has parent /Script/ActionRoguelike.SAnimInstance, but this parent is not found. The Class will not be shown in ClassViewer.
[2023.07.10-05.40.18:153][704]LogSlate: Took 0.002627 seconds to synchronously load lazily loaded font '../../../Engine/Content/Slate/Fonts/Roboto-BoldCondensed.ttf' (158K)
[2023.07.10-05.40.33:267][470]Running C:/Program Files (x86)/Vper/UE/UE_4.27/Engine/Binaries/DotNET/UnrealBuildTool.exe  -projectfiles -project="C:/VperData/GitHub/ActionRoguelike/ActionRoguelike/ActionRoguelike.uproject" -game -rocket -progress
[2023.07.10-05.40.33:471][470]Discovering modules, targets and source code for project...
[2023.07.10-05.40.34:694][470]Binding IntelliSense data...
[2023.07.10-05.40.39:057][470]Binding IntelliSense data... 100%
[2023.07.10-05.40.39:057][470]Writing project files...
[2023.07.10-05.40.40:969][470]Writing project files... 100%
[2023.07.10-05.40.41:095][470]Candidate modules for hot reload:
[2023.07.10-05.40.41:095][470]  ActionRoguelike
[2023.07.10-05.40.41:095][470]Launching UnrealBuildTool... [C:/Program Files (x86)/Vper/UE/UE_4.27/Engine/Binaries/DotNET/UnrealBuildTool.exe  -ModuleWithSuffix=ActionRoguelike,8241 ActionRoguelikeEditor Win64 Development -Project="C:/VperData/GitHub/ActionRoguelike/ActionRoguelike/ActionRoguelike.uproject" "C:/VperData/GitHub/ActionRoguelike/ActionRoguelike/ActionRoguelike.uproject"  -IgnoreJunk]
[2023.07.10-05.40.48:135][470]CompilerResultsLog: New page: Compilation - 2023年7月10日 下午9:40:48
[2023.07.10-05.40.48:136][470]CompilerResultsLog: Using 'git status' to determine working set for adaptive non-unity build (C:\VperData\GitHub\ActionRoguelike).
[2023.07.10-05.40.48:136][470]CompilerResultsLog: Creating makefile for ActionRoguelikeEditor (no existing makefile)
[2023.07.10-05.40.48:136][470]CompilerResultsLog: Parsing headers for ActionRoguelikeEditor
[2023.07.10-05.40.48:136][470]CompilerResultsLog:   Running UnrealHeaderTool "C:\VperData\GitHub\ActionRoguelike\ActionRoguelike\ActionRoguelike.uproject" "C:\VperData\GitHub\ActionRoguelike\ActionRoguelike\Intermediate\Build\Win64\ActionRoguelikeEditor\Development\ActionRoguelikeEditor.uhtmanifest" -LogCmds="loginit warning, logexit warning, logdatabase error" -Unattended -WarningsAsErrors -abslog="C:\Users\virtu\AppData\Local\UnrealBuildTool\Log_UHT.txt" -installed
[2023.07.10-05.40.48:136][470]CompilerResultsLog: LogInit: Display: Loading text-based GConfig....
[2023.07.10-05.40.48:136][470]CompilerResultsLog: Reflection code generated for ActionRoguelikeEditor in 5.0029174 seconds
[2023.07.10-05.40.48:136][470]CompilerResultsLog: Building ActionRoguelikeEditor...
[2023.07.10-05.40.48:136][470]CompilerResultsLog: Using Visual Studio 2022 14.36.32535 toolchain (C:\Program Files (x86)\Vper\UE\Microsoft Visual Studio\2022\Community\VC\Tools\MSVC\14.36.32532) and Windows 10.0.18362.0 SDK (C:\Program Files (x86)\Windows Kits\10).
[2023.07.10-05.40.48:136][470]CompilerResultsLog: Building 6 actions with 20 processes...
[2023.07.10-05.40.48:136][470]CompilerResultsLog:   [1/6] ActionRoguelike.init.gen.cpp
[2023.07.10-05.40.48:136][470]CompilerResultsLog:   [2/6] SProjectileBase.cpp
[2023.07.10-05.40.48:136][470]CompilerResultsLog:   [3/6] SProjectileBase.gen.cpp
[2023.07.10-05.40.48:136][470]CompilerResultsLog:   [4/6] UE4Editor-ActionRoguelike-8241.lib
[2023.07.10-05.40.48:137][470]CompilerResultsLog:      Creating library C:\VperData\GitHub\ActionRoguelike\ActionRoguelike\Intermediate\Build\Win64\UE4Editor\Development\ActionRoguelike\UE4Editor-ActionRoguelike-8241.lib and object C:\VperData\GitHub\ActionRoguelike\ActionRoguelike\Intermediate\Build\Win64\UE4Editor\Development\ActionRoguelike\UE4Editor-ActionRoguelike-8241.exp
[2023.07.10-05.40.48:137][470]CompilerResultsLog:   [5/6] UE4Editor-ActionRoguelike-8241.dll
[2023.07.10-05.40.48:137][470]CompilerResultsLog:      Creating library C:\VperData\GitHub\ActionRoguelike\ActionRoguelike\Intermediate\Build\Win64\UE4Editor\Development\ActionRoguelike\UE4Editor-ActionRoguelike-8241.suppressed.lib and object C:\VperData\GitHub\ActionRoguelike\ActionRoguelike\Intermediate\Build\Win64\UE4Editor\Development\ActionRoguelike\UE4Editor-ActionRoguelike-8241.suppressed.exp
[2023.07.10-05.40.48:137][470]CompilerResultsLog:   [6/6] ActionRoguelikeEditor.target
[2023.07.10-05.40.48:137][470]CompilerResultsLog: Total time in Parallel executor: 0.87 seconds
[2023.07.10-05.40.48:137][470]CompilerResultsLog: Total execution time: 7.00 seconds
[2023.07.10-05.40.48:137][470]LogMainFrame: MainFrame: Module compiling took 7.052 seconds
[2023.07.10-05.40.48:169][470]LogClass: Could not find existing class SProjectileBase in package /Script/ActionRoguelike for HotReload, assuming new class
[2023.07.10-05.40.48:178][470]LogNativeClassHierarchy: Verbose: Native class hierarchy updated for 'ActionRoguelike' in 0.0002 seconds. Added 10 classes and 3 folders.
[2023.07.10-05.40.48:179][470]Display: HotReload successful (7 functions remapped  0 scriptstructs remapped)
[2023.07.10-05.40.48:222][470]LogNativeClassHierarchy: Verbose: Native class hierarchy populated in 0.0051 seconds. Added 3832 classes and 931 folders.
[2023.07.10-05.40.48:222][470]Display: HotReload took  7.2s.
[2023.07.10-05.40.48:222][470]Warning: HotReload operation took  7.2s.
[2023.07.10-05.40.48:493][470]LogVSAccessor: Warning: Couldn't goto line number '1' in 'C:/VperData/GitHub/ActionRoguelike/ActionRoguelike/Source/ActionRoguelike/Public/SProjectileBase.h'
[2023.07.10-05.40.48:507][470]LogVSAccessor: Warning: Couldn't open file 'C:/VperData/GitHub/ActionRoguelike/ActionRoguelike/Source/ActionRoguelike/Private/SProjectileBase.cpp'.
[2023.07.10-05.40.48:511][470]LogSlate: Window 'Add C++ Class' being destroyed
[2023.07.10-05.40.48:566][471]LogHotReload: New module detected: UE4Editor-ActionRoguelike-8241.dll
[2023.07.10-05.40.48:597][472]LogHotReload: Starting Hot-Reload from IDE
[2023.07.10-05.40.48:691][472]LogNativeClassHierarchy: Verbose: Native class hierarchy updated for 'ActionRoguelike' in 0.0002 seconds. Added 10 classes and 3 folders.
[2023.07.10-05.40.48:693][472]Display: HotReload successful (0 functions remapped  0 scriptstructs remapped)
[2023.07.10-05.40.48:699][472]LogNativeClassHierarchy: Verbose: Native class hierarchy populated in 0.0051 seconds. Added 3832 classes and 931 folders.
[2023.07.10-05.40.48:702][472]Display: HotReload took  0.1s.
