Log file open, 07/13/23 03:09:37
LogWindows: Failed to load 'aqProf.dll' (GetLastError=126)
LogWindows: File 'aqProf.dll' does not exist
LogWindows: Failed to load 'VtuneApi.dll' (GetLastError=126)
LogWindows: File 'VtuneApi.dll' does not exist
LogWindows: Failed to load 'VtuneApi32e.dll' (GetLastError=126)
LogWindows: File 'VtuneApi32e.dll' does not exist
LogConsoleResponse: Display: Failed to find resolution value strings in scalability ini. Falling back to default.
LogConsoleResponse: Display: Failed to find resolution value strings in scalability ini. Falling back to default.
LogInit: Display: Running engine for game: ActionRoguelike
LogPlatformFile: Not using cached read wrapper
LogTaskGraph: Started task graph with 5 named threads and 59 total threads with 3 sets of task threads.
LogStats: Stats thread started at 0.249160
LogICUInternationalization: ICU TimeZone Detection - Raw Offset: +8:00, Platform Override: ''
LogInit: Display: Loading text-based GConfig....
LogPluginManager: Mounting plugin MeshPainting
LogPluginManager: Mounting plugin XGEController
LogPluginManager: Mounting plugin Paper2D
LogPluginManager: Mounting plugin AISupport
LogPluginManager: Mounting plugin EnvironmentQueryEditor
LogPluginManager: Mounting plugin LightPropagationVolume
LogPluginManager: Mounting plugin LiveLink
LogPluginManager: Mounting plugin CameraShakePreviewer
LogPluginManager: Mounting plugin AssetManagerEditor
LogPluginManager: Mounting plugin CryptoKeys
LogPluginManager: Mounting plugin FacialAnimation
LogPluginManager: Mounting plugin GameplayTagsEditor
LogPluginManager: Mounting plugin GeometryMode
LogPluginManager: Mounting plugin MacGraphicsSwitching
LogPluginManager: Mounting plugin DataValidation
LogPluginManager: Mounting plugin MaterialAnalyzer
LogPluginManager: Mounting plugin CurveEditorTools
LogPluginManager: Mounting plugin MobileLauncherProfileWizard
LogPluginManager: Mounting plugin PluginBrowser
LogPluginManager: Mounting plugin SpeedTreeImporter
LogPluginManager: Mounting plugin BackChannel
LogPluginManager: Mounting plugin AlembicImporter
LogPluginManager: Mounting plugin ChaosCloth
LogPluginManager: Mounting plugin ChaosClothEditor
LogPluginManager: Mounting plugin ChaosEditor
LogPluginManager: Mounting plugin ChaosNiagara
LogPluginManager: Mounting plugin OodleData
LogPluginManager: Mounting plugin ChaosSolverPlugin
LogPluginManager: Mounting plugin AutomationUtils
LogPluginManager: Mounting plugin CLionSourceCodeAccess
LogPluginManager: Mounting plugin AnimationSharing
LogPluginManager: Mounting plugin KDevelopSourceCodeAccess
LogPluginManager: Mounting plugin GitSourceControl
LogPluginManager: Mounting plugin CharacterAI
LogPluginManager: Mounting plugin NullSourceCodeAccess
LogPluginManager: Mounting plugin PlasticSourceControl
LogPluginManager: Mounting plugin PluginUtils
LogPluginManager: Mounting plugin PixWinPlugin
LogPluginManager: Mounting plugin OodleNetwork
LogPluginManager: Mounting plugin PerforceSourceControl
LogPluginManager: Mounting plugin RiderSourceCodeAccess
LogPluginManager: Mounting plugin SubversionSourceControl
LogPluginManager: Mounting plugin TextureFormatOodle
LogPluginManager: Mounting plugin UObjectPlugin
LogPluginManager: Mounting plugin PropertyAccessNode
LogPluginManager: Mounting plugin VisualStudioCodeSourceCodeAccess
LogPluginManager: Mounting plugin VisualStudioSourceCodeAccess
LogPluginManager: Mounting plugin GeometryCollectionPlugin
LogPluginManager: Mounting plugin XCodeSourceCodeAccess
LogPluginManager: Mounting plugin Niagara
LogPluginManager: Mounting plugin GeometryCache
LogPluginManager: Mounting plugin GameplayCameras
LogPluginManager: Mounting plugin CodeLiteSourceCodeAccess
LogPluginManager: Mounting plugin DatasmithContent
LogPluginManager: Mounting plugin GeometryProcessing
LogPluginManager: Mounting plugin VariantManagerContent
LogPluginManager: Mounting plugin PlanarCut
LogPluginManager: Mounting plugin MotoSynth
LogPluginManager: Mounting plugin ProxyLODPlugin
LogPluginManager: Mounting plugin PlatformCrypto
LogPluginManager: Mounting plugin PythonScriptPlugin
LogPluginManager: Mounting plugin SkeletalReduction
LogPluginManager: Mounting plugin UdpMessaging
LogPluginManager: Mounting plugin TcpMessaging
LogPluginManager: Mounting plugin OnlineSubsystem
LogPluginManager: Mounting plugin OnlineSubsystemNull
LogPluginManager: Mounting plugin OnlineSubsystemUtils
LogPluginManager: Mounting plugin LuminPlatformFeatures
LogPluginManager: Mounting plugin LauncherChunkInstaller
LogPluginManager: Mounting plugin MagicLeap
LogPluginManager: Mounting plugin MagicLeapLightEstimation
LogPluginManager: Mounting plugin MagicLeapMedia
LogPluginManager: Mounting plugin MLSDK
LogPluginManager: Mounting plugin LevelSequenceEditor
LogPluginManager: Mounting plugin MatineeToLevelSequence
LogPluginManager: Mounting plugin ActorSequence
LogPluginManager: Mounting plugin ScreenshotTools
LogPluginManager: Mounting plugin OpenImageDenoise
LogPluginManager: Mounting plugin TemplateSequence
LogPluginManager: Mounting plugin AndroidMedia
LogPluginManager: Mounting plugin AvfMedia
LogPluginManager: Mounting plugin MagicLeapPassableWorld
LogPluginManager: Mounting plugin MediaCompositing
LogPluginManager: Mounting plugin MediaPlayerEditor
LogPluginManager: Mounting plugin WmfMedia
LogPluginManager: Mounting plugin ImgMedia
LogPluginManager: Mounting plugin AndroidDeviceProfileSelector
LogPluginManager: Mounting plugin AndroidMoviePlayer
LogPluginManager: Mounting plugin Takes
LogPluginManager: Mounting plugin WebMMedia
LogPluginManager: Mounting plugin AndroidPermission
LogPluginManager: Mounting plugin ArchVisCharacter
LogPluginManager: Mounting plugin AudioCapture
LogPluginManager: Mounting plugin AppleImageUtils
LogPluginManager: Mounting plugin ChunkDownloader
LogPluginManager: Mounting plugin CustomMeshComponent
LogPluginManager: Mounting plugin AppleMoviePlayer
LogPluginManager: Mounting plugin EditableMesh
LogPluginManager: Mounting plugin AssetTags
LogPluginManager: Mounting plugin AudioSynesthesia
LogPluginManager: Mounting plugin CableComponent
LogPluginManager: Mounting plugin ExampleDeviceProfileSelector
LogPluginManager: Mounting plugin GooglePAD
LogPluginManager: Mounting plugin GoogleCloudMessaging
LogPluginManager: Mounting plugin LinuxDeviceProfileSelector
LogPluginManager: Mounting plugin ActorLayerUtilities
LogPluginManager: Mounting plugin LocationServicesBPLibrary
LogPluginManager: Mounting plugin IOSDeviceProfileSelector
LogPluginManager: Mounting plugin OpenXREyeTracker
LogPluginManager: Mounting plugin OpenXR
LogPluginManager: Mounting plugin OpenXRHandTracking
LogPluginManager: Mounting plugin MobilePatchingUtils
LogPluginManager: Mounting plugin PostSplashScreen
LogPluginManager: Mounting plugin PhysXVehicles
LogPluginManager: Mounting plugin ProceduralMeshComponent
LogPluginManager: Mounting plugin PropertyAccessEditor
LogPluginManager: Mounting plugin RuntimePhysXCooking
LogPluginManager: Mounting plugin SignificanceManager
LogPluginManager: Mounting plugin SoundFields
LogPluginManager: Mounting plugin WebMMoviePlayer
LogPluginManager: Mounting plugin WindowsMoviePlayer
LogPluginManager: Mounting plugin Synthesis
LogPluginManager: Mounting plugin ContentBrowserClassDataSource
LogPluginManager: Mounting plugin ContentBrowserFileDataSource
LogPluginManager: Mounting plugin ContentBrowserAssetDataSource
LogPluginManager: Mounting plugin OnlineSubsystemGooglePlay
LogPluginManager: Mounting plugin OnlineSubsystemIOS
LogPluginManager: Mounting plugin OculusVR
LogPluginManager: Mounting plugin SteamVR
PixWinPlugin: PIX capture plugin failed to initialize! Check that the process is launched from PIX.
LogInit: Using libcurl 7.55.1-DEV
LogInit:  - built for x86_64-pc-win32
LogInit:  - supports SSL with OpenSSL/1.1.1
LogInit:  - supports HTTP deflate (compression) using libz 1.2.8
LogInit:  - other features:
LogInit:      CURL_VERSION_SSL
LogInit:      CURL_VERSION_LIBZ
LogInit:      CURL_VERSION_IPV6
LogInit:      CURL_VERSION_ASYNCHDNS
LogInit:      CURL_VERSION_LARGEFILE
LogInit:      CURL_VERSION_IDN
LogInit:  CurlRequestOptions (configurable via config and command line):
LogInit:  - bVerifyPeer = true  - Libcurl will verify peer certificate
LogInit:  - bUseHttpProxy = false  - Libcurl will NOT use HTTP proxy
LogInit:  - bDontReuseConnections = false  - Libcurl will reuse connections
LogInit:  - MaxHostConnections = 16  - Libcurl will limit the number of connections to a host
LogInit:  - LocalHostAddr = Default
LogInit:  - BufferSize = 65536
LogOnline: OSS: Creating online subsystem instance for: NULL
LogInit: WinSock: version 1.1 (2.2), MaxSocks=32767, MaxUdp=65467
LogOnline: OSS: TryLoadSubsystemAndSetDefault: Loaded subsystem for module [NULL]
LogOculusPluginWrapper: OculusPlugin initialized successfully
LogHMD: Failed initializing OVRPlugin 1.59.0
LogInit: Build: ++UE4+Release-4.27-CL-18319896
LogInit: Engine Version: 4.27.2-18319896+++UE4+Release-4.27
LogInit: Compatible Engine Version: 4.27.0-17155196+++UE4+Release-4.27
LogInit: Net CL: 17155196
LogInit: OS: Windows 10 (Release 2009) (), CPU: 13th Gen Intel(R) Core(TM) i5-13600KF, GPU: NVIDIA GeForce RTX 3060 Ti
LogInit: Compiled (64-bit): Nov 30 2021 07:12:08
LogInit: Compiled with Visual C++: 19.24.28315.00
LogInit: Build Configuration: Development
LogInit: Branch Name: ++UE4+Release-4.27
LogInit: Command Line:  -skipcompile
LogInit: Base Directory: C:/Program Files (x86)/Vper/UE/UE_4.27/Engine/Binaries/Win64/
LogInit: Allocator: TBB
LogInit: Installed Engine Build: 1
LogDevObjectVersion: Number of dev versions registered: 29
LogDevObjectVersion:   Dev-Blueprints (B0D832E4-1F89-4F0D-ACCF-7EB736FD4AA2): 10
LogDevObjectVersion:   Dev-Build (E1C64328-A22C-4D53-A36C-8E866417BD8C): 0
LogDevObjectVersion:   Dev-Core (375EC13C-06E4-48FB-B500-84F0262A717E): 4
LogDevObjectVersion:   Dev-Editor (E4B068ED-F494-42E9-A231-DA0B2E46BB41): 40
LogDevObjectVersion:   Dev-Framework (CFFC743F-43B0-4480-9391-14DF171D2073): 37
LogDevObjectVersion:   Dev-Mobile (B02B49B5-BB20-44E9-A304-32B752E40360): 3
LogDevObjectVersion:   Dev-Networking (A4E4105C-59A1-49B5-A7C5-40C4547EDFEE): 0
LogDevObjectVersion:   Dev-Online (39C831C9-5AE6-47DC-9A44-9C173E1C8E7C): 0
LogDevObjectVersion:   Dev-Physics (78F01B33-EBEA-4F98-B9B4-84EACCB95AA2): 14
LogDevObjectVersion:   Dev-Platform (6631380F-2D4D-43E0-8009-CF276956A95A): 0
LogDevObjectVersion:   Dev-Rendering (12F88B9F-8875-4AFC-A67C-D90C383ABD29): 45
LogDevObjectVersion:   Dev-Sequencer (7B5AE74C-D270-4C10-A958-57980B212A5A): 13
LogDevObjectVersion:   Dev-VR (D7296918-1DD6-4BDD-9DE2-64A83CC13884): 3
LogDevObjectVersion:   Dev-LoadTimes (C2A15278-BFE7-4AFE-6C17-90FF531DF755): 1
LogDevObjectVersion:   Private-Geometry (6EACA3D4-40EC-4CC1-B786-8BED09428FC5): 3
LogDevObjectVersion:   Dev-AnimPhys (29E575DD-E0A3-4627-9D10-D276232CDCEA): 17
LogDevObjectVersion:   Dev-Anim (AF43A65D-7FD3-4947-9873-3E8ED9C1BB05): 15
LogDevObjectVersion:   Dev-ReflectionCapture (6B266CEC-1EC7-4B8F-A30B-E4D90942FC07): 1
LogDevObjectVersion:   Dev-Automation (0DF73D61-A23F-47EA-B727-89E90C41499A): 1
LogDevObjectVersion:   FortniteMain (601D1886-AC64-4F84-AA16-D3DE0DEAC7D6): 47
LogDevObjectVersion:   FortniteRelease (E7086368-6B23-4C58-8439-1B7016265E91): 1
LogDevObjectVersion:   Dev-Enterprise (9DFFBCD6-494F-0158-E221-12823C92A888): 10
LogDevObjectVersion:   Dev-Niagara (F2AED0AC-9AFE-416F-8664-AA7FFA26D6FC): 1
LogDevObjectVersion:   Dev-Destruction (174F1F0B-B4C6-45A5-B13F-2EE8D0FB917D): 10
LogDevObjectVersion:   Dev-Physics-Ext (35F94A83-E258-406C-A318-09F59610247C): 41
LogDevObjectVersion:   Dev-PhysicsMaterial-Chaos (B68FC16E-8B1B-42E2-B453-215C058844FE): 1
LogDevObjectVersion:   Dev-CineCamera (B2E18506-4273-CFC2-A54E-F4BB758BBA07): 1
LogDevObjectVersion:   Dev-VirtualProduction (64F58936-FD1B-42BA-BA96-7289D5D0FA4E): 1
LogDevObjectVersion:   Dev-MediaFramework (6F0ED827-A609-4895-9C91-998D90180EA4): 2
LogInit: Presizing for max 25165824 objects, including 0 objects not considered by GC, pre-allocating 0 bytes for permanent pool.
LogConfig: Applying CVar settings from Section [/Script/Engine.StreamingSettings] File [C:/VperData/GitHub/ActionRoguelike/ActionRoguelike/Saved/Config/Windows/Engine.ini]
LogConfig: Setting CVar [[s.MinBulkDataSizeForAsyncLoading:131072]]
LogConfig: Setting CVar [[s.AsyncLoadingThreadEnabled:0]]
LogConfig: Setting CVar [[s.EventDrivenLoaderEnabled:1]]
LogConfig: Setting CVar [[s.WarnIfTimeLimitExceeded:0]]
LogConfig: Setting CVar [[s.TimeLimitExceededMultiplier:1.5]]
LogConfig: Setting CVar [[s.TimeLimitExceededMinTime:0.005]]
LogConfig: Setting CVar [[s.UseBackgroundLevelStreaming:1]]
LogConfig: Setting CVar [[s.PriorityAsyncLoadingExtraTime:15.0]]
LogConfig: Setting CVar [[s.LevelStreamingActorsUpdateTimeLimit:5.0]]
LogConfig: Setting CVar [[s.PriorityLevelStreamingActorsUpdateExtraTime:5.0]]
LogConfig: Setting CVar [[s.LevelStreamingComponentsRegistrationGranularity:10]]
LogConfig: Setting CVar [[s.UnregisterComponentsTimeLimit:1.0]]
LogConfig: Setting CVar [[s.LevelStreamingComponentsUnregistrationGranularity:5]]
LogConfig: Setting CVar [[s.FlushStreamingOnExit:1]]
LogInit: Object subsystem initialized
LogConfig: Setting CVar [[con.DebugEarlyDefault:1]]
LogConfig: Setting CVar [[r.setres:1280x720]]
[2023.07.12-19.09.38:438][  0]LogConfig: Setting CVar [[r.VSync:0]]
[2023.07.12-19.09.38:438][  0]LogConfig: Setting CVar [[r.RHICmdBypass:0]]
[2023.07.12-19.09.38:438][  0]LogConfig: Applying CVar settings from Section [/Script/Engine.RendererSettings] File [C:/VperData/GitHub/ActionRoguelike/ActionRoguelike/Saved/Config/Windows/Engine.ini]
[2023.07.12-19.09.38:438][  0]LogConfig: Setting CVar [[r.GPUCrashDebugging:0]]
[2023.07.12-19.09.38:438][  0]LogConfig: Applying CVar settings from Section [/Script/Engine.RendererOverrideSettings] File [C:/VperData/GitHub/ActionRoguelike/ActionRoguelike/Saved/Config/Windows/Engine.ini]
[2023.07.12-19.09.38:438][  0]LogConfig: Applying CVar settings from Section [/Script/Engine.StreamingSettings] File [C:/VperData/GitHub/ActionRoguelike/ActionRoguelike/Saved/Config/Windows/Engine.ini]
[2023.07.12-19.09.38:438][  0]LogConfig: Setting CVar [[s.MinBulkDataSizeForAsyncLoading:131072]]
[2023.07.12-19.09.38:438][  0]LogConfig: Setting CVar [[s.AsyncLoadingThreadEnabled:0]]
[2023.07.12-19.09.38:438][  0]LogConfig: Setting CVar [[s.EventDrivenLoaderEnabled:1]]
[2023.07.12-19.09.38:438][  0]LogConfig: Setting CVar [[s.WarnIfTimeLimitExceeded:0]]
[2023.07.12-19.09.38:438][  0]LogConfig: Setting CVar [[s.TimeLimitExceededMultiplier:1.5]]
[2023.07.12-19.09.38:438][  0]LogConfig: Setting CVar [[s.TimeLimitExceededMinTime:0.005]]
[2023.07.12-19.09.38:438][  0]LogConfig: Setting CVar [[s.UseBackgroundLevelStreaming:1]]
[2023.07.12-19.09.38:438][  0]LogConfig: Setting CVar [[s.PriorityAsyncLoadingExtraTime:15.0]]
[2023.07.12-19.09.38:438][  0]LogConfig: Setting CVar [[s.LevelStreamingActorsUpdateTimeLimit:5.0]]
[2023.07.12-19.09.38:438][  0]LogConfig: Setting CVar [[s.PriorityLevelStreamingActorsUpdateExtraTime:5.0]]
[2023.07.12-19.09.38:438][  0]LogConfig: Setting CVar [[s.LevelStreamingComponentsRegistrationGranularity:10]]
[2023.07.12-19.09.38:438][  0]LogConfig: Setting CVar [[s.UnregisterComponentsTimeLimit:1.0]]
[2023.07.12-19.09.38:438][  0]LogConfig: Setting CVar [[s.LevelStreamingComponentsUnregistrationGranularity:5]]
[2023.07.12-19.09.38:438][  0]LogConfig: Setting CVar [[s.FlushStreamingOnExit:1]]
[2023.07.12-19.09.38:438][  0]LogConfig: Applying CVar settings from Section [/Script/Engine.GarbageCollectionSettings] File [C:/VperData/GitHub/ActionRoguelike/ActionRoguelike/Saved/Config/Windows/Engine.ini]
[2023.07.12-19.09.38:438][  0]LogConfig: Setting CVar [[gc.MaxObjectsNotConsideredByGC:1]]
[2023.07.12-19.09.38:438][  0]LogConfig: Setting CVar [[gc.SizeOfPermanentObjectPool:0]]
[2023.07.12-19.09.38:438][  0]LogConfig: Setting CVar [[gc.FlushStreamingOnGC:0]]
[2023.07.12-19.09.38:438][  0]LogConfig: Setting CVar [[gc.NumRetriesBeforeForcingGC:10]]
[2023.07.12-19.09.38:438][  0]LogConfig: Setting CVar [[gc.AllowParallelGC:1]]
[2023.07.12-19.09.38:438][  0]LogConfig: Setting CVar [[gc.TimeBetweenPurgingPendingKillObjects:61.1]]
[2023.07.12-19.09.38:439][  0]LogConfig: Setting CVar [[gc.MaxObjectsInEditor:25165824]]
[2023.07.12-19.09.38:439][  0]LogConfig: Setting CVar [[gc.IncrementalBeginDestroyEnabled:1]]
[2023.07.12-19.09.38:439][  0]LogConfig: Setting CVar [[gc.CreateGCClusters:1]]
[2023.07.12-19.09.38:439][  0]LogConfig: Setting CVar [[gc.MinGCClusterSize:5]]
[2023.07.12-19.09.38:439][  0]LogConfig: Setting CVar [[gc.ActorClusteringEnabled:0]]
[2023.07.12-19.09.38:439][  0]LogConfig: Setting CVar [[gc.BlueprintClusteringEnabled:0]]
[2023.07.12-19.09.38:439][  0]LogConfig: Setting CVar [[gc.UseDisregardForGCOnDedicatedServers:0]]
[2023.07.12-19.09.38:439][  0]LogConfig: Setting CVar [[gc.MultithreadedDestructionEnabled:1]]
[2023.07.12-19.09.38:439][  0]LogConfig: Applying CVar settings from Section [/Script/Engine.NetworkSettings] File [C:/VperData/GitHub/ActionRoguelike/ActionRoguelike/Saved/Config/Windows/Engine.ini]
[2023.07.12-19.09.38:439][  0]LogConfig: Applying CVar settings from Section [/Script/UnrealEd.CookerSettings] File [C:/VperData/GitHub/ActionRoguelike/ActionRoguelike/Saved/Config/Windows/Engine.ini]
[2023.07.12-19.09.38:442][  0]LogConfig: Applying CVar settings from Section [ViewDistanceQuality@3] File [C:/VperData/GitHub/ActionRoguelike/ActionRoguelike/Saved/Config/Windows/Scalability.ini]
[2023.07.12-19.09.38:442][  0]LogConfig: Setting CVar [[r.SkeletalMeshLODBias:0]]
[2023.07.12-19.09.38:443][  0]LogConfig: Setting CVar [[r.ViewDistanceScale:1.0]]
[2023.07.12-19.09.38:443][  0]LogConfig: Applying CVar settings from Section [AntiAliasingQuality@3] File [C:/VperData/GitHub/ActionRoguelike/ActionRoguelike/Saved/Config/Windows/Scalability.ini]
[2023.07.12-19.09.38:443][  0]LogConfig: Setting CVar [[r.PostProcessAAQuality:4]]
[2023.07.12-19.09.38:443][  0]LogConfig: Applying CVar settings from Section [ShadowQuality@3] File [C:/VperData/GitHub/ActionRoguelike/ActionRoguelike/Saved/Config/Windows/Scalability.ini]
[2023.07.12-19.09.38:443][  0]LogConfig: Setting CVar [[r.LightFunctionQuality:1]]
[2023.07.12-19.09.38:443][  0]LogConfig: Setting CVar [[r.ShadowQuality:5]]
[2023.07.12-19.09.38:443][  0]LogConfig: Setting CVar [[r.Shadow.CSM.MaxCascades:10]]
[2023.07.12-19.09.38:443][  0]LogConfig: Setting CVar [[r.Shadow.MaxResolution:2048]]
[2023.07.12-19.09.38:443][  0]LogConfig: Setting CVar [[r.Shadow.MaxCSMResolution:2048]]
[2023.07.12-19.09.38:443][  0]LogConfig: Setting CVar [[r.Shadow.RadiusThreshold:0.01]]
[2023.07.12-19.09.38:443][  0]LogConfig: Setting CVar [[r.Shadow.DistanceScale:1.0]]
[2023.07.12-19.09.38:443][  0]LogConfig: Setting CVar [[r.Shadow.CSM.TransitionScale:1.0]]
[2023.07.12-19.09.38:443][  0]LogConfig: Setting CVar [[r.Shadow.PreShadowResolutionFactor:1.0]]
[2023.07.12-19.09.38:443][  0]LogConfig: Setting CVar [[r.DistanceFieldShadowing:1]]
[2023.07.12-19.09.38:443][  0]LogConfig: Setting CVar [[r.DistanceFieldAO:1]]
[2023.07.12-19.09.38:443][  0]LogConfig: Setting CVar [[r.AOQuality:2]]
[2023.07.12-19.09.38:443][  0]LogConfig: Setting CVar [[r.VolumetricFog:1]]
[2023.07.12-19.09.38:443][  0]LogConfig: Setting CVar [[r.VolumetricFog.GridPixelSize:8]]
[2023.07.12-19.09.38:443][  0]LogConfig: Setting CVar [[r.VolumetricFog.GridSizeZ:128]]
[2023.07.12-19.09.38:443][  0]LogConfig: Setting CVar [[r.VolumetricFog.HistoryMissSupersampleCount:4]]
[2023.07.12-19.09.38:443][  0]LogConfig: Setting CVar [[r.LightMaxDrawDistanceScale:1]]
[2023.07.12-19.09.38:443][  0]LogConfig: Setting CVar [[r.CapsuleShadows:1]]
[2023.07.12-19.09.38:443][  0]LogConfig: Applying CVar settings from Section [PostProcessQuality@3] File [C:/VperData/GitHub/ActionRoguelike/ActionRoguelike/Saved/Config/Windows/Scalability.ini]
[2023.07.12-19.09.38:443][  0]LogConfig: Setting CVar [[r.MotionBlurQuality:4]]
[2023.07.12-19.09.38:443][  0]LogConfig: Setting CVar [[r.AmbientOcclusionMipLevelFactor:0.4]]
[2023.07.12-19.09.38:443][  0]LogConfig: Setting CVar [[r.AmbientOcclusionMaxQuality:100]]
[2023.07.12-19.09.38:443][  0]LogConfig: Setting CVar [[r.AmbientOcclusionLevels:-1]]
[2023.07.12-19.09.38:443][  0]LogConfig: Setting CVar [[r.AmbientOcclusionRadiusScale:1.0]]
[2023.07.12-19.09.38:443][  0]LogConfig: Setting CVar [[r.DepthOfFieldQuality:2]]
[2023.07.12-19.09.38:443][  0]LogConfig: Setting CVar [[r.RenderTargetPoolMin:400]]
[2023.07.12-19.09.38:443][  0]LogConfig: Setting CVar [[r.LensFlareQuality:2]]
[2023.07.12-19.09.38:443][  0]LogConfig: Setting CVar [[r.SceneColorFringeQuality:1]]
[2023.07.12-19.09.38:444][  0]LogConfig: Setting CVar [[r.EyeAdaptationQuality:2]]
[2023.07.12-19.09.38:444][  0]LogConfig: Setting CVar [[r.BloomQuality:5]]
[2023.07.12-19.09.38:444][  0]LogConfig: Setting CVar [[r.FastBlurThreshold:100]]
[2023.07.12-19.09.38:444][  0]LogConfig: Setting CVar [[r.Upscale.Quality:3]]
[2023.07.12-19.09.38:444][  0]LogConfig: Setting CVar [[r.Tonemapper.GrainQuantization:1]]
[2023.07.12-19.09.38:444][  0]LogConfig: Setting CVar [[r.LightShaftQuality:1]]
[2023.07.12-19.09.38:444][  0]LogConfig: Setting CVar [[r.Filter.SizeScale:1]]
[2023.07.12-19.09.38:444][  0]LogConfig: Setting CVar [[r.Tonemapper.Quality:5]]
[2023.07.12-19.09.38:444][  0]LogConfig: Setting CVar [[r.DOF.Gather.AccumulatorQuality:1        ; higher gathering accumulator quality]]
[2023.07.12-19.09.38:444][  0]LogConfig: Setting CVar [[r.DOF.Gather.PostfilterMethod:1          ; Median3x3 postfilering method]]
[2023.07.12-19.09.38:444][  0]LogConfig: Setting CVar [[r.DOF.Gather.EnableBokehSettings:0       ; no bokeh simulation when gathering]]
[2023.07.12-19.09.38:444][  0]LogConfig: Setting CVar [[r.DOF.Gather.RingCount:4                 ; medium number of samples when gathering]]
[2023.07.12-19.09.38:444][  0]LogConfig: Setting CVar [[r.DOF.Scatter.ForegroundCompositing:1    ; additive foreground scattering]]
[2023.07.12-19.09.38:444][  0]LogConfig: Setting CVar [[r.DOF.Scatter.BackgroundCompositing:2    ; additive background scattering]]
[2023.07.12-19.09.38:444][  0]LogConfig: Setting CVar [[r.DOF.Scatter.EnableBokehSettings:1      ; bokeh simulation when scattering]]
[2023.07.12-19.09.38:444][  0]LogConfig: Setting CVar [[r.DOF.Scatter.MaxSpriteRatio:0.1         ; only a maximum of 10% of scattered bokeh]]
[2023.07.12-19.09.38:444][  0]LogConfig: Setting CVar [[r.DOF.Recombine.Quality:1                ; cheap slight out of focus]]
[2023.07.12-19.09.38:444][  0]LogConfig: Setting CVar [[r.DOF.Recombine.EnableBokehSettings:0    ; no bokeh simulation on slight out of focus]]
[2023.07.12-19.09.38:444][  0]LogConfig: Setting CVar [[r.DOF.TemporalAAQuality:1                ; more stable temporal accumulation]]
[2023.07.12-19.09.38:444][  0]LogConfig: Setting CVar [[r.DOF.Kernel.MaxForegroundRadius:0.025]]
[2023.07.12-19.09.38:444][  0]LogConfig: Setting CVar [[r.DOF.Kernel.MaxBackgroundRadius:0.025]]
[2023.07.12-19.09.38:444][  0]LogConfig: Applying CVar settings from Section [TextureQuality@3] File [C:/VperData/GitHub/ActionRoguelike/ActionRoguelike/Saved/Config/Windows/Scalability.ini]
[2023.07.12-19.09.38:444][  0]LogConfig: Setting CVar [[r.Streaming.MipBias:0]]
[2023.07.12-19.09.38:444][  0]LogConfig: Setting CVar [[r.Streaming.AmortizeCPUToGPUCopy:0]]
[2023.07.12-19.09.38:444][  0]LogConfig: Setting CVar [[r.Streaming.MaxNumTexturesToStreamPerFrame:0]]
[2023.07.12-19.09.38:444][  0]LogConfig: Setting CVar [[r.Streaming.Boost:1]]
[2023.07.12-19.09.38:444][  0]LogConfig: Setting CVar [[r.MaxAnisotropy:8]]
[2023.07.12-19.09.38:444][  0]LogConfig: Setting CVar [[r.VT.MaxAnisotropy:8]]
[2023.07.12-19.09.38:444][  0]LogConfig: Setting CVar [[r.Streaming.LimitPoolSizeToVRAM:0]]
[2023.07.12-19.09.38:444][  0]LogConfig: Setting CVar [[r.Streaming.PoolSize:1000]]
[2023.07.12-19.09.38:444][  0]LogConfig: Setting CVar [[r.Streaming.MaxEffectiveScreenSize:0]]
[2023.07.12-19.09.38:444][  0]LogConfig: Applying CVar settings from Section [EffectsQuality@3] File [C:/VperData/GitHub/ActionRoguelike/ActionRoguelike/Saved/Config/Windows/Scalability.ini]
[2023.07.12-19.09.38:444][  0]LogConfig: Setting CVar [[r.TranslucencyLightingVolumeDim:64]]
[2023.07.12-19.09.38:444][  0]LogConfig: Setting CVar [[r.RefractionQuality:2]]
[2023.07.12-19.09.38:444][  0]LogConfig: Setting CVar [[r.SSR.Quality:3]]
[2023.07.12-19.09.38:444][  0]LogConfig: Setting CVar [[r.SSR.HalfResSceneColor:0]]
[2023.07.12-19.09.38:444][  0]LogConfig: Setting CVar [[r.SceneColorFormat:4]]
[2023.07.12-19.09.38:445][  0]LogConfig: Setting CVar [[r.DetailMode:2]]
[2023.07.12-19.09.38:445][  0]LogConfig: Setting CVar [[r.TranslucencyVolumeBlur:1]]
[2023.07.12-19.09.38:445][  0]LogConfig: Setting CVar [[r.MaterialQualityLevel:1 ; High quality]]
[2023.07.12-19.09.38:445][  0]LogConfig: Setting CVar [[r.AnisotropicMaterials:1]]
[2023.07.12-19.09.38:445][  0]LogConfig: Setting CVar [[r.SSS.Scale:1]]
[2023.07.12-19.09.38:445][  0]LogConfig: Setting CVar [[r.SSS.SampleSet:2]]
[2023.07.12-19.09.38:445][  0]LogConfig: Setting CVar [[r.SSS.Quality:1]]
[2023.07.12-19.09.38:445][  0]LogConfig: Setting CVar [[r.SSS.HalfRes:0]]
[2023.07.12-19.09.38:445][  0]LogConfig: Setting CVar [[r.SSGI.Quality:3]]
[2023.07.12-19.09.38:445][  0]LogConfig: Setting CVar [[r.EmitterSpawnRateScale:1.0]]
[2023.07.12-19.09.38:445][  0]LogConfig: Setting CVar [[r.ParticleLightQuality:2]]
[2023.07.12-19.09.38:445][  0]LogConfig: Setting CVar [[r.SkyAtmosphere.AerialPerspectiveLUT.FastApplyOnOpaque:1 ; Always have FastSkyLUT 1 in this case to avoid wrong sky]]
[2023.07.12-19.09.38:445][  0]LogConfig: Setting CVar [[r.SkyAtmosphere.AerialPerspectiveLUT.SampleCountMaxPerSlice:4]]
[2023.07.12-19.09.38:445][  0]LogConfig: Setting CVar [[r.SkyAtmosphere.AerialPerspectiveLUT.DepthResolution:16.0]]
[2023.07.12-19.09.38:445][  0]LogConfig: Setting CVar [[r.SkyAtmosphere.FastSkyLUT:1]]
[2023.07.12-19.09.38:445][  0]LogConfig: Setting CVar [[r.SkyAtmosphere.FastSkyLUT.SampleCountMin:4.0]]
[2023.07.12-19.09.38:445][  0]LogConfig: Setting CVar [[r.SkyAtmosphere.FastSkyLUT.SampleCountMax:128.0]]
[2023.07.12-19.09.38:445][  0]LogConfig: Setting CVar [[r.SkyAtmosphere.SampleCountMin:4.0]]
[2023.07.12-19.09.38:445][  0]LogConfig: Setting CVar [[r.SkyAtmosphere.SampleCountMax:128.0]]
[2023.07.12-19.09.38:445][  0]LogConfig: Setting CVar [[r.SkyAtmosphere.TransmittanceLUT.UseSmallFormat:0]]
[2023.07.12-19.09.38:445][  0]LogConfig: Setting CVar [[r.SkyAtmosphere.TransmittanceLUT.SampleCount:10.0]]
[2023.07.12-19.09.38:445][  0]LogConfig: Setting CVar [[r.SkyAtmosphere.MultiScatteringLUT.SampleCount:15.0]]
[2023.07.12-19.09.38:445][  0]LogConfig: Setting CVar [[r.SkyLight.RealTimeReflectionCapture:1]]
[2023.07.12-19.09.38:445][  0]LogConfig: Applying CVar settings from Section [FoliageQuality@3] File [C:/VperData/GitHub/ActionRoguelike/ActionRoguelike/Saved/Config/Windows/Scalability.ini]
[2023.07.12-19.09.38:445][  0]LogConfig: Setting CVar [[foliage.DensityScale:1.0]]
[2023.07.12-19.09.38:445][  0]LogConfig: Setting CVar [[grass.DensityScale:1.0]]
[2023.07.12-19.09.38:445][  0]LogConfig: Applying CVar settings from Section [ShadingQuality@3] File [C:/VperData/GitHub/ActionRoguelike/ActionRoguelike/Saved/Config/Windows/Scalability.ini]
[2023.07.12-19.09.38:445][  0]LogConfig: Setting CVar [[r.HairStrands.SkyLighting.IntegrationType:2]]
[2023.07.12-19.09.38:445][  0]LogConfig: Setting CVar [[r.HairStrands.SkyAO.SampleCount:4]]
[2023.07.12-19.09.38:445][  0]LogConfig: Setting CVar [[r.HairStrands.Visibility.MSAA.SamplePerPixel:4]]
[2023.07.12-19.09.38:445][  0]LogInit: Selected Device Profile: [Windows]
[2023.07.12-19.09.38:445][  0]LogInit: Applying CVar settings loaded from the selected device profile: [Windows]
[2023.07.12-19.09.38:445][  0]LogHAL: Display: Platform has ~ 32 GB [34185904128 / 34359738368 / 32], which maps to Largest [LargestMinGB=32, LargerMinGB=12, DefaultMinGB=8, SmallerMinGB=6, SmallestMinGB=0)
[2023.07.12-19.09.38:446][  0]LogInit: Going up to parent DeviceProfile []
[2023.07.12-19.09.38:446][  0]LogConfig: Applying CVar settings from Section [ViewDistanceQuality@3] File [C:/VperData/GitHub/ActionRoguelike/ActionRoguelike/Saved/Config/Windows/Scalability.ini]
[2023.07.12-19.09.38:446][  0]LogConfig: Setting CVar [[r.SkeletalMeshLODBias:0]]
[2023.07.12-19.09.38:446][  0]LogConfig: Setting CVar [[r.ViewDistanceScale:1.0]]
[2023.07.12-19.09.38:446][  0]LogConfig: Applying CVar settings from Section [AntiAliasingQuality@3] File [C:/VperData/GitHub/ActionRoguelike/ActionRoguelike/Saved/Config/Windows/Scalability.ini]
[2023.07.12-19.09.38:446][  0]LogConfig: Setting CVar [[r.PostProcessAAQuality:4]]
[2023.07.12-19.09.38:446][  0]LogConfig: Applying CVar settings from Section [ShadowQuality@3] File [C:/VperData/GitHub/ActionRoguelike/ActionRoguelike/Saved/Config/Windows/Scalability.ini]
[2023.07.12-19.09.38:446][  0]LogConfig: Setting CVar [[r.LightFunctionQuality:1]]
[2023.07.12-19.09.38:446][  0]LogConfig: Setting CVar [[r.ShadowQuality:5]]
[2023.07.12-19.09.38:446][  0]LogConfig: Setting CVar [[r.Shadow.CSM.MaxCascades:10]]
[2023.07.12-19.09.38:446][  0]LogConfig: Setting CVar [[r.Shadow.MaxResolution:2048]]
[2023.07.12-19.09.38:446][  0]LogConfig: Setting CVar [[r.Shadow.MaxCSMResolution:2048]]
[2023.07.12-19.09.38:446][  0]LogConfig: Setting CVar [[r.Shadow.RadiusThreshold:0.01]]
[2023.07.12-19.09.38:446][  0]LogConfig: Setting CVar [[r.Shadow.DistanceScale:1.0]]
[2023.07.12-19.09.38:446][  0]LogConfig: Setting CVar [[r.Shadow.CSM.TransitionScale:1.0]]
[2023.07.12-19.09.38:446][  0]LogConfig: Setting CVar [[r.Shadow.PreShadowResolutionFactor:1.0]]
[2023.07.12-19.09.38:446][  0]LogConfig: Setting CVar [[r.DistanceFieldShadowing:1]]
[2023.07.12-19.09.38:446][  0]LogConfig: Setting CVar [[r.DistanceFieldAO:1]]
[2023.07.12-19.09.38:446][  0]LogConfig: Setting CVar [[r.AOQuality:2]]
[2023.07.12-19.09.38:446][  0]LogConfig: Setting CVar [[r.VolumetricFog:1]]
[2023.07.12-19.09.38:446][  0]LogConfig: Setting CVar [[r.VolumetricFog.GridPixelSize:8]]
[2023.07.12-19.09.38:446][  0]LogConfig: Setting CVar [[r.VolumetricFog.GridSizeZ:128]]
[2023.07.12-19.09.38:446][  0]LogConfig: Setting CVar [[r.VolumetricFog.HistoryMissSupersampleCount:4]]
[2023.07.12-19.09.38:446][  0]LogConfig: Setting CVar [[r.LightMaxDrawDistanceScale:1]]
[2023.07.12-19.09.38:446][  0]LogConfig: Setting CVar [[r.CapsuleShadows:1]]
[2023.07.12-19.09.38:446][  0]LogConfig: Applying CVar settings from Section [PostProcessQuality@3] File [C:/VperData/GitHub/ActionRoguelike/ActionRoguelike/Saved/Config/Windows/Scalability.ini]
[2023.07.12-19.09.38:446][  0]LogConfig: Setting CVar [[r.MotionBlurQuality:4]]
[2023.07.12-19.09.38:446][  0]LogConfig: Setting CVar [[r.AmbientOcclusionMipLevelFactor:0.4]]
[2023.07.12-19.09.38:446][  0]LogConfig: Setting CVar [[r.AmbientOcclusionMaxQuality:100]]
[2023.07.12-19.09.38:446][  0]LogConfig: Setting CVar [[r.AmbientOcclusionLevels:-1]]
[2023.07.12-19.09.38:446][  0]LogConfig: Setting CVar [[r.AmbientOcclusionRadiusScale:1.0]]
[2023.07.12-19.09.38:446][  0]LogConfig: Setting CVar [[r.DepthOfFieldQuality:2]]
[2023.07.12-19.09.38:446][  0]LogConfig: Setting CVar [[r.RenderTargetPoolMin:400]]
[2023.07.12-19.09.38:446][  0]LogConfig: Setting CVar [[r.LensFlareQuality:2]]
[2023.07.12-19.09.38:446][  0]LogConfig: Setting CVar [[r.SceneColorFringeQuality:1]]
[2023.07.12-19.09.38:447][  0]LogConfig: Setting CVar [[r.EyeAdaptationQuality:2]]
[2023.07.12-19.09.38:447][  0]LogConfig: Setting CVar [[r.BloomQuality:5]]
[2023.07.12-19.09.38:447][  0]LogConfig: Setting CVar [[r.FastBlurThreshold:100]]
[2023.07.12-19.09.38:447][  0]LogConfig: Setting CVar [[r.Upscale.Quality:3]]
[2023.07.12-19.09.38:447][  0]LogConfig: Setting CVar [[r.Tonemapper.GrainQuantization:1]]
[2023.07.12-19.09.38:447][  0]LogConfig: Setting CVar [[r.LightShaftQuality:1]]
[2023.07.12-19.09.38:447][  0]LogConfig: Setting CVar [[r.Filter.SizeScale:1]]
[2023.07.12-19.09.38:447][  0]LogConfig: Setting CVar [[r.Tonemapper.Quality:5]]
[2023.07.12-19.09.38:447][  0]LogConfig: Setting CVar [[r.DOF.Gather.AccumulatorQuality:1        ; higher gathering accumulator quality]]
[2023.07.12-19.09.38:447][  0]LogConfig: Setting CVar [[r.DOF.Gather.PostfilterMethod:1          ; Median3x3 postfilering method]]
[2023.07.12-19.09.38:447][  0]LogConfig: Setting CVar [[r.DOF.Gather.EnableBokehSettings:0       ; no bokeh simulation when gathering]]
[2023.07.12-19.09.38:447][  0]LogConfig: Setting CVar [[r.DOF.Gather.RingCount:4                 ; medium number of samples when gathering]]
[2023.07.12-19.09.38:447][  0]LogConfig: Setting CVar [[r.DOF.Scatter.ForegroundCompositing:1    ; additive foreground scattering]]
[2023.07.12-19.09.38:447][  0]LogConfig: Setting CVar [[r.DOF.Scatter.BackgroundCompositing:2    ; additive background scattering]]
[2023.07.12-19.09.38:447][  0]LogConfig: Setting CVar [[r.DOF.Scatter.EnableBokehSettings:1      ; bokeh simulation when scattering]]
[2023.07.12-19.09.38:447][  0]LogConfig: Setting CVar [[r.DOF.Scatter.MaxSpriteRatio:0.1         ; only a maximum of 10% of scattered bokeh]]
[2023.07.12-19.09.38:447][  0]LogConfig: Setting CVar [[r.DOF.Recombine.Quality:1                ; cheap slight out of focus]]
[2023.07.12-19.09.38:447][  0]LogConfig: Setting CVar [[r.DOF.Recombine.EnableBokehSettings:0    ; no bokeh simulation on slight out of focus]]
[2023.07.12-19.09.38:447][  0]LogConfig: Setting CVar [[r.DOF.TemporalAAQuality:1                ; more stable temporal accumulation]]
[2023.07.12-19.09.38:447][  0]LogConfig: Setting CVar [[r.DOF.Kernel.MaxForegroundRadius:0.025]]
[2023.07.12-19.09.38:447][  0]LogConfig: Setting CVar [[r.DOF.Kernel.MaxBackgroundRadius:0.025]]
[2023.07.12-19.09.38:447][  0]LogConfig: Applying CVar settings from Section [TextureQuality@3] File [C:/VperData/GitHub/ActionRoguelike/ActionRoguelike/Saved/Config/Windows/Scalability.ini]
[2023.07.12-19.09.38:447][  0]LogConfig: Setting CVar [[r.Streaming.MipBias:0]]
[2023.07.12-19.09.38:447][  0]LogConfig: Setting CVar [[r.Streaming.AmortizeCPUToGPUCopy:0]]
[2023.07.12-19.09.38:447][  0]LogConfig: Setting CVar [[r.Streaming.MaxNumTexturesToStreamPerFrame:0]]
[2023.07.12-19.09.38:447][  0]LogConfig: Setting CVar [[r.Streaming.Boost:1]]
[2023.07.12-19.09.38:447][  0]LogConfig: Setting CVar [[r.MaxAnisotropy:8]]
[2023.07.12-19.09.38:447][  0]LogConfig: Setting CVar [[r.VT.MaxAnisotropy:8]]
[2023.07.12-19.09.38:447][  0]LogConfig: Setting CVar [[r.Streaming.LimitPoolSizeToVRAM:0]]
[2023.07.12-19.09.38:447][  0]LogConfig: Setting CVar [[r.Streaming.PoolSize:1000]]
[2023.07.12-19.09.38:447][  0]LogConfig: Setting CVar [[r.Streaming.MaxEffectiveScreenSize:0]]
[2023.07.12-19.09.38:447][  0]LogConfig: Applying CVar settings from Section [EffectsQuality@3] File [C:/VperData/GitHub/ActionRoguelike/ActionRoguelike/Saved/Config/Windows/Scalability.ini]
[2023.07.12-19.09.38:447][  0]LogConfig: Setting CVar [[r.TranslucencyLightingVolumeDim:64]]
[2023.07.12-19.09.38:447][  0]LogConfig: Setting CVar [[r.RefractionQuality:2]]
[2023.07.12-19.09.38:447][  0]LogConfig: Setting CVar [[r.SSR.Quality:3]]
[2023.07.12-19.09.38:447][  0]LogConfig: Setting CVar [[r.SSR.HalfResSceneColor:0]]
[2023.07.12-19.09.38:447][  0]LogConfig: Setting CVar [[r.SceneColorFormat:4]]
[2023.07.12-19.09.38:448][  0]LogConfig: Setting CVar [[r.DetailMode:2]]
[2023.07.12-19.09.38:448][  0]LogConfig: Setting CVar [[r.TranslucencyVolumeBlur:1]]
[2023.07.12-19.09.38:448][  0]LogConfig: Setting CVar [[r.MaterialQualityLevel:1 ; High quality]]
[2023.07.12-19.09.38:448][  0]LogConfig: Setting CVar [[r.AnisotropicMaterials:1]]
[2023.07.12-19.09.38:448][  0]LogConfig: Setting CVar [[r.SSS.Scale:1]]
[2023.07.12-19.09.38:448][  0]LogConfig: Setting CVar [[r.SSS.SampleSet:2]]
[2023.07.12-19.09.38:448][  0]LogConfig: Setting CVar [[r.SSS.Quality:1]]
[2023.07.12-19.09.38:448][  0]LogConfig: Setting CVar [[r.SSS.HalfRes:0]]
[2023.07.12-19.09.38:448][  0]LogConfig: Setting CVar [[r.SSGI.Quality:3]]
[2023.07.12-19.09.38:448][  0]LogConfig: Setting CVar [[r.EmitterSpawnRateScale:1.0]]
[2023.07.12-19.09.38:448][  0]LogConfig: Setting CVar [[r.ParticleLightQuality:2]]
[2023.07.12-19.09.38:448][  0]LogConfig: Setting CVar [[r.SkyAtmosphere.AerialPerspectiveLUT.FastApplyOnOpaque:1 ; Always have FastSkyLUT 1 in this case to avoid wrong sky]]
[2023.07.12-19.09.38:448][  0]LogConfig: Setting CVar [[r.SkyAtmosphere.AerialPerspectiveLUT.SampleCountMaxPerSlice:4]]
[2023.07.12-19.09.38:448][  0]LogConfig: Setting CVar [[r.SkyAtmosphere.AerialPerspectiveLUT.DepthResolution:16.0]]
[2023.07.12-19.09.38:448][  0]LogConfig: Setting CVar [[r.SkyAtmosphere.FastSkyLUT:1]]
[2023.07.12-19.09.38:448][  0]LogConfig: Setting CVar [[r.SkyAtmosphere.FastSkyLUT.SampleCountMin:4.0]]
[2023.07.12-19.09.38:448][  0]LogConfig: Setting CVar [[r.SkyAtmosphere.FastSkyLUT.SampleCountMax:128.0]]
[2023.07.12-19.09.38:448][  0]LogConfig: Setting CVar [[r.SkyAtmosphere.SampleCountMin:4.0]]
[2023.07.12-19.09.38:448][  0]LogConfig: Setting CVar [[r.SkyAtmosphere.SampleCountMax:128.0]]
[2023.07.12-19.09.38:448][  0]LogConfig: Setting CVar [[r.SkyAtmosphere.TransmittanceLUT.UseSmallFormat:0]]
[2023.07.12-19.09.38:448][  0]LogConfig: Setting CVar [[r.SkyAtmosphere.TransmittanceLUT.SampleCount:10.0]]
[2023.07.12-19.09.38:448][  0]LogConfig: Setting CVar [[r.SkyAtmosphere.MultiScatteringLUT.SampleCount:15.0]]
[2023.07.12-19.09.38:448][  0]LogConfig: Setting CVar [[r.SkyLight.RealTimeReflectionCapture:1]]
[2023.07.12-19.09.38:448][  0]LogConfig: Applying CVar settings from Section [FoliageQuality@3] File [C:/VperData/GitHub/ActionRoguelike/ActionRoguelike/Saved/Config/Windows/Scalability.ini]
[2023.07.12-19.09.38:448][  0]LogConfig: Setting CVar [[foliage.DensityScale:1.0]]
[2023.07.12-19.09.38:448][  0]LogConfig: Setting CVar [[grass.DensityScale:1.0]]
[2023.07.12-19.09.38:448][  0]LogConfig: Applying CVar settings from Section [ShadingQuality@3] File [C:/VperData/GitHub/ActionRoguelike/ActionRoguelike/Saved/Config/Windows/Scalability.ini]
[2023.07.12-19.09.38:448][  0]LogConfig: Setting CVar [[r.HairStrands.SkyLighting.IntegrationType:2]]
[2023.07.12-19.09.38:448][  0]LogConfig: Setting CVar [[r.HairStrands.SkyAO.SampleCount:4]]
[2023.07.12-19.09.38:448][  0]LogConfig: Setting CVar [[r.HairStrands.Visibility.MSAA.SamplePerPixel:4]]
[2023.07.12-19.09.38:448][  0]LogConfig: Applying CVar settings from Section [Startup] File [../../../Engine/Config/ConsoleVariables.ini]
[2023.07.12-19.09.38:448][  0]LogConfig: Setting CVar [[net.UseAdaptiveNetUpdateFrequency:0]]
[2023.07.12-19.09.38:449][  0]LogConfig: Setting CVar [[p.chaos.AllowCreatePhysxBodies:1]]
[2023.07.12-19.09.38:449][  0]LogConfig: Setting CVar [[fx.SkipVectorVMBackendOptimizations:1]]
[2023.07.12-19.09.38:449][  0]LogConfig: Applying CVar settings from Section [ConsoleVariables] File [C:/VperData/GitHub/ActionRoguelike/ActionRoguelike/Saved/Config/Windows/Engine.ini]
[2023.07.12-19.09.38:449][  0]LogConfig: Applying CVar settings from Section [ConsoleVariables] File [C:/VperData/GitHub/ActionRoguelike/ActionRoguelike/Saved/Config/Windows/Editor.ini]
[2023.07.12-19.09.38:449][  0]LogInit: Computer: VPER
[2023.07.12-19.09.38:449][  0]LogInit: User: virtu
[2023.07.12-19.09.38:449][  0]LogInit: CPU Page size=4096, Cores=14
[2023.07.12-19.09.38:449][  0]LogInit: High frequency timer resolution =10.000000 MHz
[2023.07.12-19.09.38:449][  0]LogMemory: Memory total: Physical=31.8GB (32GB approx)
[2023.07.12-19.09.38:449][  0]LogMemory: Platform Memory Stats for Windows
[2023.07.12-19.09.38:449][  0]LogMemory: Process Physical Memory: 149.83 MB used, 149.83 MB peak
[2023.07.12-19.09.38:449][  0]LogMemory: Process Virtual Memory: 129.53 MB used, 129.53 MB peak
[2023.07.12-19.09.38:449][  0]LogMemory: Physical Memory: 13836.33 MB used,  18765.89 MB free, 32602.22 MB total
[2023.07.12-19.09.38:449][  0]LogMemory: Virtual Memory: 134204192.00 MB used,  13538.97 MB free, 134217728.00 MB total
[2023.07.12-19.09.38:453][  0]LogWindows: WindowsPlatformFeatures enabled
[2023.07.12-19.09.38:522][  0]LogInit: Physics initialised using underlying interface: PhysX
[2023.07.12-19.09.38:522][  0]LogInit: Overriding language with editor language configuration option (en).
[2023.07.12-19.09.38:522][  0]LogInit: Using OS detected locale (zh-CN).
[2023.07.12-19.09.38:622][  0]LogInit: Setting process to per monitor DPI aware
[2023.07.12-19.09.38:633][  0]LogWindowsTextInputMethodSystem: Display: IME system deactivated.
[2023.07.12-19.09.38:643][  0]LogSlate: New Slate User Created.  User Index 0, Is Virtual User: 0
[2023.07.12-19.09.38:643][  0]LogSlate: Slate User Registered.  User Index 0, Is Virtual User: 0
[2023.07.12-19.09.38:693][  0]LogD3D11RHI: Loaded GFSDK_Aftermath_Lib.x64.dll
[2023.07.12-19.09.38:697][  0]LogHMD: Failed to initialize OpenVR with code 110
[2023.07.12-19.09.38:697][  0]LogD3D11RHI: D3D11 min allowed feature level: 11_0
[2023.07.12-19.09.38:697][  0]LogD3D11RHI: D3D11 max allowed feature level: 11_0
[2023.07.12-19.09.38:697][  0]LogD3D11RHI: D3D11 adapters:
[2023.07.12-19.09.38:760][  0]LogD3D11RHI:    0. 'NVIDIA GeForce RTX 3060 Ti' (Feature Level 11_0)
[2023.07.12-19.09.38:760][  0]LogD3D11RHI:       8038/0/16301 MB DedicatedVideo/DedicatedSystem/SharedSystem, Outputs:1, VendorId:0x10de
[2023.07.12-19.09.38:763][  0]LogD3D11RHI:    1. 'Microsoft Basic Render Driver' (Feature Level 11_0)
[2023.07.12-19.09.38:763][  0]LogD3D11RHI:       0/0/16301 MB DedicatedVideo/DedicatedSystem/SharedSystem, Outputs:0, VendorId:0x1414
[2023.07.12-19.09.38:763][  0]LogD3D11RHI: Chosen D3D11 Adapter:
[2023.07.12-19.09.38:763][  0]LogD3D11RHI:     Description : NVIDIA GeForce RTX 3060 Ti
[2023.07.12-19.09.38:763][  0]LogD3D11RHI:     VendorId    : 10de
[2023.07.12-19.09.38:763][  0]LogD3D11RHI:     DeviceId    : 24c9
[2023.07.12-19.09.38:763][  0]LogD3D11RHI:     SubSysId    : 88b61043
[2023.07.12-19.09.38:763][  0]LogD3D11RHI:     Revision    : 00a1
[2023.07.12-19.09.38:763][  0]LogD3D11RHI:     DedicatedVideoMemory : 8428453888 bytes
[2023.07.12-19.09.38:763][  0]LogD3D11RHI:     DedicatedSystemMemory : 0 bytes
[2023.07.12-19.09.38:763][  0]LogD3D11RHI:     SharedSystemMemory : 17092952064 bytes
[2023.07.12-19.09.38:763][  0]LogD3D11RHI:     AdapterLuid : 0 59343
[2023.07.12-19.09.38:768][  0]LogD3D11RHI: Creating new Direct3DDevice
[2023.07.12-19.09.38:768][  0]LogD3D11RHI:     GPU DeviceId: 0x24c9 (for the marketing name, search the web for "GPU Device Id")
[2023.07.12-19.09.38:768][  0]LogWindows: EnumDisplayDevices:
[2023.07.12-19.09.38:768][  0]LogWindows:    0. 'NVIDIA GeForce RTX 3060 Ti' (P:1 D:1)
[2023.07.12-19.09.38:768][  0]LogWindows:    1. 'NVIDIA GeForce RTX 3060 Ti' (P:0 D:0)
[2023.07.12-19.09.38:768][  0]LogWindows:    2. 'NVIDIA GeForce RTX 3060 Ti' (P:0 D:0)
[2023.07.12-19.09.38:768][  0]LogWindows:    3. 'NVIDIA GeForce RTX 3060 Ti' (P:0 D:0)
[2023.07.12-19.09.38:769][  0]LogWindows: DebugString: FoundDriverCount:4 
[2023.07.12-19.09.38:769][  0]LogD3D11RHI:     Adapter Name: NVIDIA GeForce RTX 3060 Ti
[2023.07.12-19.09.38:769][  0]LogD3D11RHI:   Driver Version: 528.24 (internal:31.0.15.2824, unified:528.24)
[2023.07.12-19.09.38:769][  0]LogD3D11RHI:      Driver Date: 1-15-2023
[2023.07.12-19.09.38:769][  0]LogRHI: Texture pool is 5626 MB (70% of 8038 MB)
[2023.07.12-19.09.38:769][  0]LogD3D11RHI: Creating D3DDevice using adapter:
[2023.07.12-19.09.38:769][  0]LogD3D11RHI:     Description : NVIDIA GeForce RTX 3060 Ti
[2023.07.12-19.09.38:769][  0]LogD3D11RHI:     VendorId    : 10de
[2023.07.12-19.09.38:769][  0]LogD3D11RHI:     DeviceId    : 24c9
[2023.07.12-19.09.38:769][  0]LogD3D11RHI:     SubSysId    : 88b61043
[2023.07.12-19.09.38:769][  0]LogD3D11RHI:     Revision    : 00a1
[2023.07.12-19.09.38:769][  0]LogD3D11RHI:     DedicatedVideoMemory : 8428453888 bytes
[2023.07.12-19.09.38:769][  0]LogD3D11RHI:     DedicatedSystemMemory : 0 bytes
[2023.07.12-19.09.38:769][  0]LogD3D11RHI:     SharedSystemMemory : 17092952064 bytes
[2023.07.12-19.09.38:769][  0]LogD3D11RHI:     AdapterLuid : 0 59343
[2023.07.12-19.09.38:806][  0]LogD3D11RHI: RHI has support for 64 bit atomics
[2023.07.12-19.09.38:806][  0]LogD3D11RHI: Async texture creation enabled
[2023.07.12-19.09.38:806][  0]LogD3D11RHI: Array index from any shader is supported
[2023.07.12-19.09.38:823][  0]LogD3D11RHI: GPU Timing Frequency: 1000.000000 (Debug: 2 2)
[2023.07.12-19.09.38:839][  0]LogRHI: GeForceNow SDK initialized: 1
[2023.07.12-19.09.39:025][  0]LogTargetPlatformManager: Display: Loaded TargetPlatform 'AllDesktop'
[2023.07.12-19.09.39:038][  0]LogTargetPlatformManager: Display: Loaded TargetPlatform 'Android'
[2023.07.12-19.09.39:038][  0]LogTargetPlatformManager: Display: Loaded TargetPlatform 'Android_ASTC'
[2023.07.12-19.09.39:038][  0]LogTargetPlatformManager: Display: Loaded TargetPlatform 'Android_DXT'
[2023.07.12-19.09.39:038][  0]LogTargetPlatformManager: Display: Loaded TargetPlatform 'Android_ETC2'
[2023.07.12-19.09.39:038][  0]LogTargetPlatformManager: Display: Loaded TargetPlatform 'AndroidClient'
[2023.07.12-19.09.39:038][  0]LogTargetPlatformManager: Display: Loaded TargetPlatform 'Android_ASTCClient'
[2023.07.12-19.09.39:038][  0]LogTargetPlatformManager: Display: Loaded TargetPlatform 'Android_DXTClient'
[2023.07.12-19.09.39:038][  0]LogTargetPlatformManager: Display: Loaded TargetPlatform 'Android_ETC2Client'
[2023.07.12-19.09.39:038][  0]LogTargetPlatformManager: Display: Loaded TargetPlatform 'Android_Multi'
[2023.07.12-19.09.39:038][  0]LogTargetPlatformManager: Display: Loaded TargetPlatform 'Android_MultiClient'
[2023.07.12-19.09.39:056][  0]LogTargetPlatformManager: Display: Loaded TargetPlatform 'IOSClient'
[2023.07.12-19.09.39:057][  0]LogTargetPlatformManager: Display: Loaded TargetPlatform 'IOS'
[2023.07.12-19.09.39:063][  0]LogTargetPlatformManager: Display: Loaded TargetPlatform 'Linux'
[2023.07.12-19.09.39:070][  0]LogTargetPlatformManager: Display: Loaded TargetPlatform 'LinuxNoEditor'
[2023.07.12-19.09.39:075][  0]LogTargetPlatformManager: Display: Loaded TargetPlatform 'LinuxClient'
[2023.07.12-19.09.39:080][  0]LogTargetPlatformManager: Display: Loaded TargetPlatform 'LinuxServer'
[2023.07.12-19.09.39:087][  0]LogTargetPlatformManager: Display: Loaded TargetPlatform 'LinuxAArch64NoEditor'
[2023.07.12-19.09.39:094][  0]LogTargetPlatformManager: Display: Loaded TargetPlatform 'LinuxAArch64Client'
[2023.07.12-19.09.39:099][  0]LogTargetPlatformManager: Display: Loaded TargetPlatform 'LinuxAArch64Server'
[2023.07.12-19.09.39:111][  0]LogTargetPlatformManager: Display: Loaded TargetPlatform 'Lumin'
[2023.07.12-19.09.39:111][  0]LogTargetPlatformManager: Display: Loaded TargetPlatform 'LuminClient'
[2023.07.12-19.09.39:120][  0]LogTargetPlatformManager: Display: Loaded TargetPlatform 'MacNoEditor'
[2023.07.12-19.09.39:125][  0]LogTargetPlatformManager: Display: Loaded TargetPlatform 'Mac'
[2023.07.12-19.09.39:131][  0]LogTargetPlatformManager: Display: Loaded TargetPlatform 'MacClient'
[2023.07.12-19.09.39:136][  0]LogTargetPlatformManager: Display: Loaded TargetPlatform 'MacServer'
[2023.07.12-19.09.39:143][  0]LogTargetPlatformManager: Display: Loaded TargetPlatform 'TVOSClient'
[2023.07.12-19.09.39:143][  0]LogTargetPlatformManager: Display: Loaded TargetPlatform 'TVOS'
[2023.07.12-19.09.39:151][  0]LogTargetPlatformManager: Display: Loaded TargetPlatform 'WindowsNoEditor'
[2023.07.12-19.09.39:157][  0]LogTargetPlatformManager: Display: Loaded TargetPlatform 'Windows'
[2023.07.12-19.09.39:162][  0]LogTargetPlatformManager: Display: Loaded TargetPlatform 'WindowsClient'
[2023.07.12-19.09.39:168][  0]LogTargetPlatformManager: Display: Loaded TargetPlatform 'WindowsServer'
[2023.07.12-19.09.39:168][  0]LogTargetPlatformManager: Display: Building Assets For Windows
[2023.07.12-19.09.39:181][  0]LogAudioDebug: Display: Lib vorbis DLL was dynamically loaded.
[2023.07.12-19.09.39:223][  0]LogTextureFormatOodle: Display: Oodle Texture 2.9.0 init RDO Off
[2023.07.12-19.09.39:277][  0]LogRendererCore: Ray tracing is disabled. Reason: r.RayTracing=0.
[2023.07.12-19.09.39:277][  0]LogShaderCompilers: Guid format shader working directory is -23 characters bigger than the processId version (../../../../../../../VperData/GitHub/ActionRoguelike/ActionRoguelike/Intermediate/Shaders/WorkingDirectory/13416/).
[2023.07.12-19.09.39:277][  0]LogShaderCompilers: Cleaned the shader compiler working directory 'C:/Users/virtu/AppData/Local/Temp/UnrealShaderWorkingDir/C6B40FDE4A75D3B181FB9491E6223D11/'.
[2023.07.12-19.09.39:277][  0]LogXGEController: Cannot use XGE Controller as Incredibuild is not installed on this machine.
[2023.07.12-19.09.39:277][  0]LogShaderCompilers: Cannot use XGE Shader Compiler as Incredibuild is not installed on this machine.
[2023.07.12-19.09.39:277][  0]LogShaderCompilers: Display: Using Local Shader Compiler.
[2023.07.12-19.09.39:720][  0]LogDerivedDataCache: Display: Max Cache Size: 512 MB
[2023.07.12-19.09.39:758][  0]LogDerivedDataCache: Loaded boot cache 0.04s 94MB C:/Users/virtu/AppData/Local/UnrealEngine/4.27/DerivedDataCache/Boot.ddc.
[2023.07.12-19.09.39:758][  0]LogDerivedDataCache: Display: Loaded Boot cache: C:/Users/virtu/AppData/Local/UnrealEngine/4.27/DerivedDataCache/Boot.ddc
[2023.07.12-19.09.39:758][  0]LogDerivedDataCache: FDerivedDataBackendGraph:  Pak pak cache file ../../../../../../../VperData/GitHub/ActionRoguelike/ActionRoguelike/DerivedDataCache/DDC.ddp not found, will not use a pak cache.
[2023.07.12-19.09.39:758][  0]LogDerivedDataCache: Unable to find inner node Pak for hierarchical cache Hierarchy.
[2023.07.12-19.09.39:758][  0]LogDerivedDataCache: FDerivedDataBackendGraph:  CompressedPak pak cache file ../../../../../../../VperData/GitHub/ActionRoguelike/ActionRoguelike/DerivedDataCache/Compressed.ddp not found, will not use a pak cache.
[2023.07.12-19.09.39:758][  0]LogDerivedDataCache: Unable to find inner node CompressedPak for hierarchical cache Hierarchy.
[2023.07.12-19.09.39:769][  0]LogDerivedDataCache: Display: Pak cache opened for reading ../../../Engine/DerivedDataCache/Compressed.ddp.
[2023.07.12-19.09.39:769][  0]LogDerivedDataCache: FDerivedDataBackendGraph:  EnterprisePak pak cache file ../../../Enterprise/DerivedDataCache/Compressed.ddp not found, will not use a pak cache.
[2023.07.12-19.09.39:769][  0]LogDerivedDataCache: Unable to find inner node EnterprisePak for hierarchical cache Hierarchy.
[2023.07.12-19.09.39:772][  0]LogDerivedDataCache: Speed tests for C:/Users/virtu/AppData/Local/UnrealEngine/Common/DerivedDataCache took 0.00 seconds
[2023.07.12-19.09.39:772][  0]LogDerivedDataCache: Display: Performance to C:/Users/virtu/AppData/Local/UnrealEngine/Common/DerivedDataCache: Latency=0.01ms. RandomReadSpeed=2195.25MBs, RandomWriteSpeed=385.99MBs. Assigned SpeedClass 'Local'
[2023.07.12-19.09.39:774][  0]LogDerivedDataCache: Using Local data cache path C:/Users/virtu/AppData/Local/UnrealEngine/Common/DerivedDataCache: Writable
[2023.07.12-19.09.39:775][  0]LogDerivedDataCache: Shared data cache path not found in *engine.ini, will not use an Shared cache.
[2023.07.12-19.09.39:775][  0]LogDerivedDataCache: Unable to find inner node Shared for hierarchical cache Hierarchy.
[2023.07.12-19.09.39:799][  0]LogSlate: Using FreeType 2.10.0
[2023.07.12-19.09.39:799][  0]LogSlate: SlateFontServices - WITH_FREETYPE: 1, WITH_HARFBUZZ: 1
[2023.07.12-19.09.39:819][  0]LogAssetRegistry: FAssetRegistry took 0.0026 seconds to start up
[2023.07.12-19.09.39:945][  0]LogInit: Selected Device Profile: [Windows]
[2023.07.12-19.09.39:945][  0]LogInit: Active device profile: [000001D9BCAF6D00][000001D9B3EFD040 49] Windows
[2023.07.12-19.09.39:945][  0]LogInit: Profiles: [000001D9BCAF6D00][000001D9B3EFD040 49] Windows, [000001D9BCA99500][000001D9AFDE51C0 49] WindowsNoEditor, [000001D9BCAF6300][000001D9AFDE9340 49] WindowsServer, [000001D9BCA99E00][000001D9BB5574C0 49] WindowsClient, [000001D9BCAF4C00][000001D9BB55B640 49] IOS, [000001D9BCA9B600][000001D9BB55F7C0 49] iPadAir, [000001D9BCAF4800][000001D9BB563940 49] iPadAir2, [000001D9BCA41000][000001D9BB56BC00 49] IPadPro, [000001D9BCA41100][000001D9BB5660C0 49] iPadAir3, [000001D9BCA98200][000001D9BB56E240 49] iPadAir4, [000001D9BCA41E00][000001D9BB5723C0 49] iPadMini2, [000001D9BCA9B700][000001D9BB576540 49] iPadMini3, [000001D9BCA42900][000001D9BB57A6C0 49] iPadMini4, [000001D9BCA9A700][000001D9BB57E840 49] iPadMini5, [000001D9BCA80800][000001D9BB582A80 49] iPhone6, [000001D9BCA80900][000001D9B3F00AC0 49] iPodTouch6, [000001D9BCAF7200][000001D9BB58AD00 49] iPhone7, [000001D9BCAF4300][000001D9BB586D40 49] iPodTouch7, [000001D9BCA80300][000001D9BB592EC0 49] iPhone5S, [000001D9BCA41C00][000001D9BB597040 49] iPhone6Plus, [000001D9BCA83900][000001D9BB59B1C0 49] iPhone6S, [000001D9BCA41300][000001D9BB59F340 49] iPhone6SPlus, [000001D9BCA83200][000001D9BB5A34C0 49] iPhone7Plus, [000001D9BCA42A00][000001D9BB5A7640 49] iPhoneSE, [000001D9BCA81D00][000001D9BB5AB7C0 49] iPhone8, [000001D9BCA41900][000001D9BC813940 49] iPhone8Plus, [000001D9BCA81900][000001D9BC817AC0 49] iPhoneX, [000001D9BCA42600][000001D9BC81A0C0 49] iPhoneXS, [000001D9BCAF4700][000001D9BC81E240 49] iPhoneXSMax, [000001D9BCA42000][000001D9BC8223C0 49] iPhoneXR, [000001D9BCAF7B00][000001D9BC826540 49] iPhone11, [000001D9BCA41400][000001D9BC82A6C0 49] iPhone11Pro, [000001D9BCAF4600][000001D9BC82E840 49] iPhone11ProMax, [000001D9BCA40C00][000001D9BC8329C0 49] iPhoneSE2, [000001D9BCAF7000][000001D9BC836B40 49] iPhone12Mini, [000001D9BCA43800][000001D9BB58EC80 49] iPhone12, [000001D9BCAF6100][000001D9BC83ADC0 49] iPhone12Pro, [000001D9BCA43E00][000001D9BC83EF00 49] iPhone12ProMax, [000001D9BCAF6A00][000001D9BC847080 49] iPadPro105, [000001D9BCA42800][000001D9BC84B200 49] iPadPro129, [000001D9BCAF6F00][000001D9BC84F380 49] iPadPro97, [000001D9BCA42B00][000001D9BC853500 49] iPadPro2_129, [000001D9BCAF5A00][000001D9BC857680 49] iPad5, [000001D9BCA41200][000001D9BC85B800 49] iPad6, [000001D9BCAF4200][000001D9BC85F980 49] iPad7, [000001D9BCA42E00][000001D9BC863B00 49] iPad8, [000001D9BCAF4A00][000001D9BC866100 49] iPadPro11, [000001D9BCA42400][000001D9BC86A280 49] iPadPro2_11, [000001D9BCAF5B00][000001D9BC86E400 49] iPadPro3_129, [000001D9BCA42F00][000001D9BC872580 49] iPadPro4_129, [000001D9BCAF6600][000001D9BC876700 49] AppleTV, [000001D9BCA43100][000001D9BC87A880 49] AppleTV4K, [000001D9BCAF5700][000001D9BC87EA00 49] TVOS, [000001D9BCA43900][000001D9BC882B80 49] Mac, [000001D9BCAF6800][000001D9BC886D00 49] MacClient, [000001D9BCA40800][000001D9BC842E40 49] MacNoEditor, [000001D9BCAF5200][000001D9BC88AF80 49] MacServer, [000001D9BCA43700][000001D9BC88F0C0 49] Linux, [000001D9BCAF5400][000001D9BC897240 49] LinuxAArch64, [000001D9BCA43D00][000001D9BC89B3C0 49] LinuxNoEditor, [000001D9BCAF4100][000001D9BC89F540 49] LinuxAArch64NoEditor, [000001D9BCA42500][000001D9BC8A36C0 49] LinuxClient, [000001D9BCAF7500][000001D9BC8A7840 49] LinuxAArch64Client, [000001D9BCA41A00][000001D9BC8AB9C0 49] LinuxServer, [000001D9BCAF5300][000001D9BC8AFB40 49] LinuxAArch64Server, [000001D9BCA43400][000001D9BC8B2140 49] Android, [000001D9BCAF7300][000001D9BC8B62C0 49] Android_Low, [000001D9BCA42D00][000001D9BC8BA440 49] Android_Mid, [000001D9BCAF5D00][000001D9BC8BE5C0 49] Android_High, [000001D9BCA40E00][000001D9BC8C2740 49] Android_Default, [000001D9BCAF6700][000001D9BC8C68C0 49] Android_Adreno4xx, [000001D9BCA99600][000001D9BC8CAA40 49] Android_Adreno5xx_Low, [000001D9BCA83800][000001D9BC8CEBC0 49] Android_Adreno5xx, [000001D9BCA9BE00][000001D9BC8D2D40 49] Android_Adreno6xx, [000001D9BCA82400][000001D9BC8D6EC0 49] Android_Adreno6xx_Vulkan, [000001D9BCA9AB00][000001D9BC893000 49] Android_Mali_T6xx, [000001D9BCA83400][000001D9BC8DB140 49] Android_Mali_T7xx, [000001D9BCA9B000][000001D9BC8DF280 49] Android_Mali_T8xx, [000001D9BCA82D00][000001D9BC8FB3C0 49] Android_Mali_G71, [000001D9BCA9B100][000001D9BC937540 49] Android_Mali_G72, [000001D9BCA80D00][000001D9BC93B6C0 49] Android_Mali_G72_Vulkan, [000001D9BCA9AD00][000001D9BC96B840 49] Android_Mali_G76, [000001D9BCA80E00][000001D9BC96F9C0 49] Android_Mali_G76_Vulkan, [000001D9BCA9A300][000001D9BC9AFB40 49] Android_Mali_G77, [000001D9BCA83C00][000001D9BC9B2140 49] Android_Mali_G77_Vulkan, [000001D9BCA9AE00][000001D9BC9B62C0 49] Android_Mali_G78, [000001D9BCA81A00][000001D9BC9BA440 49] Android_Mali_G78_Vulkan, [000001D9BCA9AF00][000001D9BDA1C5C0 49] Android_Mali_G710, [000001D9BCA82E00][000001D9BDA20740 49] Android_Mali_G710_Vulkan, [000001D9BCA9BA00][000001D9BDAA88C0 49] Android_Vulkan_SM5, [000001D9BCA82900][000001D9BDAACA40 49] Android_PowerVR_G6xxx, [000001D9BCA99C00][000001D9BDB36BC0 49] Android_PowerVR_GT7xxx, [000001D9BCA81600][000001D9B44D2D40 49] Android_PowerVR_GE8xxx, [000001D9BCA99800][000001D9B44DEEC0 49] Android_PowerVR_GM9xxx, [000001D9BCA81F00][000001D9B44E3040 49] Android_PowerVR_GM9xxx_Vulkan, [000001D9BCA99A00][000001D9BC933180 49] Android_TegraK1, [000001D9BCA82F00][000001D9B45372C0 49] Android_Unknown_Vulkan, [000001D9BCA99400][000001D9B453B400 49] Lumin, [000001D9BCA81400][000001D9B453F540 49] Lumin_Desktop, [000001D9BCA98500][000001D9B45476C0 49] HoloLens, 
[2023.07.12-19.09.40:004][  0]LogMeshReduction: Using QuadricMeshReduction for automatic static mesh reduction
[2023.07.12-19.09.40:004][  0]LogMeshReduction: Using SimplygonMeshReduction for automatic skeletal mesh reduction
[2023.07.12-19.09.40:004][  0]LogMeshReduction: Using ProxyLODMeshReduction for automatic mesh merging
[2023.07.12-19.09.40:004][  0]LogMeshReduction: No distributed automatic mesh merging module available
[2023.07.12-19.09.40:004][  0]LogMeshMerging: No distributed automatic mesh merging module available
[2023.07.12-19.09.40:059][  0]LogNetVersion: ActionRoguelike 1.0.0, NetCL: 17155196, EngineNetVer: 17, GameNetVer: 0 (Checksum: 1099936942)
[2023.07.12-19.09.40:262][  0]LogTexture: Default maximum texture size for cubemaps generated from long-lat sources has been changed from 512 to unlimited. In order to preserve old behaiour for '/Engine/MapTemplates/Sky/DaylightAmbientCubemap.DaylightAmbientCubemap', its maximum texture size has been explicitly set to 512.
[2023.07.12-19.09.40:294][  0]LogHMD: PokeAHoleMaterial loaded successfully
[2023.07.12-19.09.40:298][  0]LogUObjectArray: 17178 objects as part of root set at end of initial load.
[2023.07.12-19.09.40:298][  0]LogUObjectAllocator: 4302048 out of 0 bytes used by permanent object pool.
[2023.07.12-19.09.40:298][  0]LogUObjectArray: CloseDisregardForGC: 0/0 objects in disregard for GC pool
[2023.07.12-19.09.40:642][  0]LogNiagaraDebuggerClient: Niagara Debugger Client Initialized | Session: 8F1A03DE4E26AD1B6A63D59FA8908943 | Instance: 1D19A38A47EB4115ACD30CB2EAF57620 (VPER-13416).
[2023.07.12-19.09.40:708][  0]LogPython: Using Python 3.7.7
[2023.07.12-19.09.40:980][  0]LogUdpMessaging: Initializing bridge on interface 0.0.0.0:0 to multicast group 230.0.0.1:6666.
[2023.07.12-19.09.40:988][  0]LogTcpMessaging: Initializing TcpMessaging bridge
[2023.07.12-19.09.41:535][  0]SourceControl: Source control is disabled
[2023.07.12-19.09.41:535][  0]SourceControl: Source control is disabled
[2023.07.12-19.09.41:542][  0]SourceControl: Source control is disabled
[2023.07.12-19.09.41:558][  0]SourceControl: Source control is disabled
[2023.07.12-19.09.41:568][  0]SourceControl: Source control is disabled
[2023.07.12-19.09.41:578][  0]LogUProjectInfo: Found projects:
[2023.07.12-19.09.41:683][  0]LogOpenImageDenoise: OIDN starting up
[2023.07.12-19.09.41:727][  0]LogAndroidPermission: UAndroidPermissionCallbackProxy::GetInstance
[2023.07.12-19.09.41:742][  0]LogAudioCaptureCore: Display: No Audio Capture implementations found. Audio input will be silent.
[2023.07.12-19.09.41:742][  0]LogAudioCaptureCore: Display: No Audio Capture implementations found. Audio input will be silent.
[2023.07.12-19.09.41:883][  0]LogCollectionManager: Loaded 0 collections in 0.001420 seconds
[2023.07.12-19.09.41:914][  0]LogFileCache: Scanning file cache for directory 'C:/VperData/GitHub/ActionRoguelike/ActionRoguelike/Saved/Collections/' took 0.00s
[2023.07.12-19.09.41:914][  0]LogFileCache: Scanning file cache for directory 'C:/VperData/GitHub/ActionRoguelike/ActionRoguelike/Content/Developers/virtu/Collections/' took 0.00s
[2023.07.12-19.09.41:914][  0]LogFileCache: Scanning file cache for directory 'C:/VperData/GitHub/ActionRoguelike/ActionRoguelike/Content/Collections/' took 0.00s
[2023.07.12-19.09.41:914][  0]LogOcInput: OculusInput pre-init called
[2023.07.12-19.09.42:087][  0]LogEngine: Initializing Engine...
[2023.07.12-19.09.42:089][  0]LogHMD: Failed to enumerate extensions. Please check that you have a valid OpenXR runtime installed.
[2023.07.12-19.09.42:089][  0]LogHMD: Failed to initialize OpenVR with code 110
[2023.07.12-19.09.42:089][  0]LogMagicLeap: Warning: VR disabled because ZI is not enabled.  To enable, in the editor, Edit -> Project Settings -> Plugins -> Magic Leap Plugin -> Enable Zero Iteration
[2023.07.12-19.09.42:090][  0]LogStats: UGameplayTagsManager::InitializeManager -  0.000 s
[2023.07.12-19.09.42:152][  0]LogInit: Initializing FReadOnlyCVARCache
[2023.07.12-19.09.42:163][  0]LogAIModule: Creating AISystem for world Untitled
[2023.07.12-19.09.42:170][  0]LogAudio: Display: Initializing Audio Device Manager...
[2023.07.12-19.09.42:175][  0]LogAudio: Display: Loading Default Audio Settings Objects...
[2023.07.12-19.09.42:176][  0]LogAudio: Display: No default SoundConcurrencyObject specified (or failed to load).
[2023.07.12-19.09.42:176][  0]LogAudio: Display: Audio Device Manager Initialized
[2023.07.12-19.09.42:176][  0]LogAudio: Display: Creating Audio Device:                 Id: 1, Scope: Shared, Realtime: True
[2023.07.12-19.09.42:176][  0]LogAudioMixer: Display: Audio Mixer Platform Settings:
[2023.07.12-19.09.42:176][  0]LogAudioMixer: Display: 	Sample Rate:						  48000
[2023.07.12-19.09.42:176][  0]LogAudioMixer: Display: 	Callback Buffer Frame Size Requested: 1024
[2023.07.12-19.09.42:176][  0]LogAudioMixer: Display: 	Callback Buffer Frame Size To Use:	  1024
[2023.07.12-19.09.42:176][  0]LogAudioMixer: Display: 	Number of buffers to queue:			  2
[2023.07.12-19.09.42:176][  0]LogAudioMixer: Display: 	Max Channels (voices):				  32
[2023.07.12-19.09.42:176][  0]LogAudioMixer: Display: 	Number of Async Source Workers:		  0
[2023.07.12-19.09.42:176][  0]LogAudio: Display: AudioDevice MaxSources: 32
[2023.07.12-19.09.42:177][  0]LogAudio: Display: Audio Spatialization Plugin: None (built-in).
[2023.07.12-19.09.42:177][  0]LogAudio: Display: Audio Reverb Plugin: None (built-in).
[2023.07.12-19.09.42:177][  0]LogAudio: Display: Audio Occlusion Plugin: None (built-in).
[2023.07.12-19.09.42:177][  0]LogAudioMixer: Display: Initializing audio mixer.
[2023.07.12-19.09.42:184][  0]LogAudioMixer: Display: 0: FrontLeft
[2023.07.12-19.09.42:184][  0]LogAudioMixer: Display: 1: FrontRight
[2023.07.12-19.09.42:197][  0]LogAudioMixer: Display: Using Audio Device Realtek HD Audio 2nd output (Realtek(R) Audio)
[2023.07.12-19.09.42:198][  0]LogAudioMixer: Display: Initializing Sound Submixes...
[2023.07.12-19.09.42:199][  0]LogAudioMixer: Display: Creating Master Submix 'MasterSubmixDefault'
[2023.07.12-19.09.42:199][  0]LogAudioMixer: Display: Creating Master Submix 'MasterReverbSubmixDefault'
[2023.07.12-19.09.42:200][  0]LogAudioMixer: Display: Creating Master Submix 'MasterEQSubmixDefault'
[2023.07.12-19.09.42:200][  0]LogAudioMixer: FMixerPlatformXAudio2::StartAudioStream() called
[2023.07.12-19.09.42:200][  0]LogAudioMixer: Display: Output buffers initialized: Frames=1024, Channels=2, Samples=2048
[2023.07.12-19.09.42:201][  0]LogAudioMixer: Display: Starting AudioMixerPlatformInterface::RunInternal()
[2023.07.12-19.09.42:201][  0]LogAudioMixer: Display: FMixerPlatformXAudio2::SubmitBuffer() called for the first time
[2023.07.12-19.09.42:201][  0]LogInit: FAudioDevice initialized.
[2023.07.12-19.09.42:201][  0]LogAudio: Display: Audio Device (ID: 1) registered with world 'Untitled'.
[2023.07.12-19.09.42:201][  0]LogNetVersion: Set ProjectVersion to 1.0.0.0. Version Checksum will be recalculated on next use.
[2023.07.12-19.09.42:234][  0]LogDerivedDataCache: Saved boot cache 0.03s 94MB C:/Users/virtu/AppData/Local/UnrealEngine/4.27/DerivedDataCache/Boot.ddc.
[2023.07.12-19.09.42:234][  0]LogInit: Texture streaming: Enabled
[2023.07.12-19.09.42:249][  0]LogAnalytics: Display: [UEEditor.Rocket.Release] APIServer = https://datarouter.ol.epicgames.com/. AppVersion = 4.27.2-18319896+++UE4+Release-4.27
[2023.07.12-19.09.42:257][  0]LogEngineSessionManager: EngineSessionManager initialized
[2023.07.12-19.09.42:257][  0]LogEngineSessionManager: EngineSessionManager sent abnormal shutdown report. Type=Debugger, SessionId={D1EDE66F-4EA3-E370-A049-3DBDC1E7565A}
[2023.07.12-19.09.42:257][  0]LogEditorSessionSummary: Verbose: Initializing EditorSessionSummaryWriter for editor session tracking
[2023.07.12-19.09.42:258][  0]LogEditorSessionSummary: EditorSessionSummaryWriter initialized
[2023.07.12-19.09.42:279][  0]LogInit: Transaction tracking system initialized
[2023.07.12-19.09.42:319][  0]BlueprintLog: New page: Editor Load
[2023.07.12-19.09.42:415][  0]LocalizationService: Localization service is disabled
[2023.07.12-19.09.42:460][  0]TimingProfiler: Initialize
[2023.07.12-19.09.42:460][  0]TimingProfiler: OnSessionChanged
[2023.07.12-19.09.42:460][  0]LoadingProfiler: Initialize
[2023.07.12-19.09.42:460][  0]LoadingProfiler: OnSessionChanged
[2023.07.12-19.09.42:460][  0]NetworkingProfiler: Initialize
[2023.07.12-19.09.42:461][  0]NetworkingProfiler: OnSessionChanged
[2023.07.12-19.09.42:461][  0]MemoryProfiler: Initialize
[2023.07.12-19.09.42:461][  0]MemoryProfiler: OnSessionChanged
[2023.07.12-19.09.42:763][  0]LogCook: Display: CookSettings for Memory: MemoryMaxUsedVirtual 0MiB, MemoryMaxUsedPhysical 16384MiB, MemoryMinFreeVirtual 0MiB, MemoryMinFreePhysical 1024MiB
[2023.07.12-19.09.42:763][  0]LogCook: Display: Mobile HDR setting 1
[2023.07.12-19.09.43:001][  0]LogFileCache: Scanning file cache for directory 'C:/VperData/GitHub/ActionRoguelike/ActionRoguelike/Content/' took 0.01s
[2023.07.12-19.09.43:116][  0]LogInit: Display: Engine is initialized. Leaving FEngineLoop::Init()
[2023.07.12-19.09.43:117][  0]SourceControl: Source control is disabled
[2023.07.12-19.09.43:118][  0]LogUnrealEdMisc: Loading editor; pre map load, took 5.624
[2023.07.12-19.09.43:118][  0]Cmd: MAP LOAD FILE="../../../../../../../VperData/GitHub/ActionRoguelike/ActionRoguelike/Content/ActionRoguelike/Maps/TestLevel.umap" TEMPLATE=0 SHOWPROGRESS=1 FEATURELEVEL=3
[2023.07.12-19.09.43:118][  0]LightingResults: New page: Lighting Build
[2023.07.12-19.09.43:119][  0]LogWorld: UWorld::CleanupWorld for Untitled, bSessionEnded=true, bCleanupResources=true
[2023.07.12-19.09.43:119][  0]LogSlate: InvalidateAllWidgets triggered.  All widgets were invalidated
[2023.07.12-19.09.43:119][  0]MapCheck: New page: Map Check
[2023.07.12-19.09.43:119][  0]LightingResults: New page: Lighting Build
[2023.07.12-19.09.43:122][  0]LogAudio: Display: Audio Device unregistered from world 'None'.
[2023.07.12-19.09.43:124][  0]LogUObjectHash: Compacting FUObjectHashTables data took   0.43ms
[2023.07.12-19.09.43:289][  0]LogSkeletalMesh: Display: [AssetLog] C:\VperData\GitHub\ActionRoguelike\ActionRoguelike\Content\ParagonGideon\Characters\Heroes\Gideon\Meshes\Gideon.uasset: Find and fix some bad tangent! please re-import this skeletal mesh asset to fix the issue. The shading of the skeletal mesh will be bad and faceted.
[2023.07.12-19.09.43:361][  0]LogAudio: Display: Audio Device (ID: 1) registered with world 'TestLevel'.
[2023.07.12-19.09.43:362][  0]LogAIModule: Creating AISystem for world TestLevel
[2023.07.12-19.09.43:367][  0]LogEditorServer: Finished looking for orphan Actors (0.000 secs)
[2023.07.12-19.09.43:372][  0]LogUObjectHash: Compacting FUObjectHashTables data took   0.49ms
[2023.07.12-19.09.43:372][  0]Cmd: MAP CHECKDEP NOCLEARLOG
[2023.07.12-19.09.43:372][  0]MapCheck: Map check complete: 0 Error(s), 0 Warning(s), took 0.104ms to complete.
[2023.07.12-19.09.43:372][  0]LogFileHelpers: Loading map 'TestLevel' took 0.255
[2023.07.12-19.09.43:374][  0]LogUnrealEdMisc: Total Editor Startup Time, took 5.881
[2023.07.12-19.09.43:492][  0]LogSlate: Updating window title bar state: overlay mode, drag disabled, window buttons hidden, title bar hidden
[2023.07.12-19.09.43:495][  0]LogSlate: Updating window title bar state: overlay mode, drag disabled, window buttons hidden, title bar hidden
[2023.07.12-19.09.43:498][  0]LogSlate: Updating window title bar state: overlay mode, drag disabled, window buttons hidden, title bar hidden
[2023.07.12-19.09.43:502][  0]LogSlate: Updating window title bar state: overlay mode, drag disabled, window buttons hidden, title bar hidden
[2023.07.12-19.09.43:509][  0]LogNativeClassHierarchy: Verbose: Native class hierarchy populated in 0.0053 seconds. Added 3840 classes and 932 folders.
[2023.07.12-19.09.43:512][  0]LogNativeClassHierarchy: Verbose: Native class hierarchy updated for 'WidgetCarousel' in 0.0001 seconds. Added 0 classes and 0 folders.
[2023.07.12-19.09.43:512][  0]LogPakFile: PakFile PrimaryIndexSize=187
[2023.07.12-19.09.43:512][  0]LogPakFile: PakFile PathHashIndexSize=101
[2023.07.12-19.09.43:512][  0]LogPakFile: PakFile FullDirectoryIndexSize=148
[2023.07.12-19.09.43:512][  0]LogShaderLibrary: Display: ShaderCodeLibraryPakFileMountedCallback: PakFile 'C:/Program Files (x86)/Vper/UE/UE_4.27/FeaturePacks/FP_FirstPerson.upack' (chunk index -1, root 'root:/') mounted
[2023.07.12-19.09.43:513][  0]LogShaderLibrary: Display: ShaderCodeLibraryPakFileMountedCallback: pending pak file info (ChunkID:-1 Root:root:/ File:C:/Program Files (x86)/Vper/UE/UE_4.27/FeaturePacks/FP_FirstPerson.upack)
[2023.07.12-19.09.43:513][  0]LogPakFile: OnPakFileMounted2Time == 0.000122
[2023.07.12-19.09.43:513][  0]LogPakFile: PakFile PrimaryIndexSize=189
[2023.07.12-19.09.43:513][  0]LogPakFile: PakFile PathHashIndexSize=101
[2023.07.12-19.09.43:513][  0]LogPakFile: PakFile FullDirectoryIndexSize=152
[2023.07.12-19.09.43:513][  0]LogShaderLibrary: Display: ShaderCodeLibraryPakFileMountedCallback: PakFile 'C:/Program Files (x86)/Vper/UE/UE_4.27/FeaturePacks/FP_FirstPersonBP.upack' (chunk index -1, root 'root:/') mounted
[2023.07.12-19.09.43:513][  0]LogShaderLibrary: Display: ShaderCodeLibraryPakFileMountedCallback: pending pak file info (ChunkID:-1 Root:root:/ File:C:/Program Files (x86)/Vper/UE/UE_4.27/FeaturePacks/FP_FirstPersonBP.upack)
[2023.07.12-19.09.43:513][  0]LogPakFile: OnPakFileMounted2Time == 0.000086
[2023.07.12-19.09.43:513][  0]LogPakFile: PakFile PrimaryIndexSize=191
[2023.07.12-19.09.43:514][  0]LogPakFile: PakFile PathHashIndexSize=101
[2023.07.12-19.09.43:514][  0]LogPakFile: PakFile FullDirectoryIndexSize=160
[2023.07.12-19.09.43:514][  0]LogShaderLibrary: Display: ShaderCodeLibraryPakFileMountedCallback: PakFile 'C:/Program Files (x86)/Vper/UE/UE_4.27/FeaturePacks/MobileStarterContent.upack' (chunk index -1, root 'root:/') mounted
[2023.07.12-19.09.43:514][  0]LogShaderLibrary: Display: ShaderCodeLibraryPakFileMountedCallback: pending pak file info (ChunkID:-1 Root:root:/ File:C:/Program Files (x86)/Vper/UE/UE_4.27/FeaturePacks/MobileStarterContent.upack)
[2023.07.12-19.09.43:514][  0]LogPakFile: OnPakFileMounted2Time == 0.000085
[2023.07.12-19.09.43:514][  0]LogPakFile: PakFile PrimaryIndexSize=185
[2023.07.12-19.09.43:514][  0]LogPakFile: PakFile PathHashIndexSize=101
[2023.07.12-19.09.43:514][  0]LogPakFile: PakFile FullDirectoryIndexSize=148
[2023.07.12-19.09.43:514][  0]LogShaderLibrary: Display: ShaderCodeLibraryPakFileMountedCallback: PakFile 'C:/Program Files (x86)/Vper/UE/UE_4.27/FeaturePacks/StarterContent.upack' (chunk index -1, root 'root:/') mounted
[2023.07.12-19.09.43:514][  0]LogShaderLibrary: Display: ShaderCodeLibraryPakFileMountedCallback: pending pak file info (ChunkID:-1 Root:root:/ File:C:/Program Files (x86)/Vper/UE/UE_4.27/FeaturePacks/StarterContent.upack)
[2023.07.12-19.09.43:514][  0]LogPakFile: OnPakFileMounted2Time == 0.000088
[2023.07.12-19.09.43:515][  0]LogPakFile: PakFile PrimaryIndexSize=190
[2023.07.12-19.09.43:515][  0]LogPakFile: PakFile PathHashIndexSize=101
[2023.07.12-19.09.43:515][  0]LogPakFile: PakFile FullDirectoryIndexSize=154
[2023.07.12-19.09.43:515][  0]LogShaderLibrary: Display: ShaderCodeLibraryPakFileMountedCallback: PakFile 'C:/Program Files (x86)/Vper/UE/UE_4.27/FeaturePacks/TP_2DSideScroller.upack' (chunk index -1, root 'root:/') mounted
[2023.07.12-19.09.43:515][  0]LogShaderLibrary: Display: ShaderCodeLibraryPakFileMountedCallback: pending pak file info (ChunkID:-1 Root:root:/ File:C:/Program Files (x86)/Vper/UE/UE_4.27/FeaturePacks/TP_2DSideScroller.upack)
[2023.07.12-19.09.43:515][  0]LogPakFile: OnPakFileMounted2Time == 0.000083
[2023.07.12-19.09.43:515][  0]LogPakFile: PakFile PrimaryIndexSize=192
[2023.07.12-19.09.43:515][  0]LogPakFile: PakFile PathHashIndexSize=101
[2023.07.12-19.09.43:515][  0]LogPakFile: PakFile FullDirectoryIndexSize=158
[2023.07.12-19.09.43:515][  0]LogShaderLibrary: Display: ShaderCodeLibraryPakFileMountedCallback: PakFile 'C:/Program Files (x86)/Vper/UE/UE_4.27/FeaturePacks/TP_2DSideScrollerBP.upack' (chunk index -1, root 'root:/') mounted
[2023.07.12-19.09.43:515][  0]LogShaderLibrary: Display: ShaderCodeLibraryPakFileMountedCallback: pending pak file info (ChunkID:-1 Root:root:/ File:C:/Program Files (x86)/Vper/UE/UE_4.27/FeaturePacks/TP_2DSideScrollerBP.upack)
[2023.07.12-19.09.43:515][  0]LogPakFile: OnPakFileMounted2Time == 0.000079
[2023.07.12-19.09.43:516][  0]LogPakFile: PakFile PrimaryIndexSize=182
[2023.07.12-19.09.43:516][  0]LogPakFile: PakFile PathHashIndexSize=101
[2023.07.12-19.09.43:516][  0]LogPakFile: PakFile FullDirectoryIndexSize=138
[2023.07.12-19.09.43:516][  0]LogShaderLibrary: Display: ShaderCodeLibraryPakFileMountedCallback: PakFile 'C:/Program Files (x86)/Vper/UE/UE_4.27/FeaturePacks/TP_Flying.upack' (chunk index -1, root 'root:/') mounted
[2023.07.12-19.09.43:516][  0]LogShaderLibrary: Display: ShaderCodeLibraryPakFileMountedCallback: pending pak file info (ChunkID:-1 Root:root:/ File:C:/Program Files (x86)/Vper/UE/UE_4.27/FeaturePacks/TP_Flying.upack)
[2023.07.12-19.09.43:516][  0]LogPakFile: OnPakFileMounted2Time == 0.000122
[2023.07.12-19.09.43:516][  0]LogPakFile: PakFile PrimaryIndexSize=184
[2023.07.12-19.09.43:516][  0]LogPakFile: PakFile PathHashIndexSize=101
[2023.07.12-19.09.43:516][  0]LogPakFile: PakFile FullDirectoryIndexSize=142
[2023.07.12-19.09.43:516][  0]LogShaderLibrary: Display: ShaderCodeLibraryPakFileMountedCallback: PakFile 'C:/Program Files (x86)/Vper/UE/UE_4.27/FeaturePacks/TP_FlyingBP.upack' (chunk index -1, root 'root:/') mounted
[2023.07.12-19.09.43:517][  0]LogShaderLibrary: Display: ShaderCodeLibraryPakFileMountedCallback: pending pak file info (ChunkID:-1 Root:root:/ File:C:/Program Files (x86)/Vper/UE/UE_4.27/FeaturePacks/TP_FlyingBP.upack)
[2023.07.12-19.09.43:517][  0]LogPakFile: OnPakFileMounted2Time == 0.000084
[2023.07.12-19.09.43:517][  0]LogPakFile: PakFile PrimaryIndexSize=188
[2023.07.12-19.09.43:517][  0]LogPakFile: PakFile PathHashIndexSize=101
[2023.07.12-19.09.43:517][  0]LogPakFile: PakFile FullDirectoryIndexSize=150
[2023.07.12-19.09.43:517][  0]LogShaderLibrary: Display: ShaderCodeLibraryPakFileMountedCallback: PakFile 'C:/Program Files (x86)/Vper/UE/UE_4.27/FeaturePacks/TP_HandheldARBP.upack' (chunk index -1, root 'root:/') mounted
[2023.07.12-19.09.43:517][  0]LogShaderLibrary: Display: ShaderCodeLibraryPakFileMountedCallback: pending pak file info (ChunkID:-1 Root:root:/ File:C:/Program Files (x86)/Vper/UE/UE_4.27/FeaturePacks/TP_HandheldARBP.upack)
[2023.07.12-19.09.43:517][  0]LogPakFile: OnPakFileMounted2Time == 0.000080
[2023.07.12-19.09.43:517][  0]LogPakFile: PakFile PrimaryIndexSize=182
[2023.07.12-19.09.43:517][  0]LogPakFile: PakFile PathHashIndexSize=101
[2023.07.12-19.09.43:518][  0]LogPakFile: PakFile FullDirectoryIndexSize=138
[2023.07.12-19.09.43:518][  0]LogShaderLibrary: Display: ShaderCodeLibraryPakFileMountedCallback: PakFile 'C:/Program Files (x86)/Vper/UE/UE_4.27/FeaturePacks/TP_Puzzle.upack' (chunk index -1, root 'root:/') mounted
[2023.07.12-19.09.43:518][  0]LogShaderLibrary: Display: ShaderCodeLibraryPakFileMountedCallback: pending pak file info (ChunkID:-1 Root:root:/ File:C:/Program Files (x86)/Vper/UE/UE_4.27/FeaturePacks/TP_Puzzle.upack)
[2023.07.12-19.09.43:518][  0]LogPakFile: OnPakFileMounted2Time == 0.000122
[2023.07.12-19.09.43:518][  0]LogPakFile: PakFile PrimaryIndexSize=184
[2023.07.12-19.09.43:518][  0]LogPakFile: PakFile PathHashIndexSize=101
[2023.07.12-19.09.43:518][  0]LogPakFile: PakFile FullDirectoryIndexSize=142
[2023.07.12-19.09.43:518][  0]LogShaderLibrary: Display: ShaderCodeLibraryPakFileMountedCallback: PakFile 'C:/Program Files (x86)/Vper/UE/UE_4.27/FeaturePacks/TP_PuzzleBP.upack' (chunk index -1, root 'root:/') mounted
[2023.07.12-19.09.43:518][  0]LogShaderLibrary: Display: ShaderCodeLibraryPakFileMountedCallback: pending pak file info (ChunkID:-1 Root:root:/ File:C:/Program Files (x86)/Vper/UE/UE_4.27/FeaturePacks/TP_PuzzleBP.upack)
[2023.07.12-19.09.43:518][  0]LogPakFile: OnPakFileMounted2Time == 0.000087
[2023.07.12-19.09.43:518][  0]LogPakFile: PakFile PrimaryIndexSize=183
[2023.07.12-19.09.43:518][  0]LogPakFile: PakFile PathHashIndexSize=101
[2023.07.12-19.09.43:519][  0]LogPakFile: PakFile FullDirectoryIndexSize=140
[2023.07.12-19.09.43:519][  0]LogShaderLibrary: Display: ShaderCodeLibraryPakFileMountedCallback: PakFile 'C:/Program Files (x86)/Vper/UE/UE_4.27/FeaturePacks/TP_Rolling.upack' (chunk index -1, root 'root:/') mounted
[2023.07.12-19.09.43:519][  0]LogShaderLibrary: Display: ShaderCodeLibraryPakFileMountedCallback: pending pak file info (ChunkID:-1 Root:root:/ File:C:/Program Files (x86)/Vper/UE/UE_4.27/FeaturePacks/TP_Rolling.upack)
[2023.07.12-19.09.43:519][  0]LogPakFile: OnPakFileMounted2Time == 0.000077
[2023.07.12-19.09.43:519][  0]LogPakFile: PakFile PrimaryIndexSize=185
[2023.07.12-19.09.43:519][  0]LogPakFile: PakFile PathHashIndexSize=101
[2023.07.12-19.09.43:519][  0]LogPakFile: PakFile FullDirectoryIndexSize=144
[2023.07.12-19.09.43:519][  0]LogShaderLibrary: Display: ShaderCodeLibraryPakFileMountedCallback: PakFile 'C:/Program Files (x86)/Vper/UE/UE_4.27/FeaturePacks/TP_RollingBP.upack' (chunk index -1, root 'root:/') mounted
[2023.07.12-19.09.43:519][  0]LogShaderLibrary: Display: ShaderCodeLibraryPakFileMountedCallback: pending pak file info (ChunkID:-1 Root:root:/ File:C:/Program Files (x86)/Vper/UE/UE_4.27/FeaturePacks/TP_RollingBP.upack)
[2023.07.12-19.09.43:519][  0]LogPakFile: OnPakFileMounted2Time == 0.000086
[2023.07.12-19.09.43:519][  0]LogPakFile: PakFile PrimaryIndexSize=188
[2023.07.12-19.09.43:519][  0]LogPakFile: PakFile PathHashIndexSize=101
[2023.07.12-19.09.43:519][  0]LogPakFile: PakFile FullDirectoryIndexSize=150
[2023.07.12-19.09.43:519][  0]LogShaderLibrary: Display: ShaderCodeLibraryPakFileMountedCallback: PakFile 'C:/Program Files (x86)/Vper/UE/UE_4.27/FeaturePacks/TP_SideScroller.upack' (chunk index -1, root 'root:/') mounted
[2023.07.12-19.09.43:519][  0]LogShaderLibrary: Display: ShaderCodeLibraryPakFileMountedCallback: pending pak file info (ChunkID:-1 Root:root:/ File:C:/Program Files (x86)/Vper/UE/UE_4.27/FeaturePacks/TP_SideScroller.upack)
[2023.07.12-19.09.43:520][  0]LogPakFile: OnPakFileMounted2Time == 0.000083
[2023.07.12-19.09.43:520][  0]LogPakFile: PakFile PrimaryIndexSize=190
[2023.07.12-19.09.43:520][  0]LogPakFile: PakFile PathHashIndexSize=101
[2023.07.12-19.09.43:520][  0]LogPakFile: PakFile FullDirectoryIndexSize=154
[2023.07.12-19.09.43:520][  0]LogShaderLibrary: Display: ShaderCodeLibraryPakFileMountedCallback: PakFile 'C:/Program Files (x86)/Vper/UE/UE_4.27/FeaturePacks/TP_SideScrollerBP.upack' (chunk index -1, root 'root:/') mounted
[2023.07.12-19.09.43:520][  0]LogShaderLibrary: Display: ShaderCodeLibraryPakFileMountedCallback: pending pak file info (ChunkID:-1 Root:root:/ File:C:/Program Files (x86)/Vper/UE/UE_4.27/FeaturePacks/TP_SideScrollerBP.upack)
[2023.07.12-19.09.43:520][  0]LogPakFile: OnPakFileMounted2Time == 0.000084
[2023.07.12-19.09.43:520][  0]LogPakFile: PakFile PrimaryIndexSize=187
[2023.07.12-19.09.43:520][  0]LogPakFile: PakFile PathHashIndexSize=101
[2023.07.12-19.09.43:520][  0]LogPakFile: PakFile FullDirectoryIndexSize=148
[2023.07.12-19.09.43:520][  0]LogShaderLibrary: Display: ShaderCodeLibraryPakFileMountedCallback: PakFile 'C:/Program Files (x86)/Vper/UE/UE_4.27/FeaturePacks/TP_ThirdPerson.upack' (chunk index -1, root 'root:/') mounted
[2023.07.12-19.09.43:520][  0]LogShaderLibrary: Display: ShaderCodeLibraryPakFileMountedCallback: pending pak file info (ChunkID:-1 Root:root:/ File:C:/Program Files (x86)/Vper/UE/UE_4.27/FeaturePacks/TP_ThirdPerson.upack)
[2023.07.12-19.09.43:520][  0]LogPakFile: OnPakFileMounted2Time == 0.000089
[2023.07.12-19.09.43:521][  0]LogPakFile: PakFile PrimaryIndexSize=189
[2023.07.12-19.09.43:521][  0]LogPakFile: PakFile PathHashIndexSize=101
[2023.07.12-19.09.43:521][  0]LogPakFile: PakFile FullDirectoryIndexSize=152
[2023.07.12-19.09.43:521][  0]LogShaderLibrary: Display: ShaderCodeLibraryPakFileMountedCallback: PakFile 'C:/Program Files (x86)/Vper/UE/UE_4.27/FeaturePacks/TP_ThirdPersonBP.upack' (chunk index -1, root 'root:/') mounted
[2023.07.12-19.09.43:521][  0]LogShaderLibrary: Display: ShaderCodeLibraryPakFileMountedCallback: pending pak file info (ChunkID:-1 Root:root:/ File:C:/Program Files (x86)/Vper/UE/UE_4.27/FeaturePacks/TP_ThirdPersonBP.upack)
[2023.07.12-19.09.43:521][  0]LogPakFile: OnPakFileMounted2Time == 0.000090
[2023.07.12-19.09.43:521][  0]LogPakFile: PakFile PrimaryIndexSize=183
[2023.07.12-19.09.43:521][  0]LogPakFile: PakFile PathHashIndexSize=101
[2023.07.12-19.09.43:521][  0]LogPakFile: PakFile FullDirectoryIndexSize=140
[2023.07.12-19.09.43:521][  0]LogShaderLibrary: Display: ShaderCodeLibraryPakFileMountedCallback: PakFile 'C:/Program Files (x86)/Vper/UE/UE_4.27/FeaturePacks/TP_TopDown.upack' (chunk index -1, root 'root:/') mounted
[2023.07.12-19.09.43:521][  0]LogShaderLibrary: Display: ShaderCodeLibraryPakFileMountedCallback: pending pak file info (ChunkID:-1 Root:root:/ File:C:/Program Files (x86)/Vper/UE/UE_4.27/FeaturePacks/TP_TopDown.upack)
[2023.07.12-19.09.43:521][  0]LogPakFile: OnPakFileMounted2Time == 0.000090
[2023.07.12-19.09.43:522][  0]LogPakFile: PakFile PrimaryIndexSize=185
[2023.07.12-19.09.43:522][  0]LogPakFile: PakFile PathHashIndexSize=101
[2023.07.12-19.09.43:522][  0]LogPakFile: PakFile FullDirectoryIndexSize=144
[2023.07.12-19.09.43:522][  0]LogShaderLibrary: Display: ShaderCodeLibraryPakFileMountedCallback: PakFile 'C:/Program Files (x86)/Vper/UE/UE_4.27/FeaturePacks/TP_TopDownBP.upack' (chunk index -1, root 'root:/') mounted
[2023.07.12-19.09.43:522][  0]LogShaderLibrary: Display: ShaderCodeLibraryPakFileMountedCallback: pending pak file info (ChunkID:-1 Root:root:/ File:C:/Program Files (x86)/Vper/UE/UE_4.27/FeaturePacks/TP_TopDownBP.upack)
[2023.07.12-19.09.43:522][  0]LogPakFile: OnPakFileMounted2Time == 0.000090
[2023.07.12-19.09.43:522][  0]LogPakFile: PakFile PrimaryIndexSize=185
[2023.07.12-19.09.43:522][  0]LogPakFile: PakFile PathHashIndexSize=101
[2023.07.12-19.09.43:522][  0]LogPakFile: PakFile FullDirectoryIndexSize=144
[2023.07.12-19.09.43:522][  0]LogShaderLibrary: Display: ShaderCodeLibraryPakFileMountedCallback: PakFile 'C:/Program Files (x86)/Vper/UE/UE_4.27/FeaturePacks/TP_TwinStick.upack' (chunk index -1, root 'root:/') mounted
[2023.07.12-19.09.43:522][  0]LogShaderLibrary: Display: ShaderCodeLibraryPakFileMountedCallback: pending pak file info (ChunkID:-1 Root:root:/ File:C:/Program Files (x86)/Vper/UE/UE_4.27/FeaturePacks/TP_TwinStick.upack)
[2023.07.12-19.09.43:522][  0]LogPakFile: OnPakFileMounted2Time == 0.000091
[2023.07.12-19.09.43:523][  0]LogPakFile: PakFile PrimaryIndexSize=187
[2023.07.12-19.09.43:523][  0]LogPakFile: PakFile PathHashIndexSize=101
[2023.07.12-19.09.43:523][  0]LogPakFile: PakFile FullDirectoryIndexSize=148
[2023.07.12-19.09.43:523][  0]LogShaderLibrary: Display: ShaderCodeLibraryPakFileMountedCallback: PakFile 'C:/Program Files (x86)/Vper/UE/UE_4.27/FeaturePacks/TP_TwinStickBP.upack' (chunk index -1, root 'root:/') mounted
[2023.07.12-19.09.43:523][  0]LogShaderLibrary: Display: ShaderCodeLibraryPakFileMountedCallback: pending pak file info (ChunkID:-1 Root:root:/ File:C:/Program Files (x86)/Vper/UE/UE_4.27/FeaturePacks/TP_TwinStickBP.upack)
[2023.07.12-19.09.43:523][  0]LogPakFile: OnPakFileMounted2Time == 0.000081
[2023.07.12-19.09.43:523][  0]LogPakFile: PakFile PrimaryIndexSize=183
[2023.07.12-19.09.43:523][  0]LogPakFile: PakFile PathHashIndexSize=101
[2023.07.12-19.09.43:523][  0]LogPakFile: PakFile FullDirectoryIndexSize=140
[2023.07.12-19.09.43:523][  0]LogShaderLibrary: Display: ShaderCodeLibraryPakFileMountedCallback: PakFile 'C:/Program Files (x86)/Vper/UE/UE_4.27/FeaturePacks/TP_Vehicle.upack' (chunk index -1, root 'root:/') mounted
[2023.07.12-19.09.43:523][  0]LogShaderLibrary: Display: ShaderCodeLibraryPakFileMountedCallback: pending pak file info (ChunkID:-1 Root:root:/ File:C:/Program Files (x86)/Vper/UE/UE_4.27/FeaturePacks/TP_Vehicle.upack)
[2023.07.12-19.09.43:523][  0]LogPakFile: OnPakFileMounted2Time == 0.000078
[2023.07.12-19.09.43:524][  0]LogPakFile: PakFile PrimaryIndexSize=186
[2023.07.12-19.09.43:524][  0]LogPakFile: PakFile PathHashIndexSize=101
[2023.07.12-19.09.43:524][  0]LogPakFile: PakFile FullDirectoryIndexSize=146
[2023.07.12-19.09.43:524][  0]LogShaderLibrary: Display: ShaderCodeLibraryPakFileMountedCallback: PakFile 'C:/Program Files (x86)/Vper/UE/UE_4.27/FeaturePacks/TP_VehicleAdv.upack' (chunk index -1, root 'root:/') mounted
[2023.07.12-19.09.43:524][  0]LogShaderLibrary: Display: ShaderCodeLibraryPakFileMountedCallback: pending pak file info (ChunkID:-1 Root:root:/ File:C:/Program Files (x86)/Vper/UE/UE_4.27/FeaturePacks/TP_VehicleAdv.upack)
[2023.07.12-19.09.43:524][  0]LogPakFile: OnPakFileMounted2Time == 0.000087
[2023.07.12-19.09.43:524][  0]LogPakFile: PakFile PrimaryIndexSize=188
[2023.07.12-19.09.43:524][  0]LogPakFile: PakFile PathHashIndexSize=101
[2023.07.12-19.09.43:524][  0]LogPakFile: PakFile FullDirectoryIndexSize=150
[2023.07.12-19.09.43:524][  0]LogShaderLibrary: Display: ShaderCodeLibraryPakFileMountedCallback: PakFile 'C:/Program Files (x86)/Vper/UE/UE_4.27/FeaturePacks/TP_VehicleAdvBP.upack' (chunk index -1, root 'root:/') mounted
[2023.07.12-19.09.43:524][  0]LogShaderLibrary: Display: ShaderCodeLibraryPakFileMountedCallback: pending pak file info (ChunkID:-1 Root:root:/ File:C:/Program Files (x86)/Vper/UE/UE_4.27/FeaturePacks/TP_VehicleAdvBP.upack)
[2023.07.12-19.09.43:524][  0]LogPakFile: OnPakFileMounted2Time == 0.000090
[2023.07.12-19.09.43:525][  0]LogPakFile: PakFile PrimaryIndexSize=185
[2023.07.12-19.09.43:525][  0]LogPakFile: PakFile PathHashIndexSize=101
[2023.07.12-19.09.43:525][  0]LogPakFile: PakFile FullDirectoryIndexSize=144
[2023.07.12-19.09.43:525][  0]LogShaderLibrary: Display: ShaderCodeLibraryPakFileMountedCallback: PakFile 'C:/Program Files (x86)/Vper/UE/UE_4.27/FeaturePacks/TP_VehicleBP.upack' (chunk index -1, root 'root:/') mounted
[2023.07.12-19.09.43:525][  0]LogShaderLibrary: Display: ShaderCodeLibraryPakFileMountedCallback: pending pak file info (ChunkID:-1 Root:root:/ File:C:/Program Files (x86)/Vper/UE/UE_4.27/FeaturePacks/TP_VehicleBP.upack)
[2023.07.12-19.09.43:525][  0]LogPakFile: OnPakFileMounted2Time == 0.000096
[2023.07.12-19.09.43:525][  0]LogPakFile: PakFile PrimaryIndexSize=192
[2023.07.12-19.09.43:525][  0]LogPakFile: PakFile PathHashIndexSize=101
[2023.07.12-19.09.43:525][  0]LogPakFile: PakFile FullDirectoryIndexSize=158
[2023.07.12-19.09.43:525][  0]LogShaderLibrary: Display: ShaderCodeLibraryPakFileMountedCallback: PakFile 'C:/Program Files (x86)/Vper/UE/UE_4.27/FeaturePacks/TP_VirtualRealityBP.upack' (chunk index -1, root 'root:/') mounted
[2023.07.12-19.09.43:525][  0]LogShaderLibrary: Display: ShaderCodeLibraryPakFileMountedCallback: pending pak file info (ChunkID:-1 Root:root:/ File:C:/Program Files (x86)/Vper/UE/UE_4.27/FeaturePacks/TP_VirtualRealityBP.upack)
[2023.07.12-19.09.43:525][  0]LogPakFile: OnPakFileMounted2Time == 0.000087
[2023.07.12-19.09.43:544][  0]LogNativeClassHierarchy: Verbose: Native class hierarchy updated for 'AddContentDialog' in 0.0002 seconds. Added 0 classes and 0 folders.
[2023.07.12-19.09.43:547][  0]LogNativeClassHierarchy: Verbose: Native class hierarchy updated for 'SceneOutliner' in 0.0001 seconds. Added 2 classes and 0 folders.
[2023.07.12-19.09.43:610][  0]LogSlate: Took 0.000153 seconds to synchronously load lazily loaded font '../../../Engine/Content/Slate/Fonts/Roboto-Regular.ttf' (155K)
[2023.07.12-19.09.43:611][  0]LogSlate: Took 0.000101 seconds to synchronously load lazily loaded font '../../../Engine/Content/Editor/Slate/Fonts/FontAwesome.ttf' (139K)
[2023.07.12-19.09.43:611][  0]LogSlate: Took 0.000083 seconds to synchronously load lazily loaded font '../../../Engine/Content/Slate/Fonts/Roboto-Bold.ttf' (160K)
[2023.07.12-19.09.43:652][  0]LogRenderer: Reallocating scene render targets to support 1208x568 Format 10 NumSamples 1 (Frame:1).
[2023.07.12-19.09.43:878][  0]LogSlate: Took 0.001283 seconds to synchronously load lazily loaded font '../../../Engine/Content/Slate/Fonts/Roboto-Light.ttf' (167K)
[2023.07.12-19.09.43:944][  0]LogNativeClassHierarchy: Verbose: Native class hierarchy updated for 'HierarchicalLODOutliner' in 0.0002 seconds. Added 0 classes and 0 folders.
[2023.07.12-19.09.43:944][  0]LogLoad: (Engine Initialization) Total time: 6.45 seconds
[2023.07.12-19.09.43:944][  0]LogLoad: (Engine Initialization) Total Blueprint compile time: 0.00 seconds
[2023.07.12-19.09.43:975][  0]LogAssetRegistry: Asset discovery search completed in 4.1575 seconds
[2023.07.12-19.09.43:978][  0]LogCollectionManager: Fixed up redirectors for 0 collections in 0.000003 seconds (updated 0 objects)
[2023.07.12-19.09.43:979][  0]LogContentStreaming: Texture pool size now 1000 MB
[2023.07.12-19.09.46:714][308]LogTemp: Repeating last play command: Selected Viewport
[2023.07.12-19.09.46:717][308]LogPlayLevel: PlayLevel: No blueprints needed recompiling
[2023.07.12-19.09.46:718][308]PIE: New page: PIE session: TestLevel (2023年7月13日 上午11:09:46)
[2023.07.12-19.09.46:720][308]LogOnline: OSS: Creating online subsystem instance for: NULL
[2023.07.12-19.09.46:721][308]LogOnline: OSS: TryLoadSubsystemAndSetDefault: Loaded subsystem for module [NULL]
[2023.07.12-19.09.46:721][308]LogPlayLevel: Creating play world package: /Game/ActionRoguelike/Maps/UEDPIE_0_TestLevel
[2023.07.12-19.09.46:762][308]LogPlayLevel: PIE: StaticDuplicateObject took: (0.041178s)
[2023.07.12-19.09.46:763][308]LogAIModule: Creating AISystem for world TestLevel
[2023.07.12-19.09.46:763][308]LogPlayLevel: PIE: World Init took: (0.000719s)
[2023.07.12-19.09.46:763][308]LogPlayLevel: PIE: Created PIE world by copying editor world from /Game/ActionRoguelike/Maps/TestLevel.TestLevel to /Game/ActionRoguelike/Maps/UEDPIE_0_TestLevel.TestLevel (0.042133s)
[2023.07.12-19.09.46:768][308]LogUObjectHash: Compacting FUObjectHashTables data took   0.37ms
[2023.07.12-19.09.46:769][308]LogAudio: Display: Creating Audio Device:                 Id: 2, Scope: Unique, Realtime: True
[2023.07.12-19.09.46:769][308]LogAudioMixer: Display: Audio Mixer Platform Settings:
[2023.07.12-19.09.46:769][308]LogAudioMixer: Display: 	Sample Rate:						  48000
[2023.07.12-19.09.46:769][308]LogAudioMixer: Display: 	Callback Buffer Frame Size Requested: 1024
[2023.07.12-19.09.46:769][308]LogAudioMixer: Display: 	Callback Buffer Frame Size To Use:	  1024
[2023.07.12-19.09.46:769][308]LogAudioMixer: Display: 	Number of buffers to queue:			  2
[2023.07.12-19.09.46:769][308]LogAudioMixer: Display: 	Max Channels (voices):				  32
[2023.07.12-19.09.46:769][308]LogAudioMixer: Display: 	Number of Async Source Workers:		  0
[2023.07.12-19.09.46:769][308]LogAudio: Display: AudioDevice MaxSources: 32
[2023.07.12-19.09.46:769][308]LogAudio: Display: Audio Spatialization Plugin: None (built-in).
[2023.07.12-19.09.46:769][308]LogAudio: Display: Audio Reverb Plugin: None (built-in).
[2023.07.12-19.09.46:769][308]LogAudio: Display: Audio Occlusion Plugin: None (built-in).
[2023.07.12-19.09.46:769][308]LogAudioMixer: Display: Initializing audio mixer.
[2023.07.12-19.09.46:770][308]LogAudioMixer: Display: 0: FrontLeft
[2023.07.12-19.09.46:770][308]LogAudioMixer: Display: 1: FrontRight
[2023.07.12-19.09.46:779][308]LogAudioMixer: Display: Using Audio Device Realtek HD Audio 2nd output (Realtek(R) Audio)
[2023.07.12-19.09.46:779][308]LogAudioMixer: Display: Initializing Sound Submixes...
[2023.07.12-19.09.46:780][308]LogAudioMixer: Display: Creating Master Submix 'MasterSubmixDefault'
[2023.07.12-19.09.46:780][308]LogAudioMixer: Display: Creating Master Submix 'MasterReverbSubmixDefault'
[2023.07.12-19.09.46:780][308]LogAudioMixer: Display: Creating Master Submix 'MasterEQSubmixDefault'
[2023.07.12-19.09.46:780][308]LogAudioMixer: FMixerPlatformXAudio2::StartAudioStream() called
[2023.07.12-19.09.46:780][308]LogAudioMixer: Display: Output buffers initialized: Frames=1024, Channels=2, Samples=2048
[2023.07.12-19.09.46:781][308]LogAudioMixer: Display: Starting AudioMixerPlatformInterface::RunInternal()
[2023.07.12-19.09.46:781][308]LogAudioMixer: Display: FMixerPlatformXAudio2::SubmitBuffer() called for the first time
[2023.07.12-19.09.46:781][308]LogInit: FAudioDevice initialized.
[2023.07.12-19.09.46:781][308]LogAudio: Display: Audio Device (ID: 2) registered with world 'TestLevel'.
[2023.07.12-19.09.46:791][308]LogLoad: Game class is 'SGameModeBase'
[2023.07.12-19.09.46:794][308]LogWorld: Bringing World /Game/ActionRoguelike/Maps/UEDPIE_0_TestLevel.TestLevel up for play (max tick rate 0) at 2023.07.13-03.09.46
[2023.07.12-19.09.46:794][308]LogWorld: Bringing up level for play took: 0.002196
[2023.07.12-19.09.46:794][308]LogOnline: OSS: Creating online subsystem instance for: :Context_1
[2023.07.12-19.09.46:796][308]LogNativeClassHierarchy: Verbose: Native class hierarchy updated for 'MovieSceneCapture' in 0.0002 seconds. Added 20 classes and 0 folders.
[2023.07.12-19.09.46:797][308]PIE: Server logged in
[2023.07.12-19.09.46:798][308]PIE: Play in editor total start time 0.081 seconds.
