Log file open, 07/13/23 03:39:55
LogWindows: Failed to load 'aqProf.dll' (GetLastError=126)
LogWindows: File 'aqProf.dll' does not exist
LogWindows: Failed to load 'VtuneApi.dll' (GetLastError=126)
LogWindows: File 'VtuneApi.dll' does not exist
LogWindows: Failed to load 'VtuneApi32e.dll' (GetLastError=126)
LogWindows: File 'VtuneApi32e.dll' does not exist
LogConsoleResponse: Display: Failed to find resolution value strings in scalability ini. Falling back to default.
LogConsoleResponse: Display: Failed to find resolution value strings in scalability ini. Falling back to default.
LogInit: Display: Running engine for game: ActionRoguelike
LogPlatformFile: Not using cached read wrapper
LogTaskGraph: Started task graph with 5 named threads and 59 total threads with 3 sets of task threads.
LogStats: Stats thread started at 0.248926
LogICUInternationalization: ICU TimeZone Detection - Raw Offset: +8:00, Platform Override: ''
LogInit: Display: Loading text-based GConfig....
LogPluginManager: Mounting plugin MeshPainting
LogPluginManager: Mounting plugin XGEController
LogPluginManager: Mounting plugin Paper2D
LogPluginManager: Mounting plugin AISupport
LogPluginManager: Mounting plugin EnvironmentQueryEditor
LogPluginManager: Mounting plugin CameraShakePreviewer
LogPluginManager: Mounting plugin LiveLink
LogPluginManager: Mounting plugin GameplayCameras
LogPluginManager: Mounting plugin LightPropagationVolume
LogPluginManager: Mounting plugin OodleData
LogPluginManager: Mounting plugin OodleNetwork
LogPluginManager: Mounting plugin AnimationSharing
LogPluginManager: Mounting plugin CodeLiteSourceCodeAccess
LogPluginManager: Mounting plugin CLionSourceCodeAccess
LogPluginManager: Mounting plugin GitSourceControl
LogPluginManager: Mounting plugin KDevelopSourceCodeAccess
LogPluginManager: Mounting plugin NullSourceCodeAccess
LogPluginManager: Mounting plugin PerforceSourceControl
LogPluginManager: Mounting plugin PlasticSourceControl
LogPluginManager: Mounting plugin PluginUtils
LogPluginManager: Mounting plugin PixWinPlugin
LogPluginManager: Mounting plugin PropertyAccessNode
LogPluginManager: Mounting plugin RiderSourceCodeAccess
LogPluginManager: Mounting plugin SubversionSourceControl
LogPluginManager: Mounting plugin TextureFormatOodle
LogPluginManager: Mounting plugin VisualStudioSourceCodeAccess
LogPluginManager: Mounting plugin UObjectPlugin
LogPluginManager: Mounting plugin VisualStudioCodeSourceCodeAccess
LogPluginManager: Mounting plugin AssetManagerEditor
LogPluginManager: Mounting plugin CryptoKeys
LogPluginManager: Mounting plugin CurveEditorTools
LogPluginManager: Mounting plugin FacialAnimation
LogPluginManager: Mounting plugin GameplayTagsEditor
LogPluginManager: Mounting plugin XCodeSourceCodeAccess
LogPluginManager: Mounting plugin DataValidation
LogPluginManager: Mounting plugin MaterialAnalyzer
LogPluginManager: Mounting plugin MacGraphicsSwitching
LogPluginManager: Mounting plugin MobileLauncherProfileWizard
LogPluginManager: Mounting plugin PluginBrowser
LogPluginManager: Mounting plugin SpeedTreeImporter
LogPluginManager: Mounting plugin DatasmithContent
LogPluginManager: Mounting plugin VariantManagerContent
LogPluginManager: Mounting plugin GeometryMode
LogPluginManager: Mounting plugin AutomationUtils
LogPluginManager: Mounting plugin BackChannel
LogPluginManager: Mounting plugin AlembicImporter
LogPluginManager: Mounting plugin ChaosEditor
LogPluginManager: Mounting plugin ChaosCloth
LogPluginManager: Mounting plugin ChaosClothEditor
LogPluginManager: Mounting plugin ChaosNiagara
LogPluginManager: Mounting plugin CharacterAI
LogPluginManager: Mounting plugin ChaosSolverPlugin
LogPluginManager: Mounting plugin Niagara
LogPluginManager: Mounting plugin GeometryCache
LogPluginManager: Mounting plugin GeometryProcessing
LogPluginManager: Mounting plugin GeometryCollectionPlugin
LogPluginManager: Mounting plugin OpenImageDenoise
LogPluginManager: Mounting plugin PlatformCrypto
LogPluginManager: Mounting plugin MotoSynth
LogPluginManager: Mounting plugin ProxyLODPlugin
LogPluginManager: Mounting plugin PythonScriptPlugin
LogPluginManager: Mounting plugin PlanarCut
LogPluginManager: Mounting plugin SkeletalReduction
LogPluginManager: Mounting plugin AvfMedia
LogPluginManager: Mounting plugin ImgMedia
LogPluginManager: Mounting plugin MediaCompositing
LogPluginManager: Mounting plugin MediaPlayerEditor
LogPluginManager: Mounting plugin WebMMedia
LogPluginManager: Mounting plugin LuminPlatformFeatures
LogPluginManager: Mounting plugin WmfMedia
LogPluginManager: Mounting plugin MagicLeap
LogPluginManager: Mounting plugin MagicLeapMedia
LogPluginManager: Mounting plugin MagicLeapLightEstimation
LogPluginManager: Mounting plugin MLSDK
LogPluginManager: Mounting plugin MagicLeapPassableWorld
LogPluginManager: Mounting plugin ActorSequence
LogPluginManager: Mounting plugin LevelSequenceEditor
LogPluginManager: Mounting plugin MatineeToLevelSequence
LogPluginManager: Mounting plugin TemplateSequence
LogPluginManager: Mounting plugin OnlineSubsystem
LogPluginManager: Mounting plugin OnlineSubsystemNull
LogPluginManager: Mounting plugin OnlineSubsystemUtils
LogPluginManager: Mounting plugin ActorLayerUtilities
LogPluginManager: Mounting plugin AndroidMoviePlayer
LogPluginManager: Mounting plugin AndroidPermission
LogPluginManager: Mounting plugin AndroidDeviceProfileSelector
LogPluginManager: Mounting plugin AppleMoviePlayer
LogPluginManager: Mounting plugin AppleImageUtils
LogPluginManager: Mounting plugin ArchVisCharacter
LogPluginManager: Mounting plugin AssetTags
LogPluginManager: Mounting plugin AudioCapture
LogPluginManager: Mounting plugin AudioSynesthesia
LogPluginManager: Mounting plugin CustomMeshComponent
LogPluginManager: Mounting plugin ExampleDeviceProfileSelector
LogPluginManager: Mounting plugin ChunkDownloader
LogPluginManager: Mounting plugin EditableMesh
LogPluginManager: Mounting plugin GooglePAD
LogPluginManager: Mounting plugin LauncherChunkInstaller
LogPluginManager: Mounting plugin CableComponent
LogPluginManager: Mounting plugin ScreenshotTools
LogPluginManager: Mounting plugin TcpMessaging
LogPluginManager: Mounting plugin IOSDeviceProfileSelector
LogPluginManager: Mounting plugin UdpMessaging
LogPluginManager: Mounting plugin LocationServicesBPLibrary
LogPluginManager: Mounting plugin LinuxDeviceProfileSelector
LogPluginManager: Mounting plugin GoogleCloudMessaging
LogPluginManager: Mounting plugin MobilePatchingUtils
LogPluginManager: Mounting plugin OpenXR
LogPluginManager: Mounting plugin OpenXRHandTracking
LogPluginManager: Mounting plugin OpenXREyeTracker
LogPluginManager: Mounting plugin PhysXVehicles
LogPluginManager: Mounting plugin PostSplashScreen
LogPluginManager: Mounting plugin Takes
LogPluginManager: Mounting plugin ProceduralMeshComponent
LogPluginManager: Mounting plugin PropertyAccessEditor
LogPluginManager: Mounting plugin AndroidMedia
LogPluginManager: Mounting plugin SignificanceManager
LogPluginManager: Mounting plugin SoundFields
LogPluginManager: Mounting plugin RuntimePhysXCooking
LogPluginManager: Mounting plugin WebMMoviePlayer
LogPluginManager: Mounting plugin Synthesis
LogPluginManager: Mounting plugin WindowsMoviePlayer
LogPluginManager: Mounting plugin ContentBrowserAssetDataSource
LogPluginManager: Mounting plugin ContentBrowserClassDataSource
LogPluginManager: Mounting plugin ContentBrowserFileDataSource
LogPluginManager: Mounting plugin OnlineSubsystemIOS
LogPluginManager: Mounting plugin OnlineSubsystemGooglePlay
LogPluginManager: Mounting plugin OculusVR
LogPluginManager: Mounting plugin SteamVR
PixWinPlugin: PIX capture plugin failed to initialize! Check that the process is launched from PIX.
LogInit: Using libcurl 7.55.1-DEV
LogInit:  - built for x86_64-pc-win32
LogInit:  - supports SSL with OpenSSL/1.1.1
LogInit:  - supports HTTP deflate (compression) using libz 1.2.8
LogInit:  - other features:
LogInit:      CURL_VERSION_SSL
LogInit:      CURL_VERSION_LIBZ
LogInit:      CURL_VERSION_IPV6
LogInit:      CURL_VERSION_ASYNCHDNS
LogInit:      CURL_VERSION_LARGEFILE
LogInit:      CURL_VERSION_IDN
LogInit:  CurlRequestOptions (configurable via config and command line):
LogInit:  - bVerifyPeer = true  - Libcurl will verify peer certificate
LogInit:  - bUseHttpProxy = false  - Libcurl will NOT use HTTP proxy
LogInit:  - bDontReuseConnections = false  - Libcurl will reuse connections
LogInit:  - MaxHostConnections = 16  - Libcurl will limit the number of connections to a host
LogInit:  - LocalHostAddr = Default
LogInit:  - BufferSize = 65536
LogOnline: OSS: Creating online subsystem instance for: NULL
LogInit: WinSock: version 1.1 (2.2), MaxSocks=32767, MaxUdp=65467
LogOnline: OSS: TryLoadSubsystemAndSetDefault: Loaded subsystem for module [NULL]
LogOculusPluginWrapper: OculusPlugin initialized successfully
LogHMD: Failed initializing OVRPlugin 1.59.0
LogInit: Build: ++UE4+Release-4.27-CL-18319896
LogInit: Engine Version: 4.27.2-18319896+++UE4+Release-4.27
LogInit: Compatible Engine Version: 4.27.0-17155196+++UE4+Release-4.27
LogInit: Net CL: 17155196
LogInit: OS: Windows 10 (Release 2009) (), CPU: 13th Gen Intel(R) Core(TM) i5-13600KF, GPU: NVIDIA GeForce RTX 3060 Ti
LogInit: Compiled (64-bit): Nov 30 2021 07:12:08
LogInit: Compiled with Visual C++: 19.24.28315.00
LogInit: Build Configuration: Development
LogInit: Branch Name: ++UE4+Release-4.27
LogInit: Command Line:  -skipcompile
LogInit: Base Directory: C:/Program Files (x86)/Vper/UE/UE_4.27/Engine/Binaries/Win64/
LogInit: Allocator: TBB
LogInit: Installed Engine Build: 1
LogDevObjectVersion: Number of dev versions registered: 29
LogDevObjectVersion:   Dev-Blueprints (B0D832E4-1F89-4F0D-ACCF-7EB736FD4AA2): 10
LogDevObjectVersion:   Dev-Build (E1C64328-A22C-4D53-A36C-8E866417BD8C): 0
LogDevObjectVersion:   Dev-Core (375EC13C-06E4-48FB-B500-84F0262A717E): 4
LogDevObjectVersion:   Dev-Editor (E4B068ED-F494-42E9-A231-DA0B2E46BB41): 40
LogDevObjectVersion:   Dev-Framework (CFFC743F-43B0-4480-9391-14DF171D2073): 37
LogDevObjectVersion:   Dev-Mobile (B02B49B5-BB20-44E9-A304-32B752E40360): 3
LogDevObjectVersion:   Dev-Networking (A4E4105C-59A1-49B5-A7C5-40C4547EDFEE): 0
LogDevObjectVersion:   Dev-Online (39C831C9-5AE6-47DC-9A44-9C173E1C8E7C): 0
LogDevObjectVersion:   Dev-Physics (78F01B33-EBEA-4F98-B9B4-84EACCB95AA2): 14
LogDevObjectVersion:   Dev-Platform (6631380F-2D4D-43E0-8009-CF276956A95A): 0
LogDevObjectVersion:   Dev-Rendering (12F88B9F-8875-4AFC-A67C-D90C383ABD29): 45
LogDevObjectVersion:   Dev-Sequencer (7B5AE74C-D270-4C10-A958-57980B212A5A): 13
LogDevObjectVersion:   Dev-VR (D7296918-1DD6-4BDD-9DE2-64A83CC13884): 3
LogDevObjectVersion:   Dev-LoadTimes (C2A15278-BFE7-4AFE-6C17-90FF531DF755): 1
LogDevObjectVersion:   Private-Geometry (6EACA3D4-40EC-4CC1-B786-8BED09428FC5): 3
LogDevObjectVersion:   Dev-AnimPhys (29E575DD-E0A3-4627-9D10-D276232CDCEA): 17
LogDevObjectVersion:   Dev-Anim (AF43A65D-7FD3-4947-9873-3E8ED9C1BB05): 15
LogDevObjectVersion:   Dev-ReflectionCapture (6B266CEC-1EC7-4B8F-A30B-E4D90942FC07): 1
LogDevObjectVersion:   Dev-Automation (0DF73D61-A23F-47EA-B727-89E90C41499A): 1
LogDevObjectVersion:   FortniteMain (601D1886-AC64-4F84-AA16-D3DE0DEAC7D6): 47
LogDevObjectVersion:   FortniteRelease (E7086368-6B23-4C58-8439-1B7016265E91): 1
LogDevObjectVersion:   Dev-Enterprise (9DFFBCD6-494F-0158-E221-12823C92A888): 10
LogDevObjectVersion:   Dev-Niagara (F2AED0AC-9AFE-416F-8664-AA7FFA26D6FC): 1
LogDevObjectVersion:   Dev-Destruction (174F1F0B-B4C6-45A5-B13F-2EE8D0FB917D): 10
LogDevObjectVersion:   Dev-Physics-Ext (35F94A83-E258-406C-A318-09F59610247C): 41
LogDevObjectVersion:   Dev-PhysicsMaterial-Chaos (B68FC16E-8B1B-42E2-B453-215C058844FE): 1
LogDevObjectVersion:   Dev-CineCamera (B2E18506-4273-CFC2-A54E-F4BB758BBA07): 1
LogDevObjectVersion:   Dev-VirtualProduction (64F58936-FD1B-42BA-BA96-7289D5D0FA4E): 1
LogDevObjectVersion:   Dev-MediaFramework (6F0ED827-A609-4895-9C91-998D90180EA4): 2
LogInit: Presizing for max 25165824 objects, including 0 objects not considered by GC, pre-allocating 0 bytes for permanent pool.
LogConfig: Applying CVar settings from Section [/Script/Engine.StreamingSettings] File [C:/VperData/GitHub/ActionRoguelike/ActionRoguelike/Saved/Config/Windows/Engine.ini]
LogConfig: Setting CVar [[s.MinBulkDataSizeForAsyncLoading:131072]]
LogConfig: Setting CVar [[s.AsyncLoadingThreadEnabled:0]]
LogConfig: Setting CVar [[s.EventDrivenLoaderEnabled:1]]
LogConfig: Setting CVar [[s.WarnIfTimeLimitExceeded:0]]
LogConfig: Setting CVar [[s.TimeLimitExceededMultiplier:1.5]]
LogConfig: Setting CVar [[s.TimeLimitExceededMinTime:0.005]]
LogConfig: Setting CVar [[s.UseBackgroundLevelStreaming:1]]
LogConfig: Setting CVar [[s.PriorityAsyncLoadingExtraTime:15.0]]
LogConfig: Setting CVar [[s.LevelStreamingActorsUpdateTimeLimit:5.0]]
LogConfig: Setting CVar [[s.PriorityLevelStreamingActorsUpdateExtraTime:5.0]]
LogConfig: Setting CVar [[s.LevelStreamingComponentsRegistrationGranularity:10]]
LogConfig: Setting CVar [[s.UnregisterComponentsTimeLimit:1.0]]
LogConfig: Setting CVar [[s.LevelStreamingComponentsUnregistrationGranularity:5]]
LogConfig: Setting CVar [[s.FlushStreamingOnExit:1]]
LogInit: Object subsystem initialized
LogConfig: Setting CVar [[con.DebugEarlyDefault:1]]
LogConfig: Setting CVar [[r.setres:1280x720]]
[2023.07.12-19.39.55:914][  0]LogConfig: Setting CVar [[r.VSync:0]]
[2023.07.12-19.39.55:914][  0]LogConfig: Setting CVar [[r.RHICmdBypass:0]]
[2023.07.12-19.39.55:914][  0]LogConfig: Applying CVar settings from Section [/Script/Engine.RendererSettings] File [C:/VperData/GitHub/ActionRoguelike/ActionRoguelike/Saved/Config/Windows/Engine.ini]
[2023.07.12-19.39.55:914][  0]LogConfig: Setting CVar [[r.GPUCrashDebugging:0]]
[2023.07.12-19.39.55:914][  0]LogConfig: Applying CVar settings from Section [/Script/Engine.RendererOverrideSettings] File [C:/VperData/GitHub/ActionRoguelike/ActionRoguelike/Saved/Config/Windows/Engine.ini]
[2023.07.12-19.39.55:914][  0]LogConfig: Applying CVar settings from Section [/Script/Engine.StreamingSettings] File [C:/VperData/GitHub/ActionRoguelike/ActionRoguelike/Saved/Config/Windows/Engine.ini]
[2023.07.12-19.39.55:914][  0]LogConfig: Setting CVar [[s.MinBulkDataSizeForAsyncLoading:131072]]
[2023.07.12-19.39.55:914][  0]LogConfig: Setting CVar [[s.AsyncLoadingThreadEnabled:0]]
[2023.07.12-19.39.55:914][  0]LogConfig: Setting CVar [[s.EventDrivenLoaderEnabled:1]]
[2023.07.12-19.39.55:914][  0]LogConfig: Setting CVar [[s.WarnIfTimeLimitExceeded:0]]
[2023.07.12-19.39.55:914][  0]LogConfig: Setting CVar [[s.TimeLimitExceededMultiplier:1.5]]
[2023.07.12-19.39.55:914][  0]LogConfig: Setting CVar [[s.TimeLimitExceededMinTime:0.005]]
[2023.07.12-19.39.55:914][  0]LogConfig: Setting CVar [[s.UseBackgroundLevelStreaming:1]]
[2023.07.12-19.39.55:914][  0]LogConfig: Setting CVar [[s.PriorityAsyncLoadingExtraTime:15.0]]
[2023.07.12-19.39.55:914][  0]LogConfig: Setting CVar [[s.LevelStreamingActorsUpdateTimeLimit:5.0]]
[2023.07.12-19.39.55:914][  0]LogConfig: Setting CVar [[s.PriorityLevelStreamingActorsUpdateExtraTime:5.0]]
[2023.07.12-19.39.55:914][  0]LogConfig: Setting CVar [[s.LevelStreamingComponentsRegistrationGranularity:10]]
[2023.07.12-19.39.55:914][  0]LogConfig: Setting CVar [[s.UnregisterComponentsTimeLimit:1.0]]
[2023.07.12-19.39.55:914][  0]LogConfig: Setting CVar [[s.LevelStreamingComponentsUnregistrationGranularity:5]]
[2023.07.12-19.39.55:915][  0]LogConfig: Setting CVar [[s.FlushStreamingOnExit:1]]
[2023.07.12-19.39.55:915][  0]LogConfig: Applying CVar settings from Section [/Script/Engine.GarbageCollectionSettings] File [C:/VperData/GitHub/ActionRoguelike/ActionRoguelike/Saved/Config/Windows/Engine.ini]
[2023.07.12-19.39.55:915][  0]LogConfig: Setting CVar [[gc.MaxObjectsNotConsideredByGC:1]]
[2023.07.12-19.39.55:915][  0]LogConfig: Setting CVar [[gc.SizeOfPermanentObjectPool:0]]
[2023.07.12-19.39.55:915][  0]LogConfig: Setting CVar [[gc.FlushStreamingOnGC:0]]
[2023.07.12-19.39.55:915][  0]LogConfig: Setting CVar [[gc.NumRetriesBeforeForcingGC:10]]
[2023.07.12-19.39.55:915][  0]LogConfig: Setting CVar [[gc.AllowParallelGC:1]]
[2023.07.12-19.39.55:915][  0]LogConfig: Setting CVar [[gc.TimeBetweenPurgingPendingKillObjects:61.1]]
[2023.07.12-19.39.55:915][  0]LogConfig: Setting CVar [[gc.MaxObjectsInEditor:25165824]]
[2023.07.12-19.39.55:915][  0]LogConfig: Setting CVar [[gc.IncrementalBeginDestroyEnabled:1]]
[2023.07.12-19.39.55:915][  0]LogConfig: Setting CVar [[gc.CreateGCClusters:1]]
[2023.07.12-19.39.55:915][  0]LogConfig: Setting CVar [[gc.MinGCClusterSize:5]]
[2023.07.12-19.39.55:915][  0]LogConfig: Setting CVar [[gc.ActorClusteringEnabled:0]]
[2023.07.12-19.39.55:915][  0]LogConfig: Setting CVar [[gc.BlueprintClusteringEnabled:0]]
[2023.07.12-19.39.55:915][  0]LogConfig: Setting CVar [[gc.UseDisregardForGCOnDedicatedServers:0]]
[2023.07.12-19.39.55:915][  0]LogConfig: Setting CVar [[gc.MultithreadedDestructionEnabled:1]]
[2023.07.12-19.39.55:915][  0]LogConfig: Applying CVar settings from Section [/Script/Engine.NetworkSettings] File [C:/VperData/GitHub/ActionRoguelike/ActionRoguelike/Saved/Config/Windows/Engine.ini]
[2023.07.12-19.39.55:915][  0]LogConfig: Applying CVar settings from Section [/Script/UnrealEd.CookerSettings] File [C:/VperData/GitHub/ActionRoguelike/ActionRoguelike/Saved/Config/Windows/Engine.ini]
[2023.07.12-19.39.55:918][  0]LogConfig: Applying CVar settings from Section [ViewDistanceQuality@3] File [C:/VperData/GitHub/ActionRoguelike/ActionRoguelike/Saved/Config/Windows/Scalability.ini]
[2023.07.12-19.39.55:918][  0]LogConfig: Setting CVar [[r.SkeletalMeshLODBias:0]]
[2023.07.12-19.39.55:918][  0]LogConfig: Setting CVar [[r.ViewDistanceScale:1.0]]
[2023.07.12-19.39.55:918][  0]LogConfig: Applying CVar settings from Section [AntiAliasingQuality@3] File [C:/VperData/GitHub/ActionRoguelike/ActionRoguelike/Saved/Config/Windows/Scalability.ini]
[2023.07.12-19.39.55:919][  0]LogConfig: Setting CVar [[r.PostProcessAAQuality:4]]
[2023.07.12-19.39.55:919][  0]LogConfig: Applying CVar settings from Section [ShadowQuality@3] File [C:/VperData/GitHub/ActionRoguelike/ActionRoguelike/Saved/Config/Windows/Scalability.ini]
[2023.07.12-19.39.55:919][  0]LogConfig: Setting CVar [[r.LightFunctionQuality:1]]
[2023.07.12-19.39.55:919][  0]LogConfig: Setting CVar [[r.ShadowQuality:5]]
[2023.07.12-19.39.55:919][  0]LogConfig: Setting CVar [[r.Shadow.CSM.MaxCascades:10]]
[2023.07.12-19.39.55:919][  0]LogConfig: Setting CVar [[r.Shadow.MaxResolution:2048]]
[2023.07.12-19.39.55:919][  0]LogConfig: Setting CVar [[r.Shadow.MaxCSMResolution:2048]]
[2023.07.12-19.39.55:919][  0]LogConfig: Setting CVar [[r.Shadow.RadiusThreshold:0.01]]
[2023.07.12-19.39.55:919][  0]LogConfig: Setting CVar [[r.Shadow.DistanceScale:1.0]]
[2023.07.12-19.39.55:919][  0]LogConfig: Setting CVar [[r.Shadow.CSM.TransitionScale:1.0]]
[2023.07.12-19.39.55:919][  0]LogConfig: Setting CVar [[r.Shadow.PreShadowResolutionFactor:1.0]]
[2023.07.12-19.39.55:919][  0]LogConfig: Setting CVar [[r.DistanceFieldShadowing:1]]
[2023.07.12-19.39.55:919][  0]LogConfig: Setting CVar [[r.DistanceFieldAO:1]]
[2023.07.12-19.39.55:919][  0]LogConfig: Setting CVar [[r.AOQuality:2]]
[2023.07.12-19.39.55:919][  0]LogConfig: Setting CVar [[r.VolumetricFog:1]]
[2023.07.12-19.39.55:919][  0]LogConfig: Setting CVar [[r.VolumetricFog.GridPixelSize:8]]
[2023.07.12-19.39.55:919][  0]LogConfig: Setting CVar [[r.VolumetricFog.GridSizeZ:128]]
[2023.07.12-19.39.55:919][  0]LogConfig: Setting CVar [[r.VolumetricFog.HistoryMissSupersampleCount:4]]
[2023.07.12-19.39.55:919][  0]LogConfig: Setting CVar [[r.LightMaxDrawDistanceScale:1]]
[2023.07.12-19.39.55:919][  0]LogConfig: Setting CVar [[r.CapsuleShadows:1]]
[2023.07.12-19.39.55:919][  0]LogConfig: Applying CVar settings from Section [PostProcessQuality@3] File [C:/VperData/GitHub/ActionRoguelike/ActionRoguelike/Saved/Config/Windows/Scalability.ini]
[2023.07.12-19.39.55:919][  0]LogConfig: Setting CVar [[r.MotionBlurQuality:4]]
[2023.07.12-19.39.55:919][  0]LogConfig: Setting CVar [[r.AmbientOcclusionMipLevelFactor:0.4]]
[2023.07.12-19.39.55:919][  0]LogConfig: Setting CVar [[r.AmbientOcclusionMaxQuality:100]]
[2023.07.12-19.39.55:919][  0]LogConfig: Setting CVar [[r.AmbientOcclusionLevels:-1]]
[2023.07.12-19.39.55:919][  0]LogConfig: Setting CVar [[r.AmbientOcclusionRadiusScale:1.0]]
[2023.07.12-19.39.55:919][  0]LogConfig: Setting CVar [[r.DepthOfFieldQuality:2]]
[2023.07.12-19.39.55:919][  0]LogConfig: Setting CVar [[r.RenderTargetPoolMin:400]]
[2023.07.12-19.39.55:919][  0]LogConfig: Setting CVar [[r.LensFlareQuality:2]]
[2023.07.12-19.39.55:919][  0]LogConfig: Setting CVar [[r.SceneColorFringeQuality:1]]
[2023.07.12-19.39.55:919][  0]LogConfig: Setting CVar [[r.EyeAdaptationQuality:2]]
[2023.07.12-19.39.55:920][  0]LogConfig: Setting CVar [[r.BloomQuality:5]]
[2023.07.12-19.39.55:920][  0]LogConfig: Setting CVar [[r.FastBlurThreshold:100]]
[2023.07.12-19.39.55:920][  0]LogConfig: Setting CVar [[r.Upscale.Quality:3]]
[2023.07.12-19.39.55:920][  0]LogConfig: Setting CVar [[r.Tonemapper.GrainQuantization:1]]
[2023.07.12-19.39.55:920][  0]LogConfig: Setting CVar [[r.LightShaftQuality:1]]
[2023.07.12-19.39.55:920][  0]LogConfig: Setting CVar [[r.Filter.SizeScale:1]]
[2023.07.12-19.39.55:920][  0]LogConfig: Setting CVar [[r.Tonemapper.Quality:5]]
[2023.07.12-19.39.55:920][  0]LogConfig: Setting CVar [[r.DOF.Gather.AccumulatorQuality:1        ; higher gathering accumulator quality]]
[2023.07.12-19.39.55:920][  0]LogConfig: Setting CVar [[r.DOF.Gather.PostfilterMethod:1          ; Median3x3 postfilering method]]
[2023.07.12-19.39.55:920][  0]LogConfig: Setting CVar [[r.DOF.Gather.EnableBokehSettings:0       ; no bokeh simulation when gathering]]
[2023.07.12-19.39.55:920][  0]LogConfig: Setting CVar [[r.DOF.Gather.RingCount:4                 ; medium number of samples when gathering]]
[2023.07.12-19.39.55:920][  0]LogConfig: Setting CVar [[r.DOF.Scatter.ForegroundCompositing:1    ; additive foreground scattering]]
[2023.07.12-19.39.55:920][  0]LogConfig: Setting CVar [[r.DOF.Scatter.BackgroundCompositing:2    ; additive background scattering]]
[2023.07.12-19.39.55:920][  0]LogConfig: Setting CVar [[r.DOF.Scatter.EnableBokehSettings:1      ; bokeh simulation when scattering]]
[2023.07.12-19.39.55:920][  0]LogConfig: Setting CVar [[r.DOF.Scatter.MaxSpriteRatio:0.1         ; only a maximum of 10% of scattered bokeh]]
[2023.07.12-19.39.55:920][  0]LogConfig: Setting CVar [[r.DOF.Recombine.Quality:1                ; cheap slight out of focus]]
[2023.07.12-19.39.55:920][  0]LogConfig: Setting CVar [[r.DOF.Recombine.EnableBokehSettings:0    ; no bokeh simulation on slight out of focus]]
[2023.07.12-19.39.55:920][  0]LogConfig: Setting CVar [[r.DOF.TemporalAAQuality:1                ; more stable temporal accumulation]]
[2023.07.12-19.39.55:920][  0]LogConfig: Setting CVar [[r.DOF.Kernel.MaxForegroundRadius:0.025]]
[2023.07.12-19.39.55:920][  0]LogConfig: Setting CVar [[r.DOF.Kernel.MaxBackgroundRadius:0.025]]
[2023.07.12-19.39.55:920][  0]LogConfig: Applying CVar settings from Section [TextureQuality@3] File [C:/VperData/GitHub/ActionRoguelike/ActionRoguelike/Saved/Config/Windows/Scalability.ini]
[2023.07.12-19.39.55:920][  0]LogConfig: Setting CVar [[r.Streaming.MipBias:0]]
[2023.07.12-19.39.55:920][  0]LogConfig: Setting CVar [[r.Streaming.AmortizeCPUToGPUCopy:0]]
[2023.07.12-19.39.55:920][  0]LogConfig: Setting CVar [[r.Streaming.MaxNumTexturesToStreamPerFrame:0]]
[2023.07.12-19.39.55:920][  0]LogConfig: Setting CVar [[r.Streaming.Boost:1]]
[2023.07.12-19.39.55:920][  0]LogConfig: Setting CVar [[r.MaxAnisotropy:8]]
[2023.07.12-19.39.55:920][  0]LogConfig: Setting CVar [[r.VT.MaxAnisotropy:8]]
[2023.07.12-19.39.55:920][  0]LogConfig: Setting CVar [[r.Streaming.LimitPoolSizeToVRAM:0]]
[2023.07.12-19.39.55:920][  0]LogConfig: Setting CVar [[r.Streaming.PoolSize:1000]]
[2023.07.12-19.39.55:920][  0]LogConfig: Setting CVar [[r.Streaming.MaxEffectiveScreenSize:0]]
[2023.07.12-19.39.55:920][  0]LogConfig: Applying CVar settings from Section [EffectsQuality@3] File [C:/VperData/GitHub/ActionRoguelike/ActionRoguelike/Saved/Config/Windows/Scalability.ini]
[2023.07.12-19.39.55:920][  0]LogConfig: Setting CVar [[r.TranslucencyLightingVolumeDim:64]]
[2023.07.12-19.39.55:920][  0]LogConfig: Setting CVar [[r.RefractionQuality:2]]
[2023.07.12-19.39.55:920][  0]LogConfig: Setting CVar [[r.SSR.Quality:3]]
[2023.07.12-19.39.55:920][  0]LogConfig: Setting CVar [[r.SSR.HalfResSceneColor:0]]
[2023.07.12-19.39.55:920][  0]LogConfig: Setting CVar [[r.SceneColorFormat:4]]
[2023.07.12-19.39.55:920][  0]LogConfig: Setting CVar [[r.DetailMode:2]]
[2023.07.12-19.39.55:920][  0]LogConfig: Setting CVar [[r.TranslucencyVolumeBlur:1]]
[2023.07.12-19.39.55:921][  0]LogConfig: Setting CVar [[r.MaterialQualityLevel:1 ; High quality]]
[2023.07.12-19.39.55:921][  0]LogConfig: Setting CVar [[r.AnisotropicMaterials:1]]
[2023.07.12-19.39.55:921][  0]LogConfig: Setting CVar [[r.SSS.Scale:1]]
[2023.07.12-19.39.55:921][  0]LogConfig: Setting CVar [[r.SSS.SampleSet:2]]
[2023.07.12-19.39.55:921][  0]LogConfig: Setting CVar [[r.SSS.Quality:1]]
[2023.07.12-19.39.55:921][  0]LogConfig: Setting CVar [[r.SSS.HalfRes:0]]
[2023.07.12-19.39.55:921][  0]LogConfig: Setting CVar [[r.SSGI.Quality:3]]
[2023.07.12-19.39.55:921][  0]LogConfig: Setting CVar [[r.EmitterSpawnRateScale:1.0]]
[2023.07.12-19.39.55:921][  0]LogConfig: Setting CVar [[r.ParticleLightQuality:2]]
[2023.07.12-19.39.55:921][  0]LogConfig: Setting CVar [[r.SkyAtmosphere.AerialPerspectiveLUT.FastApplyOnOpaque:1 ; Always have FastSkyLUT 1 in this case to avoid wrong sky]]
[2023.07.12-19.39.55:921][  0]LogConfig: Setting CVar [[r.SkyAtmosphere.AerialPerspectiveLUT.SampleCountMaxPerSlice:4]]
[2023.07.12-19.39.55:921][  0]LogConfig: Setting CVar [[r.SkyAtmosphere.AerialPerspectiveLUT.DepthResolution:16.0]]
[2023.07.12-19.39.55:921][  0]LogConfig: Setting CVar [[r.SkyAtmosphere.FastSkyLUT:1]]
[2023.07.12-19.39.55:921][  0]LogConfig: Setting CVar [[r.SkyAtmosphere.FastSkyLUT.SampleCountMin:4.0]]
[2023.07.12-19.39.55:921][  0]LogConfig: Setting CVar [[r.SkyAtmosphere.FastSkyLUT.SampleCountMax:128.0]]
[2023.07.12-19.39.55:921][  0]LogConfig: Setting CVar [[r.SkyAtmosphere.SampleCountMin:4.0]]
[2023.07.12-19.39.55:921][  0]LogConfig: Setting CVar [[r.SkyAtmosphere.SampleCountMax:128.0]]
[2023.07.12-19.39.55:921][  0]LogConfig: Setting CVar [[r.SkyAtmosphere.TransmittanceLUT.UseSmallFormat:0]]
[2023.07.12-19.39.55:921][  0]LogConfig: Setting CVar [[r.SkyAtmosphere.TransmittanceLUT.SampleCount:10.0]]
[2023.07.12-19.39.55:921][  0]LogConfig: Setting CVar [[r.SkyAtmosphere.MultiScatteringLUT.SampleCount:15.0]]
[2023.07.12-19.39.55:921][  0]LogConfig: Setting CVar [[r.SkyLight.RealTimeReflectionCapture:1]]
[2023.07.12-19.39.55:921][  0]LogConfig: Applying CVar settings from Section [FoliageQuality@3] File [C:/VperData/GitHub/ActionRoguelike/ActionRoguelike/Saved/Config/Windows/Scalability.ini]
[2023.07.12-19.39.55:921][  0]LogConfig: Setting CVar [[foliage.DensityScale:1.0]]
[2023.07.12-19.39.55:921][  0]LogConfig: Setting CVar [[grass.DensityScale:1.0]]
[2023.07.12-19.39.55:921][  0]LogConfig: Applying CVar settings from Section [ShadingQuality@3] File [C:/VperData/GitHub/ActionRoguelike/ActionRoguelike/Saved/Config/Windows/Scalability.ini]
[2023.07.12-19.39.55:921][  0]LogConfig: Setting CVar [[r.HairStrands.SkyLighting.IntegrationType:2]]
[2023.07.12-19.39.55:921][  0]LogConfig: Setting CVar [[r.HairStrands.SkyAO.SampleCount:4]]
[2023.07.12-19.39.55:921][  0]LogConfig: Setting CVar [[r.HairStrands.Visibility.MSAA.SamplePerPixel:4]]
[2023.07.12-19.39.55:921][  0]LogInit: Selected Device Profile: [Windows]
[2023.07.12-19.39.55:921][  0]LogInit: Applying CVar settings loaded from the selected device profile: [Windows]
[2023.07.12-19.39.55:921][  0]LogHAL: Display: Platform has ~ 32 GB [34185904128 / 34359738368 / 32], which maps to Largest [LargestMinGB=32, LargerMinGB=12, DefaultMinGB=8, SmallerMinGB=6, SmallestMinGB=0)
[2023.07.12-19.39.55:921][  0]LogInit: Going up to parent DeviceProfile []
[2023.07.12-19.39.55:921][  0]LogConfig: Applying CVar settings from Section [ViewDistanceQuality@3] File [C:/VperData/GitHub/ActionRoguelike/ActionRoguelike/Saved/Config/Windows/Scalability.ini]
[2023.07.12-19.39.55:921][  0]LogConfig: Setting CVar [[r.SkeletalMeshLODBias:0]]
[2023.07.12-19.39.55:921][  0]LogConfig: Setting CVar [[r.ViewDistanceScale:1.0]]
[2023.07.12-19.39.55:922][  0]LogConfig: Applying CVar settings from Section [AntiAliasingQuality@3] File [C:/VperData/GitHub/ActionRoguelike/ActionRoguelike/Saved/Config/Windows/Scalability.ini]
[2023.07.12-19.39.55:922][  0]LogConfig: Setting CVar [[r.PostProcessAAQuality:4]]
[2023.07.12-19.39.55:922][  0]LogConfig: Applying CVar settings from Section [ShadowQuality@3] File [C:/VperData/GitHub/ActionRoguelike/ActionRoguelike/Saved/Config/Windows/Scalability.ini]
[2023.07.12-19.39.55:922][  0]LogConfig: Setting CVar [[r.LightFunctionQuality:1]]
[2023.07.12-19.39.55:922][  0]LogConfig: Setting CVar [[r.ShadowQuality:5]]
[2023.07.12-19.39.55:922][  0]LogConfig: Setting CVar [[r.Shadow.CSM.MaxCascades:10]]
[2023.07.12-19.39.55:922][  0]LogConfig: Setting CVar [[r.Shadow.MaxResolution:2048]]
[2023.07.12-19.39.55:922][  0]LogConfig: Setting CVar [[r.Shadow.MaxCSMResolution:2048]]
[2023.07.12-19.39.55:922][  0]LogConfig: Setting CVar [[r.Shadow.RadiusThreshold:0.01]]
[2023.07.12-19.39.55:922][  0]LogConfig: Setting CVar [[r.Shadow.DistanceScale:1.0]]
[2023.07.12-19.39.55:922][  0]LogConfig: Setting CVar [[r.Shadow.CSM.TransitionScale:1.0]]
[2023.07.12-19.39.55:922][  0]LogConfig: Setting CVar [[r.Shadow.PreShadowResolutionFactor:1.0]]
[2023.07.12-19.39.55:922][  0]LogConfig: Setting CVar [[r.DistanceFieldShadowing:1]]
[2023.07.12-19.39.55:922][  0]LogConfig: Setting CVar [[r.DistanceFieldAO:1]]
[2023.07.12-19.39.55:922][  0]LogConfig: Setting CVar [[r.AOQuality:2]]
[2023.07.12-19.39.55:922][  0]LogConfig: Setting CVar [[r.VolumetricFog:1]]
[2023.07.12-19.39.55:922][  0]LogConfig: Setting CVar [[r.VolumetricFog.GridPixelSize:8]]
[2023.07.12-19.39.55:922][  0]LogConfig: Setting CVar [[r.VolumetricFog.GridSizeZ:128]]
[2023.07.12-19.39.55:922][  0]LogConfig: Setting CVar [[r.VolumetricFog.HistoryMissSupersampleCount:4]]
[2023.07.12-19.39.55:922][  0]LogConfig: Setting CVar [[r.LightMaxDrawDistanceScale:1]]
[2023.07.12-19.39.55:922][  0]LogConfig: Setting CVar [[r.CapsuleShadows:1]]
[2023.07.12-19.39.55:922][  0]LogConfig: Applying CVar settings from Section [PostProcessQuality@3] File [C:/VperData/GitHub/ActionRoguelike/ActionRoguelike/Saved/Config/Windows/Scalability.ini]
[2023.07.12-19.39.55:922][  0]LogConfig: Setting CVar [[r.MotionBlurQuality:4]]
[2023.07.12-19.39.55:922][  0]LogConfig: Setting CVar [[r.AmbientOcclusionMipLevelFactor:0.4]]
[2023.07.12-19.39.55:922][  0]LogConfig: Setting CVar [[r.AmbientOcclusionMaxQuality:100]]
[2023.07.12-19.39.55:922][  0]LogConfig: Setting CVar [[r.AmbientOcclusionLevels:-1]]
[2023.07.12-19.39.55:922][  0]LogConfig: Setting CVar [[r.AmbientOcclusionRadiusScale:1.0]]
[2023.07.12-19.39.55:922][  0]LogConfig: Setting CVar [[r.DepthOfFieldQuality:2]]
[2023.07.12-19.39.55:922][  0]LogConfig: Setting CVar [[r.RenderTargetPoolMin:400]]
[2023.07.12-19.39.55:922][  0]LogConfig: Setting CVar [[r.LensFlareQuality:2]]
[2023.07.12-19.39.55:922][  0]LogConfig: Setting CVar [[r.SceneColorFringeQuality:1]]
[2023.07.12-19.39.55:922][  0]LogConfig: Setting CVar [[r.EyeAdaptationQuality:2]]
[2023.07.12-19.39.55:922][  0]LogConfig: Setting CVar [[r.BloomQuality:5]]
[2023.07.12-19.39.55:922][  0]LogConfig: Setting CVar [[r.FastBlurThreshold:100]]
[2023.07.12-19.39.55:922][  0]LogConfig: Setting CVar [[r.Upscale.Quality:3]]
[2023.07.12-19.39.55:922][  0]LogConfig: Setting CVar [[r.Tonemapper.GrainQuantization:1]]
[2023.07.12-19.39.55:922][  0]LogConfig: Setting CVar [[r.LightShaftQuality:1]]
[2023.07.12-19.39.55:922][  0]LogConfig: Setting CVar [[r.Filter.SizeScale:1]]
[2023.07.12-19.39.55:922][  0]LogConfig: Setting CVar [[r.Tonemapper.Quality:5]]
[2023.07.12-19.39.55:923][  0]LogConfig: Setting CVar [[r.DOF.Gather.AccumulatorQuality:1        ; higher gathering accumulator quality]]
[2023.07.12-19.39.55:923][  0]LogConfig: Setting CVar [[r.DOF.Gather.PostfilterMethod:1          ; Median3x3 postfilering method]]
[2023.07.12-19.39.55:923][  0]LogConfig: Setting CVar [[r.DOF.Gather.EnableBokehSettings:0       ; no bokeh simulation when gathering]]
[2023.07.12-19.39.55:923][  0]LogConfig: Setting CVar [[r.DOF.Gather.RingCount:4                 ; medium number of samples when gathering]]
[2023.07.12-19.39.55:923][  0]LogConfig: Setting CVar [[r.DOF.Scatter.ForegroundCompositing:1    ; additive foreground scattering]]
[2023.07.12-19.39.55:923][  0]LogConfig: Setting CVar [[r.DOF.Scatter.BackgroundCompositing:2    ; additive background scattering]]
[2023.07.12-19.39.55:923][  0]LogConfig: Setting CVar [[r.DOF.Scatter.EnableBokehSettings:1      ; bokeh simulation when scattering]]
[2023.07.12-19.39.55:923][  0]LogConfig: Setting CVar [[r.DOF.Scatter.MaxSpriteRatio:0.1         ; only a maximum of 10% of scattered bokeh]]
[2023.07.12-19.39.55:923][  0]LogConfig: Setting CVar [[r.DOF.Recombine.Quality:1                ; cheap slight out of focus]]
[2023.07.12-19.39.55:923][  0]LogConfig: Setting CVar [[r.DOF.Recombine.EnableBokehSettings:0    ; no bokeh simulation on slight out of focus]]
[2023.07.12-19.39.55:923][  0]LogConfig: Setting CVar [[r.DOF.TemporalAAQuality:1                ; more stable temporal accumulation]]
[2023.07.12-19.39.55:923][  0]LogConfig: Setting CVar [[r.DOF.Kernel.MaxForegroundRadius:0.025]]
[2023.07.12-19.39.55:923][  0]LogConfig: Setting CVar [[r.DOF.Kernel.MaxBackgroundRadius:0.025]]
[2023.07.12-19.39.55:923][  0]LogConfig: Applying CVar settings from Section [TextureQuality@3] File [C:/VperData/GitHub/ActionRoguelike/ActionRoguelike/Saved/Config/Windows/Scalability.ini]
[2023.07.12-19.39.55:923][  0]LogConfig: Setting CVar [[r.Streaming.MipBias:0]]
[2023.07.12-19.39.55:923][  0]LogConfig: Setting CVar [[r.Streaming.AmortizeCPUToGPUCopy:0]]
[2023.07.12-19.39.55:923][  0]LogConfig: Setting CVar [[r.Streaming.MaxNumTexturesToStreamPerFrame:0]]
[2023.07.12-19.39.55:923][  0]LogConfig: Setting CVar [[r.Streaming.Boost:1]]
[2023.07.12-19.39.55:923][  0]LogConfig: Setting CVar [[r.MaxAnisotropy:8]]
[2023.07.12-19.39.55:923][  0]LogConfig: Setting CVar [[r.VT.MaxAnisotropy:8]]
[2023.07.12-19.39.55:923][  0]LogConfig: Setting CVar [[r.Streaming.LimitPoolSizeToVRAM:0]]
[2023.07.12-19.39.55:923][  0]LogConfig: Setting CVar [[r.Streaming.PoolSize:1000]]
[2023.07.12-19.39.55:923][  0]LogConfig: Setting CVar [[r.Streaming.MaxEffectiveScreenSize:0]]
[2023.07.12-19.39.55:923][  0]LogConfig: Applying CVar settings from Section [EffectsQuality@3] File [C:/VperData/GitHub/ActionRoguelike/ActionRoguelike/Saved/Config/Windows/Scalability.ini]
[2023.07.12-19.39.55:923][  0]LogConfig: Setting CVar [[r.TranslucencyLightingVolumeDim:64]]
[2023.07.12-19.39.55:923][  0]LogConfig: Setting CVar [[r.RefractionQuality:2]]
[2023.07.12-19.39.55:923][  0]LogConfig: Setting CVar [[r.SSR.Quality:3]]
[2023.07.12-19.39.55:923][  0]LogConfig: Setting CVar [[r.SSR.HalfResSceneColor:0]]
[2023.07.12-19.39.55:923][  0]LogConfig: Setting CVar [[r.SceneColorFormat:4]]
[2023.07.12-19.39.55:923][  0]LogConfig: Setting CVar [[r.DetailMode:2]]
[2023.07.12-19.39.55:923][  0]LogConfig: Setting CVar [[r.TranslucencyVolumeBlur:1]]
[2023.07.12-19.39.55:923][  0]LogConfig: Setting CVar [[r.MaterialQualityLevel:1 ; High quality]]
[2023.07.12-19.39.55:923][  0]LogConfig: Setting CVar [[r.AnisotropicMaterials:1]]
[2023.07.12-19.39.55:923][  0]LogConfig: Setting CVar [[r.SSS.Scale:1]]
[2023.07.12-19.39.55:923][  0]LogConfig: Setting CVar [[r.SSS.SampleSet:2]]
[2023.07.12-19.39.55:923][  0]LogConfig: Setting CVar [[r.SSS.Quality:1]]
[2023.07.12-19.39.55:923][  0]LogConfig: Setting CVar [[r.SSS.HalfRes:0]]
[2023.07.12-19.39.55:923][  0]LogConfig: Setting CVar [[r.SSGI.Quality:3]]
[2023.07.12-19.39.55:923][  0]LogConfig: Setting CVar [[r.EmitterSpawnRateScale:1.0]]
[2023.07.12-19.39.55:924][  0]LogConfig: Setting CVar [[r.ParticleLightQuality:2]]
[2023.07.12-19.39.55:924][  0]LogConfig: Setting CVar [[r.SkyAtmosphere.AerialPerspectiveLUT.FastApplyOnOpaque:1 ; Always have FastSkyLUT 1 in this case to avoid wrong sky]]
[2023.07.12-19.39.55:924][  0]LogConfig: Setting CVar [[r.SkyAtmosphere.AerialPerspectiveLUT.SampleCountMaxPerSlice:4]]
[2023.07.12-19.39.55:924][  0]LogConfig: Setting CVar [[r.SkyAtmosphere.AerialPerspectiveLUT.DepthResolution:16.0]]
[2023.07.12-19.39.55:924][  0]LogConfig: Setting CVar [[r.SkyAtmosphere.FastSkyLUT:1]]
[2023.07.12-19.39.55:924][  0]LogConfig: Setting CVar [[r.SkyAtmosphere.FastSkyLUT.SampleCountMin:4.0]]
[2023.07.12-19.39.55:924][  0]LogConfig: Setting CVar [[r.SkyAtmosphere.FastSkyLUT.SampleCountMax:128.0]]
[2023.07.12-19.39.55:924][  0]LogConfig: Setting CVar [[r.SkyAtmosphere.SampleCountMin:4.0]]
[2023.07.12-19.39.55:924][  0]LogConfig: Setting CVar [[r.SkyAtmosphere.SampleCountMax:128.0]]
[2023.07.12-19.39.55:924][  0]LogConfig: Setting CVar [[r.SkyAtmosphere.TransmittanceLUT.UseSmallFormat:0]]
[2023.07.12-19.39.55:924][  0]LogConfig: Setting CVar [[r.SkyAtmosphere.TransmittanceLUT.SampleCount:10.0]]
[2023.07.12-19.39.55:924][  0]LogConfig: Setting CVar [[r.SkyAtmosphere.MultiScatteringLUT.SampleCount:15.0]]
[2023.07.12-19.39.55:924][  0]LogConfig: Setting CVar [[r.SkyLight.RealTimeReflectionCapture:1]]
[2023.07.12-19.39.55:924][  0]LogConfig: Applying CVar settings from Section [FoliageQuality@3] File [C:/VperData/GitHub/ActionRoguelike/ActionRoguelike/Saved/Config/Windows/Scalability.ini]
[2023.07.12-19.39.55:924][  0]LogConfig: Setting CVar [[foliage.DensityScale:1.0]]
[2023.07.12-19.39.55:924][  0]LogConfig: Setting CVar [[grass.DensityScale:1.0]]
[2023.07.12-19.39.55:924][  0]LogConfig: Applying CVar settings from Section [ShadingQuality@3] File [C:/VperData/GitHub/ActionRoguelike/ActionRoguelike/Saved/Config/Windows/Scalability.ini]
[2023.07.12-19.39.55:924][  0]LogConfig: Setting CVar [[r.HairStrands.SkyLighting.IntegrationType:2]]
[2023.07.12-19.39.55:924][  0]LogConfig: Setting CVar [[r.HairStrands.SkyAO.SampleCount:4]]
[2023.07.12-19.39.55:924][  0]LogConfig: Setting CVar [[r.HairStrands.Visibility.MSAA.SamplePerPixel:4]]
[2023.07.12-19.39.55:924][  0]LogConfig: Applying CVar settings from Section [Startup] File [../../../Engine/Config/ConsoleVariables.ini]
[2023.07.12-19.39.55:924][  0]LogConfig: Setting CVar [[net.UseAdaptiveNetUpdateFrequency:0]]
[2023.07.12-19.39.55:924][  0]LogConfig: Setting CVar [[p.chaos.AllowCreatePhysxBodies:1]]
[2023.07.12-19.39.55:924][  0]LogConfig: Setting CVar [[fx.SkipVectorVMBackendOptimizations:1]]
[2023.07.12-19.39.55:924][  0]LogConfig: Applying CVar settings from Section [ConsoleVariables] File [C:/VperData/GitHub/ActionRoguelike/ActionRoguelike/Saved/Config/Windows/Engine.ini]
[2023.07.12-19.39.55:924][  0]LogConfig: Applying CVar settings from Section [ConsoleVariables] File [C:/VperData/GitHub/ActionRoguelike/ActionRoguelike/Saved/Config/Windows/Editor.ini]
[2023.07.12-19.39.55:924][  0]LogInit: Computer: VPER
[2023.07.12-19.39.55:924][  0]LogInit: User: virtu
[2023.07.12-19.39.55:924][  0]LogInit: CPU Page size=4096, Cores=14
[2023.07.12-19.39.55:924][  0]LogInit: High frequency timer resolution =10.000000 MHz
[2023.07.12-19.39.55:924][  0]LogMemory: Memory total: Physical=31.8GB (32GB approx)
[2023.07.12-19.39.55:924][  0]LogMemory: Platform Memory Stats for Windows
[2023.07.12-19.39.55:925][  0]LogMemory: Process Physical Memory: 149.75 MB used, 149.75 MB peak
[2023.07.12-19.39.55:925][  0]LogMemory: Process Virtual Memory: 131.61 MB used, 131.61 MB peak
[2023.07.12-19.39.55:925][  0]LogMemory: Physical Memory: 13233.41 MB used,  19368.80 MB free, 32602.22 MB total
[2023.07.12-19.39.55:925][  0]LogMemory: Virtual Memory: 134203208.00 MB used,  14520.03 MB free, 134217728.00 MB total
[2023.07.12-19.39.55:929][  0]LogWindows: WindowsPlatformFeatures enabled
[2023.07.12-19.39.56:005][  0]LogInit: Physics initialised using underlying interface: PhysX
[2023.07.12-19.39.56:006][  0]LogInit: Overriding language with editor language configuration option (en).
[2023.07.12-19.39.56:006][  0]LogInit: Using OS detected locale (zh-CN).
[2023.07.12-19.39.56:116][  0]LogInit: Setting process to per monitor DPI aware
[2023.07.12-19.39.56:127][  0]LogWindowsTextInputMethodSystem: Display: IME system deactivated.
[2023.07.12-19.39.56:138][  0]LogSlate: New Slate User Created.  User Index 0, Is Virtual User: 0
[2023.07.12-19.39.56:138][  0]LogSlate: Slate User Registered.  User Index 0, Is Virtual User: 0
[2023.07.12-19.39.56:184][  0]LogD3D11RHI: Loaded GFSDK_Aftermath_Lib.x64.dll
[2023.07.12-19.39.56:187][  0]LogHMD: Failed to initialize OpenVR with code 110
[2023.07.12-19.39.56:187][  0]LogD3D11RHI: D3D11 min allowed feature level: 11_0
[2023.07.12-19.39.56:187][  0]LogD3D11RHI: D3D11 max allowed feature level: 11_0
[2023.07.12-19.39.56:187][  0]LogD3D11RHI: D3D11 adapters:
[2023.07.12-19.39.56:247][  0]LogD3D11RHI:    0. 'NVIDIA GeForce RTX 3060 Ti' (Feature Level 11_0)
[2023.07.12-19.39.56:247][  0]LogD3D11RHI:       8038/0/16301 MB DedicatedVideo/DedicatedSystem/SharedSystem, Outputs:1, VendorId:0x10de
[2023.07.12-19.39.56:249][  0]LogD3D11RHI:    1. 'Microsoft Basic Render Driver' (Feature Level 11_0)
[2023.07.12-19.39.56:249][  0]LogD3D11RHI:       0/0/16301 MB DedicatedVideo/DedicatedSystem/SharedSystem, Outputs:0, VendorId:0x1414
[2023.07.12-19.39.56:249][  0]LogD3D11RHI: Chosen D3D11 Adapter:
[2023.07.12-19.39.56:249][  0]LogD3D11RHI:     Description : NVIDIA GeForce RTX 3060 Ti
[2023.07.12-19.39.56:249][  0]LogD3D11RHI:     VendorId    : 10de
[2023.07.12-19.39.56:249][  0]LogD3D11RHI:     DeviceId    : 24c9
[2023.07.12-19.39.56:249][  0]LogD3D11RHI:     SubSysId    : 88b61043
[2023.07.12-19.39.56:249][  0]LogD3D11RHI:     Revision    : 00a1
[2023.07.12-19.39.56:249][  0]LogD3D11RHI:     DedicatedVideoMemory : 8428453888 bytes
[2023.07.12-19.39.56:249][  0]LogD3D11RHI:     DedicatedSystemMemory : 0 bytes
[2023.07.12-19.39.56:250][  0]LogD3D11RHI:     SharedSystemMemory : 17092952064 bytes
[2023.07.12-19.39.56:250][  0]LogD3D11RHI:     AdapterLuid : 0 59343
[2023.07.12-19.39.56:254][  0]LogD3D11RHI: Creating new Direct3DDevice
[2023.07.12-19.39.56:254][  0]LogD3D11RHI:     GPU DeviceId: 0x24c9 (for the marketing name, search the web for "GPU Device Id")
[2023.07.12-19.39.56:254][  0]LogWindows: EnumDisplayDevices:
[2023.07.12-19.39.56:254][  0]LogWindows:    0. 'NVIDIA GeForce RTX 3060 Ti' (P:1 D:1)
[2023.07.12-19.39.56:254][  0]LogWindows:    1. 'NVIDIA GeForce RTX 3060 Ti' (P:0 D:0)
[2023.07.12-19.39.56:255][  0]LogWindows:    2. 'NVIDIA GeForce RTX 3060 Ti' (P:0 D:0)
[2023.07.12-19.39.56:255][  0]LogWindows:    3. 'NVIDIA GeForce RTX 3060 Ti' (P:0 D:0)
[2023.07.12-19.39.56:255][  0]LogWindows: DebugString: FoundDriverCount:4 
[2023.07.12-19.39.56:255][  0]LogD3D11RHI:     Adapter Name: NVIDIA GeForce RTX 3060 Ti
[2023.07.12-19.39.56:255][  0]LogD3D11RHI:   Driver Version: 528.24 (internal:31.0.15.2824, unified:528.24)
[2023.07.12-19.39.56:255][  0]LogD3D11RHI:      Driver Date: 1-15-2023
[2023.07.12-19.39.56:255][  0]LogRHI: Texture pool is 5626 MB (70% of 8038 MB)
[2023.07.12-19.39.56:255][  0]LogD3D11RHI: Creating D3DDevice using adapter:
[2023.07.12-19.39.56:255][  0]LogD3D11RHI:     Description : NVIDIA GeForce RTX 3060 Ti
[2023.07.12-19.39.56:255][  0]LogD3D11RHI:     VendorId    : 10de
[2023.07.12-19.39.56:255][  0]LogD3D11RHI:     DeviceId    : 24c9
[2023.07.12-19.39.56:255][  0]LogD3D11RHI:     SubSysId    : 88b61043
[2023.07.12-19.39.56:255][  0]LogD3D11RHI:     Revision    : 00a1
[2023.07.12-19.39.56:255][  0]LogD3D11RHI:     DedicatedVideoMemory : 8428453888 bytes
[2023.07.12-19.39.56:255][  0]LogD3D11RHI:     DedicatedSystemMemory : 0 bytes
[2023.07.12-19.39.56:255][  0]LogD3D11RHI:     SharedSystemMemory : 17092952064 bytes
[2023.07.12-19.39.56:255][  0]LogD3D11RHI:     AdapterLuid : 0 59343
[2023.07.12-19.39.56:290][  0]LogD3D11RHI: RHI has support for 64 bit atomics
[2023.07.12-19.39.56:290][  0]LogD3D11RHI: Async texture creation enabled
[2023.07.12-19.39.56:290][  0]LogD3D11RHI: Array index from any shader is supported
[2023.07.12-19.39.56:306][  0]LogD3D11RHI: GPU Timing Frequency: 1000.000000 (Debug: 2 2)
[2023.07.12-19.39.56:322][  0]LogRHI: GeForceNow SDK initialized: 1
[2023.07.12-19.39.56:497][  0]LogTargetPlatformManager: Display: Loaded TargetPlatform 'AllDesktop'
[2023.07.12-19.39.56:511][  0]LogTargetPlatformManager: Display: Loaded TargetPlatform 'Android'
[2023.07.12-19.39.56:511][  0]LogTargetPlatformManager: Display: Loaded TargetPlatform 'Android_ASTC'
[2023.07.12-19.39.56:511][  0]LogTargetPlatformManager: Display: Loaded TargetPlatform 'Android_DXT'
[2023.07.12-19.39.56:511][  0]LogTargetPlatformManager: Display: Loaded TargetPlatform 'Android_ETC2'
[2023.07.12-19.39.56:511][  0]LogTargetPlatformManager: Display: Loaded TargetPlatform 'AndroidClient'
[2023.07.12-19.39.56:511][  0]LogTargetPlatformManager: Display: Loaded TargetPlatform 'Android_ASTCClient'
[2023.07.12-19.39.56:511][  0]LogTargetPlatformManager: Display: Loaded TargetPlatform 'Android_DXTClient'
[2023.07.12-19.39.56:511][  0]LogTargetPlatformManager: Display: Loaded TargetPlatform 'Android_ETC2Client'
[2023.07.12-19.39.56:511][  0]LogTargetPlatformManager: Display: Loaded TargetPlatform 'Android_Multi'
[2023.07.12-19.39.56:511][  0]LogTargetPlatformManager: Display: Loaded TargetPlatform 'Android_MultiClient'
[2023.07.12-19.39.56:533][  0]LogTargetPlatformManager: Display: Loaded TargetPlatform 'IOSClient'
[2023.07.12-19.39.56:533][  0]LogTargetPlatformManager: Display: Loaded TargetPlatform 'IOS'
[2023.07.12-19.39.56:540][  0]LogTargetPlatformManager: Display: Loaded TargetPlatform 'Linux'
[2023.07.12-19.39.56:544][  0]LogTargetPlatformManager: Display: Loaded TargetPlatform 'LinuxNoEditor'
[2023.07.12-19.39.56:550][  0]LogTargetPlatformManager: Display: Loaded TargetPlatform 'LinuxClient'
[2023.07.12-19.39.56:555][  0]LogTargetPlatformManager: Display: Loaded TargetPlatform 'LinuxServer'
[2023.07.12-19.39.56:561][  0]LogTargetPlatformManager: Display: Loaded TargetPlatform 'LinuxAArch64NoEditor'
[2023.07.12-19.39.56:567][  0]LogTargetPlatformManager: Display: Loaded TargetPlatform 'LinuxAArch64Client'
[2023.07.12-19.39.56:572][  0]LogTargetPlatformManager: Display: Loaded TargetPlatform 'LinuxAArch64Server'
[2023.07.12-19.39.56:588][  0]LogTargetPlatformManager: Display: Loaded TargetPlatform 'Lumin'
[2023.07.12-19.39.56:588][  0]LogTargetPlatformManager: Display: Loaded TargetPlatform 'LuminClient'
[2023.07.12-19.39.56:596][  0]LogTargetPlatformManager: Display: Loaded TargetPlatform 'MacNoEditor'
[2023.07.12-19.39.56:602][  0]LogTargetPlatformManager: Display: Loaded TargetPlatform 'Mac'
[2023.07.12-19.39.56:607][  0]LogTargetPlatformManager: Display: Loaded TargetPlatform 'MacClient'
[2023.07.12-19.39.56:613][  0]LogTargetPlatformManager: Display: Loaded TargetPlatform 'MacServer'
[2023.07.12-19.39.56:620][  0]LogTargetPlatformManager: Display: Loaded TargetPlatform 'TVOSClient'
[2023.07.12-19.39.56:620][  0]LogTargetPlatformManager: Display: Loaded TargetPlatform 'TVOS'
[2023.07.12-19.39.56:629][  0]LogTargetPlatformManager: Display: Loaded TargetPlatform 'WindowsNoEditor'
[2023.07.12-19.39.56:637][  0]LogTargetPlatformManager: Display: Loaded TargetPlatform 'Windows'
[2023.07.12-19.39.56:643][  0]LogTargetPlatformManager: Display: Loaded TargetPlatform 'WindowsClient'
[2023.07.12-19.39.56:650][  0]LogTargetPlatformManager: Display: Loaded TargetPlatform 'WindowsServer'
[2023.07.12-19.39.56:650][  0]LogTargetPlatformManager: Display: Building Assets For Windows
[2023.07.12-19.39.56:661][  0]LogAudioDebug: Display: Lib vorbis DLL was dynamically loaded.
[2023.07.12-19.39.56:718][  0]LogTextureFormatOodle: Display: Oodle Texture 2.9.0 init RDO Off
[2023.07.12-19.39.56:775][  0]LogRendererCore: Ray tracing is disabled. Reason: r.RayTracing=0.
[2023.07.12-19.39.56:775][  0]LogShaderCompilers: Guid format shader working directory is -22 characters bigger than the processId version (../../../../../../../VperData/GitHub/ActionRoguelike/ActionRoguelike/Intermediate/Shaders/WorkingDirectory/3040/).
[2023.07.12-19.39.56:775][  0]LogShaderCompilers: Cleaned the shader compiler working directory 'C:/Users/virtu/AppData/Local/Temp/UnrealShaderWorkingDir/6E9B783C4CED9F95A414F1AC729E92AB/'.
[2023.07.12-19.39.56:776][  0]LogXGEController: Cannot use XGE Controller as Incredibuild is not installed on this machine.
[2023.07.12-19.39.56:776][  0]LogShaderCompilers: Cannot use XGE Shader Compiler as Incredibuild is not installed on this machine.
[2023.07.12-19.39.56:776][  0]LogShaderCompilers: Display: Using Local Shader Compiler.
[2023.07.12-19.39.57:215][  0]LogDerivedDataCache: Display: Max Cache Size: 512 MB
[2023.07.12-19.39.57:253][  0]LogDerivedDataCache: Loaded boot cache 0.04s 94MB C:/Users/virtu/AppData/Local/UnrealEngine/4.27/DerivedDataCache/Boot.ddc.
[2023.07.12-19.39.57:253][  0]LogDerivedDataCache: Display: Loaded Boot cache: C:/Users/virtu/AppData/Local/UnrealEngine/4.27/DerivedDataCache/Boot.ddc
[2023.07.12-19.39.57:253][  0]LogDerivedDataCache: FDerivedDataBackendGraph:  Pak pak cache file ../../../../../../../VperData/GitHub/ActionRoguelike/ActionRoguelike/DerivedDataCache/DDC.ddp not found, will not use a pak cache.
[2023.07.12-19.39.57:253][  0]LogDerivedDataCache: Unable to find inner node Pak for hierarchical cache Hierarchy.
[2023.07.12-19.39.57:253][  0]LogDerivedDataCache: FDerivedDataBackendGraph:  CompressedPak pak cache file ../../../../../../../VperData/GitHub/ActionRoguelike/ActionRoguelike/DerivedDataCache/Compressed.ddp not found, will not use a pak cache.
[2023.07.12-19.39.57:253][  0]LogDerivedDataCache: Unable to find inner node CompressedPak for hierarchical cache Hierarchy.
[2023.07.12-19.39.57:264][  0]LogDerivedDataCache: Display: Pak cache opened for reading ../../../Engine/DerivedDataCache/Compressed.ddp.
[2023.07.12-19.39.57:264][  0]LogDerivedDataCache: FDerivedDataBackendGraph:  EnterprisePak pak cache file ../../../Enterprise/DerivedDataCache/Compressed.ddp not found, will not use a pak cache.
[2023.07.12-19.39.57:264][  0]LogDerivedDataCache: Unable to find inner node EnterprisePak for hierarchical cache Hierarchy.
[2023.07.12-19.39.57:267][  0]LogDerivedDataCache: Speed tests for C:/Users/virtu/AppData/Local/UnrealEngine/Common/DerivedDataCache took 0.00 seconds
[2023.07.12-19.39.57:267][  0]LogDerivedDataCache: Display: Performance to C:/Users/virtu/AppData/Local/UnrealEngine/Common/DerivedDataCache: Latency=0.01ms. RandomReadSpeed=2121.12MBs, RandomWriteSpeed=441.66MBs. Assigned SpeedClass 'Local'
[2023.07.12-19.39.57:268][  0]LogDerivedDataCache: Using Local data cache path C:/Users/virtu/AppData/Local/UnrealEngine/Common/DerivedDataCache: Writable
[2023.07.12-19.39.57:269][  0]LogDerivedDataCache: Shared data cache path not found in *engine.ini, will not use an Shared cache.
[2023.07.12-19.39.57:269][  0]LogDerivedDataCache: Unable to find inner node Shared for hierarchical cache Hierarchy.
[2023.07.12-19.39.57:294][  0]LogSlate: Using FreeType 2.10.0
[2023.07.12-19.39.57:294][  0]LogSlate: SlateFontServices - WITH_FREETYPE: 1, WITH_HARFBUZZ: 1
[2023.07.12-19.39.57:312][  0]LogAssetRegistry: FAssetRegistry took 0.0025 seconds to start up
[2023.07.12-19.39.57:432][  0]LogInit: Selected Device Profile: [Windows]
[2023.07.12-19.39.57:432][  0]LogInit: Active device profile: [000002B4D876ED00][000002B4D59991C0 49] Windows
[2023.07.12-19.39.57:432][  0]LogInit: Profiles: [000002B4D876ED00][000002B4D59991C0 49] Windows, [000002B4D86F9700][000002B4D2697340 49] WindowsNoEditor, [000002B4D876E200][000002B4D269B4C0 49] WindowsServer, [000002B4D86FA100][000002B4D269F640 49] WindowsClient, [000002B4D876C400][000002B4D5B057C0 49] IOS, [000002B4D86FB400][000002B4D5B09940 49] iPadAir, [000002B4D876C600][000002B4D5B0DAC0 49] iPadAir2, [000002B4D8699100][000002B4D5B14200 49] IPadPro, [000002B4D8699200][000002B4D5B10240 49] iPadAir3, [000002B4D86FAC00][000002B4D5B183C0 49] iPadAir4, [000002B4D8699F00][000002B4D5B1C540 49] iPadMini2, [000002B4D86F8700][000002B4D5B206C0 49] iPadMini3, [000002B4D869AA00][000002B4D5B24840 49] iPadMini4, [000002B4D86F8F00][000002B4D2692980 49] iPadMini5, [000002B4D86D8900][000002B4D5B2CBC0 49] iPhone6, [000002B4D86D8A00][000002B4D5B28C00 49] iPodTouch6, [000002B4D876D600][000002B4D5B38E80 49] iPhone7, [000002B4D876D300][000002B4D5B30EC0 49] iPodTouch7, [000002B4D86D8200][000002B4D5B3D040 49] iPhone5S, [000002B4D8699D00][000002B4D5B411C0 49] iPhone6Plus, [000002B4D86DBA00][000002B4D5B45340 49] iPhone6S, [000002B4D8698E00][000002B4D5B494C0 49] iPhone6SPlus, [000002B4D86DB300][000002B4D5B4D640 49] iPhone7Plus, [000002B4D869AB00][000002B4D65D37C0 49] iPhoneSE, [000002B4D86D9E00][000002B4D65D7940 49] iPhone8, [000002B4D8699A00][000002B4D65DBAC0 49] iPhone8Plus, [000002B4D86D9A00][000002B4D65DE0C0 49] iPhoneX, [000002B4D869A700][000002B4D65E2240 49] iPhoneXS, [000002B4D876CA00][000002B4D65E63C0 49] iPhoneXSMax, [000002B4D869B500][000002B4D65EA540 49] iPhoneXR, [000002B4D876F900][000002B4D65EE6C0 49] iPhone11, [000002B4D8699400][000002B4D65F2840 49] iPhone11Pro, [000002B4D876CC00][000002B4D65F69C0 49] iPhone11ProMax, [000002B4D8698800][000002B4D65FAB40 49] iPhoneSE2, [000002B4D876DD00][000002B4D5B34C80 49] iPhone12Mini, [000002B4D869BA00][000002B4D65FEDC0 49] iPhone12, [000002B4D876DF00][000002B4D6602F00 49] iPhone12Pro, [000002B4D869BB00][000002B4D660B080 49] iPhone12ProMax, [000002B4D876D500][000002B4D660F200 49] iPadPro105, [000002B4D869A900][000002B4D6613380 49] iPadPro129, [000002B4D876F200][000002B4D6617500 49] iPadPro97, [000002B4D8699500][000002B4D661B680 49] iPadPro2_129, [000002B4D876DE00][000002B4D661F800 49] iPad5, [000002B4D8699300][000002B4D6623980 49] iPad6, [000002B4D876E500][000002B4D6627B00 49] iPad7, [000002B4D869AF00][000002B4D662A100 49] iPad8, [000002B4D876D800][000002B4D662E280 49] iPadPro11, [000002B4D8699B00][000002B4D6632400 49] iPadPro2_11, [000002B4D876CE00][000002B4D6636580 49] iPadPro3_129, [000002B4D869B700][000002B4D663A700 49] iPadPro4_129, [000002B4D876F700][000002B4D663E880 49] AppleTV, [000002B4D869B400][000002B4D6642A00 49] AppleTV4K, [000002B4D876E800][000002B4D6646B80 49] TVOS, [000002B4D8699C00][000002B4D664AD00 49] Mac, [000002B4D876DA00][000002B4D6606E40 49] MacClient, [000002B4D869BE00][000002B4D664EF80 49] MacNoEditor, [000002B4D876FC00][000002B4D66530C0 49] MacServer, [000002B4D869A600][000002B4D665B240 49] Linux, [000002B4D876CB00][000002B4D665F3C0 49] LinuxAArch64, [000002B4D869B800][000002B4D6663540 49] LinuxNoEditor, [000002B4D876F400][000002B4D66676C0 49] LinuxAArch64NoEditor, [000002B4D869A300][000002B4D666B840 49] LinuxClient, [000002B4D876F100][000002B4D666F9C0 49] LinuxAArch64Client, [000002B4D8699600][000002B4D6673B40 49] LinuxServer, [000002B4D876E400][000002B4D6676140 49] LinuxAArch64Server, [000002B4D869AE00][000002B4D667A2C0 49] Android, [000002B4D876D400][000002B4D667E440 49] Android_Low, [000002B4D8699900][000002B4D66825C0 49] Android_Mid, [000002B4D876D000][000002B4D6686740 49] Android_High, [000002B4D8698A00][000002B4D668A8C0 49] Android_Default, [000002B4D876D200][000002B4D668EA40 49] Android_Adreno4xx, [000002B4D869B100][000002B4D6692BC0 49] Android_Adreno5xx_Low, [000002B4D86F9B00][000002B4D6696D40 49] Android_Adreno5xx, [000002B4D86DB600][000002B4D669AEC0 49] Android_Adreno6xx, [000002B4D86F9900][000002B4D6657000 49] Android_Adreno6xx_Vulkan, [000002B4D86DBE00][000002B4D669F140 49] Android_Mali_T6xx, [000002B4D86F9A00][000002B4D66A3280 49] Android_Mali_T7xx, [000002B4D86D9900][000002B4D66A73C0 49] Android_Mali_T8xx, [000002B4D86FB300][000002B4D66AF540 49] Android_Mali_G71, [000002B4D86D9D00][000002B4D66B36C0 49] Android_Mali_G72, [000002B4D86FB200][000002B4D66B7840 49] Android_Mali_G72_Vulkan, [000002B4D86D8700][000002B4D66BB9C0 49] Android_Mali_G76, [000002B4D86F9300][000002B4D66BFB40 49] Android_Mali_G76_Vulkan, [000002B4D86D9400][000002B4D66C2140 49] Android_Mali_G77, [000002B4D86FB700][000002B4D66C62C0 49] Android_Mali_G77_Vulkan, [000002B4D86DAA00][000002B4D66CA440 49] Android_Mali_G78, [000002B4D86FBE00][000002B4D66CE5C0 49] Android_Mali_G78_Vulkan, [000002B4D86D9000][000002B4D66D2740 49] Android_Mali_G710, [000002B4D86FBD00][000002B4D66D68C0 49] Android_Mali_G710_Vulkan, [000002B4D86DB500][000002B4D66DAA40 49] Android_Vulkan_SM5, [000002B4D86F8900][000002B4D66DEBC0 49] Android_PowerVR_G6xxx, [000002B4D86D8400][000002B4D66E2D40 49] Android_PowerVR_GT7xxx, [000002B4D86F8D00][000002B4D66E6EC0 49] Android_PowerVR_GE8xxx, [000002B4D86D9C00][000002B4D66EB040 49] Android_PowerVR_GM9xxx, [000002B4D86FBC00][000002B4D66AB180 49] Android_PowerVR_GM9xxx_Vulkan, [000002B4D86DA600][000002B4D66EF2C0 49] Android_TegraK1, [000002B4D86FB800][000002B4D66F3400 49] Android_Unknown_Vulkan, [000002B4D86DBB00][000002B4D66F7540 49] Lumin, [000002B4D86FB000][000002B4D66FF6C0 49] Lumin_Desktop, [000002B4D869A000][000002B4D6703840 49] HoloLens, 
[2023.07.12-19.39.57:531][  0]LogMeshReduction: Using QuadricMeshReduction for automatic static mesh reduction
[2023.07.12-19.39.57:531][  0]LogMeshReduction: Using SimplygonMeshReduction for automatic skeletal mesh reduction
[2023.07.12-19.39.57:531][  0]LogMeshReduction: Using ProxyLODMeshReduction for automatic mesh merging
[2023.07.12-19.39.57:531][  0]LogMeshReduction: No distributed automatic mesh merging module available
[2023.07.12-19.39.57:532][  0]LogMeshMerging: No distributed automatic mesh merging module available
[2023.07.12-19.39.57:543][  0]LogNetVersion: ActionRoguelike 1.0.0, NetCL: 17155196, EngineNetVer: 17, GameNetVer: 0 (Checksum: 1099936942)
[2023.07.12-19.39.57:742][  0]LogTexture: Default maximum texture size for cubemaps generated from long-lat sources has been changed from 512 to unlimited. In order to preserve old behaiour for '/Engine/MapTemplates/Sky/DaylightAmbientCubemap.DaylightAmbientCubemap', its maximum texture size has been explicitly set to 512.
[2023.07.12-19.39.57:774][  0]LogHMD: PokeAHoleMaterial loaded successfully
[2023.07.12-19.39.57:777][  0]LogUObjectArray: 17178 objects as part of root set at end of initial load.
[2023.07.12-19.39.57:777][  0]LogUObjectAllocator: 4302048 out of 0 bytes used by permanent object pool.
[2023.07.12-19.39.57:777][  0]LogUObjectArray: CloseDisregardForGC: 0/0 objects in disregard for GC pool
[2023.07.12-19.39.58:130][  0]LogNiagaraDebuggerClient: Niagara Debugger Client Initialized | Session: 1032097B487C9C258AEBDC9E48F38522 | Instance: CF504F354EC0A939669E818BD276411F (VPER-3040).
[2023.07.12-19.39.58:174][  0]LogPython: Using Python 3.7.7
[2023.07.12-19.39.58:573][  0]LogTcpMessaging: Initializing TcpMessaging bridge
[2023.07.12-19.39.58:579][  0]LogUdpMessaging: Initializing bridge on interface 0.0.0.0:0 to multicast group 230.0.0.1:6666.
[2023.07.12-19.39.58:805][  0]SourceControl: Source control is disabled
[2023.07.12-19.39.58:805][  0]SourceControl: Source control is disabled
[2023.07.12-19.39.58:818][  0]SourceControl: Source control is disabled
[2023.07.12-19.39.58:823][  0]SourceControl: Source control is disabled
[2023.07.12-19.39.58:842][  0]SourceControl: Source control is disabled
[2023.07.12-19.39.58:852][  0]LogUProjectInfo: Found projects:
[2023.07.12-19.39.59:125][  0]LogOpenImageDenoise: OIDN starting up
[2023.07.12-19.39.59:206][  0]LogAndroidPermission: UAndroidPermissionCallbackProxy::GetInstance
[2023.07.12-19.39.59:240][  0]LogAudioCaptureCore: Display: No Audio Capture implementations found. Audio input will be silent.
[2023.07.12-19.39.59:240][  0]LogAudioCaptureCore: Display: No Audio Capture implementations found. Audio input will be silent.
[2023.07.12-19.39.59:356][  0]LogCollectionManager: Loaded 0 collections in 0.001372 seconds
[2023.07.12-19.39.59:385][  0]LogFileCache: Scanning file cache for directory 'C:/VperData/GitHub/ActionRoguelike/ActionRoguelike/Saved/Collections/' took 0.00s
[2023.07.12-19.39.59:385][  0]LogFileCache: Scanning file cache for directory 'C:/VperData/GitHub/ActionRoguelike/ActionRoguelike/Content/Developers/virtu/Collections/' took 0.00s
[2023.07.12-19.39.59:385][  0]LogFileCache: Scanning file cache for directory 'C:/VperData/GitHub/ActionRoguelike/ActionRoguelike/Content/Collections/' took 0.00s
[2023.07.12-19.39.59:385][  0]LogOcInput: OculusInput pre-init called
[2023.07.12-19.39.59:557][  0]LogEngine: Initializing Engine...
[2023.07.12-19.39.59:559][  0]LogHMD: Failed to enumerate extensions. Please check that you have a valid OpenXR runtime installed.
[2023.07.12-19.39.59:559][  0]LogHMD: Failed to initialize OpenVR with code 110
[2023.07.12-19.39.59:559][  0]LogMagicLeap: Warning: VR disabled because ZI is not enabled.  To enable, in the editor, Edit -> Project Settings -> Plugins -> Magic Leap Plugin -> Enable Zero Iteration
[2023.07.12-19.39.59:560][  0]LogStats: UGameplayTagsManager::InitializeManager -  0.000 s
[2023.07.12-19.39.59:623][  0]LogInit: Initializing FReadOnlyCVARCache
[2023.07.12-19.39.59:636][  0]LogAIModule: Creating AISystem for world Untitled
[2023.07.12-19.39.59:642][  0]LogAudio: Display: Initializing Audio Device Manager...
[2023.07.12-19.39.59:648][  0]LogAudio: Display: Loading Default Audio Settings Objects...
[2023.07.12-19.39.59:648][  0]LogAudio: Display: No default SoundConcurrencyObject specified (or failed to load).
[2023.07.12-19.39.59:648][  0]LogAudio: Display: Audio Device Manager Initialized
[2023.07.12-19.39.59:649][  0]LogAudio: Display: Creating Audio Device:                 Id: 1, Scope: Shared, Realtime: True
[2023.07.12-19.39.59:649][  0]LogAudioMixer: Display: Audio Mixer Platform Settings:
[2023.07.12-19.39.59:649][  0]LogAudioMixer: Display: 	Sample Rate:						  48000
[2023.07.12-19.39.59:649][  0]LogAudioMixer: Display: 	Callback Buffer Frame Size Requested: 1024
[2023.07.12-19.39.59:649][  0]LogAudioMixer: Display: 	Callback Buffer Frame Size To Use:	  1024
[2023.07.12-19.39.59:649][  0]LogAudioMixer: Display: 	Number of buffers to queue:			  2
[2023.07.12-19.39.59:649][  0]LogAudioMixer: Display: 	Max Channels (voices):				  32
[2023.07.12-19.39.59:649][  0]LogAudioMixer: Display: 	Number of Async Source Workers:		  0
[2023.07.12-19.39.59:649][  0]LogAudio: Display: AudioDevice MaxSources: 32
[2023.07.12-19.39.59:649][  0]LogAudio: Display: Audio Spatialization Plugin: None (built-in).
[2023.07.12-19.39.59:649][  0]LogAudio: Display: Audio Reverb Plugin: None (built-in).
[2023.07.12-19.39.59:649][  0]LogAudio: Display: Audio Occlusion Plugin: None (built-in).
[2023.07.12-19.39.59:649][  0]LogAudioMixer: Display: Initializing audio mixer.
[2023.07.12-19.39.59:656][  0]LogAudioMixer: Display: 0: FrontLeft
[2023.07.12-19.39.59:656][  0]LogAudioMixer: Display: 1: FrontRight
[2023.07.12-19.39.59:669][  0]LogAudioMixer: Display: Using Audio Device Realtek HD Audio 2nd output (Realtek(R) Audio)
[2023.07.12-19.39.59:670][  0]LogAudioMixer: Display: Initializing Sound Submixes...
[2023.07.12-19.39.59:671][  0]LogAudioMixer: Display: Creating Master Submix 'MasterSubmixDefault'
[2023.07.12-19.39.59:671][  0]LogAudioMixer: Display: Creating Master Submix 'MasterReverbSubmixDefault'
[2023.07.12-19.39.59:672][  0]LogAudioMixer: Display: Creating Master Submix 'MasterEQSubmixDefault'
[2023.07.12-19.39.59:672][  0]LogAudioMixer: FMixerPlatformXAudio2::StartAudioStream() called
[2023.07.12-19.39.59:672][  0]LogAudioMixer: Display: Output buffers initialized: Frames=1024, Channels=2, Samples=2048
[2023.07.12-19.39.59:673][  0]LogAudioMixer: Display: Starting AudioMixerPlatformInterface::RunInternal()
[2023.07.12-19.39.59:673][  0]LogAudioMixer: Display: FMixerPlatformXAudio2::SubmitBuffer() called for the first time
[2023.07.12-19.39.59:673][  0]LogInit: FAudioDevice initialized.
[2023.07.12-19.39.59:673][  0]LogAudio: Display: Audio Device (ID: 1) registered with world 'Untitled'.
[2023.07.12-19.39.59:674][  0]LogNetVersion: Set ProjectVersion to 1.0.0.0. Version Checksum will be recalculated on next use.
[2023.07.12-19.39.59:707][  0]LogDerivedDataCache: Saved boot cache 0.03s 94MB C:/Users/virtu/AppData/Local/UnrealEngine/4.27/DerivedDataCache/Boot.ddc.
[2023.07.12-19.39.59:709][  0]LogInit: Texture streaming: Enabled
[2023.07.12-19.39.59:727][  0]LogAnalytics: Display: [UEEditor.Rocket.Release] APIServer = https://datarouter.ol.epicgames.com/. AppVersion = 4.27.2-18319896+++UE4+Release-4.27
[2023.07.12-19.39.59:732][  0]LogEngineSessionManager: EngineSessionManager initialized
[2023.07.12-19.39.59:732][  0]LogEditorSessionSummary: Verbose: Initializing EditorSessionSummaryWriter for editor session tracking
[2023.07.12-19.39.59:733][  0]LogEditorSessionSummary: EditorSessionSummaryWriter initialized
[2023.07.12-19.39.59:751][  0]LogInit: Transaction tracking system initialized
[2023.07.12-19.39.59:787][  0]BlueprintLog: New page: Editor Load
[2023.07.12-19.39.59:876][  0]LocalizationService: Localization service is disabled
[2023.07.12-19.39.59:919][  0]TimingProfiler: Initialize
[2023.07.12-19.39.59:919][  0]TimingProfiler: OnSessionChanged
[2023.07.12-19.39.59:919][  0]LoadingProfiler: Initialize
[2023.07.12-19.39.59:919][  0]LoadingProfiler: OnSessionChanged
[2023.07.12-19.39.59:919][  0]NetworkingProfiler: Initialize
[2023.07.12-19.39.59:919][  0]NetworkingProfiler: OnSessionChanged
[2023.07.12-19.39.59:919][  0]MemoryProfiler: Initialize
[2023.07.12-19.39.59:920][  0]MemoryProfiler: OnSessionChanged
[2023.07.12-19.40.00:199][  0]LogCook: Display: CookSettings for Memory: MemoryMaxUsedVirtual 0MiB, MemoryMaxUsedPhysical 16384MiB, MemoryMinFreeVirtual 0MiB, MemoryMinFreePhysical 1024MiB
[2023.07.12-19.40.00:199][  0]LogCook: Display: Mobile HDR setting 1
[2023.07.12-19.40.00:455][  0]LogFileCache: Scanning file cache for directory 'C:/VperData/GitHub/ActionRoguelike/ActionRoguelike/Content/' took 0.01s
[2023.07.12-19.40.00:574][  0]LogInit: Display: Engine is initialized. Leaving FEngineLoop::Init()
[2023.07.12-19.40.00:575][  0]SourceControl: Source control is disabled
[2023.07.12-19.40.00:575][  0]LogUnrealEdMisc: Loading editor; pre map load, took 5.606
[2023.07.12-19.40.00:575][  0]Cmd: MAP LOAD FILE="../../../../../../../VperData/GitHub/ActionRoguelike/ActionRoguelike/Content/ActionRoguelike/Maps/TestLevel.umap" TEMPLATE=0 SHOWPROGRESS=1 FEATURELEVEL=3
[2023.07.12-19.40.00:575][  0]LightingResults: New page: Lighting Build
[2023.07.12-19.40.00:576][  0]LogWorld: UWorld::CleanupWorld for Untitled, bSessionEnded=true, bCleanupResources=true
[2023.07.12-19.40.00:576][  0]LogSlate: InvalidateAllWidgets triggered.  All widgets were invalidated
[2023.07.12-19.40.00:576][  0]MapCheck: New page: Map Check
[2023.07.12-19.40.00:576][  0]LightingResults: New page: Lighting Build
[2023.07.12-19.40.00:584][  0]LogAudio: Display: Audio Device unregistered from world 'None'.
[2023.07.12-19.40.00:587][  0]LogUObjectHash: Compacting FUObjectHashTables data took   0.72ms
[2023.07.12-19.40.00:803][  0]LogSkeletalMesh: Display: [AssetLog] C:\VperData\GitHub\ActionRoguelike\ActionRoguelike\Content\ParagonGideon\Characters\Heroes\Gideon\Meshes\Gideon.uasset: Find and fix some bad tangent! please re-import this skeletal mesh asset to fix the issue. The shading of the skeletal mesh will be bad and faceted.
[2023.07.12-19.40.00:868][  0]LogAudio: Display: Audio Device (ID: 1) registered with world 'TestLevel'.
[2023.07.12-19.40.00:869][  0]LogAIModule: Creating AISystem for world TestLevel
[2023.07.12-19.40.00:875][  0]LogEditorServer: Finished looking for orphan Actors (0.000 secs)
[2023.07.12-19.40.00:882][  0]LogUObjectHash: Compacting FUObjectHashTables data took   0.52ms
[2023.07.12-19.40.00:882][  0]Cmd: MAP CHECKDEP NOCLEARLOG
[2023.07.12-19.40.00:883][  0]MapCheck: Map check complete: 0 Error(s), 0 Warning(s), took 0.085ms to complete.
[2023.07.12-19.40.00:883][  0]LogFileHelpers: Loading map 'TestLevel' took 0.307
[2023.07.12-19.40.00:885][  0]LogUnrealEdMisc: Total Editor Startup Time, took 5.915
[2023.07.12-19.40.01:011][  0]LogSlate: Updating window title bar state: overlay mode, drag disabled, window buttons hidden, title bar hidden
[2023.07.12-19.40.01:014][  0]LogSlate: Updating window title bar state: overlay mode, drag disabled, window buttons hidden, title bar hidden
[2023.07.12-19.40.01:017][  0]LogSlate: Updating window title bar state: overlay mode, drag disabled, window buttons hidden, title bar hidden
[2023.07.12-19.40.01:020][  0]LogSlate: Updating window title bar state: overlay mode, drag disabled, window buttons hidden, title bar hidden
[2023.07.12-19.40.01:028][  0]LogNativeClassHierarchy: Verbose: Native class hierarchy populated in 0.0053 seconds. Added 3840 classes and 932 folders.
[2023.07.12-19.40.01:031][  0]LogNativeClassHierarchy: Verbose: Native class hierarchy updated for 'WidgetCarousel' in 0.0001 seconds. Added 0 classes and 0 folders.
[2023.07.12-19.40.01:032][  0]LogPakFile: PakFile PrimaryIndexSize=187
[2023.07.12-19.40.01:032][  0]LogPakFile: PakFile PathHashIndexSize=101
[2023.07.12-19.40.01:032][  0]LogPakFile: PakFile FullDirectoryIndexSize=148
[2023.07.12-19.40.01:032][  0]LogShaderLibrary: Display: ShaderCodeLibraryPakFileMountedCallback: PakFile 'C:/Program Files (x86)/Vper/UE/UE_4.27/FeaturePacks/FP_FirstPerson.upack' (chunk index -1, root 'root:/') mounted
[2023.07.12-19.40.01:032][  0]LogShaderLibrary: Display: ShaderCodeLibraryPakFileMountedCallback: pending pak file info (ChunkID:-1 Root:root:/ File:C:/Program Files (x86)/Vper/UE/UE_4.27/FeaturePacks/FP_FirstPerson.upack)
[2023.07.12-19.40.01:032][  0]LogPakFile: OnPakFileMounted2Time == 0.000188
[2023.07.12-19.40.01:032][  0]LogPakFile: PakFile PrimaryIndexSize=189
[2023.07.12-19.40.01:032][  0]LogPakFile: PakFile PathHashIndexSize=101
[2023.07.12-19.40.01:032][  0]LogPakFile: PakFile FullDirectoryIndexSize=152
[2023.07.12-19.40.01:032][  0]LogShaderLibrary: Display: ShaderCodeLibraryPakFileMountedCallback: PakFile 'C:/Program Files (x86)/Vper/UE/UE_4.27/FeaturePacks/FP_FirstPersonBP.upack' (chunk index -1, root 'root:/') mounted
[2023.07.12-19.40.01:033][  0]LogShaderLibrary: Display: ShaderCodeLibraryPakFileMountedCallback: pending pak file info (ChunkID:-1 Root:root:/ File:C:/Program Files (x86)/Vper/UE/UE_4.27/FeaturePacks/FP_FirstPersonBP.upack)
[2023.07.12-19.40.01:033][  0]LogPakFile: OnPakFileMounted2Time == 0.000081
[2023.07.12-19.40.01:033][  0]LogPakFile: PakFile PrimaryIndexSize=191
[2023.07.12-19.40.01:033][  0]LogPakFile: PakFile PathHashIndexSize=101
[2023.07.12-19.40.01:033][  0]LogPakFile: PakFile FullDirectoryIndexSize=160
[2023.07.12-19.40.01:033][  0]LogShaderLibrary: Display: ShaderCodeLibraryPakFileMountedCallback: PakFile 'C:/Program Files (x86)/Vper/UE/UE_4.27/FeaturePacks/MobileStarterContent.upack' (chunk index -1, root 'root:/') mounted
[2023.07.12-19.40.01:033][  0]LogShaderLibrary: Display: ShaderCodeLibraryPakFileMountedCallback: pending pak file info (ChunkID:-1 Root:root:/ File:C:/Program Files (x86)/Vper/UE/UE_4.27/FeaturePacks/MobileStarterContent.upack)
[2023.07.12-19.40.01:033][  0]LogPakFile: OnPakFileMounted2Time == 0.000082
[2023.07.12-19.40.01:033][  0]LogPakFile: PakFile PrimaryIndexSize=185
[2023.07.12-19.40.01:033][  0]LogPakFile: PakFile PathHashIndexSize=101
[2023.07.12-19.40.01:033][  0]LogPakFile: PakFile FullDirectoryIndexSize=148
[2023.07.12-19.40.01:033][  0]LogShaderLibrary: Display: ShaderCodeLibraryPakFileMountedCallback: PakFile 'C:/Program Files (x86)/Vper/UE/UE_4.27/FeaturePacks/StarterContent.upack' (chunk index -1, root 'root:/') mounted
[2023.07.12-19.40.01:033][  0]LogShaderLibrary: Display: ShaderCodeLibraryPakFileMountedCallback: pending pak file info (ChunkID:-1 Root:root:/ File:C:/Program Files (x86)/Vper/UE/UE_4.27/FeaturePacks/StarterContent.upack)
[2023.07.12-19.40.01:033][  0]LogPakFile: OnPakFileMounted2Time == 0.000090
[2023.07.12-19.40.01:033][  0]LogPakFile: PakFile PrimaryIndexSize=190
[2023.07.12-19.40.01:033][  0]LogPakFile: PakFile PathHashIndexSize=101
[2023.07.12-19.40.01:033][  0]LogPakFile: PakFile FullDirectoryIndexSize=154
[2023.07.12-19.40.01:034][  0]LogShaderLibrary: Display: ShaderCodeLibraryPakFileMountedCallback: PakFile 'C:/Program Files (x86)/Vper/UE/UE_4.27/FeaturePacks/TP_2DSideScroller.upack' (chunk index -1, root 'root:/') mounted
[2023.07.12-19.40.01:034][  0]LogShaderLibrary: Display: ShaderCodeLibraryPakFileMountedCallback: pending pak file info (ChunkID:-1 Root:root:/ File:C:/Program Files (x86)/Vper/UE/UE_4.27/FeaturePacks/TP_2DSideScroller.upack)
[2023.07.12-19.40.01:034][  0]LogPakFile: OnPakFileMounted2Time == 0.000082
[2023.07.12-19.40.01:034][  0]LogPakFile: PakFile PrimaryIndexSize=192
[2023.07.12-19.40.01:034][  0]LogPakFile: PakFile PathHashIndexSize=101
[2023.07.12-19.40.01:034][  0]LogPakFile: PakFile FullDirectoryIndexSize=158
[2023.07.12-19.40.01:034][  0]LogShaderLibrary: Display: ShaderCodeLibraryPakFileMountedCallback: PakFile 'C:/Program Files (x86)/Vper/UE/UE_4.27/FeaturePacks/TP_2DSideScrollerBP.upack' (chunk index -1, root 'root:/') mounted
[2023.07.12-19.40.01:034][  0]LogShaderLibrary: Display: ShaderCodeLibraryPakFileMountedCallback: pending pak file info (ChunkID:-1 Root:root:/ File:C:/Program Files (x86)/Vper/UE/UE_4.27/FeaturePacks/TP_2DSideScrollerBP.upack)
[2023.07.12-19.40.01:034][  0]LogPakFile: OnPakFileMounted2Time == 0.000092
[2023.07.12-19.40.01:034][  0]LogPakFile: PakFile PrimaryIndexSize=182
[2023.07.12-19.40.01:034][  0]LogPakFile: PakFile PathHashIndexSize=101
[2023.07.12-19.40.01:034][  0]LogPakFile: PakFile FullDirectoryIndexSize=138
[2023.07.12-19.40.01:034][  0]LogShaderLibrary: Display: ShaderCodeLibraryPakFileMountedCallback: PakFile 'C:/Program Files (x86)/Vper/UE/UE_4.27/FeaturePacks/TP_Flying.upack' (chunk index -1, root 'root:/') mounted
[2023.07.12-19.40.01:035][  0]LogShaderLibrary: Display: ShaderCodeLibraryPakFileMountedCallback: pending pak file info (ChunkID:-1 Root:root:/ File:C:/Program Files (x86)/Vper/UE/UE_4.27/FeaturePacks/TP_Flying.upack)
[2023.07.12-19.40.01:035][  0]LogPakFile: OnPakFileMounted2Time == 0.000093
[2023.07.12-19.40.01:035][  0]LogPakFile: PakFile PrimaryIndexSize=184
[2023.07.12-19.40.01:035][  0]LogPakFile: PakFile PathHashIndexSize=101
[2023.07.12-19.40.01:035][  0]LogPakFile: PakFile FullDirectoryIndexSize=142
[2023.07.12-19.40.01:035][  0]LogShaderLibrary: Display: ShaderCodeLibraryPakFileMountedCallback: PakFile 'C:/Program Files (x86)/Vper/UE/UE_4.27/FeaturePacks/TP_FlyingBP.upack' (chunk index -1, root 'root:/') mounted
[2023.07.12-19.40.01:035][  0]LogShaderLibrary: Display: ShaderCodeLibraryPakFileMountedCallback: pending pak file info (ChunkID:-1 Root:root:/ File:C:/Program Files (x86)/Vper/UE/UE_4.27/FeaturePacks/TP_FlyingBP.upack)
[2023.07.12-19.40.01:035][  0]LogPakFile: OnPakFileMounted2Time == 0.000103
[2023.07.12-19.40.01:035][  0]LogPakFile: PakFile PrimaryIndexSize=188
[2023.07.12-19.40.01:035][  0]LogPakFile: PakFile PathHashIndexSize=101
[2023.07.12-19.40.01:035][  0]LogPakFile: PakFile FullDirectoryIndexSize=150
[2023.07.12-19.40.01:035][  0]LogShaderLibrary: Display: ShaderCodeLibraryPakFileMountedCallback: PakFile 'C:/Program Files (x86)/Vper/UE/UE_4.27/FeaturePacks/TP_HandheldARBP.upack' (chunk index -1, root 'root:/') mounted
[2023.07.12-19.40.01:035][  0]LogShaderLibrary: Display: ShaderCodeLibraryPakFileMountedCallback: pending pak file info (ChunkID:-1 Root:root:/ File:C:/Program Files (x86)/Vper/UE/UE_4.27/FeaturePacks/TP_HandheldARBP.upack)
[2023.07.12-19.40.01:036][  0]LogPakFile: OnPakFileMounted2Time == 0.000118
[2023.07.12-19.40.01:036][  0]LogPakFile: PakFile PrimaryIndexSize=182
[2023.07.12-19.40.01:036][  0]LogPakFile: PakFile PathHashIndexSize=101
[2023.07.12-19.40.01:036][  0]LogPakFile: PakFile FullDirectoryIndexSize=138
[2023.07.12-19.40.01:036][  0]LogShaderLibrary: Display: ShaderCodeLibraryPakFileMountedCallback: PakFile 'C:/Program Files (x86)/Vper/UE/UE_4.27/FeaturePacks/TP_Puzzle.upack' (chunk index -1, root 'root:/') mounted
[2023.07.12-19.40.01:036][  0]LogShaderLibrary: Display: ShaderCodeLibraryPakFileMountedCallback: pending pak file info (ChunkID:-1 Root:root:/ File:C:/Program Files (x86)/Vper/UE/UE_4.27/FeaturePacks/TP_Puzzle.upack)
[2023.07.12-19.40.01:036][  0]LogPakFile: OnPakFileMounted2Time == 0.000089
[2023.07.12-19.40.01:036][  0]LogPakFile: PakFile PrimaryIndexSize=184
[2023.07.12-19.40.01:037][  0]LogPakFile: PakFile PathHashIndexSize=101
[2023.07.12-19.40.01:037][  0]LogPakFile: PakFile FullDirectoryIndexSize=142
[2023.07.12-19.40.01:037][  0]LogShaderLibrary: Display: ShaderCodeLibraryPakFileMountedCallback: PakFile 'C:/Program Files (x86)/Vper/UE/UE_4.27/FeaturePacks/TP_PuzzleBP.upack' (chunk index -1, root 'root:/') mounted
[2023.07.12-19.40.01:037][  0]LogShaderLibrary: Display: ShaderCodeLibraryPakFileMountedCallback: pending pak file info (ChunkID:-1 Root:root:/ File:C:/Program Files (x86)/Vper/UE/UE_4.27/FeaturePacks/TP_PuzzleBP.upack)
[2023.07.12-19.40.01:037][  0]LogPakFile: OnPakFileMounted2Time == 0.000090
[2023.07.12-19.40.01:037][  0]LogPakFile: PakFile PrimaryIndexSize=183
[2023.07.12-19.40.01:037][  0]LogPakFile: PakFile PathHashIndexSize=101
[2023.07.12-19.40.01:037][  0]LogPakFile: PakFile FullDirectoryIndexSize=140
[2023.07.12-19.40.01:037][  0]LogShaderLibrary: Display: ShaderCodeLibraryPakFileMountedCallback: PakFile 'C:/Program Files (x86)/Vper/UE/UE_4.27/FeaturePacks/TP_Rolling.upack' (chunk index -1, root 'root:/') mounted
[2023.07.12-19.40.01:037][  0]LogShaderLibrary: Display: ShaderCodeLibraryPakFileMountedCallback: pending pak file info (ChunkID:-1 Root:root:/ File:C:/Program Files (x86)/Vper/UE/UE_4.27/FeaturePacks/TP_Rolling.upack)
[2023.07.12-19.40.01:037][  0]LogPakFile: OnPakFileMounted2Time == 0.000082
[2023.07.12-19.40.01:037][  0]LogPakFile: PakFile PrimaryIndexSize=185
[2023.07.12-19.40.01:037][  0]LogPakFile: PakFile PathHashIndexSize=101
[2023.07.12-19.40.01:037][  0]LogPakFile: PakFile FullDirectoryIndexSize=144
[2023.07.12-19.40.01:038][  0]LogShaderLibrary: Display: ShaderCodeLibraryPakFileMountedCallback: PakFile 'C:/Program Files (x86)/Vper/UE/UE_4.27/FeaturePacks/TP_RollingBP.upack' (chunk index -1, root 'root:/') mounted
[2023.07.12-19.40.01:038][  0]LogShaderLibrary: Display: ShaderCodeLibraryPakFileMountedCallback: pending pak file info (ChunkID:-1 Root:root:/ File:C:/Program Files (x86)/Vper/UE/UE_4.27/FeaturePacks/TP_RollingBP.upack)
[2023.07.12-19.40.01:038][  0]LogPakFile: OnPakFileMounted2Time == 0.000110
[2023.07.12-19.40.01:038][  0]LogPakFile: PakFile PrimaryIndexSize=188
[2023.07.12-19.40.01:038][  0]LogPakFile: PakFile PathHashIndexSize=101
[2023.07.12-19.40.01:038][  0]LogPakFile: PakFile FullDirectoryIndexSize=150
[2023.07.12-19.40.01:038][  0]LogShaderLibrary: Display: ShaderCodeLibraryPakFileMountedCallback: PakFile 'C:/Program Files (x86)/Vper/UE/UE_4.27/FeaturePacks/TP_SideScroller.upack' (chunk index -1, root 'root:/') mounted
[2023.07.12-19.40.01:038][  0]LogShaderLibrary: Display: ShaderCodeLibraryPakFileMountedCallback: pending pak file info (ChunkID:-1 Root:root:/ File:C:/Program Files (x86)/Vper/UE/UE_4.27/FeaturePacks/TP_SideScroller.upack)
[2023.07.12-19.40.01:038][  0]LogPakFile: OnPakFileMounted2Time == 0.000086
[2023.07.12-19.40.01:038][  0]LogPakFile: PakFile PrimaryIndexSize=190
[2023.07.12-19.40.01:038][  0]LogPakFile: PakFile PathHashIndexSize=101
[2023.07.12-19.40.01:039][  0]LogPakFile: PakFile FullDirectoryIndexSize=154
[2023.07.12-19.40.01:039][  0]LogShaderLibrary: Display: ShaderCodeLibraryPakFileMountedCallback: PakFile 'C:/Program Files (x86)/Vper/UE/UE_4.27/FeaturePacks/TP_SideScrollerBP.upack' (chunk index -1, root 'root:/') mounted
[2023.07.12-19.40.01:039][  0]LogShaderLibrary: Display: ShaderCodeLibraryPakFileMountedCallback: pending pak file info (ChunkID:-1 Root:root:/ File:C:/Program Files (x86)/Vper/UE/UE_4.27/FeaturePacks/TP_SideScrollerBP.upack)
[2023.07.12-19.40.01:039][  0]LogPakFile: OnPakFileMounted2Time == 0.000076
[2023.07.12-19.40.01:039][  0]LogPakFile: PakFile PrimaryIndexSize=187
[2023.07.12-19.40.01:039][  0]LogPakFile: PakFile PathHashIndexSize=101
[2023.07.12-19.40.01:039][  0]LogPakFile: PakFile FullDirectoryIndexSize=148
[2023.07.12-19.40.01:039][  0]LogShaderLibrary: Display: ShaderCodeLibraryPakFileMountedCallback: PakFile 'C:/Program Files (x86)/Vper/UE/UE_4.27/FeaturePacks/TP_ThirdPerson.upack' (chunk index -1, root 'root:/') mounted
[2023.07.12-19.40.01:039][  0]LogShaderLibrary: Display: ShaderCodeLibraryPakFileMountedCallback: pending pak file info (ChunkID:-1 Root:root:/ File:C:/Program Files (x86)/Vper/UE/UE_4.27/FeaturePacks/TP_ThirdPerson.upack)
[2023.07.12-19.40.01:039][  0]LogPakFile: OnPakFileMounted2Time == 0.000084
[2023.07.12-19.40.01:039][  0]LogPakFile: PakFile PrimaryIndexSize=189
[2023.07.12-19.40.01:039][  0]LogPakFile: PakFile PathHashIndexSize=101
[2023.07.12-19.40.01:039][  0]LogPakFile: PakFile FullDirectoryIndexSize=152
[2023.07.12-19.40.01:040][  0]LogShaderLibrary: Display: ShaderCodeLibraryPakFileMountedCallback: PakFile 'C:/Program Files (x86)/Vper/UE/UE_4.27/FeaturePacks/TP_ThirdPersonBP.upack' (chunk index -1, root 'root:/') mounted
[2023.07.12-19.40.01:040][  0]LogShaderLibrary: Display: ShaderCodeLibraryPakFileMountedCallback: pending pak file info (ChunkID:-1 Root:root:/ File:C:/Program Files (x86)/Vper/UE/UE_4.27/FeaturePacks/TP_ThirdPersonBP.upack)
[2023.07.12-19.40.01:040][  0]LogPakFile: OnPakFileMounted2Time == 0.000084
[2023.07.12-19.40.01:040][  0]LogPakFile: PakFile PrimaryIndexSize=183
[2023.07.12-19.40.01:040][  0]LogPakFile: PakFile PathHashIndexSize=101
[2023.07.12-19.40.01:040][  0]LogPakFile: PakFile FullDirectoryIndexSize=140
[2023.07.12-19.40.01:040][  0]LogShaderLibrary: Display: ShaderCodeLibraryPakFileMountedCallback: PakFile 'C:/Program Files (x86)/Vper/UE/UE_4.27/FeaturePacks/TP_TopDown.upack' (chunk index -1, root 'root:/') mounted
[2023.07.12-19.40.01:040][  0]LogShaderLibrary: Display: ShaderCodeLibraryPakFileMountedCallback: pending pak file info (ChunkID:-1 Root:root:/ File:C:/Program Files (x86)/Vper/UE/UE_4.27/FeaturePacks/TP_TopDown.upack)
[2023.07.12-19.40.01:040][  0]LogPakFile: OnPakFileMounted2Time == 0.000090
[2023.07.12-19.40.01:040][  0]LogPakFile: PakFile PrimaryIndexSize=185
[2023.07.12-19.40.01:040][  0]LogPakFile: PakFile PathHashIndexSize=101
[2023.07.12-19.40.01:040][  0]LogPakFile: PakFile FullDirectoryIndexSize=144
[2023.07.12-19.40.01:040][  0]LogShaderLibrary: Display: ShaderCodeLibraryPakFileMountedCallback: PakFile 'C:/Program Files (x86)/Vper/UE/UE_4.27/FeaturePacks/TP_TopDownBP.upack' (chunk index -1, root 'root:/') mounted
[2023.07.12-19.40.01:041][  0]LogShaderLibrary: Display: ShaderCodeLibraryPakFileMountedCallback: pending pak file info (ChunkID:-1 Root:root:/ File:C:/Program Files (x86)/Vper/UE/UE_4.27/FeaturePacks/TP_TopDownBP.upack)
[2023.07.12-19.40.01:041][  0]LogPakFile: OnPakFileMounted2Time == 0.000119
[2023.07.12-19.40.01:041][  0]LogPakFile: PakFile PrimaryIndexSize=185
[2023.07.12-19.40.01:041][  0]LogPakFile: PakFile PathHashIndexSize=101
[2023.07.12-19.40.01:041][  0]LogPakFile: PakFile FullDirectoryIndexSize=144
[2023.07.12-19.40.01:041][  0]LogShaderLibrary: Display: ShaderCodeLibraryPakFileMountedCallback: PakFile 'C:/Program Files (x86)/Vper/UE/UE_4.27/FeaturePacks/TP_TwinStick.upack' (chunk index -1, root 'root:/') mounted
[2023.07.12-19.40.01:041][  0]LogShaderLibrary: Display: ShaderCodeLibraryPakFileMountedCallback: pending pak file info (ChunkID:-1 Root:root:/ File:C:/Program Files (x86)/Vper/UE/UE_4.27/FeaturePacks/TP_TwinStick.upack)
[2023.07.12-19.40.01:041][  0]LogPakFile: OnPakFileMounted2Time == 0.000077
[2023.07.12-19.40.01:042][  0]LogPakFile: PakFile PrimaryIndexSize=187
[2023.07.12-19.40.01:042][  0]LogPakFile: PakFile PathHashIndexSize=101
[2023.07.12-19.40.01:042][  0]LogPakFile: PakFile FullDirectoryIndexSize=148
[2023.07.12-19.40.01:042][  0]LogShaderLibrary: Display: ShaderCodeLibraryPakFileMountedCallback: PakFile 'C:/Program Files (x86)/Vper/UE/UE_4.27/FeaturePacks/TP_TwinStickBP.upack' (chunk index -1, root 'root:/') mounted
[2023.07.12-19.40.01:042][  0]LogShaderLibrary: Display: ShaderCodeLibraryPakFileMountedCallback: pending pak file info (ChunkID:-1 Root:root:/ File:C:/Program Files (x86)/Vper/UE/UE_4.27/FeaturePacks/TP_TwinStickBP.upack)
[2023.07.12-19.40.01:042][  0]LogPakFile: OnPakFileMounted2Time == 0.000112
[2023.07.12-19.40.01:042][  0]LogPakFile: PakFile PrimaryIndexSize=183
[2023.07.12-19.40.01:042][  0]LogPakFile: PakFile PathHashIndexSize=101
[2023.07.12-19.40.01:042][  0]LogPakFile: PakFile FullDirectoryIndexSize=140
[2023.07.12-19.40.01:042][  0]LogShaderLibrary: Display: ShaderCodeLibraryPakFileMountedCallback: PakFile 'C:/Program Files (x86)/Vper/UE/UE_4.27/FeaturePacks/TP_Vehicle.upack' (chunk index -1, root 'root:/') mounted
[2023.07.12-19.40.01:042][  0]LogShaderLibrary: Display: ShaderCodeLibraryPakFileMountedCallback: pending pak file info (ChunkID:-1 Root:root:/ File:C:/Program Files (x86)/Vper/UE/UE_4.27/FeaturePacks/TP_Vehicle.upack)
[2023.07.12-19.40.01:042][  0]LogPakFile: OnPakFileMounted2Time == 0.000107
[2023.07.12-19.40.01:043][  0]LogPakFile: PakFile PrimaryIndexSize=186
[2023.07.12-19.40.01:043][  0]LogPakFile: PakFile PathHashIndexSize=101
[2023.07.12-19.40.01:043][  0]LogPakFile: PakFile FullDirectoryIndexSize=146
[2023.07.12-19.40.01:043][  0]LogShaderLibrary: Display: ShaderCodeLibraryPakFileMountedCallback: PakFile 'C:/Program Files (x86)/Vper/UE/UE_4.27/FeaturePacks/TP_VehicleAdv.upack' (chunk index -1, root 'root:/') mounted
[2023.07.12-19.40.01:043][  0]LogShaderLibrary: Display: ShaderCodeLibraryPakFileMountedCallback: pending pak file info (ChunkID:-1 Root:root:/ File:C:/Program Files (x86)/Vper/UE/UE_4.27/FeaturePacks/TP_VehicleAdv.upack)
[2023.07.12-19.40.01:043][  0]LogPakFile: OnPakFileMounted2Time == 0.000098
[2023.07.12-19.40.01:043][  0]LogPakFile: PakFile PrimaryIndexSize=188
[2023.07.12-19.40.01:043][  0]LogPakFile: PakFile PathHashIndexSize=101
[2023.07.12-19.40.01:043][  0]LogPakFile: PakFile FullDirectoryIndexSize=150
[2023.07.12-19.40.01:043][  0]LogShaderLibrary: Display: ShaderCodeLibraryPakFileMountedCallback: PakFile 'C:/Program Files (x86)/Vper/UE/UE_4.27/FeaturePacks/TP_VehicleAdvBP.upack' (chunk index -1, root 'root:/') mounted
[2023.07.12-19.40.01:043][  0]LogShaderLibrary: Display: ShaderCodeLibraryPakFileMountedCallback: pending pak file info (ChunkID:-1 Root:root:/ File:C:/Program Files (x86)/Vper/UE/UE_4.27/FeaturePacks/TP_VehicleAdvBP.upack)
[2023.07.12-19.40.01:043][  0]LogPakFile: OnPakFileMounted2Time == 0.000087
[2023.07.12-19.40.01:044][  0]LogPakFile: PakFile PrimaryIndexSize=185
[2023.07.12-19.40.01:044][  0]LogPakFile: PakFile PathHashIndexSize=101
[2023.07.12-19.40.01:044][  0]LogPakFile: PakFile FullDirectoryIndexSize=144
[2023.07.12-19.40.01:044][  0]LogShaderLibrary: Display: ShaderCodeLibraryPakFileMountedCallback: PakFile 'C:/Program Files (x86)/Vper/UE/UE_4.27/FeaturePacks/TP_VehicleBP.upack' (chunk index -1, root 'root:/') mounted
[2023.07.12-19.40.01:044][  0]LogShaderLibrary: Display: ShaderCodeLibraryPakFileMountedCallback: pending pak file info (ChunkID:-1 Root:root:/ File:C:/Program Files (x86)/Vper/UE/UE_4.27/FeaturePacks/TP_VehicleBP.upack)
[2023.07.12-19.40.01:045][  0]LogPakFile: OnPakFileMounted2Time == 0.000129
[2023.07.12-19.40.01:045][  0]LogPakFile: PakFile PrimaryIndexSize=192
[2023.07.12-19.40.01:045][  0]LogPakFile: PakFile PathHashIndexSize=101
[2023.07.12-19.40.01:045][  0]LogPakFile: PakFile FullDirectoryIndexSize=158
[2023.07.12-19.40.01:045][  0]LogShaderLibrary: Display: ShaderCodeLibraryPakFileMountedCallback: PakFile 'C:/Program Files (x86)/Vper/UE/UE_4.27/FeaturePacks/TP_VirtualRealityBP.upack' (chunk index -1, root 'root:/') mounted
[2023.07.12-19.40.01:045][  0]LogShaderLibrary: Display: ShaderCodeLibraryPakFileMountedCallback: pending pak file info (ChunkID:-1 Root:root:/ File:C:/Program Files (x86)/Vper/UE/UE_4.27/FeaturePacks/TP_VirtualRealityBP.upack)
[2023.07.12-19.40.01:045][  0]LogPakFile: OnPakFileMounted2Time == 0.000124
[2023.07.12-19.40.01:061][  0]LogNativeClassHierarchy: Verbose: Native class hierarchy updated for 'AddContentDialog' in 0.0002 seconds. Added 0 classes and 0 folders.
[2023.07.12-19.40.01:065][  0]LogNativeClassHierarchy: Verbose: Native class hierarchy updated for 'SceneOutliner' in 0.0003 seconds. Added 2 classes and 0 folders.
[2023.07.12-19.40.01:129][  0]LogSlate: Took 0.000106 seconds to synchronously load lazily loaded font '../../../Engine/Content/Slate/Fonts/Roboto-Regular.ttf' (155K)
[2023.07.12-19.40.01:130][  0]LogSlate: Took 0.000079 seconds to synchronously load lazily loaded font '../../../Engine/Content/Editor/Slate/Fonts/FontAwesome.ttf' (139K)
[2023.07.12-19.40.01:130][  0]LogSlate: Took 0.000072 seconds to synchronously load lazily loaded font '../../../Engine/Content/Slate/Fonts/Roboto-Bold.ttf' (160K)
[2023.07.12-19.40.01:171][  0]LogRenderer: Reallocating scene render targets to support 1208x568 Format 10 NumSamples 1 (Frame:1).
[2023.07.12-19.40.01:395][  0]LogSlate: Took 0.000120 seconds to synchronously load lazily loaded font '../../../Engine/Content/Slate/Fonts/Roboto-Light.ttf' (167K)
[2023.07.12-19.40.01:463][  0]LogNativeClassHierarchy: Verbose: Native class hierarchy updated for 'HierarchicalLODOutliner' in 0.0002 seconds. Added 0 classes and 0 folders.
[2023.07.12-19.40.01:463][  0]LogLoad: (Engine Initialization) Total time: 6.49 seconds
[2023.07.12-19.40.01:463][  0]LogLoad: (Engine Initialization) Total Blueprint compile time: 0.00 seconds
[2023.07.12-19.40.01:495][  0]LogAssetRegistry: Asset discovery search completed in 4.1847 seconds
[2023.07.12-19.40.01:498][  0]LogCollectionManager: Fixed up redirectors for 0 collections in 0.000002 seconds (updated 0 objects)
[2023.07.12-19.40.01:499][  0]LogContentStreaming: Texture pool size now 1000 MB
[2023.07.12-19.40.04:832][347]LogTemp: Repeating last play command: Selected Viewport
[2023.07.12-19.40.04:835][347]LogPlayLevel: PlayLevel: No blueprints needed recompiling
[2023.07.12-19.40.04:836][347]PIE: New page: PIE session: TestLevel (2023年7月13日 上午11:40:04)
[2023.07.12-19.40.04:837][347]LogOnline: OSS: Creating online subsystem instance for: NULL
[2023.07.12-19.40.04:838][347]LogOnline: OSS: TryLoadSubsystemAndSetDefault: Loaded subsystem for module [NULL]
[2023.07.12-19.40.04:839][347]LogPlayLevel: Creating play world package: /Game/ActionRoguelike/Maps/UEDPIE_0_TestLevel
[2023.07.12-19.40.04:842][347]LogPlayLevel: PIE: StaticDuplicateObject took: (0.003457s)
[2023.07.12-19.40.04:843][347]LogAIModule: Creating AISystem for world TestLevel
[2023.07.12-19.40.04:843][347]LogPlayLevel: PIE: World Init took: (0.000684s)
[2023.07.12-19.40.04:843][347]LogPlayLevel: PIE: Created PIE world by copying editor world from /Game/ActionRoguelike/Maps/TestLevel.TestLevel to /Game/ActionRoguelike/Maps/UEDPIE_0_TestLevel.TestLevel (0.004328s)
[2023.07.12-19.40.04:847][347]LogUObjectHash: Compacting FUObjectHashTables data took   0.38ms
[2023.07.12-19.40.04:847][347]LogAudio: Display: Creating Audio Device:                 Id: 2, Scope: Unique, Realtime: True
[2023.07.12-19.40.04:847][347]LogAudioMixer: Display: Audio Mixer Platform Settings:
[2023.07.12-19.40.04:847][347]LogAudioMixer: Display: 	Sample Rate:						  48000
[2023.07.12-19.40.04:847][347]LogAudioMixer: Display: 	Callback Buffer Frame Size Requested: 1024
[2023.07.12-19.40.04:847][347]LogAudioMixer: Display: 	Callback Buffer Frame Size To Use:	  1024
[2023.07.12-19.40.04:847][347]LogAudioMixer: Display: 	Number of buffers to queue:			  2
[2023.07.12-19.40.04:848][347]LogAudioMixer: Display: 	Max Channels (voices):				  32
[2023.07.12-19.40.04:848][347]LogAudioMixer: Display: 	Number of Async Source Workers:		  0
[2023.07.12-19.40.04:848][347]LogAudio: Display: AudioDevice MaxSources: 32
[2023.07.12-19.40.04:848][347]LogAudio: Display: Audio Spatialization Plugin: None (built-in).
[2023.07.12-19.40.04:848][347]LogAudio: Display: Audio Reverb Plugin: None (built-in).
[2023.07.12-19.40.04:848][347]LogAudio: Display: Audio Occlusion Plugin: None (built-in).
[2023.07.12-19.40.04:848][347]LogAudioMixer: Display: Initializing audio mixer.
[2023.07.12-19.40.04:849][347]LogAudioMixer: Display: 0: FrontLeft
[2023.07.12-19.40.04:849][347]LogAudioMixer: Display: 1: FrontRight
[2023.07.12-19.40.04:856][347]LogAudioMixer: Display: Using Audio Device Realtek HD Audio 2nd output (Realtek(R) Audio)
[2023.07.12-19.40.04:857][347]LogAudioMixer: Display: Initializing Sound Submixes...
[2023.07.12-19.40.04:857][347]LogAudioMixer: Display: Creating Master Submix 'MasterSubmixDefault'
[2023.07.12-19.40.04:857][347]LogAudioMixer: Display: Creating Master Submix 'MasterReverbSubmixDefault'
[2023.07.12-19.40.04:857][347]LogAudioMixer: Display: Creating Master Submix 'MasterEQSubmixDefault'
[2023.07.12-19.40.04:857][347]LogAudioMixer: FMixerPlatformXAudio2::StartAudioStream() called
[2023.07.12-19.40.04:857][347]LogAudioMixer: Display: Output buffers initialized: Frames=1024, Channels=2, Samples=2048
[2023.07.12-19.40.04:858][347]LogAudioMixer: Display: Starting AudioMixerPlatformInterface::RunInternal()
[2023.07.12-19.40.04:858][347]LogAudioMixer: Display: FMixerPlatformXAudio2::SubmitBuffer() called for the first time
[2023.07.12-19.40.04:858][347]LogInit: FAudioDevice initialized.
[2023.07.12-19.40.04:858][347]LogAudio: Display: Audio Device (ID: 2) registered with world 'TestLevel'.
[2023.07.12-19.40.04:866][347]LogLoad: Game class is 'GameModeBP_C'
[2023.07.12-19.40.04:869][347]LogWorld: Bringing World /Game/ActionRoguelike/Maps/UEDPIE_0_TestLevel.TestLevel up for play (max tick rate 0) at 2023.07.13-03.40.04
[2023.07.12-19.40.04:869][347]LogWorld: Bringing up level for play took: 0.002179
[2023.07.12-19.40.04:869][347]LogOnline: OSS: Creating online subsystem instance for: :Context_7
[2023.07.12-19.40.04:871][347]LogNativeClassHierarchy: Verbose: Native class hierarchy updated for 'MovieSceneCapture' in 0.0002 seconds. Added 20 classes and 0 folders.
[2023.07.12-19.40.04:872][347]PIE: Server logged in
[2023.07.12-19.40.04:873][347]PIE: Play in editor total start time 0.037 seconds.
[2023.07.12-19.40.06:757][561]LogTemp: Warning: ASMagicProjectile::Explode_Implementation()... On Timestamp: 0
[2023.07.12-19.40.14:717][516]LogTemp: Warning: ASMagicProjectile::Explode_Implementation()... On Timestamp: -2147483648
[2023.07.12-19.40.15:233][578]LogTemp: Warning: ASMagicProjectile::Explode_Implementation()... On Timestamp: 0
[2023.07.12-19.40.15:750][640]LogTemp: Warning: ASMagicProjectile::Explode_Implementation()... On Timestamp: -2147483648
[2023.07.12-19.40.19:292][ 65]LogTemp: Warning: ASMagicProjectile::Explode_Implementation()... On Timestamp: -1610612736
[2023.07.12-19.40.19:801][126]LogTemp: Warning: ASMagicProjectile::Explode_Implementation()... On Timestamp: -2147483648
[2023.07.12-19.40.20:317][188]LogTemp: Warning: ASMagicProjectile::Explode_Implementation()... On Timestamp: -1610612736
[2023.07.12-19.40.21:509][331]LogTemp: Warning: ASMagicProjectile::Explode_Implementation()... On Timestamp: -1073741824
[2023.07.12-19.40.21:991][389]LogTemp: Warning: ASMagicProjectile::Explode_Implementation()... On Timestamp: 0
[2023.07.12-19.40.22:441][443]LogTemp: Warning: ASMagicProjectile::Explode_Implementation()... On Timestamp: -536870912
[2023.07.12-19.40.22:791][485]LogTemp: Warning: ASMagicProjectile::Explode_Implementation()... On Timestamp: 536870912
[2023.07.12-19.40.23:050][516]LogTemp: Warning: ASMagicProjectile::Explode_Implementation()... On Timestamp: 0
[2023.07.12-19.40.23:356][549]LogSlate: Updating window title bar state: overlay mode, drag disabled, window buttons hidden, title bar hidden
[2023.07.12-19.40.23:356][549]LogWorld: BeginTearingDown for /Game/ActionRoguelike/Maps/UEDPIE_0_TestLevel
[2023.07.12-19.40.23:357][549]LogWorld: UWorld::CleanupWorld for TestLevel, bSessionEnded=true, bCleanupResources=true
[2023.07.12-19.40.23:357][549]LogSlate: InvalidateAllWidgets triggered.  All widgets were invalidated
[2023.07.12-19.40.23:377][549]LogPlayLevel: Display: Shutting down PIE online subsystems
[2023.07.12-19.40.23:378][549]LogSlate: InvalidateAllWidgets triggered.  All widgets were invalidated
[2023.07.12-19.40.23:382][549]LogSlate: Updating window title bar state: overlay mode, drag disabled, window buttons hidden, title bar hidden
[2023.07.12-19.40.23:383][549]LogAudioMixer: FMixerPlatformXAudio2::StopAudioStream() called
[2023.07.12-19.40.23:385][549]LogAudioMixer: FMixerPlatformXAudio2::StopAudioStream() called
[2023.07.12-19.40.23:388][549]LogUObjectHash: Compacting FUObjectHashTables data took   0.42ms
[2023.07.12-19.40.23:431][553]LogPlayLevel: Display: Destroying online subsystem :Context_7
