Log file open, 07/11/23 23:39:32
LogWindows: Failed to load 'aqProf.dll' (GetLastError=126)
LogWindows: File 'aqProf.dll' does not exist
LogWindows: Failed to load 'VtuneApi.dll' (GetLastError=126)
LogWindows: File 'VtuneApi.dll' does not exist
LogWindows: Failed to load 'VtuneApi32e.dll' (GetLastError=126)
LogWindows: File 'VtuneApi32e.dll' does not exist
LogConsoleResponse: Display: Failed to find resolution value strings in scalability ini. Falling back to default.
LogConsoleResponse: Display: Failed to find resolution value strings in scalability ini. Falling back to default.
LogInit: Display: Running engine for game: ActionRoguelike
LogPlatformFile: Not using cached read wrapper
LogTaskGraph: Started task graph with 5 named threads and 59 total threads with 3 sets of task threads.
LogStats: Stats thread started at 0.241729
LogICUInternationalization: ICU TimeZone Detection - Raw Offset: +8:00, Platform Override: ''
LogInit: Display: Loading text-based GConfig....
LogPluginManager: Mounting plugin MeshPainting
LogPluginManager: Mounting plugin XGEController
LogPluginManager: Mounting plugin Paper2D
LogPluginManager: Mounting plugin AISupport
LogPluginManager: Mounting plugin EnvironmentQueryEditor
LogPluginManager: Mounting plugin LightPropagationVolume
LogPluginManager: Mounting plugin CameraShakePreviewer
LogPluginManager: Mounting plugin GameplayCameras
LogPluginManager: Mounting plugin LiveLink
LogPluginManager: Mounting plugin OodleData
LogPluginManager: Mounting plugin OodleNetwork
LogPluginManager: Mounting plugin AnimationSharing
LogPluginManager: Mounting plugin CLionSourceCodeAccess
LogPluginManager: Mounting plugin CodeLiteSourceCodeAccess
LogPluginManager: Mounting plugin GitSourceControl
LogPluginManager: Mounting plugin KDevelopSourceCodeAccess
LogPluginManager: Mounting plugin PerforceSourceControl
LogPluginManager: Mounting plugin PixWinPlugin
LogPluginManager: Mounting plugin PlasticSourceControl
LogPluginManager: Mounting plugin PluginUtils
LogPluginManager: Mounting plugin PropertyAccessNode
LogPluginManager: Mounting plugin NullSourceCodeAccess
LogPluginManager: Mounting plugin RiderSourceCodeAccess
LogPluginManager: Mounting plugin UObjectPlugin
LogPluginManager: Mounting plugin TextureFormatOodle
LogPluginManager: Mounting plugin VisualStudioSourceCodeAccess
LogPluginManager: Mounting plugin XCodeSourceCodeAccess
LogPluginManager: Mounting plugin SubversionSourceControl
LogPluginManager: Mounting plugin VisualStudioCodeSourceCodeAccess
LogPluginManager: Mounting plugin DatasmithContent
LogPluginManager: Mounting plugin AssetManagerEditor
LogPluginManager: Mounting plugin VariantManagerContent
LogPluginManager: Mounting plugin GameplayTagsEditor
LogPluginManager: Mounting plugin CryptoKeys
LogPluginManager: Mounting plugin FacialAnimation
LogPluginManager: Mounting plugin CurveEditorTools
LogPluginManager: Mounting plugin GeometryMode
LogPluginManager: Mounting plugin MaterialAnalyzer
LogPluginManager: Mounting plugin MacGraphicsSwitching
LogPluginManager: Mounting plugin SpeedTreeImporter
LogPluginManager: Mounting plugin DataValidation
LogPluginManager: Mounting plugin PluginBrowser
LogPluginManager: Mounting plugin MobileLauncherProfileWizard
LogPluginManager: Mounting plugin AlembicImporter
LogPluginManager: Mounting plugin BackChannel
LogPluginManager: Mounting plugin ChaosClothEditor
LogPluginManager: Mounting plugin ChaosSolverPlugin
LogPluginManager: Mounting plugin AutomationUtils
LogPluginManager: Mounting plugin ChaosCloth
LogPluginManager: Mounting plugin ChaosEditor
LogPluginManager: Mounting plugin CharacterAI
LogPluginManager: Mounting plugin ChaosNiagara
LogPluginManager: Mounting plugin GeometryCache
LogPluginManager: Mounting plugin GeometryCollectionPlugin
LogPluginManager: Mounting plugin GeometryProcessing
LogPluginManager: Mounting plugin OpenImageDenoise
LogPluginManager: Mounting plugin PlanarCut
LogPluginManager: Mounting plugin PlatformCrypto
LogPluginManager: Mounting plugin MotoSynth
LogPluginManager: Mounting plugin PythonScriptPlugin
LogPluginManager: Mounting plugin SkeletalReduction
LogPluginManager: Mounting plugin Niagara
LogPluginManager: Mounting plugin LuminPlatformFeatures
LogPluginManager: Mounting plugin ProxyLODPlugin
LogPluginManager: Mounting plugin AndroidMedia
LogPluginManager: Mounting plugin MagicLeapLightEstimation
LogPluginManager: Mounting plugin MagicLeapMedia
LogPluginManager: Mounting plugin MagicLeap
LogPluginManager: Mounting plugin AvfMedia
LogPluginManager: Mounting plugin MagicLeapPassableWorld
LogPluginManager: Mounting plugin MLSDK
LogPluginManager: Mounting plugin MediaCompositing
LogPluginManager: Mounting plugin ImgMedia
LogPluginManager: Mounting plugin MediaPlayerEditor
LogPluginManager: Mounting plugin WebMMedia
LogPluginManager: Mounting plugin ActorSequence
LogPluginManager: Mounting plugin MatineeToLevelSequence
LogPluginManager: Mounting plugin WmfMedia
LogPluginManager: Mounting plugin LevelSequenceEditor
LogPluginManager: Mounting plugin UdpMessaging
LogPluginManager: Mounting plugin ActorLayerUtilities
LogPluginManager: Mounting plugin TemplateSequence
LogPluginManager: Mounting plugin LauncherChunkInstaller
LogPluginManager: Mounting plugin AndroidDeviceProfileSelector
LogPluginManager: Mounting plugin TcpMessaging
LogPluginManager: Mounting plugin AndroidMoviePlayer
LogPluginManager: Mounting plugin AndroidPermission
LogPluginManager: Mounting plugin AppleImageUtils
LogPluginManager: Mounting plugin AudioCapture
LogPluginManager: Mounting plugin ArchVisCharacter
LogPluginManager: Mounting plugin AppleMoviePlayer
LogPluginManager: Mounting plugin CustomMeshComponent
LogPluginManager: Mounting plugin AudioSynesthesia
LogPluginManager: Mounting plugin EditableMesh
LogPluginManager: Mounting plugin ExampleDeviceProfileSelector
LogPluginManager: Mounting plugin CableComponent
LogPluginManager: Mounting plugin ChunkDownloader
LogPluginManager: Mounting plugin GoogleCloudMessaging
LogPluginManager: Mounting plugin GooglePAD
LogPluginManager: Mounting plugin ScreenshotTools
LogPluginManager: Mounting plugin AssetTags
LogPluginManager: Mounting plugin LinuxDeviceProfileSelector
LogPluginManager: Mounting plugin IOSDeviceProfileSelector
LogPluginManager: Mounting plugin MobilePatchingUtils
LogPluginManager: Mounting plugin LocationServicesBPLibrary
LogPluginManager: Mounting plugin OpenXREyeTracker
LogPluginManager: Mounting plugin OpenXRHandTracking
LogPluginManager: Mounting plugin OpenXR
LogPluginManager: Mounting plugin OnlineSubsystem
LogPluginManager: Mounting plugin PhysXVehicles
LogPluginManager: Mounting plugin OnlineSubsystemNull
LogPluginManager: Mounting plugin OnlineSubsystemUtils
LogPluginManager: Mounting plugin ProceduralMeshComponent
LogPluginManager: Mounting plugin SignificanceManager
LogPluginManager: Mounting plugin PostSplashScreen
LogPluginManager: Mounting plugin RuntimePhysXCooking
LogPluginManager: Mounting plugin PropertyAccessEditor
LogPluginManager: Mounting plugin SoundFields
LogPluginManager: Mounting plugin Takes
LogPluginManager: Mounting plugin Synthesis
LogPluginManager: Mounting plugin WebMMoviePlayer
LogPluginManager: Mounting plugin WindowsMoviePlayer
LogPluginManager: Mounting plugin ContentBrowserAssetDataSource
LogPluginManager: Mounting plugin ContentBrowserFileDataSource
LogPluginManager: Mounting plugin ContentBrowserClassDataSource
LogPluginManager: Mounting plugin OnlineSubsystemGooglePlay
LogPluginManager: Mounting plugin OnlineSubsystemIOS
LogPluginManager: Mounting plugin OculusVR
LogPluginManager: Mounting plugin SteamVR
PixWinPlugin: PIX capture plugin failed to initialize! Check that the process is launched from PIX.
LogInit: Using libcurl 7.55.1-DEV
LogInit:  - built for x86_64-pc-win32
LogInit:  - supports SSL with OpenSSL/1.1.1
LogInit:  - supports HTTP deflate (compression) using libz 1.2.8
LogInit:  - other features:
LogInit:      CURL_VERSION_SSL
LogInit:      CURL_VERSION_LIBZ
LogInit:      CURL_VERSION_IPV6
LogInit:      CURL_VERSION_ASYNCHDNS
LogInit:      CURL_VERSION_LARGEFILE
LogInit:      CURL_VERSION_IDN
LogInit:  CurlRequestOptions (configurable via config and command line):
LogInit:  - bVerifyPeer = true  - Libcurl will verify peer certificate
LogInit:  - bUseHttpProxy = false  - Libcurl will NOT use HTTP proxy
LogInit:  - bDontReuseConnections = false  - Libcurl will reuse connections
LogInit:  - MaxHostConnections = 16  - Libcurl will limit the number of connections to a host
LogInit:  - LocalHostAddr = Default
LogInit:  - BufferSize = 65536
LogOnline: OSS: Creating online subsystem instance for: NULL
LogInit: WinSock: version 1.1 (2.2), MaxSocks=32767, MaxUdp=65467
LogOnline: OSS: TryLoadSubsystemAndSetDefault: Loaded subsystem for module [NULL]
LogOculusPluginWrapper: OculusPlugin initialized successfully
LogHMD: Failed initializing OVRPlugin 1.59.0
LogInit: Build: ++UE4+Release-4.27-CL-18319896
LogInit: Engine Version: 4.27.2-18319896+++UE4+Release-4.27
LogInit: Compatible Engine Version: 4.27.0-17155196+++UE4+Release-4.27
LogInit: Net CL: 17155196
LogInit: OS: Windows 10 (Release 2009) (), CPU: 13th Gen Intel(R) Core(TM) i5-13600KF, GPU: NVIDIA GeForce RTX 3060 Ti
LogInit: Compiled (64-bit): Nov 30 2021 07:12:08
LogInit: Compiled with Visual C++: 19.24.28315.00
LogInit: Build Configuration: Development
LogInit: Branch Name: ++UE4+Release-4.27
LogInit: Command Line:  -skipcompile
LogInit: Base Directory: C:/Program Files (x86)/Vper/UE/UE_4.27/Engine/Binaries/Win64/
LogInit: Allocator: TBB
LogInit: Installed Engine Build: 1
LogDevObjectVersion: Number of dev versions registered: 29
LogDevObjectVersion:   Dev-Blueprints (B0D832E4-1F89-4F0D-ACCF-7EB736FD4AA2): 10
LogDevObjectVersion:   Dev-Build (E1C64328-A22C-4D53-A36C-8E866417BD8C): 0
LogDevObjectVersion:   Dev-Core (375EC13C-06E4-48FB-B500-84F0262A717E): 4
LogDevObjectVersion:   Dev-Editor (E4B068ED-F494-42E9-A231-DA0B2E46BB41): 40
LogDevObjectVersion:   Dev-Framework (CFFC743F-43B0-4480-9391-14DF171D2073): 37
LogDevObjectVersion:   Dev-Mobile (B02B49B5-BB20-44E9-A304-32B752E40360): 3
LogDevObjectVersion:   Dev-Networking (A4E4105C-59A1-49B5-A7C5-40C4547EDFEE): 0
LogDevObjectVersion:   Dev-Online (39C831C9-5AE6-47DC-9A44-9C173E1C8E7C): 0
LogDevObjectVersion:   Dev-Physics (78F01B33-EBEA-4F98-B9B4-84EACCB95AA2): 14
LogDevObjectVersion:   Dev-Platform (6631380F-2D4D-43E0-8009-CF276956A95A): 0
LogDevObjectVersion:   Dev-Rendering (12F88B9F-8875-4AFC-A67C-D90C383ABD29): 45
LogDevObjectVersion:   Dev-Sequencer (7B5AE74C-D270-4C10-A958-57980B212A5A): 13
LogDevObjectVersion:   Dev-VR (D7296918-1DD6-4BDD-9DE2-64A83CC13884): 3
LogDevObjectVersion:   Dev-LoadTimes (C2A15278-BFE7-4AFE-6C17-90FF531DF755): 1
LogDevObjectVersion:   Private-Geometry (6EACA3D4-40EC-4CC1-B786-8BED09428FC5): 3
LogDevObjectVersion:   Dev-AnimPhys (29E575DD-E0A3-4627-9D10-D276232CDCEA): 17
LogDevObjectVersion:   Dev-Anim (AF43A65D-7FD3-4947-9873-3E8ED9C1BB05): 15
LogDevObjectVersion:   Dev-ReflectionCapture (6B266CEC-1EC7-4B8F-A30B-E4D90942FC07): 1
LogDevObjectVersion:   Dev-Automation (0DF73D61-A23F-47EA-B727-89E90C41499A): 1
LogDevObjectVersion:   FortniteMain (601D1886-AC64-4F84-AA16-D3DE0DEAC7D6): 47
LogDevObjectVersion:   FortniteRelease (E7086368-6B23-4C58-8439-1B7016265E91): 1
LogDevObjectVersion:   Dev-Enterprise (9DFFBCD6-494F-0158-E221-12823C92A888): 10
LogDevObjectVersion:   Dev-Niagara (F2AED0AC-9AFE-416F-8664-AA7FFA26D6FC): 1
LogDevObjectVersion:   Dev-Destruction (174F1F0B-B4C6-45A5-B13F-2EE8D0FB917D): 10
LogDevObjectVersion:   Dev-Physics-Ext (35F94A83-E258-406C-A318-09F59610247C): 41
LogDevObjectVersion:   Dev-PhysicsMaterial-Chaos (B68FC16E-8B1B-42E2-B453-215C058844FE): 1
LogDevObjectVersion:   Dev-CineCamera (B2E18506-4273-CFC2-A54E-F4BB758BBA07): 1
LogDevObjectVersion:   Dev-VirtualProduction (64F58936-FD1B-42BA-BA96-7289D5D0FA4E): 1
LogDevObjectVersion:   Dev-MediaFramework (6F0ED827-A609-4895-9C91-998D90180EA4): 2
LogInit: Presizing for max 25165824 objects, including 0 objects not considered by GC, pre-allocating 0 bytes for permanent pool.
LogConfig: Applying CVar settings from Section [/Script/Engine.StreamingSettings] File [C:/VperData/GitHub/ActionRoguelike/ActionRoguelike/Saved/Config/Windows/Engine.ini]
LogConfig: Setting CVar [[s.MinBulkDataSizeForAsyncLoading:131072]]
LogConfig: Setting CVar [[s.AsyncLoadingThreadEnabled:0]]
LogConfig: Setting CVar [[s.EventDrivenLoaderEnabled:1]]
LogConfig: Setting CVar [[s.WarnIfTimeLimitExceeded:0]]
LogConfig: Setting CVar [[s.TimeLimitExceededMultiplier:1.5]]
LogConfig: Setting CVar [[s.TimeLimitExceededMinTime:0.005]]
LogConfig: Setting CVar [[s.UseBackgroundLevelStreaming:1]]
LogConfig: Setting CVar [[s.PriorityAsyncLoadingExtraTime:15.0]]
LogConfig: Setting CVar [[s.LevelStreamingActorsUpdateTimeLimit:5.0]]
LogConfig: Setting CVar [[s.PriorityLevelStreamingActorsUpdateExtraTime:5.0]]
LogConfig: Setting CVar [[s.LevelStreamingComponentsRegistrationGranularity:10]]
LogConfig: Setting CVar [[s.UnregisterComponentsTimeLimit:1.0]]
LogConfig: Setting CVar [[s.LevelStreamingComponentsUnregistrationGranularity:5]]
LogConfig: Setting CVar [[s.FlushStreamingOnExit:1]]
LogInit: Object subsystem initialized
LogConfig: Setting CVar [[con.DebugEarlyDefault:1]]
LogConfig: Setting CVar [[r.setres:1280x720]]
[2023.07.11-15.39.33:009][  0]LogConfig: Setting CVar [[r.VSync:0]]
[2023.07.11-15.39.33:009][  0]LogConfig: Setting CVar [[r.RHICmdBypass:0]]
[2023.07.11-15.39.33:009][  0]LogConfig: Applying CVar settings from Section [/Script/Engine.RendererSettings] File [C:/VperData/GitHub/ActionRoguelike/ActionRoguelike/Saved/Config/Windows/Engine.ini]
[2023.07.11-15.39.33:009][  0]LogConfig: Setting CVar [[r.GPUCrashDebugging:0]]
[2023.07.11-15.39.33:009][  0]LogConfig: Applying CVar settings from Section [/Script/Engine.RendererOverrideSettings] File [C:/VperData/GitHub/ActionRoguelike/ActionRoguelike/Saved/Config/Windows/Engine.ini]
[2023.07.11-15.39.33:009][  0]LogConfig: Applying CVar settings from Section [/Script/Engine.StreamingSettings] File [C:/VperData/GitHub/ActionRoguelike/ActionRoguelike/Saved/Config/Windows/Engine.ini]
[2023.07.11-15.39.33:009][  0]LogConfig: Setting CVar [[s.MinBulkDataSizeForAsyncLoading:131072]]
[2023.07.11-15.39.33:009][  0]LogConfig: Setting CVar [[s.AsyncLoadingThreadEnabled:0]]
[2023.07.11-15.39.33:009][  0]LogConfig: Setting CVar [[s.EventDrivenLoaderEnabled:1]]
[2023.07.11-15.39.33:009][  0]LogConfig: Setting CVar [[s.WarnIfTimeLimitExceeded:0]]
[2023.07.11-15.39.33:009][  0]LogConfig: Setting CVar [[s.TimeLimitExceededMultiplier:1.5]]
[2023.07.11-15.39.33:009][  0]LogConfig: Setting CVar [[s.TimeLimitExceededMinTime:0.005]]
[2023.07.11-15.39.33:010][  0]LogConfig: Setting CVar [[s.UseBackgroundLevelStreaming:1]]
[2023.07.11-15.39.33:010][  0]LogConfig: Setting CVar [[s.PriorityAsyncLoadingExtraTime:15.0]]
[2023.07.11-15.39.33:010][  0]LogConfig: Setting CVar [[s.LevelStreamingActorsUpdateTimeLimit:5.0]]
[2023.07.11-15.39.33:010][  0]LogConfig: Setting CVar [[s.PriorityLevelStreamingActorsUpdateExtraTime:5.0]]
[2023.07.11-15.39.33:010][  0]LogConfig: Setting CVar [[s.LevelStreamingComponentsRegistrationGranularity:10]]
[2023.07.11-15.39.33:010][  0]LogConfig: Setting CVar [[s.UnregisterComponentsTimeLimit:1.0]]
[2023.07.11-15.39.33:010][  0]LogConfig: Setting CVar [[s.LevelStreamingComponentsUnregistrationGranularity:5]]
[2023.07.11-15.39.33:010][  0]LogConfig: Setting CVar [[s.FlushStreamingOnExit:1]]
[2023.07.11-15.39.33:010][  0]LogConfig: Applying CVar settings from Section [/Script/Engine.GarbageCollectionSettings] File [C:/VperData/GitHub/ActionRoguelike/ActionRoguelike/Saved/Config/Windows/Engine.ini]
[2023.07.11-15.39.33:010][  0]LogConfig: Setting CVar [[gc.MaxObjectsNotConsideredByGC:1]]
[2023.07.11-15.39.33:010][  0]LogConfig: Setting CVar [[gc.SizeOfPermanentObjectPool:0]]
[2023.07.11-15.39.33:010][  0]LogConfig: Setting CVar [[gc.FlushStreamingOnGC:0]]
[2023.07.11-15.39.33:010][  0]LogConfig: Setting CVar [[gc.NumRetriesBeforeForcingGC:10]]
[2023.07.11-15.39.33:010][  0]LogConfig: Setting CVar [[gc.AllowParallelGC:1]]
[2023.07.11-15.39.33:010][  0]LogConfig: Setting CVar [[gc.TimeBetweenPurgingPendingKillObjects:61.1]]
[2023.07.11-15.39.33:010][  0]LogConfig: Setting CVar [[gc.MaxObjectsInEditor:25165824]]
[2023.07.11-15.39.33:010][  0]LogConfig: Setting CVar [[gc.IncrementalBeginDestroyEnabled:1]]
[2023.07.11-15.39.33:010][  0]LogConfig: Setting CVar [[gc.CreateGCClusters:1]]
[2023.07.11-15.39.33:010][  0]LogConfig: Setting CVar [[gc.MinGCClusterSize:5]]
[2023.07.11-15.39.33:010][  0]LogConfig: Setting CVar [[gc.ActorClusteringEnabled:0]]
[2023.07.11-15.39.33:010][  0]LogConfig: Setting CVar [[gc.BlueprintClusteringEnabled:0]]
[2023.07.11-15.39.33:010][  0]LogConfig: Setting CVar [[gc.UseDisregardForGCOnDedicatedServers:0]]
[2023.07.11-15.39.33:010][  0]LogConfig: Setting CVar [[gc.MultithreadedDestructionEnabled:1]]
[2023.07.11-15.39.33:010][  0]LogConfig: Applying CVar settings from Section [/Script/Engine.NetworkSettings] File [C:/VperData/GitHub/ActionRoguelike/ActionRoguelike/Saved/Config/Windows/Engine.ini]
[2023.07.11-15.39.33:010][  0]LogConfig: Applying CVar settings from Section [/Script/UnrealEd.CookerSettings] File [C:/VperData/GitHub/ActionRoguelike/ActionRoguelike/Saved/Config/Windows/Engine.ini]
[2023.07.11-15.39.33:014][  0]LogConfig: Applying CVar settings from Section [ViewDistanceQuality@3] File [C:/VperData/GitHub/ActionRoguelike/ActionRoguelike/Saved/Config/Windows/Scalability.ini]
[2023.07.11-15.39.33:014][  0]LogConfig: Setting CVar [[r.SkeletalMeshLODBias:0]]
[2023.07.11-15.39.33:014][  0]LogConfig: Setting CVar [[r.ViewDistanceScale:1.0]]
[2023.07.11-15.39.33:014][  0]LogConfig: Applying CVar settings from Section [AntiAliasingQuality@3] File [C:/VperData/GitHub/ActionRoguelike/ActionRoguelike/Saved/Config/Windows/Scalability.ini]
[2023.07.11-15.39.33:014][  0]LogConfig: Setting CVar [[r.PostProcessAAQuality:4]]
[2023.07.11-15.39.33:014][  0]LogConfig: Applying CVar settings from Section [ShadowQuality@3] File [C:/VperData/GitHub/ActionRoguelike/ActionRoguelike/Saved/Config/Windows/Scalability.ini]
[2023.07.11-15.39.33:014][  0]LogConfig: Setting CVar [[r.LightFunctionQuality:1]]
[2023.07.11-15.39.33:014][  0]LogConfig: Setting CVar [[r.ShadowQuality:5]]
[2023.07.11-15.39.33:014][  0]LogConfig: Setting CVar [[r.Shadow.CSM.MaxCascades:10]]
[2023.07.11-15.39.33:014][  0]LogConfig: Setting CVar [[r.Shadow.MaxResolution:2048]]
[2023.07.11-15.39.33:014][  0]LogConfig: Setting CVar [[r.Shadow.MaxCSMResolution:2048]]
[2023.07.11-15.39.33:014][  0]LogConfig: Setting CVar [[r.Shadow.RadiusThreshold:0.01]]
[2023.07.11-15.39.33:014][  0]LogConfig: Setting CVar [[r.Shadow.DistanceScale:1.0]]
[2023.07.11-15.39.33:014][  0]LogConfig: Setting CVar [[r.Shadow.CSM.TransitionScale:1.0]]
[2023.07.11-15.39.33:014][  0]LogConfig: Setting CVar [[r.Shadow.PreShadowResolutionFactor:1.0]]
[2023.07.11-15.39.33:014][  0]LogConfig: Setting CVar [[r.DistanceFieldShadowing:1]]
[2023.07.11-15.39.33:014][  0]LogConfig: Setting CVar [[r.DistanceFieldAO:1]]
[2023.07.11-15.39.33:014][  0]LogConfig: Setting CVar [[r.AOQuality:2]]
[2023.07.11-15.39.33:014][  0]LogConfig: Setting CVar [[r.VolumetricFog:1]]
[2023.07.11-15.39.33:014][  0]LogConfig: Setting CVar [[r.VolumetricFog.GridPixelSize:8]]
[2023.07.11-15.39.33:014][  0]LogConfig: Setting CVar [[r.VolumetricFog.GridSizeZ:128]]
[2023.07.11-15.39.33:014][  0]LogConfig: Setting CVar [[r.VolumetricFog.HistoryMissSupersampleCount:4]]
[2023.07.11-15.39.33:014][  0]LogConfig: Setting CVar [[r.LightMaxDrawDistanceScale:1]]
[2023.07.11-15.39.33:014][  0]LogConfig: Setting CVar [[r.CapsuleShadows:1]]
[2023.07.11-15.39.33:014][  0]LogConfig: Applying CVar settings from Section [PostProcessQuality@3] File [C:/VperData/GitHub/ActionRoguelike/ActionRoguelike/Saved/Config/Windows/Scalability.ini]
[2023.07.11-15.39.33:014][  0]LogConfig: Setting CVar [[r.MotionBlurQuality:4]]
[2023.07.11-15.39.33:014][  0]LogConfig: Setting CVar [[r.AmbientOcclusionMipLevelFactor:0.4]]
[2023.07.11-15.39.33:014][  0]LogConfig: Setting CVar [[r.AmbientOcclusionMaxQuality:100]]
[2023.07.11-15.39.33:015][  0]LogConfig: Setting CVar [[r.AmbientOcclusionLevels:-1]]
[2023.07.11-15.39.33:015][  0]LogConfig: Setting CVar [[r.AmbientOcclusionRadiusScale:1.0]]
[2023.07.11-15.39.33:015][  0]LogConfig: Setting CVar [[r.DepthOfFieldQuality:2]]
[2023.07.11-15.39.33:015][  0]LogConfig: Setting CVar [[r.RenderTargetPoolMin:400]]
[2023.07.11-15.39.33:015][  0]LogConfig: Setting CVar [[r.LensFlareQuality:2]]
[2023.07.11-15.39.33:015][  0]LogConfig: Setting CVar [[r.SceneColorFringeQuality:1]]
[2023.07.11-15.39.33:015][  0]LogConfig: Setting CVar [[r.EyeAdaptationQuality:2]]
[2023.07.11-15.39.33:015][  0]LogConfig: Setting CVar [[r.BloomQuality:5]]
[2023.07.11-15.39.33:015][  0]LogConfig: Setting CVar [[r.FastBlurThreshold:100]]
[2023.07.11-15.39.33:015][  0]LogConfig: Setting CVar [[r.Upscale.Quality:3]]
[2023.07.11-15.39.33:015][  0]LogConfig: Setting CVar [[r.Tonemapper.GrainQuantization:1]]
[2023.07.11-15.39.33:015][  0]LogConfig: Setting CVar [[r.LightShaftQuality:1]]
[2023.07.11-15.39.33:015][  0]LogConfig: Setting CVar [[r.Filter.SizeScale:1]]
[2023.07.11-15.39.33:015][  0]LogConfig: Setting CVar [[r.Tonemapper.Quality:5]]
[2023.07.11-15.39.33:015][  0]LogConfig: Setting CVar [[r.DOF.Gather.AccumulatorQuality:1        ; higher gathering accumulator quality]]
[2023.07.11-15.39.33:015][  0]LogConfig: Setting CVar [[r.DOF.Gather.PostfilterMethod:1          ; Median3x3 postfilering method]]
[2023.07.11-15.39.33:015][  0]LogConfig: Setting CVar [[r.DOF.Gather.EnableBokehSettings:0       ; no bokeh simulation when gathering]]
[2023.07.11-15.39.33:015][  0]LogConfig: Setting CVar [[r.DOF.Gather.RingCount:4                 ; medium number of samples when gathering]]
[2023.07.11-15.39.33:015][  0]LogConfig: Setting CVar [[r.DOF.Scatter.ForegroundCompositing:1    ; additive foreground scattering]]
[2023.07.11-15.39.33:015][  0]LogConfig: Setting CVar [[r.DOF.Scatter.BackgroundCompositing:2    ; additive background scattering]]
[2023.07.11-15.39.33:015][  0]LogConfig: Setting CVar [[r.DOF.Scatter.EnableBokehSettings:1      ; bokeh simulation when scattering]]
[2023.07.11-15.39.33:015][  0]LogConfig: Setting CVar [[r.DOF.Scatter.MaxSpriteRatio:0.1         ; only a maximum of 10% of scattered bokeh]]
[2023.07.11-15.39.33:015][  0]LogConfig: Setting CVar [[r.DOF.Recombine.Quality:1                ; cheap slight out of focus]]
[2023.07.11-15.39.33:015][  0]LogConfig: Setting CVar [[r.DOF.Recombine.EnableBokehSettings:0    ; no bokeh simulation on slight out of focus]]
[2023.07.11-15.39.33:015][  0]LogConfig: Setting CVar [[r.DOF.TemporalAAQuality:1                ; more stable temporal accumulation]]
[2023.07.11-15.39.33:015][  0]LogConfig: Setting CVar [[r.DOF.Kernel.MaxForegroundRadius:0.025]]
[2023.07.11-15.39.33:015][  0]LogConfig: Setting CVar [[r.DOF.Kernel.MaxBackgroundRadius:0.025]]
[2023.07.11-15.39.33:015][  0]LogConfig: Applying CVar settings from Section [TextureQuality@3] File [C:/VperData/GitHub/ActionRoguelike/ActionRoguelike/Saved/Config/Windows/Scalability.ini]
[2023.07.11-15.39.33:015][  0]LogConfig: Setting CVar [[r.Streaming.MipBias:0]]
[2023.07.11-15.39.33:015][  0]LogConfig: Setting CVar [[r.Streaming.AmortizeCPUToGPUCopy:0]]
[2023.07.11-15.39.33:015][  0]LogConfig: Setting CVar [[r.Streaming.MaxNumTexturesToStreamPerFrame:0]]
[2023.07.11-15.39.33:015][  0]LogConfig: Setting CVar [[r.Streaming.Boost:1]]
[2023.07.11-15.39.33:015][  0]LogConfig: Setting CVar [[r.MaxAnisotropy:8]]
[2023.07.11-15.39.33:016][  0]LogConfig: Setting CVar [[r.VT.MaxAnisotropy:8]]
[2023.07.11-15.39.33:016][  0]LogConfig: Setting CVar [[r.Streaming.LimitPoolSizeToVRAM:0]]
[2023.07.11-15.39.33:016][  0]LogConfig: Setting CVar [[r.Streaming.PoolSize:1000]]
[2023.07.11-15.39.33:016][  0]LogConfig: Setting CVar [[r.Streaming.MaxEffectiveScreenSize:0]]
[2023.07.11-15.39.33:016][  0]LogConfig: Applying CVar settings from Section [EffectsQuality@3] File [C:/VperData/GitHub/ActionRoguelike/ActionRoguelike/Saved/Config/Windows/Scalability.ini]
[2023.07.11-15.39.33:016][  0]LogConfig: Setting CVar [[r.TranslucencyLightingVolumeDim:64]]
[2023.07.11-15.39.33:016][  0]LogConfig: Setting CVar [[r.RefractionQuality:2]]
[2023.07.11-15.39.33:016][  0]LogConfig: Setting CVar [[r.SSR.Quality:3]]
[2023.07.11-15.39.33:016][  0]LogConfig: Setting CVar [[r.SSR.HalfResSceneColor:0]]
[2023.07.11-15.39.33:016][  0]LogConfig: Setting CVar [[r.SceneColorFormat:4]]
[2023.07.11-15.39.33:016][  0]LogConfig: Setting CVar [[r.DetailMode:2]]
[2023.07.11-15.39.33:016][  0]LogConfig: Setting CVar [[r.TranslucencyVolumeBlur:1]]
[2023.07.11-15.39.33:016][  0]LogConfig: Setting CVar [[r.MaterialQualityLevel:1 ; High quality]]
[2023.07.11-15.39.33:016][  0]LogConfig: Setting CVar [[r.AnisotropicMaterials:1]]
[2023.07.11-15.39.33:016][  0]LogConfig: Setting CVar [[r.SSS.Scale:1]]
[2023.07.11-15.39.33:016][  0]LogConfig: Setting CVar [[r.SSS.SampleSet:2]]
[2023.07.11-15.39.33:016][  0]LogConfig: Setting CVar [[r.SSS.Quality:1]]
[2023.07.11-15.39.33:016][  0]LogConfig: Setting CVar [[r.SSS.HalfRes:0]]
[2023.07.11-15.39.33:016][  0]LogConfig: Setting CVar [[r.SSGI.Quality:3]]
[2023.07.11-15.39.33:016][  0]LogConfig: Setting CVar [[r.EmitterSpawnRateScale:1.0]]
[2023.07.11-15.39.33:016][  0]LogConfig: Setting CVar [[r.ParticleLightQuality:2]]
[2023.07.11-15.39.33:016][  0]LogConfig: Setting CVar [[r.SkyAtmosphere.AerialPerspectiveLUT.FastApplyOnOpaque:1 ; Always have FastSkyLUT 1 in this case to avoid wrong sky]]
[2023.07.11-15.39.33:016][  0]LogConfig: Setting CVar [[r.SkyAtmosphere.AerialPerspectiveLUT.SampleCountMaxPerSlice:4]]
[2023.07.11-15.39.33:016][  0]LogConfig: Setting CVar [[r.SkyAtmosphere.AerialPerspectiveLUT.DepthResolution:16.0]]
[2023.07.11-15.39.33:016][  0]LogConfig: Setting CVar [[r.SkyAtmosphere.FastSkyLUT:1]]
[2023.07.11-15.39.33:016][  0]LogConfig: Setting CVar [[r.SkyAtmosphere.FastSkyLUT.SampleCountMin:4.0]]
[2023.07.11-15.39.33:016][  0]LogConfig: Setting CVar [[r.SkyAtmosphere.FastSkyLUT.SampleCountMax:128.0]]
[2023.07.11-15.39.33:016][  0]LogConfig: Setting CVar [[r.SkyAtmosphere.SampleCountMin:4.0]]
[2023.07.11-15.39.33:016][  0]LogConfig: Setting CVar [[r.SkyAtmosphere.SampleCountMax:128.0]]
[2023.07.11-15.39.33:016][  0]LogConfig: Setting CVar [[r.SkyAtmosphere.TransmittanceLUT.UseSmallFormat:0]]
[2023.07.11-15.39.33:016][  0]LogConfig: Setting CVar [[r.SkyAtmosphere.TransmittanceLUT.SampleCount:10.0]]
[2023.07.11-15.39.33:016][  0]LogConfig: Setting CVar [[r.SkyAtmosphere.MultiScatteringLUT.SampleCount:15.0]]
[2023.07.11-15.39.33:016][  0]LogConfig: Setting CVar [[r.SkyLight.RealTimeReflectionCapture:1]]
[2023.07.11-15.39.33:016][  0]LogConfig: Applying CVar settings from Section [FoliageQuality@3] File [C:/VperData/GitHub/ActionRoguelike/ActionRoguelike/Saved/Config/Windows/Scalability.ini]
[2023.07.11-15.39.33:016][  0]LogConfig: Setting CVar [[foliage.DensityScale:1.0]]
[2023.07.11-15.39.33:017][  0]LogConfig: Setting CVar [[grass.DensityScale:1.0]]
[2023.07.11-15.39.33:017][  0]LogConfig: Applying CVar settings from Section [ShadingQuality@3] File [C:/VperData/GitHub/ActionRoguelike/ActionRoguelike/Saved/Config/Windows/Scalability.ini]
[2023.07.11-15.39.33:017][  0]LogConfig: Setting CVar [[r.HairStrands.SkyLighting.IntegrationType:2]]
[2023.07.11-15.39.33:017][  0]LogConfig: Setting CVar [[r.HairStrands.SkyAO.SampleCount:4]]
[2023.07.11-15.39.33:017][  0]LogConfig: Setting CVar [[r.HairStrands.Visibility.MSAA.SamplePerPixel:4]]
[2023.07.11-15.39.33:017][  0]LogInit: Selected Device Profile: [Windows]
[2023.07.11-15.39.33:017][  0]LogInit: Applying CVar settings loaded from the selected device profile: [Windows]
[2023.07.11-15.39.33:017][  0]LogHAL: Display: Platform has ~ 32 GB [34185904128 / 34359738368 / 32], which maps to Largest [LargestMinGB=32, LargerMinGB=12, DefaultMinGB=8, SmallerMinGB=6, SmallestMinGB=0)
[2023.07.11-15.39.33:017][  0]LogInit: Going up to parent DeviceProfile []
[2023.07.11-15.39.33:017][  0]LogConfig: Applying CVar settings from Section [ViewDistanceQuality@3] File [C:/VperData/GitHub/ActionRoguelike/ActionRoguelike/Saved/Config/Windows/Scalability.ini]
[2023.07.11-15.39.33:017][  0]LogConfig: Setting CVar [[r.SkeletalMeshLODBias:0]]
[2023.07.11-15.39.33:017][  0]LogConfig: Setting CVar [[r.ViewDistanceScale:1.0]]
[2023.07.11-15.39.33:017][  0]LogConfig: Applying CVar settings from Section [AntiAliasingQuality@3] File [C:/VperData/GitHub/ActionRoguelike/ActionRoguelike/Saved/Config/Windows/Scalability.ini]
[2023.07.11-15.39.33:017][  0]LogConfig: Setting CVar [[r.PostProcessAAQuality:4]]
[2023.07.11-15.39.33:017][  0]LogConfig: Applying CVar settings from Section [ShadowQuality@3] File [C:/VperData/GitHub/ActionRoguelike/ActionRoguelike/Saved/Config/Windows/Scalability.ini]
[2023.07.11-15.39.33:017][  0]LogConfig: Setting CVar [[r.LightFunctionQuality:1]]
[2023.07.11-15.39.33:017][  0]LogConfig: Setting CVar [[r.ShadowQuality:5]]
[2023.07.11-15.39.33:017][  0]LogConfig: Setting CVar [[r.Shadow.CSM.MaxCascades:10]]
[2023.07.11-15.39.33:017][  0]LogConfig: Setting CVar [[r.Shadow.MaxResolution:2048]]
[2023.07.11-15.39.33:017][  0]LogConfig: Setting CVar [[r.Shadow.MaxCSMResolution:2048]]
[2023.07.11-15.39.33:017][  0]LogConfig: Setting CVar [[r.Shadow.RadiusThreshold:0.01]]
[2023.07.11-15.39.33:017][  0]LogConfig: Setting CVar [[r.Shadow.DistanceScale:1.0]]
[2023.07.11-15.39.33:017][  0]LogConfig: Setting CVar [[r.Shadow.CSM.TransitionScale:1.0]]
[2023.07.11-15.39.33:017][  0]LogConfig: Setting CVar [[r.Shadow.PreShadowResolutionFactor:1.0]]
[2023.07.11-15.39.33:017][  0]LogConfig: Setting CVar [[r.DistanceFieldShadowing:1]]
[2023.07.11-15.39.33:017][  0]LogConfig: Setting CVar [[r.DistanceFieldAO:1]]
[2023.07.11-15.39.33:017][  0]LogConfig: Setting CVar [[r.AOQuality:2]]
[2023.07.11-15.39.33:017][  0]LogConfig: Setting CVar [[r.VolumetricFog:1]]
[2023.07.11-15.39.33:017][  0]LogConfig: Setting CVar [[r.VolumetricFog.GridPixelSize:8]]
[2023.07.11-15.39.33:017][  0]LogConfig: Setting CVar [[r.VolumetricFog.GridSizeZ:128]]
[2023.07.11-15.39.33:017][  0]LogConfig: Setting CVar [[r.VolumetricFog.HistoryMissSupersampleCount:4]]
[2023.07.11-15.39.33:017][  0]LogConfig: Setting CVar [[r.LightMaxDrawDistanceScale:1]]
[2023.07.11-15.39.33:018][  0]LogConfig: Setting CVar [[r.CapsuleShadows:1]]
[2023.07.11-15.39.33:018][  0]LogConfig: Applying CVar settings from Section [PostProcessQuality@3] File [C:/VperData/GitHub/ActionRoguelike/ActionRoguelike/Saved/Config/Windows/Scalability.ini]
[2023.07.11-15.39.33:018][  0]LogConfig: Setting CVar [[r.MotionBlurQuality:4]]
[2023.07.11-15.39.33:018][  0]LogConfig: Setting CVar [[r.AmbientOcclusionMipLevelFactor:0.4]]
[2023.07.11-15.39.33:018][  0]LogConfig: Setting CVar [[r.AmbientOcclusionMaxQuality:100]]
[2023.07.11-15.39.33:018][  0]LogConfig: Setting CVar [[r.AmbientOcclusionLevels:-1]]
[2023.07.11-15.39.33:018][  0]LogConfig: Setting CVar [[r.AmbientOcclusionRadiusScale:1.0]]
[2023.07.11-15.39.33:018][  0]LogConfig: Setting CVar [[r.DepthOfFieldQuality:2]]
[2023.07.11-15.39.33:018][  0]LogConfig: Setting CVar [[r.RenderTargetPoolMin:400]]
[2023.07.11-15.39.33:018][  0]LogConfig: Setting CVar [[r.LensFlareQuality:2]]
[2023.07.11-15.39.33:018][  0]LogConfig: Setting CVar [[r.SceneColorFringeQuality:1]]
[2023.07.11-15.39.33:018][  0]LogConfig: Setting CVar [[r.EyeAdaptationQuality:2]]
[2023.07.11-15.39.33:018][  0]LogConfig: Setting CVar [[r.BloomQuality:5]]
[2023.07.11-15.39.33:018][  0]LogConfig: Setting CVar [[r.FastBlurThreshold:100]]
[2023.07.11-15.39.33:018][  0]LogConfig: Setting CVar [[r.Upscale.Quality:3]]
[2023.07.11-15.39.33:018][  0]LogConfig: Setting CVar [[r.Tonemapper.GrainQuantization:1]]
[2023.07.11-15.39.33:018][  0]LogConfig: Setting CVar [[r.LightShaftQuality:1]]
[2023.07.11-15.39.33:018][  0]LogConfig: Setting CVar [[r.Filter.SizeScale:1]]
[2023.07.11-15.39.33:018][  0]LogConfig: Setting CVar [[r.Tonemapper.Quality:5]]
[2023.07.11-15.39.33:018][  0]LogConfig: Setting CVar [[r.DOF.Gather.AccumulatorQuality:1        ; higher gathering accumulator quality]]
[2023.07.11-15.39.33:018][  0]LogConfig: Setting CVar [[r.DOF.Gather.PostfilterMethod:1          ; Median3x3 postfilering method]]
[2023.07.11-15.39.33:018][  0]LogConfig: Setting CVar [[r.DOF.Gather.EnableBokehSettings:0       ; no bokeh simulation when gathering]]
[2023.07.11-15.39.33:018][  0]LogConfig: Setting CVar [[r.DOF.Gather.RingCount:4                 ; medium number of samples when gathering]]
[2023.07.11-15.39.33:018][  0]LogConfig: Setting CVar [[r.DOF.Scatter.ForegroundCompositing:1    ; additive foreground scattering]]
[2023.07.11-15.39.33:018][  0]LogConfig: Setting CVar [[r.DOF.Scatter.BackgroundCompositing:2    ; additive background scattering]]
[2023.07.11-15.39.33:018][  0]LogConfig: Setting CVar [[r.DOF.Scatter.EnableBokehSettings:1      ; bokeh simulation when scattering]]
[2023.07.11-15.39.33:018][  0]LogConfig: Setting CVar [[r.DOF.Scatter.MaxSpriteRatio:0.1         ; only a maximum of 10% of scattered bokeh]]
[2023.07.11-15.39.33:018][  0]LogConfig: Setting CVar [[r.DOF.Recombine.Quality:1                ; cheap slight out of focus]]
[2023.07.11-15.39.33:018][  0]LogConfig: Setting CVar [[r.DOF.Recombine.EnableBokehSettings:0    ; no bokeh simulation on slight out of focus]]
[2023.07.11-15.39.33:018][  0]LogConfig: Setting CVar [[r.DOF.TemporalAAQuality:1                ; more stable temporal accumulation]]
[2023.07.11-15.39.33:018][  0]LogConfig: Setting CVar [[r.DOF.Kernel.MaxForegroundRadius:0.025]]
[2023.07.11-15.39.33:018][  0]LogConfig: Setting CVar [[r.DOF.Kernel.MaxBackgroundRadius:0.025]]
[2023.07.11-15.39.33:018][  0]LogConfig: Applying CVar settings from Section [TextureQuality@3] File [C:/VperData/GitHub/ActionRoguelike/ActionRoguelike/Saved/Config/Windows/Scalability.ini]
[2023.07.11-15.39.33:018][  0]LogConfig: Setting CVar [[r.Streaming.MipBias:0]]
[2023.07.11-15.39.33:018][  0]LogConfig: Setting CVar [[r.Streaming.AmortizeCPUToGPUCopy:0]]
[2023.07.11-15.39.33:018][  0]LogConfig: Setting CVar [[r.Streaming.MaxNumTexturesToStreamPerFrame:0]]
[2023.07.11-15.39.33:018][  0]LogConfig: Setting CVar [[r.Streaming.Boost:1]]
[2023.07.11-15.39.33:018][  0]LogConfig: Setting CVar [[r.MaxAnisotropy:8]]
[2023.07.11-15.39.33:018][  0]LogConfig: Setting CVar [[r.VT.MaxAnisotropy:8]]
[2023.07.11-15.39.33:019][  0]LogConfig: Setting CVar [[r.Streaming.LimitPoolSizeToVRAM:0]]
[2023.07.11-15.39.33:019][  0]LogConfig: Setting CVar [[r.Streaming.PoolSize:1000]]
[2023.07.11-15.39.33:019][  0]LogConfig: Setting CVar [[r.Streaming.MaxEffectiveScreenSize:0]]
[2023.07.11-15.39.33:019][  0]LogConfig: Applying CVar settings from Section [EffectsQuality@3] File [C:/VperData/GitHub/ActionRoguelike/ActionRoguelike/Saved/Config/Windows/Scalability.ini]
[2023.07.11-15.39.33:019][  0]LogConfig: Setting CVar [[r.TranslucencyLightingVolumeDim:64]]
[2023.07.11-15.39.33:019][  0]LogConfig: Setting CVar [[r.RefractionQuality:2]]
[2023.07.11-15.39.33:019][  0]LogConfig: Setting CVar [[r.SSR.Quality:3]]
[2023.07.11-15.39.33:019][  0]LogConfig: Setting CVar [[r.SSR.HalfResSceneColor:0]]
[2023.07.11-15.39.33:019][  0]LogConfig: Setting CVar [[r.SceneColorFormat:4]]
[2023.07.11-15.39.33:019][  0]LogConfig: Setting CVar [[r.DetailMode:2]]
[2023.07.11-15.39.33:019][  0]LogConfig: Setting CVar [[r.TranslucencyVolumeBlur:1]]
[2023.07.11-15.39.33:019][  0]LogConfig: Setting CVar [[r.MaterialQualityLevel:1 ; High quality]]
[2023.07.11-15.39.33:019][  0]LogConfig: Setting CVar [[r.AnisotropicMaterials:1]]
[2023.07.11-15.39.33:019][  0]LogConfig: Setting CVar [[r.SSS.Scale:1]]
[2023.07.11-15.39.33:019][  0]LogConfig: Setting CVar [[r.SSS.SampleSet:2]]
[2023.07.11-15.39.33:019][  0]LogConfig: Setting CVar [[r.SSS.Quality:1]]
[2023.07.11-15.39.33:019][  0]LogConfig: Setting CVar [[r.SSS.HalfRes:0]]
[2023.07.11-15.39.33:019][  0]LogConfig: Setting CVar [[r.SSGI.Quality:3]]
[2023.07.11-15.39.33:019][  0]LogConfig: Setting CVar [[r.EmitterSpawnRateScale:1.0]]
[2023.07.11-15.39.33:019][  0]LogConfig: Setting CVar [[r.ParticleLightQuality:2]]
[2023.07.11-15.39.33:019][  0]LogConfig: Setting CVar [[r.SkyAtmosphere.AerialPerspectiveLUT.FastApplyOnOpaque:1 ; Always have FastSkyLUT 1 in this case to avoid wrong sky]]
[2023.07.11-15.39.33:019][  0]LogConfig: Setting CVar [[r.SkyAtmosphere.AerialPerspectiveLUT.SampleCountMaxPerSlice:4]]
[2023.07.11-15.39.33:019][  0]LogConfig: Setting CVar [[r.SkyAtmosphere.AerialPerspectiveLUT.DepthResolution:16.0]]
[2023.07.11-15.39.33:019][  0]LogConfig: Setting CVar [[r.SkyAtmosphere.FastSkyLUT:1]]
[2023.07.11-15.39.33:019][  0]LogConfig: Setting CVar [[r.SkyAtmosphere.FastSkyLUT.SampleCountMin:4.0]]
[2023.07.11-15.39.33:019][  0]LogConfig: Setting CVar [[r.SkyAtmosphere.FastSkyLUT.SampleCountMax:128.0]]
[2023.07.11-15.39.33:019][  0]LogConfig: Setting CVar [[r.SkyAtmosphere.SampleCountMin:4.0]]
[2023.07.11-15.39.33:019][  0]LogConfig: Setting CVar [[r.SkyAtmosphere.SampleCountMax:128.0]]
[2023.07.11-15.39.33:019][  0]LogConfig: Setting CVar [[r.SkyAtmosphere.TransmittanceLUT.UseSmallFormat:0]]
[2023.07.11-15.39.33:019][  0]LogConfig: Setting CVar [[r.SkyAtmosphere.TransmittanceLUT.SampleCount:10.0]]
[2023.07.11-15.39.33:019][  0]LogConfig: Setting CVar [[r.SkyAtmosphere.MultiScatteringLUT.SampleCount:15.0]]
[2023.07.11-15.39.33:019][  0]LogConfig: Setting CVar [[r.SkyLight.RealTimeReflectionCapture:1]]
[2023.07.11-15.39.33:019][  0]LogConfig: Applying CVar settings from Section [FoliageQuality@3] File [C:/VperData/GitHub/ActionRoguelike/ActionRoguelike/Saved/Config/Windows/Scalability.ini]
[2023.07.11-15.39.33:019][  0]LogConfig: Setting CVar [[foliage.DensityScale:1.0]]
[2023.07.11-15.39.33:019][  0]LogConfig: Setting CVar [[grass.DensityScale:1.0]]
[2023.07.11-15.39.33:019][  0]LogConfig: Applying CVar settings from Section [ShadingQuality@3] File [C:/VperData/GitHub/ActionRoguelike/ActionRoguelike/Saved/Config/Windows/Scalability.ini]
[2023.07.11-15.39.33:019][  0]LogConfig: Setting CVar [[r.HairStrands.SkyLighting.IntegrationType:2]]
[2023.07.11-15.39.33:019][  0]LogConfig: Setting CVar [[r.HairStrands.SkyAO.SampleCount:4]]
[2023.07.11-15.39.33:019][  0]LogConfig: Setting CVar [[r.HairStrands.Visibility.MSAA.SamplePerPixel:4]]
[2023.07.11-15.39.33:020][  0]LogConfig: Applying CVar settings from Section [Startup] File [../../../Engine/Config/ConsoleVariables.ini]
[2023.07.11-15.39.33:020][  0]LogConfig: Setting CVar [[net.UseAdaptiveNetUpdateFrequency:0]]
[2023.07.11-15.39.33:020][  0]LogConfig: Setting CVar [[p.chaos.AllowCreatePhysxBodies:1]]
[2023.07.11-15.39.33:020][  0]LogConfig: Setting CVar [[fx.SkipVectorVMBackendOptimizations:1]]
[2023.07.11-15.39.33:020][  0]LogConfig: Applying CVar settings from Section [ConsoleVariables] File [C:/VperData/GitHub/ActionRoguelike/ActionRoguelike/Saved/Config/Windows/Engine.ini]
[2023.07.11-15.39.33:020][  0]LogConfig: Applying CVar settings from Section [ConsoleVariables] File [C:/VperData/GitHub/ActionRoguelike/ActionRoguelike/Saved/Config/Windows/Editor.ini]
[2023.07.11-15.39.33:020][  0]LogInit: Computer: VPER
[2023.07.11-15.39.33:020][  0]LogInit: User: virtu
[2023.07.11-15.39.33:020][  0]LogInit: CPU Page size=4096, Cores=14
[2023.07.11-15.39.33:020][  0]LogInit: High frequency timer resolution =10.000000 MHz
[2023.07.11-15.39.33:020][  0]LogMemory: Memory total: Physical=31.8GB (32GB approx)
[2023.07.11-15.39.33:020][  0]LogMemory: Platform Memory Stats for Windows
[2023.07.11-15.39.33:020][  0]LogMemory: Process Physical Memory: 149.82 MB used, 149.82 MB peak
[2023.07.11-15.39.33:020][  0]LogMemory: Process Virtual Memory: 130.56 MB used, 130.56 MB peak
[2023.07.11-15.39.33:020][  0]LogMemory: Physical Memory: 13199.50 MB used,  19402.72 MB free, 32602.22 MB total
[2023.07.11-15.39.33:020][  0]LogMemory: Virtual Memory: 134203264.00 MB used,  14465.39 MB free, 134217728.00 MB total
[2023.07.11-15.39.33:024][  0]LogWindows: WindowsPlatformFeatures enabled
[2023.07.11-15.39.33:103][  0]LogInit: Physics initialised using underlying interface: PhysX
[2023.07.11-15.39.33:104][  0]LogInit: Overriding language with editor language configuration option (en).
[2023.07.11-15.39.33:104][  0]LogInit: Using OS detected locale (zh-CN).
[2023.07.11-15.39.33:211][  0]LogInit: Setting process to per monitor DPI aware
[2023.07.11-15.39.33:220][  0]LogWindowsTextInputMethodSystem: Display: IME system deactivated.
[2023.07.11-15.39.33:230][  0]LogSlate: New Slate User Created.  User Index 0, Is Virtual User: 0
[2023.07.11-15.39.33:231][  0]LogSlate: Slate User Registered.  User Index 0, Is Virtual User: 0
[2023.07.11-15.39.33:276][  0]LogD3D11RHI: Loaded GFSDK_Aftermath_Lib.x64.dll
[2023.07.11-15.39.33:278][  0]LogHMD: Failed to initialize OpenVR with code 110
[2023.07.11-15.39.33:279][  0]LogD3D11RHI: D3D11 min allowed feature level: 11_0
[2023.07.11-15.39.33:279][  0]LogD3D11RHI: D3D11 max allowed feature level: 11_0
[2023.07.11-15.39.33:279][  0]LogD3D11RHI: D3D11 adapters:
[2023.07.11-15.39.33:342][  0]LogD3D11RHI:    0. 'NVIDIA GeForce RTX 3060 Ti' (Feature Level 11_0)
[2023.07.11-15.39.33:342][  0]LogD3D11RHI:       8038/0/16301 MB DedicatedVideo/DedicatedSystem/SharedSystem, Outputs:1, VendorId:0x10de
[2023.07.11-15.39.33:344][  0]LogD3D11RHI:    1. 'Microsoft Basic Render Driver' (Feature Level 11_0)
[2023.07.11-15.39.33:344][  0]LogD3D11RHI:       0/0/16301 MB DedicatedVideo/DedicatedSystem/SharedSystem, Outputs:0, VendorId:0x1414
[2023.07.11-15.39.33:344][  0]LogD3D11RHI: Chosen D3D11 Adapter:
[2023.07.11-15.39.33:344][  0]LogD3D11RHI:     Description : NVIDIA GeForce RTX 3060 Ti
[2023.07.11-15.39.33:344][  0]LogD3D11RHI:     VendorId    : 10de
[2023.07.11-15.39.33:344][  0]LogD3D11RHI:     DeviceId    : 24c9
[2023.07.11-15.39.33:344][  0]LogD3D11RHI:     SubSysId    : 88b61043
[2023.07.11-15.39.33:345][  0]LogD3D11RHI:     Revision    : 00a1
[2023.07.11-15.39.33:345][  0]LogD3D11RHI:     DedicatedVideoMemory : 8428453888 bytes
[2023.07.11-15.39.33:345][  0]LogD3D11RHI:     DedicatedSystemMemory : 0 bytes
[2023.07.11-15.39.33:345][  0]LogD3D11RHI:     SharedSystemMemory : 17092952064 bytes
[2023.07.11-15.39.33:345][  0]LogD3D11RHI:     AdapterLuid : 0 60120
[2023.07.11-15.39.33:349][  0]LogD3D11RHI: Creating new Direct3DDevice
[2023.07.11-15.39.33:349][  0]LogD3D11RHI:     GPU DeviceId: 0x24c9 (for the marketing name, search the web for "GPU Device Id")
[2023.07.11-15.39.33:349][  0]LogWindows: EnumDisplayDevices:
[2023.07.11-15.39.33:349][  0]LogWindows:    0. 'NVIDIA GeForce RTX 3060 Ti' (P:1 D:1)
[2023.07.11-15.39.33:349][  0]LogWindows:    1. 'NVIDIA GeForce RTX 3060 Ti' (P:0 D:0)
[2023.07.11-15.39.33:349][  0]LogWindows:    2. 'NVIDIA GeForce RTX 3060 Ti' (P:0 D:0)
[2023.07.11-15.39.33:350][  0]LogWindows:    3. 'NVIDIA GeForce RTX 3060 Ti' (P:0 D:0)
[2023.07.11-15.39.33:350][  0]LogWindows: DebugString: FoundDriverCount:4 
[2023.07.11-15.39.33:350][  0]LogD3D11RHI:     Adapter Name: NVIDIA GeForce RTX 3060 Ti
[2023.07.11-15.39.33:350][  0]LogD3D11RHI:   Driver Version: 528.24 (internal:31.0.15.2824, unified:528.24)
[2023.07.11-15.39.33:350][  0]LogD3D11RHI:      Driver Date: 1-15-2023
[2023.07.11-15.39.33:350][  0]LogRHI: Texture pool is 5626 MB (70% of 8038 MB)
[2023.07.11-15.39.33:350][  0]LogD3D11RHI: Creating D3DDevice using adapter:
[2023.07.11-15.39.33:350][  0]LogD3D11RHI:     Description : NVIDIA GeForce RTX 3060 Ti
[2023.07.11-15.39.33:350][  0]LogD3D11RHI:     VendorId    : 10de
[2023.07.11-15.39.33:350][  0]LogD3D11RHI:     DeviceId    : 24c9
[2023.07.11-15.39.33:350][  0]LogD3D11RHI:     SubSysId    : 88b61043
[2023.07.11-15.39.33:350][  0]LogD3D11RHI:     Revision    : 00a1
[2023.07.11-15.39.33:350][  0]LogD3D11RHI:     DedicatedVideoMemory : 8428453888 bytes
[2023.07.11-15.39.33:350][  0]LogD3D11RHI:     DedicatedSystemMemory : 0 bytes
[2023.07.11-15.39.33:350][  0]LogD3D11RHI:     SharedSystemMemory : 17092952064 bytes
[2023.07.11-15.39.33:350][  0]LogD3D11RHI:     AdapterLuid : 0 60120
[2023.07.11-15.39.33:385][  0]LogD3D11RHI: RHI has support for 64 bit atomics
[2023.07.11-15.39.33:385][  0]LogD3D11RHI: Async texture creation enabled
[2023.07.11-15.39.33:385][  0]LogD3D11RHI: Array index from any shader is supported
[2023.07.11-15.39.33:401][  0]LogD3D11RHI: GPU Timing Frequency: 1000.000000 (Debug: 2 2)
[2023.07.11-15.39.33:415][  0]LogRHI: GeForceNow SDK initialized: 1
[2023.07.11-15.39.33:592][  0]LogTargetPlatformManager: Display: Loaded TargetPlatform 'AllDesktop'
[2023.07.11-15.39.33:605][  0]LogTargetPlatformManager: Display: Loaded TargetPlatform 'Android'
[2023.07.11-15.39.33:605][  0]LogTargetPlatformManager: Display: Loaded TargetPlatform 'Android_ASTC'
[2023.07.11-15.39.33:605][  0]LogTargetPlatformManager: Display: Loaded TargetPlatform 'Android_DXT'
[2023.07.11-15.39.33:605][  0]LogTargetPlatformManager: Display: Loaded TargetPlatform 'Android_ETC2'
[2023.07.11-15.39.33:605][  0]LogTargetPlatformManager: Display: Loaded TargetPlatform 'AndroidClient'
[2023.07.11-15.39.33:605][  0]LogTargetPlatformManager: Display: Loaded TargetPlatform 'Android_ASTCClient'
[2023.07.11-15.39.33:606][  0]LogTargetPlatformManager: Display: Loaded TargetPlatform 'Android_DXTClient'
[2023.07.11-15.39.33:606][  0]LogTargetPlatformManager: Display: Loaded TargetPlatform 'Android_ETC2Client'
[2023.07.11-15.39.33:606][  0]LogTargetPlatformManager: Display: Loaded TargetPlatform 'Android_Multi'
[2023.07.11-15.39.33:606][  0]LogTargetPlatformManager: Display: Loaded TargetPlatform 'Android_MultiClient'
[2023.07.11-15.39.33:625][  0]LogTargetPlatformManager: Display: Loaded TargetPlatform 'IOSClient'
[2023.07.11-15.39.33:625][  0]LogTargetPlatformManager: Display: Loaded TargetPlatform 'IOS'
[2023.07.11-15.39.33:632][  0]LogTargetPlatformManager: Display: Loaded TargetPlatform 'Linux'
[2023.07.11-15.39.33:637][  0]LogTargetPlatformManager: Display: Loaded TargetPlatform 'LinuxNoEditor'
[2023.07.11-15.39.33:641][  0]LogTargetPlatformManager: Display: Loaded TargetPlatform 'LinuxClient'
[2023.07.11-15.39.33:646][  0]LogTargetPlatformManager: Display: Loaded TargetPlatform 'LinuxServer'
[2023.07.11-15.39.33:653][  0]LogTargetPlatformManager: Display: Loaded TargetPlatform 'LinuxAArch64NoEditor'
[2023.07.11-15.39.33:659][  0]LogTargetPlatformManager: Display: Loaded TargetPlatform 'LinuxAArch64Client'
[2023.07.11-15.39.33:663][  0]LogTargetPlatformManager: Display: Loaded TargetPlatform 'LinuxAArch64Server'
[2023.07.11-15.39.33:676][  0]LogTargetPlatformManager: Display: Loaded TargetPlatform 'Lumin'
[2023.07.11-15.39.33:676][  0]LogTargetPlatformManager: Display: Loaded TargetPlatform 'LuminClient'
[2023.07.11-15.39.33:690][  0]LogTargetPlatformManager: Display: Loaded TargetPlatform 'MacNoEditor'
[2023.07.11-15.39.33:697][  0]LogTargetPlatformManager: Display: Loaded TargetPlatform 'Mac'
[2023.07.11-15.39.33:703][  0]LogTargetPlatformManager: Display: Loaded TargetPlatform 'MacClient'
[2023.07.11-15.39.33:713][  0]LogTargetPlatformManager: Display: Loaded TargetPlatform 'MacServer'
[2023.07.11-15.39.33:721][  0]LogTargetPlatformManager: Display: Loaded TargetPlatform 'TVOSClient'
[2023.07.11-15.39.33:721][  0]LogTargetPlatformManager: Display: Loaded TargetPlatform 'TVOS'
[2023.07.11-15.39.33:730][  0]LogTargetPlatformManager: Display: Loaded TargetPlatform 'WindowsNoEditor'
[2023.07.11-15.39.33:735][  0]LogTargetPlatformManager: Display: Loaded TargetPlatform 'Windows'
[2023.07.11-15.39.33:742][  0]LogTargetPlatformManager: Display: Loaded TargetPlatform 'WindowsClient'
[2023.07.11-15.39.33:747][  0]LogTargetPlatformManager: Display: Loaded TargetPlatform 'WindowsServer'
[2023.07.11-15.39.33:747][  0]LogTargetPlatformManager: Display: Building Assets For Windows
[2023.07.11-15.39.33:761][  0]LogAudioDebug: Display: Lib vorbis DLL was dynamically loaded.
[2023.07.11-15.39.33:806][  0]LogTextureFormatOodle: Display: Oodle Texture 2.9.0 init RDO Off
[2023.07.11-15.39.33:861][  0]LogRendererCore: Ray tracing is disabled. Reason: r.RayTracing=0.
[2023.07.11-15.39.33:861][  0]LogShaderCompilers: Guid format shader working directory is -23 characters bigger than the processId version (../../../../../../../VperData/GitHub/ActionRoguelike/ActionRoguelike/Intermediate/Shaders/WorkingDirectory/11260/).
[2023.07.11-15.39.33:862][  0]LogShaderCompilers: Cleaned the shader compiler working directory 'C:/Users/virtu/AppData/Local/Temp/UnrealShaderWorkingDir/F38887D745DB695263DF3EBF7C1359AE/'.
[2023.07.11-15.39.33:862][  0]LogXGEController: Cannot use XGE Controller as Incredibuild is not installed on this machine.
[2023.07.11-15.39.33:862][  0]LogShaderCompilers: Cannot use XGE Shader Compiler as Incredibuild is not installed on this machine.
[2023.07.11-15.39.33:862][  0]LogShaderCompilers: Display: Using Local Shader Compiler.
[2023.07.11-15.39.34:306][  0]LogDerivedDataCache: Display: Max Cache Size: 512 MB
[2023.07.11-15.39.34:345][  0]LogDerivedDataCache: Loaded boot cache 0.04s 94MB C:/Users/virtu/AppData/Local/UnrealEngine/4.27/DerivedDataCache/Boot.ddc.
[2023.07.11-15.39.34:345][  0]LogDerivedDataCache: Display: Loaded Boot cache: C:/Users/virtu/AppData/Local/UnrealEngine/4.27/DerivedDataCache/Boot.ddc
[2023.07.11-15.39.34:345][  0]LogDerivedDataCache: FDerivedDataBackendGraph:  Pak pak cache file ../../../../../../../VperData/GitHub/ActionRoguelike/ActionRoguelike/DerivedDataCache/DDC.ddp not found, will not use a pak cache.
[2023.07.11-15.39.34:345][  0]LogDerivedDataCache: Unable to find inner node Pak for hierarchical cache Hierarchy.
[2023.07.11-15.39.34:345][  0]LogDerivedDataCache: FDerivedDataBackendGraph:  CompressedPak pak cache file ../../../../../../../VperData/GitHub/ActionRoguelike/ActionRoguelike/DerivedDataCache/Compressed.ddp not found, will not use a pak cache.
[2023.07.11-15.39.34:345][  0]LogDerivedDataCache: Unable to find inner node CompressedPak for hierarchical cache Hierarchy.
[2023.07.11-15.39.34:357][  0]LogDerivedDataCache: Display: Pak cache opened for reading ../../../Engine/DerivedDataCache/Compressed.ddp.
[2023.07.11-15.39.34:357][  0]LogDerivedDataCache: FDerivedDataBackendGraph:  EnterprisePak pak cache file ../../../Enterprise/DerivedDataCache/Compressed.ddp not found, will not use a pak cache.
[2023.07.11-15.39.34:357][  0]LogDerivedDataCache: Unable to find inner node EnterprisePak for hierarchical cache Hierarchy.
[2023.07.11-15.39.34:369][  0]LogDerivedDataCache: Speed tests for C:/Users/virtu/AppData/Local/UnrealEngine/Common/DerivedDataCache took 0.01 seconds
[2023.07.11-15.39.34:369][  0]LogDerivedDataCache: Display: Performance to C:/Users/virtu/AppData/Local/UnrealEngine/Common/DerivedDataCache: Latency=0.01ms. RandomReadSpeed=2535.28MBs, RandomWriteSpeed=80.19MBs. Assigned SpeedClass 'Local'
[2023.07.11-15.39.34:371][  0]LogDerivedDataCache: Using Local data cache path C:/Users/virtu/AppData/Local/UnrealEngine/Common/DerivedDataCache: Writable
[2023.07.11-15.39.34:371][  0]LogDerivedDataCache: Shared data cache path not found in *engine.ini, will not use an Shared cache.
[2023.07.11-15.39.34:371][  0]LogDerivedDataCache: Unable to find inner node Shared for hierarchical cache Hierarchy.
[2023.07.11-15.39.34:401][  0]LogSlate: Using FreeType 2.10.0
[2023.07.11-15.39.34:401][  0]LogSlate: SlateFontServices - WITH_FREETYPE: 1, WITH_HARFBUZZ: 1
[2023.07.11-15.39.34:419][  0]LogAssetRegistry: FAssetRegistry took 0.0028 seconds to start up
[2023.07.11-15.39.34:541][  0]LogInit: Selected Device Profile: [Windows]
[2023.07.11-15.39.34:541][  0]LogInit: Active device profile: [000001C4EAF9AD00][000001C4E8BA4DC0 49] Windows
[2023.07.11-15.39.34:541][  0]LogInit: Profiles: [000001C4EAF9AD00][000001C4E8BA4DC0 49] Windows, [000001C4EAF29500][000001C4E8BACF40 49] WindowsNoEditor, [000001C4EAF9A300][000001C4E9EF50C0 49] WindowsServer, [000001C4EAF29E00][000001C4E9EF9240 49] WindowsClient, [000001C4EAF98C00][000001C4E9EFD3C0 49] IOS, [000001C4EAF2B600][000001C4E9F01540 49] iPadAir, [000001C4EAF98800][000001C4E9F056C0 49] iPadAir2, [000001C4EAED1000][000001C4E9F0D980 49] IPadPro, [000001C4EAED1100][000001C4E9F099C0 49] iPadAir3, [000001C4EAF28200][000001C4E9F11B40 49] iPadAir4, [000001C4EAED1E00][000001C4E9F14140 49] iPadMini2, [000001C4EAF2B700][000001C4E9F182C0 49] iPadMini3, [000001C4EAED2900][000001C4E9F1C440 49] iPadMini4, [000001C4EAF2A700][000001C4E9F205C0 49] iPadMini5, [000001C4EAEEC800][000001C4E9F28880 49] iPhone6, [000001C4EAEEC900][000001C4E9F248C0 49] iPodTouch6, [000001C4EAF9B200][000001C4E9F2CB00 49] iPhone7, [000001C4EAF98300][000001C4E8BA8B40 49] iPodTouch7, [000001C4EAEEC300][000001C4E9F30C80 49] iPhone5S, [000001C4EAED1C00][000001C4E9F34DC0 49] iPhone6Plus, [000001C4EAEEF900][000001C4E9F3CF40 49] iPhone6S, [000001C4EAED1300][000001C4E9F410C0 49] iPhone6SPlus, [000001C4EAEEF200][000001C4E9F45240 49] iPhone7Plus, [000001C4EAED2A00][000001C4E9F493C0 49] iPhoneSE, [000001C4EAEEDD00][000001C4E9F4D540 49] iPhone8, [000001C4EAED1900][000001C4E9F516C0 49] iPhone8Plus, [000001C4EAEED900][000001C4E9F55840 49] iPhoneX, [000001C4EAED2600][000001C4E9F599C0 49] iPhoneXS, [000001C4EAF98700][000001C4E9F5DB40 49] iPhoneXSMax, [000001C4EAED2000][000001C4E9F60140 49] iPhoneXR, [000001C4EAF9BB00][000001C4E9F642C0 49] iPhone11, [000001C4EAED1400][000001C4E9F68440 49] iPhone11Pro, [000001C4EAF98600][000001C4E9F6C5C0 49] iPhone11ProMax, [000001C4EAED0C00][000001C4E9F70740 49] iPhoneSE2, [000001C4EAF9B000][000001C4E9F748C0 49] iPhone12Mini, [000001C4EAED3800][000001C4E9F78A40 49] iPhone12, [000001C4EAF9A100][000001C4E9F38B80 49] iPhone12Pro, [000001C4EAED3E00][000001C4E9F7CCC0 49] iPhone12ProMax, [000001C4EAF9AA00][000001C4E9F80E00 49] iPadPro105, [000001C4EAED2800][000001C4E9F84F40 49] iPadPro129, [000001C4EAF9AF00][000001C4E9F8D0C0 49] iPadPro97, [000001C4EAED2B00][000001C4E9F91240 49] iPadPro2_129, [000001C4EAF99A00][000001C4E9F953C0 49] iPad5, [000001C4EAED1200][000001C4E9F99540 49] iPad6, [000001C4EAF98200][000001C4E9F9D6C0 49] iPad7, [000001C4EAED2E00][000001C4E9FA1840 49] iPad8, [000001C4EAF98A00][000001C4E9FA59C0 49] iPadPro11, [000001C4EAED2400][000001C4E9FA9B40 49] iPadPro2_11, [000001C4EAF99B00][000001C4E9FAC140 49] iPadPro3_129, [000001C4EAED2F00][000001C4E9FB02C0 49] iPadPro4_129, [000001C4EAF9A600][000001C4E9FB4440 49] AppleTV, [000001C4EAED3100][000001C4E9FB85C0 49] AppleTV4K, [000001C4EAF99700][000001C4E9FBC740 49] TVOS, [000001C4EAED3900][000001C4EAFD08C0 49] Mac, [000001C4EAF9A800][000001C4EAFD4A40 49] MacClient, [000001C4EAED0800][000001C4EAFD8BC0 49] MacNoEditor, [000001C4EAF99200][000001C4EAFDCD40 49] MacServer, [000001C4EAED3700][000001C4E9F88E80 49] Linux, [000001C4EAF99400][000001C4EAFE0FC0 49] LinuxAArch64, [000001C4EAED3D00][000001C4EAFE5100 49] LinuxNoEditor, [000001C4EAF98100][000001C4EAFED280 49] LinuxAArch64NoEditor, [000001C4EAED2500][000001C4EAFF1400 49] LinuxClient, [000001C4EAF9B500][000001C4EAFF5580 49] LinuxAArch64Client, [000001C4EAED1A00][000001C4EAFF9700 49] LinuxServer, [000001C4EAF99300][000001C4EAFFD880 49] LinuxAArch64Server, [000001C4EAED3400][000001C4EB001A00 49] Android, [000001C4EAF9B300][000001C4EB005B80 49] Android_Low, [000001C4EAED2D00][000001C4EB008180 49] Android_Mid, [000001C4EAF99D00][000001C4EB00C300 49] Android_High, [000001C4EAED0E00][000001C4EB010480 49] Android_Default, [000001C4EAF9A700][000001C4EB014600 49] Android_Adreno4xx, [000001C4EAF29600][000001C4EB018780 49] Android_Adreno5xx_Low, [000001C4EAEEF800][000001C4EB01C900 49] Android_Adreno5xx, [000001C4EAF2BE00][000001C4EB020A80 49] Android_Adreno6xx, [000001C4EAEEE400][000001C4EB024C00 49] Android_Adreno6xx_Vulkan, [000001C4EAF2AB00][000001C4EB028D80 49] Android_Mali_T6xx, [000001C4EAEEF400][000001C4EB02CF00 49] Android_Mali_T7xx, [000001C4EAF2B000][000001C4EAFE9040 49] Android_Mali_T8xx, [000001C4EAEEED00][000001C4EB031180 49] Android_Mali_G71, [000001C4EAF2B100][000001C4EB0352C0 49] Android_Mali_G72, [000001C4EAEECD00][000001C4EB03D440 49] Android_Mali_G72_Vulkan, [000001C4EAF2AD00][000001C4EB0415C0 49] Android_Mali_G76, [000001C4EAEECE00][000001C4EB045740 49] Android_Mali_G76_Vulkan, [000001C4EAF2A300][000001C4EB0498C0 49] Android_Mali_G77, [000001C4EAEEFC00][000001C4EB04DA40 49] Android_Mali_G77_Vulkan, [000001C4EAF2AE00][000001C4EB051BC0 49] Android_Mali_G78, [000001C4EAEEDA00][000001C4EB0541C0 49] Android_Mali_G78_Vulkan, [000001C4EAF2AF00][000001C4EB058340 49] Android_Mali_G710, [000001C4EAEEEE00][000001C4EB05C4C0 49] Android_Mali_G710_Vulkan, [000001C4EAF2BA00][000001C4EB060640 49] Android_Vulkan_SM5, [000001C4EAEEE900][000001C4EB0647C0 49] Android_PowerVR_G6xxx, [000001C4EAF29C00][000001C4EB068940 49] Android_PowerVR_GT7xxx, [000001C4EAEED600][000001C4EB06CAC0 49] Android_PowerVR_GE8xxx, [000001C4EAF29800][000001C4EB070C40 49] Android_PowerVR_GM9xxx, [000001C4EAEEDF00][000001C4EB074DC0 49] Android_PowerVR_GM9xxx_Vulkan, [000001C4EAF29A00][000001C4EB078F40 49] Android_TegraK1, [000001C4EAEEEF00][000001C4EB07D0C0 49] Android_Unknown_Vulkan, [000001C4EAF29400][000001C4EB039200 49] Lumin, [000001C4EAEED400][000001C4EB081340 49] Lumin_Desktop, [000001C4EAF28500][000001C4EB085480 49] HoloLens, 
[2023.07.11-15.39.34:649][  0]LogMeshReduction: Using QuadricMeshReduction for automatic static mesh reduction
[2023.07.11-15.39.34:649][  0]LogMeshReduction: Using SimplygonMeshReduction for automatic skeletal mesh reduction
[2023.07.11-15.39.34:650][  0]LogMeshReduction: Using ProxyLODMeshReduction for automatic mesh merging
[2023.07.11-15.39.34:650][  0]LogMeshReduction: No distributed automatic mesh merging module available
[2023.07.11-15.39.34:650][  0]LogMeshMerging: No distributed automatic mesh merging module available
[2023.07.11-15.39.34:661][  0]LogNetVersion: ActionRoguelike 1.0.0, NetCL: 17155196, EngineNetVer: 17, GameNetVer: 0 (Checksum: 1099936942)
[2023.07.11-15.39.34:857][  0]LogTexture: Default maximum texture size for cubemaps generated from long-lat sources has been changed from 512 to unlimited. In order to preserve old behaiour for '/Engine/MapTemplates/Sky/DaylightAmbientCubemap.DaylightAmbientCubemap', its maximum texture size has been explicitly set to 512.
[2023.07.11-15.39.34:890][  0]LogHMD: PokeAHoleMaterial loaded successfully
[2023.07.11-15.39.34:893][  0]LogUObjectArray: 17178 objects as part of root set at end of initial load.
[2023.07.11-15.39.34:893][  0]LogUObjectAllocator: 4302048 out of 0 bytes used by permanent object pool.
[2023.07.11-15.39.34:894][  0]LogUObjectArray: CloseDisregardForGC: 0/0 objects in disregard for GC pool
[2023.07.11-15.39.35:262][  0]LogPython: Using Python 3.7.7
[2023.07.11-15.39.35:536][  0]LogNiagaraDebuggerClient: Niagara Debugger Client Initialized | Session: 3D706D6F48C1ECDFEE5487AB1BEC0DF7 | Instance: 618B8C8A43A8507784DF66B46BAC1748 (VPER-11260).
[2023.07.11-15.39.35:707][  0]LogUdpMessaging: Initializing bridge on interface 0.0.0.0:0 to multicast group 230.0.0.1:6666.
[2023.07.11-15.39.35:716][  0]LogTcpMessaging: Initializing TcpMessaging bridge
[2023.07.11-15.39.35:955][  0]SourceControl: Source control is disabled
[2023.07.11-15.39.35:955][  0]SourceControl: Source control is disabled
[2023.07.11-15.39.35:963][  0]SourceControl: Source control is disabled
[2023.07.11-15.39.35:968][  0]SourceControl: Source control is disabled
[2023.07.11-15.39.35:987][  0]LogUProjectInfo: Found projects:
[2023.07.11-15.39.35:994][  0]SourceControl: Source control is disabled
[2023.07.11-15.39.36:252][  0]LogOpenImageDenoise: OIDN starting up
[2023.07.11-15.39.36:338][  0]LogAndroidPermission: UAndroidPermissionCallbackProxy::GetInstance
[2023.07.11-15.39.36:364][  0]LogAudioCaptureCore: Display: No Audio Capture implementations found. Audio input will be silent.
[2023.07.11-15.39.36:364][  0]LogAudioCaptureCore: Display: No Audio Capture implementations found. Audio input will be silent.
[2023.07.11-15.39.36:492][  0]LogCollectionManager: Loaded 0 collections in 0.001395 seconds
[2023.07.11-15.39.36:521][  0]LogFileCache: Scanning file cache for directory 'C:/VperData/GitHub/ActionRoguelike/ActionRoguelike/Saved/Collections/' took 0.00s
[2023.07.11-15.39.36:521][  0]LogFileCache: Scanning file cache for directory 'C:/VperData/GitHub/ActionRoguelike/ActionRoguelike/Content/Developers/virtu/Collections/' took 0.00s
[2023.07.11-15.39.36:521][  0]LogFileCache: Scanning file cache for directory 'C:/VperData/GitHub/ActionRoguelike/ActionRoguelike/Content/Collections/' took 0.00s
[2023.07.11-15.39.36:521][  0]LogOcInput: OculusInput pre-init called
[2023.07.11-15.39.36:690][  0]LogEngine: Initializing Engine...
[2023.07.11-15.39.36:693][  0]LogHMD: Failed to enumerate extensions. Please check that you have a valid OpenXR runtime installed.
[2023.07.11-15.39.36:693][  0]LogHMD: Failed to initialize OpenVR with code 110
[2023.07.11-15.39.36:693][  0]LogMagicLeap: Warning: VR disabled because ZI is not enabled.  To enable, in the editor, Edit -> Project Settings -> Plugins -> Magic Leap Plugin -> Enable Zero Iteration
[2023.07.11-15.39.36:694][  0]LogStats: UGameplayTagsManager::InitializeManager -  0.000 s
[2023.07.11-15.39.36:758][  0]LogInit: Initializing FReadOnlyCVARCache
[2023.07.11-15.39.36:767][  0]LogAIModule: Creating AISystem for world Untitled
[2023.07.11-15.39.36:773][  0]LogAudio: Display: Initializing Audio Device Manager...
[2023.07.11-15.39.36:779][  0]LogAudio: Display: Loading Default Audio Settings Objects...
[2023.07.11-15.39.36:779][  0]LogAudio: Display: No default SoundConcurrencyObject specified (or failed to load).
[2023.07.11-15.39.36:779][  0]LogAudio: Display: Audio Device Manager Initialized
[2023.07.11-15.39.36:779][  0]LogAudio: Display: Creating Audio Device:                 Id: 1, Scope: Shared, Realtime: True
[2023.07.11-15.39.36:779][  0]LogAudioMixer: Display: Audio Mixer Platform Settings:
[2023.07.11-15.39.36:779][  0]LogAudioMixer: Display: 	Sample Rate:						  48000
[2023.07.11-15.39.36:780][  0]LogAudioMixer: Display: 	Callback Buffer Frame Size Requested: 1024
[2023.07.11-15.39.36:780][  0]LogAudioMixer: Display: 	Callback Buffer Frame Size To Use:	  1024
[2023.07.11-15.39.36:780][  0]LogAudioMixer: Display: 	Number of buffers to queue:			  2
[2023.07.11-15.39.36:780][  0]LogAudioMixer: Display: 	Max Channels (voices):				  32
[2023.07.11-15.39.36:780][  0]LogAudioMixer: Display: 	Number of Async Source Workers:		  0
[2023.07.11-15.39.36:780][  0]LogAudio: Display: AudioDevice MaxSources: 32
[2023.07.11-15.39.36:780][  0]LogAudio: Display: Audio Spatialization Plugin: None (built-in).
[2023.07.11-15.39.36:780][  0]LogAudio: Display: Audio Reverb Plugin: None (built-in).
[2023.07.11-15.39.36:780][  0]LogAudio: Display: Audio Occlusion Plugin: None (built-in).
[2023.07.11-15.39.36:780][  0]LogAudioMixer: Display: Initializing audio mixer.
[2023.07.11-15.39.36:788][  0]LogAudioMixer: Display: 0: FrontLeft
[2023.07.11-15.39.36:788][  0]LogAudioMixer: Display: 1: FrontRight
[2023.07.11-15.39.36:824][  0]LogAudioMixer: Display: Using Audio Device 扬声器 (Realtek(R) Audio)
[2023.07.11-15.39.36:824][  0]LogAudioMixer: Display: Initializing Sound Submixes...
[2023.07.11-15.39.36:825][  0]LogAudioMixer: Display: Creating Master Submix 'MasterSubmixDefault'
[2023.07.11-15.39.36:825][  0]LogAudioMixer: Display: Creating Master Submix 'MasterReverbSubmixDefault'
[2023.07.11-15.39.36:826][  0]LogAudioMixer: Display: Creating Master Submix 'MasterEQSubmixDefault'
[2023.07.11-15.39.36:826][  0]LogAudioMixer: FMixerPlatformXAudio2::StartAudioStream() called
[2023.07.11-15.39.36:826][  0]LogAudioMixer: Display: Output buffers initialized: Frames=1024, Channels=2, Samples=2048
[2023.07.11-15.39.36:827][  0]LogAudioMixer: Display: Starting AudioMixerPlatformInterface::RunInternal()
[2023.07.11-15.39.36:827][  0]LogAudioMixer: Display: FMixerPlatformXAudio2::SubmitBuffer() called for the first time
[2023.07.11-15.39.36:827][  0]LogInit: FAudioDevice initialized.
[2023.07.11-15.39.36:827][  0]LogAudio: Display: Audio Device (ID: 1) registered with world 'Untitled'.
[2023.07.11-15.39.36:827][  0]LogNetVersion: Set ProjectVersion to 1.0.0.0. Version Checksum will be recalculated on next use.
[2023.07.11-15.39.36:860][  0]LogDerivedDataCache: Saved boot cache 0.03s 94MB C:/Users/virtu/AppData/Local/UnrealEngine/4.27/DerivedDataCache/Boot.ddc.
[2023.07.11-15.39.36:860][  0]LogInit: Texture streaming: Enabled
[2023.07.11-15.39.36:875][  0]LogAnalytics: Display: [UEEditor.Rocket.Release] APIServer = https://datarouter.ol.epicgames.com/. AppVersion = 4.27.2-18319896+++UE4+Release-4.27
[2023.07.11-15.39.36:880][  0]LogEngineSessionManager: EngineSessionManager initialized
[2023.07.11-15.39.36:881][  0]LogEngineSessionManager: EngineSessionManager sent abnormal shutdown report. Type=Debugger, SessionId={0845072B-47FD-E252-0F39-3E915B9C4972}
[2023.07.11-15.39.36:881][  0]LogEditorSessionSummary: Verbose: Initializing EditorSessionSummaryWriter for editor session tracking
[2023.07.11-15.39.36:882][  0]LogEditorSessionSummary: EditorSessionSummaryWriter initialized
[2023.07.11-15.39.36:900][  0]LogInit: Transaction tracking system initialized
[2023.07.11-15.39.36:937][  0]BlueprintLog: New page: Editor Load
[2023.07.11-15.39.37:024][  0]LocalizationService: Localization service is disabled
[2023.07.11-15.39.37:060][  0]TimingProfiler: Initialize
[2023.07.11-15.39.37:061][  0]TimingProfiler: OnSessionChanged
[2023.07.11-15.39.37:061][  0]LoadingProfiler: Initialize
[2023.07.11-15.39.37:061][  0]LoadingProfiler: OnSessionChanged
[2023.07.11-15.39.37:061][  0]NetworkingProfiler: Initialize
[2023.07.11-15.39.37:061][  0]NetworkingProfiler: OnSessionChanged
[2023.07.11-15.39.37:061][  0]MemoryProfiler: Initialize
[2023.07.11-15.39.37:061][  0]MemoryProfiler: OnSessionChanged
[2023.07.11-15.39.37:324][  0]LogCook: Display: CookSettings for Memory: MemoryMaxUsedVirtual 0MiB, MemoryMaxUsedPhysical 16384MiB, MemoryMinFreeVirtual 0MiB, MemoryMinFreePhysical 1024MiB
[2023.07.11-15.39.37:324][  0]LogCook: Display: Mobile HDR setting 1
[2023.07.11-15.39.37:569][  0]LogFileCache: Scanning file cache for directory 'C:/VperData/GitHub/ActionRoguelike/ActionRoguelike/Content/' took 0.01s
[2023.07.11-15.39.37:681][  0]LogInit: Display: Engine is initialized. Leaving FEngineLoop::Init()
[2023.07.11-15.39.37:683][  0]SourceControl: Source control is disabled
[2023.07.11-15.39.37:683][  0]LogUnrealEdMisc: Loading editor; pre map load, took 5.574
[2023.07.11-15.39.37:683][  0]Cmd: MAP LOAD FILE="../../../../../../../VperData/GitHub/ActionRoguelike/ActionRoguelike/Content/ActionRoguelike/Maps/TestLevel.umap" TEMPLATE=0 SHOWPROGRESS=1 FEATURELEVEL=3
[2023.07.11-15.39.37:683][  0]LightingResults: New page: Lighting Build
[2023.07.11-15.39.37:684][  0]LogWorld: UWorld::CleanupWorld for Untitled, bSessionEnded=true, bCleanupResources=true
[2023.07.11-15.39.37:684][  0]LogSlate: InvalidateAllWidgets triggered.  All widgets were invalidated
[2023.07.11-15.39.37:684][  0]MapCheck: New page: Map Check
[2023.07.11-15.39.37:684][  0]LightingResults: New page: Lighting Build
[2023.07.11-15.39.37:688][  0]LogAudio: Display: Audio Device unregistered from world 'None'.
[2023.07.11-15.39.37:690][  0]LogUObjectHash: Compacting FUObjectHashTables data took   0.43ms
[2023.07.11-15.39.37:858][  0]LogSkeletalMesh: Display: [AssetLog] C:\VperData\GitHub\ActionRoguelike\ActionRoguelike\Content\ParagonGideon\Characters\Heroes\Gideon\Meshes\Gideon.uasset: Find and fix some bad tangent! please re-import this skeletal mesh asset to fix the issue. The shading of the skeletal mesh will be bad and faceted.
[2023.07.11-15.39.37:961][  0]LogAudio: Display: Audio Device (ID: 1) registered with world 'TestLevel'.
[2023.07.11-15.39.37:961][  0]LogAIModule: Creating AISystem for world TestLevel
[2023.07.11-15.39.37:969][  0]LogEditorServer: Finished looking for orphan Actors (0.000 secs)
[2023.07.11-15.39.37:974][  0]LogUObjectHash: Compacting FUObjectHashTables data took   0.52ms
[2023.07.11-15.39.37:974][  0]Cmd: MAP CHECKDEP NOCLEARLOG
[2023.07.11-15.39.37:974][  0]MapCheck: Map check complete: 0 Error(s), 0 Warning(s), took 0.087ms to complete.
[2023.07.11-15.39.37:974][  0]LogFileHelpers: Loading map 'TestLevel' took 0.292
[2023.07.11-15.39.37:976][  0]LogUnrealEdMisc: Total Editor Startup Time, took 5.868
[2023.07.11-15.39.38:087][  0]LogSlate: Updating window title bar state: overlay mode, drag disabled, window buttons hidden, title bar hidden
[2023.07.11-15.39.38:091][  0]LogSlate: Updating window title bar state: overlay mode, drag disabled, window buttons hidden, title bar hidden
[2023.07.11-15.39.38:095][  0]LogSlate: Updating window title bar state: overlay mode, drag disabled, window buttons hidden, title bar hidden
[2023.07.11-15.39.38:098][  0]LogSlate: Updating window title bar state: overlay mode, drag disabled, window buttons hidden, title bar hidden
[2023.07.11-15.39.38:104][  0]LogNativeClassHierarchy: Verbose: Native class hierarchy populated in 0.0053 seconds. Added 3839 classes and 932 folders.
[2023.07.11-15.39.38:107][  0]LogNativeClassHierarchy: Verbose: Native class hierarchy updated for 'WidgetCarousel' in 0.0001 seconds. Added 0 classes and 0 folders.
[2023.07.11-15.39.38:108][  0]LogPakFile: PakFile PrimaryIndexSize=187
[2023.07.11-15.39.38:108][  0]LogPakFile: PakFile PathHashIndexSize=101
[2023.07.11-15.39.38:108][  0]LogPakFile: PakFile FullDirectoryIndexSize=148
[2023.07.11-15.39.38:108][  0]LogShaderLibrary: Display: ShaderCodeLibraryPakFileMountedCallback: PakFile 'C:/Program Files (x86)/Vper/UE/UE_4.27/FeaturePacks/FP_FirstPerson.upack' (chunk index -1, root 'root:/') mounted
[2023.07.11-15.39.38:108][  0]LogShaderLibrary: Display: ShaderCodeLibraryPakFileMountedCallback: pending pak file info (ChunkID:-1 Root:root:/ File:C:/Program Files (x86)/Vper/UE/UE_4.27/FeaturePacks/FP_FirstPerson.upack)
[2023.07.11-15.39.38:108][  0]LogPakFile: OnPakFileMounted2Time == 0.000117
[2023.07.11-15.39.38:108][  0]LogPakFile: PakFile PrimaryIndexSize=189
[2023.07.11-15.39.38:108][  0]LogPakFile: PakFile PathHashIndexSize=101
[2023.07.11-15.39.38:108][  0]LogPakFile: PakFile FullDirectoryIndexSize=152
[2023.07.11-15.39.38:109][  0]LogShaderLibrary: Display: ShaderCodeLibraryPakFileMountedCallback: PakFile 'C:/Program Files (x86)/Vper/UE/UE_4.27/FeaturePacks/FP_FirstPersonBP.upack' (chunk index -1, root 'root:/') mounted
[2023.07.11-15.39.38:109][  0]LogShaderLibrary: Display: ShaderCodeLibraryPakFileMountedCallback: pending pak file info (ChunkID:-1 Root:root:/ File:C:/Program Files (x86)/Vper/UE/UE_4.27/FeaturePacks/FP_FirstPersonBP.upack)
[2023.07.11-15.39.38:109][  0]LogPakFile: OnPakFileMounted2Time == 0.000098
[2023.07.11-15.39.38:109][  0]LogPakFile: PakFile PrimaryIndexSize=191
[2023.07.11-15.39.38:109][  0]LogPakFile: PakFile PathHashIndexSize=101
[2023.07.11-15.39.38:109][  0]LogPakFile: PakFile FullDirectoryIndexSize=160
[2023.07.11-15.39.38:109][  0]LogShaderLibrary: Display: ShaderCodeLibraryPakFileMountedCallback: PakFile 'C:/Program Files (x86)/Vper/UE/UE_4.27/FeaturePacks/MobileStarterContent.upack' (chunk index -1, root 'root:/') mounted
[2023.07.11-15.39.38:109][  0]LogShaderLibrary: Display: ShaderCodeLibraryPakFileMountedCallback: pending pak file info (ChunkID:-1 Root:root:/ File:C:/Program Files (x86)/Vper/UE/UE_4.27/FeaturePacks/MobileStarterContent.upack)
[2023.07.11-15.39.38:109][  0]LogPakFile: OnPakFileMounted2Time == 0.000154
[2023.07.11-15.39.38:109][  0]LogPakFile: PakFile PrimaryIndexSize=185
[2023.07.11-15.39.38:110][  0]LogPakFile: PakFile PathHashIndexSize=101
[2023.07.11-15.39.38:110][  0]LogPakFile: PakFile FullDirectoryIndexSize=148
[2023.07.11-15.39.38:110][  0]LogShaderLibrary: Display: ShaderCodeLibraryPakFileMountedCallback: PakFile 'C:/Program Files (x86)/Vper/UE/UE_4.27/FeaturePacks/StarterContent.upack' (chunk index -1, root 'root:/') mounted
[2023.07.11-15.39.38:110][  0]LogShaderLibrary: Display: ShaderCodeLibraryPakFileMountedCallback: pending pak file info (ChunkID:-1 Root:root:/ File:C:/Program Files (x86)/Vper/UE/UE_4.27/FeaturePacks/StarterContent.upack)
[2023.07.11-15.39.38:110][  0]LogPakFile: OnPakFileMounted2Time == 0.000094
[2023.07.11-15.39.38:110][  0]LogPakFile: PakFile PrimaryIndexSize=190
[2023.07.11-15.39.38:110][  0]LogPakFile: PakFile PathHashIndexSize=101
[2023.07.11-15.39.38:110][  0]LogPakFile: PakFile FullDirectoryIndexSize=154
[2023.07.11-15.39.38:110][  0]LogShaderLibrary: Display: ShaderCodeLibraryPakFileMountedCallback: PakFile 'C:/Program Files (x86)/Vper/UE/UE_4.27/FeaturePacks/TP_2DSideScroller.upack' (chunk index -1, root 'root:/') mounted
[2023.07.11-15.39.38:110][  0]LogShaderLibrary: Display: ShaderCodeLibraryPakFileMountedCallback: pending pak file info (ChunkID:-1 Root:root:/ File:C:/Program Files (x86)/Vper/UE/UE_4.27/FeaturePacks/TP_2DSideScroller.upack)
[2023.07.11-15.39.38:110][  0]LogPakFile: OnPakFileMounted2Time == 0.000094
[2023.07.11-15.39.38:110][  0]LogPakFile: PakFile PrimaryIndexSize=192
[2023.07.11-15.39.38:110][  0]LogPakFile: PakFile PathHashIndexSize=101
[2023.07.11-15.39.38:111][  0]LogPakFile: PakFile FullDirectoryIndexSize=158
[2023.07.11-15.39.38:111][  0]LogShaderLibrary: Display: ShaderCodeLibraryPakFileMountedCallback: PakFile 'C:/Program Files (x86)/Vper/UE/UE_4.27/FeaturePacks/TP_2DSideScrollerBP.upack' (chunk index -1, root 'root:/') mounted
[2023.07.11-15.39.38:111][  0]LogShaderLibrary: Display: ShaderCodeLibraryPakFileMountedCallback: pending pak file info (ChunkID:-1 Root:root:/ File:C:/Program Files (x86)/Vper/UE/UE_4.27/FeaturePacks/TP_2DSideScrollerBP.upack)
[2023.07.11-15.39.38:111][  0]LogPakFile: OnPakFileMounted2Time == 0.000102
[2023.07.11-15.39.38:111][  0]LogPakFile: PakFile PrimaryIndexSize=182
[2023.07.11-15.39.38:111][  0]LogPakFile: PakFile PathHashIndexSize=101
[2023.07.11-15.39.38:111][  0]LogPakFile: PakFile FullDirectoryIndexSize=138
[2023.07.11-15.39.38:111][  0]LogShaderLibrary: Display: ShaderCodeLibraryPakFileMountedCallback: PakFile 'C:/Program Files (x86)/Vper/UE/UE_4.27/FeaturePacks/TP_Flying.upack' (chunk index -1, root 'root:/') mounted
[2023.07.11-15.39.38:111][  0]LogShaderLibrary: Display: ShaderCodeLibraryPakFileMountedCallback: pending pak file info (ChunkID:-1 Root:root:/ File:C:/Program Files (x86)/Vper/UE/UE_4.27/FeaturePacks/TP_Flying.upack)
[2023.07.11-15.39.38:111][  0]LogPakFile: OnPakFileMounted2Time == 0.000088
[2023.07.11-15.39.38:111][  0]LogPakFile: PakFile PrimaryIndexSize=184
[2023.07.11-15.39.38:111][  0]LogPakFile: PakFile PathHashIndexSize=101
[2023.07.11-15.39.38:111][  0]LogPakFile: PakFile FullDirectoryIndexSize=142
[2023.07.11-15.39.38:111][  0]LogShaderLibrary: Display: ShaderCodeLibraryPakFileMountedCallback: PakFile 'C:/Program Files (x86)/Vper/UE/UE_4.27/FeaturePacks/TP_FlyingBP.upack' (chunk index -1, root 'root:/') mounted
[2023.07.11-15.39.38:111][  0]LogShaderLibrary: Display: ShaderCodeLibraryPakFileMountedCallback: pending pak file info (ChunkID:-1 Root:root:/ File:C:/Program Files (x86)/Vper/UE/UE_4.27/FeaturePacks/TP_FlyingBP.upack)
[2023.07.11-15.39.38:111][  0]LogPakFile: OnPakFileMounted2Time == 0.000085
[2023.07.11-15.39.38:111][  0]LogPakFile: PakFile PrimaryIndexSize=188
[2023.07.11-15.39.38:111][  0]LogPakFile: PakFile PathHashIndexSize=101
[2023.07.11-15.39.38:111][  0]LogPakFile: PakFile FullDirectoryIndexSize=150
[2023.07.11-15.39.38:111][  0]LogShaderLibrary: Display: ShaderCodeLibraryPakFileMountedCallback: PakFile 'C:/Program Files (x86)/Vper/UE/UE_4.27/FeaturePacks/TP_HandheldARBP.upack' (chunk index -1, root 'root:/') mounted
[2023.07.11-15.39.38:113][  0]LogShaderLibrary: Display: ShaderCodeLibraryPakFileMountedCallback: pending pak file info (ChunkID:-1 Root:root:/ File:C:/Program Files (x86)/Vper/UE/UE_4.27/FeaturePacks/TP_HandheldARBP.upack)
[2023.07.11-15.39.38:113][  0]LogPakFile: OnPakFileMounted2Time == 0.000086
[2023.07.11-15.39.38:113][  0]LogPakFile: PakFile PrimaryIndexSize=182
[2023.07.11-15.39.38:113][  0]LogPakFile: PakFile PathHashIndexSize=101
[2023.07.11-15.39.38:113][  0]LogPakFile: PakFile FullDirectoryIndexSize=138
[2023.07.11-15.39.38:113][  0]LogShaderLibrary: Display: ShaderCodeLibraryPakFileMountedCallback: PakFile 'C:/Program Files (x86)/Vper/UE/UE_4.27/FeaturePacks/TP_Puzzle.upack' (chunk index -1, root 'root:/') mounted
[2023.07.11-15.39.38:113][  0]LogShaderLibrary: Display: ShaderCodeLibraryPakFileMountedCallback: pending pak file info (ChunkID:-1 Root:root:/ File:C:/Program Files (x86)/Vper/UE/UE_4.27/FeaturePacks/TP_Puzzle.upack)
[2023.07.11-15.39.38:113][  0]LogPakFile: OnPakFileMounted2Time == 0.000112
[2023.07.11-15.39.38:113][  0]LogPakFile: PakFile PrimaryIndexSize=184
[2023.07.11-15.39.38:113][  0]LogPakFile: PakFile PathHashIndexSize=101
[2023.07.11-15.39.38:114][  0]LogPakFile: PakFile FullDirectoryIndexSize=142
[2023.07.11-15.39.38:114][  0]LogShaderLibrary: Display: ShaderCodeLibraryPakFileMountedCallback: PakFile 'C:/Program Files (x86)/Vper/UE/UE_4.27/FeaturePacks/TP_PuzzleBP.upack' (chunk index -1, root 'root:/') mounted
[2023.07.11-15.39.38:114][  0]LogShaderLibrary: Display: ShaderCodeLibraryPakFileMountedCallback: pending pak file info (ChunkID:-1 Root:root:/ File:C:/Program Files (x86)/Vper/UE/UE_4.27/FeaturePacks/TP_PuzzleBP.upack)
[2023.07.11-15.39.38:114][  0]LogPakFile: OnPakFileMounted2Time == 0.000107
[2023.07.11-15.39.38:114][  0]LogPakFile: PakFile PrimaryIndexSize=183
[2023.07.11-15.39.38:114][  0]LogPakFile: PakFile PathHashIndexSize=101
[2023.07.11-15.39.38:114][  0]LogPakFile: PakFile FullDirectoryIndexSize=140
[2023.07.11-15.39.38:114][  0]LogShaderLibrary: Display: ShaderCodeLibraryPakFileMountedCallback: PakFile 'C:/Program Files (x86)/Vper/UE/UE_4.27/FeaturePacks/TP_Rolling.upack' (chunk index -1, root 'root:/') mounted
[2023.07.11-15.39.38:114][  0]LogShaderLibrary: Display: ShaderCodeLibraryPakFileMountedCallback: pending pak file info (ChunkID:-1 Root:root:/ File:C:/Program Files (x86)/Vper/UE/UE_4.27/FeaturePacks/TP_Rolling.upack)
[2023.07.11-15.39.38:114][  0]LogPakFile: OnPakFileMounted2Time == 0.000089
[2023.07.11-15.39.38:114][  0]LogPakFile: PakFile PrimaryIndexSize=185
[2023.07.11-15.39.38:115][  0]LogPakFile: PakFile PathHashIndexSize=101
[2023.07.11-15.39.38:115][  0]LogPakFile: PakFile FullDirectoryIndexSize=144
[2023.07.11-15.39.38:115][  0]LogShaderLibrary: Display: ShaderCodeLibraryPakFileMountedCallback: PakFile 'C:/Program Files (x86)/Vper/UE/UE_4.27/FeaturePacks/TP_RollingBP.upack' (chunk index -1, root 'root:/') mounted
[2023.07.11-15.39.38:115][  0]LogShaderLibrary: Display: ShaderCodeLibraryPakFileMountedCallback: pending pak file info (ChunkID:-1 Root:root:/ File:C:/Program Files (x86)/Vper/UE/UE_4.27/FeaturePacks/TP_RollingBP.upack)
[2023.07.11-15.39.38:115][  0]LogPakFile: OnPakFileMounted2Time == 0.000088
[2023.07.11-15.39.38:115][  0]LogPakFile: PakFile PrimaryIndexSize=188
[2023.07.11-15.39.38:115][  0]LogPakFile: PakFile PathHashIndexSize=101
[2023.07.11-15.39.38:115][  0]LogPakFile: PakFile FullDirectoryIndexSize=150
[2023.07.11-15.39.38:115][  0]LogShaderLibrary: Display: ShaderCodeLibraryPakFileMountedCallback: PakFile 'C:/Program Files (x86)/Vper/UE/UE_4.27/FeaturePacks/TP_SideScroller.upack' (chunk index -1, root 'root:/') mounted
[2023.07.11-15.39.38:115][  0]LogShaderLibrary: Display: ShaderCodeLibraryPakFileMountedCallback: pending pak file info (ChunkID:-1 Root:root:/ File:C:/Program Files (x86)/Vper/UE/UE_4.27/FeaturePacks/TP_SideScroller.upack)
[2023.07.11-15.39.38:115][  0]LogPakFile: OnPakFileMounted2Time == 0.000096
[2023.07.11-15.39.38:115][  0]LogPakFile: PakFile PrimaryIndexSize=190
[2023.07.11-15.39.38:115][  0]LogPakFile: PakFile PathHashIndexSize=101
[2023.07.11-15.39.38:116][  0]LogPakFile: PakFile FullDirectoryIndexSize=154
[2023.07.11-15.39.38:116][  0]LogShaderLibrary: Display: ShaderCodeLibraryPakFileMountedCallback: PakFile 'C:/Program Files (x86)/Vper/UE/UE_4.27/FeaturePacks/TP_SideScrollerBP.upack' (chunk index -1, root 'root:/') mounted
[2023.07.11-15.39.38:116][  0]LogShaderLibrary: Display: ShaderCodeLibraryPakFileMountedCallback: pending pak file info (ChunkID:-1 Root:root:/ File:C:/Program Files (x86)/Vper/UE/UE_4.27/FeaturePacks/TP_SideScrollerBP.upack)
[2023.07.11-15.39.38:116][  0]LogPakFile: OnPakFileMounted2Time == 0.000088
[2023.07.11-15.39.38:116][  0]LogPakFile: PakFile PrimaryIndexSize=187
[2023.07.11-15.39.38:116][  0]LogPakFile: PakFile PathHashIndexSize=101
[2023.07.11-15.39.38:116][  0]LogPakFile: PakFile FullDirectoryIndexSize=148
[2023.07.11-15.39.38:116][  0]LogShaderLibrary: Display: ShaderCodeLibraryPakFileMountedCallback: PakFile 'C:/Program Files (x86)/Vper/UE/UE_4.27/FeaturePacks/TP_ThirdPerson.upack' (chunk index -1, root 'root:/') mounted
[2023.07.11-15.39.38:116][  0]LogShaderLibrary: Display: ShaderCodeLibraryPakFileMountedCallback: pending pak file info (ChunkID:-1 Root:root:/ File:C:/Program Files (x86)/Vper/UE/UE_4.27/FeaturePacks/TP_ThirdPerson.upack)
[2023.07.11-15.39.38:116][  0]LogPakFile: OnPakFileMounted2Time == 0.000087
[2023.07.11-15.39.38:116][  0]LogPakFile: PakFile PrimaryIndexSize=189
[2023.07.11-15.39.38:116][  0]LogPakFile: PakFile PathHashIndexSize=101
[2023.07.11-15.39.38:116][  0]LogPakFile: PakFile FullDirectoryIndexSize=152
[2023.07.11-15.39.38:116][  0]LogShaderLibrary: Display: ShaderCodeLibraryPakFileMountedCallback: PakFile 'C:/Program Files (x86)/Vper/UE/UE_4.27/FeaturePacks/TP_ThirdPersonBP.upack' (chunk index -1, root 'root:/') mounted
[2023.07.11-15.39.38:117][  0]LogShaderLibrary: Display: ShaderCodeLibraryPakFileMountedCallback: pending pak file info (ChunkID:-1 Root:root:/ File:C:/Program Files (x86)/Vper/UE/UE_4.27/FeaturePacks/TP_ThirdPersonBP.upack)
[2023.07.11-15.39.38:117][  0]LogPakFile: OnPakFileMounted2Time == 0.000086
[2023.07.11-15.39.38:117][  0]LogPakFile: PakFile PrimaryIndexSize=183
[2023.07.11-15.39.38:117][  0]LogPakFile: PakFile PathHashIndexSize=101
[2023.07.11-15.39.38:117][  0]LogPakFile: PakFile FullDirectoryIndexSize=140
[2023.07.11-15.39.38:117][  0]LogShaderLibrary: Display: ShaderCodeLibraryPakFileMountedCallback: PakFile 'C:/Program Files (x86)/Vper/UE/UE_4.27/FeaturePacks/TP_TopDown.upack' (chunk index -1, root 'root:/') mounted
[2023.07.11-15.39.38:117][  0]LogShaderLibrary: Display: ShaderCodeLibraryPakFileMountedCallback: pending pak file info (ChunkID:-1 Root:root:/ File:C:/Program Files (x86)/Vper/UE/UE_4.27/FeaturePacks/TP_TopDown.upack)
[2023.07.11-15.39.38:117][  0]LogPakFile: OnPakFileMounted2Time == 0.000088
[2023.07.11-15.39.38:117][  0]LogPakFile: PakFile PrimaryIndexSize=185
[2023.07.11-15.39.38:117][  0]LogPakFile: PakFile PathHashIndexSize=101
[2023.07.11-15.39.38:117][  0]LogPakFile: PakFile FullDirectoryIndexSize=144
[2023.07.11-15.39.38:117][  0]LogShaderLibrary: Display: ShaderCodeLibraryPakFileMountedCallback: PakFile 'C:/Program Files (x86)/Vper/UE/UE_4.27/FeaturePacks/TP_TopDownBP.upack' (chunk index -1, root 'root:/') mounted
[2023.07.11-15.39.38:117][  0]LogShaderLibrary: Display: ShaderCodeLibraryPakFileMountedCallback: pending pak file info (ChunkID:-1 Root:root:/ File:C:/Program Files (x86)/Vper/UE/UE_4.27/FeaturePacks/TP_TopDownBP.upack)
[2023.07.11-15.39.38:117][  0]LogPakFile: OnPakFileMounted2Time == 0.000093
[2023.07.11-15.39.38:118][  0]LogPakFile: PakFile PrimaryIndexSize=185
[2023.07.11-15.39.38:118][  0]LogPakFile: PakFile PathHashIndexSize=101
[2023.07.11-15.39.38:118][  0]LogPakFile: PakFile FullDirectoryIndexSize=144
[2023.07.11-15.39.38:118][  0]LogShaderLibrary: Display: ShaderCodeLibraryPakFileMountedCallback: PakFile 'C:/Program Files (x86)/Vper/UE/UE_4.27/FeaturePacks/TP_TwinStick.upack' (chunk index -1, root 'root:/') mounted
[2023.07.11-15.39.38:118][  0]LogShaderLibrary: Display: ShaderCodeLibraryPakFileMountedCallback: pending pak file info (ChunkID:-1 Root:root:/ File:C:/Program Files (x86)/Vper/UE/UE_4.27/FeaturePacks/TP_TwinStick.upack)
[2023.07.11-15.39.38:118][  0]LogPakFile: OnPakFileMounted2Time == 0.000088
[2023.07.11-15.39.38:118][  0]LogPakFile: PakFile PrimaryIndexSize=187
[2023.07.11-15.39.38:118][  0]LogPakFile: PakFile PathHashIndexSize=101
[2023.07.11-15.39.38:118][  0]LogPakFile: PakFile FullDirectoryIndexSize=148
[2023.07.11-15.39.38:118][  0]LogShaderLibrary: Display: ShaderCodeLibraryPakFileMountedCallback: PakFile 'C:/Program Files (x86)/Vper/UE/UE_4.27/FeaturePacks/TP_TwinStickBP.upack' (chunk index -1, root 'root:/') mounted
[2023.07.11-15.39.38:118][  0]LogShaderLibrary: Display: ShaderCodeLibraryPakFileMountedCallback: pending pak file info (ChunkID:-1 Root:root:/ File:C:/Program Files (x86)/Vper/UE/UE_4.27/FeaturePacks/TP_TwinStickBP.upack)
[2023.07.11-15.39.38:118][  0]LogPakFile: OnPakFileMounted2Time == 0.000091
[2023.07.11-15.39.38:119][  0]LogPakFile: PakFile PrimaryIndexSize=183
[2023.07.11-15.39.38:119][  0]LogPakFile: PakFile PathHashIndexSize=101
[2023.07.11-15.39.38:119][  0]LogPakFile: PakFile FullDirectoryIndexSize=140
[2023.07.11-15.39.38:119][  0]LogShaderLibrary: Display: ShaderCodeLibraryPakFileMountedCallback: PakFile 'C:/Program Files (x86)/Vper/UE/UE_4.27/FeaturePacks/TP_Vehicle.upack' (chunk index -1, root 'root:/') mounted
[2023.07.11-15.39.38:119][  0]LogShaderLibrary: Display: ShaderCodeLibraryPakFileMountedCallback: pending pak file info (ChunkID:-1 Root:root:/ File:C:/Program Files (x86)/Vper/UE/UE_4.27/FeaturePacks/TP_Vehicle.upack)
[2023.07.11-15.39.38:119][  0]LogPakFile: OnPakFileMounted2Time == 0.000096
[2023.07.11-15.39.38:119][  0]LogPakFile: PakFile PrimaryIndexSize=186
[2023.07.11-15.39.38:119][  0]LogPakFile: PakFile PathHashIndexSize=101
[2023.07.11-15.39.38:119][  0]LogPakFile: PakFile FullDirectoryIndexSize=146
[2023.07.11-15.39.38:119][  0]LogShaderLibrary: Display: ShaderCodeLibraryPakFileMountedCallback: PakFile 'C:/Program Files (x86)/Vper/UE/UE_4.27/FeaturePacks/TP_VehicleAdv.upack' (chunk index -1, root 'root:/') mounted
[2023.07.11-15.39.38:119][  0]LogShaderLibrary: Display: ShaderCodeLibraryPakFileMountedCallback: pending pak file info (ChunkID:-1 Root:root:/ File:C:/Program Files (x86)/Vper/UE/UE_4.27/FeaturePacks/TP_VehicleAdv.upack)
[2023.07.11-15.39.38:119][  0]LogPakFile: OnPakFileMounted2Time == 0.000081
[2023.07.11-15.39.38:120][  0]LogPakFile: PakFile PrimaryIndexSize=188
[2023.07.11-15.39.38:120][  0]LogPakFile: PakFile PathHashIndexSize=101
[2023.07.11-15.39.38:120][  0]LogPakFile: PakFile FullDirectoryIndexSize=150
[2023.07.11-15.39.38:120][  0]LogShaderLibrary: Display: ShaderCodeLibraryPakFileMountedCallback: PakFile 'C:/Program Files (x86)/Vper/UE/UE_4.27/FeaturePacks/TP_VehicleAdvBP.upack' (chunk index -1, root 'root:/') mounted
[2023.07.11-15.39.38:120][  0]LogShaderLibrary: Display: ShaderCodeLibraryPakFileMountedCallback: pending pak file info (ChunkID:-1 Root:root:/ File:C:/Program Files (x86)/Vper/UE/UE_4.27/FeaturePacks/TP_VehicleAdvBP.upack)
[2023.07.11-15.39.38:120][  0]LogPakFile: OnPakFileMounted2Time == 0.000097
[2023.07.11-15.39.38:120][  0]LogPakFile: PakFile PrimaryIndexSize=185
[2023.07.11-15.39.38:120][  0]LogPakFile: PakFile PathHashIndexSize=101
[2023.07.11-15.39.38:120][  0]LogPakFile: PakFile FullDirectoryIndexSize=144
[2023.07.11-15.39.38:120][  0]LogShaderLibrary: Display: ShaderCodeLibraryPakFileMountedCallback: PakFile 'C:/Program Files (x86)/Vper/UE/UE_4.27/FeaturePacks/TP_VehicleBP.upack' (chunk index -1, root 'root:/') mounted
[2023.07.11-15.39.38:120][  0]LogShaderLibrary: Display: ShaderCodeLibraryPakFileMountedCallback: pending pak file info (ChunkID:-1 Root:root:/ File:C:/Program Files (x86)/Vper/UE/UE_4.27/FeaturePacks/TP_VehicleBP.upack)
[2023.07.11-15.39.38:120][  0]LogPakFile: OnPakFileMounted2Time == 0.000087
[2023.07.11-15.39.38:121][  0]LogPakFile: PakFile PrimaryIndexSize=192
[2023.07.11-15.39.38:121][  0]LogPakFile: PakFile PathHashIndexSize=101
[2023.07.11-15.39.38:121][  0]LogPakFile: PakFile FullDirectoryIndexSize=158
[2023.07.11-15.39.38:121][  0]LogShaderLibrary: Display: ShaderCodeLibraryPakFileMountedCallback: PakFile 'C:/Program Files (x86)/Vper/UE/UE_4.27/FeaturePacks/TP_VirtualRealityBP.upack' (chunk index -1, root 'root:/') mounted
[2023.07.11-15.39.38:121][  0]LogShaderLibrary: Display: ShaderCodeLibraryPakFileMountedCallback: pending pak file info (ChunkID:-1 Root:root:/ File:C:/Program Files (x86)/Vper/UE/UE_4.27/FeaturePacks/TP_VirtualRealityBP.upack)
[2023.07.11-15.39.38:121][  0]LogPakFile: OnPakFileMounted2Time == 0.000081
[2023.07.11-15.39.38:138][  0]LogNativeClassHierarchy: Verbose: Native class hierarchy updated for 'AddContentDialog' in 0.0002 seconds. Added 0 classes and 0 folders.
[2023.07.11-15.39.38:141][  0]LogNativeClassHierarchy: Verbose: Native class hierarchy updated for 'SceneOutliner' in 0.0001 seconds. Added 2 classes and 0 folders.
[2023.07.11-15.39.38:173][  0]LogSlate: Took 0.000124 seconds to synchronously load lazily loaded font '../../../Engine/Content/Slate/Fonts/Roboto-Regular.ttf' (155K)
[2023.07.11-15.39.38:174][  0]LogSlate: Took 0.000137 seconds to synchronously load lazily loaded font '../../../Engine/Content/Editor/Slate/Fonts/FontAwesome.ttf' (139K)
[2023.07.11-15.39.38:174][  0]LogSlate: Took 0.000066 seconds to synchronously load lazily loaded font '../../../Engine/Content/Slate/Fonts/Roboto-Bold.ttf' (160K)
[2023.07.11-15.39.38:176][  0]LogSlate: Took 0.000064 seconds to synchronously load lazily loaded font '../../../Engine/Content/Slate/Fonts/DroidSansMono.ttf' (77K)
[2023.07.11-15.39.38:204][  0]LogSlate: Took 0.000655 seconds to synchronously load lazily loaded font '../../../Engine/Content/Slate/Fonts/DroidSansFallback.ttf' (3848K)
[2023.07.11-15.39.38:253][  0]LogRenderer: Reallocating scene render targets to support 1208x568 Format 10 NumSamples 1 (Frame:1).
[2023.07.11-15.39.38:326][  0]LogNativeClassHierarchy: Verbose: Native class hierarchy updated for 'HierarchicalLODOutliner' in 0.0002 seconds. Added 0 classes and 0 folders.
[2023.07.11-15.39.38:326][  0]LogLoad: (Engine Initialization) Total time: 6.22 seconds
[2023.07.11-15.39.38:326][  0]LogLoad: (Engine Initialization) Total Blueprint compile time: 0.00 seconds
[2023.07.11-15.39.38:355][  0]LogAssetRegistry: Asset discovery search completed in 3.9385 seconds
[2023.07.11-15.39.38:358][  0]LogCollectionManager: Fixed up redirectors for 0 collections in 0.000002 seconds (updated 0 objects)
[2023.07.11-15.39.38:360][  0]LogContentStreaming: Texture pool size now 1000 MB
[2023.07.11-15.40.07:993][487]LogSlate: Took 0.000071 seconds to synchronously load lazily loaded font '../../../Engine/Content/Slate/Fonts/Roboto-Light.ttf' (167K)
[2023.07.11-15.45.54:881][938]LogSlate: Took 0.000104 seconds to synchronously load lazily loaded font '../../../Engine/Content/Slate/Fonts/Roboto-Light.ttf' (167K)
[2023.07.11-15.45.54:901][938]LogEditorClassViewer: Warning: Class /Engine/Tutorial/InWorldBlueprintEditing/TutorialAssets/IWBE_Blutility.IWBE_Blutility_C has parent /Script/Blutility.PlacedEditorUtilityBase, but this parent is not found. The Class will not be shown in ClassViewer.
[2023.07.11-15.45.54:903][938]LogEditorClassViewer: Warning: Class /Game/ExampleContent/CameraShake/camera_shake_constant.camera_shake_constant_C has parent /Script/Engine.MatineeCameraShake, but this parent is not found. The Class will not be shown in ClassViewer.
[2023.07.11-15.45.54:903][938]LogEditorClassViewer: Warning: Class /Game/ExampleContent/CameraShake/camera_shake_entry.camera_shake_entry_C has parent /Script/Engine.MatineeCameraShake, but this parent is not found. The Class will not be shown in ClassViewer.
[2023.07.11-15.45.54:903][938]LogEditorClassViewer: Warning: Class /Game/ExampleContent/CameraShake/camera_shake_small.camera_shake_small_C has parent /Script/Engine.MatineeCameraShake, but this parent is not found. The Class will not be shown in ClassViewer.
[2023.07.11-15.45.54:903][938]LogEditorClassViewer: Warning: Class /Game/ExampleContent/CameraShake/CamShake_TakeDamage.CamShake_TakeDamage_C has parent /Script/Engine.MatineeCameraShake, but this parent is not found. The Class will not be shown in ClassViewer.
[2023.07.11-15.45.54:903][938]LogEditorClassViewer: Warning: Class /Game/ExampleContent/CameraShake/CamShake_TakeDamage_Small.CamShake_TakeDamage_Small_C has parent /Script/Engine.MatineeCameraShake, but this parent is not found. The Class will not be shown in ClassViewer.
[2023.07.11-15.45.54:903][938]LogEditorClassViewer: Warning: Class /Game/ParagonGideon/Characters/Heroes/Gideon/Gideon_AnimBlueprint.Gideon_AnimBlueprint_C has parent /Script/ActionRoguelike.SAnimInstance, but this parent is not found. The Class will not be shown in ClassViewer.
[2023.07.11-15.46.01:044][938]LogSlate: Window 'Pick Parent Class' being destroyed
[2023.07.11-15.46.01:050][938]LogContentBrowser: Deferred new asset file creation: NewBlueprint
[2023.07.11-15.46.01:067][938]LogContentBrowser: Creating deferred item: NewBlueprint
[2023.07.11-15.46.13:722][437]LogContentBrowser: Attempting asset rename: NewBlueprint -> Powerup_HealthPotion
[2023.07.11-15.46.13:724][437]LogContentBrowser: End creating deferred item NewBlueprint
[2023.07.11-15.46.27:316][206]LogAssetEditorSubsystem: Opening Asset editor for Blueprint /Game/ActionRoguelike/Powerup_HealthPotion.Powerup_HealthPotion
[2023.07.11-15.46.27:441][206]LogNativeClassHierarchy: Verbose: Native class hierarchy updated for 'BlueprintGraph' in 0.0003 seconds. Added 126 classes and 0 folders.
[2023.07.11-15.46.29:628][396]LogRenderer: Reallocating scene render targets to support 1208x704 Format 10 NumSamples 1 (Frame:164).
[2023.07.11-15.46.29:921][431]LogSlate: Window 'Powerup_HealthPotion' being destroyed
[2023.07.11-15.46.30:200][461]LogSlate: Took 0.000177 seconds to synchronously load lazily loaded font '../../../Engine/Content/Slate/Fonts/Roboto-Italic.ttf' (157K)
