Log file open, 07/09/23 20:58:15
LogWindows: Failed to load 'aqProf.dll' (GetLastError=126)
LogWindows: File 'aqProf.dll' does not exist
LogWindows: Failed to load 'VtuneApi.dll' (GetLastError=126)
LogWindows: File 'VtuneApi.dll' does not exist
LogWindows: Failed to load 'VtuneApi32e.dll' (GetLastError=126)
LogWindows: File 'VtuneApi32e.dll' does not exist
LogConsoleResponse: Display: Failed to find resolution value strings in scalability ini. Falling back to default.
LogConsoleResponse: Display: Failed to find resolution value strings in scalability ini. Falling back to default.
LogInit: Display: Running engine for game: ActionRoguelike
LogPlatformFile: Not using cached read wrapper
LogTaskGraph: Started task graph with 5 named threads and 59 total threads with 3 sets of task threads.
LogStats: Stats thread started at 0.245890
LogICUInternationalization: ICU TimeZone Detection - Raw Offset: +8:00, Platform Override: ''
LogInit: Display: Loading text-based GConfig....
LogPluginManager: Mounting plugin MeshPainting
LogPluginManager: Mounting plugin XGEController
LogPluginManager: Mounting plugin Paper2D
LogPluginManager: Mounting plugin AISupport
LogPluginManager: Mounting plugin EnvironmentQueryEditor
LogPluginManager: Mounting plugin CameraShakePreviewer
LogPluginManager: Mounting plugin LiveLink
LogPluginManager: Mounting plugin LightPropagationVolume
LogPluginManager: Mounting plugin GameplayCameras
LogPluginManager: Mounting plugin OodleNetwork
LogPluginManager: Mounting plugin OodleData
LogPluginManager: Mounting plugin CodeLiteSourceCodeAccess
LogPluginManager: Mounting plugin AnimationSharing
LogPluginManager: Mounting plugin CLionSourceCodeAccess
LogPluginManager: Mounting plugin KDevelopSourceCodeAccess
LogPluginManager: Mounting plugin PluginUtils
LogPluginManager: Mounting plugin NullSourceCodeAccess
LogPluginManager: Mounting plugin PerforceSourceControl
LogPluginManager: Mounting plugin GitSourceControl
LogPluginManager: Mounting plugin PropertyAccessNode
LogPluginManager: Mounting plugin RiderSourceCodeAccess
LogPluginManager: Mounting plugin PixWinPlugin
LogPluginManager: Mounting plugin SubversionSourceControl
LogPluginManager: Mounting plugin UObjectPlugin
LogPluginManager: Mounting plugin PlasticSourceControl
LogPluginManager: Mounting plugin TextureFormatOodle
LogPluginManager: Mounting plugin XCodeSourceCodeAccess
LogPluginManager: Mounting plugin VisualStudioCodeSourceCodeAccess
LogPluginManager: Mounting plugin VisualStudioSourceCodeAccess
LogPluginManager: Mounting plugin DatasmithContent
LogPluginManager: Mounting plugin VariantManagerContent
LogPluginManager: Mounting plugin AlembicImporter
LogPluginManager: Mounting plugin ChaosCloth
LogPluginManager: Mounting plugin ChaosClothEditor
LogPluginManager: Mounting plugin AutomationUtils
LogPluginManager: Mounting plugin BackChannel
LogPluginManager: Mounting plugin ChaosEditor
LogPluginManager: Mounting plugin ChaosSolverPlugin
LogPluginManager: Mounting plugin CharacterAI
LogPluginManager: Mounting plugin ChaosNiagara
LogPluginManager: Mounting plugin GeometryCollectionPlugin
LogPluginManager: Mounting plugin GeometryCache
LogPluginManager: Mounting plugin Niagara
LogPluginManager: Mounting plugin GeometryProcessing
LogPluginManager: Mounting plugin MotoSynth
LogPluginManager: Mounting plugin OpenImageDenoise
LogPluginManager: Mounting plugin PlatformCrypto
LogPluginManager: Mounting plugin PlanarCut
LogPluginManager: Mounting plugin PythonScriptPlugin
LogPluginManager: Mounting plugin ProxyLODPlugin
LogPluginManager: Mounting plugin LuminPlatformFeatures
LogPluginManager: Mounting plugin MagicLeap
LogPluginManager: Mounting plugin SkeletalReduction
LogPluginManager: Mounting plugin MagicLeapMedia
LogPluginManager: Mounting plugin MagicLeapLightEstimation
LogPluginManager: Mounting plugin MagicLeapPassableWorld
LogPluginManager: Mounting plugin MLSDK
LogPluginManager: Mounting plugin AndroidMedia
LogPluginManager: Mounting plugin AvfMedia
LogPluginManager: Mounting plugin ImgMedia
LogPluginManager: Mounting plugin MediaCompositing
LogPluginManager: Mounting plugin MediaPlayerEditor
LogPluginManager: Mounting plugin WebMMedia
LogPluginManager: Mounting plugin AssetManagerEditor
LogPluginManager: Mounting plugin WmfMedia
LogPluginManager: Mounting plugin CryptoKeys
LogPluginManager: Mounting plugin FacialAnimation
LogPluginManager: Mounting plugin DataValidation
LogPluginManager: Mounting plugin CurveEditorTools
LogPluginManager: Mounting plugin GameplayTagsEditor
LogPluginManager: Mounting plugin MacGraphicsSwitching
LogPluginManager: Mounting plugin GeometryMode
LogPluginManager: Mounting plugin TcpMessaging
LogPluginManager: Mounting plugin MobileLauncherProfileWizard
LogPluginManager: Mounting plugin MaterialAnalyzer
LogPluginManager: Mounting plugin UdpMessaging
LogPluginManager: Mounting plugin PluginBrowser
LogPluginManager: Mounting plugin SpeedTreeImporter
LogPluginManager: Mounting plugin ActorSequence
LogPluginManager: Mounting plugin MatineeToLevelSequence
LogPluginManager: Mounting plugin TemplateSequence
LogPluginManager: Mounting plugin ActorLayerUtilities
LogPluginManager: Mounting plugin LevelSequenceEditor
LogPluginManager: Mounting plugin AndroidPermission
LogPluginManager: Mounting plugin AndroidDeviceProfileSelector
LogPluginManager: Mounting plugin AppleImageUtils
LogPluginManager: Mounting plugin AndroidMoviePlayer
LogPluginManager: Mounting plugin AppleMoviePlayer
LogPluginManager: Mounting plugin AssetTags
LogPluginManager: Mounting plugin AudioCapture
LogPluginManager: Mounting plugin CustomMeshComponent
LogPluginManager: Mounting plugin EditableMesh
LogPluginManager: Mounting plugin CableComponent
LogPluginManager: Mounting plugin AudioSynesthesia
LogPluginManager: Mounting plugin ExampleDeviceProfileSelector
LogPluginManager: Mounting plugin LauncherChunkInstaller
LogPluginManager: Mounting plugin GoogleCloudMessaging
LogPluginManager: Mounting plugin ChunkDownloader
LogPluginManager: Mounting plugin ArchVisCharacter
LogPluginManager: Mounting plugin GooglePAD
LogPluginManager: Mounting plugin LinuxDeviceProfileSelector
LogPluginManager: Mounting plugin ScreenshotTools
LogPluginManager: Mounting plugin IOSDeviceProfileSelector
LogPluginManager: Mounting plugin MobilePatchingUtils
LogPluginManager: Mounting plugin LocationServicesBPLibrary
LogPluginManager: Mounting plugin OpenXREyeTracker
LogPluginManager: Mounting plugin OpenXR
LogPluginManager: Mounting plugin OpenXRHandTracking
LogPluginManager: Mounting plugin PhysXVehicles
LogPluginManager: Mounting plugin OnlineSubsystem
LogPluginManager: Mounting plugin PropertyAccessEditor
LogPluginManager: Mounting plugin PostSplashScreen
LogPluginManager: Mounting plugin ProceduralMeshComponent
LogPluginManager: Mounting plugin OnlineSubsystemNull
LogPluginManager: Mounting plugin OnlineSubsystemUtils
LogPluginManager: Mounting plugin RuntimePhysXCooking
LogPluginManager: Mounting plugin SignificanceManager
LogPluginManager: Mounting plugin SoundFields
LogPluginManager: Mounting plugin Synthesis
LogPluginManager: Mounting plugin WindowsMoviePlayer
LogPluginManager: Mounting plugin WebMMoviePlayer
LogPluginManager: Mounting plugin Takes
LogPluginManager: Mounting plugin ContentBrowserAssetDataSource
LogPluginManager: Mounting plugin ContentBrowserClassDataSource
LogPluginManager: Mounting plugin ContentBrowserFileDataSource
LogPluginManager: Mounting plugin OculusVR
LogPluginManager: Mounting plugin OnlineSubsystemGooglePlay
LogPluginManager: Mounting plugin OnlineSubsystemIOS
LogPluginManager: Mounting plugin SteamVR
PixWinPlugin: PIX capture plugin failed to initialize! Check that the process is launched from PIX.
LogInit: Using libcurl 7.55.1-DEV
LogInit:  - built for x86_64-pc-win32
LogInit:  - supports SSL with OpenSSL/1.1.1
LogInit:  - supports HTTP deflate (compression) using libz 1.2.8
LogInit:  - other features:
LogInit:      CURL_VERSION_SSL
LogInit:      CURL_VERSION_LIBZ
LogInit:      CURL_VERSION_IPV6
LogInit:      CURL_VERSION_ASYNCHDNS
LogInit:      CURL_VERSION_LARGEFILE
LogInit:      CURL_VERSION_IDN
LogInit:  CurlRequestOptions (configurable via config and command line):
LogInit:  - bVerifyPeer = true  - Libcurl will verify peer certificate
LogInit:  - bUseHttpProxy = false  - Libcurl will NOT use HTTP proxy
LogInit:  - bDontReuseConnections = false  - Libcurl will reuse connections
LogInit:  - MaxHostConnections = 16  - Libcurl will limit the number of connections to a host
LogInit:  - LocalHostAddr = Default
LogInit:  - BufferSize = 65536
LogOnline: OSS: Creating online subsystem instance for: NULL
LogInit: WinSock: version 1.1 (2.2), MaxSocks=32767, MaxUdp=65467
LogOnline: OSS: TryLoadSubsystemAndSetDefault: Loaded subsystem for module [NULL]
LogOculusPluginWrapper: OculusPlugin initialized successfully
LogHMD: Failed initializing OVRPlugin 1.59.0
LogInit: Build: ++UE4+Release-4.27-CL-18319896
LogInit: Engine Version: 4.27.2-18319896+++UE4+Release-4.27
LogInit: Compatible Engine Version: 4.27.0-17155196+++UE4+Release-4.27
LogInit: Net CL: 17155196
LogInit: OS: Windows 10 (Release 2009) (), CPU: 13th Gen Intel(R) Core(TM) i5-13600KF, GPU: NVIDIA GeForce RTX 3060 Ti
LogInit: Compiled (64-bit): Nov 30 2021 07:12:08
LogInit: Compiled with Visual C++: 19.24.28315.00
LogInit: Build Configuration: Development
LogInit: Branch Name: ++UE4+Release-4.27
LogInit: Command Line:  -skipcompile
LogInit: Base Directory: C:/Program Files (x86)/Vper/UE/UE_4.27/Engine/Binaries/Win64/
LogInit: Allocator: TBB
LogInit: Installed Engine Build: 1
LogDevObjectVersion: Number of dev versions registered: 29
LogDevObjectVersion:   Dev-Blueprints (B0D832E4-1F89-4F0D-ACCF-7EB736FD4AA2): 10
LogDevObjectVersion:   Dev-Build (E1C64328-A22C-4D53-A36C-8E866417BD8C): 0
LogDevObjectVersion:   Dev-Core (375EC13C-06E4-48FB-B500-84F0262A717E): 4
LogDevObjectVersion:   Dev-Editor (E4B068ED-F494-42E9-A231-DA0B2E46BB41): 40
LogDevObjectVersion:   Dev-Framework (CFFC743F-43B0-4480-9391-14DF171D2073): 37
LogDevObjectVersion:   Dev-Mobile (B02B49B5-BB20-44E9-A304-32B752E40360): 3
LogDevObjectVersion:   Dev-Networking (A4E4105C-59A1-49B5-A7C5-40C4547EDFEE): 0
LogDevObjectVersion:   Dev-Online (39C831C9-5AE6-47DC-9A44-9C173E1C8E7C): 0
LogDevObjectVersion:   Dev-Physics (78F01B33-EBEA-4F98-B9B4-84EACCB95AA2): 14
LogDevObjectVersion:   Dev-Platform (6631380F-2D4D-43E0-8009-CF276956A95A): 0
LogDevObjectVersion:   Dev-Rendering (12F88B9F-8875-4AFC-A67C-D90C383ABD29): 45
LogDevObjectVersion:   Dev-Sequencer (7B5AE74C-D270-4C10-A958-57980B212A5A): 13
LogDevObjectVersion:   Dev-VR (D7296918-1DD6-4BDD-9DE2-64A83CC13884): 3
LogDevObjectVersion:   Dev-LoadTimes (C2A15278-BFE7-4AFE-6C17-90FF531DF755): 1
LogDevObjectVersion:   Private-Geometry (6EACA3D4-40EC-4CC1-B786-8BED09428FC5): 3
LogDevObjectVersion:   Dev-AnimPhys (29E575DD-E0A3-4627-9D10-D276232CDCEA): 17
LogDevObjectVersion:   Dev-Anim (AF43A65D-7FD3-4947-9873-3E8ED9C1BB05): 15
LogDevObjectVersion:   Dev-ReflectionCapture (6B266CEC-1EC7-4B8F-A30B-E4D90942FC07): 1
LogDevObjectVersion:   Dev-Automation (0DF73D61-A23F-47EA-B727-89E90C41499A): 1
LogDevObjectVersion:   FortniteMain (601D1886-AC64-4F84-AA16-D3DE0DEAC7D6): 47
LogDevObjectVersion:   FortniteRelease (E7086368-6B23-4C58-8439-1B7016265E91): 1
LogDevObjectVersion:   Dev-Enterprise (9DFFBCD6-494F-0158-E221-12823C92A888): 10
LogDevObjectVersion:   Dev-Niagara (F2AED0AC-9AFE-416F-8664-AA7FFA26D6FC): 1
LogDevObjectVersion:   Dev-Destruction (174F1F0B-B4C6-45A5-B13F-2EE8D0FB917D): 10
LogDevObjectVersion:   Dev-Physics-Ext (35F94A83-E258-406C-A318-09F59610247C): 41
LogDevObjectVersion:   Dev-PhysicsMaterial-Chaos (B68FC16E-8B1B-42E2-B453-215C058844FE): 1
LogDevObjectVersion:   Dev-CineCamera (B2E18506-4273-CFC2-A54E-F4BB758BBA07): 1
LogDevObjectVersion:   Dev-VirtualProduction (64F58936-FD1B-42BA-BA96-7289D5D0FA4E): 1
LogDevObjectVersion:   Dev-MediaFramework (6F0ED827-A609-4895-9C91-998D90180EA4): 2
LogInit: Presizing for max 25165824 objects, including 0 objects not considered by GC, pre-allocating 0 bytes for permanent pool.
LogConfig: Applying CVar settings from Section [/Script/Engine.StreamingSettings] File [C:/VperData/GitHub/ActionRoguelike/ActionRoguelike/Saved/Config/Windows/Engine.ini]
LogConfig: Setting CVar [[s.MinBulkDataSizeForAsyncLoading:131072]]
LogConfig: Setting CVar [[s.AsyncLoadingThreadEnabled:0]]
LogConfig: Setting CVar [[s.EventDrivenLoaderEnabled:1]]
LogConfig: Setting CVar [[s.WarnIfTimeLimitExceeded:0]]
LogConfig: Setting CVar [[s.TimeLimitExceededMultiplier:1.5]]
LogConfig: Setting CVar [[s.TimeLimitExceededMinTime:0.005]]
LogConfig: Setting CVar [[s.UseBackgroundLevelStreaming:1]]
LogConfig: Setting CVar [[s.PriorityAsyncLoadingExtraTime:15.0]]
LogConfig: Setting CVar [[s.LevelStreamingActorsUpdateTimeLimit:5.0]]
LogConfig: Setting CVar [[s.PriorityLevelStreamingActorsUpdateExtraTime:5.0]]
LogConfig: Setting CVar [[s.LevelStreamingComponentsRegistrationGranularity:10]]
LogConfig: Setting CVar [[s.UnregisterComponentsTimeLimit:1.0]]
LogConfig: Setting CVar [[s.LevelStreamingComponentsUnregistrationGranularity:5]]
LogConfig: Setting CVar [[s.FlushStreamingOnExit:1]]
LogInit: Object subsystem initialized
LogConfig: Setting CVar [[con.DebugEarlyDefault:1]]
LogConfig: Setting CVar [[r.setres:1280x720]]
[2023.07.09-12.58.15:676][  0]LogConfig: Setting CVar [[r.VSync:0]]
[2023.07.09-12.58.15:676][  0]LogConfig: Setting CVar [[r.RHICmdBypass:0]]
[2023.07.09-12.58.15:676][  0]LogConfig: Applying CVar settings from Section [/Script/Engine.RendererSettings] File [C:/VperData/GitHub/ActionRoguelike/ActionRoguelike/Saved/Config/Windows/Engine.ini]
[2023.07.09-12.58.15:676][  0]LogConfig: Setting CVar [[r.GPUCrashDebugging:0]]
[2023.07.09-12.58.15:676][  0]LogConfig: Applying CVar settings from Section [/Script/Engine.RendererOverrideSettings] File [C:/VperData/GitHub/ActionRoguelike/ActionRoguelike/Saved/Config/Windows/Engine.ini]
[2023.07.09-12.58.15:676][  0]LogConfig: Applying CVar settings from Section [/Script/Engine.StreamingSettings] File [C:/VperData/GitHub/ActionRoguelike/ActionRoguelike/Saved/Config/Windows/Engine.ini]
[2023.07.09-12.58.15:676][  0]LogConfig: Setting CVar [[s.MinBulkDataSizeForAsyncLoading:131072]]
[2023.07.09-12.58.15:676][  0]LogConfig: Setting CVar [[s.AsyncLoadingThreadEnabled:0]]
[2023.07.09-12.58.15:676][  0]LogConfig: Setting CVar [[s.EventDrivenLoaderEnabled:1]]
[2023.07.09-12.58.15:676][  0]LogConfig: Setting CVar [[s.WarnIfTimeLimitExceeded:0]]
[2023.07.09-12.58.15:677][  0]LogConfig: Setting CVar [[s.TimeLimitExceededMultiplier:1.5]]
[2023.07.09-12.58.15:677][  0]LogConfig: Setting CVar [[s.TimeLimitExceededMinTime:0.005]]
[2023.07.09-12.58.15:677][  0]LogConfig: Setting CVar [[s.UseBackgroundLevelStreaming:1]]
[2023.07.09-12.58.15:677][  0]LogConfig: Setting CVar [[s.PriorityAsyncLoadingExtraTime:15.0]]
[2023.07.09-12.58.15:677][  0]LogConfig: Setting CVar [[s.LevelStreamingActorsUpdateTimeLimit:5.0]]
[2023.07.09-12.58.15:677][  0]LogConfig: Setting CVar [[s.PriorityLevelStreamingActorsUpdateExtraTime:5.0]]
[2023.07.09-12.58.15:677][  0]LogConfig: Setting CVar [[s.LevelStreamingComponentsRegistrationGranularity:10]]
[2023.07.09-12.58.15:677][  0]LogConfig: Setting CVar [[s.UnregisterComponentsTimeLimit:1.0]]
[2023.07.09-12.58.15:677][  0]LogConfig: Setting CVar [[s.LevelStreamingComponentsUnregistrationGranularity:5]]
[2023.07.09-12.58.15:677][  0]LogConfig: Setting CVar [[s.FlushStreamingOnExit:1]]
[2023.07.09-12.58.15:677][  0]LogConfig: Applying CVar settings from Section [/Script/Engine.GarbageCollectionSettings] File [C:/VperData/GitHub/ActionRoguelike/ActionRoguelike/Saved/Config/Windows/Engine.ini]
[2023.07.09-12.58.15:677][  0]LogConfig: Setting CVar [[gc.MaxObjectsNotConsideredByGC:1]]
[2023.07.09-12.58.15:677][  0]LogConfig: Setting CVar [[gc.SizeOfPermanentObjectPool:0]]
[2023.07.09-12.58.15:677][  0]LogConfig: Setting CVar [[gc.FlushStreamingOnGC:0]]
[2023.07.09-12.58.15:677][  0]LogConfig: Setting CVar [[gc.NumRetriesBeforeForcingGC:10]]
[2023.07.09-12.58.15:677][  0]LogConfig: Setting CVar [[gc.AllowParallelGC:1]]
[2023.07.09-12.58.15:677][  0]LogConfig: Setting CVar [[gc.TimeBetweenPurgingPendingKillObjects:61.1]]
[2023.07.09-12.58.15:677][  0]LogConfig: Setting CVar [[gc.MaxObjectsInEditor:25165824]]
[2023.07.09-12.58.15:677][  0]LogConfig: Setting CVar [[gc.IncrementalBeginDestroyEnabled:1]]
[2023.07.09-12.58.15:677][  0]LogConfig: Setting CVar [[gc.CreateGCClusters:1]]
[2023.07.09-12.58.15:677][  0]LogConfig: Setting CVar [[gc.MinGCClusterSize:5]]
[2023.07.09-12.58.15:677][  0]LogConfig: Setting CVar [[gc.ActorClusteringEnabled:0]]
[2023.07.09-12.58.15:677][  0]LogConfig: Setting CVar [[gc.BlueprintClusteringEnabled:0]]
[2023.07.09-12.58.15:677][  0]LogConfig: Setting CVar [[gc.UseDisregardForGCOnDedicatedServers:0]]
[2023.07.09-12.58.15:677][  0]LogConfig: Setting CVar [[gc.MultithreadedDestructionEnabled:1]]
[2023.07.09-12.58.15:677][  0]LogConfig: Applying CVar settings from Section [/Script/Engine.NetworkSettings] File [C:/VperData/GitHub/ActionRoguelike/ActionRoguelike/Saved/Config/Windows/Engine.ini]
[2023.07.09-12.58.15:677][  0]LogConfig: Applying CVar settings from Section [/Script/UnrealEd.CookerSettings] File [C:/VperData/GitHub/ActionRoguelike/ActionRoguelike/Saved/Config/Windows/Engine.ini]
[2023.07.09-12.58.15:681][  0]LogConfig: Applying CVar settings from Section [ViewDistanceQuality@3] File [C:/VperData/GitHub/ActionRoguelike/ActionRoguelike/Saved/Config/Windows/Scalability.ini]
[2023.07.09-12.58.15:681][  0]LogConfig: Setting CVar [[r.SkeletalMeshLODBias:0]]
[2023.07.09-12.58.15:681][  0]LogConfig: Setting CVar [[r.ViewDistanceScale:1.0]]
[2023.07.09-12.58.15:681][  0]LogConfig: Applying CVar settings from Section [AntiAliasingQuality@3] File [C:/VperData/GitHub/ActionRoguelike/ActionRoguelike/Saved/Config/Windows/Scalability.ini]
[2023.07.09-12.58.15:681][  0]LogConfig: Setting CVar [[r.PostProcessAAQuality:4]]
[2023.07.09-12.58.15:681][  0]LogConfig: Applying CVar settings from Section [ShadowQuality@3] File [C:/VperData/GitHub/ActionRoguelike/ActionRoguelike/Saved/Config/Windows/Scalability.ini]
[2023.07.09-12.58.15:681][  0]LogConfig: Setting CVar [[r.LightFunctionQuality:1]]
[2023.07.09-12.58.15:681][  0]LogConfig: Setting CVar [[r.ShadowQuality:5]]
[2023.07.09-12.58.15:681][  0]LogConfig: Setting CVar [[r.Shadow.CSM.MaxCascades:10]]
[2023.07.09-12.58.15:681][  0]LogConfig: Setting CVar [[r.Shadow.MaxResolution:2048]]
[2023.07.09-12.58.15:681][  0]LogConfig: Setting CVar [[r.Shadow.MaxCSMResolution:2048]]
[2023.07.09-12.58.15:681][  0]LogConfig: Setting CVar [[r.Shadow.RadiusThreshold:0.01]]
[2023.07.09-12.58.15:681][  0]LogConfig: Setting CVar [[r.Shadow.DistanceScale:1.0]]
[2023.07.09-12.58.15:681][  0]LogConfig: Setting CVar [[r.Shadow.CSM.TransitionScale:1.0]]
[2023.07.09-12.58.15:681][  0]LogConfig: Setting CVar [[r.Shadow.PreShadowResolutionFactor:1.0]]
[2023.07.09-12.58.15:681][  0]LogConfig: Setting CVar [[r.DistanceFieldShadowing:1]]
[2023.07.09-12.58.15:681][  0]LogConfig: Setting CVar [[r.DistanceFieldAO:1]]
[2023.07.09-12.58.15:681][  0]LogConfig: Setting CVar [[r.AOQuality:2]]
[2023.07.09-12.58.15:681][  0]LogConfig: Setting CVar [[r.VolumetricFog:1]]
[2023.07.09-12.58.15:681][  0]LogConfig: Setting CVar [[r.VolumetricFog.GridPixelSize:8]]
[2023.07.09-12.58.15:681][  0]LogConfig: Setting CVar [[r.VolumetricFog.GridSizeZ:128]]
[2023.07.09-12.58.15:681][  0]LogConfig: Setting CVar [[r.VolumetricFog.HistoryMissSupersampleCount:4]]
[2023.07.09-12.58.15:681][  0]LogConfig: Setting CVar [[r.LightMaxDrawDistanceScale:1]]
[2023.07.09-12.58.15:682][  0]LogConfig: Setting CVar [[r.CapsuleShadows:1]]
[2023.07.09-12.58.15:682][  0]LogConfig: Applying CVar settings from Section [PostProcessQuality@3] File [C:/VperData/GitHub/ActionRoguelike/ActionRoguelike/Saved/Config/Windows/Scalability.ini]
[2023.07.09-12.58.15:682][  0]LogConfig: Setting CVar [[r.MotionBlurQuality:4]]
[2023.07.09-12.58.15:682][  0]LogConfig: Setting CVar [[r.AmbientOcclusionMipLevelFactor:0.4]]
[2023.07.09-12.58.15:682][  0]LogConfig: Setting CVar [[r.AmbientOcclusionMaxQuality:100]]
[2023.07.09-12.58.15:682][  0]LogConfig: Setting CVar [[r.AmbientOcclusionLevels:-1]]
[2023.07.09-12.58.15:682][  0]LogConfig: Setting CVar [[r.AmbientOcclusionRadiusScale:1.0]]
[2023.07.09-12.58.15:682][  0]LogConfig: Setting CVar [[r.DepthOfFieldQuality:2]]
[2023.07.09-12.58.15:682][  0]LogConfig: Setting CVar [[r.RenderTargetPoolMin:400]]
[2023.07.09-12.58.15:682][  0]LogConfig: Setting CVar [[r.LensFlareQuality:2]]
[2023.07.09-12.58.15:682][  0]LogConfig: Setting CVar [[r.SceneColorFringeQuality:1]]
[2023.07.09-12.58.15:682][  0]LogConfig: Setting CVar [[r.EyeAdaptationQuality:2]]
[2023.07.09-12.58.15:682][  0]LogConfig: Setting CVar [[r.BloomQuality:5]]
[2023.07.09-12.58.15:682][  0]LogConfig: Setting CVar [[r.FastBlurThreshold:100]]
[2023.07.09-12.58.15:682][  0]LogConfig: Setting CVar [[r.Upscale.Quality:3]]
[2023.07.09-12.58.15:682][  0]LogConfig: Setting CVar [[r.Tonemapper.GrainQuantization:1]]
[2023.07.09-12.58.15:682][  0]LogConfig: Setting CVar [[r.LightShaftQuality:1]]
[2023.07.09-12.58.15:682][  0]LogConfig: Setting CVar [[r.Filter.SizeScale:1]]
[2023.07.09-12.58.15:682][  0]LogConfig: Setting CVar [[r.Tonemapper.Quality:5]]
[2023.07.09-12.58.15:682][  0]LogConfig: Setting CVar [[r.DOF.Gather.AccumulatorQuality:1        ; higher gathering accumulator quality]]
[2023.07.09-12.58.15:682][  0]LogConfig: Setting CVar [[r.DOF.Gather.PostfilterMethod:1          ; Median3x3 postfilering method]]
[2023.07.09-12.58.15:682][  0]LogConfig: Setting CVar [[r.DOF.Gather.EnableBokehSettings:0       ; no bokeh simulation when gathering]]
[2023.07.09-12.58.15:682][  0]LogConfig: Setting CVar [[r.DOF.Gather.RingCount:4                 ; medium number of samples when gathering]]
[2023.07.09-12.58.15:682][  0]LogConfig: Setting CVar [[r.DOF.Scatter.ForegroundCompositing:1    ; additive foreground scattering]]
[2023.07.09-12.58.15:682][  0]LogConfig: Setting CVar [[r.DOF.Scatter.BackgroundCompositing:2    ; additive background scattering]]
[2023.07.09-12.58.15:682][  0]LogConfig: Setting CVar [[r.DOF.Scatter.EnableBokehSettings:1      ; bokeh simulation when scattering]]
[2023.07.09-12.58.15:682][  0]LogConfig: Setting CVar [[r.DOF.Scatter.MaxSpriteRatio:0.1         ; only a maximum of 10% of scattered bokeh]]
[2023.07.09-12.58.15:682][  0]LogConfig: Setting CVar [[r.DOF.Recombine.Quality:1                ; cheap slight out of focus]]
[2023.07.09-12.58.15:682][  0]LogConfig: Setting CVar [[r.DOF.Recombine.EnableBokehSettings:0    ; no bokeh simulation on slight out of focus]]
[2023.07.09-12.58.15:682][  0]LogConfig: Setting CVar [[r.DOF.TemporalAAQuality:1                ; more stable temporal accumulation]]
[2023.07.09-12.58.15:682][  0]LogConfig: Setting CVar [[r.DOF.Kernel.MaxForegroundRadius:0.025]]
[2023.07.09-12.58.15:682][  0]LogConfig: Setting CVar [[r.DOF.Kernel.MaxBackgroundRadius:0.025]]
[2023.07.09-12.58.15:682][  0]LogConfig: Applying CVar settings from Section [TextureQuality@3] File [C:/VperData/GitHub/ActionRoguelike/ActionRoguelike/Saved/Config/Windows/Scalability.ini]
[2023.07.09-12.58.15:683][  0]LogConfig: Setting CVar [[r.Streaming.MipBias:0]]
[2023.07.09-12.58.15:683][  0]LogConfig: Setting CVar [[r.Streaming.AmortizeCPUToGPUCopy:0]]
[2023.07.09-12.58.15:683][  0]LogConfig: Setting CVar [[r.Streaming.MaxNumTexturesToStreamPerFrame:0]]
[2023.07.09-12.58.15:683][  0]LogConfig: Setting CVar [[r.Streaming.Boost:1]]
[2023.07.09-12.58.15:683][  0]LogConfig: Setting CVar [[r.MaxAnisotropy:8]]
[2023.07.09-12.58.15:683][  0]LogConfig: Setting CVar [[r.VT.MaxAnisotropy:8]]
[2023.07.09-12.58.15:683][  0]LogConfig: Setting CVar [[r.Streaming.LimitPoolSizeToVRAM:0]]
[2023.07.09-12.58.15:683][  0]LogConfig: Setting CVar [[r.Streaming.PoolSize:1000]]
[2023.07.09-12.58.15:683][  0]LogConfig: Setting CVar [[r.Streaming.MaxEffectiveScreenSize:0]]
[2023.07.09-12.58.15:683][  0]LogConfig: Applying CVar settings from Section [EffectsQuality@3] File [C:/VperData/GitHub/ActionRoguelike/ActionRoguelike/Saved/Config/Windows/Scalability.ini]
[2023.07.09-12.58.15:683][  0]LogConfig: Setting CVar [[r.TranslucencyLightingVolumeDim:64]]
[2023.07.09-12.58.15:683][  0]LogConfig: Setting CVar [[r.RefractionQuality:2]]
[2023.07.09-12.58.15:683][  0]LogConfig: Setting CVar [[r.SSR.Quality:3]]
[2023.07.09-12.58.15:683][  0]LogConfig: Setting CVar [[r.SSR.HalfResSceneColor:0]]
[2023.07.09-12.58.15:683][  0]LogConfig: Setting CVar [[r.SceneColorFormat:4]]
[2023.07.09-12.58.15:683][  0]LogConfig: Setting CVar [[r.DetailMode:2]]
[2023.07.09-12.58.15:683][  0]LogConfig: Setting CVar [[r.TranslucencyVolumeBlur:1]]
[2023.07.09-12.58.15:683][  0]LogConfig: Setting CVar [[r.MaterialQualityLevel:1 ; High quality]]
[2023.07.09-12.58.15:683][  0]LogConfig: Setting CVar [[r.AnisotropicMaterials:1]]
[2023.07.09-12.58.15:683][  0]LogConfig: Setting CVar [[r.SSS.Scale:1]]
[2023.07.09-12.58.15:683][  0]LogConfig: Setting CVar [[r.SSS.SampleSet:2]]
[2023.07.09-12.58.15:683][  0]LogConfig: Setting CVar [[r.SSS.Quality:1]]
[2023.07.09-12.58.15:683][  0]LogConfig: Setting CVar [[r.SSS.HalfRes:0]]
[2023.07.09-12.58.15:683][  0]LogConfig: Setting CVar [[r.SSGI.Quality:3]]
[2023.07.09-12.58.15:683][  0]LogConfig: Setting CVar [[r.EmitterSpawnRateScale:1.0]]
[2023.07.09-12.58.15:683][  0]LogConfig: Setting CVar [[r.ParticleLightQuality:2]]
[2023.07.09-12.58.15:683][  0]LogConfig: Setting CVar [[r.SkyAtmosphere.AerialPerspectiveLUT.FastApplyOnOpaque:1 ; Always have FastSkyLUT 1 in this case to avoid wrong sky]]
[2023.07.09-12.58.15:683][  0]LogConfig: Setting CVar [[r.SkyAtmosphere.AerialPerspectiveLUT.SampleCountMaxPerSlice:4]]
[2023.07.09-12.58.15:683][  0]LogConfig: Setting CVar [[r.SkyAtmosphere.AerialPerspectiveLUT.DepthResolution:16.0]]
[2023.07.09-12.58.15:683][  0]LogConfig: Setting CVar [[r.SkyAtmosphere.FastSkyLUT:1]]
[2023.07.09-12.58.15:684][  0]LogConfig: Setting CVar [[r.SkyAtmosphere.FastSkyLUT.SampleCountMin:4.0]]
[2023.07.09-12.58.15:684][  0]LogConfig: Setting CVar [[r.SkyAtmosphere.FastSkyLUT.SampleCountMax:128.0]]
[2023.07.09-12.58.15:684][  0]LogConfig: Setting CVar [[r.SkyAtmosphere.SampleCountMin:4.0]]
[2023.07.09-12.58.15:684][  0]LogConfig: Setting CVar [[r.SkyAtmosphere.SampleCountMax:128.0]]
[2023.07.09-12.58.15:684][  0]LogConfig: Setting CVar [[r.SkyAtmosphere.TransmittanceLUT.UseSmallFormat:0]]
[2023.07.09-12.58.15:684][  0]LogConfig: Setting CVar [[r.SkyAtmosphere.TransmittanceLUT.SampleCount:10.0]]
[2023.07.09-12.58.15:684][  0]LogConfig: Setting CVar [[r.SkyAtmosphere.MultiScatteringLUT.SampleCount:15.0]]
[2023.07.09-12.58.15:684][  0]LogConfig: Setting CVar [[r.SkyLight.RealTimeReflectionCapture:1]]
[2023.07.09-12.58.15:684][  0]LogConfig: Applying CVar settings from Section [FoliageQuality@3] File [C:/VperData/GitHub/ActionRoguelike/ActionRoguelike/Saved/Config/Windows/Scalability.ini]
[2023.07.09-12.58.15:684][  0]LogConfig: Setting CVar [[foliage.DensityScale:1.0]]
[2023.07.09-12.58.15:684][  0]LogConfig: Setting CVar [[grass.DensityScale:1.0]]
[2023.07.09-12.58.15:684][  0]LogConfig: Applying CVar settings from Section [ShadingQuality@3] File [C:/VperData/GitHub/ActionRoguelike/ActionRoguelike/Saved/Config/Windows/Scalability.ini]
[2023.07.09-12.58.15:684][  0]LogConfig: Setting CVar [[r.HairStrands.SkyLighting.IntegrationType:2]]
[2023.07.09-12.58.15:684][  0]LogConfig: Setting CVar [[r.HairStrands.SkyAO.SampleCount:4]]
[2023.07.09-12.58.15:684][  0]LogConfig: Setting CVar [[r.HairStrands.Visibility.MSAA.SamplePerPixel:4]]
[2023.07.09-12.58.15:684][  0]LogInit: Selected Device Profile: [Windows]
[2023.07.09-12.58.15:684][  0]LogInit: Applying CVar settings loaded from the selected device profile: [Windows]
[2023.07.09-12.58.15:684][  0]LogHAL: Display: Platform has ~ 32 GB [34185904128 / 34359738368 / 32], which maps to Largest [LargestMinGB=32, LargerMinGB=12, DefaultMinGB=8, SmallerMinGB=6, SmallestMinGB=0)
[2023.07.09-12.58.15:685][  0]LogInit: Going up to parent DeviceProfile []
[2023.07.09-12.58.15:685][  0]LogConfig: Applying CVar settings from Section [ViewDistanceQuality@3] File [C:/VperData/GitHub/ActionRoguelike/ActionRoguelike/Saved/Config/Windows/Scalability.ini]
[2023.07.09-12.58.15:685][  0]LogConfig: Setting CVar [[r.SkeletalMeshLODBias:0]]
[2023.07.09-12.58.15:685][  0]LogConfig: Setting CVar [[r.ViewDistanceScale:1.0]]
[2023.07.09-12.58.15:685][  0]LogConfig: Applying CVar settings from Section [AntiAliasingQuality@3] File [C:/VperData/GitHub/ActionRoguelike/ActionRoguelike/Saved/Config/Windows/Scalability.ini]
[2023.07.09-12.58.15:685][  0]LogConfig: Setting CVar [[r.PostProcessAAQuality:4]]
[2023.07.09-12.58.15:685][  0]LogConfig: Applying CVar settings from Section [ShadowQuality@3] File [C:/VperData/GitHub/ActionRoguelike/ActionRoguelike/Saved/Config/Windows/Scalability.ini]
[2023.07.09-12.58.15:685][  0]LogConfig: Setting CVar [[r.LightFunctionQuality:1]]
[2023.07.09-12.58.15:685][  0]LogConfig: Setting CVar [[r.ShadowQuality:5]]
[2023.07.09-12.58.15:685][  0]LogConfig: Setting CVar [[r.Shadow.CSM.MaxCascades:10]]
[2023.07.09-12.58.15:685][  0]LogConfig: Setting CVar [[r.Shadow.MaxResolution:2048]]
[2023.07.09-12.58.15:685][  0]LogConfig: Setting CVar [[r.Shadow.MaxCSMResolution:2048]]
[2023.07.09-12.58.15:685][  0]LogConfig: Setting CVar [[r.Shadow.RadiusThreshold:0.01]]
[2023.07.09-12.58.15:685][  0]LogConfig: Setting CVar [[r.Shadow.DistanceScale:1.0]]
[2023.07.09-12.58.15:685][  0]LogConfig: Setting CVar [[r.Shadow.CSM.TransitionScale:1.0]]
[2023.07.09-12.58.15:685][  0]LogConfig: Setting CVar [[r.Shadow.PreShadowResolutionFactor:1.0]]
[2023.07.09-12.58.15:685][  0]LogConfig: Setting CVar [[r.DistanceFieldShadowing:1]]
[2023.07.09-12.58.15:685][  0]LogConfig: Setting CVar [[r.DistanceFieldAO:1]]
[2023.07.09-12.58.15:685][  0]LogConfig: Setting CVar [[r.AOQuality:2]]
[2023.07.09-12.58.15:685][  0]LogConfig: Setting CVar [[r.VolumetricFog:1]]
[2023.07.09-12.58.15:685][  0]LogConfig: Setting CVar [[r.VolumetricFog.GridPixelSize:8]]
[2023.07.09-12.58.15:685][  0]LogConfig: Setting CVar [[r.VolumetricFog.GridSizeZ:128]]
[2023.07.09-12.58.15:685][  0]LogConfig: Setting CVar [[r.VolumetricFog.HistoryMissSupersampleCount:4]]
[2023.07.09-12.58.15:685][  0]LogConfig: Setting CVar [[r.LightMaxDrawDistanceScale:1]]
[2023.07.09-12.58.15:685][  0]LogConfig: Setting CVar [[r.CapsuleShadows:1]]
[2023.07.09-12.58.15:685][  0]LogConfig: Applying CVar settings from Section [PostProcessQuality@3] File [C:/VperData/GitHub/ActionRoguelike/ActionRoguelike/Saved/Config/Windows/Scalability.ini]
[2023.07.09-12.58.15:686][  0]LogConfig: Setting CVar [[r.MotionBlurQuality:4]]
[2023.07.09-12.58.15:686][  0]LogConfig: Setting CVar [[r.AmbientOcclusionMipLevelFactor:0.4]]
[2023.07.09-12.58.15:686][  0]LogConfig: Setting CVar [[r.AmbientOcclusionMaxQuality:100]]
[2023.07.09-12.58.15:686][  0]LogConfig: Setting CVar [[r.AmbientOcclusionLevels:-1]]
[2023.07.09-12.58.15:686][  0]LogConfig: Setting CVar [[r.AmbientOcclusionRadiusScale:1.0]]
[2023.07.09-12.58.15:686][  0]LogConfig: Setting CVar [[r.DepthOfFieldQuality:2]]
[2023.07.09-12.58.15:686][  0]LogConfig: Setting CVar [[r.RenderTargetPoolMin:400]]
[2023.07.09-12.58.15:686][  0]LogConfig: Setting CVar [[r.LensFlareQuality:2]]
[2023.07.09-12.58.15:686][  0]LogConfig: Setting CVar [[r.SceneColorFringeQuality:1]]
[2023.07.09-12.58.15:686][  0]LogConfig: Setting CVar [[r.EyeAdaptationQuality:2]]
[2023.07.09-12.58.15:686][  0]LogConfig: Setting CVar [[r.BloomQuality:5]]
[2023.07.09-12.58.15:686][  0]LogConfig: Setting CVar [[r.FastBlurThreshold:100]]
[2023.07.09-12.58.15:686][  0]LogConfig: Setting CVar [[r.Upscale.Quality:3]]
[2023.07.09-12.58.15:686][  0]LogConfig: Setting CVar [[r.Tonemapper.GrainQuantization:1]]
[2023.07.09-12.58.15:686][  0]LogConfig: Setting CVar [[r.LightShaftQuality:1]]
[2023.07.09-12.58.15:686][  0]LogConfig: Setting CVar [[r.Filter.SizeScale:1]]
[2023.07.09-12.58.15:686][  0]LogConfig: Setting CVar [[r.Tonemapper.Quality:5]]
[2023.07.09-12.58.15:686][  0]LogConfig: Setting CVar [[r.DOF.Gather.AccumulatorQuality:1        ; higher gathering accumulator quality]]
[2023.07.09-12.58.15:686][  0]LogConfig: Setting CVar [[r.DOF.Gather.PostfilterMethod:1          ; Median3x3 postfilering method]]
[2023.07.09-12.58.15:686][  0]LogConfig: Setting CVar [[r.DOF.Gather.EnableBokehSettings:0       ; no bokeh simulation when gathering]]
[2023.07.09-12.58.15:686][  0]LogConfig: Setting CVar [[r.DOF.Gather.RingCount:4                 ; medium number of samples when gathering]]
[2023.07.09-12.58.15:686][  0]LogConfig: Setting CVar [[r.DOF.Scatter.ForegroundCompositing:1    ; additive foreground scattering]]
[2023.07.09-12.58.15:686][  0]LogConfig: Setting CVar [[r.DOF.Scatter.BackgroundCompositing:2    ; additive background scattering]]
[2023.07.09-12.58.15:686][  0]LogConfig: Setting CVar [[r.DOF.Scatter.EnableBokehSettings:1      ; bokeh simulation when scattering]]
[2023.07.09-12.58.15:686][  0]LogConfig: Setting CVar [[r.DOF.Scatter.MaxSpriteRatio:0.1         ; only a maximum of 10% of scattered bokeh]]
[2023.07.09-12.58.15:686][  0]LogConfig: Setting CVar [[r.DOF.Recombine.Quality:1                ; cheap slight out of focus]]
[2023.07.09-12.58.15:686][  0]LogConfig: Setting CVar [[r.DOF.Recombine.EnableBokehSettings:0    ; no bokeh simulation on slight out of focus]]
[2023.07.09-12.58.15:687][  0]LogConfig: Setting CVar [[r.DOF.TemporalAAQuality:1                ; more stable temporal accumulation]]
[2023.07.09-12.58.15:687][  0]LogConfig: Setting CVar [[r.DOF.Kernel.MaxForegroundRadius:0.025]]
[2023.07.09-12.58.15:687][  0]LogConfig: Setting CVar [[r.DOF.Kernel.MaxBackgroundRadius:0.025]]
[2023.07.09-12.58.15:687][  0]LogConfig: Applying CVar settings from Section [TextureQuality@3] File [C:/VperData/GitHub/ActionRoguelike/ActionRoguelike/Saved/Config/Windows/Scalability.ini]
[2023.07.09-12.58.15:687][  0]LogConfig: Setting CVar [[r.Streaming.MipBias:0]]
[2023.07.09-12.58.15:687][  0]LogConfig: Setting CVar [[r.Streaming.AmortizeCPUToGPUCopy:0]]
[2023.07.09-12.58.15:687][  0]LogConfig: Setting CVar [[r.Streaming.MaxNumTexturesToStreamPerFrame:0]]
[2023.07.09-12.58.15:687][  0]LogConfig: Setting CVar [[r.Streaming.Boost:1]]
[2023.07.09-12.58.15:687][  0]LogConfig: Setting CVar [[r.MaxAnisotropy:8]]
[2023.07.09-12.58.15:687][  0]LogConfig: Setting CVar [[r.VT.MaxAnisotropy:8]]
[2023.07.09-12.58.15:687][  0]LogConfig: Setting CVar [[r.Streaming.LimitPoolSizeToVRAM:0]]
[2023.07.09-12.58.15:687][  0]LogConfig: Setting CVar [[r.Streaming.PoolSize:1000]]
[2023.07.09-12.58.15:687][  0]LogConfig: Setting CVar [[r.Streaming.MaxEffectiveScreenSize:0]]
[2023.07.09-12.58.15:687][  0]LogConfig: Applying CVar settings from Section [EffectsQuality@3] File [C:/VperData/GitHub/ActionRoguelike/ActionRoguelike/Saved/Config/Windows/Scalability.ini]
[2023.07.09-12.58.15:687][  0]LogConfig: Setting CVar [[r.TranslucencyLightingVolumeDim:64]]
[2023.07.09-12.58.15:687][  0]LogConfig: Setting CVar [[r.RefractionQuality:2]]
[2023.07.09-12.58.15:687][  0]LogConfig: Setting CVar [[r.SSR.Quality:3]]
[2023.07.09-12.58.15:687][  0]LogConfig: Setting CVar [[r.SSR.HalfResSceneColor:0]]
[2023.07.09-12.58.15:687][  0]LogConfig: Setting CVar [[r.SceneColorFormat:4]]
[2023.07.09-12.58.15:687][  0]LogConfig: Setting CVar [[r.DetailMode:2]]
[2023.07.09-12.58.15:687][  0]LogConfig: Setting CVar [[r.TranslucencyVolumeBlur:1]]
[2023.07.09-12.58.15:687][  0]LogConfig: Setting CVar [[r.MaterialQualityLevel:1 ; High quality]]
[2023.07.09-12.58.15:687][  0]LogConfig: Setting CVar [[r.AnisotropicMaterials:1]]
[2023.07.09-12.58.15:687][  0]LogConfig: Setting CVar [[r.SSS.Scale:1]]
[2023.07.09-12.58.15:687][  0]LogConfig: Setting CVar [[r.SSS.SampleSet:2]]
[2023.07.09-12.58.15:687][  0]LogConfig: Setting CVar [[r.SSS.Quality:1]]
[2023.07.09-12.58.15:687][  0]LogConfig: Setting CVar [[r.SSS.HalfRes:0]]
[2023.07.09-12.58.15:687][  0]LogConfig: Setting CVar [[r.SSGI.Quality:3]]
[2023.07.09-12.58.15:687][  0]LogConfig: Setting CVar [[r.EmitterSpawnRateScale:1.0]]
[2023.07.09-12.58.15:687][  0]LogConfig: Setting CVar [[r.ParticleLightQuality:2]]
[2023.07.09-12.58.15:687][  0]LogConfig: Setting CVar [[r.SkyAtmosphere.AerialPerspectiveLUT.FastApplyOnOpaque:1 ; Always have FastSkyLUT 1 in this case to avoid wrong sky]]
[2023.07.09-12.58.15:687][  0]LogConfig: Setting CVar [[r.SkyAtmosphere.AerialPerspectiveLUT.SampleCountMaxPerSlice:4]]
[2023.07.09-12.58.15:688][  0]LogConfig: Setting CVar [[r.SkyAtmosphere.AerialPerspectiveLUT.DepthResolution:16.0]]
[2023.07.09-12.58.15:688][  0]LogConfig: Setting CVar [[r.SkyAtmosphere.FastSkyLUT:1]]
[2023.07.09-12.58.15:688][  0]LogConfig: Setting CVar [[r.SkyAtmosphere.FastSkyLUT.SampleCountMin:4.0]]
[2023.07.09-12.58.15:688][  0]LogConfig: Setting CVar [[r.SkyAtmosphere.FastSkyLUT.SampleCountMax:128.0]]
[2023.07.09-12.58.15:688][  0]LogConfig: Setting CVar [[r.SkyAtmosphere.SampleCountMin:4.0]]
[2023.07.09-12.58.15:688][  0]LogConfig: Setting CVar [[r.SkyAtmosphere.SampleCountMax:128.0]]
[2023.07.09-12.58.15:688][  0]LogConfig: Setting CVar [[r.SkyAtmosphere.TransmittanceLUT.UseSmallFormat:0]]
[2023.07.09-12.58.15:688][  0]LogConfig: Setting CVar [[r.SkyAtmosphere.TransmittanceLUT.SampleCount:10.0]]
[2023.07.09-12.58.15:688][  0]LogConfig: Setting CVar [[r.SkyAtmosphere.MultiScatteringLUT.SampleCount:15.0]]
[2023.07.09-12.58.15:688][  0]LogConfig: Setting CVar [[r.SkyLight.RealTimeReflectionCapture:1]]
[2023.07.09-12.58.15:688][  0]LogConfig: Applying CVar settings from Section [FoliageQuality@3] File [C:/VperData/GitHub/ActionRoguelike/ActionRoguelike/Saved/Config/Windows/Scalability.ini]
[2023.07.09-12.58.15:688][  0]LogConfig: Setting CVar [[foliage.DensityScale:1.0]]
[2023.07.09-12.58.15:688][  0]LogConfig: Setting CVar [[grass.DensityScale:1.0]]
[2023.07.09-12.58.15:688][  0]LogConfig: Applying CVar settings from Section [ShadingQuality@3] File [C:/VperData/GitHub/ActionRoguelike/ActionRoguelike/Saved/Config/Windows/Scalability.ini]
[2023.07.09-12.58.15:688][  0]LogConfig: Setting CVar [[r.HairStrands.SkyLighting.IntegrationType:2]]
[2023.07.09-12.58.15:688][  0]LogConfig: Setting CVar [[r.HairStrands.SkyAO.SampleCount:4]]
[2023.07.09-12.58.15:688][  0]LogConfig: Setting CVar [[r.HairStrands.Visibility.MSAA.SamplePerPixel:4]]
[2023.07.09-12.58.15:688][  0]LogConfig: Applying CVar settings from Section [Startup] File [../../../Engine/Config/ConsoleVariables.ini]
[2023.07.09-12.58.15:688][  0]LogConfig: Setting CVar [[net.UseAdaptiveNetUpdateFrequency:0]]
[2023.07.09-12.58.15:688][  0]LogConfig: Setting CVar [[p.chaos.AllowCreatePhysxBodies:1]]
[2023.07.09-12.58.15:688][  0]LogConfig: Setting CVar [[fx.SkipVectorVMBackendOptimizations:1]]
[2023.07.09-12.58.15:688][  0]LogConfig: Applying CVar settings from Section [ConsoleVariables] File [C:/VperData/GitHub/ActionRoguelike/ActionRoguelike/Saved/Config/Windows/Engine.ini]
[2023.07.09-12.58.15:688][  0]LogConfig: Applying CVar settings from Section [ConsoleVariables] File [C:/VperData/GitHub/ActionRoguelike/ActionRoguelike/Saved/Config/Windows/Editor.ini]
[2023.07.09-12.58.15:688][  0]LogInit: Computer: VPER
[2023.07.09-12.58.15:688][  0]LogInit: User: virtu
[2023.07.09-12.58.15:688][  0]LogInit: CPU Page size=4096, Cores=14
[2023.07.09-12.58.15:689][  0]LogInit: High frequency timer resolution =10.000000 MHz
[2023.07.09-12.58.15:689][  0]LogMemory: Memory total: Physical=31.8GB (32GB approx)
[2023.07.09-12.58.15:689][  0]LogMemory: Platform Memory Stats for Windows
[2023.07.09-12.58.15:689][  0]LogMemory: Process Physical Memory: 149.05 MB used, 149.05 MB peak
[2023.07.09-12.58.15:689][  0]LogMemory: Process Virtual Memory: 130.64 MB used, 130.64 MB peak
[2023.07.09-12.58.15:689][  0]LogMemory: Physical Memory: 13536.08 MB used,  19066.14 MB free, 32602.22 MB total
[2023.07.09-12.58.15:689][  0]LogMemory: Virtual Memory: 134203536.00 MB used,  14191.17 MB free, 134217728.00 MB total
[2023.07.09-12.58.15:694][  0]LogWindows: WindowsPlatformFeatures enabled
[2023.07.09-12.58.15:771][  0]LogInit: Physics initialised using underlying interface: PhysX
[2023.07.09-12.58.15:772][  0]LogInit: Overriding language with editor language configuration option (en).
[2023.07.09-12.58.15:772][  0]LogInit: Using OS detected locale (zh-CN).
[2023.07.09-12.58.15:872][  0]LogInit: Setting process to per monitor DPI aware
[2023.07.09-12.58.15:883][  0]LogWindowsTextInputMethodSystem: Display: IME system deactivated.
[2023.07.09-12.58.15:894][  0]LogSlate: New Slate User Created.  User Index 0, Is Virtual User: 0
[2023.07.09-12.58.15:894][  0]LogSlate: Slate User Registered.  User Index 0, Is Virtual User: 0
[2023.07.09-12.58.15:938][  0]LogD3D11RHI: Loaded GFSDK_Aftermath_Lib.x64.dll
[2023.07.09-12.58.15:941][  0]LogHMD: Failed to initialize OpenVR with code 110
[2023.07.09-12.58.15:941][  0]LogD3D11RHI: D3D11 min allowed feature level: 11_0
[2023.07.09-12.58.15:941][  0]LogD3D11RHI: D3D11 max allowed feature level: 11_0
[2023.07.09-12.58.15:941][  0]LogD3D11RHI: D3D11 adapters:
[2023.07.09-12.58.16:005][  0]LogD3D11RHI:    0. 'NVIDIA GeForce RTX 3060 Ti' (Feature Level 11_0)
[2023.07.09-12.58.16:005][  0]LogD3D11RHI:       8038/0/16301 MB DedicatedVideo/DedicatedSystem/SharedSystem, Outputs:1, VendorId:0x10de
[2023.07.09-12.58.16:008][  0]LogD3D11RHI:    1. 'Microsoft Basic Render Driver' (Feature Level 11_0)
[2023.07.09-12.58.16:008][  0]LogD3D11RHI:       0/0/16301 MB DedicatedVideo/DedicatedSystem/SharedSystem, Outputs:0, VendorId:0x1414
[2023.07.09-12.58.16:008][  0]LogD3D11RHI: Chosen D3D11 Adapter:
[2023.07.09-12.58.16:008][  0]LogD3D11RHI:     Description : NVIDIA GeForce RTX 3060 Ti
[2023.07.09-12.58.16:008][  0]LogD3D11RHI:     VendorId    : 10de
[2023.07.09-12.58.16:008][  0]LogD3D11RHI:     DeviceId    : 24c9
[2023.07.09-12.58.16:008][  0]LogD3D11RHI:     SubSysId    : 88b61043
[2023.07.09-12.58.16:008][  0]LogD3D11RHI:     Revision    : 00a1
[2023.07.09-12.58.16:008][  0]LogD3D11RHI:     DedicatedVideoMemory : 8428453888 bytes
[2023.07.09-12.58.16:008][  0]LogD3D11RHI:     DedicatedSystemMemory : 0 bytes
[2023.07.09-12.58.16:008][  0]LogD3D11RHI:     SharedSystemMemory : 17092952064 bytes
[2023.07.09-12.58.16:008][  0]LogD3D11RHI:     AdapterLuid : 0 60604
[2023.07.09-12.58.16:013][  0]LogD3D11RHI: Creating new Direct3DDevice
[2023.07.09-12.58.16:013][  0]LogD3D11RHI:     GPU DeviceId: 0x24c9 (for the marketing name, search the web for "GPU Device Id")
[2023.07.09-12.58.16:013][  0]LogWindows: EnumDisplayDevices:
[2023.07.09-12.58.16:013][  0]LogWindows:    0. 'NVIDIA GeForce RTX 3060 Ti' (P:1 D:1)
[2023.07.09-12.58.16:013][  0]LogWindows:    1. 'NVIDIA GeForce RTX 3060 Ti' (P:0 D:0)
[2023.07.09-12.58.16:014][  0]LogWindows:    2. 'NVIDIA GeForce RTX 3060 Ti' (P:0 D:0)
[2023.07.09-12.58.16:014][  0]LogWindows:    3. 'NVIDIA GeForce RTX 3060 Ti' (P:0 D:0)
[2023.07.09-12.58.16:014][  0]LogWindows: DebugString: FoundDriverCount:4 
[2023.07.09-12.58.16:014][  0]LogD3D11RHI:     Adapter Name: NVIDIA GeForce RTX 3060 Ti
[2023.07.09-12.58.16:014][  0]LogD3D11RHI:   Driver Version: 528.24 (internal:31.0.15.2824, unified:528.24)
[2023.07.09-12.58.16:014][  0]LogD3D11RHI:      Driver Date: 1-15-2023
[2023.07.09-12.58.16:014][  0]LogRHI: Texture pool is 5626 MB (70% of 8038 MB)
[2023.07.09-12.58.16:014][  0]LogD3D11RHI: Creating D3DDevice using adapter:
[2023.07.09-12.58.16:014][  0]LogD3D11RHI:     Description : NVIDIA GeForce RTX 3060 Ti
[2023.07.09-12.58.16:014][  0]LogD3D11RHI:     VendorId    : 10de
[2023.07.09-12.58.16:014][  0]LogD3D11RHI:     DeviceId    : 24c9
[2023.07.09-12.58.16:014][  0]LogD3D11RHI:     SubSysId    : 88b61043
[2023.07.09-12.58.16:014][  0]LogD3D11RHI:     Revision    : 00a1
[2023.07.09-12.58.16:014][  0]LogD3D11RHI:     DedicatedVideoMemory : 8428453888 bytes
[2023.07.09-12.58.16:014][  0]LogD3D11RHI:     DedicatedSystemMemory : 0 bytes
[2023.07.09-12.58.16:014][  0]LogD3D11RHI:     SharedSystemMemory : 17092952064 bytes
[2023.07.09-12.58.16:014][  0]LogD3D11RHI:     AdapterLuid : 0 60604
[2023.07.09-12.58.16:051][  0]LogD3D11RHI: RHI has support for 64 bit atomics
[2023.07.09-12.58.16:051][  0]LogD3D11RHI: Async texture creation enabled
[2023.07.09-12.58.16:051][  0]LogD3D11RHI: Array index from any shader is supported
[2023.07.09-12.58.16:067][  0]LogD3D11RHI: GPU Timing Frequency: 1000.000000 (Debug: 2 2)
[2023.07.09-12.58.16:082][  0]LogRHI: GeForceNow SDK initialized: 1
[2023.07.09-12.58.16:239][  0]LogTargetPlatformManager: Display: Loaded TargetPlatform 'AllDesktop'
[2023.07.09-12.58.16:254][  0]LogTargetPlatformManager: Display: Loaded TargetPlatform 'Android'
[2023.07.09-12.58.16:254][  0]LogTargetPlatformManager: Display: Loaded TargetPlatform 'Android_ASTC'
[2023.07.09-12.58.16:254][  0]LogTargetPlatformManager: Display: Loaded TargetPlatform 'Android_DXT'
[2023.07.09-12.58.16:254][  0]LogTargetPlatformManager: Display: Loaded TargetPlatform 'Android_ETC2'
[2023.07.09-12.58.16:254][  0]LogTargetPlatformManager: Display: Loaded TargetPlatform 'AndroidClient'
[2023.07.09-12.58.16:254][  0]LogTargetPlatformManager: Display: Loaded TargetPlatform 'Android_ASTCClient'
[2023.07.09-12.58.16:254][  0]LogTargetPlatformManager: Display: Loaded TargetPlatform 'Android_DXTClient'
[2023.07.09-12.58.16:254][  0]LogTargetPlatformManager: Display: Loaded TargetPlatform 'Android_ETC2Client'
[2023.07.09-12.58.16:254][  0]LogTargetPlatformManager: Display: Loaded TargetPlatform 'Android_Multi'
[2023.07.09-12.58.16:254][  0]LogTargetPlatformManager: Display: Loaded TargetPlatform 'Android_MultiClient'
[2023.07.09-12.58.16:271][  0]LogTargetPlatformManager: Display: Loaded TargetPlatform 'IOSClient'
[2023.07.09-12.58.16:271][  0]LogTargetPlatformManager: Display: Loaded TargetPlatform 'IOS'
[2023.07.09-12.58.16:278][  0]LogTargetPlatformManager: Display: Loaded TargetPlatform 'Linux'
[2023.07.09-12.58.16:283][  0]LogTargetPlatformManager: Display: Loaded TargetPlatform 'LinuxNoEditor'
[2023.07.09-12.58.16:287][  0]LogTargetPlatformManager: Display: Loaded TargetPlatform 'LinuxClient'
[2023.07.09-12.58.16:291][  0]LogTargetPlatformManager: Display: Loaded TargetPlatform 'LinuxServer'
[2023.07.09-12.58.16:298][  0]LogTargetPlatformManager: Display: Loaded TargetPlatform 'LinuxAArch64NoEditor'
[2023.07.09-12.58.16:302][  0]LogTargetPlatformManager: Display: Loaded TargetPlatform 'LinuxAArch64Client'
[2023.07.09-12.58.16:309][  0]LogTargetPlatformManager: Display: Loaded TargetPlatform 'LinuxAArch64Server'
[2023.07.09-12.58.16:323][  0]LogTargetPlatformManager: Display: Loaded TargetPlatform 'Lumin'
[2023.07.09-12.58.16:323][  0]LogTargetPlatformManager: Display: Loaded TargetPlatform 'LuminClient'
[2023.07.09-12.58.16:333][  0]LogTargetPlatformManager: Display: Loaded TargetPlatform 'MacNoEditor'
[2023.07.09-12.58.16:339][  0]LogTargetPlatformManager: Display: Loaded TargetPlatform 'Mac'
[2023.07.09-12.58.16:346][  0]LogTargetPlatformManager: Display: Loaded TargetPlatform 'MacClient'
[2023.07.09-12.58.16:352][  0]LogTargetPlatformManager: Display: Loaded TargetPlatform 'MacServer'
[2023.07.09-12.58.16:359][  0]LogTargetPlatformManager: Display: Loaded TargetPlatform 'TVOSClient'
[2023.07.09-12.58.16:359][  0]LogTargetPlatformManager: Display: Loaded TargetPlatform 'TVOS'
[2023.07.09-12.58.16:368][  0]LogTargetPlatformManager: Display: Loaded TargetPlatform 'WindowsNoEditor'
[2023.07.09-12.58.16:374][  0]LogTargetPlatformManager: Display: Loaded TargetPlatform 'Windows'
[2023.07.09-12.58.16:379][  0]LogTargetPlatformManager: Display: Loaded TargetPlatform 'WindowsClient'
[2023.07.09-12.58.16:385][  0]LogTargetPlatformManager: Display: Loaded TargetPlatform 'WindowsServer'
[2023.07.09-12.58.16:385][  0]LogTargetPlatformManager: Display: Building Assets For Windows
[2023.07.09-12.58.16:396][  0]LogAudioDebug: Display: Lib vorbis DLL was dynamically loaded.
[2023.07.09-12.58.16:441][  0]LogTextureFormatOodle: Display: Oodle Texture 2.9.0 init RDO Off
[2023.07.09-12.58.16:506][  0]LogRendererCore: Ray tracing is disabled. Reason: r.RayTracing=0.
[2023.07.09-12.58.16:506][  0]LogShaderCompilers: Guid format shader working directory is -23 characters bigger than the processId version (../../../../../../../VperData/GitHub/ActionRoguelike/ActionRoguelike/Intermediate/Shaders/WorkingDirectory/25656/).
[2023.07.09-12.58.16:506][  0]LogShaderCompilers: Cleaned the shader compiler working directory 'C:/Users/virtu/AppData/Local/Temp/UnrealShaderWorkingDir/93FF9F6D4EDEDFA386F44998FF189FFB/'.
[2023.07.09-12.58.16:506][  0]LogXGEController: Cannot use XGE Controller as Incredibuild is not installed on this machine.
[2023.07.09-12.58.16:506][  0]LogShaderCompilers: Cannot use XGE Shader Compiler as Incredibuild is not installed on this machine.
[2023.07.09-12.58.16:506][  0]LogShaderCompilers: Display: Using Local Shader Compiler.
[2023.07.09-12.58.16:946][  0]LogDerivedDataCache: Display: Max Cache Size: 512 MB
[2023.07.09-12.58.16:985][  0]LogDerivedDataCache: Loaded boot cache 0.04s 94MB C:/Users/virtu/AppData/Local/UnrealEngine/4.27/DerivedDataCache/Boot.ddc.
[2023.07.09-12.58.16:985][  0]LogDerivedDataCache: Display: Loaded Boot cache: C:/Users/virtu/AppData/Local/UnrealEngine/4.27/DerivedDataCache/Boot.ddc
[2023.07.09-12.58.16:985][  0]LogDerivedDataCache: FDerivedDataBackendGraph:  Pak pak cache file ../../../../../../../VperData/GitHub/ActionRoguelike/ActionRoguelike/DerivedDataCache/DDC.ddp not found, will not use a pak cache.
[2023.07.09-12.58.16:985][  0]LogDerivedDataCache: Unable to find inner node Pak for hierarchical cache Hierarchy.
[2023.07.09-12.58.16:985][  0]LogDerivedDataCache: FDerivedDataBackendGraph:  CompressedPak pak cache file ../../../../../../../VperData/GitHub/ActionRoguelike/ActionRoguelike/DerivedDataCache/Compressed.ddp not found, will not use a pak cache.
[2023.07.09-12.58.16:986][  0]LogDerivedDataCache: Unable to find inner node CompressedPak for hierarchical cache Hierarchy.
[2023.07.09-12.58.16:996][  0]LogDerivedDataCache: Display: Pak cache opened for reading ../../../Engine/DerivedDataCache/Compressed.ddp.
[2023.07.09-12.58.16:997][  0]LogDerivedDataCache: FDerivedDataBackendGraph:  EnterprisePak pak cache file ../../../Enterprise/DerivedDataCache/Compressed.ddp not found, will not use a pak cache.
[2023.07.09-12.58.16:997][  0]LogDerivedDataCache: Unable to find inner node EnterprisePak for hierarchical cache Hierarchy.
[2023.07.09-12.58.16:999][  0]LogDerivedDataCache: Speed tests for C:/Users/virtu/AppData/Local/UnrealEngine/Common/DerivedDataCache took 0.00 seconds
[2023.07.09-12.58.16:999][  0]LogDerivedDataCache: Display: Performance to C:/Users/virtu/AppData/Local/UnrealEngine/Common/DerivedDataCache: Latency=0.01ms. RandomReadSpeed=2929.07MBs, RandomWriteSpeed=511.89MBs. Assigned SpeedClass 'Local'
[2023.07.09-12.58.17:001][  0]LogDerivedDataCache: Using Local data cache path C:/Users/virtu/AppData/Local/UnrealEngine/Common/DerivedDataCache: Writable
[2023.07.09-12.58.17:001][  0]LogDerivedDataCache: Shared data cache path not found in *engine.ini, will not use an Shared cache.
[2023.07.09-12.58.17:001][  0]LogDerivedDataCache: Unable to find inner node Shared for hierarchical cache Hierarchy.
[2023.07.09-12.58.17:028][  0]LogSlate: Using FreeType 2.10.0
[2023.07.09-12.58.17:028][  0]LogSlate: SlateFontServices - WITH_FREETYPE: 1, WITH_HARFBUZZ: 1
[2023.07.09-12.58.17:048][  0]LogAssetRegistry: FAssetRegistry took 0.0026 seconds to start up
[2023.07.09-12.58.17:165][  0]LogInit: Selected Device Profile: [Windows]
[2023.07.09-12.58.17:165][  0]LogInit: Active device profile: [000002B4C6C86D00][000002B4BB8D6A80 49] Windows
[2023.07.09-12.58.17:165][  0]LogInit: Profiles: [000002B4C6C86D00][000002B4BB8D6A80 49] Windows, [000002B4C7C1D500][000002B4BB8DABC0 49] WindowsNoEditor, [000002B4C6C86300][000002B4BB8E2D40 49] WindowsServer, [000002B4C7C1DE00][000002B4C6B50EC0 49] WindowsClient, [000002B4C6C84C00][000002B4C6B55040 49] IOS, [000002B4C7C1F600][000002B4C6B591C0 49] iPadAir, [000002B4C6C84800][000002B4C6B5D340 49] iPadAir2, [000002B4C7BC5000][000002B4C6B65600 49] IPadPro, [000002B4C7BC5100][000002B4C6B61640 49] iPadAir3, [000002B4C7C1C200][000002B4C6B697C0 49] iPadAir4, [000002B4C7BC5E00][000002B4C6B6D940 49] iPadMini2, [000002B4C7C1F700][000002B4C6B71AC0 49] iPadMini3, [000002B4C7BC6900][000002B4C6B740C0 49] iPadMini4, [000002B4C7C1E700][000002B4C6B78240 49] iPadMini5, [000002B4C7BDC800][000002B4C6B80500 49] iPhone6, [000002B4C7BDC900][000002B4C6B7C540 49] iPodTouch6, [000002B4C6C87200][000002B4C6B88800 49] iPhone7, [000002B4C6C84300][000002B4C6B84840 49] iPodTouch7, [000002B4C7BDC300][000002B4BB8DE980 49] iPhone5S, [000002B4C7BC5C00][000002B4C6B8CAC0 49] iPhone6Plus, [000002B4C7BDF900][000002B4C6B90C00 49] iPhone6S, [000002B4C7BC5300][000002B4C6B94D40 49] iPhone6SPlus, [000002B4C7BDF200][000002B4C6B9CEC0 49] iPhone7Plus, [000002B4C7BC6A00][000002B4C6BA1040 49] iPhoneSE, [000002B4C7BDDD00][000002B4C6BA51C0 49] iPhone8, [000002B4C7BC5900][000002B4C6BA9340 49] iPhone8Plus, [000002B4C7BDD900][000002B4C6BAD4C0 49] iPhoneX, [000002B4C7BC6600][000002B4C6BB1640 49] iPhoneXS, [000002B4C6C84700][000002B4C6BB57C0 49] iPhoneXSMax, [000002B4C7BC6000][000002B4C6BB9940 49] iPhoneXR, [000002B4C6C87B00][000002B4C6BBDAC0 49] iPhone11, [000002B4C7BC5400][000002B4C6BC00C0 49] iPhone11Pro, [000002B4C6C84600][000002B4C6BC4240 49] iPhone11ProMax, [000002B4C7BC4C00][000002B4C6BC83C0 49] iPhoneSE2, [000002B4C6C87000][000002B4C6BCC540 49] iPhone12Mini, [000002B4C7BC7800][000002B4C6BD06C0 49] iPhone12, [000002B4C6C86100][000002B4C6BD4840 49] iPhone12Pro, [000002B4C7BC7E00][000002B4C6BD89C0 49] iPhone12ProMax, [000002B4C6C86A00][000002B4C6BDCB40 49] iPadPro105, [000002B4C7BC6800][000002B4C6B98C80 49] iPadPro129, [000002B4C6C86F00][000002B4C6BE0DC0 49] iPadPro97, [000002B4C7BC6B00][000002B4C6BE4F00 49] iPadPro2_129, [000002B4C6C85A00][000002B4C6BED080 49] iPad5, [000002B4C7BC5200][000002B4C6BF1200 49] iPad6, [000002B4C6C84200][000002B4C6BF5380 49] iPad7, [000002B4C7BC6E00][000002B4C6BF9500 49] iPad8, [000002B4C6C84A00][000002B4C6BFD680 49] iPadPro11, [000002B4C7BC6400][000002B4C6C01800 49] iPadPro2_11, [000002B4C6C85B00][000002B4C6C05980 49] iPadPro3_129, [000002B4C7BC6F00][000002B4C6C09B00 49] iPadPro4_129, [000002B4C6C86600][000002B4C6C0C100 49] AppleTV, [000002B4C7BC7100][000002B4C6C10280 49] AppleTV4K, [000002B4C6C85700][000002B4C6C14400 49] TVOS, [000002B4C7BC7900][000002B4C6C18580 49] Mac, [000002B4C6C86800][000002B4C6C1C700 49] MacClient, [000002B4C7BC4800][000002B4C6C20880 49] MacNoEditor, [000002B4C6C85200][000002B4C6C24A00 49] MacServer, [000002B4C7BC7700][000002B4C6C28B80 49] Linux, [000002B4C6C85400][000002B4C6C2CD00 49] LinuxAArch64, [000002B4C7BC7D00][000002B4C6BE8E40 49] LinuxNoEditor, [000002B4C6C84100][000002B4C7C40F80 49] LinuxAArch64NoEditor, [000002B4C7BC6500][000002B4C7C450C0 49] LinuxClient, [000002B4C6C87500][000002B4C7C4D240 49] LinuxAArch64Client, [000002B4C7BC5A00][000002B4C7C513C0 49] LinuxServer, [000002B4C6C85300][000002B4C7C55540 49] LinuxAArch64Server, [000002B4C7BC7400][000002B4C7C596C0 49] Android, [000002B4C6C87300][000002B4C7C5D840 49] Android_Low, [000002B4C7BC6D00][000002B4C7C619C0 49] Android_Mid, [000002B4C6C85D00][000002B4C7C65B40 49] Android_High, [000002B4C7BC4E00][000002B4C7C68140 49] Android_Default, [000002B4C6C86700][000002B4C7C6C2C0 49] Android_Adreno4xx, [000002B4C7C1D600][000002B4C7C70440 49] Android_Adreno5xx_Low, [000002B4C7BDF800][000002B4C7C745C0 49] Android_Adreno5xx, [000002B4C7C1FE00][000002B4C7C78740 49] Android_Adreno6xx, [000002B4C7BDE400][000002B4C7C7C8C0 49] Android_Adreno6xx_Vulkan, [000002B4C7C1EB00][000002B4C7C80A40 49] Android_Mali_T6xx, [000002B4C7BDF400][000002B4C7C84BC0 49] Android_Mali_T7xx, [000002B4C7C1F000][000002B4C7C88D40 49] Android_Mali_T8xx, [000002B4C7BDED00][000002B4C7C8CEC0 49] Android_Mali_G71, [000002B4C7C1F100][000002B4C7C49000 49] Android_Mali_G72, [000002B4C7BDCD00][000002B4C7C91140 49] Android_Mali_G72_Vulkan, [000002B4C7C1ED00][000002B4C7C95280 49] Android_Mali_G76, [000002B4C7BDCE00][000002B4C7C993C0 49] Android_Mali_G76_Vulkan, [000002B4C7C1E300][000002B4C7CA1540 49] Android_Mali_G77, [000002B4C7BDFC00][000002B4C7CA56C0 49] Android_Mali_G77_Vulkan, [000002B4C7C1EE00][000002B4C7CA9840 49] Android_Mali_G78, [000002B4C7BDDA00][000002B4C7CAD9C0 49] Android_Mali_G78_Vulkan, [000002B4C7C1EF00][000002B4C7CB1B40 49] Android_Mali_G710, [000002B4C7BDEE00][000002B4C7CB4140 49] Android_Mali_G710_Vulkan, [000002B4C7C1FA00][000002B4C7CB82C0 49] Android_Vulkan_SM5, [000002B4C7BDE900][000002B4C7CBC440 49] Android_PowerVR_G6xxx, [000002B4C7C1DC00][000002B4C7CC05C0 49] Android_PowerVR_GT7xxx, [000002B4C7BDD600][000002B4C7CC4740 49] Android_PowerVR_GE8xxx, [000002B4C7C1D800][000002B4C7CC88C0 49] Android_PowerVR_GM9xxx, [000002B4C7BDDF00][000002B4C7CCCA40 49] Android_PowerVR_GM9xxx_Vulkan, [000002B4C7C1DA00][000002B4C7CD0BC0 49] Android_TegraK1, [000002B4C7BDEF00][000002B4C7CD4D40 49] Android_Unknown_Vulkan, [000002B4C7C1D400][000002B4C7CD8EC0 49] Lumin, [000002B4C7BDD400][000002B4C7CDD040 49] Lumin_Desktop, [000002B4C7C1C500][000002B4C7C9D180 49] HoloLens, 
[2023.07.09-12.58.17:269][  0]LogMeshReduction: Using QuadricMeshReduction for automatic static mesh reduction
[2023.07.09-12.58.17:269][  0]LogMeshReduction: Using SimplygonMeshReduction for automatic skeletal mesh reduction
[2023.07.09-12.58.17:269][  0]LogMeshReduction: Using ProxyLODMeshReduction for automatic mesh merging
[2023.07.09-12.58.17:269][  0]LogMeshReduction: No distributed automatic mesh merging module available
[2023.07.09-12.58.17:269][  0]LogMeshMerging: No distributed automatic mesh merging module available
[2023.07.09-12.58.17:286][  0]LogNetVersion: ActionRoguelike 1.0.0, NetCL: 17155196, EngineNetVer: 17, GameNetVer: 0 (Checksum: 1099936942)
[2023.07.09-12.58.17:482][  0]LogTexture: Default maximum texture size for cubemaps generated from long-lat sources has been changed from 512 to unlimited. In order to preserve old behaiour for '/Engine/MapTemplates/Sky/DaylightAmbientCubemap.DaylightAmbientCubemap', its maximum texture size has been explicitly set to 512.
[2023.07.09-12.58.17:515][  0]LogHMD: PokeAHoleMaterial loaded successfully
[2023.07.09-12.58.17:519][  0]LogUObjectArray: 17178 objects as part of root set at end of initial load.
[2023.07.09-12.58.17:519][  0]LogUObjectAllocator: 4302048 out of 0 bytes used by permanent object pool.
[2023.07.09-12.58.17:519][  0]LogUObjectArray: CloseDisregardForGC: 0/0 objects in disregard for GC pool
[2023.07.09-12.58.17:758][  0]LogNiagaraDebuggerClient: Niagara Debugger Client Initialized | Session: A87032A742BF7C65E608D19A6B853B14 | Instance: 3C1EBA404A4818F279366EB956744310 (VPER-25656).
[2023.07.09-12.58.17:808][  0]LogPython: Using Python 3.7.7
[2023.07.09-12.58.18:299][  0]LogTcpMessaging: Initializing TcpMessaging bridge
[2023.07.09-12.58.18:305][  0]LogUdpMessaging: Initializing bridge on interface 0.0.0.0:0 to multicast group 230.0.0.1:6666.
[2023.07.09-12.58.18:561][  0]SourceControl: Source control is disabled
[2023.07.09-12.58.18:561][  0]SourceControl: Source control is disabled
[2023.07.09-12.58.18:566][  0]SourceControl: Source control is disabled
[2023.07.09-12.58.18:576][  0]SourceControl: Source control is disabled
[2023.07.09-12.58.18:590][  0]SourceControl: Source control is disabled
[2023.07.09-12.58.18:594][  0]LogUProjectInfo: Found projects:
[2023.07.09-12.58.18:833][  0]LogOpenImageDenoise: OIDN starting up
[2023.07.09-12.58.18:961][  0]LogAndroidPermission: UAndroidPermissionCallbackProxy::GetInstance
[2023.07.09-12.58.18:991][  0]LogAudioCaptureCore: Display: No Audio Capture implementations found. Audio input will be silent.
[2023.07.09-12.58.18:992][  0]LogAudioCaptureCore: Display: No Audio Capture implementations found. Audio input will be silent.
[2023.07.09-12.58.19:121][  0]LogCollectionManager: Loaded 0 collections in 0.001413 seconds
[2023.07.09-12.58.19:151][  0]LogFileCache: Scanning file cache for directory 'C:/VperData/GitHub/ActionRoguelike/ActionRoguelike/Saved/Collections/' took 0.00s
[2023.07.09-12.58.19:151][  0]LogFileCache: Scanning file cache for directory 'C:/VperData/GitHub/ActionRoguelike/ActionRoguelike/Content/Developers/virtu/Collections/' took 0.00s
[2023.07.09-12.58.19:151][  0]LogFileCache: Scanning file cache for directory 'C:/VperData/GitHub/ActionRoguelike/ActionRoguelike/Content/Collections/' took 0.00s
[2023.07.09-12.58.19:151][  0]LogOcInput: OculusInput pre-init called
[2023.07.09-12.58.19:325][  0]LogEngine: Initializing Engine...
[2023.07.09-12.58.19:327][  0]LogHMD: Failed to enumerate extensions. Please check that you have a valid OpenXR runtime installed.
[2023.07.09-12.58.19:327][  0]LogHMD: Failed to initialize OpenVR with code 110
[2023.07.09-12.58.19:327][  0]LogMagicLeap: Warning: VR disabled because ZI is not enabled.  To enable, in the editor, Edit -> Project Settings -> Plugins -> Magic Leap Plugin -> Enable Zero Iteration
[2023.07.09-12.58.19:328][  0]LogStats: UGameplayTagsManager::InitializeManager -  0.000 s
[2023.07.09-12.58.19:393][  0]LogInit: Initializing FReadOnlyCVARCache
[2023.07.09-12.58.19:401][  0]LogAIModule: Creating AISystem for world Untitled
[2023.07.09-12.58.19:407][  0]LogAudio: Display: Initializing Audio Device Manager...
[2023.07.09-12.58.19:415][  0]LogAudio: Display: Loading Default Audio Settings Objects...
[2023.07.09-12.58.19:416][  0]LogAudio: Display: No default SoundConcurrencyObject specified (or failed to load).
[2023.07.09-12.58.19:416][  0]LogAudio: Display: Audio Device Manager Initialized
[2023.07.09-12.58.19:416][  0]LogAudio: Display: Creating Audio Device:                 Id: 1, Scope: Shared, Realtime: True
[2023.07.09-12.58.19:416][  0]LogAudioMixer: Display: Audio Mixer Platform Settings:
[2023.07.09-12.58.19:416][  0]LogAudioMixer: Display: 	Sample Rate:						  48000
[2023.07.09-12.58.19:416][  0]LogAudioMixer: Display: 	Callback Buffer Frame Size Requested: 1024
[2023.07.09-12.58.19:416][  0]LogAudioMixer: Display: 	Callback Buffer Frame Size To Use:	  1024
[2023.07.09-12.58.19:416][  0]LogAudioMixer: Display: 	Number of buffers to queue:			  2
[2023.07.09-12.58.19:416][  0]LogAudioMixer: Display: 	Max Channels (voices):				  32
[2023.07.09-12.58.19:416][  0]LogAudioMixer: Display: 	Number of Async Source Workers:		  0
[2023.07.09-12.58.19:416][  0]LogAudio: Display: AudioDevice MaxSources: 32
[2023.07.09-12.58.19:417][  0]LogAudio: Display: Audio Spatialization Plugin: None (built-in).
[2023.07.09-12.58.19:417][  0]LogAudio: Display: Audio Reverb Plugin: None (built-in).
[2023.07.09-12.58.19:417][  0]LogAudio: Display: Audio Occlusion Plugin: None (built-in).
[2023.07.09-12.58.19:417][  0]LogAudioMixer: Display: Initializing audio mixer.
[2023.07.09-12.58.19:424][  0]LogAudioMixer: Display: 0: FrontLeft
[2023.07.09-12.58.19:424][  0]LogAudioMixer: Display: 1: FrontRight
[2023.07.09-12.58.19:437][  0]LogAudioMixer: Display: Using Audio Device 扬声器 (Realtek(R) Audio)
[2023.07.09-12.58.19:439][  0]LogAudioMixer: Display: Initializing Sound Submixes...
[2023.07.09-12.58.19:440][  0]LogAudioMixer: Display: Creating Master Submix 'MasterSubmixDefault'
[2023.07.09-12.58.19:440][  0]LogAudioMixer: Display: Creating Master Submix 'MasterReverbSubmixDefault'
[2023.07.09-12.58.19:440][  0]LogAudioMixer: Display: Creating Master Submix 'MasterEQSubmixDefault'
[2023.07.09-12.58.19:440][  0]LogAudioMixer: FMixerPlatformXAudio2::StartAudioStream() called
[2023.07.09-12.58.19:440][  0]LogAudioMixer: Display: Output buffers initialized: Frames=1024, Channels=2, Samples=2048
[2023.07.09-12.58.19:442][  0]LogAudioMixer: Display: Starting AudioMixerPlatformInterface::RunInternal()
[2023.07.09-12.58.19:442][  0]LogAudioMixer: Display: FMixerPlatformXAudio2::SubmitBuffer() called for the first time
[2023.07.09-12.58.19:442][  0]LogInit: FAudioDevice initialized.
[2023.07.09-12.58.19:442][  0]LogAudio: Display: Audio Device (ID: 1) registered with world 'Untitled'.
[2023.07.09-12.58.19:442][  0]LogNetVersion: Set ProjectVersion to 1.0.0.0. Version Checksum will be recalculated on next use.
[2023.07.09-12.58.19:476][  0]LogDerivedDataCache: Saved boot cache 0.03s 94MB C:/Users/virtu/AppData/Local/UnrealEngine/4.27/DerivedDataCache/Boot.ddc.
[2023.07.09-12.58.19:478][  0]LogInit: Texture streaming: Enabled
[2023.07.09-12.58.19:495][  0]LogAnalytics: Display: [UEEditor.Rocket.Release] APIServer = https://datarouter.ol.epicgames.com/. AppVersion = 4.27.2-18319896+++UE4+Release-4.27
[2023.07.09-12.58.19:499][  0]LogEngineSessionManager: EngineSessionManager initialized
[2023.07.09-12.58.19:499][  0]LogEditorSessionSummary: Verbose: Initializing EditorSessionSummaryWriter for editor session tracking
[2023.07.09-12.58.19:500][  0]LogEditorSessionSummary: EditorSessionSummaryWriter initialized
[2023.07.09-12.58.19:519][  0]LogInit: Transaction tracking system initialized
[2023.07.09-12.58.19:558][  0]BlueprintLog: New page: Editor Load
[2023.07.09-12.58.19:645][  0]LocalizationService: Localization service is disabled
[2023.07.09-12.58.19:684][  0]TimingProfiler: Initialize
[2023.07.09-12.58.19:684][  0]TimingProfiler: OnSessionChanged
[2023.07.09-12.58.19:684][  0]LoadingProfiler: Initialize
[2023.07.09-12.58.19:684][  0]LoadingProfiler: OnSessionChanged
[2023.07.09-12.58.19:684][  0]NetworkingProfiler: Initialize
[2023.07.09-12.58.19:684][  0]NetworkingProfiler: OnSessionChanged
[2023.07.09-12.58.19:684][  0]MemoryProfiler: Initialize
[2023.07.09-12.58.19:684][  0]MemoryProfiler: OnSessionChanged
[2023.07.09-12.58.19:957][  0]LogCook: Display: CookSettings for Memory: MemoryMaxUsedVirtual 0MiB, MemoryMaxUsedPhysical 16384MiB, MemoryMinFreeVirtual 0MiB, MemoryMinFreePhysical 1024MiB
[2023.07.09-12.58.19:958][  0]LogCook: Display: Mobile HDR setting 1
[2023.07.09-12.58.20:197][  0]LogFileCache: Scanning file cache for directory 'C:/VperData/GitHub/ActionRoguelike/ActionRoguelike/Content/' took 0.01s
[2023.07.09-12.58.20:310][  0]LogInit: Display: Engine is initialized. Leaving FEngineLoop::Init()
[2023.07.09-12.58.20:312][  0]SourceControl: Source control is disabled
[2023.07.09-12.58.20:312][  0]LogUnrealEdMisc: Loading editor; pre map load, took 5.510
[2023.07.09-12.58.20:312][  0]Cmd: MAP LOAD FILE="../../../../../../../VperData/GitHub/ActionRoguelike/ActionRoguelike/Content/ActionRoguelike/Maps/TestLevel.umap" TEMPLATE=0 SHOWPROGRESS=1 FEATURELEVEL=3
[2023.07.09-12.58.20:312][  0]LightingResults: New page: Lighting Build
[2023.07.09-12.58.20:313][  0]LogWorld: UWorld::CleanupWorld for Untitled, bSessionEnded=true, bCleanupResources=true
[2023.07.09-12.58.20:313][  0]LogSlate: InvalidateAllWidgets triggered.  All widgets were invalidated
[2023.07.09-12.58.20:313][  0]MapCheck: New page: Map Check
[2023.07.09-12.58.20:313][  0]LightingResults: New page: Lighting Build
[2023.07.09-12.58.20:327][  0]LogAudio: Display: Audio Device unregistered from world 'None'.
[2023.07.09-12.58.20:329][  0]LogUObjectHash: Compacting FUObjectHashTables data took   0.43ms
[2023.07.09-12.58.20:491][  0]LogSkeletalMesh: Display: [AssetLog] C:\VperData\GitHub\ActionRoguelike\ActionRoguelike\Content\ParagonGideon\Characters\Heroes\Gideon\Meshes\Gideon.uasset: Find and fix some bad tangent! please re-import this skeletal mesh asset to fix the issue. The shading of the skeletal mesh will be bad and faceted.
[2023.07.09-12.58.20:561][  0]LogAudio: Display: Audio Device (ID: 1) registered with world 'TestLevel'.
[2023.07.09-12.58.20:561][  0]LogAIModule: Creating AISystem for world TestLevel
[2023.07.09-12.58.20:569][  0]LogEditorServer: Finished looking for orphan Actors (0.000 secs)
[2023.07.09-12.58.20:573][  0]LogUObjectHash: Compacting FUObjectHashTables data took   0.47ms
[2023.07.09-12.58.20:574][  0]Cmd: MAP CHECKDEP NOCLEARLOG
[2023.07.09-12.58.20:574][  0]MapCheck: Map check complete: 0 Error(s), 0 Warning(s), took 0.103ms to complete.
[2023.07.09-12.58.20:574][  0]LogFileHelpers: Loading map 'TestLevel' took 0.262
[2023.07.09-12.58.20:576][  0]LogUnrealEdMisc: Total Editor Startup Time, took 5.773
[2023.07.09-12.58.20:698][  0]LogSlate: Updating window title bar state: overlay mode, drag disabled, window buttons hidden, title bar hidden
[2023.07.09-12.58.20:701][  0]LogSlate: Updating window title bar state: overlay mode, drag disabled, window buttons hidden, title bar hidden
[2023.07.09-12.58.20:705][  0]LogSlate: Updating window title bar state: overlay mode, drag disabled, window buttons hidden, title bar hidden
[2023.07.09-12.58.20:708][  0]LogSlate: Updating window title bar state: overlay mode, drag disabled, window buttons hidden, title bar hidden
[2023.07.09-12.58.20:715][  0]LogNativeClassHierarchy: Verbose: Native class hierarchy populated in 0.0054 seconds. Added 3830 classes and 931 folders.
[2023.07.09-12.58.20:718][  0]LogNativeClassHierarchy: Verbose: Native class hierarchy updated for 'WidgetCarousel' in 0.0002 seconds. Added 0 classes and 0 folders.
[2023.07.09-12.58.20:719][  0]LogPakFile: PakFile PrimaryIndexSize=187
[2023.07.09-12.58.20:719][  0]LogPakFile: PakFile PathHashIndexSize=101
[2023.07.09-12.58.20:719][  0]LogPakFile: PakFile FullDirectoryIndexSize=148
[2023.07.09-12.58.20:719][  0]LogShaderLibrary: Display: ShaderCodeLibraryPakFileMountedCallback: PakFile 'C:/Program Files (x86)/Vper/UE/UE_4.27/FeaturePacks/FP_FirstPerson.upack' (chunk index -1, root 'root:/') mounted
[2023.07.09-12.58.20:719][  0]LogShaderLibrary: Display: ShaderCodeLibraryPakFileMountedCallback: pending pak file info (ChunkID:-1 Root:root:/ File:C:/Program Files (x86)/Vper/UE/UE_4.27/FeaturePacks/FP_FirstPerson.upack)
[2023.07.09-12.58.20:719][  0]LogPakFile: OnPakFileMounted2Time == 0.000096
[2023.07.09-12.58.20:719][  0]LogPakFile: PakFile PrimaryIndexSize=189
[2023.07.09-12.58.20:719][  0]LogPakFile: PakFile PathHashIndexSize=101
[2023.07.09-12.58.20:720][  0]LogPakFile: PakFile FullDirectoryIndexSize=152
[2023.07.09-12.58.20:720][  0]LogShaderLibrary: Display: ShaderCodeLibraryPakFileMountedCallback: PakFile 'C:/Program Files (x86)/Vper/UE/UE_4.27/FeaturePacks/FP_FirstPersonBP.upack' (chunk index -1, root 'root:/') mounted
[2023.07.09-12.58.20:720][  0]LogShaderLibrary: Display: ShaderCodeLibraryPakFileMountedCallback: pending pak file info (ChunkID:-1 Root:root:/ File:C:/Program Files (x86)/Vper/UE/UE_4.27/FeaturePacks/FP_FirstPersonBP.upack)
[2023.07.09-12.58.20:720][  0]LogPakFile: OnPakFileMounted2Time == 0.000169
[2023.07.09-12.58.20:720][  0]LogPakFile: PakFile PrimaryIndexSize=191
[2023.07.09-12.58.20:720][  0]LogPakFile: PakFile PathHashIndexSize=101
[2023.07.09-12.58.20:720][  0]LogPakFile: PakFile FullDirectoryIndexSize=160
[2023.07.09-12.58.20:720][  0]LogShaderLibrary: Display: ShaderCodeLibraryPakFileMountedCallback: PakFile 'C:/Program Files (x86)/Vper/UE/UE_4.27/FeaturePacks/MobileStarterContent.upack' (chunk index -1, root 'root:/') mounted
[2023.07.09-12.58.20:720][  0]LogShaderLibrary: Display: ShaderCodeLibraryPakFileMountedCallback: pending pak file info (ChunkID:-1 Root:root:/ File:C:/Program Files (x86)/Vper/UE/UE_4.27/FeaturePacks/MobileStarterContent.upack)
[2023.07.09-12.58.20:720][  0]LogPakFile: OnPakFileMounted2Time == 0.000089
[2023.07.09-12.58.20:721][  0]LogPakFile: PakFile PrimaryIndexSize=185
[2023.07.09-12.58.20:721][  0]LogPakFile: PakFile PathHashIndexSize=101
[2023.07.09-12.58.20:721][  0]LogPakFile: PakFile FullDirectoryIndexSize=148
[2023.07.09-12.58.20:721][  0]LogShaderLibrary: Display: ShaderCodeLibraryPakFileMountedCallback: PakFile 'C:/Program Files (x86)/Vper/UE/UE_4.27/FeaturePacks/StarterContent.upack' (chunk index -1, root 'root:/') mounted
[2023.07.09-12.58.20:721][  0]LogShaderLibrary: Display: ShaderCodeLibraryPakFileMountedCallback: pending pak file info (ChunkID:-1 Root:root:/ File:C:/Program Files (x86)/Vper/UE/UE_4.27/FeaturePacks/StarterContent.upack)
[2023.07.09-12.58.20:721][  0]LogPakFile: OnPakFileMounted2Time == 0.000090
[2023.07.09-12.58.20:721][  0]LogPakFile: PakFile PrimaryIndexSize=190
[2023.07.09-12.58.20:721][  0]LogPakFile: PakFile PathHashIndexSize=101
[2023.07.09-12.58.20:721][  0]LogPakFile: PakFile FullDirectoryIndexSize=154
[2023.07.09-12.58.20:721][  0]LogShaderLibrary: Display: ShaderCodeLibraryPakFileMountedCallback: PakFile 'C:/Program Files (x86)/Vper/UE/UE_4.27/FeaturePacks/TP_2DSideScroller.upack' (chunk index -1, root 'root:/') mounted
[2023.07.09-12.58.20:721][  0]LogShaderLibrary: Display: ShaderCodeLibraryPakFileMountedCallback: pending pak file info (ChunkID:-1 Root:root:/ File:C:/Program Files (x86)/Vper/UE/UE_4.27/FeaturePacks/TP_2DSideScroller.upack)
[2023.07.09-12.58.20:721][  0]LogPakFile: OnPakFileMounted2Time == 0.000099
[2023.07.09-12.58.20:722][  0]LogPakFile: PakFile PrimaryIndexSize=192
[2023.07.09-12.58.20:722][  0]LogPakFile: PakFile PathHashIndexSize=101
[2023.07.09-12.58.20:722][  0]LogPakFile: PakFile FullDirectoryIndexSize=158
[2023.07.09-12.58.20:722][  0]LogShaderLibrary: Display: ShaderCodeLibraryPakFileMountedCallback: PakFile 'C:/Program Files (x86)/Vper/UE/UE_4.27/FeaturePacks/TP_2DSideScrollerBP.upack' (chunk index -1, root 'root:/') mounted
[2023.07.09-12.58.20:722][  0]LogShaderLibrary: Display: ShaderCodeLibraryPakFileMountedCallback: pending pak file info (ChunkID:-1 Root:root:/ File:C:/Program Files (x86)/Vper/UE/UE_4.27/FeaturePacks/TP_2DSideScrollerBP.upack)
[2023.07.09-12.58.20:722][  0]LogPakFile: OnPakFileMounted2Time == 0.000085
[2023.07.09-12.58.20:722][  0]LogPakFile: PakFile PrimaryIndexSize=182
[2023.07.09-12.58.20:722][  0]LogPakFile: PakFile PathHashIndexSize=101
[2023.07.09-12.58.20:722][  0]LogPakFile: PakFile FullDirectoryIndexSize=138
[2023.07.09-12.58.20:722][  0]LogShaderLibrary: Display: ShaderCodeLibraryPakFileMountedCallback: PakFile 'C:/Program Files (x86)/Vper/UE/UE_4.27/FeaturePacks/TP_Flying.upack' (chunk index -1, root 'root:/') mounted
[2023.07.09-12.58.20:722][  0]LogShaderLibrary: Display: ShaderCodeLibraryPakFileMountedCallback: pending pak file info (ChunkID:-1 Root:root:/ File:C:/Program Files (x86)/Vper/UE/UE_4.27/FeaturePacks/TP_Flying.upack)
[2023.07.09-12.58.20:722][  0]LogPakFile: OnPakFileMounted2Time == 0.000085
[2023.07.09-12.58.20:723][  0]LogPakFile: PakFile PrimaryIndexSize=184
[2023.07.09-12.58.20:723][  0]LogPakFile: PakFile PathHashIndexSize=101
[2023.07.09-12.58.20:723][  0]LogPakFile: PakFile FullDirectoryIndexSize=142
[2023.07.09-12.58.20:723][  0]LogShaderLibrary: Display: ShaderCodeLibraryPakFileMountedCallback: PakFile 'C:/Program Files (x86)/Vper/UE/UE_4.27/FeaturePacks/TP_FlyingBP.upack' (chunk index -1, root 'root:/') mounted
[2023.07.09-12.58.20:723][  0]LogShaderLibrary: Display: ShaderCodeLibraryPakFileMountedCallback: pending pak file info (ChunkID:-1 Root:root:/ File:C:/Program Files (x86)/Vper/UE/UE_4.27/FeaturePacks/TP_FlyingBP.upack)
[2023.07.09-12.58.20:723][  0]LogPakFile: OnPakFileMounted2Time == 0.000078
[2023.07.09-12.58.20:723][  0]LogPakFile: PakFile PrimaryIndexSize=188
[2023.07.09-12.58.20:723][  0]LogPakFile: PakFile PathHashIndexSize=101
[2023.07.09-12.58.20:723][  0]LogPakFile: PakFile FullDirectoryIndexSize=150
[2023.07.09-12.58.20:723][  0]LogShaderLibrary: Display: ShaderCodeLibraryPakFileMountedCallback: PakFile 'C:/Program Files (x86)/Vper/UE/UE_4.27/FeaturePacks/TP_HandheldARBP.upack' (chunk index -1, root 'root:/') mounted
[2023.07.09-12.58.20:723][  0]LogShaderLibrary: Display: ShaderCodeLibraryPakFileMountedCallback: pending pak file info (ChunkID:-1 Root:root:/ File:C:/Program Files (x86)/Vper/UE/UE_4.27/FeaturePacks/TP_HandheldARBP.upack)
[2023.07.09-12.58.20:723][  0]LogPakFile: OnPakFileMounted2Time == 0.000086
[2023.07.09-12.58.20:724][  0]LogPakFile: PakFile PrimaryIndexSize=182
[2023.07.09-12.58.20:724][  0]LogPakFile: PakFile PathHashIndexSize=101
[2023.07.09-12.58.20:724][  0]LogPakFile: PakFile FullDirectoryIndexSize=138
[2023.07.09-12.58.20:724][  0]LogShaderLibrary: Display: ShaderCodeLibraryPakFileMountedCallback: PakFile 'C:/Program Files (x86)/Vper/UE/UE_4.27/FeaturePacks/TP_Puzzle.upack' (chunk index -1, root 'root:/') mounted
[2023.07.09-12.58.20:724][  0]LogShaderLibrary: Display: ShaderCodeLibraryPakFileMountedCallback: pending pak file info (ChunkID:-1 Root:root:/ File:C:/Program Files (x86)/Vper/UE/UE_4.27/FeaturePacks/TP_Puzzle.upack)
[2023.07.09-12.58.20:724][  0]LogPakFile: OnPakFileMounted2Time == 0.000086
[2023.07.09-12.58.20:724][  0]LogPakFile: PakFile PrimaryIndexSize=184
[2023.07.09-12.58.20:724][  0]LogPakFile: PakFile PathHashIndexSize=101
[2023.07.09-12.58.20:724][  0]LogPakFile: PakFile FullDirectoryIndexSize=142
[2023.07.09-12.58.20:724][  0]LogShaderLibrary: Display: ShaderCodeLibraryPakFileMountedCallback: PakFile 'C:/Program Files (x86)/Vper/UE/UE_4.27/FeaturePacks/TP_PuzzleBP.upack' (chunk index -1, root 'root:/') mounted
[2023.07.09-12.58.20:724][  0]LogShaderLibrary: Display: ShaderCodeLibraryPakFileMountedCallback: pending pak file info (ChunkID:-1 Root:root:/ File:C:/Program Files (x86)/Vper/UE/UE_4.27/FeaturePacks/TP_PuzzleBP.upack)
[2023.07.09-12.58.20:724][  0]LogPakFile: OnPakFileMounted2Time == 0.000095
[2023.07.09-12.58.20:724][  0]LogPakFile: PakFile PrimaryIndexSize=183
[2023.07.09-12.58.20:725][  0]LogPakFile: PakFile PathHashIndexSize=101
[2023.07.09-12.58.20:725][  0]LogPakFile: PakFile FullDirectoryIndexSize=140
[2023.07.09-12.58.20:725][  0]LogShaderLibrary: Display: ShaderCodeLibraryPakFileMountedCallback: PakFile 'C:/Program Files (x86)/Vper/UE/UE_4.27/FeaturePacks/TP_Rolling.upack' (chunk index -1, root 'root:/') mounted
[2023.07.09-12.58.20:725][  0]LogShaderLibrary: Display: ShaderCodeLibraryPakFileMountedCallback: pending pak file info (ChunkID:-1 Root:root:/ File:C:/Program Files (x86)/Vper/UE/UE_4.27/FeaturePacks/TP_Rolling.upack)
[2023.07.09-12.58.20:725][  0]LogPakFile: OnPakFileMounted2Time == 0.000089
[2023.07.09-12.58.20:725][  0]LogPakFile: PakFile PrimaryIndexSize=185
[2023.07.09-12.58.20:725][  0]LogPakFile: PakFile PathHashIndexSize=101
[2023.07.09-12.58.20:725][  0]LogPakFile: PakFile FullDirectoryIndexSize=144
[2023.07.09-12.58.20:725][  0]LogShaderLibrary: Display: ShaderCodeLibraryPakFileMountedCallback: PakFile 'C:/Program Files (x86)/Vper/UE/UE_4.27/FeaturePacks/TP_RollingBP.upack' (chunk index -1, root 'root:/') mounted
[2023.07.09-12.58.20:725][  0]LogShaderLibrary: Display: ShaderCodeLibraryPakFileMountedCallback: pending pak file info (ChunkID:-1 Root:root:/ File:C:/Program Files (x86)/Vper/UE/UE_4.27/FeaturePacks/TP_RollingBP.upack)
[2023.07.09-12.58.20:725][  0]LogPakFile: OnPakFileMounted2Time == 0.000084
[2023.07.09-12.58.20:725][  0]LogPakFile: PakFile PrimaryIndexSize=188
[2023.07.09-12.58.20:726][  0]LogPakFile: PakFile PathHashIndexSize=101
[2023.07.09-12.58.20:726][  0]LogPakFile: PakFile FullDirectoryIndexSize=150
[2023.07.09-12.58.20:726][  0]LogShaderLibrary: Display: ShaderCodeLibraryPakFileMountedCallback: PakFile 'C:/Program Files (x86)/Vper/UE/UE_4.27/FeaturePacks/TP_SideScroller.upack' (chunk index -1, root 'root:/') mounted
[2023.07.09-12.58.20:726][  0]LogShaderLibrary: Display: ShaderCodeLibraryPakFileMountedCallback: pending pak file info (ChunkID:-1 Root:root:/ File:C:/Program Files (x86)/Vper/UE/UE_4.27/FeaturePacks/TP_SideScroller.upack)
[2023.07.09-12.58.20:726][  0]LogPakFile: OnPakFileMounted2Time == 0.000088
[2023.07.09-12.58.20:726][  0]LogPakFile: PakFile PrimaryIndexSize=190
[2023.07.09-12.58.20:726][  0]LogPakFile: PakFile PathHashIndexSize=101
[2023.07.09-12.58.20:726][  0]LogPakFile: PakFile FullDirectoryIndexSize=154
[2023.07.09-12.58.20:726][  0]LogShaderLibrary: Display: ShaderCodeLibraryPakFileMountedCallback: PakFile 'C:/Program Files (x86)/Vper/UE/UE_4.27/FeaturePacks/TP_SideScrollerBP.upack' (chunk index -1, root 'root:/') mounted
[2023.07.09-12.58.20:726][  0]LogShaderLibrary: Display: ShaderCodeLibraryPakFileMountedCallback: pending pak file info (ChunkID:-1 Root:root:/ File:C:/Program Files (x86)/Vper/UE/UE_4.27/FeaturePacks/TP_SideScrollerBP.upack)
[2023.07.09-12.58.20:726][  0]LogPakFile: OnPakFileMounted2Time == 0.000090
[2023.07.09-12.58.20:726][  0]LogPakFile: PakFile PrimaryIndexSize=187
[2023.07.09-12.58.20:726][  0]LogPakFile: PakFile PathHashIndexSize=101
[2023.07.09-12.58.20:726][  0]LogPakFile: PakFile FullDirectoryIndexSize=148
[2023.07.09-12.58.20:727][  0]LogShaderLibrary: Display: ShaderCodeLibraryPakFileMountedCallback: PakFile 'C:/Program Files (x86)/Vper/UE/UE_4.27/FeaturePacks/TP_ThirdPerson.upack' (chunk index -1, root 'root:/') mounted
[2023.07.09-12.58.20:727][  0]LogShaderLibrary: Display: ShaderCodeLibraryPakFileMountedCallback: pending pak file info (ChunkID:-1 Root:root:/ File:C:/Program Files (x86)/Vper/UE/UE_4.27/FeaturePacks/TP_ThirdPerson.upack)
[2023.07.09-12.58.20:727][  0]LogPakFile: OnPakFileMounted2Time == 0.000114
[2023.07.09-12.58.20:727][  0]LogPakFile: PakFile PrimaryIndexSize=189
[2023.07.09-12.58.20:727][  0]LogPakFile: PakFile PathHashIndexSize=101
[2023.07.09-12.58.20:727][  0]LogPakFile: PakFile FullDirectoryIndexSize=152
[2023.07.09-12.58.20:727][  0]LogShaderLibrary: Display: ShaderCodeLibraryPakFileMountedCallback: PakFile 'C:/Program Files (x86)/Vper/UE/UE_4.27/FeaturePacks/TP_ThirdPersonBP.upack' (chunk index -1, root 'root:/') mounted
[2023.07.09-12.58.20:727][  0]LogShaderLibrary: Display: ShaderCodeLibraryPakFileMountedCallback: pending pak file info (ChunkID:-1 Root:root:/ File:C:/Program Files (x86)/Vper/UE/UE_4.27/FeaturePacks/TP_ThirdPersonBP.upack)
[2023.07.09-12.58.20:727][  0]LogPakFile: OnPakFileMounted2Time == 0.000177
[2023.07.09-12.58.20:728][  0]LogPakFile: PakFile PrimaryIndexSize=183
[2023.07.09-12.58.20:728][  0]LogPakFile: PakFile PathHashIndexSize=101
[2023.07.09-12.58.20:728][  0]LogPakFile: PakFile FullDirectoryIndexSize=140
[2023.07.09-12.58.20:728][  0]LogShaderLibrary: Display: ShaderCodeLibraryPakFileMountedCallback: PakFile 'C:/Program Files (x86)/Vper/UE/UE_4.27/FeaturePacks/TP_TopDown.upack' (chunk index -1, root 'root:/') mounted
[2023.07.09-12.58.20:728][  0]LogShaderLibrary: Display: ShaderCodeLibraryPakFileMountedCallback: pending pak file info (ChunkID:-1 Root:root:/ File:C:/Program Files (x86)/Vper/UE/UE_4.27/FeaturePacks/TP_TopDown.upack)
[2023.07.09-12.58.20:728][  0]LogPakFile: OnPakFileMounted2Time == 0.000090
[2023.07.09-12.58.20:728][  0]LogPakFile: PakFile PrimaryIndexSize=185
[2023.07.09-12.58.20:728][  0]LogPakFile: PakFile PathHashIndexSize=101
[2023.07.09-12.58.20:728][  0]LogPakFile: PakFile FullDirectoryIndexSize=144
[2023.07.09-12.58.20:728][  0]LogShaderLibrary: Display: ShaderCodeLibraryPakFileMountedCallback: PakFile 'C:/Program Files (x86)/Vper/UE/UE_4.27/FeaturePacks/TP_TopDownBP.upack' (chunk index -1, root 'root:/') mounted
[2023.07.09-12.58.20:728][  0]LogShaderLibrary: Display: ShaderCodeLibraryPakFileMountedCallback: pending pak file info (ChunkID:-1 Root:root:/ File:C:/Program Files (x86)/Vper/UE/UE_4.27/FeaturePacks/TP_TopDownBP.upack)
[2023.07.09-12.58.20:728][  0]LogPakFile: OnPakFileMounted2Time == 0.000090
[2023.07.09-12.58.20:728][  0]LogPakFile: PakFile PrimaryIndexSize=185
[2023.07.09-12.58.20:728][  0]LogPakFile: PakFile PathHashIndexSize=101
[2023.07.09-12.58.20:729][  0]LogPakFile: PakFile FullDirectoryIndexSize=144
[2023.07.09-12.58.20:729][  0]LogShaderLibrary: Display: ShaderCodeLibraryPakFileMountedCallback: PakFile 'C:/Program Files (x86)/Vper/UE/UE_4.27/FeaturePacks/TP_TwinStick.upack' (chunk index -1, root 'root:/') mounted
[2023.07.09-12.58.20:729][  0]LogShaderLibrary: Display: ShaderCodeLibraryPakFileMountedCallback: pending pak file info (ChunkID:-1 Root:root:/ File:C:/Program Files (x86)/Vper/UE/UE_4.27/FeaturePacks/TP_TwinStick.upack)
[2023.07.09-12.58.20:729][  0]LogPakFile: OnPakFileMounted2Time == 0.000090
[2023.07.09-12.58.20:729][  0]LogPakFile: PakFile PrimaryIndexSize=187
[2023.07.09-12.58.20:729][  0]LogPakFile: PakFile PathHashIndexSize=101
[2023.07.09-12.58.20:729][  0]LogPakFile: PakFile FullDirectoryIndexSize=148
[2023.07.09-12.58.20:729][  0]LogShaderLibrary: Display: ShaderCodeLibraryPakFileMountedCallback: PakFile 'C:/Program Files (x86)/Vper/UE/UE_4.27/FeaturePacks/TP_TwinStickBP.upack' (chunk index -1, root 'root:/') mounted
[2023.07.09-12.58.20:729][  0]LogShaderLibrary: Display: ShaderCodeLibraryPakFileMountedCallback: pending pak file info (ChunkID:-1 Root:root:/ File:C:/Program Files (x86)/Vper/UE/UE_4.27/FeaturePacks/TP_TwinStickBP.upack)
[2023.07.09-12.58.20:729][  0]LogPakFile: OnPakFileMounted2Time == 0.000083
[2023.07.09-12.58.20:729][  0]LogPakFile: PakFile PrimaryIndexSize=183
[2023.07.09-12.58.20:729][  0]LogPakFile: PakFile PathHashIndexSize=101
[2023.07.09-12.58.20:729][  0]LogPakFile: PakFile FullDirectoryIndexSize=140
[2023.07.09-12.58.20:729][  0]LogShaderLibrary: Display: ShaderCodeLibraryPakFileMountedCallback: PakFile 'C:/Program Files (x86)/Vper/UE/UE_4.27/FeaturePacks/TP_Vehicle.upack' (chunk index -1, root 'root:/') mounted
[2023.07.09-12.58.20:730][  0]LogShaderLibrary: Display: ShaderCodeLibraryPakFileMountedCallback: pending pak file info (ChunkID:-1 Root:root:/ File:C:/Program Files (x86)/Vper/UE/UE_4.27/FeaturePacks/TP_Vehicle.upack)
[2023.07.09-12.58.20:730][  0]LogPakFile: OnPakFileMounted2Time == 0.000086
[2023.07.09-12.58.20:730][  0]LogPakFile: PakFile PrimaryIndexSize=186
[2023.07.09-12.58.20:730][  0]LogPakFile: PakFile PathHashIndexSize=101
[2023.07.09-12.58.20:730][  0]LogPakFile: PakFile FullDirectoryIndexSize=146
[2023.07.09-12.58.20:730][  0]LogShaderLibrary: Display: ShaderCodeLibraryPakFileMountedCallback: PakFile 'C:/Program Files (x86)/Vper/UE/UE_4.27/FeaturePacks/TP_VehicleAdv.upack' (chunk index -1, root 'root:/') mounted
[2023.07.09-12.58.20:730][  0]LogShaderLibrary: Display: ShaderCodeLibraryPakFileMountedCallback: pending pak file info (ChunkID:-1 Root:root:/ File:C:/Program Files (x86)/Vper/UE/UE_4.27/FeaturePacks/TP_VehicleAdv.upack)
[2023.07.09-12.58.20:730][  0]LogPakFile: OnPakFileMounted2Time == 0.000079
[2023.07.09-12.58.20:730][  0]LogPakFile: PakFile PrimaryIndexSize=188
[2023.07.09-12.58.20:730][  0]LogPakFile: PakFile PathHashIndexSize=101
[2023.07.09-12.58.20:730][  0]LogPakFile: PakFile FullDirectoryIndexSize=150
[2023.07.09-12.58.20:730][  0]LogShaderLibrary: Display: ShaderCodeLibraryPakFileMountedCallback: PakFile 'C:/Program Files (x86)/Vper/UE/UE_4.27/FeaturePacks/TP_VehicleAdvBP.upack' (chunk index -1, root 'root:/') mounted
[2023.07.09-12.58.20:730][  0]LogShaderLibrary: Display: ShaderCodeLibraryPakFileMountedCallback: pending pak file info (ChunkID:-1 Root:root:/ File:C:/Program Files (x86)/Vper/UE/UE_4.27/FeaturePacks/TP_VehicleAdvBP.upack)
[2023.07.09-12.58.20:731][  0]LogPakFile: OnPakFileMounted2Time == 0.000102
[2023.07.09-12.58.20:731][  0]LogPakFile: PakFile PrimaryIndexSize=185
[2023.07.09-12.58.20:731][  0]LogPakFile: PakFile PathHashIndexSize=101
[2023.07.09-12.58.20:731][  0]LogPakFile: PakFile FullDirectoryIndexSize=144
[2023.07.09-12.58.20:731][  0]LogShaderLibrary: Display: ShaderCodeLibraryPakFileMountedCallback: PakFile 'C:/Program Files (x86)/Vper/UE/UE_4.27/FeaturePacks/TP_VehicleBP.upack' (chunk index -1, root 'root:/') mounted
[2023.07.09-12.58.20:731][  0]LogShaderLibrary: Display: ShaderCodeLibraryPakFileMountedCallback: pending pak file info (ChunkID:-1 Root:root:/ File:C:/Program Files (x86)/Vper/UE/UE_4.27/FeaturePacks/TP_VehicleBP.upack)
[2023.07.09-12.58.20:731][  0]LogPakFile: OnPakFileMounted2Time == 0.000082
[2023.07.09-12.58.20:731][  0]LogPakFile: PakFile PrimaryIndexSize=192
[2023.07.09-12.58.20:731][  0]LogPakFile: PakFile PathHashIndexSize=101
[2023.07.09-12.58.20:731][  0]LogPakFile: PakFile FullDirectoryIndexSize=158
[2023.07.09-12.58.20:731][  0]LogShaderLibrary: Display: ShaderCodeLibraryPakFileMountedCallback: PakFile 'C:/Program Files (x86)/Vper/UE/UE_4.27/FeaturePacks/TP_VirtualRealityBP.upack' (chunk index -1, root 'root:/') mounted
[2023.07.09-12.58.20:731][  0]LogShaderLibrary: Display: ShaderCodeLibraryPakFileMountedCallback: pending pak file info (ChunkID:-1 Root:root:/ File:C:/Program Files (x86)/Vper/UE/UE_4.27/FeaturePacks/TP_VirtualRealityBP.upack)
[2023.07.09-12.58.20:731][  0]LogPakFile: OnPakFileMounted2Time == 0.000079
[2023.07.09-12.58.20:748][  0]LogNativeClassHierarchy: Verbose: Native class hierarchy updated for 'AddContentDialog' in 0.0002 seconds. Added 0 classes and 0 folders.
[2023.07.09-12.58.20:750][  0]LogNativeClassHierarchy: Verbose: Native class hierarchy updated for 'SceneOutliner' in 0.0002 seconds. Added 2 classes and 0 folders.
[2023.07.09-12.58.20:904][  0]LogSlate: Only BGRA pngs, bmps or icos are supported in by External Image Picker
[2023.07.09-12.58.20:951][  0]LogSlate: Took 0.000105 seconds to synchronously load lazily loaded font '../../../Engine/Content/Slate/Fonts/Roboto-Regular.ttf' (155K)
[2023.07.09-12.58.20:951][  0]LogSlate: Took 0.000067 seconds to synchronously load lazily loaded font '../../../Engine/Content/Editor/Slate/Fonts/FontAwesome.ttf' (139K)
[2023.07.09-12.58.20:953][  0]LogSlate: Took 0.000071 seconds to synchronously load lazily loaded font '../../../Engine/Content/Slate/Fonts/Roboto-Bold.ttf' (160K)
[2023.07.09-12.58.20:993][  0]LogRenderer: Reallocating scene render targets to support 1208x568 Format 10 NumSamples 1 (Frame:1).
[2023.07.09-12.58.21:214][  0]LogSlate: Took 0.000382 seconds to synchronously load lazily loaded font '../../../Engine/Content/Slate/Fonts/Roboto-Light.ttf' (167K)
[2023.07.09-12.58.21:271][  0]LogNativeClassHierarchy: Verbose: Native class hierarchy updated for 'HierarchicalLODOutliner' in 0.0002 seconds. Added 0 classes and 0 folders.
[2023.07.09-12.58.21:271][  0]LogLoad: (Engine Initialization) Total time: 6.47 seconds
[2023.07.09-12.58.21:271][  0]LogLoad: (Engine Initialization) Total Blueprint compile time: 0.00 seconds
[2023.07.09-12.58.21:359][  0]LogAssetRegistry: Asset discovery search completed in 4.3128 seconds
[2023.07.09-12.58.21:362][  0]LogCollectionManager: Fixed up redirectors for 0 collections in 0.000002 seconds (updated 0 objects)
[2023.07.09-12.58.21:362][  0]LogContentStreaming: Texture pool size now 1000 MB
[2023.07.09-12.58.35:038][592]LogTemp: Repeating last play command: Selected Viewport
[2023.07.09-12.58.35:041][592]LogPlayLevel: PlayLevel: No blueprints needed recompiling
[2023.07.09-12.58.35:042][592]PIE: New page: PIE session: TestLevel (2023年7月10日 上午4:58:35)
[2023.07.09-12.58.35:043][592]LogOnline: OSS: Creating online subsystem instance for: NULL
[2023.07.09-12.58.35:045][592]LogOnline: OSS: TryLoadSubsystemAndSetDefault: Loaded subsystem for module [NULL]
[2023.07.09-12.58.35:045][592]LogPlayLevel: Creating play world package: /Game/ActionRoguelike/Maps/UEDPIE_0_TestLevel
[2023.07.09-12.58.35:047][592]LogPlayLevel: PIE: StaticDuplicateObject took: (0.001823s)
[2023.07.09-12.58.35:048][592]LogAIModule: Creating AISystem for world TestLevel
[2023.07.09-12.58.35:048][592]LogPlayLevel: PIE: World Init took: (0.000686s)
[2023.07.09-12.58.35:048][592]LogPlayLevel: PIE: Created PIE world by copying editor world from /Game/ActionRoguelike/Maps/TestLevel.TestLevel to /Game/ActionRoguelike/Maps/UEDPIE_0_TestLevel.TestLevel (0.002702s)
[2023.07.09-12.58.35:056][592]LogUObjectHash: Compacting FUObjectHashTables data took   0.37ms
[2023.07.09-12.58.35:057][592]LogAudio: Display: Creating Audio Device:                 Id: 2, Scope: Unique, Realtime: True
[2023.07.09-12.58.35:057][592]LogAudioMixer: Display: Audio Mixer Platform Settings:
[2023.07.09-12.58.35:057][592]LogAudioMixer: Display: 	Sample Rate:						  48000
[2023.07.09-12.58.35:057][592]LogAudioMixer: Display: 	Callback Buffer Frame Size Requested: 1024
[2023.07.09-12.58.35:057][592]LogAudioMixer: Display: 	Callback Buffer Frame Size To Use:	  1024
[2023.07.09-12.58.35:057][592]LogAudioMixer: Display: 	Number of buffers to queue:			  2
[2023.07.09-12.58.35:057][592]LogAudioMixer: Display: 	Max Channels (voices):				  32
[2023.07.09-12.58.35:057][592]LogAudioMixer: Display: 	Number of Async Source Workers:		  0
[2023.07.09-12.58.35:057][592]LogAudio: Display: AudioDevice MaxSources: 32
[2023.07.09-12.58.35:058][592]LogAudio: Display: Audio Spatialization Plugin: None (built-in).
[2023.07.09-12.58.35:058][592]LogAudio: Display: Audio Reverb Plugin: None (built-in).
[2023.07.09-12.58.35:058][592]LogAudio: Display: Audio Occlusion Plugin: None (built-in).
[2023.07.09-12.58.35:058][592]LogAudioMixer: Display: Initializing audio mixer.
[2023.07.09-12.58.35:059][592]LogAudioMixer: Display: 0: FrontLeft
[2023.07.09-12.58.35:059][592]LogAudioMixer: Display: 1: FrontRight
[2023.07.09-12.58.35:068][592]LogAudioMixer: Display: Using Audio Device 扬声器 (Realtek(R) Audio)
[2023.07.09-12.58.35:068][592]LogAudioMixer: Display: Initializing Sound Submixes...
[2023.07.09-12.58.35:069][592]LogAudioMixer: Display: Creating Master Submix 'MasterSubmixDefault'
[2023.07.09-12.58.35:069][592]LogAudioMixer: Display: Creating Master Submix 'MasterReverbSubmixDefault'
[2023.07.09-12.58.35:069][592]LogAudioMixer: Display: Creating Master Submix 'MasterEQSubmixDefault'
[2023.07.09-12.58.35:069][592]LogAudioMixer: FMixerPlatformXAudio2::StartAudioStream() called
[2023.07.09-12.58.35:069][592]LogAudioMixer: Display: Output buffers initialized: Frames=1024, Channels=2, Samples=2048
[2023.07.09-12.58.35:070][592]LogAudioMixer: Display: Starting AudioMixerPlatformInterface::RunInternal()
[2023.07.09-12.58.35:070][592]LogAudioMixer: Display: FMixerPlatformXAudio2::SubmitBuffer() called for the first time
[2023.07.09-12.58.35:070][592]LogInit: FAudioDevice initialized.
[2023.07.09-12.58.35:070][592]LogAudio: Display: Audio Device (ID: 2) registered with world 'TestLevel'.
[2023.07.09-12.58.35:081][592]LogLoad: Game class is 'GameModeBase'
[2023.07.09-12.58.35:083][592]LogWorld: Bringing World /Game/ActionRoguelike/Maps/UEDPIE_0_TestLevel.TestLevel up for play (max tick rate 0) at 2023.07.09-20.58.35
[2023.07.09-12.58.35:083][592]LogWorld: Bringing up level for play took: 0.001775
[2023.07.09-12.58.35:084][592]LogOnline: OSS: Creating online subsystem instance for: :Context_6
[2023.07.09-12.58.35:086][592]LogNativeClassHierarchy: Verbose: Native class hierarchy updated for 'MovieSceneCapture' in 0.0002 seconds. Added 20 classes and 0 folders.
[2023.07.09-12.58.35:086][592]PIE: Server logged in
[2023.07.09-12.58.35:087][592]PIE: Play in editor total start time 0.047 seconds.
[2023.07.09-12.58.49:290][294]LogTemp: OnActorHit in Explosive Barrel
[2023.07.09-12.58.49:290][294]LogTemp: Warning: OtherActor: MagicProjectileBP_C_21, at game time 14.260072
[2023.07.09-12.58.49:464][315]LogTemp: OnActorHit in Explosive Barrel
[2023.07.09-12.58.49:465][315]LogTemp: Warning: OtherActor: MagicProjectileBP_C_22, at game time 14.435069
[2023.07.09-12.58.51:643][572]LogSlate: Updating window title bar state: overlay mode, drag disabled, window buttons hidden, title bar hidden
[2023.07.09-12.58.51:643][572]LogWorld: BeginTearingDown for /Game/ActionRoguelike/Maps/UEDPIE_0_TestLevel
[2023.07.09-12.58.51:644][572]LogWorld: UWorld::CleanupWorld for TestLevel, bSessionEnded=true, bCleanupResources=true
[2023.07.09-12.58.51:644][572]LogSlate: InvalidateAllWidgets triggered.  All widgets were invalidated
[2023.07.09-12.58.51:655][572]LogPlayLevel: Display: Shutting down PIE online subsystems
[2023.07.09-12.58.51:656][572]LogSlate: InvalidateAllWidgets triggered.  All widgets were invalidated
[2023.07.09-12.58.51:664][572]LogAudio: Display: Audio Device unregistered from world 'None'.
[2023.07.09-12.58.51:664][572]LogAudioMixer: FMixerPlatformXAudio2::StopAudioStream() called
[2023.07.09-12.58.51:666][572]LogAudioMixer: FMixerPlatformXAudio2::StopAudioStream() called
[2023.07.09-12.58.51:668][572]LogSlate: Updating window title bar state: overlay mode, drag disabled, window buttons hidden, title bar hidden
[2023.07.09-12.58.51:669][572]LogUObjectHash: Compacting FUObjectHashTables data took   0.38ms
[2023.07.09-12.58.51:709][576]LogPlayLevel: Display: Destroying online subsystem :Context_6
